#
# A fatal error has been detected by the Java Runtime Environment:
#
#  SIGSEGV (0xb) at pc=0x00007fe39d1ffb2c, pid=7389, tid=140615221094144
#
# JRE version: Java(TM) SE Runtime Environment (8.0_05-b13) (build 1.8.0_05-b13)
# Java VM: Java HotSpot(TM) 64-Bit Server VM (25.5-b02 mixed mode linux-amd64 compressed oops)
# Problematic frame:
# V  [libjvm.so+0x304b2c]  OopFlow::build_oop_map(Node*, int, PhaseRegAlloc*, int*)+0x14c
#
# Failed to write core dump. Core dumps have been disabled. To enable core dumping, try "ulimit -c unlimited" before starting Java again
#
# If you would like to submit a bug report, please visit:
#   http://bugreport.sun.com/bugreport/crash.jsp
#

---------------  T H R E A D  ---------------

Current thread (0x0000000000d66000):  JavaThread "C2 CompilerThread1" daemon [_thread_in_native, id=7402, stack(0x00007fe3883da000,0x00007fe3884db000)]

siginfo:si_signo=SIGSEGV: si_errno=0, si_code=1 (SEGV_MAPERR), si_addr=0x0000000000000000

Registers:
RAX=0x00007fe37c7ad4b8, RBX=0x0000000000000000, RCX=0x0000000000000008, RDX=0x00007fe37c7adb90
RSP=0x00007fe3884d6560, RBP=0x00007fe3884d65e0, RSI=0x00000000000000db, RDI=0x00007fe37c7adbc0
R8 =0x000000000140f410, R9 =0x0000000000000013, R10=0x0000000000000000, R11=0x0000000000000000
R12=0x00000000000000c0, R13=0x0000000000000180, R14=0x00000000000000b8, R15=0x00000000019f0828
RIP=0x00007fe39d1ffb2c, EFLAGS=0x0000000000010246, CSGSFS=0x0000000000000033, ERR=0x0000000000000004
  TRAPNO=0x000000000000000e

Top of Stack: (sp=0x00007fe3884d6560)
0x00007fe3884d6560:   000000000140ec10 0000000000000400
0x00007fe3884d6570:   000000000140f410 00007fe3884d7e10
0x00007fe3884d6580:   000000da0140ae30 00000000019f0828
0x00007fe3884d6590:   00007fe37c7adb90 0000001c9d408a56
0x00007fe3884d65a0:   00007fe37c7adbc0 00007fe37d819cd0
0x00007fe3884d65b0:   00000008884d6600 00000000019f0828
0x00007fe3884d65c0:   00007fe37c7adb90 0000000000000012
0x00007fe3884d65d0:   0000000000000013 0000000000000013
0x00007fe3884d65e0:   00007fe3884d6650 00007fe39d20010a
0x00007fe3884d65f0:   00007fe3884d6650 00007fe30000ffff
0x00007fe3884d6600:   00007fe300000004 000000000140ae30
0x00007fe3884d6610:   000000da884d6650 00007fe3884d7e10
0x00007fe3884d6620:   00000009019f0368 0000000000000000
0x00007fe3884d6630:   00007fe3848a30f0 0000000000000000
0x00007fe3884d6640:   00007fe37c7aa650 00007fe3848a2ac0
0x00007fe3884d6650:   00007fe3884d6790 00007fe39d20129d
0x00007fe3884d6660:   00007fe3884d66a0 000000000173e6f8
0x00007fe3884d6670:   00007fe3884d6730 0000000000000018
0x00007fe3884d6680:   000000000000001c 000000070f000000
0x00007fe3884d6690:   0000000100000004 00007fe3884d6758
0x00007fe3884d66a0:   00007fe3884d6750 00007fe3884d6730
0x00007fe3884d66b0:   00007fe3884d6730 00007fe3884d6730
0x00007fe3884d66c0:   00007fe3884d8c80 0000000000000007
0x00007fe3884d66d0:   00007fe3884d7f40 00000007000000da
0x00007fe3884d66e0:   000000000140ae30 0000000000d66770
0x00007fe3884d66f0:   00000000000000da ffffffff01407c00
0x00007fe3884d6700:   00007fe3848a3970 00000000019f0368
0x00007fe3884d6710:   000000000140af60 0000000000000020
0x00007fe3884d6720:   ffffffffffffffdf 00007fe3884d7e10
0x00007fe3884d6730:   00007fe300000080 0000000000d66770
0x00007fe3884d6740:   000000000140d4d0 00007fe300000004
0x00007fe3884d6750:   0000000000000014 0000000000000000 

Instructions: (pc=0x00007fe39d1ffb2c)
0x00007fe39d1ffb0c:   44 39 e2 0f 8e bb 00 00 00 48 8b 05 fc 90 ba 00
0x00007fe39d1ffb1c:   4e 8b 34 a8 48 8b 55 b0 48 8b 42 08 4a 8b 1c a8
0x00007fe39d1ffb2c:   48 8b 03 48 89 df ff 50 28 8b 48 10 48 89 c6 48
0x00007fe39d1ffb3c:   8b 15 de a9 ba 00 48 63 c1 48 8d 44 00 01 48 c1 

Register to memory mapping:

RAX=0x00007fe37c7ad4b8 is an unknown value
RBX=0x0000000000000000 is an unknown value
RCX=0x0000000000000008 is an unknown value
RDX=0x00007fe37c7adb90 is an unknown value
RSP=0x00007fe3884d6560 is pointing into the stack for thread: 0x0000000000d66000
RBP=0x00007fe3884d65e0 is pointing into the stack for thread: 0x0000000000d66000
RSI=0x00000000000000db is an unknown value
RDI=0x00007fe37c7adbc0 is an unknown value
R8 =0x000000000140f410 is an unknown value
R9 =0x0000000000000013 is an unknown value
R10=0x0000000000000000 is an unknown value
R11=0x0000000000000000 is an unknown value
R12=0x00000000000000c0 is an unknown value
R13=0x0000000000000180 is an unknown value
R14=0x00000000000000b8 is an unknown value
R15=0x00000000019f0828 is an unknown value


Stack: [0x00007fe3883da000,0x00007fe3884db000],  sp=0x00007fe3884d6560,  free space=1009k
Native frames: (J=compiled Java code, j=interpreted, Vv=VM code, C=native code)
V  [libjvm.so+0x304b2c]  OopFlow::build_oop_map(Node*, int, PhaseRegAlloc*, int*)+0x14c
V  [libjvm.so+0x30510a]  OopFlow::compute_reach(PhaseRegAlloc*, int, Dict*)+0x22a
V  [libjvm.so+0x30629d]  Compile::BuildOopMaps()+0xffd
V  [libjvm.so+0x8b4b8d]  Compile::Output()+0x6dd
V  [libjvm.so+0x45e05a]  Compile::Code_Gen()+0x30a
V  [libjvm.so+0x4612c5]  Compile::Compile(ciEnv*, C2Compiler*, ciMethod*, int, bool, bool, bool)+0x1435
V  [libjvm.so+0x3b5008]  C2Compiler::compile_method(ciEnv*, ciMethod*, int)+0x198
V  [libjvm.so+0x46982a]  CompileBroker::invoke_compiler_on_method(CompileTask*)+0xc8a
V  [libjvm.so+0x46c230]  CompileBroker::compiler_thread_loop()+0x620
V  [libjvm.so+0x9e303f]  JavaThread::thread_main_inner()+0xdf
V  [libjvm.so+0x9e3205]  JavaThread::run()+0x1b5
V  [libjvm.so+0x8a00c8]  java_start(Thread*)+0x108


Current CompileTask:
C2:  11368 4858       4       groovy.lang.MetaClassImpl::findPropertyMethod (356 bytes)


---------------  P R O C E S S  ---------------

Java Threads: ( => current thread )
  0x0000000001fdf800 JavaThread "net.sf.ehcache.CacheManager@a40a627" daemon [_thread_blocked, id=7427, stack(0x00007fe3806b7000,0x00007fe3807b8000)]
  0x00007fe384acd800 JavaThread "PoolCleaner[1209613768:1404727794960]" daemon [_thread_blocked, id=7426, stack(0x00007fe380db8000,0x00007fe380eb9000)]
  0x0000000001b1c000 JavaThread "FileSystemWatcher: files=#122 cl=groovy.lang.GroovyClassLoader@48193dc8" daemon [_thread_blocked, id=7425, stack(0x00007fe381eb9000,0x00007fe381fba000)]
  0x0000000001ad2000 JavaThread "Thread-4" daemon [_thread_in_native, id=7424, stack(0x00007fe381fcd000,0x00007fe3820ce000)]
  0x0000000001920000 JavaThread "localhost-startStop-1" daemon [_thread_in_vm, id=7423, stack(0x00007fe3822ea000,0x00007fe3823eb000)]
  0x000000000191e800 JavaThread "Tomcat-startStop-1" daemon [_thread_blocked, id=7422, stack(0x00007fe3823eb000,0x00007fe3824ec000)]
  0x000000000164e000 JavaThread "Thread-3" [_thread_in_native, id=7421, stack(0x00007fe382d1c000,0x00007fe382e1d000)]
  0x00007fe3843df000 JavaThread "Thread-2" [_thread_blocked, id=7420, stack(0x00007fe3831fa000,0x00007fe3832fb000)]
  0x00007fe3842c2800 JavaThread "NonBlockingInputStreamThread" daemon [_thread_blocked, id=7413, stack(0x00007fe3838fb000,0x00007fe3839fc000)]
  0x00007fe38428c800 JavaThread "process reaper" daemon [_thread_blocked, id=7407, stack(0x00007fe388099000,0x00007fe3880d2000)]
  0x00007fe384008000 JavaThread "Service Thread" daemon [_thread_blocked, id=7404, stack(0x00007fe3881d8000,0x00007fe3882d9000)]
  0x0000000000d76800 JavaThread "C1 CompilerThread2" daemon [_thread_blocked, id=7403, stack(0x00007fe3882d9000,0x00007fe3883da000)]
=>0x0000000000d66000 JavaThread "C2 CompilerThread1" daemon [_thread_in_native, id=7402, stack(0x00007fe3883da000,0x00007fe3884db000)]
  0x0000000000d6d000 JavaThread "C2 CompilerThread0" daemon [_thread_in_native, id=7401, stack(0x00007fe3884db000,0x00007fe3885dc000)]
  0x0000000000c78800 JavaThread "Signal Dispatcher" daemon [_thread_blocked, id=7400, stack(0x00007fe3886e4000,0x00007fe3887e5000)]
  0x0000000000c49000 JavaThread "Finalizer" daemon [_thread_blocked, id=7399, stack(0x00007fe38895c000,0x00007fe388a5d000)]
  0x0000000000c3f000 JavaThread "Reference Handler" daemon [_thread_blocked, id=7398, stack(0x00007fe388a5d000,0x00007fe388b5e000)]
  0x0000000000b09800 JavaThread "main" [_thread_blocked, id=7391, stack(0x00007fe39e8e6000,0x00007fe39e9e7000)]

Other Threads:
  0x0000000000c3a000 VMThread [stack: 0x00007fe388b5e000,0x00007fe388c5f000] [id=7397]
  0x00007fe38400a800 WatcherThread [stack: 0x00007fe3880d7000,0x00007fe3881d8000] [id=7405]

VM state:not at safepoint (normal execution)

VM Mutex/Monitor currently owned by a thread: None

Heap:
 PSYoungGen      total 233472K, used 211894K [0x00000000f0000000, 0x0000000100000000, 0x0000000100000000)
  eden space 209920K, 91% used [0x00000000f0000000,0x00000000fbae4780,0x00000000fcd00000)
  from space 23552K, 87% used [0x00000000fe900000,0x00000000ffd091f0,0x0000000100000000)
  to   space 26112K, 0% used [0x00000000fcd00000,0x00000000fcd00000,0x00000000fe680000)
 ParOldGen       total 73728K, used 61046K [0x00000000d0000000, 0x00000000d4800000, 0x00000000f0000000)
  object space 73728K, 82% used [0x00000000d0000000,0x00000000d3b9d800,0x00000000d4800000)
 Metaspace       used 56153K, capacity 57582K, committed 57856K, reserved 1099776K
  class space    used 6390K, capacity 6835K, committed 6912K, reserved 1048576K

Card table byte_map: [0x00007fe38c498000,0x00007fe38c619000] byte_map_base: 0x00007fe38be18000

Marking Bits: (ParMarkBitMap*) 0x00007fe39ddf3cc0
 Begin Bits: [0x00007fe38a794000, 0x00007fe38b394000)
 End Bits:   [0x00007fe38b394000, 0x00007fe38bf94000)

Polling page: 0x00007fe39e9fc000

CodeCache: size=245760Kb used=16304Kb max_used=16304Kb free=229455Kb
 bounds [0x00007fe38c9d9000, 0x00007fe38d9d9000, 0x00007fe39b9d9000]
 total_blobs=5296 nmethods=4554 adapters=653
 compilation: enabled

Compilation events (10 events):
Event: 11,356 Thread 0x0000000000d76800 nmethod 4867 0x00007fe38d9c4710 code [0x00007fe38d9c4880, 0x00007fe38d9c4a88]
Event: 11,357 Thread 0x0000000000d76800 4868       2       grails.util.GrailsNameUtils::getPropertyNameRepresentation (107 bytes)
Event: 11,358 Thread 0x0000000000d76800 nmethod 4868 0x00007fe38d9c4b50 code [0x00007fe38d9c4de0, 0x00007fe38d9c55d8]
Event: 11,358 Thread 0x0000000000d76800 4869       2       org.springsource.loaded.ri.ReflectiveInterceptor::jlrMethodGetAnnotation (85 bytes)
Event: 11,359 Thread 0x0000000000d76800 nmethod 4869 0x00007fe38d9c5e10 code [0x00007fe38d9c6000, 0x00007fe38d9c65a8]
Event: 11,361 Thread 0x0000000000d76800 4870       2       groovy.lang.MetaBeanProperty::setField (6 bytes)
Event: 11,361 Thread 0x0000000000d76800 nmethod 4870 0x00007fe38d9c6b90 code [0x00007fe38d9c6ce0, 0x00007fe38d9c6e50]
Event: 11,361 Thread 0x0000000000d76800 4871       2       org.codehaus.groovy.reflection.ParameterTypes::isValidMethod (79 bytes)
Event: 11,362 Thread 0x0000000000d76800 nmethod 4871 0x00007fe38d9c6ed0 code [0x00007fe38d9c7060, 0x00007fe38d9c7308]
Event: 11,363 Thread 0x0000000000d76800 4872       2       groovy.lang.MetaClassImpl::findMatchingMethod (93 bytes)

GC Heap History (10 events):
Event: 9,321 GC heap before
{Heap before GC invocations=57 (full 5):
 PSYoungGen      total 229888K, used 196845K [0x00000000f0000000, 0x00000000fff80000, 0x0000000100000000)
  eden space 204800K, 96% used [0x00000000f0000000,0x00000000fc03b568,0x00000000fc800000)
  from space 25088K, 0% used [0x00000000fc800000,0x00000000fc800000,0x00000000fe080000)
  to   space 25088K, 0% used [0x00000000fe700000,0x00000000fe700000,0x00000000fff80000)
 ParOldGen       total 73728K, used 61022K [0x00000000d0000000, 0x00000000d4800000, 0x00000000f0000000)
  object space 73728K, 82% used [0x00000000d0000000,0x00000000d3b97800,0x00000000d4800000)
 Metaspace       used 48426K, capacity 49612K, committed 49920K, reserved 1093632K
  class space    used 5403K, capacity 5803K, committed 5888K, reserved 1048576K
Event: 9,324 GC heap after
Heap after GC invocations=57 (full 5):
 PSYoungGen      total 236032K, used 1607K [0x00000000f0000000, 0x0000000100000000, 0x0000000100000000)
  eden space 210944K, 0% used [0x00000000f0000000,0x00000000f0000000,0x00000000fce00000)
  from space 25088K, 6% used [0x00000000fe700000,0x00000000fe891c18,0x00000000fff80000)
  to   space 25600K, 0% used [0x00000000fce00000,0x00000000fce00000,0x00000000fe700000)
 ParOldGen       total 73728K, used 61022K [0x00000000d0000000, 0x00000000d4800000, 0x00000000f0000000)
  object space 73728K, 82% used [0x00000000d0000000,0x00000000d3b97800,0x00000000d4800000)
 Metaspace       used 48426K, capacity 49612K, committed 49920K, reserved 1093632K
  class space    used 5403K, capacity 5803K, committed 5888K, reserved 1048576K
}
Event: 9,502 GC heap before
{Heap before GC invocations=58 (full 5):
 PSYoungGen      total 236032K, used 210878K [0x00000000f0000000, 0x0000000100000000, 0x0000000100000000)
  eden space 210944K, 99% used [0x00000000f0000000,0x00000000fcc5dd70,0x00000000fce00000)
  from space 25088K, 6% used [0x00000000fe700000,0x00000000fe891c18,0x00000000fff80000)
  to   space 25600K, 0% used [0x00000000fce00000,0x00000000fce00000,0x00000000fe700000)
 ParOldGen       total 73728K, used 61022K [0x00000000d0000000, 0x00000000d4800000, 0x00000000f0000000)
  object space 73728K, 82% used [0x00000000d0000000,0x00000000d3b97800,0x00000000d4800000)
 Metaspace       used 49612K, capacity 50810K, committed 51072K, reserved 1093632K
  class space    used 5562K, capacity 5969K, committed 6016K, reserved 1048576K
Event: 9,505 GC heap after
Heap after GC invocations=58 (full 5):
 PSYoungGen      total 236544K, used 1975K [0x00000000f0000000, 0x00000000fff80000, 0x0000000100000000)
  eden space 210944K, 0% used [0x00000000f0000000,0x00000000f0000000,0x00000000fce00000)
  from space 25600K, 7% used [0x00000000fce00000,0x00000000fcfeddd0,0x00000000fe700000)
  to   space 25088K, 0% used [0x00000000fe700000,0x00000000fe700000,0x00000000fff80000)
 ParOldGen       total 73728K, used 61030K [0x00000000d0000000, 0x00000000d4800000, 0x00000000f0000000)
  object space 73728K, 82% used [0x00000000d0000000,0x00000000d3b99800,0x00000000d4800000)
 Metaspace       used 49612K, capacity 50810K, committed 51072K, reserved 1093632K
  class space    used 5562K, capacity 5969K, committed 6016K, reserved 1048576K
}
Event: 9,827 GC heap before
{Heap before GC invocations=59 (full 5):
 PSYoungGen      total 236544K, used 212919K [0x00000000f0000000, 0x00000000fff80000, 0x0000000100000000)
  eden space 210944K, 100% used [0x00000000f0000000,0x00000000fce00000,0x00000000fce00000)
  from space 25600K, 7% used [0x00000000fce00000,0x00000000fcfeddd0,0x00000000fe700000)
  to   space 25088K, 0% used [0x00000000fe700000,0x00000000fe700000,0x00000000fff80000)
 ParOldGen       total 73728K, used 61030K [0x00000000d0000000, 0x00000000d4800000, 0x00000000f0000000)
  object space 73728K, 82% used [0x00000000d0000000,0x00000000d3b99800,0x00000000d4800000)
 Metaspace       used 51298K, capacity 52586K, committed 52864K, reserved 1095680K
  class space    used 5804K, capacity 6204K, committed 6272K, reserved 1048576K
Event: 9,832 GC heap after
Heap after GC invocations=59 (full 5):
 PSYoungGen      total 234496K, used 4465K [0x00000000f0000000, 0x00000000ffd80000, 0x0000000100000000)
  eden space 211456K, 0% used [0x00000000f0000000,0x00000000f0000000,0x00000000fce80000)
  from space 23040K, 19% used [0x00000000fe700000,0x00000000feb5c7f8,0x00000000ffd80000)
  to   space 24064K, 0% used [0x00000000fce80000,0x00000000fce80000,0x00000000fe600000)
 ParOldGen       total 73728K, used 61030K [0x00000000d0000000, 0x00000000d4800000, 0x00000000f0000000)
  object space 73728K, 82% used [0x00000000d0000000,0x00000000d3b99800,0x00000000d4800000)
 Metaspace       used 51298K, capacity 52586K, committed 52864K, reserved 1095680K
  class space    used 5804K, capacity 6204K, committed 6272K, reserved 1048576K
}
Event: 10,279 GC heap before
{Heap before GC invocations=60 (full 5):
 PSYoungGen      total 234496K, used 215921K [0x00000000f0000000, 0x00000000ffd80000, 0x0000000100000000)
  eden space 211456K, 100% used [0x00000000f0000000,0x00000000fce80000,0x00000000fce80000)
  from space 23040K, 19% used [0x00000000fe700000,0x00000000feb5c7f8,0x00000000ffd80000)
  to   space 24064K, 0% used [0x00000000fce80000,0x00000000fce80000,0x00000000fe600000)
 ParOldGen       total 73728K, used 61030K [0x00000000d0000000, 0x00000000d4800000, 0x00000000f0000000)
  object space 73728K, 82% used [0x00000000d0000000,0x00000000d3b99800,0x00000000d4800000)
 Metaspace       used 52380K, capacity 53682K, committed 54016K, reserved 1097728K
  class space    used 5936K, capacity 6345K, committed 6400K, reserved 1048576K
Event: 10,290 GC heap after
Heap after GC invocations=60 (full 5):
 PSYoungGen      total 235520K, used 10207K [0x00000000f0000000, 0x0000000100000000, 0x0000000100000000)
  eden space 211456K, 0% used [0x00000000f0000000,0x00000000f0000000,0x00000000fce80000)
  from space 24064K, 42% used [0x00000000fce80000,0x00000000fd877f20,0x00000000fe600000)
  to   space 23552K, 0% used [0x00000000fe900000,0x00000000fe900000,0x0000000100000000)
 ParOldGen       total 73728K, used 61038K [0x00000000d0000000, 0x00000000d4800000, 0x00000000f0000000)
  object space 73728K, 82% used [0x00000000d0000000,0x00000000d3b9b800,0x00000000d4800000)
 Metaspace       used 52380K, capacity 53682K, committed 54016K, reserved 1097728K
  class space    used 5936K, capacity 6345K, committed 6400K, reserved 1048576K
}
Event: 10,898 GC heap before
{Heap before GC invocations=61 (full 5):
 PSYoungGen      total 235520K, used 221663K [0x00000000f0000000, 0x0000000100000000, 0x0000000100000000)
  eden space 211456K, 100% used [0x00000000f0000000,0x00000000fce80000,0x00000000fce80000)
  from space 24064K, 42% used [0x00000000fce80000,0x00000000fd877f20,0x00000000fe600000)
  to   space 23552K, 0% used [0x00000000fe900000,0x00000000fe900000,0x0000000100000000)
 ParOldGen       total 73728K, used 61038K [0x00000000d0000000, 0x00000000d4800000, 0x00000000f0000000)
  object space 73728K, 82% used [0x00000000d0000000,0x00000000d3b9b800,0x00000000d4800000)
 Metaspace       used 54277K, capacity 55640K, committed 55808K, reserved 1097728K
  class space    used 6104K, capacity 6547K, committed 6656K, reserved 1048576K
Event: 10,916 GC heap after
Heap after GC invocations=61 (full 5):
 PSYoungGen      total 233472K, used 20516K [0x00000000f0000000, 0x0000000100000000, 0x0000000100000000)
  eden space 209920K, 0% used [0x00000000f0000000,0x00000000f0000000,0x00000000fcd00000)
  from space 23552K, 87% used [0x00000000fe900000,0x00000000ffd091f0,0x0000000100000000)
  to   space 26112K, 0% used [0x00000000fcd00000,0x00000000fcd00000,0x00000000fe680000)
 ParOldGen       total 73728K, used 61046K [0x00000000d0000000, 0x00000000d4800000, 0x00000000f0000000)
  object space 73728K, 82% used [0x00000000d0000000,0x00000000d3b9d800,0x00000000d4800000)
 Metaspace       used 54277K, capacity 55640K, committed 55808K, reserved 1097728K
  class space    used 6104K, capacity 6547K, committed 6656K, reserved 1048576K
}

Deoptimization events (10 events):
Event: 10,180 Thread 0x0000000001920000 Uncommon trap: reason=bimorphic action=maybe_recompile pc=0x00007fe38d772a4c method=groovy.lang.MetaClassImpl$1MOPIter.methodNameAction(Ljava/lang/Class;Lorg/codehaus/groovy/runtime/metaclass/MetaMethodIndex$Entry;)V @ 62
Event: 10,180 Thread 0x0000000001920000 Uncommon trap: reason=bimorphic action=maybe_recompile pc=0x00007fe38d772a4c method=groovy.lang.MetaClassImpl$1MOPIter.methodNameAction(Ljava/lang/Class;Lorg/codehaus/groovy/runtime/metaclass/MetaMethodIndex$Entry;)V @ 62
Event: 10,410 Thread 0x0000000001920000 Uncommon trap: reason=class_check action=maybe_recompile pc=0x00007fe38d7c4edc method=java.lang.reflect.Executable.getAnnotation(Ljava/lang/Class;)Ljava/lang/annotation/Annotation; @ 19
Event: 10,494 Thread 0x0000000001920000 Uncommon trap: reason=array_check action=maybe_recompile pc=0x00007fe38d82d4f8 method=java.util.AbstractCollection.toArray([Ljava/lang/Object;)[Ljava/lang/Object; @ 119
Event: 10,494 Thread 0x0000000001920000 Uncommon trap: reason=array_check action=maybe_recompile pc=0x00007fe38d82d4f8 method=java.util.AbstractCollection.toArray([Ljava/lang/Object;)[Ljava/lang/Object; @ 119
Event: 10,495 Thread 0x0000000001920000 Uncommon trap: reason=array_check action=maybe_recompile pc=0x00007fe38d82d4f8 method=java.util.AbstractCollection.toArray([Ljava/lang/Object;)[Ljava/lang/Object; @ 119
Event: 10,495 Thread 0x0000000001920000 Uncommon trap: reason=array_check action=maybe_recompile pc=0x00007fe38d82d4f8 method=java.util.AbstractCollection.toArray([Ljava/lang/Object;)[Ljava/lang/Object; @ 119
Event: 10,892 Thread 0x0000000001920000 Uncommon trap: reason=class_check action=maybe_recompile pc=0x00007fe38d7c4edc method=java.lang.reflect.Executable.getAnnotation(Ljava/lang/Class;)Ljava/lang/annotation/Annotation; @ 19
Event: 11,132 Thread 0x0000000001920000 Uncommon trap: reason=class_check action=maybe_recompile pc=0x00007fe38d7c4edc method=java.lang.reflect.Executable.getAnnotation(Ljava/lang/Class;)Ljava/lang/annotation/Annotation; @ 19
Event: 11,356 Thread 0x0000000001920000 Uncommon trap: reason=class_check action=maybe_recompile pc=0x00007fe38d7c4edc method=java.lang.reflect.Executable.getAnnotation(Ljava/lang/Class;)Ljava/lang/annotation/Annotation; @ 19

Internal exceptions (10 events):
Event: 11,360 Thread 0x0000000001920000 Exception <a 'java/security/PrivilegedActionException'> (0x00000000fb8614b8) thrown at [/HUDSON/workspace/8-2-build-linux-amd64/jdk8u5/2488/hotspot/src/share/vm/prims/jvm.cpp, line 1248]
Event: 11,361 Thread 0x0000000001920000 Exception <a 'java/lang/ClassNotFoundException': groovy/runtime/metaclass/[Ljava/lang/Class;MetaClass> (0x00000000fb86a298) thrown at [/HUDSON/workspace/8-2-build-linux-amd64/jdk8u5/2488/hotspot/src/share/vm/prims/jni.cpp, line 742]
Event: 11,361 Thread 0x0000000001920000 Exception <a 'java/lang/ClassNotFoundException': [Ljava/lang/Class;BeanInfo> (0x00000000fb870c78) thrown at [/HUDSON/workspace/8-2-build-linux-amd64/jdk8u5/2488/hotspot/src/share/vm/prims/jni.cpp, line 742]
Event: 11,361 Thread 0x0000000001920000 Exception <a 'java/lang/ClassNotFoundException': [Ljava/lang/Class;BeanInfo> (0x00000000fb8711b0) thrown at [/HUDSON/workspace/8-2-build-linux-amd64/jdk8u5/2488/hotspot/src/share/vm/prims/jni.cpp, line 742]
Event: 11,361 Thread 0x0000000001920000 Exception <a 'java/lang/ClassNotFoundException': [Ljava/lang/Class;Customizer> (0x00000000fb8718b0) thrown at [/HUDSON/workspace/8-2-build-linux-amd64/jdk8u5/2488/hotspot/src/share/vm/prims/jni.cpp, line 742]
Event: 11,361 Thread 0x0000000001920000 Exception <a 'java/lang/ClassNotFoundException': [Ljava/lang/Class;Customizer> (0x00000000fb871de8) thrown at [/HUDSON/workspace/8-2-build-linux-amd64/jdk8u5/2488/hotspot/src/share/vm/prims/jni.cpp, line 742]
Event: 11,362 Thread 0x0000000001920000 Exception <a 'java/security/PrivilegedActionException'> (0x00000000fb875448) thrown at [/HUDSON/workspace/8-2-build-linux-amd64/jdk8u5/2488/hotspot/src/share/vm/prims/jvm.cpp, line 1248]
Event: 11,362 Thread 0x0000000001920000 Exception <a 'java/security/PrivilegedActionException'> (0x00000000fb8797a8) thrown at [/HUDSON/workspace/8-2-build-linux-amd64/jdk8u5/2488/hotspot/src/share/vm/prims/jvm.cpp, line 1248]
Event: 11,362 Thread 0x0000000001920000 Exception <a 'java/security/PrivilegedActionException'> (0x00000000fb889de0) thrown at [/HUDSON/workspace/8-2-build-linux-amd64/jdk8u5/2488/hotspot/src/share/vm/prims/jvm.cpp, line 1248]
Event: 11,362 Thread 0x0000000001920000 Exception <a 'java/security/PrivilegedActionException'> (0x00000000fb88fa18) thrown at [/HUDSON/workspace/8-2-build-linux-amd64/jdk8u5/2488/hotspot/src/share/vm/prims/jvm.cpp, line 1248]

Events (10 events):
Event: 11,356 Thread 0x0000000001920000 DEOPT PACKING pc=0x00007fe38d7c4edc sp=0x00007fe3823e7d60
Event: 11,356 Thread 0x0000000001920000 DEOPT UNPACKING pc=0x00007fe38ca20650 sp=0x00007fe3823e7c48 mode 2
Event: 11,357 loading class org/codehaus/groovy/runtime/ArrayUtil
Event: 11,357 loading class org/codehaus/groovy/runtime/ArrayUtil done
Event: 11,360 loading class groovy/runtime/metaclass/java/lang/reflect/MethodMetaClass
Event: 11,360 loading class groovy/runtime/metaclass/java/lang/reflect/MethodMetaClass done
Event: 11,362 loading class org/codehaus/groovy/grails/commons/metaclass/MetaClassEnhancer$1
Event: 11,362 loading class org/codehaus/groovy/grails/commons/metaclass/MetaClassEnhancer$1 done
Event: 11,362 loading class groovy/runtime/metaclass/org/codehaus/groovy/grails/commons/metaclass/MetaClassEnhancer$1MetaClass
Event: 11,362 loading class groovy/runtime/metaclass/org/codehaus/groovy/grails/commons/metaclass/MetaClassEnhancer$1MetaClass done


Dynamic libraries:
00400000-00401000 r-xp 00000000 08:02 2228742                            /usr/lib/jvm/java-8-oracle/bin/java
00600000-00601000 rw-p 00000000 08:02 2228742                            /usr/lib/jvm/java-8-oracle/bin/java
00afb000-023be000 rw-p 00000000 00:00 0                                  [heap]
d0000000-d4800000 rw-p 00000000 00:00 0 
d4800000-f0000000 ---p 00000000 00:00 0 
f0000000-100000000 rw-p 00000000 00:00 0 
100000000-1006c0000 rw-p 00000000 00:00 0 
1006c0000-140000000 ---p 00000000 00:00 0 
7fe37be00000-7fe37bfc0000 rw-p 00000000 00:00 0 
7fe37bfc0000-7fe37c000000 ---p 00000000 00:00 0 
7fe37c000000-7fe37dbe8000 rw-p 00000000 00:00 0 
7fe37dbe8000-7fe380000000 ---p 00000000 00:00 0 
7fe3801b0000-7fe3801b6000 r--s 002f7000 08:02 2228554                    /usr/lib/jvm/java-8-oracle/jre/lib/charsets.jar
7fe3801b6000-7fe3803b6000 rw-p 00000000 00:00 0 
7fe3803b6000-7fe3803b9000 ---p 00000000 00:00 0 
7fe3803b9000-7fe3806b7000 rw-p 00000000 00:00 0 
7fe3806b7000-7fe3806ba000 ---p 00000000 00:00 0 
7fe3806ba000-7fe3809b8000 rw-p 00000000 00:00 0 
7fe3809b8000-7fe380bb8000 rw-p 00000000 00:00 0 
7fe380bb8000-7fe380db8000 rw-p 00000000 00:00 0 
7fe380db8000-7fe380dbb000 ---p 00000000 00:00 0 
7fe380dbb000-7fe3810b9000 rw-p 00000000 00:00 0 
7fe3810b9000-7fe3812b9000 rw-p 00000000 00:00 0 
7fe3812b9000-7fe3814b9000 rw-p 00000000 00:00 0 
7fe3814b9000-7fe3816b9000 rw-p 00000000 00:00 0 
7fe3816b9000-7fe3818b9000 rw-p 00000000 00:00 0 
7fe3818b9000-7fe381ab9000 rw-p 00000000 00:00 0 
7fe381ab9000-7fe381cb9000 rw-p 00000000 00:00 0 
7fe381cb9000-7fe381eb9000 rw-p 00000000 00:00 0 
7fe381eb9000-7fe381ebc000 ---p 00000000 00:00 0 
7fe381ebc000-7fe381fba000 rw-p 00000000 00:00 0 
7fe381fba000-7fe381fcd000 r--s 00345000 08:02 2228592                    /usr/lib/jvm/java-8-oracle/jre/lib/resources.jar
7fe381fcd000-7fe381fd0000 ---p 00000000 00:00 0 
7fe381fd0000-7fe3822ce000 rw-p 00000000 00:00 0 
7fe3822ce000-7fe3822ea000 r--s 00393000 08:02 2228454                    /usr/lib/jvm/java-8-oracle/jre/lib/ext/cldrdata.jar
7fe3822ea000-7fe3822ed000 ---p 00000000 00:00 0 
7fe3822ed000-7fe3823eb000 rw-p 00000000 00:00 0 
7fe3823eb000-7fe3823ee000 ---p 00000000 00:00 0 
7fe3823ee000-7fe3824ec000 rw-p 00000000 00:00 0 
7fe3824ec000-7fe3824fc000 r-xp 00000000 08:02 2228502                    /usr/lib/jvm/java-8-oracle/jre/lib/amd64/libnio.so
7fe3824fc000-7fe3826fc000 ---p 00010000 08:02 2228502                    /usr/lib/jvm/java-8-oracle/jre/lib/amd64/libnio.so
7fe3826fc000-7fe3826fd000 rw-p 00010000 08:02 2228502                    /usr/lib/jvm/java-8-oracle/jre/lib/amd64/libnio.so
7fe3826fd000-7fe3828fd000 rw-p 00000000 00:00 0 
7fe3828fd000-7fe382913000 r-xp 00000000 08:02 2228479                    /usr/lib/jvm/java-8-oracle/jre/lib/amd64/libnet.so
7fe382913000-7fe382b12000 ---p 00016000 08:02 2228479                    /usr/lib/jvm/java-8-oracle/jre/lib/amd64/libnet.so
7fe382b12000-7fe382b13000 rw-p 00015000 08:02 2228479                    /usr/lib/jvm/java-8-oracle/jre/lib/amd64/libnet.so
7fe382b13000-7fe382b1b000 r-xp 00000000 08:02 2228513                    /usr/lib/jvm/java-8-oracle/jre/lib/amd64/libmanagement.so
7fe382b1b000-7fe382d1b000 ---p 00008000 08:02 2228513                    /usr/lib/jvm/java-8-oracle/jre/lib/amd64/libmanagement.so
7fe382d1b000-7fe382d1c000 rw-p 00008000 08:02 2228513                    /usr/lib/jvm/java-8-oracle/jre/lib/amd64/libmanagement.so
7fe382d1c000-7fe382d1f000 ---p 00000000 00:00 0 
7fe382d1f000-7fe382e1d000 rw-p 00000000 00:00 0 
7fe382e1d000-7fe382e20000 r--s 00012000 08:02 32637081                   /home/luis/.gvm/grails/2.4.2/lib/javax.servlet/javax.servlet-api/jars/javax.servlet-api-3.0.1.jar
7fe382e20000-7fe382e25000 r--s 00040000 08:02 33687671                   /home/luis/.gvm/grails/2.4.2/dist/grails-project-api-2.4.2.jar
7fe382e25000-7fe382e36000 r--s 000d2000 08:02 33162674                   /home/luis/.m2/repository/org/liquibase/liquibase-core/2.0.5/liquibase-core-2.0.5.jar
7fe382e36000-7fe382e3a000 r--s 0000c000 08:02 33162673                   /home/luis/.m2/repository/javax/validation/validation-api/1.1.0.Final/validation-api-1.1.0.Final.jar
7fe382e3a000-7fe382e40000 r--s 0004c000 08:02 32637378                   /home/luis/.gvm/grails/2.4.2/lib/org.grails/grails-datastore-simple/jars/grails-datastore-simple-3.1.1.RELEASE.jar
7fe382e40000-7fe382e48000 r--s 00052000 08:02 33162618                   /home/luis/.m2/repository/org/springframework/spring-orm/4.0.5.RELEASE/spring-orm-4.0.5.RELEASE.jar
7fe382e48000-7fe382e4a000 r--s 0000a000 08:02 33685665                   /home/luis/.m2/repository/org/grails/grails-datastore-gorm-plugin-support/3.1.1.RELEASE/grails-datastore-gorm-plugin-support-3.1.1.RELEASE.jar
7fe382e4a000-7fe382e50000 r--s 00041000 08:02 33685664                   /home/luis/.m2/repository/org/grails/grails-datastore-gorm-hibernate-core/3.1.1.RELEASE/grails-datastore-gorm-hibernate-core-3.1.1.RELEASE.jar
7fe382e50000-7fe382e55000 r--s 00048000 08:02 33162669                   /home/luis/.m2/repository/dom4j/dom4j/1.6.1/dom4j-1.6.1.jar
7fe382e55000-7fe382e56000 r--s 00002000 08:02 33162635                   /home/luis/.m2/repository/org/jboss/logging/jboss-logging-annotations/1.2.0.Beta1/jboss-logging-annotations-1.2.0.Beta1.jar
7fe382e56000-7fe382e59000 r--s 00010000 08:02 33162662                   /home/luis/.m2/repository/org/hibernate/common/hibernate-commons-annotations/4.0.4.Final/hibernate-commons-annotations-4.0.4.Final.jar
7fe382e59000-7fe382e61000 r--s 00062000 08:02 33685658                   /home/luis/.m2/repository/org/grails/grails-datastore-gorm-hibernate4/3.1.1.RELEASE/grails-datastore-gorm-hibernate4-3.1.1.RELEASE.jar
7fe382e61000-7fe382e6a000 r--s 00081000 08:02 32637375                   /home/luis/.gvm/grails/2.4.2/lib/org.grails/grails-datastore-gorm/jars/grails-datastore-gorm-3.1.1.RELEASE.jar
7fe382e6a000-7fe382e75000 r--s 00052000 08:02 32637372                   /home/luis/.gvm/grails/2.4.2/lib/org.grails/grails-datastore-core/jars/grails-datastore-core-3.1.1.RELEASE.jar
7fe382e75000-7fe382e77000 r--s 0000d000 08:02 33162650                   /home/luis/.m2/repository/org/jboss/logging/jboss-logging/3.1.0.GA/jboss-logging-3.1.0.GA.jar
7fe382e77000-7fe382e8d000 r--s 000e6000 08:02 33162648                   /home/luis/.m2/repository/net/sf/ehcache/ehcache-core/2.4.8/ehcache-core-2.4.8.jar
7fe382e8d000-7fe382e8f000 r--s 00011000 08:02 33162642                   /home/luis/.m2/repository/org/jboss/jandex/1.1.0.Final/jandex-1.1.0.Final.jar
7fe382e8f000-7fe382e94000 r--s 00068000 08:02 33162640                   /home/luis/.m2/repository/antlr/antlr/2.7.7/antlr-2.7.7.jar
7fe382e94000-7fe382e95000 r--s 00006000 08:02 33162638                   /home/luis/.m2/repository/org/jboss/spec/javax/transaction/jboss-transaction-api_1.2_spec/1.0.0.Final/jboss-transaction-api_1.2_spec-1.0.0.Final.jar
7fe382e95000-7fe382ef2000 r--s 004a0000 08:02 33162636                   /home/luis/.m2/repository/org/hibernate/hibernate-core/4.3.5.Final/hibernate-core-4.3.5.Final.jar
7fe382ef2000-7fe382ef6000 r--s 0001e000 08:02 33162633                   /home/luis/.m2/repository/org/hibernate/hibernate-ehcache/4.3.5.Final/hibernate-ehcache-4.3.5.Final.jar
7fe382ef6000-7fe382ef8000 r--s 0000d000 08:02 33162646                   /home/luis/.m2/repository/com/fasterxml/classmate/1.0.0/classmate-1.0.0.jar
7fe382ef8000-7fe382f05000 r--s 00080000 08:02 33162644                   /home/luis/.m2/repository/org/hibernate/hibernate-validator/5.0.3.Final/hibernate-validator-5.0.3.Final.jar
7fe382f05000-7fe382f0e000 r--s 000a5000 08:02 33162655                   /home/luis/.m2/repository/org/javassist/javassist/3.17.1-GA/javassist-3.17.1-GA.jar
7fe382f0e000-7fe382f11000 r--s 00083000 08:02 33687692                   /home/luis/.gvm/grails/2.4.2/dist/grails-resources-2.4.2.jar
7fe382f11000-7fe382f1e000 r--s 00189000 08:02 32506388                   /home/luis/.gvm/grails/2.4.2/lib/com.h2database/h2/jars/h2-1.3.176.jar
7fe382f1e000-7fe382f22000 r--s 00021000 08:02 33687356                   /home/luis/.gvm/grails/2.4.2/dist/grails-plugin-converters-2.4.2.jar
7fe382f22000-7fe382f25000 r--s 00018000 08:02 33687419                   /home/luis/.gvm/grails/2.4.2/dist/grails-plugin-domain-class-2.4.2.jar
7fe382f25000-7fe382f27000 r--s 0000e000 08:02 33687524                   /home/luis/.gvm/grails/2.4.2/dist/grails-plugin-mimetypes-2.4.2.jar
7fe382f27000-7fe382f28000 r--s 0000e000 08:02 32637270                   /home/luis/.gvm/grails/2.4.2/lib/org.codehaus.jsr166-mirror/jsr166y/jars/jsr166y-1.7.0.jar
7fe382f28000-7fe382f44000 r--s 00136000 08:02 32637255                   /home/luis/.gvm/grails/2.4.2/lib/org.codehaus.gpars/gpars/jars/gpars-1.2.1.jar
7fe382f44000-7fe382f46000 r--s 00011000 08:02 33687146                   /home/luis/.gvm/grails/2.4.2/dist/grails-async-2.4.2.jar
7fe382f46000-7fe382f48000 r--s 0000e000 08:02 33687293                   /home/luis/.gvm/grails/2.4.2/dist/grails-plugin-async-2.4.2.jar
7fe382f48000-7fe382f4c000 r--s 00028000 08:02 32506439                   /home/luis/.gvm/grails/2.4.2/lib/commons-validator/commons-validator/jars/commons-validator-1.4.0.jar
7fe382f4c000-7fe382f4f000 r--s 00012000 08:02 33687776                   /home/luis/.gvm/grails/2.4.2/dist/grails-validation-2.4.2.jar
7fe382f4f000-7fe382f53000 r--s 00019000 08:02 32506373                   /home/luis/.gvm/grails/2.4.2/lib/com.googlecode.concurrentlinkedhashmap/concurrentlinkedhashmap-lru/jars/concurrentlinkedhashmap-lru-1.4.jar
7fe382f53000-7fe382f55000 r--s 0000e000 08:02 33687629                   /home/luis/.gvm/grails/2.4.2/dist/grails-plugin-url-mappings-2.4.2.jar
7fe382f55000-7fe382f56000 r--s 00006000 08:02 33687587                   /home/luis/.gvm/grails/2.4.2/dist/grails-plugin-servlets-2.4.2.jar
7fe382f56000-7fe382f5d000 r--s 00036000 08:02 32637528                   /home/luis/.gvm/grails/2.4.2/lib/org.springframework/spring-tx/jars/spring-tx-4.0.5.RELEASE.jar
7fe382f5d000-7fe382f5f000 r--s 00009000 08:02 33687566                   /home/luis/.gvm/grails/2.4.2/dist/grails-plugin-services-2.4.2.jar
7fe382f5f000-7fe382f60000 r--s 00001000 08:02 32637428                   /home/luis/.gvm/grails/2.4.2/lib/org.slf4j/jul-to-slf4j/jars/jul-to-slf4j-1.7.5.jar
7fe382f60000-7fe382f61000 r--s 00000000 08:02 33687272                   /home/luis/.gvm/grails/2.4.2/dist/grails-logging-2.4.2.jar
7fe382f61000-7fe382f70000 r--s 00096000 08:02 32637534                   /home/luis/.gvm/grails/2.4.2/lib/org.springframework/spring-web/jars/spring-web-4.0.5.RELEASE.jar
7fe382f70000-7fe382f75000 r--s 0002e000 08:02 33687251                   /home/luis/.gvm/grails/2.4.2/dist/grails-encoder-2.4.2.jar
7fe382f75000-7fe382f7b000 r--s 00033000 08:02 32506409                   /home/luis/.gvm/grails/2.4.2/lib/commons-codec/commons-codec/jars/commons-codec-1.6.jar
7fe382f7b000-7fe382f7d000 r--s 00012000 08:02 33687314                   /home/luis/.gvm/grails/2.4.2/dist/grails-plugin-codecs-2.4.2.jar
7fe382f7d000-7fe382f7f000 r--s 0000c000 08:02 33687923                   /home/luis/.gvm/grails/2.4.2/dist/grails-web-gsp-taglib-2.4.2.jar
7fe382f7f000-7fe382f85000 r--s 00058000 08:02 33687461                   /home/luis/.gvm/grails/2.4.2/dist/grails-plugin-gsp-2.4.2.jar
7fe382f85000-7fe382f87000 r--s 0000b000 08:02 33687440                   /home/luis/.gvm/grails/2.4.2/dist/grails-plugin-filters-2.4.2.jar
7fe382f87000-7fe382f8c000 r--s 00041000 08:02 32506435                   /home/luis/.gvm/grails/2.4.2/lib/commons-lang/commons-lang/jars/commons-lang-2.6.jar
7fe382f8c000-7fe382f8d000 r--s 00005000 08:02 33687482                   /home/luis/.gvm/grails/2.4.2/dist/grails-plugin-i18n-2.4.2.jar
7fe382f8d000-7fe382f92000 r--s 00017000 08:02 32637401                   /home/luis/.gvm/grails/2.4.2/lib/org.hibernate.javax.persistence/hibernate-jpa-2.1-api/jars/hibernate-jpa-2.1-api-1.0.0.Final.jar
7fe382f92000-7fe382f94000 r--s 00000000 08:02 32506329                   /home/luis/.gvm/grails/2.4.2/lib/aopalliance/aopalliance/jars/aopalliance-1.0.jar
7fe382f94000-7fe382f96000 r--s 00009000 08:02 33687734                   /home/luis/.gvm/grails/2.4.2/dist/grails-spring-2.4.2.jar
7fe382f96000-7fe382f99000 r--s 00041000 08:02 32637571                   /home/luis/.gvm/grails/2.4.2/lib/xalan/serializer/jars/serializer-2.7.1.jar
7fe382f99000-7fe382fa5000 r--s 00098000 08:02 32637489                   /home/luis/.gvm/grails/2.4.2/lib/org.springframework/spring-beans/jars/spring-beans-4.0.5.RELEASE.jar
7fe382fa5000-7fe382fb9000 r--s 000db000 08:02 32637504                   /home/luis/.gvm/grails/2.4.2/lib/org.springframework/spring-core/jars/spring-core-4.0.5.RELEASE.jar
7fe382fb9000-7fe382fc6000 r--s 000a7000 08:02 33687188                   /home/luis/.gvm/grails/2.4.2/dist/grails-core-2.4.2.jar
7fe382fc6000-7fe382fc7000 r--s 00005000 08:02 33687377                   /home/luis/.gvm/grails/2.4.2/dist/grails-plugin-databinding-2.4.2.jar
7fe382fc7000-7fe382fcc000 r--s 0002e000 08:02 32637510                   /home/luis/.gvm/grails/2.4.2/lib/org.springframework/spring-expression/jars/spring-expression-4.0.5.RELEASE.jar
7fe382fcc000-7fe382fd5000 r--s 0004e000 08:02 32637480                   /home/luis/.gvm/grails/2.4.2/lib/org.springframework/spring-aop/jars/spring-aop-4.0.5.RELEASE.jar
7fe382fd5000-7fe382fec000 r--s 000d8000 08:02 32637495                   /home/luis/.gvm/grails/2.4.2/lib/org.springframework/spring-context/jars/spring-context-4.0.5.RELEASE.jar
7fe382fec000-7fe382fee000 r--s 00008000 08:02 32637213                   /home/luis/.gvm/grails/2.4.2/lib/org.apache.tomcat/tomcat-juli/jars/tomcat-juli-7.0.50.jar
7fe382fee000-7fe382ff0000 r--s 0001d000 08:02 32637207                   /home/luis/.gvm/grails/2.4.2/lib/org.apache.tomcat/tomcat-jdbc/jars/tomcat-jdbc-7.0.50.jar
7fe382ff0000-7fe382ffa000 r--s 0005e000 08:02 32637516                   /home/luis/.gvm/grails/2.4.2/lib/org.springframework/spring-jdbc/jars/spring-jdbc-4.0.5.RELEASE.jar
7fe382ffa000-7fe3831fa000 rw-p 00000000 00:00 0 
7fe3831fa000-7fe3831fd000 ---p 00000000 00:00 0 
7fe3831fd000-7fe3834fb000 rw-p 00000000 00:00 0 
7fe3834fb000-7fe3836fb000 rw-p 00000000 00:00 0 
7fe3836fb000-7fe3838fb000 rw-p 00000000 00:00 0 
7fe3838fb000-7fe3838fe000 ---p 00000000 00:00 0 
7fe3838fe000-7fe3839fc000 rw-p 00000000 00:00 0 
7fe3839fc000-7fe3839fe000 r-xp 00000000 08:02 60295251                   /usr/lib/x86_64-linux-gnu/gconv/ISO8859-1.so
7fe3839fe000-7fe383bfd000 ---p 00002000 08:02 60295251                   /usr/lib/x86_64-linux-gnu/gconv/ISO8859-1.so
7fe383bfd000-7fe383bfe000 r--p 00001000 08:02 60295251                   /usr/lib/x86_64-linux-gnu/gconv/ISO8859-1.so
7fe383bfe000-7fe383bff000 rw-p 00002000 08:02 60295251                   /usr/lib/x86_64-linux-gnu/gconv/ISO8859-1.so
7fe383bff000-7fe383dff000 rw-p 00000000 00:00 0 
7fe383dff000-7fe383e00000 r-xp 00000000 08:02 49807431                   /tmp/libjansi-64-74713737709573669.so
7fe383e00000-7fe383fff000 ---p 00001000 08:02 49807431                   /tmp/libjansi-64-74713737709573669.so
7fe383fff000-7fe384000000 rw-p 00000000 08:02 49807431                   /tmp/libjansi-64-74713737709573669.so
7fe384000000-7fe385d1c000 rw-p 00000000 00:00 0 
7fe385d1c000-7fe388000000 ---p 00000000 00:00 0 
7fe388000000-7fe388002000 r--s 0000d000 08:02 33687398                   /home/luis/.gvm/grails/2.4.2/dist/grails-plugin-datasource-2.4.2.jar
7fe388002000-7fe388004000 r--s 00008000 08:02 33687650                   /home/luis/.gvm/grails/2.4.2/dist/grails-plugin-validation-2.4.2.jar
7fe388004000-7fe388008000 r--s 00020000 08:02 33687335                   /home/luis/.gvm/grails/2.4.2/dist/grails-plugin-controllers-2.4.2.jar
7fe388008000-7fe38800c000 r--s 00019000 08:02 32637227                   /home/luis/.gvm/grails/2.4.2/lib/org.aspectj/aspectjrt/jars/aspectjrt-1.8.0.jar
7fe38800c000-7fe388024000 r--s 001aa000 08:02 32637230                   /home/luis/.gvm/grails/2.4.2/lib/org.aspectj/aspectjweaver/jars/aspectjweaver-1.8.0.jar
7fe388024000-7fe388028000 r--s 00024000 08:02 33687944                   /home/luis/.gvm/grails/2.4.2/dist/grails-web-jsp-2.4.2.jar
7fe388028000-7fe38802a000 r--s 0001d000 08:02 33687839                   /home/luis/.gvm/grails/2.4.2/dist/grails-web-databinding-2.4.2.jar
7fe38802a000-7fe388030000 r--s 00027000 08:02 32637128                   /home/luis/.gvm/grails/2.4.2/lib/opensymphony/sitemesh/jars/sitemesh-2.4.jar
7fe388030000-7fe388032000 r--s 0000b000 08:02 33687986                   /home/luis/.gvm/grails/2.4.2/dist/grails-web-sitemesh-2.4.2.jar
7fe388032000-7fe388034000 r--s 00009000 08:02 33687965                   /home/luis/.gvm/grails/2.4.2/dist/grails-web-mvc-2.4.2.jar
7fe388034000-7fe388036000 r--s 0000b000 08:02 32637483                   /home/luis/.gvm/grails/2.4.2/lib/org.springframework/spring-aspects/jars/spring-aspects-4.0.5.RELEASE.jar
7fe388036000-7fe38803d000 r--s 0004f000 08:02 33687902                   /home/luis/.gvm/grails/2.4.2/dist/grails-web-gsp-2.4.2.jar
7fe38803d000-7fe388041000 r--s 00027000 08:02 32506427                   /home/luis/.gvm/grails/2.4.2/lib/commons-io/commons-io/jars/commons-io-2.2.jar
7fe388041000-7fe388043000 r--s 0000f000 08:02 32506422                   /home/luis/.gvm/grails/2.4.2/lib/commons-fileupload/commons-fileupload/jars/commons-fileupload-1.3.1.jar
7fe388043000-7fe388044000 r--s 00000000 08:02 33687881                   /home/luis/.gvm/grails/2.4.2/dist/grails-web-fileupload-2.4.2.jar
7fe388044000-7fe388048000 r--s 00023000 08:02 33688007                   /home/luis/.gvm/grails/2.4.2/dist/grails-web-url-mappings-2.4.2.jar
7fe388048000-7fe38804a000 r--s 00013000 08:02 33687209                   /home/luis/.gvm/grails/2.4.2/dist/grails-databinding-2.4.2.jar
7fe38804a000-7fe38804e000 r--s 0001e000 08:02 32637498                   /home/luis/.gvm/grails/2.4.2/lib/org.springframework/spring-context-support/jars/spring-context-support-4.0.5.RELEASE.jar
7fe38804e000-7fe38805a000 r--s 00096000 08:02 32637537                   /home/luis/.gvm/grails/2.4.2/lib/org.springframework/spring-webmvc/jars/spring-webmvc-4.0.5.RELEASE.jar
7fe38805a000-7fe38805f000 r--s 00030000 08:02 33687818                   /home/luis/.gvm/grails/2.4.2/dist/grails-web-common-2.4.2.jar
7fe38805f000-7fe388061000 r--s 00009000 08:02 33687797                   /home/luis/.gvm/grails/2.4.2/dist/grails-web-2.4.2.jar
7fe388061000-7fe388066000 r--s 0002a000 08:02 32506351                   /home/luis/.gvm/grails/2.4.2/lib/com.google.code.gson/gson/jars/gson-2.2.4.jar
7fe388066000-7fe388069000 r--s 00038000 08:02 33687545                   /home/luis/.gvm/grails/2.4.2/dist/grails-plugin-rest-2.4.2.jar
7fe388069000-7fe388074000 r--s 0021a000 08:02 2228450                    /usr/lib/jvm/java-8-oracle/jre/lib/ext/localedata.jar
7fe388074000-7fe38807b000 r--s 00000000 08:02 60295290                   /usr/lib/x86_64-linux-gnu/gconv/gconv-modules.cache
7fe38807b000-7fe388099000 r--p 00000000 08:02 60296415                   /usr/share/locale/es/LC_MESSAGES/libc.mo
7fe388099000-7fe38809c000 ---p 00000000 00:00 0 
7fe38809c000-7fe3880d2000 rw-p 00000000 00:00 0 
7fe3880d2000-7fe3880d7000 r--s 00092000 08:02 2228557                    /usr/lib/jvm/java-8-oracle/jre/lib/jsse.jar
7fe3880d7000-7fe3880d8000 ---p 00000000 00:00 0 
7fe3880d8000-7fe3881d8000 rw-p 00000000 00:00 0 
7fe3881d8000-7fe3881db000 ---p 00000000 00:00 0 
7fe3881db000-7fe3882d9000 rw-p 00000000 00:00 0 
7fe3882d9000-7fe3882dc000 ---p 00000000 00:00 0 
7fe3882dc000-7fe3883da000 rw-p 00000000 00:00 0 
7fe3883da000-7fe3883dd000 ---p 00000000 00:00 0 
7fe3883dd000-7fe3884db000 rw-p 00000000 00:00 0 
7fe3884db000-7fe3884de000 ---p 00000000 00:00 0 
7fe3884de000-7fe3885dc000 rw-p 00000000 00:00 0 
7fe3885dc000-7fe3885e2000 r--s 0005f000 08:02 32637544                   /home/luis/.gvm/grails/2.4.2/lib/org.springframework/springloaded/jars/springloaded-1.2.0.RELEASE.jar
7fe3885e2000-7fe3885e4000 r--s 0000e000 08:02 33950518                   /home/luis/IdeaProjects/ocelot-bpm-project/Blank_app/target/work/plugins/tomcat-7.0.54/grails-plugin-tomcat-7.0.54.jar
7fe3885e4000-7fe3885f4000 r--s 0019c000 08:02 33161699                   /home/luis/.m2/repository/org/eclipse/jdt/core/compiler/ecj/3.7.2/ecj-3.7.2.jar
7fe3885f4000-7fe3885f9000 r--s 0002f000 08:02 33161697                   /home/luis/.m2/repository/org/apache/tomcat/embed/tomcat-embed-websocket/7.0.53/tomcat-embed-websocket-7.0.53.jar
7fe3885f9000-7fe3885fb000 r--s 0000c000 08:02 33161689                   /home/luis/.m2/repository/org/apache/tomcat/tomcat-catalina-ant/7.0.53/tomcat-catalina-ant-7.0.53.jar
7fe3885fb000-7fe38861c000 r--s 00267000 08:02 33161702                   /home/luis/.m2/repository/org/apache/tomcat/embed/tomcat-embed-core/7.0.53/tomcat-embed-core-7.0.53.jar
7fe38861c000-7fe388625000 r--s 0009f000 08:02 33161691                   /home/luis/.m2/repository/org/apache/tomcat/embed/tomcat-embed-jasper/7.0.53/tomcat-embed-jasper-7.0.53.jar
7fe388625000-7fe388629000 r--s 00027000 08:02 33161693                   /home/luis/.m2/repository/org/apache/tomcat/embed/tomcat-embed-el/7.0.53/tomcat-embed-el-7.0.53.jar
7fe388629000-7fe38862b000 r--s 00013000 08:02 33161696                   /home/luis/.m2/repository/org/apache/tomcat/embed/tomcat-embed-logging-log4j/7.0.53/tomcat-embed-logging-log4j-7.0.53.jar
7fe38862b000-7fe38862d000 r--s 0001a000 08:02 32637368                   /home/luis/.gvm/grails/2.4.2/lib/org.fusesource.jansi/jansi/jars/jansi-1.11.jar
7fe38862d000-7fe388642000 r--s 00116000 08:02 32637163                   /home/luis/.gvm/grails/2.4.2/lib/org.apache.ivy/ivy/jars/ivy-2.3.0.jar
7fe388642000-7fe388645000 r--s 00018000 08:02 32637137                   /home/luis/.gvm/grails/2.4.2/lib/org.apache.ant/ant-junit/jars/ant-junit-1.8.4.jar
7fe388645000-7fe388646000 r--s 00001000 08:02 32637145                   /home/luis/.gvm/grails/2.4.2/lib/org.apache.ant/ant-trax/jars/ant-trax-1.7.1.jar
7fe388646000-7fe388647000 r--s 00004000 08:02 32637141                   /home/luis/.gvm/grails/2.4.2/lib/org.apache.ant/ant-launcher/jars/ant-launcher-1.8.4.jar
7fe388647000-7fe388665000 r--s 001bd000 08:02 32637133                   /home/luis/.gvm/grails/2.4.2/lib/org.apache.ant/ant/jars/ant-1.8.4.jar
7fe388665000-7fe388669000 r--s 00031000 08:02 32637102                   /home/luis/.gvm/grails/2.4.2/lib/jline/jline/jars/jline-2.12.jar
7fe388669000-7fe38866b000 r--s 00005000 08:02 32637435                   /home/luis/.gvm/grails/2.4.2/lib/org.slf4j/slf4j-api/jars/slf4j-api-1.7.5.jar
7fe38866b000-7fe388679000 r--s 000db000 08:02 33687167                   /home/luis/.gvm/grails/2.4.2/dist/grails-bootstrap-2.4.2.jar
7fe388679000-7fe3886e4000 r--s 00683000 08:02 32637262                   /home/luis/.gvm/grails/2.4.2/lib/org.codehaus.groovy/groovy-all/jars/groovy-all-2.3.3.jar
7fe3886e4000-7fe3886e7000 ---p 00000000 00:00 0 
7fe3886e7000-7fe3887e5000 rw-p 00000000 00:00 0 
7fe3887e5000-7fe38895c000 r--p 00000000 08:02 60296451                   /usr/lib/locale/locale-archive
7fe38895c000-7fe38895f000 ---p 00000000 00:00 0 
7fe38895f000-7fe388a5d000 rw-p 00000000 00:00 0 
7fe388a5d000-7fe388a60000 ---p 00000000 00:00 0 
7fe388a60000-7fe388b5e000 rw-p 00000000 00:00 0 
7fe388b5e000-7fe388b5f000 ---p 00000000 00:00 0 
7fe388b5f000-7fe389b6e000 rw-p 00000000 00:00 0 
7fe389b6e000-7fe389d43000 r--s 03c4d000 08:02 2228591                    /usr/lib/jvm/java-8-oracle/jre/lib/rt.jar
7fe389d43000-7fe38bf94000 rw-p 00000000 00:00 0 
7fe38bf94000-7fe38bf95000 ---p 00000000 00:00 0 
7fe38bf95000-7fe38c095000 rw-p 00000000 00:00 0 
7fe38c095000-7fe38c096000 ---p 00000000 00:00 0 
7fe38c096000-7fe38c196000 rw-p 00000000 00:00 0 
7fe38c196000-7fe38c197000 ---p 00000000 00:00 0 
7fe38c197000-7fe38c297000 rw-p 00000000 00:00 0 
7fe38c297000-7fe38c298000 ---p 00000000 00:00 0 
7fe38c298000-7fe38c3bc000 rw-p 00000000 00:00 0 
7fe38c3bc000-7fe38c498000 ---p 00000000 00:00 0 
7fe38c498000-7fe38c4bc000 rw-p 00000000 00:00 0 
7fe38c4bc000-7fe38c598000 ---p 00000000 00:00 0 
7fe38c598000-7fe38c618000 rw-p 00000000 00:00 0 
7fe38c618000-7fe38c659000 rw-p 00000000 00:00 0 
7fe38c659000-7fe38c9d9000 ---p 00000000 00:00 0 
7fe38c9d9000-7fe38d9d9000 rwxp 00000000 00:00 0 
7fe38d9d9000-7fe39b9d9000 ---p 00000000 00:00 0 
7fe39b9d9000-7fe39b9f5000 r-xp 00000000 08:02 2228473                    /usr/lib/jvm/java-8-oracle/jre/lib/amd64/libzip.so
7fe39b9f5000-7fe39bbf4000 ---p 0001c000 08:02 2228473                    /usr/lib/jvm/java-8-oracle/jre/lib/amd64/libzip.so
7fe39bbf4000-7fe39bbf5000 rw-p 0001b000 08:02 2228473                    /usr/lib/jvm/java-8-oracle/jre/lib/amd64/libzip.so
7fe39bbf5000-7fe39bc00000 r-xp 00000000 08:02 4984053                    /lib/x86_64-linux-gnu/libnss_files-2.13.so
7fe39bc00000-7fe39bdff000 ---p 0000b000 08:02 4984053                    /lib/x86_64-linux-gnu/libnss_files-2.13.so
7fe39bdff000-7fe39be00000 r--p 0000a000 08:02 4984053                    /lib/x86_64-linux-gnu/libnss_files-2.13.so
7fe39be00000-7fe39be01000 rw-p 0000b000 08:02 4984053                    /lib/x86_64-linux-gnu/libnss_files-2.13.so
7fe39be01000-7fe39be0b000 r-xp 00000000 08:02 4984049                    /lib/x86_64-linux-gnu/libnss_nis-2.13.so
7fe39be0b000-7fe39c00a000 ---p 0000a000 08:02 4984049                    /lib/x86_64-linux-gnu/libnss_nis-2.13.so
7fe39c00a000-7fe39c00b000 r--p 00009000 08:02 4984049                    /lib/x86_64-linux-gnu/libnss_nis-2.13.so
7fe39c00b000-7fe39c00c000 rw-p 0000a000 08:02 4984049                    /lib/x86_64-linux-gnu/libnss_nis-2.13.so
7fe39c00c000-7fe39c021000 r-xp 00000000 08:02 4984047                    /lib/x86_64-linux-gnu/libnsl-2.13.so
7fe39c021000-7fe39c220000 ---p 00015000 08:02 4984047                    /lib/x86_64-linux-gnu/libnsl-2.13.so
7fe39c220000-7fe39c221000 r--p 00014000 08:02 4984047                    /lib/x86_64-linux-gnu/libnsl-2.13.so
7fe39c221000-7fe39c222000 rw-p 00015000 08:02 4984047                    /lib/x86_64-linux-gnu/libnsl-2.13.so
7fe39c222000-7fe39c224000 rw-p 00000000 00:00 0 
7fe39c224000-7fe39c22b000 r-xp 00000000 08:02 4984042                    /lib/x86_64-linux-gnu/libnss_compat-2.13.so
7fe39c22b000-7fe39c42a000 ---p 00007000 08:02 4984042                    /lib/x86_64-linux-gnu/libnss_compat-2.13.so
7fe39c42a000-7fe39c42b000 r--p 00006000 08:02 4984042                    /lib/x86_64-linux-gnu/libnss_compat-2.13.so
7fe39c42b000-7fe39c42c000 rw-p 00007000 08:02 4984042                    /lib/x86_64-linux-gnu/libnss_compat-2.13.so
7fe39c42c000-7fe39c436000 r-xp 00000000 08:02 2228499                    /usr/lib/jvm/java-8-oracle/jre/lib/amd64/libinstrument.so
7fe39c436000-7fe39c635000 ---p 0000a000 08:02 2228499                    /usr/lib/jvm/java-8-oracle/jre/lib/amd64/libinstrument.so
7fe39c635000-7fe39c636000 rw-p 00009000 08:02 2228499                    /usr/lib/jvm/java-8-oracle/jre/lib/amd64/libinstrument.so
7fe39c636000-7fe39c660000 r-xp 00000000 08:02 2228492                    /usr/lib/jvm/java-8-oracle/jre/lib/amd64/libjava.so
7fe39c660000-7fe39c860000 ---p 0002a000 08:02 2228492                    /usr/lib/jvm/java-8-oracle/jre/lib/amd64/libjava.so
7fe39c860000-7fe39c862000 rw-p 0002a000 08:02 2228492                    /usr/lib/jvm/java-8-oracle/jre/lib/amd64/libjava.so
7fe39c862000-7fe39c86f000 r-xp 00000000 08:02 2228478                    /usr/lib/jvm/java-8-oracle/jre/lib/amd64/libverify.so
7fe39c86f000-7fe39ca6f000 ---p 0000d000 08:02 2228478                    /usr/lib/jvm/java-8-oracle/jre/lib/amd64/libverify.so
7fe39ca6f000-7fe39ca71000 rw-p 0000d000 08:02 2228478                    /usr/lib/jvm/java-8-oracle/jre/lib/amd64/libverify.so
7fe39ca71000-7fe39ca78000 r-xp 00000000 08:02 4984057                    /lib/x86_64-linux-gnu/librt-2.13.so
7fe39ca78000-7fe39cc77000 ---p 00007000 08:02 4984057                    /lib/x86_64-linux-gnu/librt-2.13.so
7fe39cc77000-7fe39cc78000 r--p 00006000 08:02 4984057                    /lib/x86_64-linux-gnu/librt-2.13.so
7fe39cc78000-7fe39cc79000 rw-p 00007000 08:02 4984057                    /lib/x86_64-linux-gnu/librt-2.13.so
7fe39cc79000-7fe39ccfa000 r-xp 00000000 08:02 4984044                    /lib/x86_64-linux-gnu/libm-2.13.so
7fe39ccfa000-7fe39cef9000 ---p 00081000 08:02 4984044                    /lib/x86_64-linux-gnu/libm-2.13.so
7fe39cef9000-7fe39cefa000 r--p 00080000 08:02 4984044                    /lib/x86_64-linux-gnu/libm-2.13.so
7fe39cefa000-7fe39cefb000 rw-p 00081000 08:02 4984044                    /lib/x86_64-linux-gnu/libm-2.13.so
7fe39cefb000-7fe39db15000 r-xp 00000000 08:02 2228460                    /usr/lib/jvm/java-8-oracle/jre/lib/amd64/server/libjvm.so
7fe39db15000-7fe39dd14000 ---p 00c1a000 08:02 2228460                    /usr/lib/jvm/java-8-oracle/jre/lib/amd64/server/libjvm.so
7fe39dd14000-7fe39dddd000 rw-p 00c19000 08:02 2228460                    /usr/lib/jvm/java-8-oracle/jre/lib/amd64/server/libjvm.so
7fe39dddd000-7fe39de1e000 rw-p 00000000 00:00 0 
7fe39de1e000-7fe39dfa0000 r-xp 00000000 08:02 4984037                    /lib/x86_64-linux-gnu/libc-2.13.so
7fe39dfa0000-7fe39e19f000 ---p 00182000 08:02 4984037                    /lib/x86_64-linux-gnu/libc-2.13.so
7fe39e19f000-7fe39e1a3000 r--p 00181000 08:02 4984037                    /lib/x86_64-linux-gnu/libc-2.13.so
7fe39e1a3000-7fe39e1a4000 rw-p 00185000 08:02 4984037                    /lib/x86_64-linux-gnu/libc-2.13.so
7fe39e1a4000-7fe39e1a9000 rw-p 00000000 00:00 0 
7fe39e1a9000-7fe39e1ab000 r-xp 00000000 08:02 4984051                    /lib/x86_64-linux-gnu/libdl-2.13.so
7fe39e1ab000-7fe39e3ab000 ---p 00002000 08:02 4984051                    /lib/x86_64-linux-gnu/libdl-2.13.so
7fe39e3ab000-7fe39e3ac000 r--p 00002000 08:02 4984051                    /lib/x86_64-linux-gnu/libdl-2.13.so
7fe39e3ac000-7fe39e3ad000 rw-p 00003000 08:02 4984051                    /lib/x86_64-linux-gnu/libdl-2.13.so
7fe39e3ad000-7fe39e3c4000 r-xp 00000000 08:02 2228773                    /usr/lib/jvm/java-8-oracle/lib/amd64/jli/libjli.so
7fe39e3c4000-7fe39e5c3000 ---p 00017000 08:02 2228773                    /usr/lib/jvm/java-8-oracle/lib/amd64/jli/libjli.so
7fe39e5c3000-7fe39e5c4000 rw-p 00016000 08:02 2228773                    /usr/lib/jvm/java-8-oracle/lib/amd64/jli/libjli.so
7fe39e5c4000-7fe39e5db000 r-xp 00000000 08:02 4984055                    /lib/x86_64-linux-gnu/libpthread-2.13.so
7fe39e5db000-7fe39e7da000 ---p 00017000 08:02 4984055                    /lib/x86_64-linux-gnu/libpthread-2.13.so
7fe39e7da000-7fe39e7db000 r--p 00016000 08:02 4984055                    /lib/x86_64-linux-gnu/libpthread-2.13.so
7fe39e7db000-7fe39e7dc000 rw-p 00017000 08:02 4984055                    /lib/x86_64-linux-gnu/libpthread-2.13.so
7fe39e7dc000-7fe39e7e0000 rw-p 00000000 00:00 0 
7fe39e7e0000-7fe39e800000 r-xp 00000000 08:02 4984059                    /lib/x86_64-linux-gnu/ld-2.13.so
7fe39e800000-7fe39e802000 r--s 00001000 08:02 2228452                    /usr/lib/jvm/java-8-oracle/jre/lib/ext/dnsns.jar
7fe39e802000-7fe39e80b000 r--s 0006f000 08:02 32637118                   /home/luis/.gvm/grails/2.4.2/lib/log4j/log4j/jars/log4j-1.2.17.jar
7fe39e80b000-7fe39e80e000 r--s 0000d000 08:02 33687503                   /home/luis/.gvm/grails/2.4.2/dist/grails-plugin-log4j-2.4.2.jar
7fe39e80e000-7fe39e810000 r--s 00013000 08:02 32637220                   /home/luis/.gvm/grails/2.4.2/lib/org.apache.tomcat.embed/tomcat-embed-logging-log4j/jars/tomcat-embed-logging-log4j-7.0.50.jar
7fe39e810000-7fe39e888000 r--s 010c6000 08:02 2229889                    /usr/lib/jvm/java-8-oracle/lib/tools.jar
7fe39e888000-7fe39e8e6000 rw-p 00000000 00:00 0 
7fe39e8e6000-7fe39e8e9000 ---p 00000000 00:00 0 
7fe39e8e9000-7fe39e9ec000 rw-p 00000000 00:00 0 
7fe39e9ec000-7fe39e9f1000 r--s 00050000 08:02 32637248                   /home/luis/.gvm/grails/2.4.2/lib/org.codehaus.gant/gant_groovy1.8/jars/gant_groovy1.8-1.9.6.jar
7fe39e9f1000-7fe39e9f3000 r--s 00003000 08:02 32637421                   /home/luis/.gvm/grails/2.4.2/lib/org.slf4j/jcl-over-slf4j/jars/jcl-over-slf4j-1.7.5.jar
7fe39e9f3000-7fe39e9fb000 rw-s 00000000 08:02 49807430                   /tmp/hsperfdata_luis/7389
7fe39e9fb000-7fe39e9fc000 rw-p 00000000 00:00 0 
7fe39e9fc000-7fe39e9fd000 r--p 00000000 00:00 0 
7fe39e9fd000-7fe39e9ff000 rw-p 00000000 00:00 0 
7fe39e9ff000-7fe39ea00000 r--p 0001f000 08:02 4984059                    /lib/x86_64-linux-gnu/ld-2.13.so
7fe39ea00000-7fe39ea01000 rw-p 00020000 08:02 4984059                    /lib/x86_64-linux-gnu/ld-2.13.so
7fe39ea01000-7fe39ea02000 rw-p 00000000 00:00 0 
7fff39cea000-7fff39d0c000 rw-p 00000000 00:00 0                          [stack]
7fff39d60000-7fff39d61000 r-xp 00000000 00:00 0                          [vdso]
ffffffffff600000-ffffffffff601000 r-xp 00000000 00:00 0                  [vsyscall]

VM Arguments:
jvm_args: -Dfile.encoding=UTF-8 -Xmx768M -Xms64M -Dgrails.fork.parent.process.port=35275 -Dgrails.fork.active=true -Dgrails.build.execution.context=/tmp/Blank_app3989555837398133777grails-execution-context -Dgrails.home=/home/luis/.gvm/grails/2.4.2 -javaagent:/home/luis/.gvm/grails/2.4.2/lib/org.springframework/springloaded/jars/springloaded-1.2.0.RELEASE.jar -Xverify:none -Dspringloaded.synchronize=true -Djdk.reflect.allowGetCallerClass=true -Dspringloaded=profile=grails;cacheDir=/home/luis/.grails/2.4.2 
java_command: org.grails.plugins.tomcat.fork.ForkedTomcatServer
java_class_path (initial): /usr/lib/jvm/java-8-oracle/lib/tools.jar:/home/luis/.gvm/grails/2.4.2/lib/org.codehaus.groovy/groovy-all/jars/groovy-all-2.3.3.jar:/home/luis/.gvm/grails/2.4.2/lib/org.slf4j/jcl-over-slf4j/jars/jcl-over-slf4j-1.7.5.jar:/home/luis/.gvm/grails/2.4.2/lib/org.codehaus.gant/gant_groovy1.8/jars/gant_groovy1.8-1.9.6.jar:/home/luis/.gvm/grails/2.4.2/lib/org.apache.tomcat.embed/tomcat-embed-logging-log4j/jars/tomcat-embed-logging-log4j-7.0.50.jar:/home/luis/.gvm/grails/2.4.2/dist/grails-plugin-log4j-2.4.2.jar:/home/luis/.gvm/grails/2.4.2/lib/log4j/log4j/jars/log4j-1.2.17.jar:/home/luis/.gvm/grails/2.4.2/dist/grails-bootstrap-2.4.2.jar:/home/luis/.gvm/grails/2.4.2/lib/org.slf4j/slf4j-api/jars/slf4j-api-1.7.5.jar:/home/luis/.gvm/grails/2.4.2/lib/jline/jline/jars/jline-2.12.jar:/home/luis/.gvm/grails/2.4.2/lib/org.apache.ant/ant/jars/ant-1.8.4.jar:/home/luis/.gvm/grails/2.4.2/lib/org.apache.ant/ant-launcher/jars/ant-launcher-1.8.4.jar:/home/luis/.gvm/grails/2.4.2/lib/org.apache.ant/ant-trax/jars/ant-trax-1.7.1.jar:/home/luis/.gvm/grails/2.4.2/lib/org.apache.ant/ant-junit/jars/ant-junit-1.8.4.jar:/home/luis/.gvm/grails/2.4.2/lib/org.apache.ivy/ivy/jars/ivy-2.3.0.jar:/home/luis/.gvm/grails/2.4.2/lib/org.fusesource.jansi/jansi/jars/jansi-1.11.jar:/home/luis/.m2/repository/org/apache/tomcat/embed/tomcat-embed-logging-log4j/7.0.53/tomcat-embed-logging-log4j-7.0.53.jar:/home/luis/.m2/repository/org/apache/tomcat/embed/tomcat-embed-el/7.0.53/tomcat-embed-el-7.0.53.jar:/home/luis/.m2/repository/org/apache/tomcat/embed/tomcat-embed-jasper/7.0.53/tomcat-embed-jasper-7.0.53.jar:/home/luis/.m2/repository/org/apache/tomcat/embed/tomcat-embed-core/7.0.53/tomcat-embed-core-7.0.53.jar:/home/luis/.m2/repository/org/apache/tomcat/tomcat-catalina-ant/7.0.53/tomcat-catalina-ant-7.0.53.jar:/home/luis/.m2/repository/org/apache/tomcat/embed/tomcat-embed-websocket/7.0.53/tomcat-embed-websocket-7.0.53.jar:/home/luis/.m2/repository/org/eclipse/jdt/core/compiler/ecj/3.7.2/ecj
Launcher Type: SUN_STANDARD

Environment Variables:
JAVA_HOME=/usr/lib/jvm/java-8-oracle
CLASSPATH=/home/luis/Programas/idea-IU-135.909/bin/../lib/bootstrap.jar:/home/luis/Programas/idea-IU-135.909/bin/../lib/extensions.jar:/home/luis/Programas/idea-IU-135.909/bin/../lib/util.jar:/home/luis/Programas/idea-IU-135.909/bin/../lib/jdom.jar:/home/luis/Programas/idea-IU-135.909/bin/../lib/log4j.jar:/home/luis/Programas/idea-IU-135.909/bin/../lib/trove4j.jar:/home/luis/Programas/idea-IU-135.909/bin/../lib/jna.jar:/usr/lib/jvm/java-8-oracle/lib/tools.jar
PATH=/usr/local/bin:/usr/bin:/bin:/usr/local/games:/usr/games
USERNAME=luis
LD_LIBRARY_PATH=/home/luis/Programas/idea-IU-135.909/bin:
SHELL=/bin/bash
DISPLAY=:0.0

Signal Handlers:
SIGSEGV: [libjvm.so+0xa2fc90], sa_mask[0]=0x7ffbfeff, sa_flags=0x10000004
SIGBUS: [libjvm.so+0xa2fc90], sa_mask[0]=0x7ffbfeff, sa_flags=0x10000004
SIGFPE: [libjvm.so+0x89b4b0], sa_mask[0]=0x7ffbfeff, sa_flags=0x10000004
SIGPIPE: [libjvm.so+0x89b4b0], sa_mask[0]=0x7ffbfeff, sa_flags=0x10000004
SIGXFSZ: [libjvm.so+0x89b4b0], sa_mask[0]=0x7ffbfeff, sa_flags=0x10000004
SIGILL: [libjvm.so+0x89b4b0], sa_mask[0]=0x7ffbfeff, sa_flags=0x10000004
SIGUSR1: SIG_DFL, sa_mask[0]=0x00000000, sa_flags=0x00000000
SIGUSR2: [libjvm.so+0x89cc50], sa_mask[0]=0x00000004, sa_flags=0x10000004
SIGHUP: [libjvm.so+0x89df00], sa_mask[0]=0x7ffbfeff, sa_flags=0x10000004
SIGINT: [libjvm.so+0x89df00], sa_mask[0]=0x7ffbfeff, sa_flags=0x10000004
SIGTERM: [libjvm.so+0x89df00], sa_mask[0]=0x7ffbfeff, sa_flags=0x10000004
SIGQUIT: [libjvm.so+0x89df00], sa_mask[0]=0x7ffbfeff, sa_flags=0x10000004


---------------  S Y S T E M  ---------------

OS:PRETTY_NAME="Debian GNU/Linux 7 (wheezy)"
NAME="Debian GNU/Linux"
VERSION_ID="7"
VERSION="7 (wheezy)"
ID=debian
ANSI_COLOR="1;31"
HOME_URL="http://www.debian.org/"
SUPPORT_URL="http://www.debian.org/support/"
BUG_REPORT_URL="http://bugs.debian.org/"

uname:Linux 3.2.0-4-amd64 #1 SMP Debian 3.2.57-3+deb7u2 x86_64
libc:glibc 2.13 NPTL 2.13 
rlimit: STACK 8192k, CORE 0k, NPROC 62956, NOFILE 4096, AS infinity
load average:1,55 0,97 0,74

/proc/meminfo:
MemTotal:        8070604 kB
MemFree:         4362180 kB
Buffers:           94564 kB
Cached:          1109080 kB
SwapCached:            0 kB
Active:          2762780 kB
Inactive:         759284 kB
Active(anon):    2318884 kB
Inactive(anon):    82640 kB
Active(file):     443896 kB
Inactive(file):   676644 kB
Unevictable:           0 kB
Mlocked:               0 kB
SwapTotal:       8260604 kB
SwapFree:        8260604 kB
Dirty:             11440 kB
Writeback:             0 kB
AnonPages:       2318712 kB
Mapped:           161044 kB
Shmem:             83108 kB
Slab:             118796 kB
SReclaimable:      93160 kB
SUnreclaim:        25636 kB
KernelStack:        3536 kB
PageTables:        23460 kB
NFS_Unstable:          0 kB
Bounce:                0 kB
WritebackTmp:          0 kB
CommitLimit:    12295904 kB
Committed_AS:    4223876 kB
VmallocTotal:   34359738367 kB
VmallocUsed:      450992 kB
VmallocChunk:   34359279012 kB
HardwareCorrupted:     0 kB
AnonHugePages:         0 kB
HugePages_Total:       0
HugePages_Free:        0
HugePages_Rsvd:        0
HugePages_Surp:        0
Hugepagesize:       2048 kB
DirectMap4k:       79872 kB
DirectMap2M:     8259584 kB


CPU:total 4 (4 cores per cpu, 1 threads per core) family 6 model 58 stepping 9, cmov, cx8, fxsr, mmx, sse, sse2, sse3, ssse3, sse4.1, sse4.2, popcnt, avx, aes, clmul, erms, tsc, tscinvbit

/proc/cpuinfo:
processor	: 0
vendor_id	: GenuineIntel
cpu family	: 6
model		: 58
model name	: Intel(R) Core(TM) i5-3470 CPU @ 3.20GHz
stepping	: 9
microcode	: 0x12
cpu MHz		: 3201.000
cache size	: 6144 KB
physical id	: 0
siblings	: 4
core id		: 0
cpu cores	: 4
apicid		: 0
initial apicid	: 0
fpu		: yes
fpu_exception	: yes
cpuid level	: 13
wp		: yes
flags		: fpu vme de pse tsc msr pae mce cx8 apic sep mtrr pge mca cmov pat pse36 clflush dts acpi mmx fxsr sse sse2 ss ht tm pbe syscall nx rdtscp lm constant_tsc arch_perfmon pebs bts rep_good nopl xtopology nonstop_tsc aperfmperf pni pclmulqdq dtes64 monitor ds_cpl vmx smx est tm2 ssse3 cx16 xtpr pdcm pcid sse4_1 sse4_2 x2apic popcnt tsc_deadline_timer aes xsave avx f16c rdrand lahf_lm ida arat epb xsaveopt pln pts dtherm tpr_shadow vnmi flexpriority ept vpid fsgsbase smep erms
bogomips	: 6386.01
clflush size	: 64
cache_alignment	: 64
address sizes	: 36 bits physical, 48 bits virtual
power management:

processor	: 1
vendor_id	: GenuineIntel
cpu family	: 6
model		: 58
model name	: Intel(R) Core(TM) i5-3470 CPU @ 3.20GHz
stepping	: 9
microcode	: 0x12
cpu MHz		: 3201.000
cache size	: 6144 KB
physical id	: 0
siblings	: 4
core id		: 1
cpu cores	: 4
apicid		: 2
initial apicid	: 2
fpu		: yes
fpu_exception	: yes
cpuid level	: 13
wp		: yes
flags		: fpu vme de pse tsc msr pae mce cx8 apic sep mtrr pge mca cmov pat pse36 clflush dts acpi mmx fxsr sse sse2 ss ht tm pbe syscall nx rdtscp lm constant_tsc arch_perfmon pebs bts rep_good nopl xtopology nonstop_tsc aperfmperf pni pclmulqdq dtes64 monitor ds_cpl vmx smx est tm2 ssse3 cx16 xtpr pdcm pcid sse4_1 sse4_2 x2apic popcnt tsc_deadline_timer aes xsave avx f16c rdrand lahf_lm ida arat epb xsaveopt pln pts dtherm tpr_shadow vnmi flexpriority ept vpid fsgsbase smep erms
bogomips	: 6385.19
clflush size	: 64
cache_alignment	: 64
address sizes	: 36 bits physical, 48 bits virtual
power management:

processor	: 2
vendor_id	: GenuineIntel
cpu family	: 6
model		: 58
model name	: Intel(R) Core(TM) i5-3470 CPU @ 3.20GHz
stepping	: 9
microcode	: 0x12
cpu MHz		: 1600.000
cache size	: 6144 KB
physical id	: 0
siblings	: 4
core id		: 2
cpu cores	: 4
apicid		: 4
initial apicid	: 4
fpu		: yes
fpu_exception	: yes
cpuid level	: 13
wp		: yes
flags		: fpu vme de pse tsc msr pae mce cx8 apic sep mtrr pge mca cmov pat pse36 clflush dts acpi mmx fxsr sse sse2 ss ht tm pbe syscall nx rdtscp lm constant_tsc arch_perfmon pebs bts rep_good nopl xtopology nonstop_tsc aperfmperf pni pclmulqdq dtes64 monitor ds_cpl vmx smx est tm2 ssse3 cx16 xtpr pdcm pcid sse4_1 sse4_2 x2apic popcnt tsc_deadline_timer aes xsave avx f16c rdrand lahf_lm ida arat epb xsaveopt pln pts dtherm tpr_shadow vnmi flexpriority ept vpid fsgsbase smep erms
bogomips	: 6385.19
clflush size	: 64
cache_alignment	: 64
address sizes	: 36 bits physical, 48 bits virtual
power management:

processor	: 3
vendor_id	: GenuineIntel
cpu family	: 6
model		: 58
model name	: Intel(R) Core(TM) i5-3470 CPU @ 3.20GHz
stepping	: 9
microcode	: 0x12
cpu MHz		: 3201.000
cache size	: 6144 KB
physical id	: 0
siblings	: 4
core id		: 3
cpu cores	: 4
apicid		: 6
initial apicid	: 6
fpu		: yes
fpu_exception	: yes
cpuid level	: 13
wp		: yes
flags		: fpu vme de pse tsc msr pae mce cx8 apic sep mtrr pge mca cmov pat pse36 clflush dts acpi mmx fxsr sse sse2 ss ht tm pbe syscall nx rdtscp lm constant_tsc arch_perfmon pebs bts rep_good nopl xtopology nonstop_tsc aperfmperf pni pclmulqdq dtes64 monitor ds_cpl vmx smx est tm2 ssse3 cx16 xtpr pdcm pcid sse4_1 sse4_2 x2apic popcnt tsc_deadline_timer aes xsave avx f16c rdrand lahf_lm ida arat epb xsaveopt pln pts dtherm tpr_shadow vnmi flexpriority ept vpid fsgsbase smep erms
bogomips	: 6385.19
clflush size	: 64
cache_alignment	: 64
address sizes	: 36 bits physical, 48 bits virtual
power management:



Memory: 4k page, physical 8070604k(4362180k free), swap 8260604k(8260604k free)

vm_info: Java HotSpot(TM) 64-Bit Server VM (25.5-b02) for linux-amd64 JRE (1.8.0_05-b13), built on Mar 18 2014 00:29:27 by "java_re" with gcc 4.3.0 20080428 (Red Hat 4.3.0-8)

time: Mon Jul  7 12:09:58 2014
elapsed time: 11 seconds

