#
# A fatal error has been detected by the Java Runtime Environment:
#
#  SIGSEGV (0xb) at pc=0x00007f94f70b0b2c, pid=9329, tid=140277354817280
#
# JRE version: Java(TM) SE Runtime Environment (8.0_05-b13) (build 1.8.0_05-b13)
# Java VM: Java HotSpot(TM) 64-Bit Server VM (25.5-b02 mixed mode linux-amd64 compressed oops)
# Problematic frame:
# V  [libjvm.so+0x304b2c]  OopFlow::build_oop_map(Node*, int, PhaseRegAlloc*, int*)+0x14c
#
# Failed to write core dump. Core dumps have been disabled. To enable core dumping, try "ulimit -c unlimited" before starting Java again
#
# If you would like to submit a bug report, please visit:
#   http://bugreport.sun.com/bugreport/crash.jsp
#

---------------  T H R E A D  ---------------

Current thread (0x00007f94f0259800):  JavaThread "C2 CompilerThread0" daemon [_thread_in_native, id=9341, stack(0x00007f94ddd76000,0x00007f94dde77000)]

siginfo:si_signo=SIGSEGV: si_errno=0, si_code=1 (SEGV_MAPERR), si_addr=0x0000000000000000

Registers:
RAX=0x00007f94b0f81a48, RBX=0x0000000000000000, RCX=0x0000000000000008, RDX=0x00007f94b0f82120
RSP=0x00007f94dde726e0, RBP=0x00007f94dde72760, RSI=0x00000000000000db, RDI=0x00007f94b0f82150
R8 =0x00007f94b0e854a0, R9 =0x0000000000000013, R10=0x00007f94dde740c0, R11=0x00007f94f7e53610
R12=0x00000000000000c0, R13=0x0000000000000180, R14=0x00000000000000b8, R15=0x00007f94b406ab78
RIP=0x00007f94f70b0b2c, EFLAGS=0x0000000000010246, CSGSFS=0x0000000000000033, ERR=0x0000000000000004
  TRAPNO=0x000000000000000e

Top of Stack: (sp=0x00007f94dde726e0)
0x00007f94dde726e0:   00007f94b0e84c20 0000000000000400
0x00007f94dde726f0:   00007f94b0e854a0 00007f94dde73f90
0x00007f94dde72700:   000000dab0e80eb0 00007f94b406ab78
0x00007f94dde72710:   00007f94b0f82120 0000001cf72b9a56
0x00007f94dde72720:   00007f94b0f82150 00007f94b4abdf80
0x00007f94dde72730:   00000008dde72780 00007f94b406ab78
0x00007f94dde72740:   00007f94b0f82120 0000000000000012
0x00007f94dde72750:   0000000000000013 0000000000000013
0x00007f94dde72760:   00007f94dde727d0 00007f94f70b110a
0x00007f94dde72770:   00007f94dde727d0 00007f940000ffff
0x00007f94dde72780:   00007f9400000004 00007f94b0e80eb0
0x00007f94dde72790:   000000dadde727d0 00007f94dde73f90
0x00007f94dde727a0:   00000009b406a6b8 0000000000000000
0x00007f94dde727b0:   00007f94b4010990 0000000000000000
0x00007f94dde727c0:   00007f94b0f7ebf0 00007f94b4010360
0x00007f94dde727d0:   00007f94dde72910 00007f94f70b229d
0x00007f94dde727e0:   00007f94dde72820 00007f9488c0a110
0x00007f94dde727f0:   00007f94dde728b0 0000000000000018
0x00007f94dde72800:   000000000000001c 000000070f000000
0x00007f94dde72810:   0000000100000004 00007f94dde728d8
0x00007f94dde72820:   00007f94dde728d0 00007f94dde728b0
0x00007f94dde72830:   00007f94dde728b0 00007f94dde728b0
0x00007f94dde72840:   00007f94dde74e00 0000000000000007
0x00007f94dde72850:   00007f94dde740c0 00000007000000da
0x00007f94dde72860:   00007f94b0e80eb0 00007f94f001e870
0x00007f94dde72870:   00000000000000da ffffffffb0e7dbd0
0x00007f94dde72880:   00007f94b4011210 00007f94b406a6b8
0x00007f94dde72890:   00007f94b0e80fe0 0000000000000020
0x00007f94dde728a0:   ffffffffffffffdf 00007f94dde73f90
0x00007f94dde728b0:   00007f9400000080 00007f94f001e870
0x00007f94dde728c0:   00007f94b0e83460 00007f9400000004
0x00007f94dde728d0:   0000000000000014 0000000000000000 

Instructions: (pc=0x00007f94f70b0b2c)
0x00007f94f70b0b0c:   44 39 e2 0f 8e bb 00 00 00 48 8b 05 fc 90 ba 00
0x00007f94f70b0b1c:   4e 8b 34 a8 48 8b 55 b0 48 8b 42 08 4a 8b 1c a8
0x00007f94f70b0b2c:   48 8b 03 48 89 df ff 50 28 8b 48 10 48 89 c6 48
0x00007f94f70b0b3c:   8b 15 de a9 ba 00 48 63 c1 48 8d 44 00 01 48 c1 

Register to memory mapping:

RAX=0x00007f94b0f81a48 is an unknown value
RBX=0x0000000000000000 is an unknown value
RCX=0x0000000000000008 is an unknown value
RDX=0x00007f94b0f82120 is an unknown value
RSP=0x00007f94dde726e0 is pointing into the stack for thread: 0x00007f94f0259800
RBP=0x00007f94dde72760 is pointing into the stack for thread: 0x00007f94f0259800
RSI=0x00000000000000db is an unknown value
RDI=0x00007f94b0f82150 is an unknown value
R8 =0x00007f94b0e854a0 is an unknown value
R9 =0x0000000000000013 is an unknown value
R10=0x00007f94dde740c0 is pointing into the stack for thread: 0x00007f94f0259800
R11=0x00007f94f7e53610: <offset 0x184610> in /lib/x86_64-linux-gnu/libc.so.6 at 0x00007f94f7ccf000
R12=0x00000000000000c0 is an unknown value
R13=0x0000000000000180 is an unknown value
R14=0x00000000000000b8 is an unknown value
R15=0x00007f94b406ab78 is an unknown value


Stack: [0x00007f94ddd76000,0x00007f94dde77000],  sp=0x00007f94dde726e0,  free space=1009k
Native frames: (J=compiled Java code, j=interpreted, Vv=VM code, C=native code)
V  [libjvm.so+0x304b2c]  OopFlow::build_oop_map(Node*, int, PhaseRegAlloc*, int*)+0x14c
V  [libjvm.so+0x30510a]  OopFlow::compute_reach(PhaseRegAlloc*, int, Dict*)+0x22a
V  [libjvm.so+0x30629d]  Compile::BuildOopMaps()+0xffd
V  [libjvm.so+0x8b4b8d]  Compile::Output()+0x6dd
V  [libjvm.so+0x45e05a]  Compile::Code_Gen()+0x30a
V  [libjvm.so+0x4612c5]  Compile::Compile(ciEnv*, C2Compiler*, ciMethod*, int, bool, bool, bool)+0x1435
V  [libjvm.so+0x3b5008]  C2Compiler::compile_method(ciEnv*, ciMethod*, int)+0x198
V  [libjvm.so+0x46982a]  CompileBroker::invoke_compiler_on_method(CompileTask*)+0xc8a
V  [libjvm.so+0x46c230]  CompileBroker::compiler_thread_loop()+0x620
V  [libjvm.so+0x9e303f]  JavaThread::thread_main_inner()+0xdf
V  [libjvm.so+0x9e3205]  JavaThread::run()+0x1b5
V  [libjvm.so+0x8a00c8]  java_start(Thread*)+0x108


Current CompileTask:
C2:  33199 5005       4       groovy.lang.MetaClassImpl::findPropertyMethod (356 bytes)


---------------  P R O C E S S  ---------------

Java Threads: ( => current thread )
  0x00007f9488905000 JavaThread "net.sf.ehcache.CacheManager@76112989" daemon [_thread_blocked, id=9380, stack(0x00007f94d60ea000,0x00007f94d61eb000)]
  0x00007f948873d000 JavaThread "PoolCleaner[732440918:1404902185220]" daemon [_thread_blocked, id=9378, stack(0x00007f94d67eb000,0x00007f94d68ec000)]
  0x00007f94880cd000 JavaThread "FileSystemWatcher: files=#129 cl=groovy.lang.GroovyClassLoader@2ba82956" daemon [_thread_blocked, id=9375, stack(0x00007f94d78ec000,0x00007f94d79ed000)]
  0x00007f9488085800 JavaThread "Thread-4" daemon [_thread_in_native, id=9374, stack(0x00007f94d79ed000,0x00007f94d7aee000)]
  0x00007f9494001800 JavaThread "localhost-startStop-1" daemon [_thread_in_Java, id=9373, stack(0x00007f94d7cee000,0x00007f94d7def000)]
  0x00007f94f0ae0800 JavaThread "Tomcat-startStop-1" daemon [_thread_blocked, id=9372, stack(0x00007f94dc0cf000,0x00007f94dc1d0000)]
  0x00007f94f0aa4800 JavaThread "Thread-3" [_thread_in_native, id=9371, stack(0x00007f94dc7ef000,0x00007f94dc8f0000)]
  0x00007f94f07a3800 JavaThread "Thread-2" [_thread_blocked, id=9369, stack(0x00007f94dcd1a000,0x00007f94dce1b000)]
  0x00007f94f045f000 JavaThread "NonBlockingInputStreamThread" daemon [_thread_blocked, id=9358, stack(0x00007f94dd437000,0x00007f94dd538000)]
  0x00007f94f044d800 JavaThread "process reaper" daemon [_thread_blocked, id=9347, stack(0x00007f94dd939000,0x00007f94dd972000)]
  0x00007f94f02ac000 JavaThread "Service Thread" daemon [_thread_blocked, id=9344, stack(0x00007f94dda73000,0x00007f94ddb74000)]
  0x00007f94f026b000 JavaThread "C1 CompilerThread2" daemon [_thread_blocked, id=9343, stack(0x00007f94ddb74000,0x00007f94ddc75000)]
  0x00007f94f025a800 JavaThread "C2 CompilerThread1" daemon [_thread_in_native, id=9342, stack(0x00007f94ddc75000,0x00007f94ddd76000)]
=>0x00007f94f0259800 JavaThread "C2 CompilerThread0" daemon [_thread_in_native, id=9341, stack(0x00007f94ddd76000,0x00007f94dde77000)]
  0x00007f94f0175000 JavaThread "Signal Dispatcher" daemon [_thread_blocked, id=9340, stack(0x00007f94de00c000,0x00007f94de10d000)]
  0x00007f94f0146000 JavaThread "Finalizer" daemon [_thread_blocked, id=9339, stack(0x00007f94de7f0000,0x00007f94de8f1000)]
  0x00007f94f0141800 JavaThread "Reference Handler" daemon [_thread_blocked, id=9338, stack(0x00007f94de8f1000,0x00007f94de9f2000)]
  0x00007f94f000c800 JavaThread "main" [_thread_blocked, id=9330, stack(0x00007f94f87c5000,0x00007f94f88c6000)]

Other Threads:
  0x00007f94f013c800 VMThread [stack: 0x00007f94de9f2000,0x00007f94deaf3000] [id=9337]
  0x00007f94f02be800 WatcherThread [stack: 0x00007f94dd972000,0x00007f94dda73000] [id=9345]

VM state:not at safepoint (normal execution)

VM Mutex/Monitor currently owned by a thread: None

Heap:
 PSYoungGen      total 235520K, used 199188K [0x00000000f0000000, 0x0000000100000000, 0x0000000100000000)
  eden space 219136K, 87% used [0x00000000f0000000,0x00000000fba90c10,0x00000000fd600000)
  from space 16384K, 49% used [0x00000000ff000000,0x00000000ff7f4400,0x0000000100000000)
  to   space 21504K, 0% used [0x00000000fd600000,0x00000000fd600000,0x00000000feb00000)
 ParOldGen       total 91648K, used 75086K [0x00000000d0000000, 0x00000000d5980000, 0x00000000f0000000)
  object space 91648K, 81% used [0x00000000d0000000,0x00000000d4953a08,0x00000000d5980000)
 Metaspace       used 56604K, capacity 57932K, committed 58112K, reserved 1099776K
  class space    used 6414K, capacity 6860K, committed 6912K, reserved 1048576K

Card table byte_map: [0x00007f94f52ca000,0x00007f94f544b000] byte_map_base: 0x00007f94f4c4a000

Marking Bits: (ParMarkBitMap*) 0x00007f94f7ca4cc0
 Begin Bits: [0x00007f94df800000, 0x00007f94e0400000)
 End Bits:   [0x00007f94e0400000, 0x00007f94e1000000)

Polling page: 0x00007f94f88e6000

CodeCache: size=245760Kb used=17642Kb max_used=17642Kb free=228117Kb
 bounds [0x00007f94e1000000, 0x00007f94e2150000, 0x00007f94f0000000]
 total_blobs=5655 nmethods=4910 adapters=653
 compilation: enabled

Compilation events (10 events):
Event: 33.146 Thread 0x00007f94f026b000 5028       1       org.springsource.loaded.TypeRegistry::shouldDefineClasses (5 bytes)
Event: 33.146 Thread 0x00007f94f026b000 nmethod 5028 0x00007f94e2125ad0 code [0x00007f94e2125c20, 0x00007f94e2125d30]
Event: 33.157 Thread 0x00007f94f025a800 nmethod 5016 0x00007f94e2139ad0 code [0x00007f94e2139ce0, 0x00007f94e213a948]
Event: 33.157 Thread 0x00007f94f025a800 5020       4       org.codehaus.groovy.runtime.metaclass.MetaMethodIndex::isMatchingMethod (68 bytes)
Event: 33.162 Thread 0x00007f94f025a800 nmethod 5020 0x00007f94e21256d0 code [0x00007f94e2125820, 0x00007f94e2125978]
Event: 33.162 Thread 0x00007f94f025a800 5000       4       groovy.lang.MetaClassImpl::checkIfStdMethod (179 bytes)
Event: 33.164 Thread 0x00007f94f026b000 5029       2       java.util.concurrent.ConcurrentHashMap::entrySet (27 bytes)
Event: 33.165 Thread 0x00007f94f026b000 nmethod 5029 0x00007f94e2139710 code [0x00007f94e2139860, 0x00007f94e2139a30]
Event: 33.165 Thread 0x00007f94f026b000 5030       2       java.util.concurrent.ConcurrentHashMap$EntrySetView::iterator (34 bytes)
Event: 33.166 Thread 0x00007f94f026b000 nmethod 5030 0x00007f94e2139190 code [0x00007f94e2139300, 0x00007f94e2139578]

GC Heap History (10 events):
Event: 24.811 GC heap before
{Heap before GC invocations=60 (full 5):
 PSYoungGen      total 223744K, used 211309K [0x00000000f0000000, 0x00000000fec80000, 0x0000000100000000)
  eden space 209408K, 100% used [0x00000000f0000000,0x00000000fcc80000,0x00000000fcc80000)
  from space 14336K, 13% used [0x00000000fde80000,0x00000000fe05b570,0x00000000fec80000)
  to   space 16384K, 0% used [0x00000000fcc80000,0x00000000fcc80000,0x00000000fdc80000)
 ParOldGen       total 75264K, used 61315K [0x00000000d0000000, 0x00000000d4980000, 0x00000000f0000000)
  object space 75264K, 81% used [0x00000000d0000000,0x00000000d3be0d28,0x00000000d4980000)
 Metaspace       used 50047K, capacity 51306K, committed 51584K, reserved 1095680K
  class space    used 5600K, capacity 6009K, committed 6016K, reserved 1048576K
Event: 24.830 GC heap after
Heap after GC invocations=60 (full 5):
 PSYoungGen      total 225792K, used 3277K [0x00000000f0000000, 0x00000000ffa80000, 0x0000000100000000)
  eden space 209408K, 0% used [0x00000000f0000000,0x00000000f0000000,0x00000000fcc80000)
  from space 16384K, 20% used [0x00000000fcc80000,0x00000000fcfb37a8,0x00000000fdc80000)
  to   space 15872K, 0% used [0x00000000feb00000,0x00000000feb00000,0x00000000ffa80000)
 ParOldGen       total 75264K, used 61323K [0x00000000d0000000, 0x00000000d4980000, 0x00000000f0000000)
  object space 75264K, 81% used [0x00000000d0000000,0x00000000d3be2d28,0x00000000d4980000)
 Metaspace       used 50047K, capacity 51306K, committed 51584K, reserved 1095680K
  class space    used 5600K, capacity 6009K, committed 6016K, reserved 1048576K
}
Event: 26.219 GC heap before
{Heap before GC invocations=61 (full 5):
 PSYoungGen      total 225792K, used 212685K [0x00000000f0000000, 0x00000000ffa80000, 0x0000000100000000)
  eden space 209408K, 100% used [0x00000000f0000000,0x00000000fcc80000,0x00000000fcc80000)
  from space 16384K, 20% used [0x00000000fcc80000,0x00000000fcfb37a8,0x00000000fdc80000)
  to   space 15872K, 0% used [0x00000000feb00000,0x00000000feb00000,0x00000000ffa80000)
 ParOldGen       total 75264K, used 61323K [0x00000000d0000000, 0x00000000d4980000, 0x00000000f0000000)
  object space 75264K, 81% used [0x00000000d0000000,0x00000000d3be2d28,0x00000000d4980000)
 Metaspace       used 51844K, capacity 53046K, committed 53376K, reserved 1095680K
  class space    used 5853K, capacity 6267K, committed 6272K, reserved 1048576K
Event: 26.236 GC heap after
Heap after GC invocations=61 (full 5):
 PSYoungGen      total 235520K, used 6422K [0x00000000f0000000, 0x00000000ff700000, 0x0000000100000000)
  eden space 223232K, 0% used [0x00000000f0000000,0x00000000f0000000,0x00000000fda00000)
  from space 12288K, 52% used [0x00000000feb00000,0x00000000ff1459e8,0x00000000ff700000)
  to   space 14848K, 0% used [0x00000000fda00000,0x00000000fda00000,0x00000000fe880000)
 ParOldGen       total 75264K, used 61331K [0x00000000d0000000, 0x00000000d4980000, 0x00000000f0000000)
  object space 75264K, 81% used [0x00000000d0000000,0x00000000d3be4d28,0x00000000d4980000)
 Metaspace       used 51844K, capacity 53046K, committed 53376K, reserved 1095680K
  class space    used 5853K, capacity 6267K, committed 6272K, reserved 1048576K
}
Event: 27.911 GC heap before
{Heap before GC invocations=62 (full 5):
 PSYoungGen      total 235520K, used 229654K [0x00000000f0000000, 0x00000000ff700000, 0x0000000100000000)
  eden space 223232K, 100% used [0x00000000f0000000,0x00000000fda00000,0x00000000fda00000)
  from space 12288K, 52% used [0x00000000feb00000,0x00000000ff1459e8,0x00000000ff700000)
  to   space 14848K, 0% used [0x00000000fda00000,0x00000000fda00000,0x00000000fe880000)
 ParOldGen       total 75264K, used 61331K [0x00000000d0000000, 0x00000000d4980000, 0x00000000f0000000)
  object space 75264K, 81% used [0x00000000d0000000,0x00000000d3be4d28,0x00000000d4980000)
 Metaspace       used 52965K, capacity 54288K, committed 54656K, reserved 1097728K
  class space    used 5989K, capacity 6412K, committed 6528K, reserved 1048576K
Event: 27.956 GC heap after
Heap after GC invocations=62 (full 5):
 PSYoungGen      total 238080K, used 12545K [0x00000000f0000000, 0x0000000100000000, 0x0000000100000000)
  eden space 223232K, 0% used [0x00000000f0000000,0x00000000f0000000,0x00000000fda00000)
  from space 14848K, 84% used [0x00000000fda00000,0x00000000fe640628,0x00000000fe880000)
  to   space 16384K, 0% used [0x00000000ff000000,0x00000000ff000000,0x0000000100000000)
 ParOldGen       total 75264K, used 61339K [0x00000000d0000000, 0x00000000d4980000, 0x00000000f0000000)
  object space 75264K, 81% used [0x00000000d0000000,0x00000000d3be6d28,0x00000000d4980000)
 Metaspace       used 52965K, capacity 54288K, committed 54656K, reserved 1097728K
  class space    used 5989K, capacity 6412K, committed 6528K, reserved 1048576K
}
Event: 30.507 GC heap before
{Heap before GC invocations=63 (full 5):
 PSYoungGen      total 238080K, used 229669K [0x00000000f0000000, 0x0000000100000000, 0x0000000100000000)
  eden space 223232K, 97% used [0x00000000f0000000,0x00000000fd408f38,0x00000000fda00000)
  from space 14848K, 84% used [0x00000000fda00000,0x00000000fe640628,0x00000000fe880000)
  to   space 16384K, 0% used [0x00000000ff000000,0x00000000ff000000,0x0000000100000000)
 ParOldGen       total 75264K, used 61339K [0x00000000d0000000, 0x00000000d4980000, 0x00000000f0000000)
  object space 75264K, 81% used [0x00000000d0000000,0x00000000d3be6d28,0x00000000d4980000)
 Metaspace       used 54826K, capacity 56138K, committed 56320K, reserved 1099776K
  class space    used 6155K, capacity 6579K, committed 6656K, reserved 1048576K
Event: 30.556 GC heap after
Heap after GC invocations=63 (full 5):
 PSYoungGen      total 235520K, used 16364K [0x00000000f0000000, 0x0000000100000000, 0x0000000100000000)
  eden space 219136K, 0% used [0x00000000f0000000,0x00000000f0000000,0x00000000fd600000)
  from space 16384K, 99% used [0x00000000ff000000,0x00000000ffffb2e0,0x0000000100000000)
  to   space 21504K, 0% used [0x00000000fd600000,0x00000000fd600000,0x00000000feb00000)
 ParOldGen       total 75264K, used 68009K [0x00000000d0000000, 0x00000000d4980000, 0x00000000f0000000)
  object space 75264K, 90% used [0x00000000d0000000,0x00000000d426a718,0x00000000d4980000)
 Metaspace       used 54826K, capacity 56138K, committed 56320K, reserved 1099776K
  class space    used 6155K, capacity 6579K, committed 6656K, reserved 1048576K
}
Event: 30.556 GC heap before
{Heap before GC invocations=64 (full 6):
 PSYoungGen      total 235520K, used 16364K [0x00000000f0000000, 0x0000000100000000, 0x0000000100000000)
  eden space 219136K, 0% used [0x00000000f0000000,0x00000000f0000000,0x00000000fd600000)
  from space 16384K, 99% used [0x00000000ff000000,0x00000000ffffb2e0,0x0000000100000000)
  to   space 21504K, 0% used [0x00000000fd600000,0x00000000fd600000,0x00000000feb00000)
 ParOldGen       total 75264K, used 68009K [0x00000000d0000000, 0x00000000d4980000, 0x00000000f0000000)
  object space 75264K, 90% used [0x00000000d0000000,0x00000000d426a718,0x00000000d4980000)
 Metaspace       used 54826K, capacity 56138K, committed 56320K, reserved 1099776K
  class space    used 6155K, capacity 6579K, committed 6656K, reserved 1048576K
Event: 32.034 GC heap after
Heap after GC invocations=64 (full 6):
 PSYoungGen      total 235520K, used 8145K [0x00000000f0000000, 0x0000000100000000, 0x0000000100000000)
  eden space 219136K, 0% used [0x00000000f0000000,0x00000000f0000000,0x00000000fd600000)
  from space 16384K, 49% used [0x00000000ff000000,0x00000000ff7f4400,0x0000000100000000)
  to   space 21504K, 0% used [0x00000000fd600000,0x00000000fd600000,0x00000000feb00000)
 ParOldGen       total 91648K, used 75086K [0x00000000d0000000, 0x00000000d5980000, 0x00000000f0000000)
  object space 91648K, 81% used [0x00000000d0000000,0x00000000d4953a08,0x00000000d5980000)
 Metaspace       used 54826K, capacity 56138K, committed 56320K, reserved 1099776K
  class space    used 6155K, capacity 6579K, committed 6656K, reserved 1048576K
}

Deoptimization events (10 events):
Event: 27.147 Thread 0x00007f9494001800 Uncommon trap: reason=bimorphic action=maybe_recompile pc=0x00007f94e1ed8108 method=groovy.lang.MetaClassImpl$1MOPIter.methodNameAction(Ljava/lang/Class;Lorg/codehaus/groovy/runtime/metaclass/MetaMethodIndex$Entry;)V @ 62
Event: 27.147 Thread 0x00007f9494001800 Uncommon trap: reason=bimorphic action=maybe_recompile pc=0x00007f94e1ed8108 method=groovy.lang.MetaClassImpl$1MOPIter.methodNameAction(Ljava/lang/Class;Lorg/codehaus/groovy/runtime/metaclass/MetaMethodIndex$Entry;)V @ 62
Event: 27.910 Thread 0x00007f9494001800 Uncommon trap: reason=class_check action=maybe_recompile pc=0x00007f94e1f44e54 method=java.lang.reflect.Executable.getAnnotation(Ljava/lang/Class;)Ljava/lang/annotation/Annotation; @ 19
Event: 28.315 Thread 0x00007f9494001800 Uncommon trap: reason=array_check action=maybe_recompile pc=0x00007f94e1f668f8 method=java.util.AbstractCollection.toArray([Ljava/lang/Object;)[Ljava/lang/Object; @ 119
Event: 28.315 Thread 0x00007f9494001800 Uncommon trap: reason=array_check action=maybe_recompile pc=0x00007f94e1f668f8 method=java.util.AbstractCollection.toArray([Ljava/lang/Object;)[Ljava/lang/Object; @ 119
Event: 28.317 Thread 0x00007f9494001800 Uncommon trap: reason=array_check action=maybe_recompile pc=0x00007f94e1f668f8 method=java.util.AbstractCollection.toArray([Ljava/lang/Object;)[Ljava/lang/Object; @ 119
Event: 28.319 Thread 0x00007f9494001800 Uncommon trap: reason=array_check action=maybe_recompile pc=0x00007f94e1f668f8 method=java.util.AbstractCollection.toArray([Ljava/lang/Object;)[Ljava/lang/Object; @ 119
Event: 30.146 Thread 0x00007f9494001800 Uncommon trap: reason=class_check action=maybe_recompile pc=0x00007f94e1f44e54 method=java.lang.reflect.Executable.getAnnotation(Ljava/lang/Class;)Ljava/lang/annotation/Annotation; @ 19
Event: 32.321 Thread 0x00007f9494001800 Uncommon trap: reason=class_check action=maybe_recompile pc=0x00007f94e1f44e54 method=java.lang.reflect.Executable.getAnnotation(Ljava/lang/Class;)Ljava/lang/annotation/Annotation; @ 19
Event: 32.754 Thread 0x00007f9494001800 Uncommon trap: reason=class_check action=maybe_recompile pc=0x00007f94e20cfdf4 method=java.util.concurrent.ConcurrentHashMap$TreeNode.findTreeNode(ILjava/lang/Object;Ljava/lang/Class;)Ljava/util/concurrent/ConcurrentHashMap$TreeNode; @ 73

Internal exceptions (10 events):
Event: 33.156 Thread 0x00007f9494001800 Exception <a 'java/security/PrivilegedActionException'> (0x00000000fa3dcf60) thrown at [/HUDSON/workspace/8-2-build-linux-amd64/jdk8u5/2488/hotspot/src/share/vm/prims/jvm.cpp, line 1248]
Event: 33.156 Thread 0x00007f9494001800 Exception <a 'java/security/PrivilegedActionException'> (0x00000000fa3e3650) thrown at [/HUDSON/workspace/8-2-build-linux-amd64/jdk8u5/2488/hotspot/src/share/vm/prims/jvm.cpp, line 1248]
Event: 33.157 Thread 0x00007f9494001800 Exception <a 'java/security/PrivilegedActionException'> (0x00000000fa3fbf20) thrown at [/HUDSON/workspace/8-2-build-linux-amd64/jdk8u5/2488/hotspot/src/share/vm/prims/jvm.cpp, line 1248]
Event: 33.157 Thread 0x00007f9494001800 Exception <a 'java/security/PrivilegedActionException'> (0x00000000fa41aed0) thrown at [/HUDSON/workspace/8-2-build-linux-amd64/jdk8u5/2488/hotspot/src/share/vm/prims/jvm.cpp, line 1248]
Event: 33.158 Thread 0x00007f9494001800 Exception <a 'java/security/PrivilegedActionException'> (0x00000000fa4215c0) thrown at [/HUDSON/workspace/8-2-build-linux-amd64/jdk8u5/2488/hotspot/src/share/vm/prims/jvm.cpp, line 1248]
Event: 33.158 Thread 0x00007f9494001800 Exception <a 'java/security/PrivilegedActionException'> (0x00000000fa439e90) thrown at [/HUDSON/workspace/8-2-build-linux-amd64/jdk8u5/2488/hotspot/src/share/vm/prims/jvm.cpp, line 1248]
Event: 33.159 Thread 0x00007f9494001800 Exception <a 'java/security/PrivilegedActionException'> (0x00000000fa470530) thrown at [/HUDSON/workspace/8-2-build-linux-amd64/jdk8u5/2488/hotspot/src/share/vm/prims/jvm.cpp, line 1248]
Event: 33.159 Thread 0x00007f9494001800 Exception <a 'java/lang/ClassNotFoundException': org/grails/plugin/resource/mapper/ResourceMappersFactory$_createResourceMappers_closure2_closure7Customizer> (0x00000000fa4714b8) thrown at [/HUDSON/workspace/8-2-build-linux-amd64/jdk8u5/2488/hotspot/src/s
Event: 33.170 Thread 0x00007f9494001800 Exception <a 'java/security/PrivilegedActionException'> (0x00000000fa4c0060) thrown at [/HUDSON/workspace/8-2-build-linux-amd64/jdk8u5/2488/hotspot/src/share/vm/prims/jvm.cpp, line 1248]
Event: 33.170 Thread 0x00007f9494001800 Exception <a 'java/security/PrivilegedActionException'> (0x00000000fa4c3d08) thrown at [/HUDSON/workspace/8-2-build-linux-amd64/jdk8u5/2488/hotspot/src/share/vm/prims/jvm.cpp, line 1248]

Events (10 events):
Event: 33.155 loading class org/grails/plugin/resource/mapper/ResourceMappersFactory$_createResourceMappers_closure2_closure7BeanInfo
Event: 33.155 loading class org/grails/plugin/resource/mapper/ResourceMappersFactory$_createResourceMappers_closure2_closure7BeanInfo done
Event: 33.156 loading class org/grails/plugin/resource/mapper/ResourceMappersFactory$_createResourceMappers_closure2_closure7Customizer
Event: 33.156 loading class org/grails/plugin/resource/mapper/ResourceMappersFactory$_createResourceMappers_closure2_closure7Customizer done
Event: 33.157 loading class org/grails/plugin/resource/mapper/ResourceMappersFactory$_createResourceMappers_closure2_closure7Customizer
Event: 33.157 loading class org/grails/plugin/resource/mapper/ResourceMappersFactory$_createResourceMappers_closure2_closure7Customizer done
Event: 33.159 loading class org/grails/plugin/resource/mapper/ResourceMappersFactory$_createResourceMappers_closure2_closure7Customizer
Event: 33.159 loading class org/grails/plugin/resource/mapper/ResourceMappersFactory$_createResourceMappers_closure2_closure7Customizer done
Event: 33.170 loading class org/grails/plugin/resource/mapper/MapperPhase
Event: 33.170 loading class org/grails/plugin/resource/mapper/MapperPhase done


Dynamic libraries:
00400000-00401000 r-xp 00000000 08:06 3233770                            /usr/lib/jvm/java-8-oracle/bin/java
00600000-00601000 rw-p 00000000 08:06 3233770                            /usr/lib/jvm/java-8-oracle/bin/java
01e36000-01e57000 rw-p 00000000 00:00 0                                  [heap]
d0000000-d5980000 rw-p 00000000 00:00 0 
d5980000-f0000000 ---p 00000000 00:00 0 
f0000000-100000000 rw-p 00000000 00:00 0 
100000000-1006c0000 rw-p 00000000 00:00 0 
1006c0000-140000000 ---p 00000000 00:00 0 
7f9478000000-7f9478021000 rw-p 00000000 00:00 0 
7f9478021000-7f947c000000 ---p 00000000 00:00 0 
7f947c000000-7f947c021000 rw-p 00000000 00:00 0 
7f947c021000-7f9480000000 ---p 00000000 00:00 0 
7f9480000000-7f9480021000 rw-p 00000000 00:00 0 
7f9480021000-7f9484000000 ---p 00000000 00:00 0 
7f9484000000-7f9484021000 rw-p 00000000 00:00 0 
7f9484021000-7f9488000000 ---p 00000000 00:00 0 
7f9488000000-7f9488fdb000 rw-p 00000000 00:00 0 
7f9488fdb000-7f948c000000 ---p 00000000 00:00 0 
7f948c000000-7f948c021000 rw-p 00000000 00:00 0 
7f948c021000-7f9490000000 ---p 00000000 00:00 0 
7f9490000000-7f9490038000 rw-p 00000000 00:00 0 
7f9490038000-7f9494000000 ---p 00000000 00:00 0 
7f9494000000-7f9494021000 rw-p 00000000 00:00 0 
7f9494021000-7f9498000000 ---p 00000000 00:00 0 
7f9498000000-7f9498021000 rw-p 00000000 00:00 0 
7f9498021000-7f949c000000 ---p 00000000 00:00 0 
7f949c000000-7f949c021000 rw-p 00000000 00:00 0 
7f949c021000-7f94a0000000 ---p 00000000 00:00 0 
7f94a0000000-7f94a0021000 rw-p 00000000 00:00 0 
7f94a0021000-7f94a4000000 ---p 00000000 00:00 0 
7f94a4000000-7f94a4021000 rw-p 00000000 00:00 0 
7f94a4021000-7f94a8000000 ---p 00000000 00:00 0 
7f94a8000000-7f94a8a06000 rw-p 00000000 00:00 0 
7f94a8a06000-7f94ac000000 ---p 00000000 00:00 0 
7f94ac000000-7f94ac021000 rw-p 00000000 00:00 0 
7f94ac021000-7f94b0000000 ---p 00000000 00:00 0 
7f94b0000000-7f94b15a1000 rw-p 00000000 00:00 0 
7f94b15a1000-7f94b4000000 ---p 00000000 00:00 0 
7f94b4000000-7f94b5145000 rw-p 00000000 00:00 0 
7f94b5145000-7f94b8000000 ---p 00000000 00:00 0 
7f94b8000000-7f94b8021000 rw-p 00000000 00:00 0 
7f94b8021000-7f94bc000000 ---p 00000000 00:00 0 
7f94bc000000-7f94bc021000 rw-p 00000000 00:00 0 
7f94bc021000-7f94c0000000 ---p 00000000 00:00 0 
7f94c0000000-7f94c01f4000 rw-p 00000000 00:00 0 
7f94c01f4000-7f94c4000000 ---p 00000000 00:00 0 
7f94c4000000-7f94c4021000 rw-p 00000000 00:00 0 
7f94c4021000-7f94c8000000 ---p 00000000 00:00 0 
7f94c8000000-7f94c8021000 rw-p 00000000 00:00 0 
7f94c8021000-7f94cc000000 ---p 00000000 00:00 0 
7f94cc000000-7f94cc022000 rw-p 00000000 00:00 0 
7f94cc022000-7f94d0000000 ---p 00000000 00:00 0 
7f94d0000000-7f94d0021000 rw-p 00000000 00:00 0 
7f94d0021000-7f94d4000000 ---p 00000000 00:00 0 
7f94d59e9000-7f94d5be9000 rw-p 00000000 00:00 0 
7f94d5be9000-7f94d5de9000 rw-p 00000000 00:00 0 
7f94d5de9000-7f94d5dec000 ---p 00000000 00:00 0 
7f94d5dec000-7f94d60ea000 rw-p 00000000 00:00 0 
7f94d60ea000-7f94d60ed000 ---p 00000000 00:00 0 
7f94d60ed000-7f94d63eb000 rw-p 00000000 00:00 0 
7f94d63eb000-7f94d65eb000 rw-p 00000000 00:00 0 
7f94d65eb000-7f94d67eb000 rw-p 00000000 00:00 0 
7f94d67eb000-7f94d67ee000 ---p 00000000 00:00 0 
7f94d67ee000-7f94d6aec000 rw-p 00000000 00:00 0 
7f94d6aec000-7f94d6cec000 rw-p 00000000 00:00 0 
7f94d6cec000-7f94d6eec000 rw-p 00000000 00:00 0 
7f94d6eec000-7f94d70ec000 rw-p 00000000 00:00 0 
7f94d70ec000-7f94d72ec000 rw-p 00000000 00:00 0 
7f94d72ec000-7f94d74ec000 rw-p 00000000 00:00 0 
7f94d74ec000-7f94d76ec000 rw-p 00000000 00:00 0 
7f94d76ec000-7f94d78ec000 rw-p 00000000 00:00 0 
7f94d78ec000-7f94d78ef000 ---p 00000000 00:00 0 
7f94d78ef000-7f94d79ed000 rw-p 00000000 00:00 0 
7f94d79ed000-7f94d79f0000 ---p 00000000 00:00 0 
7f94d79f0000-7f94d7cee000 rw-p 00000000 00:00 0 
7f94d7cee000-7f94d7cf1000 ---p 00000000 00:00 0 
7f94d7cf1000-7f94d7def000 rw-p 00000000 00:00 0 
7f94d7def000-7f94d7dff000 r-xp 00000000 08:06 3233476                    /usr/lib/jvm/java-8-oracle/jre/lib/amd64/libnio.so
7f94d7dff000-7f94d7fff000 ---p 00010000 08:06 3233476                    /usr/lib/jvm/java-8-oracle/jre/lib/amd64/libnio.so
7f94d7fff000-7f94d8000000 rw-p 00010000 08:06 3233476                    /usr/lib/jvm/java-8-oracle/jre/lib/amd64/libnio.so
7f94d8000000-7f94d8021000 rw-p 00000000 00:00 0 
7f94d8021000-7f94dc000000 ---p 00000000 00:00 0 
7f94dc0b6000-7f94dc0bc000 r--s 002f7000 08:06 3233722                    /usr/lib/jvm/java-8-oracle/jre/lib/charsets.jar
7f94dc0bc000-7f94dc0cf000 r--s 00345000 08:06 3233716                    /usr/lib/jvm/java-8-oracle/jre/lib/resources.jar
7f94dc0cf000-7f94dc0d2000 ---p 00000000 00:00 0 
7f94dc0d2000-7f94dc3d0000 rw-p 00000000 00:00 0 
7f94dc3d0000-7f94dc3d8000 r-xp 00000000 08:06 3233538                    /usr/lib/jvm/java-8-oracle/jre/lib/amd64/libmanagement.so
7f94dc3d8000-7f94dc5d8000 ---p 00008000 08:06 3233538                    /usr/lib/jvm/java-8-oracle/jre/lib/amd64/libmanagement.so
7f94dc5d8000-7f94dc5d9000 rw-p 00008000 08:06 3233538                    /usr/lib/jvm/java-8-oracle/jre/lib/amd64/libmanagement.so
7f94dc5d9000-7f94dc5ef000 r-xp 00000000 08:06 3233484                    /usr/lib/jvm/java-8-oracle/jre/lib/amd64/libnet.so
7f94dc5ef000-7f94dc7ee000 ---p 00016000 08:06 3233484                    /usr/lib/jvm/java-8-oracle/jre/lib/amd64/libnet.so
7f94dc7ee000-7f94dc7ef000 rw-p 00015000 08:06 3233484                    /usr/lib/jvm/java-8-oracle/jre/lib/amd64/libnet.so
7f94dc7ef000-7f94dc7f2000 ---p 00000000 00:00 0 
7f94dc7f2000-7f94dc8f0000 rw-p 00000000 00:00 0 
7f94dc8f0000-7f94dc8f3000 r--s 00012000 08:06 5535273                    /home/jbondia/.gvm/grails/2.4.2/lib/javax.servlet/javax.servlet-api/jars/javax.servlet-api-3.0.1.jar
7f94dc8f3000-7f94dc8f8000 r--s 00040000 08:06 5539719                    /home/jbondia/.gvm/grails/2.4.2/dist/grails-project-api-2.4.2.jar
7f94dc8f8000-7f94dc909000 r--s 000d2000 08:06 4485925                    /root/.m2/repository/org/liquibase/liquibase-core/2.0.5/liquibase-core-2.0.5.jar
7f94dc909000-7f94dc90d000 r--s 0000c000 08:06 4485913                    /root/.m2/repository/javax/validation/validation-api/1.1.0.Final/validation-api-1.1.0.Final.jar
7f94dc90d000-7f94dc913000 r--s 0004c000 08:06 5535608                    /home/jbondia/.gvm/grails/2.4.2/lib/org.grails/grails-datastore-simple/jars/grails-datastore-simple-3.1.1.RELEASE.jar
7f94dc913000-7f94dc91b000 r--s 00052000 08:06 4485905                    /root/.m2/repository/org/springframework/spring-orm/4.0.5.RELEASE/spring-orm-4.0.5.RELEASE.jar
7f94dc91b000-7f94dc91d000 r--s 0000a000 08:06 4485897                    /root/.m2/repository/org/grails/grails-datastore-gorm-plugin-support/3.1.1.RELEASE/grails-datastore-gorm-plugin-support-3.1.1.RELEASE.jar
7f94dc91d000-7f94dc923000 r--s 00041000 08:06 4485889                    /root/.m2/repository/org/grails/grails-datastore-gorm-hibernate-core/3.1.1.RELEASE/grails-datastore-gorm-hibernate-core-3.1.1.RELEASE.jar
7f94dc923000-7f94dc928000 r--s 00048000 08:06 4485885                    /root/.m2/repository/dom4j/dom4j/1.6.1/dom4j-1.6.1.jar
7f94dc928000-7f94dc929000 r--s 00002000 08:06 4485877                    /root/.m2/repository/org/jboss/logging/jboss-logging-annotations/1.2.0.Beta1/jboss-logging-annotations-1.2.0.Beta1.jar
7f94dc929000-7f94dc92c000 r--s 00010000 08:06 4485865                    /root/.m2/repository/org/hibernate/common/hibernate-commons-annotations/4.0.4.Final/hibernate-commons-annotations-4.0.4.Final.jar
7f94dc92c000-7f94dc934000 r--s 00062000 08:06 4485857                    /root/.m2/repository/org/grails/grails-datastore-gorm-hibernate4/3.1.1.RELEASE/grails-datastore-gorm-hibernate4-3.1.1.RELEASE.jar
7f94dc934000-7f94dc93d000 r--s 00081000 08:06 5535607                    /home/jbondia/.gvm/grails/2.4.2/lib/org.grails/grails-datastore-gorm/jars/grails-datastore-gorm-3.1.1.RELEASE.jar
7f94dc93d000-7f94dc948000 r--s 00052000 08:06 5535606                    /home/jbondia/.gvm/grails/2.4.2/lib/org.grails/grails-datastore-core/jars/grails-datastore-core-3.1.1.RELEASE.jar
7f94dc948000-7f94dc94a000 r--s 0000d000 08:06 4485849                    /root/.m2/repository/org/jboss/logging/jboss-logging/3.1.0.GA/jboss-logging-3.1.0.GA.jar
7f94dc94a000-7f94dc960000 r--s 000e6000 08:06 4485841                    /root/.m2/repository/net/sf/ehcache/ehcache-core/2.4.8/ehcache-core-2.4.8.jar
7f94dc960000-7f94dc962000 r--s 00011000 08:06 4485837                    /root/.m2/repository/org/jboss/jandex/1.1.0.Final/jandex-1.1.0.Final.jar
7f94dc962000-7f94dc967000 r--s 00068000 08:06 4485825                    /root/.m2/repository/antlr/antlr/2.7.7/antlr-2.7.7.jar
7f94dc967000-7f94dc968000 r--s 00006000 08:06 4485817                    /root/.m2/repository/org/jboss/spec/javax/transaction/jboss-transaction-api_1.2_spec/1.0.0.Final/jboss-transaction-api_1.2_spec-1.0.0.Final.jar
7f94dc968000-7f94dc9c5000 r--s 004a0000 08:06 4485809                    /root/.m2/repository/org/hibernate/hibernate-core/4.3.5.Final/hibernate-core-4.3.5.Final.jar
7f94dc9c5000-7f94dc9c9000 r--s 0001e000 08:06 4485805                    /root/.m2/repository/org/hibernate/hibernate-ehcache/4.3.5.Final/hibernate-ehcache-4.3.5.Final.jar
7f94dc9c9000-7f94dc9cb000 r--s 0000d000 08:06 4485793                    /root/.m2/repository/com/fasterxml/classmate/1.0.0/classmate-1.0.0.jar
7f94dc9cb000-7f94dc9d8000 r--s 00080000 08:06 4485785                    /root/.m2/repository/org/hibernate/hibernate-validator/5.0.3.Final/hibernate-validator-5.0.3.Final.jar
7f94dc9d8000-7f94dc9e1000 r--s 000a5000 08:06 4485765                    /root/.m2/repository/org/javassist/javassist/3.17.1-GA/javassist-3.17.1-GA.jar
7f94dc9e1000-7f94dc9e4000 r--s 00083000 08:06 5539740                    /home/jbondia/.gvm/grails/2.4.2/dist/grails-resources-2.4.2.jar
7f94dc9e4000-7f94dc9f1000 r--s 00189000 08:06 5534751                    /home/jbondia/.gvm/grails/2.4.2/lib/com.h2database/h2/jars/h2-1.3.176.jar
7f94dc9f1000-7f94dc9f5000 r--s 00021000 08:06 5539404                    /home/jbondia/.gvm/grails/2.4.2/dist/grails-plugin-converters-2.4.2.jar
7f94dc9f5000-7f94dc9f8000 r--s 00018000 08:06 5539467                    /home/jbondia/.gvm/grails/2.4.2/dist/grails-plugin-domain-class-2.4.2.jar
7f94dc9f8000-7f94dc9fa000 r--s 0000e000 08:06 5539572                    /home/jbondia/.gvm/grails/2.4.2/dist/grails-plugin-mimetypes-2.4.2.jar
7f94dc9fa000-7f94dc9fb000 r--s 0000e000 08:06 5535541                    /home/jbondia/.gvm/grails/2.4.2/lib/org.codehaus.jsr166-mirror/jsr166y/jars/jsr166y-1.7.0.jar
7f94dc9fb000-7f94dca17000 r--s 00136000 08:06 5535532                    /home/jbondia/.gvm/grails/2.4.2/lib/org.codehaus.gpars/gpars/jars/gpars-1.2.1.jar
7f94dca17000-7f94dca19000 r--s 00011000 08:06 5539194                    /home/jbondia/.gvm/grails/2.4.2/dist/grails-async-2.4.2.jar
7f94dca19000-7f94dca1b000 r--s 0000e000 08:06 5539341                    /home/jbondia/.gvm/grails/2.4.2/dist/grails-plugin-async-2.4.2.jar
7f94dca1b000-7f94dca1f000 r--s 00028000 08:06 5535235                    /home/jbondia/.gvm/grails/2.4.2/lib/commons-validator/commons-validator/jars/commons-validator-1.4.0.jar
7f94dca1f000-7f94dca22000 r--s 00012000 08:06 5539824                    /home/jbondia/.gvm/grails/2.4.2/dist/grails-validation-2.4.2.jar
7f94dca22000-7f94dca26000 r--s 00019000 08:06 5534739                    /home/jbondia/.gvm/grails/2.4.2/lib/com.googlecode.concurrentlinkedhashmap/concurrentlinkedhashmap-lru/jars/concurrentlinkedhashmap-lru-1.4.jar
7f94dca26000-7f94dca28000 r--s 0000e000 08:06 5539677                    /home/jbondia/.gvm/grails/2.4.2/dist/grails-plugin-url-mappings-2.4.2.jar
7f94dca28000-7f94dca29000 r--s 00006000 08:06 5539635                    /home/jbondia/.gvm/grails/2.4.2/dist/grails-plugin-servlets-2.4.2.jar
7f94dca29000-7f94dca30000 r--s 00036000 08:06 5535703                    /home/jbondia/.gvm/grails/2.4.2/lib/org.springframework/spring-tx/jars/spring-tx-4.0.5.RELEASE.jar
7f94dca30000-7f94dca32000 r--s 00009000 08:06 5539614                    /home/jbondia/.gvm/grails/2.4.2/dist/grails-plugin-services-2.4.2.jar
7f94dca32000-7f94dca33000 r--s 00001000 08:06 5535639                    /home/jbondia/.gvm/grails/2.4.2/lib/org.slf4j/jul-to-slf4j/jars/jul-to-slf4j-1.7.5.jar
7f94dca33000-7f94dca34000 r--s 00000000 08:06 5539320                    /home/jbondia/.gvm/grails/2.4.2/dist/grails-logging-2.4.2.jar
7f94dca34000-7f94dca43000 r--s 00096000 08:06 5535707                    /home/jbondia/.gvm/grails/2.4.2/lib/org.springframework/spring-web/jars/spring-web-4.0.5.RELEASE.jar
7f94dca43000-7f94dca48000 r--s 0002e000 08:06 5539299                    /home/jbondia/.gvm/grails/2.4.2/dist/grails-encoder-2.4.2.jar
7f94dca48000-7f94dca4e000 r--s 00033000 08:06 5534939                    /home/jbondia/.gvm/grails/2.4.2/lib/commons-codec/commons-codec/jars/commons-codec-1.6.jar
7f94dca4e000-7f94dca50000 r--s 00012000 08:06 5539362                    /home/jbondia/.gvm/grails/2.4.2/dist/grails-plugin-codecs-2.4.2.jar
7f94dca50000-7f94dca52000 r--s 0000c000 08:06 5539971                    /home/jbondia/.gvm/grails/2.4.2/dist/grails-web-gsp-taglib-2.4.2.jar
7f94dca52000-7f94dca58000 r--s 00058000 08:06 5539509                    /home/jbondia/.gvm/grails/2.4.2/dist/grails-plugin-gsp-2.4.2.jar
7f94dca58000-7f94dca5a000 r--s 0000b000 08:06 5539488                    /home/jbondia/.gvm/grails/2.4.2/dist/grails-plugin-filters-2.4.2.jar
7f94dca5a000-7f94dca5f000 r--s 00041000 08:06 5535234                    /home/jbondia/.gvm/grails/2.4.2/lib/commons-lang/commons-lang/jars/commons-lang-2.6.jar
7f94dca5f000-7f94dca60000 r--s 00005000 08:06 5539530                    /home/jbondia/.gvm/grails/2.4.2/dist/grails-plugin-i18n-2.4.2.jar
7f94dca60000-7f94dca65000 r--s 00017000 08:06 5535623                    /home/jbondia/.gvm/grails/2.4.2/lib/org.hibernate.javax.persistence/hibernate-jpa-2.1-api/jars/hibernate-jpa-2.1-api-1.0.0.Final.jar
7f94dca65000-7f94dca67000 r--s 00000000 08:06 5534701                    /home/jbondia/.gvm/grails/2.4.2/lib/aopalliance/aopalliance/jars/aopalliance-1.0.jar
7f94dca67000-7f94dca69000 r--s 00009000 08:06 5539782                    /home/jbondia/.gvm/grails/2.4.2/dist/grails-spring-2.4.2.jar
7f94dca69000-7f94dca6c000 r--s 00041000 08:06 5535728                    /home/jbondia/.gvm/grails/2.4.2/lib/xalan/serializer/jars/serializer-2.7.1.jar
7f94dca6c000-7f94dca78000 r--s 00098000 08:06 5535678                    /home/jbondia/.gvm/grails/2.4.2/lib/org.springframework/spring-beans/jars/spring-beans-4.0.5.RELEASE.jar
7f94dca78000-7f94dca8c000 r--s 000db000 08:06 5535687                    /home/jbondia/.gvm/grails/2.4.2/lib/org.springframework/spring-core/jars/spring-core-4.0.5.RELEASE.jar
7f94dca8c000-7f94dca99000 r--s 000a7000 08:06 5539236                    /home/jbondia/.gvm/grails/2.4.2/dist/grails-core-2.4.2.jar
7f94dca99000-7f94dca9a000 r--s 00005000 08:06 5539425                    /home/jbondia/.gvm/grails/2.4.2/dist/grails-plugin-databinding-2.4.2.jar
7f94dca9a000-7f94dca9f000 r--s 0002e000 08:06 5535691                    /home/jbondia/.gvm/grails/2.4.2/lib/org.springframework/spring-expression/jars/spring-expression-4.0.5.RELEASE.jar
7f94dca9f000-7f94dcaa8000 r--s 0004e000 08:06 5535673                    /home/jbondia/.gvm/grails/2.4.2/lib/org.springframework/spring-aop/jars/spring-aop-4.0.5.RELEASE.jar
7f94dcaa8000-7f94dcabf000 r--s 000d8000 08:06 5535682                    /home/jbondia/.gvm/grails/2.4.2/lib/org.springframework/spring-context/jars/spring-context-4.0.5.RELEASE.jar
7f94dcabf000-7f94dcac1000 r--s 00008000 08:06 5535509                    /home/jbondia/.gvm/grails/2.4.2/lib/org.apache.tomcat/tomcat-juli/jars/tomcat-juli-7.0.50.jar
7f94dcac1000-7f94dcac3000 r--s 0001d000 08:06 5535505                    /home/jbondia/.gvm/grails/2.4.2/lib/org.apache.tomcat/tomcat-jdbc/jars/tomcat-jdbc-7.0.50.jar
7f94dcac3000-7f94dcacd000 r--s 0005e000 08:06 5535695                    /home/jbondia/.gvm/grails/2.4.2/lib/org.springframework/spring-jdbc/jars/spring-jdbc-4.0.5.RELEASE.jar
7f94dcacd000-7f94dcacf000 r--s 0000d000 08:06 5539446                    /home/jbondia/.gvm/grails/2.4.2/dist/grails-plugin-datasource-2.4.2.jar
7f94dcacf000-7f94dcad1000 r--s 00008000 08:06 5539698                    /home/jbondia/.gvm/grails/2.4.2/dist/grails-plugin-validation-2.4.2.jar
7f94dcad1000-7f94dcad5000 r--s 00020000 08:06 5539383                    /home/jbondia/.gvm/grails/2.4.2/dist/grails-plugin-controllers-2.4.2.jar
7f94dcad5000-7f94dcad9000 r--s 00019000 08:06 5535517                    /home/jbondia/.gvm/grails/2.4.2/lib/org.aspectj/aspectjrt/jars/aspectjrt-1.8.0.jar
7f94dcad9000-7f94dcaf1000 r--s 001aa000 08:06 5535518                    /home/jbondia/.gvm/grails/2.4.2/lib/org.aspectj/aspectjweaver/jars/aspectjweaver-1.8.0.jar
7f94dcaf1000-7f94dcaf5000 r--s 00024000 08:06 5539992                    /home/jbondia/.gvm/grails/2.4.2/dist/grails-web-jsp-2.4.2.jar
7f94dcaf5000-7f94dcaf7000 r--s 0001d000 08:06 5539887                    /home/jbondia/.gvm/grails/2.4.2/dist/grails-web-databinding-2.4.2.jar
7f94dcaf7000-7f94dcafd000 r--s 00027000 08:06 5535459                    /home/jbondia/.gvm/grails/2.4.2/lib/opensymphony/sitemesh/jars/sitemesh-2.4.jar
7f94dcafd000-7f94dcaff000 r--s 0000b000 08:06 5540034                    /home/jbondia/.gvm/grails/2.4.2/dist/grails-web-sitemesh-2.4.2.jar
7f94dcaff000-7f94dcb01000 r--s 00009000 08:06 5540013                    /home/jbondia/.gvm/grails/2.4.2/dist/grails-web-mvc-2.4.2.jar
7f94dcb01000-7f94dcb03000 r--s 0000b000 08:06 5535674                    /home/jbondia/.gvm/grails/2.4.2/lib/org.springframework/spring-aspects/jars/spring-aspects-4.0.5.RELEASE.jar
7f94dcb03000-7f94dcb0a000 r--s 0004f000 08:06 5539950                    /home/jbondia/.gvm/grails/2.4.2/dist/grails-web-gsp-2.4.2.jar
7f94dcb0a000-7f94dcb0e000 r--s 00027000 08:06 5535147                    /home/jbondia/.gvm/grails/2.4.2/lib/commons-io/commons-io/jars/commons-io-2.2.jar
7f94dcb0e000-7f94dcb1a000 r--s 00096000 08:06 5535708                    /home/jbondia/.gvm/grails/2.4.2/lib/org.springframework/spring-webmvc/jars/spring-webmvc-4.0.5.RELEASE.jar
7f94dcb1a000-7f94dcd1a000 rw-p 00000000 00:00 0 
7f94dcd1a000-7f94dcd1d000 ---p 00000000 00:00 0 
7f94dcd1d000-7f94dd01b000 rw-p 00000000 00:00 0 
7f94dd01b000-7f94dd037000 r--s 00393000 08:06 3233448                    /usr/lib/jvm/java-8-oracle/jre/lib/ext/cldrdata.jar
7f94dd037000-7f94dd237000 rw-p 00000000 00:00 0 
7f94dd237000-7f94dd437000 rw-p 00000000 00:00 0 
7f94dd437000-7f94dd43a000 ---p 00000000 00:00 0 
7f94dd43a000-7f94dd738000 rw-p 00000000 00:00 0 
7f94dd738000-7f94dd739000 r-xp 00000000 08:06 4603963                    /tmp/libjansi-64-12275961388527674.so
7f94dd739000-7f94dd938000 ---p 00001000 08:06 4603963                    /tmp/libjansi-64-12275961388527674.so
7f94dd938000-7f94dd939000 rw-p 00000000 08:06 4603963                    /tmp/libjansi-64-12275961388527674.so
7f94dd939000-7f94dd93c000 ---p 00000000 00:00 0 
7f94dd93c000-7f94dd972000 rw-p 00000000 00:00 0 
7f94dd972000-7f94dd973000 ---p 00000000 00:00 0 
7f94dd973000-7f94dda73000 rw-p 00000000 00:00 0 
7f94dda73000-7f94dda76000 ---p 00000000 00:00 0 
7f94dda76000-7f94ddb74000 rw-p 00000000 00:00 0 
7f94ddb74000-7f94ddb77000 ---p 00000000 00:00 0 
7f94ddb77000-7f94ddc75000 rw-p 00000000 00:00 0 
7f94ddc75000-7f94ddc78000 ---p 00000000 00:00 0 
7f94ddc78000-7f94ddd76000 rw-p 00000000 00:00 0 
7f94ddd76000-7f94ddd79000 ---p 00000000 00:00 0 
7f94ddd79000-7f94dde77000 rw-p 00000000 00:00 0 
7f94dde77000-7f94dde7d000 r--s 0005f000 08:06 5535713                    /home/jbondia/.gvm/grails/2.4.2/lib/org.springframework/springloaded/jars/springloaded-1.2.0.RELEASE.jar
7f94dde7d000-7f94dde9e000 r--s 00267000 08:06 4484684                    /root/.m2/repository/org/apache/tomcat/embed/tomcat-embed-core/7.0.53/tomcat-embed-core-7.0.53.jar
7f94dde9e000-7f94ddea0000 r--s 00013000 08:06 4484675                    /root/.m2/repository/org/apache/tomcat/embed/tomcat-embed-logging-log4j/7.0.53/tomcat-embed-logging-log4j-7.0.53.jar
7f94ddea0000-7f94ddea9000 r--s 0009f000 08:06 4484670                    /root/.m2/repository/org/apache/tomcat/embed/tomcat-embed-jasper/7.0.53/tomcat-embed-jasper-7.0.53.jar
7f94ddea9000-7f94ddeab000 r--s 0000e000 08:06 5955551                    /home/jbondia/Diputació-AST/idea_workspace/ocelot/ocelot-bpm-project/Blank_app/target/work/plugins/tomcat-7.0.54/grails-plugin-tomcat-7.0.54.jar
7f94ddeab000-7f94ddead000 r--s 0000c000 08:06 4484667                    /root/.m2/repository/org/apache/tomcat/tomcat-catalina-ant/7.0.53/tomcat-catalina-ant-7.0.53.jar
7f94ddead000-7f94ddebd000 r--s 0019c000 08:06 4484683                    /root/.m2/repository/org/eclipse/jdt/core/compiler/ecj/3.7.2/ecj-3.7.2.jar
7f94ddebd000-7f94ddec2000 r--s 0002f000 08:06 4484678                    /root/.m2/repository/org/apache/tomcat/embed/tomcat-embed-websocket/7.0.53/tomcat-embed-websocket-7.0.53.jar
7f94ddec2000-7f94ddec6000 r--s 00027000 08:06 4484672                    /root/.m2/repository/org/apache/tomcat/embed/tomcat-embed-el/7.0.53/tomcat-embed-el-7.0.53.jar
7f94ddec6000-7f94ddec8000 r--s 0001a000 08:06 5535605                    /home/jbondia/.gvm/grails/2.4.2/lib/org.fusesource.jansi/jansi/jars/jansi-1.11.jar
7f94ddec8000-7f94ddedd000 r--s 00116000 08:06 5535477                    /home/jbondia/.gvm/grails/2.4.2/lib/org.apache.ivy/ivy/jars/ivy-2.3.0.jar
7f94ddedd000-7f94ddee0000 r--s 00018000 08:06 5535463                    /home/jbondia/.gvm/grails/2.4.2/lib/org.apache.ant/ant-junit/jars/ant-junit-1.8.4.jar
7f94ddee0000-7f94ddee1000 r--s 00001000 08:06 5535467                    /home/jbondia/.gvm/grails/2.4.2/lib/org.apache.ant/ant-trax/jars/ant-trax-1.7.1.jar
7f94ddee1000-7f94ddee2000 r--s 00004000 08:06 5535465                    /home/jbondia/.gvm/grails/2.4.2/lib/org.apache.ant/ant-launcher/jars/ant-launcher-1.8.4.jar
7f94ddee2000-7f94ddf00000 r--s 001bd000 08:06 5535461                    /home/jbondia/.gvm/grails/2.4.2/lib/org.apache.ant/ant/jars/ant-1.8.4.jar
7f94ddf00000-7f94ddf04000 r--s 00031000 08:06 5535445                    /home/jbondia/.gvm/grails/2.4.2/lib/jline/jline/jars/jline-2.12.jar
7f94ddf04000-7f94ddf06000 r--s 00005000 08:06 5535644                    /home/jbondia/.gvm/grails/2.4.2/lib/org.slf4j/slf4j-api/jars/slf4j-api-1.7.5.jar
7f94ddf06000-7f94ddf14000 r--s 000db000 08:06 5539215                    /home/jbondia/.gvm/grails/2.4.2/dist/grails-bootstrap-2.4.2.jar
7f94ddf14000-7f94ddf1d000 r--s 0006f000 08:06 5535455                    /home/jbondia/.gvm/grails/2.4.2/lib/log4j/log4j/jars/log4j-1.2.17.jar
7f94ddf1d000-7f94ddf20000 r--s 0000d000 08:06 5539551                    /home/jbondia/.gvm/grails/2.4.2/dist/grails-plugin-log4j-2.4.2.jar
7f94ddf20000-7f94ddf22000 r--s 00013000 08:06 5535513                    /home/jbondia/.gvm/grails/2.4.2/lib/org.apache.tomcat.embed/tomcat-embed-logging-log4j/jars/tomcat-embed-logging-log4j-7.0.50.jar
7f94ddf22000-7f94ddf27000 r--s 00050000 08:06 5535528                    /home/jbondia/.gvm/grails/2.4.2/lib/org.codehaus.gant/gant_groovy1.8/jars/gant_groovy1.8-1.9.6.jar
7f94ddf27000-7f94ddf29000 r--s 00003000 08:06 5535634                    /home/jbondia/.gvm/grails/2.4.2/lib/org.slf4j/jcl-over-slf4j/jars/jcl-over-slf4j-1.7.5.jar
7f94ddf29000-7f94ddf94000 r--s 00683000 08:06 5535536                    /home/jbondia/.gvm/grails/2.4.2/lib/org.codehaus.groovy/groovy-all/jars/groovy-all-2.3.3.jar
7f94ddf94000-7f94de00c000 r--s 010c6000 08:06 3233304                    /usr/lib/jvm/java-8-oracle/lib/tools.jar
7f94de00c000-7f94de00f000 ---p 00000000 00:00 0 
7f94de00f000-7f94de10d000 rw-p 00000000 00:00 0 
7f94de10d000-7f94de7f0000 r--p 00000000 08:06 3021278                    /usr/lib/locale/locale-archive
7f94de7f0000-7f94de7f3000 ---p 00000000 00:00 0 
7f94de7f3000-7f94de8f1000 rw-p 00000000 00:00 0 
7f94de8f1000-7f94de8f4000 ---p 00000000 00:00 0 
7f94de8f4000-7f94de9f2000 rw-p 00000000 00:00 0 
7f94de9f2000-7f94de9f3000 ---p 00000000 00:00 0 
7f94de9f3000-7f94e1000000 rw-p 00000000 00:00 0 
7f94e1000000-7f94e2150000 rwxp 00000000 00:00 0 
7f94e2150000-7f94f0000000 ---p 00000000 00:00 0 
7f94f0000000-7f94f0d54000 rw-p 00000000 00:00 0 
7f94f0d54000-7f94f4000000 ---p 00000000 00:00 0 
7f94f4000000-7f94f4001000 rw-p 00000000 00:00 0 
7f94f4001000-7f94f4005000 r--s 00023000 08:06 5540055                    /home/jbondia/.gvm/grails/2.4.2/dist/grails-web-url-mappings-2.4.2.jar
7f94f4005000-7f94f4007000 r--s 00013000 08:06 5539257                    /home/jbondia/.gvm/grails/2.4.2/dist/grails-databinding-2.4.2.jar
7f94f4007000-7f94f400b000 r--s 0001e000 08:06 5535683                    /home/jbondia/.gvm/grails/2.4.2/lib/org.springframework/spring-context-support/jars/spring-context-support-4.0.5.RELEASE.jar
7f94f400b000-7f94f4010000 r--s 00030000 08:06 5539866                    /home/jbondia/.gvm/grails/2.4.2/dist/grails-web-common-2.4.2.jar
7f94f4010000-7f94f4015000 r--s 0002a000 08:06 5534719                    /home/jbondia/.gvm/grails/2.4.2/lib/com.google.code.gson/gson/jars/gson-2.2.4.jar
7f94f4015000-7f94f4020000 r--s 0021a000 08:06 3233434                    /usr/lib/jvm/java-8-oracle/jre/lib/ext/localedata.jar
7f94f4020000-7f94f4271000 rw-p 00000000 00:00 0 
7f94f4271000-7f94f4446000 r--s 03c4d000 08:06 3233577                    /usr/lib/jvm/java-8-oracle/jre/lib/rt.jar
7f94f4446000-7f94f4dc6000 rw-p 00000000 00:00 0 
7f94f4dc6000-7f94f4dc7000 ---p 00000000 00:00 0 
7f94f4dc7000-7f94f4ec7000 rw-p 00000000 00:00 0 
7f94f4ec7000-7f94f4ec8000 ---p 00000000 00:00 0 
7f94f4ec8000-7f94f4fc8000 rw-p 00000000 00:00 0 
7f94f4fc8000-7f94f4fc9000 ---p 00000000 00:00 0 
7f94f4fc9000-7f94f50c9000 rw-p 00000000 00:00 0 
7f94f50c9000-7f94f50ca000 ---p 00000000 00:00 0 
7f94f50ca000-7f94f51f7000 rw-p 00000000 00:00 0 
7f94f51f7000-7f94f52ca000 ---p 00000000 00:00 0 
7f94f52ca000-7f94f52f7000 rw-p 00000000 00:00 0 
7f94f52f7000-7f94f53ca000 ---p 00000000 00:00 0 
7f94f53ca000-7f94f544a000 rw-p 00000000 00:00 0 
7f94f544a000-7f94f5491000 rw-p 00000000 00:00 0 
7f94f5491000-7f94f580b000 ---p 00000000 00:00 0 
7f94f580b000-7f94f5827000 r-xp 00000000 08:06 3233555                    /usr/lib/jvm/java-8-oracle/jre/lib/amd64/libzip.so
7f94f5827000-7f94f5a26000 ---p 0001c000 08:06 3233555                    /usr/lib/jvm/java-8-oracle/jre/lib/amd64/libzip.so
7f94f5a26000-7f94f5a27000 rw-p 0001b000 08:06 3233555                    /usr/lib/jvm/java-8-oracle/jre/lib/amd64/libzip.so
7f94f5a27000-7f94f5a33000 r-xp 00000000 08:06 5252898                    /lib/x86_64-linux-gnu/libnss_files-2.15.so
7f94f5a33000-7f94f5c32000 ---p 0000c000 08:06 5252898                    /lib/x86_64-linux-gnu/libnss_files-2.15.so
7f94f5c32000-7f94f5c33000 r--p 0000b000 08:06 5252898                    /lib/x86_64-linux-gnu/libnss_files-2.15.so
7f94f5c33000-7f94f5c34000 rw-p 0000c000 08:06 5252898                    /lib/x86_64-linux-gnu/libnss_files-2.15.so
7f94f5c34000-7f94f5c3e000 r-xp 00000000 08:06 5252902                    /lib/x86_64-linux-gnu/libnss_nis-2.15.so
7f94f5c3e000-7f94f5e3e000 ---p 0000a000 08:06 5252902                    /lib/x86_64-linux-gnu/libnss_nis-2.15.so
7f94f5e3e000-7f94f5e3f000 r--p 0000a000 08:06 5252902                    /lib/x86_64-linux-gnu/libnss_nis-2.15.so
7f94f5e3f000-7f94f5e40000 rw-p 0000b000 08:06 5252902                    /lib/x86_64-linux-gnu/libnss_nis-2.15.so
7f94f5e40000-7f94f5e57000 r-xp 00000000 08:06 5252914                    /lib/x86_64-linux-gnu/libnsl-2.15.so
7f94f5e57000-7f94f6056000 ---p 00017000 08:06 5252914                    /lib/x86_64-linux-gnu/libnsl-2.15.so
7f94f6056000-7f94f6057000 r--p 00016000 08:06 5252914                    /lib/x86_64-linux-gnu/libnsl-2.15.so
7f94f6057000-7f94f6058000 rw-p 00017000 08:06 5252914                    /lib/x86_64-linux-gnu/libnsl-2.15.so
7f94f6058000-7f94f605a000 rw-p 00000000 00:00 0 
7f94f605a000-7f94f6062000 r-xp 00000000 08:06 5252896                    /lib/x86_64-linux-gnu/libnss_compat-2.15.so
7f94f6062000-7f94f6261000 ---p 00008000 08:06 5252896                    /lib/x86_64-linux-gnu/libnss_compat-2.15.so
7f94f6261000-7f94f6262000 r--p 00007000 08:06 5252896                    /lib/x86_64-linux-gnu/libnss_compat-2.15.so
7f94f6262000-7f94f6263000 rw-p 00008000 08:06 5252896                    /lib/x86_64-linux-gnu/libnss_compat-2.15.so
7f94f6263000-7f94f626d000 r-xp 00000000 08:06 3233456                    /usr/lib/jvm/java-8-oracle/jre/lib/amd64/libinstrument.so
7f94f626d000-7f94f646c000 ---p 0000a000 08:06 3233456                    /usr/lib/jvm/java-8-oracle/jre/lib/amd64/libinstrument.so
7f94f646c000-7f94f646d000 rw-p 00009000 08:06 3233456                    /usr/lib/jvm/java-8-oracle/jre/lib/amd64/libinstrument.so
7f94f646d000-7f94f6497000 r-xp 00000000 08:06 3233508                    /usr/lib/jvm/java-8-oracle/jre/lib/amd64/libjava.so
7f94f6497000-7f94f6697000 ---p 0002a000 08:06 3233508                    /usr/lib/jvm/java-8-oracle/jre/lib/amd64/libjava.so
7f94f6697000-7f94f6699000 rw-p 0002a000 08:06 3233508                    /usr/lib/jvm/java-8-oracle/jre/lib/amd64/libjava.so
7f94f6699000-7f94f66a6000 r-xp 00000000 08:06 3233551                    /usr/lib/jvm/java-8-oracle/jre/lib/amd64/libverify.so
7f94f66a6000-7f94f68a6000 ---p 0000d000 08:06 3233551                    /usr/lib/jvm/java-8-oracle/jre/lib/amd64/libverify.so
7f94f68a6000-7f94f68a8000 rw-p 0000d000 08:06 3233551                    /usr/lib/jvm/java-8-oracle/jre/lib/amd64/libverify.so
7f94f68a8000-7f94f68af000 r-xp 00000000 08:06 5252901                    /lib/x86_64-linux-gnu/librt-2.15.so
7f94f68af000-7f94f6aae000 ---p 00007000 08:06 5252901                    /lib/x86_64-linux-gnu/librt-2.15.so
7f94f6aae000-7f94f6aaf000 r--p 00006000 08:06 5252901                    /lib/x86_64-linux-gnu/librt-2.15.so
7f94f6aaf000-7f94f6ab0000 rw-p 00007000 08:06 5252901                    /lib/x86_64-linux-gnu/librt-2.15.so
7f94f6ab0000-7f94f6bab000 r-xp 00000000 08:06 5252905                    /lib/x86_64-linux-gnu/libm-2.15.so
7f94f6bab000-7f94f6daa000 ---p 000fb000 08:06 5252905                    /lib/x86_64-linux-gnu/libm-2.15.so
7f94f6daa000-7f94f6dab000 r--p 000fa000 08:06 5252905                    /lib/x86_64-linux-gnu/libm-2.15.so
7f94f6dab000-7f94f6dac000 rw-p 000fb000 08:06 5252905                    /lib/x86_64-linux-gnu/libm-2.15.so
7f94f6dac000-7f94f79c6000 r-xp 00000000 08:06 3233540                    /usr/lib/jvm/java-8-oracle/jre/lib/amd64/server/libjvm.so
7f94f79c6000-7f94f7bc5000 ---p 00c1a000 08:06 3233540                    /usr/lib/jvm/java-8-oracle/jre/lib/amd64/server/libjvm.so
7f94f7bc5000-7f94f7c8e000 rw-p 00c19000 08:06 3233540                    /usr/lib/jvm/java-8-oracle/jre/lib/amd64/server/libjvm.so
7f94f7c8e000-7f94f7ccf000 rw-p 00000000 00:00 0 
7f94f7ccf000-7f94f7e84000 r-xp 00000000 08:06 5252894                    /lib/x86_64-linux-gnu/libc-2.15.so
7f94f7e84000-7f94f8084000 ---p 001b5000 08:06 5252894                    /lib/x86_64-linux-gnu/libc-2.15.so
7f94f8084000-7f94f8088000 r--p 001b5000 08:06 5252894                    /lib/x86_64-linux-gnu/libc-2.15.so
7f94f8088000-7f94f808a000 rw-p 001b9000 08:06 5252894                    /lib/x86_64-linux-gnu/libc-2.15.so
7f94f808a000-7f94f808f000 rw-p 00000000 00:00 0 
7f94f808f000-7f94f8091000 r-xp 00000000 08:06 5252909                    /lib/x86_64-linux-gnu/libdl-2.15.so
7f94f8091000-7f94f8291000 ---p 00002000 08:06 5252909                    /lib/x86_64-linux-gnu/libdl-2.15.so
7f94f8291000-7f94f8292000 r--p 00002000 08:06 5252909                    /lib/x86_64-linux-gnu/libdl-2.15.so
7f94f8292000-7f94f8293000 rw-p 00003000 08:06 5252909                    /lib/x86_64-linux-gnu/libdl-2.15.so
7f94f8293000-7f94f82aa000 r-xp 00000000 08:06 3231246                    /usr/lib/jvm/java-8-oracle/lib/amd64/jli/libjli.so
7f94f82aa000-7f94f84a9000 ---p 00017000 08:06 3231246                    /usr/lib/jvm/java-8-oracle/lib/amd64/jli/libjli.so
7f94f84a9000-7f94f84aa000 rw-p 00016000 08:06 3231246                    /usr/lib/jvm/java-8-oracle/lib/amd64/jli/libjli.so
7f94f84aa000-7f94f84c2000 r-xp 00000000 08:06 5252903                    /lib/x86_64-linux-gnu/libpthread-2.15.so
7f94f84c2000-7f94f86c1000 ---p 00018000 08:06 5252903                    /lib/x86_64-linux-gnu/libpthread-2.15.so
7f94f86c1000-7f94f86c2000 r--p 00017000 08:06 5252903                    /lib/x86_64-linux-gnu/libpthread-2.15.so
7f94f86c2000-7f94f86c3000 rw-p 00018000 08:06 5252903                    /lib/x86_64-linux-gnu/libpthread-2.15.so
7f94f86c3000-7f94f86c7000 rw-p 00000000 00:00 0 
7f94f86c7000-7f94f86e9000 r-xp 00000000 08:06 5252906                    /lib/x86_64-linux-gnu/ld-2.15.so
7f94f86e9000-7f94f86eb000 r--s 0000f000 08:06 5535137                    /home/jbondia/.gvm/grails/2.4.2/lib/commons-fileupload/commons-fileupload/jars/commons-fileupload-1.3.1.jar
7f94f86eb000-7f94f86ec000 r--s 00000000 08:06 5539929                    /home/jbondia/.gvm/grails/2.4.2/dist/grails-web-fileupload-2.4.2.jar
7f94f86ec000-7f94f86ef000 r--s 00038000 08:06 5539593                    /home/jbondia/.gvm/grails/2.4.2/dist/grails-plugin-rest-2.4.2.jar
7f94f86ef000-7f94f86f4000 r--s 00092000 08:06 3233579                    /usr/lib/jvm/java-8-oracle/jre/lib/jsse.jar
7f94f86f4000-7f94f87c5000 rw-p 00000000 00:00 0 
7f94f87c5000-7f94f87c8000 ---p 00000000 00:00 0 
7f94f87c8000-7f94f88ca000 rw-p 00000000 00:00 0 
7f94f88ca000-7f94f88cc000 r--s 00009000 08:06 5539845                    /home/jbondia/.gvm/grails/2.4.2/dist/grails-web-2.4.2.jar
7f94f88cc000-7f94f88ce000 r--s 00001000 08:06 3233440                    /usr/lib/jvm/java-8-oracle/jre/lib/ext/dnsns.jar
7f94f88ce000-7f94f88dd000 rw-p 00000000 00:00 0 
7f94f88dd000-7f94f88e5000 rw-s 00000000 08:06 4603961                    /tmp/hsperfdata_root/9329
7f94f88e5000-7f94f88e6000 rw-p 00000000 00:00 0 
7f94f88e6000-7f94f88e7000 r--p 00000000 00:00 0 
7f94f88e7000-7f94f88e9000 rw-p 00000000 00:00 0 
7f94f88e9000-7f94f88ea000 r--p 00022000 08:06 5252906                    /lib/x86_64-linux-gnu/ld-2.15.so
7f94f88ea000-7f94f88ec000 rw-p 00023000 08:06 5252906                    /lib/x86_64-linux-gnu/ld-2.15.so
7fff06942000-7fff06964000 rw-p 00000000 00:00 0                          [stack]
7fff069ff000-7fff06a00000 r-xp 00000000 00:00 0                          [vdso]
ffffffffff600000-ffffffffff601000 r-xp 00000000 00:00 0                  [vsyscall]

VM Arguments:
jvm_args: -Dfile.encoding=UTF-8 -Xmx768M -Xms64M -Dgrails.fork.parent.process.port=42039 -Dgrails.fork.active=true -Dgrails.build.execution.context=/tmp/Blank_app216024829506177011grails-execution-context -Dgrails.home=/home/jbondia/.gvm/grails/2.4.2 -javaagent:/home/jbondia/.gvm/grails/2.4.2/lib/org.springframework/springloaded/jars/springloaded-1.2.0.RELEASE.jar -Xverify:none -Dspringloaded.synchronize=true -Djdk.reflect.allowGetCallerClass=true -Dspringloaded=profile=grails;cacheDir=/root/.grails/2.4.2 
java_command: org.grails.plugins.tomcat.fork.ForkedTomcatServer
java_class_path (initial): /usr/lib/jvm/java-8-oracle/lib/tools.jar:/home/jbondia/.gvm/grails/2.4.2/lib/org.codehaus.groovy/groovy-all/jars/groovy-all-2.3.3.jar:/home/jbondia/.gvm/grails/2.4.2/lib/org.slf4j/jcl-over-slf4j/jars/jcl-over-slf4j-1.7.5.jar:/home/jbondia/.gvm/grails/2.4.2/lib/org.codehaus.gant/gant_groovy1.8/jars/gant_groovy1.8-1.9.6.jar:/home/jbondia/.gvm/grails/2.4.2/lib/org.apache.tomcat.embed/tomcat-embed-logging-log4j/jars/tomcat-embed-logging-log4j-7.0.50.jar:/home/jbondia/.gvm/grails/2.4.2/dist/grails-plugin-log4j-2.4.2.jar:/home/jbondia/.gvm/grails/2.4.2/lib/log4j/log4j/jars/log4j-1.2.17.jar:/home/jbondia/.gvm/grails/2.4.2/dist/grails-bootstrap-2.4.2.jar:/home/jbondia/.gvm/grails/2.4.2/lib/org.slf4j/slf4j-api/jars/slf4j-api-1.7.5.jar:/home/jbondia/.gvm/grails/2.4.2/lib/jline/jline/jars/jline-2.12.jar:/home/jbondia/.gvm/grails/2.4.2/lib/org.apache.ant/ant/jars/ant-1.8.4.jar:/home/jbondia/.gvm/grails/2.4.2/lib/org.apache.ant/ant-launcher/jars/ant-launcher-1.8.4.jar:/home/jbondia/.gvm/grails/2.4.2/lib/org.apache.ant/ant-trax/jars/ant-trax-1.7.1.jar:/home/jbondia/.gvm/grails/2.4.2/lib/org.apache.ant/ant-junit/jars/ant-junit-1.8.4.jar:/home/jbondia/.gvm/grails/2.4.2/lib/org.apache.ivy/ivy/jars/ivy-2.3.0.jar:/home/jbondia/.gvm/grails/2.4.2/lib/org.fusesource.jansi/jansi/jars/jansi-1.11.jar:/root/.m2/repository/org/apache/tomcat/embed/tomcat-embed-el/7.0.53/tomcat-embed-el-7.0.53.jar:/root/.m2/repository/org/apache/tomcat/embed/tomcat-embed-websocket/7.0.53/tomcat-embed-websocket-7.0.53.jar:/root/.m2/repository/org/eclipse/jdt/core/compiler/ecj/3.7.2/ecj-3.7.2.jar:/root/.m2/repository/org/apache/tomcat/tomcat-catalina-ant/7.0.53/tomcat-catalina-ant-7.0.53.jar:/home/jbondia/Diputació-AST/idea_workspace/ocelot/ocelot-bpm-project/Blank_app/target/work/plugins/tomcat-7.0.54/grails-plugin-tomcat-7.0.54.jar:/root/.m2/repository/org/apache/tomcat/embed/tomcat-embed-jasper/7.0.53/tomcat-embed-jasper-7.0.53.jar:/root/.m2/repository/org/apache/tomcat/embed/tomc
Launcher Type: SUN_STANDARD

Environment Variables:
JAVA_HOME=/usr/lib/jvm/java-8-oracle
CLASSPATH=./../lib/bootstrap.jar:./../lib/extensions.jar:./../lib/util.jar:./../lib/jdom.jar:./../lib/log4j.jar:./../lib/trove4j.jar:./../lib/jna.jar:/usr/lib/jvm/java-8-oracle/lib/tools.jar
PATH=/usr/local/sbin:/usr/local/bin:/usr/sbin:/usr/bin:/sbin:/bin
USERNAME=root
LD_LIBRARY_PATH=.:
SHELL=/bin/bash
DISPLAY=:0

Signal Handlers:
SIGSEGV: [libjvm.so+0xa2fc90], sa_mask[0]=0x7ffbfeff, sa_flags=0x10000004
SIGBUS: [libjvm.so+0xa2fc90], sa_mask[0]=0x7ffbfeff, sa_flags=0x10000004
SIGFPE: [libjvm.so+0x89b4b0], sa_mask[0]=0x7ffbfeff, sa_flags=0x10000004
SIGPIPE: [libjvm.so+0x89b4b0], sa_mask[0]=0x7ffbfeff, sa_flags=0x10000004
SIGXFSZ: [libjvm.so+0x89b4b0], sa_mask[0]=0x7ffbfeff, sa_flags=0x10000004
SIGILL: [libjvm.so+0x89b4b0], sa_mask[0]=0x7ffbfeff, sa_flags=0x10000004
SIGUSR1: SIG_DFL, sa_mask[0]=0x00000000, sa_flags=0x00000000
SIGUSR2: [libjvm.so+0x89cc50], sa_mask[0]=0x00000004, sa_flags=0x10000004
SIGHUP: [libjvm.so+0x89df00], sa_mask[0]=0x7ffbfeff, sa_flags=0x10000004
SIGINT: [libjvm.so+0x89df00], sa_mask[0]=0x7ffbfeff, sa_flags=0x10000004
SIGTERM: [libjvm.so+0x89df00], sa_mask[0]=0x7ffbfeff, sa_flags=0x10000004
SIGQUIT: [libjvm.so+0x89df00], sa_mask[0]=0x7ffbfeff, sa_flags=0x10000004


---------------  S Y S T E M  ---------------

OS:DISTRIB_ID=Ubuntu
DISTRIB_RELEASE=12.04
DISTRIB_CODENAME=precise
DISTRIB_DESCRIPTION="Ubuntu 12.04.4 LTS"

uname:Linux 3.2.0-65-generic #99-Ubuntu SMP Fri Jul 4 21:03:29 UTC 2014 x86_64
libc:glibc 2.15 NPTL 2.15 
rlimit: STACK 8192k, CORE 0k, NPROC 30326, NOFILE 4096, AS infinity
load average:3.91 2.90 2.84

/proc/meminfo:
MemTotal:        3899392 kB
MemFree:          385420 kB
Buffers:           10908 kB
Cached:           440416 kB
SwapCached:       205296 kB
Active:          2461448 kB
Inactive:         847856 kB
Active(anon):    2298800 kB
Inactive(anon):   743120 kB
Active(file):     162648 kB
Inactive(file):   104736 kB
Unevictable:          16 kB
Mlocked:              16 kB
SwapTotal:       1951740 kB
SwapFree:        1241692 kB
Dirty:             10320 kB
Writeback:             0 kB
AnonPages:       2794300 kB
Mapped:           111476 kB
Shmem:            183984 kB
Slab:              83660 kB
SReclaimable:      44784 kB
SUnreclaim:        38876 kB
KernelStack:        5432 kB
PageTables:        43380 kB
NFS_Unstable:          0 kB
Bounce:                0 kB
WritebackTmp:          0 kB
CommitLimit:     3901436 kB
Committed_AS:    7230852 kB
VmallocTotal:   34359738367 kB
VmallocUsed:      600604 kB
VmallocChunk:   34359132636 kB
HardwareCorrupted:     0 kB
AnonHugePages:         0 kB
HugePages_Total:       0
HugePages_Free:        0
HugePages_Rsvd:        0
HugePages_Surp:        0
Hugepagesize:       2048 kB
DirectMap4k:       59392 kB
DirectMap2M:     3985408 kB


CPU:total 4 (2 cores per cpu, 2 threads per core) family 6 model 42 stepping 7, cmov, cx8, fxsr, mmx, sse, sse2, sse3, ssse3, sse4.1, sse4.2, popcnt, avx, clmul, ht, tsc, tscinvbit

/proc/cpuinfo:
processor	: 0
vendor_id	: GenuineIntel
cpu family	: 6
model		: 42
model name	: Intel(R) Core(TM) i5-2410M CPU @ 2.30GHz
stepping	: 7
microcode	: 0x14
cpu MHz		: 1400.000
cache size	: 3072 KB
physical id	: 0
siblings	: 4
core id		: 0
cpu cores	: 2
apicid		: 0
initial apicid	: 0
fpu		: yes
fpu_exception	: yes
cpuid level	: 13
wp		: yes
flags		: fpu vme de pse tsc msr pae mce cx8 apic sep mtrr pge mca cmov pat pse36 clflush dts acpi mmx fxsr sse sse2 ss ht tm pbe syscall nx rdtscp lm constant_tsc arch_perfmon pebs bts rep_good nopl xtopology nonstop_tsc aperfmperf pni pclmulqdq dtes64 monitor ds_cpl vmx est tm2 ssse3 cx16 xtpr pdcm pcid sse4_1 sse4_2 x2apic popcnt tsc_deadline_timer xsave avx lahf_lm ida arat epb xsaveopt pln pts dtherm tpr_shadow vnmi flexpriority ept vpid
bogomips	: 4589.71
clflush size	: 64
cache_alignment	: 64
address sizes	: 36 bits physical, 48 bits virtual
power management:

processor	: 1
vendor_id	: GenuineIntel
cpu family	: 6
model		: 42
model name	: Intel(R) Core(TM) i5-2410M CPU @ 2.30GHz
stepping	: 7
microcode	: 0x14
cpu MHz		: 1400.000
cache size	: 3072 KB
physical id	: 0
siblings	: 4
core id		: 0
cpu cores	: 2
apicid		: 1
initial apicid	: 1
fpu		: yes
fpu_exception	: yes
cpuid level	: 13
wp		: yes
flags		: fpu vme de pse tsc msr pae mce cx8 apic sep mtrr pge mca cmov pat pse36 clflush dts acpi mmx fxsr sse sse2 ss ht tm pbe syscall nx rdtscp lm constant_tsc arch_perfmon pebs bts rep_good nopl xtopology nonstop_tsc aperfmperf pni pclmulqdq dtes64 monitor ds_cpl vmx est tm2 ssse3 cx16 xtpr pdcm pcid sse4_1 sse4_2 x2apic popcnt tsc_deadline_timer xsave avx lahf_lm ida arat epb xsaveopt pln pts dtherm tpr_shadow vnmi flexpriority ept vpid
bogomips	: 4589.36
clflush size	: 64
cache_alignment	: 64
address sizes	: 36 bits physical, 48 bits virtual
power management:

processor	: 2
vendor_id	: GenuineIntel
cpu family	: 6
model		: 42
model name	: Intel(R) Core(TM) i5-2410M CPU @ 2.30GHz
stepping	: 7
microcode	: 0x14
cpu MHz		: 1400.000
cache size	: 3072 KB
physical id	: 0
siblings	: 4
core id		: 1
cpu cores	: 2
apicid		: 2
initial apicid	: 2
fpu		: yes
fpu_exception	: yes
cpuid level	: 13
wp		: yes
flags		: fpu vme de pse tsc msr pae mce cx8 apic sep mtrr pge mca cmov pat pse36 clflush dts acpi mmx fxsr sse sse2 ss ht tm pbe syscall nx rdtscp lm constant_tsc arch_perfmon pebs bts rep_good nopl xtopology nonstop_tsc aperfmperf pni pclmulqdq dtes64 monitor ds_cpl vmx est tm2 ssse3 cx16 xtpr pdcm pcid sse4_1 sse4_2 x2apic popcnt tsc_deadline_timer xsave avx lahf_lm ida arat epb xsaveopt pln pts dtherm tpr_shadow vnmi flexpriority ept vpid
bogomips	: 4589.37
clflush size	: 64
cache_alignment	: 64
address sizes	: 36 bits physical, 48 bits virtual
power management:

processor	: 3
vendor_id	: GenuineIntel
cpu family	: 6
model		: 42
model name	: Intel(R) Core(TM) i5-2410M CPU @ 2.30GHz
stepping	: 7
microcode	: 0x14
cpu MHz		: 1400.000
cache size	: 3072 KB
physical id	: 0
siblings	: 4
core id		: 1
cpu cores	: 2
apicid		: 3
initial apicid	: 3
fpu		: yes
fpu_exception	: yes
cpuid level	: 13
wp		: yes
flags		: fpu vme de pse tsc msr pae mce cx8 apic sep mtrr pge mca cmov pat pse36 clflush dts acpi mmx fxsr sse sse2 ss ht tm pbe syscall nx rdtscp lm constant_tsc arch_perfmon pebs bts rep_good nopl xtopology nonstop_tsc aperfmperf pni pclmulqdq dtes64 monitor ds_cpl vmx est tm2 ssse3 cx16 xtpr pdcm pcid sse4_1 sse4_2 x2apic popcnt tsc_deadline_timer xsave avx lahf_lm ida arat epb xsaveopt pln pts dtherm tpr_shadow vnmi flexpriority ept vpid
bogomips	: 4589.37
clflush size	: 64
cache_alignment	: 64
address sizes	: 36 bits physical, 48 bits virtual
power management:



Memory: 4k page, physical 3899392k(385420k free), swap 1951740k(1241692k free)

vm_info: Java HotSpot(TM) 64-Bit Server VM (25.5-b02) for linux-amd64 JRE (1.8.0_05-b13), built on Mar 18 2014 00:29:27 by "java_re" with gcc 4.3.0 20080428 (Red Hat 4.3.0-8)

time: Wed Jul  9 12:36:38 2014
elapsed time: 33 seconds

