#
# A fatal error has been detected by the Java Runtime Environment:
#
#  SIGSEGV (0xb) at pc=0x00007fee4c93bb2c, pid=8489, tid=140660706486016
#
# JRE version: Java(TM) SE Runtime Environment (8.0_05-b13) (build 1.8.0_05-b13)
# Java VM: Java HotSpot(TM) 64-Bit Server VM (25.5-b02 mixed mode linux-amd64 compressed oops)
# Problematic frame:
# V  [libjvm.so+0x304b2c]  OopFlow::build_oop_map(Node*, int, PhaseRegAlloc*, int*)+0x14c
#
# Failed to write core dump. Core dumps have been disabled. To enable core dumping, try "ulimit -c unlimited" before starting Java again
#
# If you would like to submit a bug report, please visit:
#   http://bugreport.sun.com/bugreport/crash.jsp
#

---------------  T H R E A D  ---------------

Current thread (0x00007fee48259800):  JavaThread "C2 CompilerThread0" daemon [_thread_in_native, id=8501, stack(0x00007fee1f61a000,0x00007fee1f71b000)]

siginfo:si_signo=SIGSEGV: si_errno=0, si_code=1 (SEGV_MAPERR), si_addr=0x0000000000000000

Registers:
RAX=0x00007fee040345d8, RBX=0x0000000000000000, RCX=0x0000000000000008, RDX=0x00007fee04034cb0
RSP=0x00007fee1f7166e0, RBP=0x00007fee1f716760, RSI=0x00000000000000db, RDI=0x00007fee04034ce0
R8 =0x00007fee1044b0a0, R9 =0x0000000000000013, R10=0x00007fee1f7180c0, R11=0x00007fee4d6de610
R12=0x00000000000000c0, R13=0x0000000000000180, R14=0x00000000000000b8, R15=0x00007fee48500a98
RIP=0x00007fee4c93bb2c, EFLAGS=0x0000000000010246, CSGSFS=0x0000000000000033, ERR=0x0000000000000004
  TRAPNO=0x000000000000000e

Top of Stack: (sp=0x00007fee1f7166e0)
0x00007fee1f7166e0:   00007fee1044a8a0 0000000000000400
0x00007fee1f7166f0:   00007fee1044b0a0 00007fee1f717f90
0x00007fee1f716700:   000000da10446a50 00007fee48500a98
0x00007fee1f716710:   00007fee04034cb0 0000001c4cb44a56
0x00007fee1f716720:   00007fee04034ce0 00007fee0884dfb0
0x00007fee1f716730:   000000081f716780 00007fee48500a98
0x00007fee1f716740:   00007fee04034cb0 0000000000000012
0x00007fee1f716750:   0000000000000013 0000000000000013
0x00007fee1f716760:   00007fee1f7167d0 00007fee4c93c10a
0x00007fee1f716770:   00007fee1f7167d0 00007fee0000ffff
0x00007fee1f716780:   00007fee00000004 00007fee10446a50
0x00007fee1f716790:   000000da1f7167d0 00007fee1f717f90
0x00007fee1f7167a0:   0000000948500530 0000000000000000
0x00007fee1f7167b0:   00007fee08631eb8 0000000000000000
0x00007fee1f7167c0:   00007fee04031750 00007fee08631888
0x00007fee1f7167d0:   00007fee1f716910 00007fee4c93d29d
0x00007fee1f7167e0:   00007fee1f716820 00007fee08005118
0x00007fee1f7167f0:   00007fee1f7168b0 0000000000000018
0x00007fee1f716800:   000000000000001c 000000070f000000
0x00007fee1f716810:   0000000100000004 00007fee1f7168d8
0x00007fee1f716820:   00007fee1f7168d0 00007fee1f7168b0
0x00007fee1f716830:   00007fee1f7168b0 00007fee1f7168b0
0x00007fee1f716840:   00007fee1f718e00 0000000000000007
0x00007fee1f716850:   00007fee1f7180c0 00000007000000da
0x00007fee1f716860:   00007fee10446a50 00007fee4801e870
0x00007fee1f716870:   00000000000000da ffffffff10443630
0x00007fee1f716880:   00007fee08631738 00007fee48500530
0x00007fee1f716890:   00007fee10446b80 0000000000000020
0x00007fee1f7168a0:   ffffffffffffffdf 00007fee1f717f90
0x00007fee1f7168b0:   00007fee00000080 00007fee4801e870
0x00007fee1f7168c0:   00007fee104490a0 00007fee00000004
0x00007fee1f7168d0:   0000000000000014 0000000000000000 

Instructions: (pc=0x00007fee4c93bb2c)
0x00007fee4c93bb0c:   44 39 e2 0f 8e bb 00 00 00 48 8b 05 fc 90 ba 00
0x00007fee4c93bb1c:   4e 8b 34 a8 48 8b 55 b0 48 8b 42 08 4a 8b 1c a8
0x00007fee4c93bb2c:   48 8b 03 48 89 df ff 50 28 8b 48 10 48 89 c6 48
0x00007fee4c93bb3c:   8b 15 de a9 ba 00 48 63 c1 48 8d 44 00 01 48 c1 

Register to memory mapping:

RAX=0x00007fee040345d8 is an unknown value
RBX=0x0000000000000000 is an unknown value
RCX=0x0000000000000008 is an unknown value
RDX=0x00007fee04034cb0 is an unknown value
RSP=0x00007fee1f7166e0 is pointing into the stack for thread: 0x00007fee48259800
RBP=0x00007fee1f716760 is pointing into the stack for thread: 0x00007fee48259800
RSI=0x00000000000000db is an unknown value
RDI=0x00007fee04034ce0 is an unknown value
R8 =0x00007fee1044b0a0 is an unknown value
R9 =0x0000000000000013 is an unknown value
R10=0x00007fee1f7180c0 is pointing into the stack for thread: 0x00007fee48259800
R11=0x00007fee4d6de610: <offset 0x184610> in /lib/x86_64-linux-gnu/libc.so.6 at 0x00007fee4d55a000
R12=0x00000000000000c0 is an unknown value
R13=0x0000000000000180 is an unknown value
R14=0x00000000000000b8 is an unknown value
R15=0x00007fee48500a98 is an unknown value


Stack: [0x00007fee1f61a000,0x00007fee1f71b000],  sp=0x00007fee1f7166e0,  free space=1009k
Native frames: (J=compiled Java code, j=interpreted, Vv=VM code, C=native code)
V  [libjvm.so+0x304b2c]  OopFlow::build_oop_map(Node*, int, PhaseRegAlloc*, int*)+0x14c
V  [libjvm.so+0x30510a]  OopFlow::compute_reach(PhaseRegAlloc*, int, Dict*)+0x22a
V  [libjvm.so+0x30629d]  Compile::BuildOopMaps()+0xffd
V  [libjvm.so+0x8b4b8d]  Compile::Output()+0x6dd
V  [libjvm.so+0x45e05a]  Compile::Code_Gen()+0x30a
V  [libjvm.so+0x4612c5]  Compile::Compile(ciEnv*, C2Compiler*, ciMethod*, int, bool, bool, bool)+0x1435
V  [libjvm.so+0x3b5008]  C2Compiler::compile_method(ciEnv*, ciMethod*, int)+0x198
V  [libjvm.so+0x46982a]  CompileBroker::invoke_compiler_on_method(CompileTask*)+0xc8a
V  [libjvm.so+0x46c230]  CompileBroker::compiler_thread_loop()+0x620
V  [libjvm.so+0x9e303f]  JavaThread::thread_main_inner()+0xdf
V  [libjvm.so+0x9e3205]  JavaThread::run()+0x1b5
V  [libjvm.so+0x8a00c8]  java_start(Thread*)+0x108


Current CompileTask:
C2:  35661 4983       4       groovy.lang.MetaClassImpl::findPropertyMethod (356 bytes)


---------------  P R O C E S S  ---------------

Java Threads: ( => current thread )
  0x00007fede8ade800 JavaThread "net.sf.ehcache.CacheManager@3ee9ff75" daemon [_thread_blocked, id=8539, stack(0x00007fee1c032000,0x00007fee1c133000)]
  0x00007fede879d000 JavaThread "PoolCleaner[433757353:1404900785944]" daemon [_thread_blocked, id=8538, stack(0x00007fee1c133000,0x00007fee1c234000)]
  0x00007fede80e4800 JavaThread "FileSystemWatcher: files=#136 cl=groovy.lang.GroovyClassLoader@19da9ca9" daemon [_thread_blocked, id=8535, stack(0x00007fee1d234000,0x00007fee1d335000)]
  0x00007fede8086000 JavaThread "Thread-4" daemon [_thread_in_native, id=8534, stack(0x00007fee1d348000,0x00007fee1d449000)]
  0x00007fede4001800 JavaThread "localhost-startStop-1" daemon [_thread_blocked, id=8533, stack(0x00007fee1d649000,0x00007fee1d74a000)]
  0x00007fee48a76800 JavaThread "Tomcat-startStop-1" daemon [_thread_blocked, id=8532, stack(0x00007fee1d74a000,0x00007fee1d84b000)]
  0x00007fee48a3d000 JavaThread "Thread-3" [_thread_in_native, id=8531, stack(0x00007fee1e07b000,0x00007fee1e17c000)]
  0x00007fee4826f000 JavaThread "Thread-2" [_thread_blocked, id=8529, stack(0x00007fee1e5be000,0x00007fee1e6bf000)]
  0x00007fee48463800 JavaThread "NonBlockingInputStreamThread" daemon [_thread_blocked, id=8518, stack(0x00007fee1ecdb000,0x00007fee1eddc000)]
  0x00007fee48452800 JavaThread "process reaper" daemon [_thread_blocked, id=8507, stack(0x00007fee1f1dd000,0x00007fee1f216000)]
  0x00007fee4829c000 JavaThread "Service Thread" daemon [_thread_blocked, id=8504, stack(0x00007fee1f317000,0x00007fee1f418000)]
  0x00007fee4826b000 JavaThread "C1 CompilerThread2" daemon [_thread_blocked, id=8503, stack(0x00007fee1f418000,0x00007fee1f519000)]
  0x00007fee4825a800 JavaThread "C2 CompilerThread1" daemon [_thread_blocked, id=8502, stack(0x00007fee1f519000,0x00007fee1f61a000)]
=>0x00007fee48259800 JavaThread "C2 CompilerThread0" daemon [_thread_in_native, id=8501, stack(0x00007fee1f61a000,0x00007fee1f71b000)]
  0x00007fee48175000 JavaThread "Signal Dispatcher" daemon [_thread_blocked, id=8500, stack(0x00007fee1f71b000,0x00007fee1f81c000)]
  0x00007fee48146000 JavaThread "Finalizer" daemon [_thread_blocked, id=8499, stack(0x00007fee1feff000,0x00007fee20000000)]
  0x00007fee48141800 JavaThread "Reference Handler" daemon [_thread_blocked, id=8498, stack(0x00007fee340e7000,0x00007fee341e8000)]
  0x00007fee4800c800 JavaThread "main" [_thread_blocked, id=8490, stack(0x00007fee4e050000,0x00007fee4e151000)]

Other Threads:
  0x00007fee4813c800 VMThread [stack: 0x00007fee341e8000,0x00007fee342e9000] [id=8497]
  0x00007fee4829e800 WatcherThread [stack: 0x00007fee1f216000,0x00007fee1f317000] [id=8505]

VM state:at safepoint (normal execution)

VM Mutex/Monitor currently owned by a thread:  ([mutex/lock_event])
[0x00007fee48008af0] Threads_lock - owner thread: 0x00007fee4813c800
[0x00007fee48008ff0] Heap_lock - owner thread: 0x00007fede4001800

Heap:
 PSYoungGen      total 230912K, used 230898K [0x00000000f0000000, 0x0000000100000000, 0x0000000100000000)
  eden space 207872K, 100% used [0x00000000f0000000,0x00000000fcb00000,0x00000000fcb00000)
  from space 23040K, 99% used [0x00000000fe980000,0x00000000ffffc9e0,0x0000000100000000)
  to   space 27136K, 84% used [0x00000000fcb00000,0x00000000fe15f7d8,0x00000000fe580000)
 ParOldGen       total 75264K, used 61766K [0x00000000d0000000, 0x00000000d4980000, 0x00000000f0000000)
  object space 75264K, 82% used [0x00000000d0000000,0x00000000d3c518c8,0x00000000d4980000)
 Metaspace       used 57041K, capacity 58394K, committed 58624K, reserved 1101824K
  class space    used 6430K, capacity 6869K, committed 6912K, reserved 1048576K

Card table byte_map: [0x00007fee37a22000,0x00007fee37ba3000] byte_map_base: 0x00007fee373a2000

Marking Bits: (ParMarkBitMap*) 0x00007fee4d52fcc0
 Begin Bits: [0x00007fee35e1e000, 0x00007fee36a1e000)
 End Bits:   [0x00007fee36a1e000, 0x00007fee3761e000)

Polling page: 0x00007fee4e171000

CodeCache: size=245760Kb used=17393Kb max_used=17393Kb free=228366Kb
 bounds [0x00007fee37f63000, 0x00007fee39073000, 0x00007fee46f63000]
 total_blobs=5629 nmethods=4887 adapters=653
 compilation: enabled

Compilation events (10 events):
Event: 35.577 Thread 0x00007fee4826b000 5025       1       org.springframework.beans.factory.config.ConstructorArgumentValues$ValueHolder::getType (5 bytes)
Event: 35.577 Thread 0x00007fee4826b000 nmethod 5025 0x00007fee3905cc50 code [0x00007fee3905cda0, 0x00007fee3905ceb0]
Event: 35.578 Thread 0x00007fee4826b000 5026   !   2       org.springframework.core.ResolvableType::getGeneric (61 bytes)
Event: 35.579 Thread 0x00007fee4826b000 nmethod 5026 0x00007fee3905c450 code [0x00007fee3905c5e0, 0x00007fee3905c8b8]
Event: 35.585 Thread 0x00007fee4826b000 5027       1       org.springsource.loaded.TypeDescriptor::getSuperinterfacesName (5 bytes)
Event: 35.585 Thread 0x00007fee4826b000 nmethod 5027 0x00007fee3905c190 code [0x00007fee3905c2e0, 0x00007fee3905c3f0]
Event: 35.585 Thread 0x00007fee4826b000 5028       2       sun.reflect.ClassFileAssembler::decStack (11 bytes)
Event: 35.586 Thread 0x00007fee4826b000 nmethod 5028 0x00007fee3905be90 code [0x00007fee3905bfe0, 0x00007fee3905c130]
Event: 35.588 Thread 0x00007fee4826b000 5029  s    2       java.util.Vector::isEmpty (13 bytes)
Event: 35.589 Thread 0x00007fee4826b000 nmethod 5029 0x00007fee39060390 code [0x00007fee390604e0, 0x00007fee390607b0]

GC Heap History (10 events):
Event: 28.843 GC heap before
{Heap before GC invocations=59 (full 5):
 PSYoungGen      total 222208K, used 198771K [0x00000000f0000000, 0x0000000100000000, 0x0000000100000000)
  eden space 196608K, 100% used [0x00000000f0000000,0x00000000fc000000,0x00000000fc000000)
  from space 25600K, 8% used [0x00000000fc000000,0x00000000fc21cf90,0x00000000fd900000)
  to   space 25088K, 0% used [0x00000000fe780000,0x00000000fe780000,0x0000000100000000)
 ParOldGen       total 75264K, used 60762K [0x00000000d0000000, 0x00000000d4980000, 0x00000000f0000000)
  object space 75264K, 80% used [0x00000000d0000000,0x00000000d3b56b38,0x00000000d4980000)
 Metaspace       used 49016K, capacity 50246K, committed 50432K, reserved 1093632K
  class space    used 5460K, capacity 5865K, committed 5888K, reserved 1048576K
Event: 28.857 GC heap after
Heap after GC invocations=59 (full 5):
 PSYoungGen      total 235008K, used 2559K [0x00000000f0000000, 0x00000000ffe80000, 0x0000000100000000)
  eden space 211456K, 0% used [0x00000000f0000000,0x00000000f0000000,0x00000000fce80000)
  from space 23552K, 10% used [0x00000000fe780000,0x00000000fe9ffe50,0x00000000ffe80000)
  to   space 24576K, 0% used [0x00000000fce80000,0x00000000fce80000,0x00000000fe680000)
 ParOldGen       total 75264K, used 60762K [0x00000000d0000000, 0x00000000d4980000, 0x00000000f0000000)
  object space 75264K, 80% used [0x00000000d0000000,0x00000000d3b56b38,0x00000000d4980000)
 Metaspace       used 49016K, capacity 50246K, committed 50432K, reserved 1093632K
  class space    used 5460K, capacity 5865K, committed 5888K, reserved 1048576K
}
Event: 29.882 GC heap before
{Heap before GC invocations=60 (full 5):
 PSYoungGen      total 235008K, used 213583K [0x00000000f0000000, 0x00000000ffe80000, 0x0000000100000000)
  eden space 211456K, 99% used [0x00000000f0000000,0x00000000fce13fb8,0x00000000fce80000)
  from space 23552K, 10% used [0x00000000fe780000,0x00000000fe9ffe50,0x00000000ffe80000)
  to   space 24576K, 0% used [0x00000000fce80000,0x00000000fce80000,0x00000000fe680000)
 ParOldGen       total 75264K, used 60762K [0x00000000d0000000, 0x00000000d4980000, 0x00000000f0000000)
  object space 75264K, 80% used [0x00000000d0000000,0x00000000d3b56b38,0x00000000d4980000)
 Metaspace       used 50954K, capacity 52266K, committed 52480K, reserved 1095680K
  class space    used 5715K, capacity 6139K, committed 6144K, reserved 1048576K
Event: 29.900 GC heap after
Heap after GC invocations=60 (full 5):
 PSYoungGen      total 236032K, used 4928K [0x00000000f0000000, 0x00000000fff00000, 0x0000000100000000)
  eden space 211456K, 0% used [0x00000000f0000000,0x00000000f0000000,0x00000000fce80000)
  from space 24576K, 20% used [0x00000000fce80000,0x00000000fd350258,0x00000000fe680000)
  to   space 23552K, 0% used [0x00000000fe800000,0x00000000fe800000,0x00000000fff00000)
 ParOldGen       total 75264K, used 60770K [0x00000000d0000000, 0x00000000d4980000, 0x00000000f0000000)
  object space 75264K, 80% used [0x00000000d0000000,0x00000000d3b58b38,0x00000000d4980000)
 Metaspace       used 50954K, capacity 52266K, committed 52480K, reserved 1095680K
  class space    used 5715K, capacity 6139K, committed 6144K, reserved 1048576K
}
Event: 31.386 GC heap before
{Heap before GC invocations=61 (full 5):
 PSYoungGen      total 236032K, used 208240K [0x00000000f0000000, 0x00000000fff00000, 0x0000000100000000)
  eden space 211456K, 96% used [0x00000000f0000000,0x00000000fc68c128,0x00000000fce80000)
  from space 24576K, 20% used [0x00000000fce80000,0x00000000fd350258,0x00000000fe680000)
  to   space 23552K, 0% used [0x00000000fe800000,0x00000000fe800000,0x00000000fff00000)
 ParOldGen       total 75264K, used 60770K [0x00000000d0000000, 0x00000000d4980000, 0x00000000f0000000)
  object space 75264K, 80% used [0x00000000d0000000,0x00000000d3b58b38,0x00000000d4980000)
 Metaspace       used 52101K, capacity 53386K, committed 53760K, reserved 1097728K
  class space    used 5872K, capacity 6299K, committed 6400K, reserved 1048576K
Event: 31.411 GC heap after
Heap after GC invocations=61 (full 5):
 PSYoungGen      total 235520K, used 7270K [0x00000000f0000000, 0x00000000ffd00000, 0x0000000100000000)
  eden space 214016K, 0% used [0x00000000f0000000,0x00000000f0000000,0x00000000fd100000)
  from space 21504K, 33% used [0x00000000fe800000,0x00000000fef199e0,0x00000000ffd00000)
  to   space 22528K, 0% used [0x00000000fd100000,0x00000000fd100000,0x00000000fe700000)
 ParOldGen       total 75264K, used 60778K [0x00000000d0000000, 0x00000000d4980000, 0x00000000f0000000)
  object space 75264K, 80% used [0x00000000d0000000,0x00000000d3b5ab38,0x00000000d4980000)
 Metaspace       used 52101K, capacity 53386K, committed 53760K, reserved 1097728K
  class space    used 5872K, capacity 6299K, committed 6400K, reserved 1048576K
}
Event: 32.717 GC heap before
{Heap before GC invocations=62 (full 5):
 PSYoungGen      total 235520K, used 221286K [0x00000000f0000000, 0x00000000ffd00000, 0x0000000100000000)
  eden space 214016K, 100% used [0x00000000f0000000,0x00000000fd100000,0x00000000fd100000)
  from space 21504K, 33% used [0x00000000fe800000,0x00000000fef199e0,0x00000000ffd00000)
  to   space 22528K, 0% used [0x00000000fd100000,0x00000000fd100000,0x00000000fe700000)
 ParOldGen       total 75264K, used 60778K [0x00000000d0000000, 0x00000000d4980000, 0x00000000f0000000)
  object space 75264K, 80% used [0x00000000d0000000,0x00000000d3b5ab38,0x00000000d4980000)
 Metaspace       used 53022K, capacity 54342K, committed 54656K, reserved 1097728K
  class space    used 5990K, capacity 6414K, committed 6528K, reserved 1048576K
Event: 32.750 GC heap after
Heap after GC invocations=62 (full 5):
 PSYoungGen      total 236544K, used 13262K [0x00000000f0000000, 0x0000000100000000, 0x0000000100000000)
  eden space 214016K, 0% used [0x00000000f0000000,0x00000000f0000000,0x00000000fd100000)
  from space 22528K, 58% used [0x00000000fd100000,0x00000000fddf3b28,0x00000000fe700000)
  to   space 23040K, 0% used [0x00000000fe980000,0x00000000fe980000,0x0000000100000000)
 ParOldGen       total 75264K, used 60786K [0x00000000d0000000, 0x00000000d4980000, 0x00000000f0000000)
  object space 75264K, 80% used [0x00000000d0000000,0x00000000d3b5cb38,0x00000000d4980000)
 Metaspace       used 53022K, capacity 54342K, committed 54656K, reserved 1097728K
  class space    used 5990K, capacity 6414K, committed 6528K, reserved 1048576K
}
Event: 34.495 GC heap before
{Heap before GC invocations=63 (full 5):
 PSYoungGen      total 236544K, used 227278K [0x00000000f0000000, 0x0000000100000000, 0x0000000100000000)
  eden space 214016K, 100% used [0x00000000f0000000,0x00000000fd100000,0x00000000fd100000)
  from space 22528K, 58% used [0x00000000fd100000,0x00000000fddf3b28,0x00000000fe700000)
  to   space 23040K, 0% used [0x00000000fe980000,0x00000000fe980000,0x0000000100000000)
 ParOldGen       total 75264K, used 60786K [0x00000000d0000000, 0x00000000d4980000, 0x00000000f0000000)
  object space 75264K, 80% used [0x00000000d0000000,0x00000000d3b5cb38,0x00000000d4980000)
 Metaspace       used 54842K, capacity 56126K, committed 56320K, reserved 1099776K
  class space    used 6148K, capacity 6579K, committed 6656K, reserved 1048576K
Event: 34.547 GC heap after
Heap after GC invocations=63 (full 5):
 PSYoungGen      total 230912K, used 23026K [0x00000000f0000000, 0x0000000100000000, 0x0000000100000000)
  eden space 207872K, 0% used [0x00000000f0000000,0x00000000f0000000,0x00000000fcb00000)
  from space 23040K, 99% used [0x00000000fe980000,0x00000000ffffc9e0,0x0000000100000000)
  to   space 27136K, 0% used [0x00000000fcb00000,0x00000000fcb00000,0x00000000fe580000)
 ParOldGen       total 75264K, used 61394K [0x00000000d0000000, 0x00000000d4980000, 0x00000000f0000000)
  object space 75264K, 81% used [0x00000000d0000000,0x00000000d3bf48b8,0x00000000d4980000)
 Metaspace       used 54842K, capacity 56126K, committed 56320K, reserved 1099776K
  class space    used 6148K, capacity 6579K, committed 6656K, reserved 1048576K
}

Deoptimization events (10 events):
Event: 31.994 Thread 0x00007fede4001800 Uncommon trap: reason=bimorphic action=maybe_recompile pc=0x00007fee38e33280 method=groovy.lang.MetaClassImpl$1MOPIter.methodNameAction(Ljava/lang/Class;Lorg/codehaus/groovy/runtime/metaclass/MetaMethodIndex$Entry;)V @ 62
Event: 31.994 Thread 0x00007fede4001800 Uncommon trap: reason=bimorphic action=maybe_recompile pc=0x00007fee38e33280 method=groovy.lang.MetaClassImpl$1MOPIter.methodNameAction(Ljava/lang/Class;Lorg/codehaus/groovy/runtime/metaclass/MetaMethodIndex$Entry;)V @ 62
Event: 31.994 Thread 0x00007fede4001800 Uncommon trap: reason=bimorphic action=maybe_recompile pc=0x00007fee38e33280 method=groovy.lang.MetaClassImpl$1MOPIter.methodNameAction(Ljava/lang/Class;Lorg/codehaus/groovy/runtime/metaclass/MetaMethodIndex$Entry;)V @ 62
Event: 32.648 Thread 0x00007fede4001800 Uncommon trap: reason=class_check action=maybe_recompile pc=0x00007fee38ed5e54 method=java.lang.reflect.Executable.getAnnotation(Ljava/lang/Class;)Ljava/lang/annotation/Annotation; @ 19
Event: 32.983 Thread 0x00007fede4001800 Uncommon trap: reason=array_check action=maybe_recompile pc=0x00007fee38ee69f8 method=java.util.AbstractCollection.toArray([Ljava/lang/Object;)[Ljava/lang/Object; @ 119
Event: 32.983 Thread 0x00007fede4001800 Uncommon trap: reason=array_check action=maybe_recompile pc=0x00007fee38ee69f8 method=java.util.AbstractCollection.toArray([Ljava/lang/Object;)[Ljava/lang/Object; @ 119
Event: 32.994 Thread 0x00007fede4001800 Uncommon trap: reason=array_check action=maybe_recompile pc=0x00007fee38ee69f8 method=java.util.AbstractCollection.toArray([Ljava/lang/Object;)[Ljava/lang/Object; @ 119
Event: 32.995 Thread 0x00007fede4001800 Uncommon trap: reason=array_check action=maybe_recompile pc=0x00007fee38ee69f8 method=java.util.AbstractCollection.toArray([Ljava/lang/Object;)[Ljava/lang/Object; @ 119
Event: 34.138 Thread 0x00007fede4001800 Uncommon trap: reason=class_check action=maybe_recompile pc=0x00007fee38ed5e54 method=java.lang.reflect.Executable.getAnnotation(Ljava/lang/Class;)Ljava/lang/annotation/Annotation; @ 19
Event: 34.759 Thread 0x00007fede4001800 Uncommon trap: reason=class_check action=maybe_recompile pc=0x00007fee38ed5e54 method=java.lang.reflect.Executable.getAnnotation(Ljava/lang/Class;)Ljava/lang/annotation/Annotation; @ 19

Internal exceptions (10 events):
Event: 35.613 Thread 0x00007fede4001800 Exception <a 'java/security/PrivilegedActionException'> (0x00000000fc9d1388) thrown at [/HUDSON/workspace/8-2-build-linux-amd64/jdk8u5/2488/hotspot/src/share/vm/prims/jvm.cpp, line 1248]
Event: 35.613 Thread 0x00007fede4001800 Exception <a 'java/security/PrivilegedActionException'> (0x00000000fc9d5f60) thrown at [/HUDSON/workspace/8-2-build-linux-amd64/jdk8u5/2488/hotspot/src/share/vm/prims/jvm.cpp, line 1248]
Event: 35.617 Thread 0x00007fede4001800 Exception <a 'java/security/PrivilegedActionException'> (0x00000000fca4f4c0) thrown at [/HUDSON/workspace/8-2-build-linux-amd64/jdk8u5/2488/hotspot/src/share/vm/prims/jvm.cpp, line 1248]
Event: 35.618 Thread 0x00007fede4001800 Exception <a 'java/security/PrivilegedActionException'> (0x00000000fca55a18) thrown at [/HUDSON/workspace/8-2-build-linux-amd64/jdk8u5/2488/hotspot/src/share/vm/prims/jvm.cpp, line 1248]
Event: 35.620 Thread 0x00007fede4001800 Exception <a 'java/security/PrivilegedActionException'> (0x00000000fca87be8) thrown at [/HUDSON/workspace/8-2-build-linux-amd64/jdk8u5/2488/hotspot/src/share/vm/prims/jvm.cpp, line 1248]
Event: 35.620 Thread 0x00007fede4001800 Exception <a 'java/security/PrivilegedActionException'> (0x00000000fca8d040) thrown at [/HUDSON/workspace/8-2-build-linux-amd64/jdk8u5/2488/hotspot/src/share/vm/prims/jvm.cpp, line 1248]
Event: 35.620 Thread 0x00007fede4001800 Exception <a 'java/security/PrivilegedActionException'> (0x00000000fcaa08f0) thrown at [/HUDSON/workspace/8-2-build-linux-amd64/jdk8u5/2488/hotspot/src/share/vm/prims/jvm.cpp, line 1248]
Event: 35.621 Thread 0x00007fede4001800 Exception <a 'java/security/PrivilegedActionException'> (0x00000000fcab9088) thrown at [/HUDSON/workspace/8-2-build-linux-amd64/jdk8u5/2488/hotspot/src/share/vm/prims/jvm.cpp, line 1248]
Event: 35.621 Thread 0x00007fede4001800 Exception <a 'java/security/PrivilegedActionException'> (0x00000000fcabe4e0) thrown at [/HUDSON/workspace/8-2-build-linux-amd64/jdk8u5/2488/hotspot/src/share/vm/prims/jvm.cpp, line 1248]
Event: 35.621 Thread 0x00007fede4001800 Exception <a 'java/security/PrivilegedActionException'> (0x00000000fcad1d90) thrown at [/HUDSON/workspace/8-2-build-linux-amd64/jdk8u5/2488/hotspot/src/share/vm/prims/jvm.cpp, line 1248]

Events (10 events):
Event: 35.612 loading class org/grails/plugin/resource/mapper/ResourceMappersFactory$_createResourceMappers_closure4Customizer
Event: 35.612 loading class org/grails/plugin/resource/mapper/ResourceMappersFactory$_createResourceMappers_closure4Customizer done
Event: 35.613 loading class org/grails/plugin/resource/mapper/ResourceMapper$_getPhase_closure4
Event: 35.613 loading class org/grails/plugin/resource/mapper/ResourceMapper$_getPhase_closure4 done
Event: 35.617 loading class groovy/runtime/metaclass/org/grails/plugin/resource/mapper/ResourceMapper$_getPhase_closure4MetaClass
Event: 35.617 loading class groovy/runtime/metaclass/org/grails/plugin/resource/mapper/ResourceMapper$_getPhase_closure4MetaClass done
Event: 35.620 loading class org/grails/plugin/resource/mapper/ResourceMapper$_getPhase_closure4BeanInfo
Event: 35.620 loading class org/grails/plugin/resource/mapper/ResourceMapper$_getPhase_closure4BeanInfo done
Event: 35.620 loading class org/grails/plugin/resource/mapper/ResourceMapper$_getPhase_closure4BeanInfo
Event: 35.620 loading class org/grails/plugin/resource/mapper/ResourceMapper$_getPhase_closure4BeanInfo done


Dynamic libraries:
00400000-00401000 r-xp 00000000 08:06 3233770                            /usr/lib/jvm/java-8-oracle/bin/java
00600000-00601000 rw-p 00000000 08:06 3233770                            /usr/lib/jvm/java-8-oracle/bin/java
0128a000-012ab000 rw-p 00000000 00:00 0                                  [heap]
d0000000-d4980000 rw-p 00000000 00:00 0 
d4980000-f0000000 ---p 00000000 00:00 0 
f0000000-100000000 rw-p 00000000 00:00 0 
100000000-1006c0000 rw-p 00000000 00:00 0 
1006c0000-140000000 ---p 00000000 00:00 0 
7fedc8000000-7fedc8021000 rw-p 00000000 00:00 0 
7fedc8021000-7fedcc000000 ---p 00000000 00:00 0 
7fedd0000000-7fedd0021000 rw-p 00000000 00:00 0 
7fedd0021000-7fedd4000000 ---p 00000000 00:00 0 
7fedd4000000-7fedd4021000 rw-p 00000000 00:00 0 
7fedd4021000-7fedd8000000 ---p 00000000 00:00 0 
7feddb0ff000-7feddb17f000 rw-p 00000000 00:00 0 
7feddb17f000-7feddb2ff000 ---p 00000000 00:00 0 
7feddb2ff000-7feddb4ff000 rw-p 00000000 00:00 0 
7feddb4ff000-7feddb6ff000 rw-p 00000000 00:00 0 
7feddb6ff000-7feddb702000 ---p 00000000 00:00 0 
7feddb702000-7feddba00000 rw-p 00000000 00:00 0 
7feddba00000-7feddbc00000 rw-p 00000000 00:00 0 
7feddbc00000-7feddbe00000 rw-p 00000000 00:00 0 
7feddbe00000-7feddc000000 rw-p 00000000 00:00 0 
7feddc000000-7feddc021000 rw-p 00000000 00:00 0 
7feddc021000-7fede0000000 ---p 00000000 00:00 0 
7fede0000000-7fede0021000 rw-p 00000000 00:00 0 
7fede0021000-7fede4000000 ---p 00000000 00:00 0 
7fede4000000-7fede4021000 rw-p 00000000 00:00 0 
7fede4021000-7fede8000000 ---p 00000000 00:00 0 
7fede8000000-7fede8fbe000 rw-p 00000000 00:00 0 
7fede8fbe000-7fedec000000 ---p 00000000 00:00 0 
7fedec000000-7fedec021000 rw-p 00000000 00:00 0 
7fedec021000-7fedf0000000 ---p 00000000 00:00 0 
7fedf0000000-7fedf0038000 rw-p 00000000 00:00 0 
7fedf0038000-7fedf4000000 ---p 00000000 00:00 0 
7fedf4000000-7fedf4021000 rw-p 00000000 00:00 0 
7fedf4021000-7fedf8000000 ---p 00000000 00:00 0 
7fedf8000000-7fedf8021000 rw-p 00000000 00:00 0 
7fedf8021000-7fedfc000000 ---p 00000000 00:00 0 
7fedfc000000-7fedfc021000 rw-p 00000000 00:00 0 
7fedfc021000-7fee00000000 ---p 00000000 00:00 0 
7fee00000000-7fee00021000 rw-p 00000000 00:00 0 
7fee00021000-7fee04000000 ---p 00000000 00:00 0 
7fee04000000-7fee05051000 rw-p 00000000 00:00 0 
7fee05051000-7fee08000000 ---p 00000000 00:00 0 
7fee08000000-7fee08e35000 rw-p 00000000 00:00 0 
7fee08e35000-7fee0c000000 ---p 00000000 00:00 0 
7fee0c000000-7fee0c021000 rw-p 00000000 00:00 0 
7fee0c021000-7fee10000000 ---p 00000000 00:00 0 
7fee10000000-7fee111ae000 rw-p 00000000 00:00 0 
7fee111ae000-7fee14000000 ---p 00000000 00:00 0 
7fee14000000-7fee14021000 rw-p 00000000 00:00 0 
7fee14021000-7fee18000000 ---p 00000000 00:00 0 
7fee18000000-7fee18021000 rw-p 00000000 00:00 0 
7fee18021000-7fee1c000000 ---p 00000000 00:00 0 
7fee1c02b000-7fee1c02c000 rw-p 00000000 00:00 0 
7fee1c02c000-7fee1c032000 r--s 002f7000 08:06 3233722                    /usr/lib/jvm/java-8-oracle/jre/lib/charsets.jar
7fee1c032000-7fee1c035000 ---p 00000000 00:00 0 
7fee1c035000-7fee1c133000 rw-p 00000000 00:00 0 
7fee1c133000-7fee1c136000 ---p 00000000 00:00 0 
7fee1c136000-7fee1c434000 rw-p 00000000 00:00 0 
7fee1c434000-7fee1c634000 rw-p 00000000 00:00 0 
7fee1c634000-7fee1c834000 rw-p 00000000 00:00 0 
7fee1c834000-7fee1ca34000 rw-p 00000000 00:00 0 
7fee1ca34000-7fee1cc34000 rw-p 00000000 00:00 0 
7fee1cc34000-7fee1ce34000 rw-p 00000000 00:00 0 
7fee1ce34000-7fee1d034000 rw-p 00000000 00:00 0 
7fee1d034000-7fee1d234000 rw-p 00000000 00:00 0 
7fee1d234000-7fee1d237000 ---p 00000000 00:00 0 
7fee1d237000-7fee1d335000 rw-p 00000000 00:00 0 
7fee1d335000-7fee1d348000 r--s 00345000 08:06 3233716                    /usr/lib/jvm/java-8-oracle/jre/lib/resources.jar
7fee1d348000-7fee1d34b000 ---p 00000000 00:00 0 
7fee1d34b000-7fee1d649000 rw-p 00000000 00:00 0 
7fee1d649000-7fee1d64c000 ---p 00000000 00:00 0 
7fee1d64c000-7fee1d74a000 rw-p 00000000 00:00 0 
7fee1d74a000-7fee1d74d000 ---p 00000000 00:00 0 
7fee1d74d000-7fee1d84b000 rw-p 00000000 00:00 0 
7fee1d84b000-7fee1d85b000 r-xp 00000000 08:06 3233476                    /usr/lib/jvm/java-8-oracle/jre/lib/amd64/libnio.so
7fee1d85b000-7fee1da5b000 ---p 00010000 08:06 3233476                    /usr/lib/jvm/java-8-oracle/jre/lib/amd64/libnio.so
7fee1da5b000-7fee1da5c000 rw-p 00010000 08:06 3233476                    /usr/lib/jvm/java-8-oracle/jre/lib/amd64/libnio.so
7fee1da5c000-7fee1dc5c000 rw-p 00000000 00:00 0 
7fee1dc5c000-7fee1dc64000 r-xp 00000000 08:06 3233538                    /usr/lib/jvm/java-8-oracle/jre/lib/amd64/libmanagement.so
7fee1dc64000-7fee1de64000 ---p 00008000 08:06 3233538                    /usr/lib/jvm/java-8-oracle/jre/lib/amd64/libmanagement.so
7fee1de64000-7fee1de65000 rw-p 00008000 08:06 3233538                    /usr/lib/jvm/java-8-oracle/jre/lib/amd64/libmanagement.so
7fee1de65000-7fee1de7b000 r-xp 00000000 08:06 3233484                    /usr/lib/jvm/java-8-oracle/jre/lib/amd64/libnet.so
7fee1de7b000-7fee1e07a000 ---p 00016000 08:06 3233484                    /usr/lib/jvm/java-8-oracle/jre/lib/amd64/libnet.so
7fee1e07a000-7fee1e07b000 rw-p 00015000 08:06 3233484                    /usr/lib/jvm/java-8-oracle/jre/lib/amd64/libnet.so
7fee1e07b000-7fee1e07e000 ---p 00000000 00:00 0 
7fee1e07e000-7fee1e17c000 rw-p 00000000 00:00 0 
7fee1e17c000-7fee1e17f000 r--s 00012000 08:06 5535273                    /home/jbondia/.gvm/grails/2.4.2/lib/javax.servlet/javax.servlet-api/jars/javax.servlet-api-3.0.1.jar
7fee1e17f000-7fee1e184000 r--s 00040000 08:06 5539719                    /home/jbondia/.gvm/grails/2.4.2/dist/grails-project-api-2.4.2.jar
7fee1e184000-7fee1e195000 r--s 000d2000 08:06 4485925                    /root/.m2/repository/org/liquibase/liquibase-core/2.0.5/liquibase-core-2.0.5.jar
7fee1e195000-7fee1e199000 r--s 0000c000 08:06 4485913                    /root/.m2/repository/javax/validation/validation-api/1.1.0.Final/validation-api-1.1.0.Final.jar
7fee1e199000-7fee1e19f000 r--s 0004c000 08:06 5535608                    /home/jbondia/.gvm/grails/2.4.2/lib/org.grails/grails-datastore-simple/jars/grails-datastore-simple-3.1.1.RELEASE.jar
7fee1e19f000-7fee1e1a7000 r--s 00052000 08:06 4485905                    /root/.m2/repository/org/springframework/spring-orm/4.0.5.RELEASE/spring-orm-4.0.5.RELEASE.jar
7fee1e1a7000-7fee1e1a9000 r--s 0000a000 08:06 4485897                    /root/.m2/repository/org/grails/grails-datastore-gorm-plugin-support/3.1.1.RELEASE/grails-datastore-gorm-plugin-support-3.1.1.RELEASE.jar
7fee1e1a9000-7fee1e1af000 r--s 00041000 08:06 4485889                    /root/.m2/repository/org/grails/grails-datastore-gorm-hibernate-core/3.1.1.RELEASE/grails-datastore-gorm-hibernate-core-3.1.1.RELEASE.jar
7fee1e1af000-7fee1e1b4000 r--s 00048000 08:06 4485885                    /root/.m2/repository/dom4j/dom4j/1.6.1/dom4j-1.6.1.jar
7fee1e1b4000-7fee1e1b5000 r--s 00002000 08:06 4485877                    /root/.m2/repository/org/jboss/logging/jboss-logging-annotations/1.2.0.Beta1/jboss-logging-annotations-1.2.0.Beta1.jar
7fee1e1b5000-7fee1e1b8000 r--s 00010000 08:06 4485865                    /root/.m2/repository/org/hibernate/common/hibernate-commons-annotations/4.0.4.Final/hibernate-commons-annotations-4.0.4.Final.jar
7fee1e1b8000-7fee1e1c0000 r--s 00062000 08:06 4485857                    /root/.m2/repository/org/grails/grails-datastore-gorm-hibernate4/3.1.1.RELEASE/grails-datastore-gorm-hibernate4-3.1.1.RELEASE.jar
7fee1e1c0000-7fee1e1c9000 r--s 00081000 08:06 5535607                    /home/jbondia/.gvm/grails/2.4.2/lib/org.grails/grails-datastore-gorm/jars/grails-datastore-gorm-3.1.1.RELEASE.jar
7fee1e1c9000-7fee1e1d4000 r--s 00052000 08:06 5535606                    /home/jbondia/.gvm/grails/2.4.2/lib/org.grails/grails-datastore-core/jars/grails-datastore-core-3.1.1.RELEASE.jar
7fee1e1d4000-7fee1e1d6000 r--s 0000d000 08:06 4485849                    /root/.m2/repository/org/jboss/logging/jboss-logging/3.1.0.GA/jboss-logging-3.1.0.GA.jar
7fee1e1d6000-7fee1e1ec000 r--s 000e6000 08:06 4485841                    /root/.m2/repository/net/sf/ehcache/ehcache-core/2.4.8/ehcache-core-2.4.8.jar
7fee1e1ec000-7fee1e1ee000 r--s 00011000 08:06 4485837                    /root/.m2/repository/org/jboss/jandex/1.1.0.Final/jandex-1.1.0.Final.jar
7fee1e1ee000-7fee1e1f3000 r--s 00068000 08:06 4485825                    /root/.m2/repository/antlr/antlr/2.7.7/antlr-2.7.7.jar
7fee1e1f3000-7fee1e1f4000 r--s 00006000 08:06 4485817                    /root/.m2/repository/org/jboss/spec/javax/transaction/jboss-transaction-api_1.2_spec/1.0.0.Final/jboss-transaction-api_1.2_spec-1.0.0.Final.jar
7fee1e1f4000-7fee1e251000 r--s 004a0000 08:06 4485809                    /root/.m2/repository/org/hibernate/hibernate-core/4.3.5.Final/hibernate-core-4.3.5.Final.jar
7fee1e251000-7fee1e255000 r--s 0001e000 08:06 4485805                    /root/.m2/repository/org/hibernate/hibernate-ehcache/4.3.5.Final/hibernate-ehcache-4.3.5.Final.jar
7fee1e255000-7fee1e257000 r--s 0000d000 08:06 4485793                    /root/.m2/repository/com/fasterxml/classmate/1.0.0/classmate-1.0.0.jar
7fee1e257000-7fee1e264000 r--s 00080000 08:06 4485785                    /root/.m2/repository/org/hibernate/hibernate-validator/5.0.3.Final/hibernate-validator-5.0.3.Final.jar
7fee1e264000-7fee1e26d000 r--s 000a5000 08:06 4485765                    /root/.m2/repository/org/javassist/javassist/3.17.1-GA/javassist-3.17.1-GA.jar
7fee1e26d000-7fee1e270000 r--s 00083000 08:06 5539740                    /home/jbondia/.gvm/grails/2.4.2/dist/grails-resources-2.4.2.jar
7fee1e270000-7fee1e27d000 r--s 00189000 08:06 5534751                    /home/jbondia/.gvm/grails/2.4.2/lib/com.h2database/h2/jars/h2-1.3.176.jar
7fee1e27d000-7fee1e281000 r--s 00021000 08:06 5539404                    /home/jbondia/.gvm/grails/2.4.2/dist/grails-plugin-converters-2.4.2.jar
7fee1e281000-7fee1e284000 r--s 00018000 08:06 5539467                    /home/jbondia/.gvm/grails/2.4.2/dist/grails-plugin-domain-class-2.4.2.jar
7fee1e284000-7fee1e286000 r--s 0000e000 08:06 5539572                    /home/jbondia/.gvm/grails/2.4.2/dist/grails-plugin-mimetypes-2.4.2.jar
7fee1e286000-7fee1e287000 r--s 0000e000 08:06 5535541                    /home/jbondia/.gvm/grails/2.4.2/lib/org.codehaus.jsr166-mirror/jsr166y/jars/jsr166y-1.7.0.jar
7fee1e287000-7fee1e2a3000 r--s 00136000 08:06 5535532                    /home/jbondia/.gvm/grails/2.4.2/lib/org.codehaus.gpars/gpars/jars/gpars-1.2.1.jar
7fee1e2a3000-7fee1e2a5000 r--s 00011000 08:06 5539194                    /home/jbondia/.gvm/grails/2.4.2/dist/grails-async-2.4.2.jar
7fee1e2a5000-7fee1e2a7000 r--s 0000e000 08:06 5539341                    /home/jbondia/.gvm/grails/2.4.2/dist/grails-plugin-async-2.4.2.jar
7fee1e2a7000-7fee1e2ab000 r--s 00028000 08:06 5535235                    /home/jbondia/.gvm/grails/2.4.2/lib/commons-validator/commons-validator/jars/commons-validator-1.4.0.jar
7fee1e2ab000-7fee1e2ae000 r--s 00012000 08:06 5539824                    /home/jbondia/.gvm/grails/2.4.2/dist/grails-validation-2.4.2.jar
7fee1e2ae000-7fee1e2b2000 r--s 00019000 08:06 5534739                    /home/jbondia/.gvm/grails/2.4.2/lib/com.googlecode.concurrentlinkedhashmap/concurrentlinkedhashmap-lru/jars/concurrentlinkedhashmap-lru-1.4.jar
7fee1e2b2000-7fee1e2b4000 r--s 0000e000 08:06 5539677                    /home/jbondia/.gvm/grails/2.4.2/dist/grails-plugin-url-mappings-2.4.2.jar
7fee1e2b4000-7fee1e2b5000 r--s 00006000 08:06 5539635                    /home/jbondia/.gvm/grails/2.4.2/dist/grails-plugin-servlets-2.4.2.jar
7fee1e2b5000-7fee1e2bc000 r--s 00036000 08:06 5535703                    /home/jbondia/.gvm/grails/2.4.2/lib/org.springframework/spring-tx/jars/spring-tx-4.0.5.RELEASE.jar
7fee1e2bc000-7fee1e2be000 r--s 00009000 08:06 5539614                    /home/jbondia/.gvm/grails/2.4.2/dist/grails-plugin-services-2.4.2.jar
7fee1e2be000-7fee1e2bf000 r--s 00001000 08:06 5535639                    /home/jbondia/.gvm/grails/2.4.2/lib/org.slf4j/jul-to-slf4j/jars/jul-to-slf4j-1.7.5.jar
7fee1e2bf000-7fee1e2ce000 r--s 00096000 08:06 5535707                    /home/jbondia/.gvm/grails/2.4.2/lib/org.springframework/spring-web/jars/spring-web-4.0.5.RELEASE.jar
7fee1e2ce000-7fee1e2d3000 r--s 0002e000 08:06 5539299                    /home/jbondia/.gvm/grails/2.4.2/dist/grails-encoder-2.4.2.jar
7fee1e2d3000-7fee1e2d9000 r--s 00033000 08:06 5534939                    /home/jbondia/.gvm/grails/2.4.2/lib/commons-codec/commons-codec/jars/commons-codec-1.6.jar
7fee1e2d9000-7fee1e2db000 r--s 00012000 08:06 5539362                    /home/jbondia/.gvm/grails/2.4.2/dist/grails-plugin-codecs-2.4.2.jar
7fee1e2db000-7fee1e2dd000 r--s 0000c000 08:06 5539971                    /home/jbondia/.gvm/grails/2.4.2/dist/grails-web-gsp-taglib-2.4.2.jar
7fee1e2dd000-7fee1e2e3000 r--s 00058000 08:06 5539509                    /home/jbondia/.gvm/grails/2.4.2/dist/grails-plugin-gsp-2.4.2.jar
7fee1e2e3000-7fee1e2e5000 r--s 0000b000 08:06 5539488                    /home/jbondia/.gvm/grails/2.4.2/dist/grails-plugin-filters-2.4.2.jar
7fee1e2e5000-7fee1e2ea000 r--s 00041000 08:06 5535234                    /home/jbondia/.gvm/grails/2.4.2/lib/commons-lang/commons-lang/jars/commons-lang-2.6.jar
7fee1e2ea000-7fee1e2eb000 r--s 00005000 08:06 5539530                    /home/jbondia/.gvm/grails/2.4.2/dist/grails-plugin-i18n-2.4.2.jar
7fee1e2eb000-7fee1e2f0000 r--s 00017000 08:06 5535623                    /home/jbondia/.gvm/grails/2.4.2/lib/org.hibernate.javax.persistence/hibernate-jpa-2.1-api/jars/hibernate-jpa-2.1-api-1.0.0.Final.jar
7fee1e2f0000-7fee1e2f2000 r--s 00000000 08:06 5534701                    /home/jbondia/.gvm/grails/2.4.2/lib/aopalliance/aopalliance/jars/aopalliance-1.0.jar
7fee1e2f2000-7fee1e2f4000 r--s 00009000 08:06 5539782                    /home/jbondia/.gvm/grails/2.4.2/dist/grails-spring-2.4.2.jar
7fee1e2f4000-7fee1e2f7000 r--s 00041000 08:06 5535728                    /home/jbondia/.gvm/grails/2.4.2/lib/xalan/serializer/jars/serializer-2.7.1.jar
7fee1e2f7000-7fee1e303000 r--s 00098000 08:06 5535678                    /home/jbondia/.gvm/grails/2.4.2/lib/org.springframework/spring-beans/jars/spring-beans-4.0.5.RELEASE.jar
7fee1e303000-7fee1e317000 r--s 000db000 08:06 5535687                    /home/jbondia/.gvm/grails/2.4.2/lib/org.springframework/spring-core/jars/spring-core-4.0.5.RELEASE.jar
7fee1e317000-7fee1e324000 r--s 000a7000 08:06 5539236                    /home/jbondia/.gvm/grails/2.4.2/dist/grails-core-2.4.2.jar
7fee1e324000-7fee1e325000 r--s 00005000 08:06 5539425                    /home/jbondia/.gvm/grails/2.4.2/dist/grails-plugin-databinding-2.4.2.jar
7fee1e325000-7fee1e32a000 r--s 0002e000 08:06 5535691                    /home/jbondia/.gvm/grails/2.4.2/lib/org.springframework/spring-expression/jars/spring-expression-4.0.5.RELEASE.jar
7fee1e32a000-7fee1e333000 r--s 0004e000 08:06 5535673                    /home/jbondia/.gvm/grails/2.4.2/lib/org.springframework/spring-aop/jars/spring-aop-4.0.5.RELEASE.jar
7fee1e333000-7fee1e34a000 r--s 000d8000 08:06 5535682                    /home/jbondia/.gvm/grails/2.4.2/lib/org.springframework/spring-context/jars/spring-context-4.0.5.RELEASE.jar
7fee1e34a000-7fee1e34c000 r--s 00008000 08:06 5535509                    /home/jbondia/.gvm/grails/2.4.2/lib/org.apache.tomcat/tomcat-juli/jars/tomcat-juli-7.0.50.jar
7fee1e34c000-7fee1e34e000 r--s 0001d000 08:06 5535505                    /home/jbondia/.gvm/grails/2.4.2/lib/org.apache.tomcat/tomcat-jdbc/jars/tomcat-jdbc-7.0.50.jar
7fee1e34e000-7fee1e358000 r--s 0005e000 08:06 5535695                    /home/jbondia/.gvm/grails/2.4.2/lib/org.springframework/spring-jdbc/jars/spring-jdbc-4.0.5.RELEASE.jar
7fee1e358000-7fee1e35a000 r--s 0000d000 08:06 5539446                    /home/jbondia/.gvm/grails/2.4.2/dist/grails-plugin-datasource-2.4.2.jar
7fee1e35a000-7fee1e35c000 r--s 00008000 08:06 5539698                    /home/jbondia/.gvm/grails/2.4.2/dist/grails-plugin-validation-2.4.2.jar
7fee1e35c000-7fee1e360000 r--s 00020000 08:06 5539383                    /home/jbondia/.gvm/grails/2.4.2/dist/grails-plugin-controllers-2.4.2.jar
7fee1e360000-7fee1e364000 r--s 00019000 08:06 5535517                    /home/jbondia/.gvm/grails/2.4.2/lib/org.aspectj/aspectjrt/jars/aspectjrt-1.8.0.jar
7fee1e364000-7fee1e37c000 r--s 001aa000 08:06 5535518                    /home/jbondia/.gvm/grails/2.4.2/lib/org.aspectj/aspectjweaver/jars/aspectjweaver-1.8.0.jar
7fee1e37c000-7fee1e380000 r--s 00024000 08:06 5539992                    /home/jbondia/.gvm/grails/2.4.2/dist/grails-web-jsp-2.4.2.jar
7fee1e380000-7fee1e382000 r--s 0001d000 08:06 5539887                    /home/jbondia/.gvm/grails/2.4.2/dist/grails-web-databinding-2.4.2.jar
7fee1e382000-7fee1e388000 r--s 00027000 08:06 5535459                    /home/jbondia/.gvm/grails/2.4.2/lib/opensymphony/sitemesh/jars/sitemesh-2.4.jar
7fee1e388000-7fee1e38a000 r--s 0000b000 08:06 5540034                    /home/jbondia/.gvm/grails/2.4.2/dist/grails-web-sitemesh-2.4.2.jar
7fee1e38a000-7fee1e38c000 r--s 00009000 08:06 5540013                    /home/jbondia/.gvm/grails/2.4.2/dist/grails-web-mvc-2.4.2.jar
7fee1e38c000-7fee1e38e000 r--s 0000b000 08:06 5535674                    /home/jbondia/.gvm/grails/2.4.2/lib/org.springframework/spring-aspects/jars/spring-aspects-4.0.5.RELEASE.jar
7fee1e38e000-7fee1e395000 r--s 0004f000 08:06 5539950                    /home/jbondia/.gvm/grails/2.4.2/dist/grails-web-gsp-2.4.2.jar
7fee1e395000-7fee1e399000 r--s 00027000 08:06 5535147                    /home/jbondia/.gvm/grails/2.4.2/lib/commons-io/commons-io/jars/commons-io-2.2.jar
7fee1e399000-7fee1e39b000 r--s 0000f000 08:06 5535137                    /home/jbondia/.gvm/grails/2.4.2/lib/commons-fileupload/commons-fileupload/jars/commons-fileupload-1.3.1.jar
7fee1e39b000-7fee1e39c000 r--s 00000000 08:06 5539929                    /home/jbondia/.gvm/grails/2.4.2/dist/grails-web-fileupload-2.4.2.jar
7fee1e39c000-7fee1e3a0000 r--s 00023000 08:06 5540055                    /home/jbondia/.gvm/grails/2.4.2/dist/grails-web-url-mappings-2.4.2.jar
7fee1e3a0000-7fee1e3a2000 r--s 00013000 08:06 5539257                    /home/jbondia/.gvm/grails/2.4.2/dist/grails-databinding-2.4.2.jar
7fee1e3a2000-7fee1e3a6000 r--s 0001e000 08:06 5535683                    /home/jbondia/.gvm/grails/2.4.2/lib/org.springframework/spring-context-support/jars/spring-context-support-4.0.5.RELEASE.jar
7fee1e3a6000-7fee1e3b2000 r--s 00096000 08:06 5535708                    /home/jbondia/.gvm/grails/2.4.2/lib/org.springframework/spring-webmvc/jars/spring-webmvc-4.0.5.RELEASE.jar
7fee1e3b2000-7fee1e3b7000 r--s 00030000 08:06 5539866                    /home/jbondia/.gvm/grails/2.4.2/dist/grails-web-common-2.4.2.jar
7fee1e3b7000-7fee1e3b9000 r--s 00009000 08:06 5539845                    /home/jbondia/.gvm/grails/2.4.2/dist/grails-web-2.4.2.jar
7fee1e3b9000-7fee1e3be000 r--s 0002a000 08:06 5534719                    /home/jbondia/.gvm/grails/2.4.2/lib/com.google.code.gson/gson/jars/gson-2.2.4.jar
7fee1e3be000-7fee1e5be000 rw-p 00000000 00:00 0 
7fee1e5be000-7fee1e5c1000 ---p 00000000 00:00 0 
7fee1e5c1000-7fee1e8bf000 rw-p 00000000 00:00 0 
7fee1e8bf000-7fee1e8db000 r--s 00393000 08:06 3233448                    /usr/lib/jvm/java-8-oracle/jre/lib/ext/cldrdata.jar
7fee1e8db000-7fee1eadb000 rw-p 00000000 00:00 0 
7fee1eadb000-7fee1ecdb000 rw-p 00000000 00:00 0 
7fee1ecdb000-7fee1ecde000 ---p 00000000 00:00 0 
7fee1ecde000-7fee1efdc000 rw-p 00000000 00:00 0 
7fee1efdc000-7fee1efdd000 r-xp 00000000 08:06 4603706                    /tmp/libjansi-64-533612191158108834.so
7fee1efdd000-7fee1f1dc000 ---p 00001000 08:06 4603706                    /tmp/libjansi-64-533612191158108834.so
7fee1f1dc000-7fee1f1dd000 rw-p 00000000 08:06 4603706                    /tmp/libjansi-64-533612191158108834.so
7fee1f1dd000-7fee1f1e0000 ---p 00000000 00:00 0 
7fee1f1e0000-7fee1f216000 rw-p 00000000 00:00 0 
7fee1f216000-7fee1f217000 ---p 00000000 00:00 0 
7fee1f217000-7fee1f317000 rw-p 00000000 00:00 0 
7fee1f317000-7fee1f31a000 ---p 00000000 00:00 0 
7fee1f31a000-7fee1f418000 rw-p 00000000 00:00 0 
7fee1f418000-7fee1f41b000 ---p 00000000 00:00 0 
7fee1f41b000-7fee1f519000 rw-p 00000000 00:00 0 
7fee1f519000-7fee1f51c000 ---p 00000000 00:00 0 
7fee1f51c000-7fee1f61a000 rw-p 00000000 00:00 0 
7fee1f61a000-7fee1f61d000 ---p 00000000 00:00 0 
7fee1f61d000-7fee1f71b000 rw-p 00000000 00:00 0 
7fee1f71b000-7fee1f71e000 ---p 00000000 00:00 0 
7fee1f71e000-7fee1f81c000 rw-p 00000000 00:00 0 
7fee1f81c000-7fee1feff000 r--p 00000000 08:06 3021278                    /usr/lib/locale/locale-archive
7fee1feff000-7fee1ff02000 ---p 00000000 00:00 0 
7fee1ff02000-7fee20000000 rw-p 00000000 00:00 0 
7fee20000000-7fee20021000 rw-p 00000000 00:00 0 
7fee20021000-7fee24000000 ---p 00000000 00:00 0 
7fee24000000-7fee241f4000 rw-p 00000000 00:00 0 
7fee241f4000-7fee28000000 ---p 00000000 00:00 0 
7fee28000000-7fee28021000 rw-p 00000000 00:00 0 
7fee28021000-7fee2c000000 ---p 00000000 00:00 0 
7fee2c000000-7fee2c021000 rw-p 00000000 00:00 0 
7fee2c021000-7fee30000000 ---p 00000000 00:00 0 
7fee30000000-7fee30021000 rw-p 00000000 00:00 0 
7fee30021000-7fee34000000 ---p 00000000 00:00 0 
7fee34000000-7fee34003000 r--s 00038000 08:06 5539593                    /home/jbondia/.gvm/grails/2.4.2/dist/grails-plugin-rest-2.4.2.jar
7fee34003000-7fee3400e000 r--s 0021a000 08:06 3233434                    /usr/lib/jvm/java-8-oracle/jre/lib/ext/localedata.jar
7fee3400e000-7fee34013000 r--s 00092000 08:06 3233579                    /usr/lib/jvm/java-8-oracle/jre/lib/jsse.jar
7fee34013000-7fee34019000 r--s 0005f000 08:06 5535713                    /home/jbondia/.gvm/grails/2.4.2/lib/org.springframework/springloaded/jars/springloaded-1.2.0.RELEASE.jar
7fee34019000-7fee3403a000 r--s 00267000 08:06 4484684                    /root/.m2/repository/org/apache/tomcat/embed/tomcat-embed-core/7.0.53/tomcat-embed-core-7.0.53.jar
7fee3403a000-7fee3403c000 r--s 00013000 08:06 4484675                    /root/.m2/repository/org/apache/tomcat/embed/tomcat-embed-logging-log4j/7.0.53/tomcat-embed-logging-log4j-7.0.53.jar
7fee3403c000-7fee34045000 r--s 0009f000 08:06 4484670                    /root/.m2/repository/org/apache/tomcat/embed/tomcat-embed-jasper/7.0.53/tomcat-embed-jasper-7.0.53.jar
7fee34045000-7fee34047000 r--s 0000e000 08:06 5955551                    /home/jbondia/Diputació-AST/idea_workspace/ocelot/ocelot-bpm-project/Blank_app/target/work/plugins/tomcat-7.0.54/grails-plugin-tomcat-7.0.54.jar
7fee34047000-7fee34049000 r--s 0000c000 08:06 4484667                    /root/.m2/repository/org/apache/tomcat/tomcat-catalina-ant/7.0.53/tomcat-catalina-ant-7.0.53.jar
7fee34049000-7fee34059000 r--s 0019c000 08:06 4484683                    /root/.m2/repository/org/eclipse/jdt/core/compiler/ecj/3.7.2/ecj-3.7.2.jar
7fee34059000-7fee3405e000 r--s 0002f000 08:06 4484678                    /root/.m2/repository/org/apache/tomcat/embed/tomcat-embed-websocket/7.0.53/tomcat-embed-websocket-7.0.53.jar
7fee3405e000-7fee34062000 r--s 00027000 08:06 4484672                    /root/.m2/repository/org/apache/tomcat/embed/tomcat-embed-el/7.0.53/tomcat-embed-el-7.0.53.jar
7fee34062000-7fee34064000 r--s 0001a000 08:06 5535605                    /home/jbondia/.gvm/grails/2.4.2/lib/org.fusesource.jansi/jansi/jars/jansi-1.11.jar
7fee34064000-7fee34079000 r--s 00116000 08:06 5535477                    /home/jbondia/.gvm/grails/2.4.2/lib/org.apache.ivy/ivy/jars/ivy-2.3.0.jar
7fee34079000-7fee3407c000 r--s 00018000 08:06 5535463                    /home/jbondia/.gvm/grails/2.4.2/lib/org.apache.ant/ant-junit/jars/ant-junit-1.8.4.jar
7fee3407c000-7fee340e7000 r--s 00683000 08:06 5535536                    /home/jbondia/.gvm/grails/2.4.2/lib/org.codehaus.groovy/groovy-all/jars/groovy-all-2.3.3.jar
7fee340e7000-7fee340ea000 ---p 00000000 00:00 0 
7fee340ea000-7fee341e8000 rw-p 00000000 00:00 0 
7fee341e8000-7fee341e9000 ---p 00000000 00:00 0 
7fee341e9000-7fee351f8000 rw-p 00000000 00:00 0 
7fee351f8000-7fee353cd000 r--s 03c4d000 08:06 3233577                    /usr/lib/jvm/java-8-oracle/jre/lib/rt.jar
7fee353cd000-7fee3761e000 rw-p 00000000 00:00 0 
7fee3761e000-7fee3761f000 ---p 00000000 00:00 0 
7fee3761f000-7fee3771f000 rw-p 00000000 00:00 0 
7fee3771f000-7fee37720000 ---p 00000000 00:00 0 
7fee37720000-7fee37820000 rw-p 00000000 00:00 0 
7fee37820000-7fee37821000 ---p 00000000 00:00 0 
7fee37821000-7fee37921000 rw-p 00000000 00:00 0 
7fee37921000-7fee37922000 ---p 00000000 00:00 0 
7fee37922000-7fee37a47000 rw-p 00000000 00:00 0 
7fee37a47000-7fee37b22000 ---p 00000000 00:00 0 
7fee37b22000-7fee37ba2000 rw-p 00000000 00:00 0 
7fee37ba2000-7fee37be8000 rw-p 00000000 00:00 0 
7fee37be8000-7fee37f63000 ---p 00000000 00:00 0 
7fee37f63000-7fee39073000 rwxp 00000000 00:00 0 
7fee39073000-7fee46f63000 ---p 00000000 00:00 0 
7fee46f63000-7fee46f7f000 r-xp 00000000 08:06 3233555                    /usr/lib/jvm/java-8-oracle/jre/lib/amd64/libzip.so
7fee46f7f000-7fee4717e000 ---p 0001c000 08:06 3233555                    /usr/lib/jvm/java-8-oracle/jre/lib/amd64/libzip.so
7fee4717e000-7fee4717f000 rw-p 0001b000 08:06 3233555                    /usr/lib/jvm/java-8-oracle/jre/lib/amd64/libzip.so
7fee4717f000-7fee4718b000 r-xp 00000000 08:06 5252898                    /lib/x86_64-linux-gnu/libnss_files-2.15.so
7fee4718b000-7fee4738a000 ---p 0000c000 08:06 5252898                    /lib/x86_64-linux-gnu/libnss_files-2.15.so
7fee4738a000-7fee4738b000 r--p 0000b000 08:06 5252898                    /lib/x86_64-linux-gnu/libnss_files-2.15.so
7fee4738b000-7fee4738c000 rw-p 0000c000 08:06 5252898                    /lib/x86_64-linux-gnu/libnss_files-2.15.so
7fee4738c000-7fee47396000 r-xp 00000000 08:06 5252902                    /lib/x86_64-linux-gnu/libnss_nis-2.15.so
7fee47396000-7fee47596000 ---p 0000a000 08:06 5252902                    /lib/x86_64-linux-gnu/libnss_nis-2.15.so
7fee47596000-7fee47597000 r--p 0000a000 08:06 5252902                    /lib/x86_64-linux-gnu/libnss_nis-2.15.so
7fee47597000-7fee47598000 rw-p 0000b000 08:06 5252902                    /lib/x86_64-linux-gnu/libnss_nis-2.15.so
7fee47598000-7fee475af000 r-xp 00000000 08:06 5252914                    /lib/x86_64-linux-gnu/libnsl-2.15.so
7fee475af000-7fee477ae000 ---p 00017000 08:06 5252914                    /lib/x86_64-linux-gnu/libnsl-2.15.so
7fee477ae000-7fee477af000 r--p 00016000 08:06 5252914                    /lib/x86_64-linux-gnu/libnsl-2.15.so
7fee477af000-7fee477b0000 rw-p 00017000 08:06 5252914                    /lib/x86_64-linux-gnu/libnsl-2.15.so
7fee477b0000-7fee477b2000 rw-p 00000000 00:00 0 
7fee477b2000-7fee477ba000 r-xp 00000000 08:06 5252896                    /lib/x86_64-linux-gnu/libnss_compat-2.15.so
7fee477ba000-7fee479b9000 ---p 00008000 08:06 5252896                    /lib/x86_64-linux-gnu/libnss_compat-2.15.so
7fee479b9000-7fee479ba000 r--p 00007000 08:06 5252896                    /lib/x86_64-linux-gnu/libnss_compat-2.15.so
7fee479ba000-7fee479bb000 rw-p 00008000 08:06 5252896                    /lib/x86_64-linux-gnu/libnss_compat-2.15.so
7fee479bb000-7fee479c5000 r-xp 00000000 08:06 3233456                    /usr/lib/jvm/java-8-oracle/jre/lib/amd64/libinstrument.so
7fee479c5000-7fee47bc4000 ---p 0000a000 08:06 3233456                    /usr/lib/jvm/java-8-oracle/jre/lib/amd64/libinstrument.so
7fee47bc4000-7fee47bc5000 rw-p 00009000 08:06 3233456                    /usr/lib/jvm/java-8-oracle/jre/lib/amd64/libinstrument.so
7fee47bc5000-7fee47bef000 r-xp 00000000 08:06 3233508                    /usr/lib/jvm/java-8-oracle/jre/lib/amd64/libjava.so
7fee47bef000-7fee47def000 ---p 0002a000 08:06 3233508                    /usr/lib/jvm/java-8-oracle/jre/lib/amd64/libjava.so
7fee47def000-7fee47df1000 rw-p 0002a000 08:06 3233508                    /usr/lib/jvm/java-8-oracle/jre/lib/amd64/libjava.so
7fee47df1000-7fee47dfe000 r-xp 00000000 08:06 3233551                    /usr/lib/jvm/java-8-oracle/jre/lib/amd64/libverify.so
7fee47dfe000-7fee47ffe000 ---p 0000d000 08:06 3233551                    /usr/lib/jvm/java-8-oracle/jre/lib/amd64/libverify.so
7fee47ffe000-7fee48000000 rw-p 0000d000 08:06 3233551                    /usr/lib/jvm/java-8-oracle/jre/lib/amd64/libverify.so
7fee48000000-7fee48a8e000 rw-p 00000000 00:00 0 
7fee48a8e000-7fee4c000000 ---p 00000000 00:00 0 
7fee4c000000-7fee4c001000 r--s 00004000 08:06 5535465                    /home/jbondia/.gvm/grails/2.4.2/lib/org.apache.ant/ant-launcher/jars/ant-launcher-1.8.4.jar
7fee4c001000-7fee4c01f000 r--s 001bd000 08:06 5535461                    /home/jbondia/.gvm/grails/2.4.2/lib/org.apache.ant/ant/jars/ant-1.8.4.jar
7fee4c01f000-7fee4c023000 r--s 00031000 08:06 5535445                    /home/jbondia/.gvm/grails/2.4.2/lib/jline/jline/jars/jline-2.12.jar
7fee4c023000-7fee4c025000 r--s 00005000 08:06 5535644                    /home/jbondia/.gvm/grails/2.4.2/lib/org.slf4j/slf4j-api/jars/slf4j-api-1.7.5.jar
7fee4c025000-7fee4c033000 r--s 000db000 08:06 5539215                    /home/jbondia/.gvm/grails/2.4.2/dist/grails-bootstrap-2.4.2.jar
7fee4c033000-7fee4c058000 rw-p 00000000 00:00 0 
7fee4c058000-7fee4c133000 ---p 00000000 00:00 0 
7fee4c133000-7fee4c13a000 r-xp 00000000 08:06 5252901                    /lib/x86_64-linux-gnu/librt-2.15.so
7fee4c13a000-7fee4c339000 ---p 00007000 08:06 5252901                    /lib/x86_64-linux-gnu/librt-2.15.so
7fee4c339000-7fee4c33a000 r--p 00006000 08:06 5252901                    /lib/x86_64-linux-gnu/librt-2.15.so
7fee4c33a000-7fee4c33b000 rw-p 00007000 08:06 5252901                    /lib/x86_64-linux-gnu/librt-2.15.so
7fee4c33b000-7fee4c436000 r-xp 00000000 08:06 5252905                    /lib/x86_64-linux-gnu/libm-2.15.so
7fee4c436000-7fee4c635000 ---p 000fb000 08:06 5252905                    /lib/x86_64-linux-gnu/libm-2.15.so
7fee4c635000-7fee4c636000 r--p 000fa000 08:06 5252905                    /lib/x86_64-linux-gnu/libm-2.15.so
7fee4c636000-7fee4c637000 rw-p 000fb000 08:06 5252905                    /lib/x86_64-linux-gnu/libm-2.15.so
7fee4c637000-7fee4d251000 r-xp 00000000 08:06 3233540                    /usr/lib/jvm/java-8-oracle/jre/lib/amd64/server/libjvm.so
7fee4d251000-7fee4d450000 ---p 00c1a000 08:06 3233540                    /usr/lib/jvm/java-8-oracle/jre/lib/amd64/server/libjvm.so
7fee4d450000-7fee4d519000 rw-p 00c19000 08:06 3233540                    /usr/lib/jvm/java-8-oracle/jre/lib/amd64/server/libjvm.so
7fee4d519000-7fee4d55a000 rw-p 00000000 00:00 0 
7fee4d55a000-7fee4d70f000 r-xp 00000000 08:06 5252894                    /lib/x86_64-linux-gnu/libc-2.15.so
7fee4d70f000-7fee4d90f000 ---p 001b5000 08:06 5252894                    /lib/x86_64-linux-gnu/libc-2.15.so
7fee4d90f000-7fee4d913000 r--p 001b5000 08:06 5252894                    /lib/x86_64-linux-gnu/libc-2.15.so
7fee4d913000-7fee4d915000 rw-p 001b9000 08:06 5252894                    /lib/x86_64-linux-gnu/libc-2.15.so
7fee4d915000-7fee4d91a000 rw-p 00000000 00:00 0 
7fee4d91a000-7fee4d91c000 r-xp 00000000 08:06 5252909                    /lib/x86_64-linux-gnu/libdl-2.15.so
7fee4d91c000-7fee4db1c000 ---p 00002000 08:06 5252909                    /lib/x86_64-linux-gnu/libdl-2.15.so
7fee4db1c000-7fee4db1d000 r--p 00002000 08:06 5252909                    /lib/x86_64-linux-gnu/libdl-2.15.so
7fee4db1d000-7fee4db1e000 rw-p 00003000 08:06 5252909                    /lib/x86_64-linux-gnu/libdl-2.15.so
7fee4db1e000-7fee4db35000 r-xp 00000000 08:06 3231246                    /usr/lib/jvm/java-8-oracle/lib/amd64/jli/libjli.so
7fee4db35000-7fee4dd34000 ---p 00017000 08:06 3231246                    /usr/lib/jvm/java-8-oracle/lib/amd64/jli/libjli.so
7fee4dd34000-7fee4dd35000 rw-p 00016000 08:06 3231246                    /usr/lib/jvm/java-8-oracle/lib/amd64/jli/libjli.so
7fee4dd35000-7fee4dd4d000 r-xp 00000000 08:06 5252903                    /lib/x86_64-linux-gnu/libpthread-2.15.so
7fee4dd4d000-7fee4df4c000 ---p 00018000 08:06 5252903                    /lib/x86_64-linux-gnu/libpthread-2.15.so
7fee4df4c000-7fee4df4d000 r--p 00017000 08:06 5252903                    /lib/x86_64-linux-gnu/libpthread-2.15.so
7fee4df4d000-7fee4df4e000 rw-p 00018000 08:06 5252903                    /lib/x86_64-linux-gnu/libpthread-2.15.so
7fee4df4e000-7fee4df52000 rw-p 00000000 00:00 0 
7fee4df52000-7fee4df74000 r-xp 00000000 08:06 5252906                    /lib/x86_64-linux-gnu/ld-2.15.so
7fee4df74000-7fee4df76000 r--s 00001000 08:06 3233440                    /usr/lib/jvm/java-8-oracle/jre/lib/ext/dnsns.jar
7fee4df76000-7fee4df7f000 r--s 0006f000 08:06 5535455                    /home/jbondia/.gvm/grails/2.4.2/lib/log4j/log4j/jars/log4j-1.2.17.jar
7fee4df7f000-7fee4df82000 r--s 0000d000 08:06 5539551                    /home/jbondia/.gvm/grails/2.4.2/dist/grails-plugin-log4j-2.4.2.jar
7fee4df82000-7fee4df84000 r--s 00013000 08:06 5535513                    /home/jbondia/.gvm/grails/2.4.2/lib/org.apache.tomcat.embed/tomcat-embed-logging-log4j/jars/tomcat-embed-logging-log4j-7.0.50.jar
7fee4df84000-7fee4df89000 r--s 00050000 08:06 5535528                    /home/jbondia/.gvm/grails/2.4.2/lib/org.codehaus.gant/gant_groovy1.8/jars/gant_groovy1.8-1.9.6.jar
7fee4df89000-7fee4e001000 r--s 010c6000 08:06 3233304                    /usr/lib/jvm/java-8-oracle/lib/tools.jar
7fee4e001000-7fee4e050000 rw-p 00000000 00:00 0 
7fee4e050000-7fee4e053000 ---p 00000000 00:00 0 
7fee4e053000-7fee4e155000 rw-p 00000000 00:00 0 
7fee4e155000-7fee4e156000 r--s 00000000 08:06 5539320                    /home/jbondia/.gvm/grails/2.4.2/dist/grails-logging-2.4.2.jar
7fee4e156000-7fee4e157000 r--s 00001000 08:06 5535467                    /home/jbondia/.gvm/grails/2.4.2/lib/org.apache.ant/ant-trax/jars/ant-trax-1.7.1.jar
7fee4e157000-7fee4e159000 r--s 00003000 08:06 5535634                    /home/jbondia/.gvm/grails/2.4.2/lib/org.slf4j/jcl-over-slf4j/jars/jcl-over-slf4j-1.7.5.jar
7fee4e159000-7fee4e168000 rw-p 00000000 00:00 0 
7fee4e168000-7fee4e170000 rw-s 00000000 08:06 4603705                    /tmp/hsperfdata_root/8489
7fee4e170000-7fee4e171000 rw-p 00000000 00:00 0 
7fee4e171000-7fee4e172000 ---p 00000000 00:00 0 
7fee4e172000-7fee4e174000 rw-p 00000000 00:00 0 
7fee4e174000-7fee4e175000 r--p 00022000 08:06 5252906                    /lib/x86_64-linux-gnu/ld-2.15.so
7fee4e175000-7fee4e177000 rw-p 00023000 08:06 5252906                    /lib/x86_64-linux-gnu/ld-2.15.so
7fffc1284000-7fffc12a6000 rw-p 00000000 00:00 0                          [stack]
7fffc132a000-7fffc132b000 r-xp 00000000 00:00 0                          [vdso]
ffffffffff600000-ffffffffff601000 r-xp 00000000 00:00 0                  [vsyscall]

VM Arguments:
jvm_args: -Dfile.encoding=UTF-8 -Xmx768M -Xms64M -Dgrails.fork.parent.process.port=44741 -Dgrails.fork.active=true -Dgrails.build.execution.context=/tmp/Blank_app4502794632221396628grails-execution-context -Dgrails.home=/home/jbondia/.gvm/grails/2.4.2 -javaagent:/home/jbondia/.gvm/grails/2.4.2/lib/org.springframework/springloaded/jars/springloaded-1.2.0.RELEASE.jar -Xverify:none -Dspringloaded.synchronize=true -Djdk.reflect.allowGetCallerClass=true -Dspringloaded=profile=grails;cacheDir=/root/.grails/2.4.2 
java_command: org.grails.plugins.tomcat.fork.ForkedTomcatServer
java_class_path (initial): /usr/lib/jvm/java-8-oracle/lib/tools.jar:/home/jbondia/.gvm/grails/2.4.2/lib/org.codehaus.groovy/groovy-all/jars/groovy-all-2.3.3.jar:/home/jbondia/.gvm/grails/2.4.2/lib/org.slf4j/jcl-over-slf4j/jars/jcl-over-slf4j-1.7.5.jar:/home/jbondia/.gvm/grails/2.4.2/lib/org.codehaus.gant/gant_groovy1.8/jars/gant_groovy1.8-1.9.6.jar:/home/jbondia/.gvm/grails/2.4.2/lib/org.apache.tomcat.embed/tomcat-embed-logging-log4j/jars/tomcat-embed-logging-log4j-7.0.50.jar:/home/jbondia/.gvm/grails/2.4.2/dist/grails-plugin-log4j-2.4.2.jar:/home/jbondia/.gvm/grails/2.4.2/lib/log4j/log4j/jars/log4j-1.2.17.jar:/home/jbondia/.gvm/grails/2.4.2/dist/grails-bootstrap-2.4.2.jar:/home/jbondia/.gvm/grails/2.4.2/lib/org.slf4j/slf4j-api/jars/slf4j-api-1.7.5.jar:/home/jbondia/.gvm/grails/2.4.2/lib/jline/jline/jars/jline-2.12.jar:/home/jbondia/.gvm/grails/2.4.2/lib/org.apache.ant/ant/jars/ant-1.8.4.jar:/home/jbondia/.gvm/grails/2.4.2/lib/org.apache.ant/ant-launcher/jars/ant-launcher-1.8.4.jar:/home/jbondia/.gvm/grails/2.4.2/lib/org.apache.ant/ant-trax/jars/ant-trax-1.7.1.jar:/home/jbondia/.gvm/grails/2.4.2/lib/org.apache.ant/ant-junit/jars/ant-junit-1.8.4.jar:/home/jbondia/.gvm/grails/2.4.2/lib/org.apache.ivy/ivy/jars/ivy-2.3.0.jar:/home/jbondia/.gvm/grails/2.4.2/lib/org.fusesource.jansi/jansi/jars/jansi-1.11.jar:/root/.m2/repository/org/apache/tomcat/embed/tomcat-embed-el/7.0.53/tomcat-embed-el-7.0.53.jar:/root/.m2/repository/org/apache/tomcat/embed/tomcat-embed-websocket/7.0.53/tomcat-embed-websocket-7.0.53.jar:/root/.m2/repository/org/eclipse/jdt/core/compiler/ecj/3.7.2/ecj-3.7.2.jar:/root/.m2/repository/org/apache/tomcat/tomcat-catalina-ant/7.0.53/tomcat-catalina-ant-7.0.53.jar:/home/jbondia/Diputació-AST/idea_workspace/ocelot/ocelot-bpm-project/Blank_app/target/work/plugins/tomcat-7.0.54/grails-plugin-tomcat-7.0.54.jar:/root/.m2/repository/org/apache/tomcat/embed/tomcat-embed-jasper/7.0.53/tomcat-embed-jasper-7.0.53.jar:/root/.m2/repository/org/apache/tomcat/embed/tomc
Launcher Type: SUN_STANDARD

Environment Variables:
JAVA_HOME=/usr/lib/jvm/java-8-oracle
CLASSPATH=./../lib/bootstrap.jar:./../lib/extensions.jar:./../lib/util.jar:./../lib/jdom.jar:./../lib/log4j.jar:./../lib/trove4j.jar:./../lib/jna.jar:/usr/lib/jvm/java-8-oracle/lib/tools.jar
PATH=/usr/local/sbin:/usr/local/bin:/usr/sbin:/usr/bin:/sbin:/bin
USERNAME=root
LD_LIBRARY_PATH=.:
SHELL=/bin/bash
DISPLAY=:0

Signal Handlers:
SIGSEGV: [libjvm.so+0xa2fc90], sa_mask[0]=0x7ffbfeff, sa_flags=0x10000004
SIGBUS: [libjvm.so+0xa2fc90], sa_mask[0]=0x7ffbfeff, sa_flags=0x10000004
SIGFPE: [libjvm.so+0x89b4b0], sa_mask[0]=0x7ffbfeff, sa_flags=0x10000004
SIGPIPE: [libjvm.so+0x89b4b0], sa_mask[0]=0x7ffbfeff, sa_flags=0x10000004
SIGXFSZ: [libjvm.so+0x89b4b0], sa_mask[0]=0x7ffbfeff, sa_flags=0x10000004
SIGILL: [libjvm.so+0x89b4b0], sa_mask[0]=0x7ffbfeff, sa_flags=0x10000004
SIGUSR1: SIG_DFL, sa_mask[0]=0x00000000, sa_flags=0x00000000
SIGUSR2: [libjvm.so+0x89cc50], sa_mask[0]=0x00000004, sa_flags=0x10000004
SIGHUP: [libjvm.so+0x89df00], sa_mask[0]=0x7ffbfeff, sa_flags=0x10000004
SIGINT: [libjvm.so+0x89df00], sa_mask[0]=0x7ffbfeff, sa_flags=0x10000004
SIGTERM: [libjvm.so+0x89df00], sa_mask[0]=0x7ffbfeff, sa_flags=0x10000004
SIGQUIT: [libjvm.so+0x89df00], sa_mask[0]=0x7ffbfeff, sa_flags=0x10000004


---------------  S Y S T E M  ---------------

OS:DISTRIB_ID=Ubuntu
DISTRIB_RELEASE=12.04
DISTRIB_CODENAME=precise
DISTRIB_DESCRIPTION="Ubuntu 12.04.4 LTS"

uname:Linux 3.2.0-65-generic #99-Ubuntu SMP Fri Jul 4 21:03:29 UTC 2014 x86_64
libc:glibc 2.15 NPTL 2.15 
rlimit: STACK 8192k, CORE 0k, NPROC 30326, NOFILE 4096, AS infinity
load average:4.54 4.44 3.58

/proc/meminfo:
MemTotal:        3899392 kB
MemFree:          309152 kB
Buffers:            8984 kB
Cached:           438308 kB
SwapCached:       212656 kB
Active:          2365792 kB
Inactive:        1010444 kB
Active(anon):    2237832 kB
Inactive(anon):   862224 kB
Active(file):     127960 kB
Inactive(file):   148220 kB
Unevictable:          16 kB
Mlocked:              16 kB
SwapTotal:       1951740 kB
SwapFree:        1036752 kB
Dirty:              4560 kB
Writeback:             0 kB
AnonPages:       2848324 kB
Mapped:           103812 kB
Shmem:            171040 kB
Slab:              83408 kB
SReclaimable:      43656 kB
SUnreclaim:        39752 kB
KernelStack:        6232 kB
PageTables:        50904 kB
NFS_Unstable:          0 kB
Bounce:                0 kB
WritebackTmp:          0 kB
CommitLimit:     3901436 kB
Committed_AS:    8247764 kB
VmallocTotal:   34359738367 kB
VmallocUsed:      600604 kB
VmallocChunk:   34359132636 kB
HardwareCorrupted:     0 kB
AnonHugePages:         0 kB
HugePages_Total:       0
HugePages_Free:        0
HugePages_Rsvd:        0
HugePages_Surp:        0
Hugepagesize:       2048 kB
DirectMap4k:       59392 kB
DirectMap2M:     3985408 kB


CPU:total 4 (2 cores per cpu, 2 threads per core) family 6 model 42 stepping 7, cmov, cx8, fxsr, mmx, sse, sse2, sse3, ssse3, sse4.1, sse4.2, popcnt, avx, clmul, ht, tsc, tscinvbit

/proc/cpuinfo:
processor	: 0
vendor_id	: GenuineIntel
cpu family	: 6
model		: 42
model name	: Intel(R) Core(TM) i5-2410M CPU @ 2.30GHz
stepping	: 7
microcode	: 0x14
cpu MHz		: 1400.000
cache size	: 3072 KB
physical id	: 0
siblings	: 4
core id		: 0
cpu cores	: 2
apicid		: 0
initial apicid	: 0
fpu		: yes
fpu_exception	: yes
cpuid level	: 13
wp		: yes
flags		: fpu vme de pse tsc msr pae mce cx8 apic sep mtrr pge mca cmov pat pse36 clflush dts acpi mmx fxsr sse sse2 ss ht tm pbe syscall nx rdtscp lm constant_tsc arch_perfmon pebs bts rep_good nopl xtopology nonstop_tsc aperfmperf pni pclmulqdq dtes64 monitor ds_cpl vmx est tm2 ssse3 cx16 xtpr pdcm pcid sse4_1 sse4_2 x2apic popcnt tsc_deadline_timer xsave avx lahf_lm ida arat epb xsaveopt pln pts dtherm tpr_shadow vnmi flexpriority ept vpid
bogomips	: 4589.71
clflush size	: 64
cache_alignment	: 64
address sizes	: 36 bits physical, 48 bits virtual
power management:

processor	: 1
vendor_id	: GenuineIntel
cpu family	: 6
model		: 42
model name	: Intel(R) Core(TM) i5-2410M CPU @ 2.30GHz
stepping	: 7
microcode	: 0x14
cpu MHz		: 800.000
cache size	: 3072 KB
physical id	: 0
siblings	: 4
core id		: 0
cpu cores	: 2
apicid		: 1
initial apicid	: 1
fpu		: yes
fpu_exception	: yes
cpuid level	: 13
wp		: yes
flags		: fpu vme de pse tsc msr pae mce cx8 apic sep mtrr pge mca cmov pat pse36 clflush dts acpi mmx fxsr sse sse2 ss ht tm pbe syscall nx rdtscp lm constant_tsc arch_perfmon pebs bts rep_good nopl xtopology nonstop_tsc aperfmperf pni pclmulqdq dtes64 monitor ds_cpl vmx est tm2 ssse3 cx16 xtpr pdcm pcid sse4_1 sse4_2 x2apic popcnt tsc_deadline_timer xsave avx lahf_lm ida arat epb xsaveopt pln pts dtherm tpr_shadow vnmi flexpriority ept vpid
bogomips	: 4589.36
clflush size	: 64
cache_alignment	: 64
address sizes	: 36 bits physical, 48 bits virtual
power management:

processor	: 2
vendor_id	: GenuineIntel
cpu family	: 6
model		: 42
model name	: Intel(R) Core(TM) i5-2410M CPU @ 2.30GHz
stepping	: 7
microcode	: 0x14
cpu MHz		: 1400.000
cache size	: 3072 KB
physical id	: 0
siblings	: 4
core id		: 1
cpu cores	: 2
apicid		: 2
initial apicid	: 2
fpu		: yes
fpu_exception	: yes
cpuid level	: 13
wp		: yes
flags		: fpu vme de pse tsc msr pae mce cx8 apic sep mtrr pge mca cmov pat pse36 clflush dts acpi mmx fxsr sse sse2 ss ht tm pbe syscall nx rdtscp lm constant_tsc arch_perfmon pebs bts rep_good nopl xtopology nonstop_tsc aperfmperf pni pclmulqdq dtes64 monitor ds_cpl vmx est tm2 ssse3 cx16 xtpr pdcm pcid sse4_1 sse4_2 x2apic popcnt tsc_deadline_timer xsave avx lahf_lm ida arat epb xsaveopt pln pts dtherm tpr_shadow vnmi flexpriority ept vpid
bogomips	: 4589.37
clflush size	: 64
cache_alignment	: 64
address sizes	: 36 bits physical, 48 bits virtual
power management:

processor	: 3
vendor_id	: GenuineIntel
cpu family	: 6
model		: 42
model name	: Intel(R) Core(TM) i5-2410M CPU @ 2.30GHz
stepping	: 7
microcode	: 0x14
cpu MHz		: 1400.000
cache size	: 3072 KB
physical id	: 0
siblings	: 4
core id		: 1
cpu cores	: 2
apicid		: 3
initial apicid	: 3
fpu		: yes
fpu_exception	: yes
cpuid level	: 13
wp		: yes
flags		: fpu vme de pse tsc msr pae mce cx8 apic sep mtrr pge mca cmov pat pse36 clflush dts acpi mmx fxsr sse sse2 ss ht tm pbe syscall nx rdtscp lm constant_tsc arch_perfmon pebs bts rep_good nopl xtopology nonstop_tsc aperfmperf pni pclmulqdq dtes64 monitor ds_cpl vmx est tm2 ssse3 cx16 xtpr pdcm pcid sse4_1 sse4_2 x2apic popcnt tsc_deadline_timer xsave avx lahf_lm ida arat epb xsaveopt pln pts dtherm tpr_shadow vnmi flexpriority ept vpid
bogomips	: 4589.37
clflush size	: 64
cache_alignment	: 64
address sizes	: 36 bits physical, 48 bits virtual
power management:



Memory: 4k page, physical 3899392k(309152k free), swap 1951740k(1036752k free)

vm_info: Java HotSpot(TM) 64-Bit Server VM (25.5-b02) for linux-amd64 JRE (1.8.0_05-b13), built on Mar 18 2014 00:29:27 by "java_re" with gcc 4.3.0 20080428 (Red Hat 4.3.0-8)

time: Wed Jul  9 12:13:16 2014
elapsed time: 35 seconds

