#
# A fatal error has been detected by the Java Runtime Environment:
#
#  SIGSEGV (0xb) at pc=0x00007f6685082b2c, pid=4624, tid=140077805553408
#
# JRE version: Java(TM) SE Runtime Environment (8.0_05-b13) (build 1.8.0_05-b13)
# Java VM: Java HotSpot(TM) 64-Bit Server VM (25.5-b02 mixed mode linux-amd64 compressed oops)
# Problematic frame:
# V  [libjvm.so+0x304b2c]  OopFlow::build_oop_map(Node*, int, PhaseRegAlloc*, int*)+0x14c
#
# Failed to write core dump. Core dumps have been disabled. To enable core dumping, try "ulimit -c unlimited" before starting Java again
#
# If you would like to submit a bug report, please visit:
#   http://bugreport.sun.com/bugreport/crash.jsp
#

---------------  T H R E A D  ---------------

Current thread (0x00007f668025a800):  JavaThread "C2 CompilerThread1" daemon [_thread_in_native, id=4637, stack(0x00007f6667c74000,0x00007f6667d75000)]

siginfo:si_signo=SIGSEGV: si_errno=0, si_code=1 (SEGV_MAPERR), si_addr=0x0000000000000000

Registers:
RAX=0x00007f66443e8968, RBX=0x0000000000000000, RCX=0x0000000000000008, RDX=0x00007f66443e9040
RSP=0x00007f6667d706e0, RBP=0x00007f6667d70760, RSI=0x00000000000000db, RDI=0x00007f66443e9070
R8 =0x00007f66386301d0, R9 =0x0000000000000013, R10=0x00007f6667d720c0, R11=0x00007f6685e25610
R12=0x00000000000000c0, R13=0x0000000000000180, R14=0x00000000000000b8, R15=0x00007f6639467298
RIP=0x00007f6685082b2c, EFLAGS=0x0000000000010246, CSGSFS=0x0000000000000033, ERR=0x0000000000000004
  TRAPNO=0x000000000000000e

Top of Stack: (sp=0x00007f6667d706e0)
0x00007f6667d706e0:   00007f663862f9b0 0000000000000400
0x00007f6667d706f0:   00007f66386301d0 00007f6667d71f90
0x00007f6667d70700:   000000da3862ba30 00007f6639467298
0x00007f6667d70710:   00007f66443e9040 0000001c8528ba56
0x00007f6667d70720:   00007f66443e9070 00007f663c836f40
0x00007f6667d70730:   0000000867d70780 00007f6639467298
0x00007f6667d70740:   00007f66443e9040 0000000000000012
0x00007f6667d70750:   0000000000000013 0000000000000013
0x00007f6667d70760:   00007f6667d707d0 00007f668508310a
0x00007f6667d70770:   00007f6667d707d0 00007f660000ffff
0x00007f6667d70780:   00007f6600000004 00007f663862ba30
0x00007f6667d70790:   000000da67d707d0 00007f6667d71f90
0x00007f6667d707a0:   0000000939466dd8 0000000000000000
0x00007f6667d707b0:   00007f6639b5e2a8 0000000000000000
0x00007f6667d707c0:   00007f66443e5ac0 00007f6639b5dc78
0x00007f6667d707d0:   00007f6667d70910 00007f668508429d
0x00007f6667d707e0:   00007f6667d70820 00007f661c4082f0
0x00007f6667d707f0:   00007f6667d708b0 0000000000000018
0x00007f6667d70800:   000000000000001c 000000070f000000
0x00007f6667d70810:   0000000100000004 00007f6667d708d8
0x00007f6667d70820:   00007f6667d708d0 00007f6667d708b0
0x00007f6667d70830:   00007f6667d708b0 00007f6667d708b0
0x00007f6667d70840:   00007f6667d72e00 0000000000000007
0x00007f6667d70850:   00007f6667d720c0 00000007000000da
0x00007f6667d70860:   00007f663862ba30 00007f668025b360
0x00007f6667d70870:   00000000000000da ffffffff386285c0
0x00007f6667d70880:   00007f66398f7020 00007f6639466dd8
0x00007f6667d70890:   00007f663862bb60 0000000000000020
0x00007f6667d708a0:   ffffffffffffffdf 00007f6667d71f90
0x00007f6667d708b0:   00007f6600000080 00007f668025b360
0x00007f6667d708c0:   00007f663862e130 00007f6600000004
0x00007f6667d708d0:   0000000000000014 0000000000000000 

Instructions: (pc=0x00007f6685082b2c)
0x00007f6685082b0c:   44 39 e2 0f 8e bb 00 00 00 48 8b 05 fc 90 ba 00
0x00007f6685082b1c:   4e 8b 34 a8 48 8b 55 b0 48 8b 42 08 4a 8b 1c a8
0x00007f6685082b2c:   48 8b 03 48 89 df ff 50 28 8b 48 10 48 89 c6 48
0x00007f6685082b3c:   8b 15 de a9 ba 00 48 63 c1 48 8d 44 00 01 48 c1 

Register to memory mapping:

RAX=0x00007f66443e8968 is an unknown value
RBX=0x0000000000000000 is an unknown value
RCX=0x0000000000000008 is an unknown value
RDX=0x00007f66443e9040 is an unknown value
RSP=0x00007f6667d706e0 is pointing into the stack for thread: 0x00007f668025a800
RBP=0x00007f6667d70760 is pointing into the stack for thread: 0x00007f668025a800
RSI=0x00000000000000db is an unknown value
RDI=0x00007f66443e9070 is an unknown value
R8 =0x00007f66386301d0 is an unknown value
R9 =0x0000000000000013 is an unknown value
R10=0x00007f6667d720c0 is pointing into the stack for thread: 0x00007f668025a800
R11=0x00007f6685e25610: <offset 0x184610> in /lib/x86_64-linux-gnu/libc.so.6 at 0x00007f6685ca1000
R12=0x00000000000000c0 is an unknown value
R13=0x0000000000000180 is an unknown value
R14=0x00000000000000b8 is an unknown value
R15=0x00007f6639467298 is an unknown value


Stack: [0x00007f6667c74000,0x00007f6667d75000],  sp=0x00007f6667d706e0,  free space=1009k
Native frames: (J=compiled Java code, j=interpreted, Vv=VM code, C=native code)
V  [libjvm.so+0x304b2c]  OopFlow::build_oop_map(Node*, int, PhaseRegAlloc*, int*)+0x14c
V  [libjvm.so+0x30510a]  OopFlow::compute_reach(PhaseRegAlloc*, int, Dict*)+0x22a
V  [libjvm.so+0x30629d]  Compile::BuildOopMaps()+0xffd
V  [libjvm.so+0x8b4b8d]  Compile::Output()+0x6dd
V  [libjvm.so+0x45e05a]  Compile::Code_Gen()+0x30a
V  [libjvm.so+0x4612c5]  Compile::Compile(ciEnv*, C2Compiler*, ciMethod*, int, bool, bool, bool)+0x1435
V  [libjvm.so+0x3b5008]  C2Compiler::compile_method(ciEnv*, ciMethod*, int)+0x198
V  [libjvm.so+0x46982a]  CompileBroker::invoke_compiler_on_method(CompileTask*)+0xc8a
V  [libjvm.so+0x46c230]  CompileBroker::compiler_thread_loop()+0x620
V  [libjvm.so+0x9e303f]  JavaThread::thread_main_inner()+0xdf
V  [libjvm.so+0x9e3205]  JavaThread::run()+0x1b5
V  [libjvm.so+0x8a00c8]  java_start(Thread*)+0x108


Current CompileTask:
C2:  37286 5495       4       groovy.lang.MetaClassImpl::findPropertyMethod (356 bytes)


---------------  P R O C E S S  ---------------

Java Threads: ( => current thread )
  0x00007f65f0016800 JavaThread "http-bio-8080-exec-3" daemon [_thread_in_native, id=4684, stack(0x00007f665e9fa000,0x00007f665eafb000)]
  0x00007f668000c800 JavaThread "DestroyJavaVM" [_thread_blocked, id=4627, stack(0x00007f6686797000,0x00007f6686898000)]
  0x00007f6680355000 JavaThread "Thread-9" [_thread_blocked, id=4682, stack(0x00007f665ecfb000,0x00007f665edfc000)]
  0x00007f6604003800 JavaThread "http-bio-8080-exec-2" daemon [_thread_blocked, id=4681, stack(0x00007f665edfc000,0x00007f665eefd000)]
  0x00007f6604001800 JavaThread "http-bio-8080-exec-1" daemon [_thread_in_native, id=4680, stack(0x00007f665eefd000,0x00007f665effe000)]
  0x00007f6680412800 JavaThread "http-bio-8080-AsyncTimeout" daemon [_thread_blocked, id=4679, stack(0x00007f665effe000,0x00007f665f0ff000)]
  0x00007f66807af000 JavaThread "http-bio-8080-Acceptor-0" daemon [_thread_in_native, id=4678, stack(0x00007f665f0ff000,0x00007f665f200000)]
  0x00007f66807ae000 JavaThread "ContainerBackgroundProcessor[StandardEngine[Tomcat]]" daemon [_thread_blocked, id=4677, stack(0x00007f6664078000,0x00007f6664179000)]
  0x00007f661caa3000 JavaThread "net.sf.ehcache.CacheManager@644fe0e5" daemon [_thread_blocked, id=4674, stack(0x00007f6664179000,0x00007f666427a000)]
  0x00007f661c415800 JavaThread "PoolCleaner[2029934868:1404804979484]" daemon [_thread_blocked, id=4672, stack(0x00007f666487a000,0x00007f666497b000)]
  0x00007f661c103000 JavaThread "FileSystemWatcher: files=#201 cl=groovy.lang.GroovyClassLoader@78fe5914" daemon [_thread_blocked, id=4670, stack(0x00007f666597b000,0x00007f6665a7c000)]
  0x00007f661c0bc000 JavaThread "Thread-4" daemon [_thread_in_native, id=4669, stack(0x00007f6665a8f000,0x00007f6665b90000)]
  0x00007f6618001800 JavaThread "localhost-startStop-1" daemon [_thread_blocked, id=4668, stack(0x00007f6665d90000,0x00007f6665e91000)]
  0x00007f668040d800 JavaThread "Tomcat-startStop-1" daemon [_thread_blocked, id=4667, stack(0x00007f6665e91000,0x00007f6665f92000)]
  0x00007f6680966000 JavaThread "Thread-3" [_thread_in_native, id=4666, stack(0x00007f66667c2000,0x00007f66668c3000)]
  0x00007f66806a8000 JavaThread "Thread-2" [_thread_blocked, id=4665, stack(0x00007f6666d09000,0x00007f6666e0a000)]
  0x00007f668045f000 JavaThread "NonBlockingInputStreamThread" daemon [_thread_blocked, id=4653, stack(0x00007f6667431000,0x00007f6667532000)]
  0x00007f668044d800 JavaThread "process reaper" daemon [_thread_blocked, id=4642, stack(0x00007f6667933000,0x00007f666796c000)]
  0x00007f668028c000 JavaThread "Service Thread" daemon [_thread_blocked, id=4639, stack(0x00007f6667a72000,0x00007f6667b73000)]
  0x00007f668026b000 JavaThread "C1 CompilerThread2" daemon [_thread_blocked, id=4638, stack(0x00007f6667b73000,0x00007f6667c74000)]
=>0x00007f668025a800 JavaThread "C2 CompilerThread1" daemon [_thread_in_native, id=4637, stack(0x00007f6667c74000,0x00007f6667d75000)]
  0x00007f6680259800 JavaThread "C2 CompilerThread0" daemon [_thread_in_native, id=4636, stack(0x00007f6667d75000,0x00007f6667e76000)]
  0x00007f6680175000 JavaThread "Signal Dispatcher" daemon [_thread_blocked, id=4635, stack(0x00007f6667eff000,0x00007f6668000000)]
  0x00007f6680146000 JavaThread "Finalizer" daemon [_thread_blocked, id=4634, stack(0x00007f666c734000,0x00007f666c835000)]
  0x00007f6680141800 JavaThread "Reference Handler" daemon [_thread_blocked, id=4633, stack(0x00007f666c835000,0x00007f666c936000)]

Other Threads:
  0x00007f668013c800 VMThread [stack: 0x00007f666c936000,0x00007f666ca37000] [id=4632]
  0x00007f668028e800 WatcherThread [stack: 0x00007f6667971000,0x00007f6667a72000] [id=4640]

VM state:not at safepoint (normal execution)

VM Mutex/Monitor currently owned by a thread: None

Heap:
 PSYoungGen      total 107520K, used 10199K [0x00000000f0000000, 0x0000000100000000, 0x0000000100000000)
  eden space 106496K, 8% used [0x00000000f0000000,0x00000000f08f7210,0x00000000f6800000)
  from space 1024K, 99% used [0x00000000f6800000,0x00000000f68fea28,0x00000000f6900000)
  to   space 78848K, 0% used [0x00000000fb300000,0x00000000fb300000,0x0000000100000000)
 ParOldGen       total 132096K, used 116673K [0x00000000d0000000, 0x00000000d8100000, 0x00000000f0000000)
  object space 132096K, 88% used [0x00000000d0000000,0x00000000d71f04e0,0x00000000d8100000)
 Metaspace       used 67033K, capacity 69312K, committed 69460K, reserved 1110016K
  class space    used 7735K, capacity 8471K, committed 8576K, reserved 1048576K

Card table byte_map: [0x00007f6670270000,0x00007f66703f1000] byte_map_base: 0x00007f666fbf0000

Marking Bits: (ParMarkBitMap*) 0x00007f6685c76cc0
 Begin Bits: [0x00007f666e56c000, 0x00007f666f16c000)
 End Bits:   [0x00007f666f16c000, 0x00007f666fd6c000)

Polling page: 0x00007f66868b8000

CodeCache: size=245760Kb used=20157Kb max_used=20192Kb free=225602Kb
 bounds [0x00007f66707b1000, 0x00007f6671b81000, 0x00007f667f7b1000]
 total_blobs=6305 nmethods=5547 adapters=669
 compilation: enabled

Compilation events (10 events):
Event: 33.198 Thread 0x00007f668026b000 5984       2       org.codehaus.groovy.grails.plugins.DefaultGrailsPlugin::getName (8 bytes)
Event: 33.199 Thread 0x00007f668026b000 nmethod 5984 0x00007f6671b4ad90 code [0x00007f6671b4aee0, 0x00007f6671b4b030]
Event: 33.200 Thread 0x00007f668026b000 5985       2       grails.util.PluginBuildSettings$_getDescriptorForPlugin_closure26::$getCallSiteArray (40 bytes)
Event: 33.201 Thread 0x00007f668026b000 nmethod 5985 0x00007f6671b4b0d0 code [0x00007f6671b4b260, 0x00007f6671b4b778]
Event: 33.202 Thread 0x00007f668026b000 5986       2       java.util.concurrent.ConcurrentHashMap$KeyIterator::next (34 bytes)
Event: 33.202 Thread 0x00007f668026b000 nmethod 5986 0x00007f6671b4ba50 code [0x00007f6671b4bbc0, 0x00007f6671b4bdf8]
Event: 37.189 Thread 0x00007f668025a800 nmethod 5423 0x00007f6671b58dd0 code [0x00007f6671b59ba0, 0x00007f6671b639f0]
Event: 37.189 Thread 0x00007f668025a800 5418       4       org.codehaus.groovy.runtime.metaclass.MetaMethodIndex::isMatchingMethod (68 bytes)
Event: 37.193 Thread 0x00007f668025a800 nmethod 5418 0x00007f6671b55c50 code [0x00007f6671b55da0, 0x00007f6671b55ef8]
Event: 37.193 Thread 0x00007f668025a800 5495       4       groovy.lang.MetaClassImpl::findPropertyMethod (356 bytes)

GC Heap History (10 events):
Event: 30.086 GC heap before
{Heap before GC invocations=79 (full 5):
 PSYoungGen      total 183808K, used 183665K [0x00000000f0000000, 0x0000000100000000, 0x0000000100000000)
  eden space 135168K, 100% used [0x00000000f0000000,0x00000000f8400000,0x00000000f8400000)
  from space 48640K, 99% used [0x00000000f8400000,0x00000000fb35c5b0,0x00000000fb380000)
  to   space 68096K, 0% used [0x00000000fbd80000,0x00000000fbd80000,0x0000000100000000)
 ParOldGen       total 75776K, used 61131K [0x00000000d0000000, 0x00000000d4a00000, 0x00000000f0000000)
  object space 75776K, 80% used [0x00000000d0000000,0x00000000d3bb2e80,0x00000000d4a00000)
 Metaspace       used 63946K, capacity 66188K, committed 66260K, reserved 1107968K
  class space    used 7395K, capacity 8142K, committed 8192K, reserved 1048576K
Event: 30.172 GC heap after
Heap after GC invocations=79 (full 5):
 PSYoungGen      total 184832K, used 50969K [0x00000000f0000000, 0x0000000100000000, 0x0000000100000000)
  eden space 116736K, 0% used [0x00000000f0000000,0x00000000f0000000,0x00000000f7200000)
  from space 68096K, 74% used [0x00000000fbd80000,0x00000000fef46650,0x0000000100000000)
  to   space 72704K, 0% used [0x00000000f7200000,0x00000000f7200000,0x00000000fb900000)
 ParOldGen       total 75776K, used 61139K [0x00000000d0000000, 0x00000000d4a00000, 0x00000000f0000000)
  object space 75776K, 80% used [0x00000000d0000000,0x00000000d3bb4e80,0x00000000d4a00000)
 Metaspace       used 63946K, capacity 66188K, committed 66260K, reserved 1107968K
  class space    used 7395K, capacity 8142K, committed 8192K, reserved 1048576K
}
Event: 30.702 GC heap before
{Heap before GC invocations=80 (full 5):
 PSYoungGen      total 184832K, used 167705K [0x00000000f0000000, 0x0000000100000000, 0x0000000100000000)
  eden space 116736K, 100% used [0x00000000f0000000,0x00000000f7200000,0x00000000f7200000)
  from space 68096K, 74% used [0x00000000fbd80000,0x00000000fef46650,0x0000000100000000)
  to   space 72704K, 0% used [0x00000000f7200000,0x00000000f7200000,0x00000000fb900000)
 ParOldGen       total 75776K, used 61139K [0x00000000d0000000, 0x00000000d4a00000, 0x00000000f0000000)
  object space 75776K, 80% used [0x00000000d0000000,0x00000000d3bb4ed0,0x00000000d4a00000)
 Metaspace       used 64942K, capacity 67224K, committed 67412K, reserved 1107968K
  class space    used 7491K, capacity 8274K, committed 8320K, reserved 1048576K
Event: 30.780 GC heap after
Heap after GC invocations=80 (full 5):
 PSYoungGen      total 167936K, used 50884K [0x00000000f0000000, 0x0000000100000000, 0x0000000100000000)
  eden space 116736K, 0% used [0x00000000f0000000,0x00000000f0000000,0x00000000f7200000)
  from space 51200K, 99% used [0x00000000f7200000,0x00000000fa3b11f8,0x00000000fa400000)
  to   space 76288K, 0% used [0x00000000fb580000,0x00000000fb580000,0x0000000100000000)
 ParOldGen       total 75776K, used 62391K [0x00000000d0000000, 0x00000000d4a00000, 0x00000000f0000000)
  object space 75776K, 82% used [0x00000000d0000000,0x00000000d3cedee0,0x00000000d4a00000)
 Metaspace       used 64942K, capacity 67224K, committed 67412K, reserved 1107968K
  class space    used 7491K, capacity 8274K, committed 8320K, reserved 1048576K
}
Event: 32.309 GC heap before
{Heap before GC invocations=81 (full 5):
 PSYoungGen      total 167936K, used 167620K [0x00000000f0000000, 0x0000000100000000, 0x0000000100000000)
  eden space 116736K, 100% used [0x00000000f0000000,0x00000000f7200000,0x00000000f7200000)
  from space 51200K, 99% used [0x00000000f7200000,0x00000000fa3b11f8,0x00000000fa400000)
  to   space 76288K, 0% used [0x00000000fb580000,0x00000000fb580000,0x0000000100000000)
 ParOldGen       total 157696K, used 150284K [0x00000000d0000000, 0x00000000d9a00000, 0x00000000f0000000)
  object space 157696K, 95% used [0x00000000d0000000,0x00000000d92c33b0,0x00000000d9a00000)
 Metaspace       used 66751K, capacity 69058K, committed 69460K, reserved 1110016K
  class space    used 7699K, capacity 8457K, committed 8576K, reserved 1048576K
Event: 32.385 GC heap after
Heap after GC invocations=81 (full 5):
 PSYoungGen      total 182784K, used 47943K [0x00000000f0000000, 0x0000000100000000, 0x0000000100000000)
  eden space 106496K, 0% used [0x00000000f0000000,0x00000000f0000000,0x00000000f6800000)
  from space 76288K, 62% used [0x00000000fb580000,0x00000000fe451dd8,0x0000000100000000)
  to   space 77824K, 0% used [0x00000000f6800000,0x00000000f6800000,0x00000000fb400000)
 ParOldGen       total 157696K, used 157303K [0x00000000d0000000, 0x00000000d9a00000, 0x00000000f0000000)
  object space 157696K, 99% used [0x00000000d0000000,0x00000000d999df40,0x00000000d9a00000)
 Metaspace       used 66751K, capacity 69058K, committed 69460K, reserved 1110016K
  class space    used 7699K, capacity 8457K, committed 8576K, reserved 1048576K
}
Event: 32.385 GC heap before
{Heap before GC invocations=82 (full 6):
 PSYoungGen      total 182784K, used 47943K [0x00000000f0000000, 0x0000000100000000, 0x0000000100000000)
  eden space 106496K, 0% used [0x00000000f0000000,0x00000000f0000000,0x00000000f6800000)
  from space 76288K, 62% used [0x00000000fb580000,0x00000000fe451dd8,0x0000000100000000)
  to   space 77824K, 0% used [0x00000000f6800000,0x00000000f6800000,0x00000000fb400000)
 ParOldGen       total 157696K, used 157303K [0x00000000d0000000, 0x00000000d9a00000, 0x00000000f0000000)
  object space 157696K, 99% used [0x00000000d0000000,0x00000000d999df40,0x00000000d9a00000)
 Metaspace       used 66751K, capacity 69058K, committed 69460K, reserved 1110016K
  class space    used 7699K, capacity 8457K, committed 8576K, reserved 1048576K
Event: 32.872 GC heap after
Heap after GC invocations=82 (full 6):
 PSYoungGen      total 182784K, used 0K [0x00000000f0000000, 0x0000000100000000, 0x0000000100000000)
  eden space 106496K, 0% used [0x00000000f0000000,0x00000000f0000000,0x00000000f6800000)
  from space 76288K, 0% used [0x00000000fb580000,0x00000000fb580000,0x0000000100000000)
  to   space 77824K, 0% used [0x00000000f6800000,0x00000000f6800000,0x00000000fb400000)
 ParOldGen       total 132096K, used 116665K [0x00000000d0000000, 0x00000000d8100000, 0x00000000f0000000)
  object space 132096K, 88% used [0x00000000d0000000,0x00000000d71ee4e0,0x00000000d8100000)
 Metaspace       used 66751K, capacity 69058K, committed 69460K, reserved 1110016K
  class space    used 7699K, capacity 8457K, committed 8576K, reserved 1048576K
}
Event: 33.110 GC heap before
{Heap before GC invocations=83 (full 6):
 PSYoungGen      total 182784K, used 106496K [0x00000000f0000000, 0x0000000100000000, 0x0000000100000000)
  eden space 106496K, 100% used [0x00000000f0000000,0x00000000f6800000,0x00000000f6800000)
  from space 76288K, 0% used [0x00000000fb580000,0x00000000fb580000,0x0000000100000000)
  to   space 77824K, 0% used [0x00000000f6800000,0x00000000f6800000,0x00000000fb400000)
 ParOldGen       total 132096K, used 116665K [0x00000000d0000000, 0x00000000d8100000, 0x00000000f0000000)
  object space 132096K, 88% used [0x00000000d0000000,0x00000000d71ee4e0,0x00000000d8100000)
 Metaspace       used 66963K, capacity 69298K, committed 69460K, reserved 1110016K
  class space    used 7721K, capacity 8465K, committed 8576K, reserved 1048576K
Event: 33.115 GC heap after
Heap after GC invocations=83 (full 6):
 PSYoungGen      total 107520K, used 1018K [0x00000000f0000000, 0x0000000100000000, 0x0000000100000000)
  eden space 106496K, 0% used [0x00000000f0000000,0x00000000f0000000,0x00000000f6800000)
  from space 1024K, 99% used [0x00000000f6800000,0x00000000f68fea28,0x00000000f6900000)
  to   space 78848K, 0% used [0x00000000fb300000,0x00000000fb300000,0x0000000100000000)
 ParOldGen       total 132096K, used 116673K [0x00000000d0000000, 0x00000000d8100000, 0x00000000f0000000)
  object space 132096K, 88% used [0x00000000d0000000,0x00000000d71f04e0,0x00000000d8100000)
 Metaspace       used 66963K, capacity 69298K, committed 69460K, reserved 1110016K
  class space    used 7721K, capacity 8465K, committed 8576K, reserved 1048576K
}

Deoptimization events (10 events):
Event: 26.188 Thread 0x00007f6618001800 Uncommon trap: reason=bimorphic action=maybe_recompile pc=0x00007f667169ba68 method=java.util.regex.Pattern$Curly.match0(Ljava/util/regex/Matcher;IILjava/lang/CharSequence;)Z @ 170
Event: 26.188 Thread 0x00007f6618001800 Uncommon trap: reason=bimorphic action=maybe_recompile pc=0x00007f667169ba68 method=java.util.regex.Pattern$Curly.match0(Ljava/util/regex/Matcher;IILjava/lang/CharSequence;)Z @ 170
Event: 29.962 Thread 0x00007f6618001800 Uncommon trap: reason=class_check action=maybe_recompile pc=0x00007f667130bc58 method=java.lang.AbstractStringBuilder.append(Ljava/lang/CharSequence;II)Ljava/lang/AbstractStringBuilder; @ 18
Event: 29.962 Thread 0x00007f6618001800 Uncommon trap: reason=class_check action=maybe_recompile pc=0x00007f667130bc58 method=java.lang.AbstractStringBuilder.append(Ljava/lang/CharSequence;II)Ljava/lang/AbstractStringBuilder; @ 18
Event: 29.988 Thread 0x00007f6618001800 Uncommon trap: reason=class_check action=maybe_recompile pc=0x00007f667130bc58 method=java.lang.AbstractStringBuilder.append(Ljava/lang/CharSequence;II)Ljava/lang/AbstractStringBuilder; @ 18
Event: 29.990 Thread 0x00007f6618001800 Uncommon trap: reason=class_check action=maybe_recompile pc=0x00007f667130bc58 method=java.lang.AbstractStringBuilder.append(Ljava/lang/CharSequence;II)Ljava/lang/AbstractStringBuilder; @ 18
Event: 31.301 Thread 0x00007f6680355000 Uncommon trap: reason=bimorphic action=maybe_recompile pc=0x00007f66717026cc method=java.util.Hashtable.put(Ljava/lang/Object;Ljava/lang/Object;)Ljava/lang/Object; @ 60
Event: 31.301 Thread 0x00007f6680355000 Uncommon trap: reason=bimorphic action=maybe_recompile pc=0x00007f66717026cc method=java.util.Hashtable.put(Ljava/lang/Object;Ljava/lang/Object;)Ljava/lang/Object; @ 60
Event: 33.153 Thread 0x00007f6680355000 Uncommon trap: reason=unreached action=reinterpret pc=0x00007f6670a1aa88 method=groovy.lang.MetaClassImpl.establishStaticMetaProperty(Lgroovy/lang/MetaProperty;)Lgroovy/lang/MetaProperty; @ 165
Event: 33.156 Thread 0x00007f6680355000 Uncommon trap: reason=unreached action=reinterpret pc=0x00007f66714da83c method=org.springsource.loaded.agent.SpringLoadedPreProcessor.getIsReloadableTypePlugins()Ljava/util/List; @ 3

Internal exceptions (10 events):
Event: 33.153 Thread 0x00007f6680355000 Exception <a 'java/security/PrivilegedActionException'> (0x00000000f03f2920) thrown at [/HUDSON/workspace/8-2-build-linux-amd64/jdk8u5/2488/hotspot/src/share/vm/prims/jvm.cpp, line 1248]
Event: 33.153 Thread 0x00007f6680355000 Exception <a 'java/lang/ClassNotFoundException': org/codehaus/groovy/grails/compiler/GrailsProjectWatcherCustomizer> (0x00000000f03f2d18) thrown at [/HUDSON/workspace/8-2-build-linux-amd64/jdk8u5/2488/hotspot/src/share/vm/classfile/systemDictionary.cpp, l
Event: 33.154 Thread 0x00007f6680355000 Exception <a 'java/security/PrivilegedActionException'> (0x00000000f03fcb98) thrown at [/HUDSON/workspace/8-2-build-linux-amd64/jdk8u5/2488/hotspot/src/share/vm/prims/jvm.cpp, line 1248]
Event: 33.154 Thread 0x00007f6680355000 Exception <a 'java/security/PrivilegedActionException'> (0x00000000f0400ef0) thrown at [/HUDSON/workspace/8-2-build-linux-amd64/jdk8u5/2488/hotspot/src/share/vm/prims/jvm.cpp, line 1248]
Event: 33.155 Thread 0x00007f6680355000 Exception <a 'java/security/PrivilegedActionException'> (0x00000000f040b8e8) thrown at [/HUDSON/workspace/8-2-build-linux-amd64/jdk8u5/2488/hotspot/src/share/vm/prims/jvm.cpp, line 1248]
Event: 33.155 Thread 0x00007f6680355000 Exception <a 'java/security/PrivilegedActionException'> (0x00000000f0410790) thrown at [/HUDSON/workspace/8-2-build-linux-amd64/jdk8u5/2488/hotspot/src/share/vm/prims/jvm.cpp, line 1248]
Event: 33.155 Thread 0x00007f6680355000 Exception <a 'java/security/PrivilegedActionException'> (0x00000000f0415058) thrown at [/HUDSON/workspace/8-2-build-linux-amd64/jdk8u5/2488/hotspot/src/share/vm/prims/jvm.cpp, line 1248]
Event: 33.156 Thread 0x00007f6680355000 Implicit null exception at 0x00007f66714da427 to 0x00007f66714da831
Event: 33.172 Thread 0x00007f6680355000 Exception <a 'java/security/PrivilegedActionException'> (0x00000000f054b6f0) thrown at [/HUDSON/workspace/8-2-build-linux-amd64/jdk8u5/2488/hotspot/src/share/vm/prims/jvm.cpp, line 1248]
Event: 33.172 Thread 0x00007f6680355000 Exception <a 'java/security/PrivilegedActionException'> (0x00000000f054fd08) thrown at [/HUDSON/workspace/8-2-build-linux-amd64/jdk8u5/2488/hotspot/src/share/vm/prims/jvm.cpp, line 1248]

Events (10 events):
Event: 33.154 loading class org/springsource/loaded/Plugins done
Event: 33.155 loading class org/codehaus/groovy/grails/cli/agent/GrailsPluginManagerReloadPlugin
Event: 33.155 loading class org/codehaus/groovy/grails/cli/agent/GrailsPluginManagerReloadPlugin done
Event: 33.156 Thread 0x00007f6680355000 Uncommon trap: trap_request=0xffffffad fr.pc=0x00007f66714da83c
Event: 33.156 Thread 0x00007f6680355000 DEOPT PACKING pc=0x00007f66714da83c sp=0x00007f665edf5b80
Event: 33.156 Thread 0x00007f6680355000 DEOPT UNPACKING pc=0x00007f66707f8650 sp=0x00007f665edf5ad0 mode 2
Event: 33.171 loading class org/codehaus/groovy/grails/project/compiler/GrailsProjectWatcher$1
Event: 33.171 loading class org/codehaus/groovy/grails/project/compiler/GrailsProjectWatcher$1 done
Event: 33.174 Thread 0x00007f6680355000 DEOPT PACKING pc=0x00007f6670a076eb sp=0x00007f665edf7660
Event: 33.174 Thread 0x00007f6680355000 DEOPT UNPACKING pc=0x00007f66707f841a sp=0x00007f665edf7500 mode 0


Dynamic libraries:
00400000-00401000 r-xp 00000000 08:06 3233770                            /usr/lib/jvm/java-8-oracle/bin/java
00600000-00601000 rw-p 00000000 08:06 3233770                            /usr/lib/jvm/java-8-oracle/bin/java
01d1c000-01d3d000 rw-p 00000000 00:00 0                                  [heap]
d0000000-d8100000 rw-p 00000000 00:00 0 
d8100000-f0000000 ---p 00000000 00:00 0 
f0000000-100000000 rw-p 00000000 00:00 0 
100000000-100860000 rw-p 00000000 00:00 0 
100860000-140000000 ---p 00000000 00:00 0 
7f65e8000000-7f65e8021000 rw-p 00000000 00:00 0 
7f65e8021000-7f65ec000000 ---p 00000000 00:00 0 
7f65f0000000-7f65f0021000 rw-p 00000000 00:00 0 
7f65f0021000-7f65f4000000 ---p 00000000 00:00 0 
7f65f4000000-7f65f40c4000 rw-p 00000000 00:00 0 
7f65f40c4000-7f65f8000000 ---p 00000000 00:00 0 
7f65f8000000-7f65f8021000 rw-p 00000000 00:00 0 
7f65f8021000-7f65fc000000 ---p 00000000 00:00 0 
7f65fc000000-7f65fc021000 rw-p 00000000 00:00 0 
7f65fc021000-7f6600000000 ---p 00000000 00:00 0 
7f6600000000-7f6600021000 rw-p 00000000 00:00 0 
7f6600021000-7f6604000000 ---p 00000000 00:00 0 
7f6604000000-7f6604021000 rw-p 00000000 00:00 0 
7f6604021000-7f6608000000 ---p 00000000 00:00 0 
7f6608000000-7f6608021000 rw-p 00000000 00:00 0 
7f6608021000-7f660c000000 ---p 00000000 00:00 0 
7f660c000000-7f660c021000 rw-p 00000000 00:00 0 
7f660c021000-7f6610000000 ---p 00000000 00:00 0 
7f6610000000-7f6610021000 rw-p 00000000 00:00 0 
7f6610021000-7f6614000000 ---p 00000000 00:00 0 
7f6614000000-7f6614021000 rw-p 00000000 00:00 0 
7f6614021000-7f6618000000 ---p 00000000 00:00 0 
7f6618000000-7f6618021000 rw-p 00000000 00:00 0 
7f6618021000-7f661c000000 ---p 00000000 00:00 0 
7f661c000000-7f661d074000 rw-p 00000000 00:00 0 
7f661d074000-7f6620000000 ---p 00000000 00:00 0 
7f6620000000-7f6620021000 rw-p 00000000 00:00 0 
7f6620021000-7f6624000000 ---p 00000000 00:00 0 
7f6624000000-7f6624038000 rw-p 00000000 00:00 0 
7f6624038000-7f6628000000 ---p 00000000 00:00 0 
7f6628000000-7f6628021000 rw-p 00000000 00:00 0 
7f6628021000-7f662c000000 ---p 00000000 00:00 0 
7f662c000000-7f662c021000 rw-p 00000000 00:00 0 
7f662c021000-7f6630000000 ---p 00000000 00:00 0 
7f6630000000-7f6630021000 rw-p 00000000 00:00 0 
7f6630021000-7f6634000000 ---p 00000000 00:00 0 
7f6634000000-7f6634021000 rw-p 00000000 00:00 0 
7f6634021000-7f6638000000 ---p 00000000 00:00 0 
7f6638000000-7f6639e6b000 rw-p 00000000 00:00 0 
7f6639e6b000-7f663c000000 ---p 00000000 00:00 0 
7f663c000000-7f663cab3000 rw-p 00000000 00:00 0 
7f663cab3000-7f6640000000 ---p 00000000 00:00 0 
7f6640000000-7f6640021000 rw-p 00000000 00:00 0 
7f6640021000-7f6644000000 ---p 00000000 00:00 0 
7f6644000000-7f6645765000 rw-p 00000000 00:00 0 
7f6645765000-7f6648000000 ---p 00000000 00:00 0 
7f6648000000-7f6648021000 rw-p 00000000 00:00 0 
7f6648021000-7f664c000000 ---p 00000000 00:00 0 
7f664c000000-7f664c021000 rw-p 00000000 00:00 0 
7f664c021000-7f6650000000 ---p 00000000 00:00 0 
7f6650000000-7f6650036000 rw-p 00000000 00:00 0 
7f6650036000-7f6654000000 ---p 00000000 00:00 0 
7f6654000000-7f665421c000 rw-p 00000000 00:00 0 
7f665421c000-7f6658000000 ---p 00000000 00:00 0 
7f6658000000-7f6658024000 rw-p 00000000 00:00 0 
7f6658024000-7f665c000000 ---p 00000000 00:00 0 
7f665e9fa000-7f665e9fd000 ---p 00000000 00:00 0 
7f665e9fd000-7f665ec7b000 rw-p 00000000 00:00 0 
7f665ec7b000-7f665ecfb000 ---p 00000000 00:00 0 
7f665ecfb000-7f665ecfe000 ---p 00000000 00:00 0 
7f665ecfe000-7f665edfc000 rw-p 00000000 00:00 0 
7f665edfc000-7f665edff000 ---p 00000000 00:00 0 
7f665edff000-7f665eefd000 rw-p 00000000 00:00 0 
7f665eefd000-7f665ef00000 ---p 00000000 00:00 0 
7f665ef00000-7f665effe000 rw-p 00000000 00:00 0 
7f665effe000-7f665f001000 ---p 00000000 00:00 0 
7f665f001000-7f665f0ff000 rw-p 00000000 00:00 0 
7f665f0ff000-7f665f102000 ---p 00000000 00:00 0 
7f665f102000-7f665f400000 rw-p 00000000 00:00 0 
7f665f400000-7f665f600000 rw-p 00000000 00:00 0 
7f665f600000-7f665f800000 rw-p 00000000 00:00 0 
7f665f800000-7f665fa00000 rw-p 00000000 00:00 0 
7f665fa00000-7f665fc00000 rw-p 00000000 00:00 0 
7f665fc00000-7f665fe00000 rw-p 00000000 00:00 0 
7f665fe00000-7f6660000000 rw-p 00000000 00:00 0 
7f6660000000-7f6660021000 rw-p 00000000 00:00 0 
7f6660021000-7f6664000000 ---p 00000000 00:00 0 
7f6664071000-7f6664072000 rw-p 00000000 00:00 0 
7f6664072000-7f6664078000 r--s 002f7000 08:06 3233722                    /usr/lib/jvm/java-8-oracle/jre/lib/charsets.jar
7f6664078000-7f666407b000 ---p 00000000 00:00 0 
7f666407b000-7f6664179000 rw-p 00000000 00:00 0 
7f6664179000-7f666417c000 ---p 00000000 00:00 0 
7f666417c000-7f666447a000 rw-p 00000000 00:00 0 
7f666447a000-7f666467a000 rw-p 00000000 00:00 0 
7f666467a000-7f666487a000 rw-p 00000000 00:00 0 
7f666487a000-7f666487d000 ---p 00000000 00:00 0 
7f666487d000-7f6664b7b000 rw-p 00000000 00:00 0 
7f6664b7b000-7f6664d7b000 rw-p 00000000 00:00 0 
7f6664d7b000-7f6664f7b000 rw-p 00000000 00:00 0 
7f6664f7b000-7f666517b000 rw-p 00000000 00:00 0 
7f666517b000-7f666537b000 rw-p 00000000 00:00 0 
7f666537b000-7f6665570000 rw-p 00000000 00:00 0 
7f6665570000-7f666557b000 ---p 00000000 00:00 0 
7f666557b000-7f666577b000 rw-p 00000000 00:00 0 
7f666577b000-7f666597b000 rw-p 00000000 00:00 0 
7f666597b000-7f666597e000 ---p 00000000 00:00 0 
7f666597e000-7f6665a7c000 rw-p 00000000 00:00 0 
7f6665a7c000-7f6665a8f000 r--s 00345000 08:06 3233716                    /usr/lib/jvm/java-8-oracle/jre/lib/resources.jar
7f6665a8f000-7f6665a92000 ---p 00000000 00:00 0 
7f6665a92000-7f6665d90000 rw-p 00000000 00:00 0 
7f6665d90000-7f6665d93000 ---p 00000000 00:00 0 
7f6665d93000-7f6665e91000 rw-p 00000000 00:00 0 
7f6665e91000-7f6665e94000 ---p 00000000 00:00 0 
7f6665e94000-7f6665f92000 rw-p 00000000 00:00 0 
7f6665f92000-7f6665fa2000 r-xp 00000000 08:06 3233476                    /usr/lib/jvm/java-8-oracle/jre/lib/amd64/libnio.so
7f6665fa2000-7f66661a2000 ---p 00010000 08:06 3233476                    /usr/lib/jvm/java-8-oracle/jre/lib/amd64/libnio.so
7f66661a2000-7f66661a3000 rw-p 00010000 08:06 3233476                    /usr/lib/jvm/java-8-oracle/jre/lib/amd64/libnio.so
7f66661a3000-7f66663a3000 rw-p 00000000 00:00 0 
7f66663a3000-7f66663ab000 r-xp 00000000 08:06 3233538                    /usr/lib/jvm/java-8-oracle/jre/lib/amd64/libmanagement.so
7f66663ab000-7f66665ab000 ---p 00008000 08:06 3233538                    /usr/lib/jvm/java-8-oracle/jre/lib/amd64/libmanagement.so
7f66665ab000-7f66665ac000 rw-p 00008000 08:06 3233538                    /usr/lib/jvm/java-8-oracle/jre/lib/amd64/libmanagement.so
7f66665ac000-7f66665c2000 r-xp 00000000 08:06 3233484                    /usr/lib/jvm/java-8-oracle/jre/lib/amd64/libnet.so
7f66665c2000-7f66667c1000 ---p 00016000 08:06 3233484                    /usr/lib/jvm/java-8-oracle/jre/lib/amd64/libnet.so
7f66667c1000-7f66667c2000 rw-p 00015000 08:06 3233484                    /usr/lib/jvm/java-8-oracle/jre/lib/amd64/libnet.so
7f66667c2000-7f66667c5000 ---p 00000000 00:00 0 
7f66667c5000-7f66668c3000 rw-p 00000000 00:00 0 
7f66668c3000-7f66668c6000 r--s 00012000 08:06 5535273                    /home/jbondia/.gvm/grails/2.4.2/lib/javax.servlet/javax.servlet-api/jars/javax.servlet-api-3.0.1.jar
7f66668c6000-7f66668cb000 r--s 00040000 08:06 5539719                    /home/jbondia/.gvm/grails/2.4.2/dist/grails-project-api-2.4.2.jar
7f66668cb000-7f66668dc000 r--s 000d2000 08:06 5544114                    /home/jbondia/.m2/repository/org/liquibase/liquibase-core/2.0.5/liquibase-core-2.0.5.jar
7f66668dc000-7f66668e0000 r--s 0000c000 08:06 5544112                    /home/jbondia/.m2/repository/javax/validation/validation-api/1.1.0.Final/validation-api-1.1.0.Final.jar
7f66668e0000-7f66668e6000 r--s 0004c000 08:06 5535608                    /home/jbondia/.gvm/grails/2.4.2/lib/org.grails/grails-datastore-simple/jars/grails-datastore-simple-3.1.1.RELEASE.jar
7f66668e6000-7f66668ee000 r--s 00052000 08:06 5544110                    /home/jbondia/.m2/repository/org/springframework/spring-orm/4.0.5.RELEASE/spring-orm-4.0.5.RELEASE.jar
7f66668ee000-7f66668f0000 r--s 0000a000 08:06 5544109                    /home/jbondia/.m2/repository/org/grails/grails-datastore-gorm-plugin-support/3.1.1.RELEASE/grails-datastore-gorm-plugin-support-3.1.1.RELEASE.jar
7f66668f0000-7f66668f6000 r--s 00041000 08:06 5544106                    /home/jbondia/.m2/repository/org/grails/grails-datastore-gorm-hibernate-core/3.1.1.RELEASE/grails-datastore-gorm-hibernate-core-3.1.1.RELEASE.jar
7f66668f6000-7f66668fb000 r--s 00048000 08:06 6571767                    /home/jbondia/.m2/repository/dom4j/dom4j/1.6.1/dom4j-1.6.1.jar
7f66668fb000-7f66668fc000 r--s 00002000 08:06 5544104                    /home/jbondia/.m2/repository/org/jboss/logging/jboss-logging-annotations/1.2.0.Beta1/jboss-logging-annotations-1.2.0.Beta1.jar
7f66668fc000-7f66668ff000 r--s 00010000 08:06 5544102                    /home/jbondia/.m2/repository/org/hibernate/common/hibernate-commons-annotations/4.0.4.Final/hibernate-commons-annotations-4.0.4.Final.jar
7f66668ff000-7f6666907000 r--s 00062000 08:06 5544100                    /home/jbondia/.m2/repository/org/grails/grails-datastore-gorm-hibernate4/3.1.1.RELEASE/grails-datastore-gorm-hibernate4-3.1.1.RELEASE.jar
7f6666907000-7f6666910000 r--s 00081000 08:06 5535607                    /home/jbondia/.gvm/grails/2.4.2/lib/org.grails/grails-datastore-gorm/jars/grails-datastore-gorm-3.1.1.RELEASE.jar
7f6666910000-7f666691b000 r--s 00052000 08:06 5535606                    /home/jbondia/.gvm/grails/2.4.2/lib/org.grails/grails-datastore-core/jars/grails-datastore-core-3.1.1.RELEASE.jar
7f666691b000-7f666691d000 r--s 0000d000 08:06 5544098                    /home/jbondia/.m2/repository/org/jboss/logging/jboss-logging/3.1.0.GA/jboss-logging-3.1.0.GA.jar
7f666691d000-7f6666933000 r--s 000e6000 08:06 5544096                    /home/jbondia/.m2/repository/net/sf/ehcache/ehcache-core/2.4.8/ehcache-core-2.4.8.jar
7f6666933000-7f6666935000 r--s 00011000 08:06 5544094                    /home/jbondia/.m2/repository/org/jboss/jandex/1.1.0.Final/jandex-1.1.0.Final.jar
7f6666935000-7f666693a000 r--s 00068000 08:06 8257762                    /home/jbondia/.m2/repository/antlr/antlr/2.7.7/antlr-2.7.7.jar
7f666693a000-7f666693b000 r--s 00006000 08:06 5544092                    /home/jbondia/.m2/repository/org/jboss/spec/javax/transaction/jboss-transaction-api_1.2_spec/1.0.0.Final/jboss-transaction-api_1.2_spec-1.0.0.Final.jar
7f666693b000-7f6666998000 r--s 004a0000 08:06 5544090                    /home/jbondia/.m2/repository/org/hibernate/hibernate-core/4.3.5.Final/hibernate-core-4.3.5.Final.jar
7f6666998000-7f666699c000 r--s 0001e000 08:06 5544088                    /home/jbondia/.m2/repository/org/hibernate/hibernate-ehcache/4.3.5.Final/hibernate-ehcache-4.3.5.Final.jar
7f666699c000-7f666699e000 r--s 0000d000 08:06 5544086                    /home/jbondia/.m2/repository/com/fasterxml/classmate/1.0.0/classmate-1.0.0.jar
7f666699e000-7f66669ab000 r--s 00080000 08:06 5544084                    /home/jbondia/.m2/repository/org/hibernate/hibernate-validator/5.0.3.Final/hibernate-validator-5.0.3.Final.jar
7f66669ab000-7f66669b4000 r--s 000a5000 08:06 5544080                    /home/jbondia/.m2/repository/org/javassist/javassist/3.17.1-GA/javassist-3.17.1-GA.jar
7f66669b4000-7f66669b7000 r--s 00083000 08:06 5539740                    /home/jbondia/.gvm/grails/2.4.2/dist/grails-resources-2.4.2.jar
7f66669b7000-7f66669c4000 r--s 00189000 08:06 5534751                    /home/jbondia/.gvm/grails/2.4.2/lib/com.h2database/h2/jars/h2-1.3.176.jar
7f66669c4000-7f66669c8000 r--s 00021000 08:06 5539404                    /home/jbondia/.gvm/grails/2.4.2/dist/grails-plugin-converters-2.4.2.jar
7f66669c8000-7f66669cb000 r--s 00018000 08:06 5539467                    /home/jbondia/.gvm/grails/2.4.2/dist/grails-plugin-domain-class-2.4.2.jar
7f66669cb000-7f66669cd000 r--s 0000e000 08:06 5539572                    /home/jbondia/.gvm/grails/2.4.2/dist/grails-plugin-mimetypes-2.4.2.jar
7f66669cd000-7f66669ce000 r--s 0000e000 08:06 5535541                    /home/jbondia/.gvm/grails/2.4.2/lib/org.codehaus.jsr166-mirror/jsr166y/jars/jsr166y-1.7.0.jar
7f66669ce000-7f66669ea000 r--s 00136000 08:06 5535532                    /home/jbondia/.gvm/grails/2.4.2/lib/org.codehaus.gpars/gpars/jars/gpars-1.2.1.jar
7f66669ea000-7f66669ec000 r--s 00011000 08:06 5539194                    /home/jbondia/.gvm/grails/2.4.2/dist/grails-async-2.4.2.jar
7f66669ec000-7f66669ee000 r--s 0000e000 08:06 5539341                    /home/jbondia/.gvm/grails/2.4.2/dist/grails-plugin-async-2.4.2.jar
7f66669ee000-7f66669f2000 r--s 00028000 08:06 5535235                    /home/jbondia/.gvm/grails/2.4.2/lib/commons-validator/commons-validator/jars/commons-validator-1.4.0.jar
7f66669f2000-7f66669f5000 r--s 00012000 08:06 5539824                    /home/jbondia/.gvm/grails/2.4.2/dist/grails-validation-2.4.2.jar
7f66669f5000-7f66669f9000 r--s 00019000 08:06 5534739                    /home/jbondia/.gvm/grails/2.4.2/lib/com.googlecode.concurrentlinkedhashmap/concurrentlinkedhashmap-lru/jars/concurrentlinkedhashmap-lru-1.4.jar
7f66669f9000-7f66669fb000 r--s 0000e000 08:06 5539677                    /home/jbondia/.gvm/grails/2.4.2/dist/grails-plugin-url-mappings-2.4.2.jar
7f66669fb000-7f66669fc000 r--s 00006000 08:06 5539635                    /home/jbondia/.gvm/grails/2.4.2/dist/grails-plugin-servlets-2.4.2.jar
7f66669fc000-7f6666a03000 r--s 00036000 08:06 5535703                    /home/jbondia/.gvm/grails/2.4.2/lib/org.springframework/spring-tx/jars/spring-tx-4.0.5.RELEASE.jar
7f6666a03000-7f6666a05000 r--s 00009000 08:06 5539614                    /home/jbondia/.gvm/grails/2.4.2/dist/grails-plugin-services-2.4.2.jar
7f6666a05000-7f6666a06000 r--s 00001000 08:06 5535639                    /home/jbondia/.gvm/grails/2.4.2/lib/org.slf4j/jul-to-slf4j/jars/jul-to-slf4j-1.7.5.jar
7f6666a06000-7f6666a07000 r--s 00000000 08:06 5539320                    /home/jbondia/.gvm/grails/2.4.2/dist/grails-logging-2.4.2.jar
7f6666a07000-7f6666a16000 r--s 00096000 08:06 5535707                    /home/jbondia/.gvm/grails/2.4.2/lib/org.springframework/spring-web/jars/spring-web-4.0.5.RELEASE.jar
7f6666a16000-7f6666a1b000 r--s 0002e000 08:06 5539299                    /home/jbondia/.gvm/grails/2.4.2/dist/grails-encoder-2.4.2.jar
7f6666a1b000-7f6666a21000 r--s 00033000 08:06 5534939                    /home/jbondia/.gvm/grails/2.4.2/lib/commons-codec/commons-codec/jars/commons-codec-1.6.jar
7f6666a21000-7f6666a23000 r--s 00012000 08:06 5539362                    /home/jbondia/.gvm/grails/2.4.2/dist/grails-plugin-codecs-2.4.2.jar
7f6666a23000-7f6666a25000 r--s 0000c000 08:06 5539971                    /home/jbondia/.gvm/grails/2.4.2/dist/grails-web-gsp-taglib-2.4.2.jar
7f6666a25000-7f6666a2b000 r--s 00058000 08:06 5539509                    /home/jbondia/.gvm/grails/2.4.2/dist/grails-plugin-gsp-2.4.2.jar
7f6666a2b000-7f6666a2d000 r--s 0000b000 08:06 5539488                    /home/jbondia/.gvm/grails/2.4.2/dist/grails-plugin-filters-2.4.2.jar
7f6666a2d000-7f6666a32000 r--s 00041000 08:06 5535234                    /home/jbondia/.gvm/grails/2.4.2/lib/commons-lang/commons-lang/jars/commons-lang-2.6.jar
7f6666a32000-7f6666a33000 r--s 00005000 08:06 5539530                    /home/jbondia/.gvm/grails/2.4.2/dist/grails-plugin-i18n-2.4.2.jar
7f6666a33000-7f6666a38000 r--s 00017000 08:06 5535623                    /home/jbondia/.gvm/grails/2.4.2/lib/org.hibernate.javax.persistence/hibernate-jpa-2.1-api/jars/hibernate-jpa-2.1-api-1.0.0.Final.jar
7f6666a38000-7f6666a3a000 r--s 00000000 08:06 5534701                    /home/jbondia/.gvm/grails/2.4.2/lib/aopalliance/aopalliance/jars/aopalliance-1.0.jar
7f6666a3a000-7f6666a3c000 r--s 00009000 08:06 5539782                    /home/jbondia/.gvm/grails/2.4.2/dist/grails-spring-2.4.2.jar
7f6666a3c000-7f6666a3f000 r--s 00041000 08:06 5535728                    /home/jbondia/.gvm/grails/2.4.2/lib/xalan/serializer/jars/serializer-2.7.1.jar
7f6666a3f000-7f6666a4b000 r--s 00098000 08:06 5535678                    /home/jbondia/.gvm/grails/2.4.2/lib/org.springframework/spring-beans/jars/spring-beans-4.0.5.RELEASE.jar
7f6666a4b000-7f6666a5f000 r--s 000db000 08:06 5535687                    /home/jbondia/.gvm/grails/2.4.2/lib/org.springframework/spring-core/jars/spring-core-4.0.5.RELEASE.jar
7f6666a5f000-7f6666a6c000 r--s 000a7000 08:06 5539236                    /home/jbondia/.gvm/grails/2.4.2/dist/grails-core-2.4.2.jar
7f6666a6c000-7f6666a6d000 r--s 00005000 08:06 5539425                    /home/jbondia/.gvm/grails/2.4.2/dist/grails-plugin-databinding-2.4.2.jar
7f6666a6d000-7f6666a72000 r--s 0002e000 08:06 5535691                    /home/jbondia/.gvm/grails/2.4.2/lib/org.springframework/spring-expression/jars/spring-expression-4.0.5.RELEASE.jar
7f6666a72000-7f6666a7b000 r--s 0004e000 08:06 5535673                    /home/jbondia/.gvm/grails/2.4.2/lib/org.springframework/spring-aop/jars/spring-aop-4.0.5.RELEASE.jar
7f6666a7b000-7f6666a92000 r--s 000d8000 08:06 5535682                    /home/jbondia/.gvm/grails/2.4.2/lib/org.springframework/spring-context/jars/spring-context-4.0.5.RELEASE.jar
7f6666a92000-7f6666a94000 r--s 00008000 08:06 5535509                    /home/jbondia/.gvm/grails/2.4.2/lib/org.apache.tomcat/tomcat-juli/jars/tomcat-juli-7.0.50.jar
7f6666a94000-7f6666a96000 r--s 0001d000 08:06 5535505                    /home/jbondia/.gvm/grails/2.4.2/lib/org.apache.tomcat/tomcat-jdbc/jars/tomcat-jdbc-7.0.50.jar
7f6666a96000-7f6666aa0000 r--s 0005e000 08:06 5535695                    /home/jbondia/.gvm/grails/2.4.2/lib/org.springframework/spring-jdbc/jars/spring-jdbc-4.0.5.RELEASE.jar
7f6666aa0000-7f6666aa2000 r--s 0000d000 08:06 5539446                    /home/jbondia/.gvm/grails/2.4.2/dist/grails-plugin-datasource-2.4.2.jar
7f6666aa2000-7f6666aa4000 r--s 00008000 08:06 5539698                    /home/jbondia/.gvm/grails/2.4.2/dist/grails-plugin-validation-2.4.2.jar
7f6666aa4000-7f6666aa8000 r--s 00020000 08:06 5539383                    /home/jbondia/.gvm/grails/2.4.2/dist/grails-plugin-controllers-2.4.2.jar
7f6666aa8000-7f6666aac000 r--s 00019000 08:06 5535517                    /home/jbondia/.gvm/grails/2.4.2/lib/org.aspectj/aspectjrt/jars/aspectjrt-1.8.0.jar
7f6666aac000-7f6666ac4000 r--s 001aa000 08:06 5535518                    /home/jbondia/.gvm/grails/2.4.2/lib/org.aspectj/aspectjweaver/jars/aspectjweaver-1.8.0.jar
7f6666ac4000-7f6666ac8000 r--s 00024000 08:06 5539992                    /home/jbondia/.gvm/grails/2.4.2/dist/grails-web-jsp-2.4.2.jar
7f6666ac8000-7f6666aca000 r--s 0001d000 08:06 5539887                    /home/jbondia/.gvm/grails/2.4.2/dist/grails-web-databinding-2.4.2.jar
7f6666aca000-7f6666ad0000 r--s 00027000 08:06 5535459                    /home/jbondia/.gvm/grails/2.4.2/lib/opensymphony/sitemesh/jars/sitemesh-2.4.jar
7f6666ad0000-7f6666ad2000 r--s 0000b000 08:06 5540034                    /home/jbondia/.gvm/grails/2.4.2/dist/grails-web-sitemesh-2.4.2.jar
7f6666ad2000-7f6666ad4000 r--s 00009000 08:06 5540013                    /home/jbondia/.gvm/grails/2.4.2/dist/grails-web-mvc-2.4.2.jar
7f6666ad4000-7f6666ad6000 r--s 0000b000 08:06 5535674                    /home/jbondia/.gvm/grails/2.4.2/lib/org.springframework/spring-aspects/jars/spring-aspects-4.0.5.RELEASE.jar
7f6666ad6000-7f6666add000 r--s 0004f000 08:06 5539950                    /home/jbondia/.gvm/grails/2.4.2/dist/grails-web-gsp-2.4.2.jar
7f6666add000-7f6666ae1000 r--s 00027000 08:06 5535147                    /home/jbondia/.gvm/grails/2.4.2/lib/commons-io/commons-io/jars/commons-io-2.2.jar
7f6666ae1000-7f6666ae3000 r--s 0000f000 08:06 5535137                    /home/jbondia/.gvm/grails/2.4.2/lib/commons-fileupload/commons-fileupload/jars/commons-fileupload-1.3.1.jar
7f6666ae3000-7f6666ae4000 r--s 00000000 08:06 5539929                    /home/jbondia/.gvm/grails/2.4.2/dist/grails-web-fileupload-2.4.2.jar
7f6666ae4000-7f6666ae8000 r--s 00023000 08:06 5540055                    /home/jbondia/.gvm/grails/2.4.2/dist/grails-web-url-mappings-2.4.2.jar
7f6666ae8000-7f6666aea000 r--s 00013000 08:06 5539257                    /home/jbondia/.gvm/grails/2.4.2/dist/grails-databinding-2.4.2.jar
7f6666aea000-7f6666aee000 r--s 0001e000 08:06 5535683                    /home/jbondia/.gvm/grails/2.4.2/lib/org.springframework/spring-context-support/jars/spring-context-support-4.0.5.RELEASE.jar
7f6666aee000-7f6666afa000 r--s 00096000 08:06 5535708                    /home/jbondia/.gvm/grails/2.4.2/lib/org.springframework/spring-webmvc/jars/spring-webmvc-4.0.5.RELEASE.jar
7f6666afa000-7f6666aff000 r--s 00030000 08:06 5539866                    /home/jbondia/.gvm/grails/2.4.2/dist/grails-web-common-2.4.2.jar
7f6666aff000-7f6666b01000 r--s 00009000 08:06 5539845                    /home/jbondia/.gvm/grails/2.4.2/dist/grails-web-2.4.2.jar
7f6666b01000-7f6666b06000 r--s 0002a000 08:06 5534719                    /home/jbondia/.gvm/grails/2.4.2/lib/com.google.code.gson/gson/jars/gson-2.2.4.jar
7f6666b06000-7f6666b09000 r--s 00038000 08:06 5539593                    /home/jbondia/.gvm/grails/2.4.2/dist/grails-plugin-rest-2.4.2.jar
7f6666b09000-7f6666d09000 rw-p 00000000 00:00 0 
7f6666d09000-7f6666d0c000 ---p 00000000 00:00 0 
7f6666d0c000-7f666700a000 rw-p 00000000 00:00 0 
7f666700a000-7f6667026000 r--s 00393000 08:06 3233448                    /usr/lib/jvm/java-8-oracle/jre/lib/ext/cldrdata.jar
7f6667026000-7f6667031000 r--s 0021a000 08:06 3233434                    /usr/lib/jvm/java-8-oracle/jre/lib/ext/localedata.jar
7f6667031000-7f6667231000 rw-p 00000000 00:00 0 
7f6667231000-7f6667431000 rw-p 00000000 00:00 0 
7f6667431000-7f6667434000 ---p 00000000 00:00 0 
7f6667434000-7f6667532000 rw-p 00000000 00:00 0 
7f6667532000-7f6667533000 r-xp 00000000 08:06 4588018                    /tmp/libjansi-64-3886484130694362564.so
7f6667533000-7f6667732000 ---p 00001000 08:06 4588018                    /tmp/libjansi-64-3886484130694362564.so
7f6667732000-7f6667733000 rw-p 00000000 08:06 4588018                    /tmp/libjansi-64-3886484130694362564.so
7f6667733000-7f6667933000 rw-p 00000000 00:00 0 
7f6667933000-7f6667936000 ---p 00000000 00:00 0 
7f6667936000-7f666796c000 rw-p 00000000 00:00 0 
7f666796c000-7f6667971000 r--s 00092000 08:06 3233579                    /usr/lib/jvm/java-8-oracle/jre/lib/jsse.jar
7f6667971000-7f6667972000 ---p 00000000 00:00 0 
7f6667972000-7f6667a72000 rw-p 00000000 00:00 0 
7f6667a72000-7f6667a75000 ---p 00000000 00:00 0 
7f6667a75000-7f6667b73000 rw-p 00000000 00:00 0 
7f6667b73000-7f6667b76000 ---p 00000000 00:00 0 
7f6667b76000-7f6667c74000 rw-p 00000000 00:00 0 
7f6667c74000-7f6667c77000 ---p 00000000 00:00 0 
7f6667c77000-7f6667d75000 rw-p 00000000 00:00 0 
7f6667d75000-7f6667d78000 ---p 00000000 00:00 0 
7f6667d78000-7f6667e76000 rw-p 00000000 00:00 0 
7f6667e76000-7f6667e7c000 r--s 0005f000 08:06 5535713                    /home/jbondia/.gvm/grails/2.4.2/lib/org.springframework/springloaded/jars/springloaded-1.2.0.RELEASE.jar
7f6667e7c000-7f6667e7e000 r--s 00013000 08:06 5543879                    /home/jbondia/.m2/repository/org/apache/tomcat/embed/tomcat-embed-logging-log4j/7.0.53/tomcat-embed-logging-log4j-7.0.53.jar
7f6667e7e000-7f6667e80000 r--s 0000e000 08:06 5955551                    /home/jbondia/Diputació-AST/idea_workspace/ocelot/ocelot-bpm-project/Blank_app/target/work/plugins/tomcat-7.0.54/grails-plugin-tomcat-7.0.54.jar
7f6667e80000-7f6667e84000 r--s 00027000 08:06 5543877                    /home/jbondia/.m2/repository/org/apache/tomcat/embed/tomcat-embed-el/7.0.53/tomcat-embed-el-7.0.53.jar
7f6667e84000-7f6667e94000 r--s 0019c000 08:06 5543883                    /home/jbondia/.m2/repository/org/eclipse/jdt/core/compiler/ecj/3.7.2/ecj-3.7.2.jar
7f6667e94000-7f6667eff000 r--s 00683000 08:06 5535536                    /home/jbondia/.gvm/grails/2.4.2/lib/org.codehaus.groovy/groovy-all/jars/groovy-all-2.3.3.jar
7f6667eff000-7f6667f02000 ---p 00000000 00:00 0 
7f6667f02000-7f6668000000 rw-p 00000000 00:00 0 
7f6668000000-7f6668036000 rw-p 00000000 00:00 0 
7f6668036000-7f666c000000 ---p 00000000 00:00 0 
7f666c000000-7f666c002000 r--s 00001000 08:06 3233440                    /usr/lib/jvm/java-8-oracle/jre/lib/ext/dnsns.jar
7f666c002000-7f666c023000 r--s 00267000 08:06 5543885                    /home/jbondia/.m2/repository/org/apache/tomcat/embed/tomcat-embed-core/7.0.53/tomcat-embed-core-7.0.53.jar
7f666c023000-7f666c028000 r--s 0002f000 08:06 5543881                    /home/jbondia/.m2/repository/org/apache/tomcat/embed/tomcat-embed-websocket/7.0.53/tomcat-embed-websocket-7.0.53.jar
7f666c028000-7f666c031000 r--s 0009f000 08:06 5543873                    /home/jbondia/.m2/repository/org/apache/tomcat/embed/tomcat-embed-jasper/7.0.53/tomcat-embed-jasper-7.0.53.jar
7f666c031000-7f666c033000 r--s 0000c000 08:06 5543875                    /home/jbondia/.m2/repository/org/apache/tomcat/tomcat-catalina-ant/7.0.53/tomcat-catalina-ant-7.0.53.jar
7f666c033000-7f666c051000 r--s 001bd000 08:06 5535461                    /home/jbondia/.gvm/grails/2.4.2/lib/org.apache.ant/ant/jars/ant-1.8.4.jar
7f666c051000-7f666c734000 r--p 00000000 08:06 3021278                    /usr/lib/locale/locale-archive
7f666c734000-7f666c737000 ---p 00000000 00:00 0 
7f666c737000-7f666c835000 rw-p 00000000 00:00 0 
7f666c835000-7f666c838000 ---p 00000000 00:00 0 
7f666c838000-7f666c936000 rw-p 00000000 00:00 0 
7f666c936000-7f666c937000 ---p 00000000 00:00 0 
7f666c937000-7f666d946000 rw-p 00000000 00:00 0 
7f666d946000-7f666db1b000 r--s 03c4d000 08:06 3233577                    /usr/lib/jvm/java-8-oracle/jre/lib/rt.jar
7f666db1b000-7f666fd6c000 rw-p 00000000 00:00 0 
7f666fd6c000-7f666fd6d000 ---p 00000000 00:00 0 
7f666fd6d000-7f666fe6d000 rw-p 00000000 00:00 0 
7f666fe6d000-7f666fe6e000 ---p 00000000 00:00 0 
7f666fe6e000-7f666ff6e000 rw-p 00000000 00:00 0 
7f666ff6e000-7f666ff6f000 ---p 00000000 00:00 0 
7f666ff6f000-7f667006f000 rw-p 00000000 00:00 0 
7f667006f000-7f6670070000 ---p 00000000 00:00 0 
7f6670070000-7f66701b1000 rw-p 00000000 00:00 0 
7f66701b1000-7f6670270000 ---p 00000000 00:00 0 
7f6670270000-7f66702b1000 rw-p 00000000 00:00 0 
7f66702b1000-7f6670370000 ---p 00000000 00:00 0 
7f6670370000-7f66703f0000 rw-p 00000000 00:00 0 
7f66703f0000-7f6670441000 rw-p 00000000 00:00 0 
7f6670441000-7f66707b1000 ---p 00000000 00:00 0 
7f66707b1000-7f6671b81000 rwxp 00000000 00:00 0 
7f6671b81000-7f667f7b1000 ---p 00000000 00:00 0 
7f667f7b1000-7f667f7cd000 r-xp 00000000 08:06 3233555                    /usr/lib/jvm/java-8-oracle/jre/lib/amd64/libzip.so
7f667f7cd000-7f667f9cc000 ---p 0001c000 08:06 3233555                    /usr/lib/jvm/java-8-oracle/jre/lib/amd64/libzip.so
7f667f9cc000-7f667f9cd000 rw-p 0001b000 08:06 3233555                    /usr/lib/jvm/java-8-oracle/jre/lib/amd64/libzip.so
7f667f9cd000-7f667f9d9000 r-xp 00000000 08:06 5252898                    /lib/x86_64-linux-gnu/libnss_files-2.15.so
7f667f9d9000-7f667fbd8000 ---p 0000c000 08:06 5252898                    /lib/x86_64-linux-gnu/libnss_files-2.15.so
7f667fbd8000-7f667fbd9000 r--p 0000b000 08:06 5252898                    /lib/x86_64-linux-gnu/libnss_files-2.15.so
7f667fbd9000-7f667fbda000 rw-p 0000c000 08:06 5252898                    /lib/x86_64-linux-gnu/libnss_files-2.15.so
7f667fbda000-7f667fbe4000 r-xp 00000000 08:06 5252902                    /lib/x86_64-linux-gnu/libnss_nis-2.15.so
7f667fbe4000-7f667fde4000 ---p 0000a000 08:06 5252902                    /lib/x86_64-linux-gnu/libnss_nis-2.15.so
7f667fde4000-7f667fde5000 r--p 0000a000 08:06 5252902                    /lib/x86_64-linux-gnu/libnss_nis-2.15.so
7f667fde5000-7f667fde6000 rw-p 0000b000 08:06 5252902                    /lib/x86_64-linux-gnu/libnss_nis-2.15.so
7f667fde6000-7f667fdfd000 r-xp 00000000 08:06 5252914                    /lib/x86_64-linux-gnu/libnsl-2.15.so
7f667fdfd000-7f667fffc000 ---p 00017000 08:06 5252914                    /lib/x86_64-linux-gnu/libnsl-2.15.so
7f667fffc000-7f667fffd000 r--p 00016000 08:06 5252914                    /lib/x86_64-linux-gnu/libnsl-2.15.so
7f667fffd000-7f667fffe000 rw-p 00017000 08:06 5252914                    /lib/x86_64-linux-gnu/libnsl-2.15.so
7f667fffe000-7f6680000000 rw-p 00000000 00:00 0 
7f6680000000-7f6680c13000 rw-p 00000000 00:00 0 
7f6680c13000-7f6684000000 ---p 00000000 00:00 0 
7f6684000000-7f6684002000 r--s 0001a000 08:06 5535605                    /home/jbondia/.gvm/grails/2.4.2/lib/org.fusesource.jansi/jansi/jars/jansi-1.11.jar
7f6684002000-7f6684017000 r--s 00116000 08:06 5535477                    /home/jbondia/.gvm/grails/2.4.2/lib/org.apache.ivy/ivy/jars/ivy-2.3.0.jar
7f6684017000-7f668401a000 r--s 00018000 08:06 5535463                    /home/jbondia/.gvm/grails/2.4.2/lib/org.apache.ant/ant-junit/jars/ant-junit-1.8.4.jar
7f668401a000-7f668401e000 r--s 00031000 08:06 5535445                    /home/jbondia/.gvm/grails/2.4.2/lib/jline/jline/jars/jline-2.12.jar
7f668401e000-7f668402c000 r--s 000db000 08:06 5539215                    /home/jbondia/.gvm/grails/2.4.2/dist/grails-bootstrap-2.4.2.jar
7f668402c000-7f6684034000 r-xp 00000000 08:06 5252896                    /lib/x86_64-linux-gnu/libnss_compat-2.15.so
7f6684034000-7f6684233000 ---p 00008000 08:06 5252896                    /lib/x86_64-linux-gnu/libnss_compat-2.15.so
7f6684233000-7f6684234000 r--p 00007000 08:06 5252896                    /lib/x86_64-linux-gnu/libnss_compat-2.15.so
7f6684234000-7f6684235000 rw-p 00008000 08:06 5252896                    /lib/x86_64-linux-gnu/libnss_compat-2.15.so
7f6684235000-7f668423f000 r-xp 00000000 08:06 3233456                    /usr/lib/jvm/java-8-oracle/jre/lib/amd64/libinstrument.so
7f668423f000-7f668443e000 ---p 0000a000 08:06 3233456                    /usr/lib/jvm/java-8-oracle/jre/lib/amd64/libinstrument.so
7f668443e000-7f668443f000 rw-p 00009000 08:06 3233456                    /usr/lib/jvm/java-8-oracle/jre/lib/amd64/libinstrument.so
7f668443f000-7f6684469000 r-xp 00000000 08:06 3233508                    /usr/lib/jvm/java-8-oracle/jre/lib/amd64/libjava.so
7f6684469000-7f6684669000 ---p 0002a000 08:06 3233508                    /usr/lib/jvm/java-8-oracle/jre/lib/amd64/libjava.so
7f6684669000-7f668466b000 rw-p 0002a000 08:06 3233508                    /usr/lib/jvm/java-8-oracle/jre/lib/amd64/libjava.so
7f668466b000-7f6684678000 r-xp 00000000 08:06 3233551                    /usr/lib/jvm/java-8-oracle/jre/lib/amd64/libverify.so
7f6684678000-7f6684878000 ---p 0000d000 08:06 3233551                    /usr/lib/jvm/java-8-oracle/jre/lib/amd64/libverify.so
7f6684878000-7f668487a000 rw-p 0000d000 08:06 3233551                    /usr/lib/jvm/java-8-oracle/jre/lib/amd64/libverify.so
7f668487a000-7f6684881000 r-xp 00000000 08:06 5252901                    /lib/x86_64-linux-gnu/librt-2.15.so
7f6684881000-7f6684a80000 ---p 00007000 08:06 5252901                    /lib/x86_64-linux-gnu/librt-2.15.so
7f6684a80000-7f6684a81000 r--p 00006000 08:06 5252901                    /lib/x86_64-linux-gnu/librt-2.15.so
7f6684a81000-7f6684a82000 rw-p 00007000 08:06 5252901                    /lib/x86_64-linux-gnu/librt-2.15.so
7f6684a82000-7f6684b7d000 r-xp 00000000 08:06 5252905                    /lib/x86_64-linux-gnu/libm-2.15.so
7f6684b7d000-7f6684d7c000 ---p 000fb000 08:06 5252905                    /lib/x86_64-linux-gnu/libm-2.15.so
7f6684d7c000-7f6684d7d000 r--p 000fa000 08:06 5252905                    /lib/x86_64-linux-gnu/libm-2.15.so
7f6684d7d000-7f6684d7e000 rw-p 000fb000 08:06 5252905                    /lib/x86_64-linux-gnu/libm-2.15.so
7f6684d7e000-7f6685998000 r-xp 00000000 08:06 3233540                    /usr/lib/jvm/java-8-oracle/jre/lib/amd64/server/libjvm.so
7f6685998000-7f6685b97000 ---p 00c1a000 08:06 3233540                    /usr/lib/jvm/java-8-oracle/jre/lib/amd64/server/libjvm.so
7f6685b97000-7f6685c60000 rw-p 00c19000 08:06 3233540                    /usr/lib/jvm/java-8-oracle/jre/lib/amd64/server/libjvm.so
7f6685c60000-7f6685ca1000 rw-p 00000000 00:00 0 
7f6685ca1000-7f6685e56000 r-xp 00000000 08:06 5252894                    /lib/x86_64-linux-gnu/libc-2.15.so
7f6685e56000-7f6686056000 ---p 001b5000 08:06 5252894                    /lib/x86_64-linux-gnu/libc-2.15.so
7f6686056000-7f668605a000 r--p 001b5000 08:06 5252894                    /lib/x86_64-linux-gnu/libc-2.15.so
7f668605a000-7f668605c000 rw-p 001b9000 08:06 5252894                    /lib/x86_64-linux-gnu/libc-2.15.so
7f668605c000-7f6686061000 rw-p 00000000 00:00 0 
7f6686061000-7f6686063000 r-xp 00000000 08:06 5252909                    /lib/x86_64-linux-gnu/libdl-2.15.so
7f6686063000-7f6686263000 ---p 00002000 08:06 5252909                    /lib/x86_64-linux-gnu/libdl-2.15.so
7f6686263000-7f6686264000 r--p 00002000 08:06 5252909                    /lib/x86_64-linux-gnu/libdl-2.15.so
7f6686264000-7f6686265000 rw-p 00003000 08:06 5252909                    /lib/x86_64-linux-gnu/libdl-2.15.so
7f6686265000-7f668627c000 r-xp 00000000 08:06 3231246                    /usr/lib/jvm/java-8-oracle/lib/amd64/jli/libjli.so
7f668627c000-7f668647b000 ---p 00017000 08:06 3231246                    /usr/lib/jvm/java-8-oracle/lib/amd64/jli/libjli.so
7f668647b000-7f668647c000 rw-p 00016000 08:06 3231246                    /usr/lib/jvm/java-8-oracle/lib/amd64/jli/libjli.so
7f668647c000-7f6686494000 r-xp 00000000 08:06 5252903                    /lib/x86_64-linux-gnu/libpthread-2.15.so
7f6686494000-7f6686693000 ---p 00018000 08:06 5252903                    /lib/x86_64-linux-gnu/libpthread-2.15.so
7f6686693000-7f6686694000 r--p 00017000 08:06 5252903                    /lib/x86_64-linux-gnu/libpthread-2.15.so
7f6686694000-7f6686695000 rw-p 00018000 08:06 5252903                    /lib/x86_64-linux-gnu/libpthread-2.15.so
7f6686695000-7f6686699000 rw-p 00000000 00:00 0 
7f6686699000-7f66866bb000 r-xp 00000000 08:06 5252906                    /lib/x86_64-linux-gnu/ld-2.15.so
7f66866bb000-7f66866bc000 r--s 00001000 08:06 5535467                    /home/jbondia/.gvm/grails/2.4.2/lib/org.apache.ant/ant-trax/jars/ant-trax-1.7.1.jar
7f66866bc000-7f66866bd000 r--s 00004000 08:06 5535465                    /home/jbondia/.gvm/grails/2.4.2/lib/org.apache.ant/ant-launcher/jars/ant-launcher-1.8.4.jar
7f66866bd000-7f66866c6000 r--s 0006f000 08:06 5535455                    /home/jbondia/.gvm/grails/2.4.2/lib/log4j/log4j/jars/log4j-1.2.17.jar
7f66866c6000-7f66866c9000 r--s 0000d000 08:06 5539551                    /home/jbondia/.gvm/grails/2.4.2/dist/grails-plugin-log4j-2.4.2.jar
7f66866c9000-7f66866cb000 r--s 00013000 08:06 5535513                    /home/jbondia/.gvm/grails/2.4.2/lib/org.apache.tomcat.embed/tomcat-embed-logging-log4j/jars/tomcat-embed-logging-log4j-7.0.50.jar
7f66866cb000-7f66866d0000 r--s 00050000 08:06 5535528                    /home/jbondia/.gvm/grails/2.4.2/lib/org.codehaus.gant/gant_groovy1.8/jars/gant_groovy1.8-1.9.6.jar
7f66866d0000-7f6686748000 r--s 010c6000 08:06 3233304                    /usr/lib/jvm/java-8-oracle/lib/tools.jar
7f6686748000-7f6686797000 rw-p 00000000 00:00 0 
7f6686797000-7f668679a000 ---p 00000000 00:00 0 
7f668679a000-7f668689c000 rw-p 00000000 00:00 0 
7f668689c000-7f668689e000 r--s 00005000 08:06 5535644                    /home/jbondia/.gvm/grails/2.4.2/lib/org.slf4j/slf4j-api/jars/slf4j-api-1.7.5.jar
7f668689e000-7f66868a0000 r--s 00003000 08:06 5535634                    /home/jbondia/.gvm/grails/2.4.2/lib/org.slf4j/jcl-over-slf4j/jars/jcl-over-slf4j-1.7.5.jar
7f66868a0000-7f66868af000 rw-p 00000000 00:00 0 
7f66868af000-7f66868b7000 rw-s 00000000 08:06 4588017                    /tmp/hsperfdata_jbondia/4624
7f66868b7000-7f66868b8000 rw-p 00000000 00:00 0 
7f66868b8000-7f66868b9000 r--p 00000000 00:00 0 
7f66868b9000-7f66868bb000 rw-p 00000000 00:00 0 
7f66868bb000-7f66868bc000 r--p 00022000 08:06 5252906                    /lib/x86_64-linux-gnu/ld-2.15.so
7f66868bc000-7f66868be000 rw-p 00023000 08:06 5252906                    /lib/x86_64-linux-gnu/ld-2.15.so
7fff12471000-7fff12493000 rw-p 00000000 00:00 0                          [stack]
7fff124e8000-7fff124e9000 r-xp 00000000 00:00 0                          [vdso]
ffffffffff600000-ffffffffff601000 r-xp 00000000 00:00 0                  [vsyscall]

VM Arguments:
jvm_args: -Dfile.encoding=UTF-8 -Xmx768M -Xms64M -Dgrails.fork.parent.process.port=43705 -Dgrails.fork.active=true -Dgrails.build.execution.context=/tmp/Blank_app6015635045361550628grails-execution-context -Dgrails.home=/home/jbondia/.gvm/grails/2.4.2 -javaagent:/home/jbondia/.gvm/grails/2.4.2/lib/org.springframework/springloaded/jars/springloaded-1.2.0.RELEASE.jar -Xverify:none -Dspringloaded.synchronize=true -Djdk.reflect.allowGetCallerClass=true -Dspringloaded=profile=grails;cacheDir=/home/jbondia/.grails/2.4.2 
java_command: org.grails.plugins.tomcat.fork.ForkedTomcatServer
java_class_path (initial): /usr/lib/jvm/java-8-oracle/lib/tools.jar:/home/jbondia/.gvm/grails/2.4.2/lib/org.codehaus.groovy/groovy-all/jars/groovy-all-2.3.3.jar:/home/jbondia/.gvm/grails/2.4.2/lib/org.slf4j/jcl-over-slf4j/jars/jcl-over-slf4j-1.7.5.jar:/home/jbondia/.gvm/grails/2.4.2/lib/org.codehaus.gant/gant_groovy1.8/jars/gant_groovy1.8-1.9.6.jar:/home/jbondia/.gvm/grails/2.4.2/lib/org.apache.tomcat.embed/tomcat-embed-logging-log4j/jars/tomcat-embed-logging-log4j-7.0.50.jar:/home/jbondia/.gvm/grails/2.4.2/dist/grails-plugin-log4j-2.4.2.jar:/home/jbondia/.gvm/grails/2.4.2/lib/log4j/log4j/jars/log4j-1.2.17.jar:/home/jbondia/.gvm/grails/2.4.2/dist/grails-bootstrap-2.4.2.jar:/home/jbondia/.gvm/grails/2.4.2/lib/org.slf4j/slf4j-api/jars/slf4j-api-1.7.5.jar:/home/jbondia/.gvm/grails/2.4.2/lib/jline/jline/jars/jline-2.12.jar:/home/jbondia/.gvm/grails/2.4.2/lib/org.apache.ant/ant/jars/ant-1.8.4.jar:/home/jbondia/.gvm/grails/2.4.2/lib/org.apache.ant/ant-launcher/jars/ant-launcher-1.8.4.jar:/home/jbondia/.gvm/grails/2.4.2/lib/org.apache.ant/ant-trax/jars/ant-trax-1.7.1.jar:/home/jbondia/.gvm/grails/2.4.2/lib/org.apache.ant/ant-junit/jars/ant-junit-1.8.4.jar:/home/jbondia/.gvm/grails/2.4.2/lib/org.apache.ivy/ivy/jars/ivy-2.3.0.jar:/home/jbondia/.gvm/grails/2.4.2/lib/org.fusesource.jansi/jansi/jars/jansi-1.11.jar:/home/jbondia/.m2/repository/org/apache/tomcat/tomcat-catalina-ant/7.0.53/tomcat-catalina-ant-7.0.53.jar:/home/jbondia/.m2/repository/org/apache/tomcat/embed/tomcat-embed-jasper/7.0.53/tomcat-embed-jasper-7.0.53.jar:/home/jbondia/.m2/repository/org/apache/tomcat/embed/tomcat-embed-websocket/7.0.53/tomcat-embed-websocket-7.0.53.jar:/home/jbondia/.m2/repository/org/apache/tomcat/embed/tomcat-embed-core/7.0.53/tomcat-embed-core-7.0.53.jar:/home/jbondia/.m2/repository/org/eclipse/jdt/core/compiler/ecj/3.7.2/ecj-3.7.2.jar:/home/jbondia/.m2/repository/org/apache/tomcat/embed/tomcat-embed-el/7.0.53/tomcat-embed-el-7.0.53.jar:/home/jbondia/Diputació-AST/idea_workspace/ocel
Launcher Type: SUN_STANDARD

Environment Variables:
JAVA_HOME=/usr/lib/jvm/java-8-oracle
CLASSPATH=./../lib/bootstrap.jar:./../lib/extensions.jar:./../lib/util.jar:./../lib/jdom.jar:./../lib/log4j.jar:./../lib/trove4j.jar:./../lib/jna.jar:/usr/lib/jvm/java-8-oracle/lib/tools.jar
PATH=/home/jbondia/.gvm/vertx/current/bin:/home/jbondia/.gvm/springboot/current/bin:/home/jbondia/.gvm/lazybones/current/bin:/home/jbondia/.gvm/groovyserv/current/bin:/home/jbondia/.gvm/groovy/current/bin:/home/jbondia/.gvm/griffon/current/bin:/home/jbondia/.gvm/grails/current/bin:/home/jbondia/.gvm/gradle/current/bin:/home/jbondia/.gvm/glide/current/bin:/home/jbondia/.gvm/gaiden/current/bin:/home/jbondia/.gvm/crash/current/bin:/usr/local/apache-maven/apache-maven-3.1.1/bin:/usr/lib/lightdm/lightdm:/usr/local/sbin:/usr/local/bin:/usr/sbin:/usr/bin:/sbin:/bin:/usr/games:/usr/lib/jvm/java-8-oracle/bin:/usr/lib/jvm/java-8-oracle/db/bin:/usr/lib/jvm/java-8-oracle/jre/bin
LD_LIBRARY_PATH=.:
SHELL=/bin/bash
DISPLAY=:0

Signal Handlers:
SIGSEGV: [libjvm.so+0xa2fc90], sa_mask[0]=0x7ffbfeff, sa_flags=0x10000004
SIGBUS: [libjvm.so+0xa2fc90], sa_mask[0]=0x7ffbfeff, sa_flags=0x10000004
SIGFPE: [libjvm.so+0x89b4b0], sa_mask[0]=0x7ffbfeff, sa_flags=0x10000004
SIGPIPE: [libjvm.so+0x89b4b0], sa_mask[0]=0x7ffbfeff, sa_flags=0x10000004
SIGXFSZ: [libjvm.so+0x89b4b0], sa_mask[0]=0x7ffbfeff, sa_flags=0x10000004
SIGILL: [libjvm.so+0x89b4b0], sa_mask[0]=0x7ffbfeff, sa_flags=0x10000004
SIGUSR1: SIG_DFL, sa_mask[0]=0x00000000, sa_flags=0x00000000
SIGUSR2: [libjvm.so+0x89cc50], sa_mask[0]=0x00000004, sa_flags=0x10000004
SIGHUP: [libjvm.so+0x89df00], sa_mask[0]=0x7ffbfeff, sa_flags=0x10000004
SIGINT: [libjvm.so+0x89df00], sa_mask[0]=0x7ffbfeff, sa_flags=0x10000004
SIGTERM: [libjvm.so+0x89df00], sa_mask[0]=0x7ffbfeff, sa_flags=0x10000004
SIGQUIT: [libjvm.so+0x89df00], sa_mask[0]=0x7ffbfeff, sa_flags=0x10000004


---------------  S Y S T E M  ---------------

OS:DISTRIB_ID=Ubuntu
DISTRIB_RELEASE=12.04
DISTRIB_CODENAME=precise
DISTRIB_DESCRIPTION="Ubuntu 12.04.4 LTS"

uname:Linux 3.2.0-65-generic #99-Ubuntu SMP Fri Jul 4 21:03:29 UTC 2014 x86_64
libc:glibc 2.15 NPTL 2.15 
rlimit: STACK 8192k, CORE 0k, NPROC 30326, NOFILE 4096, AS infinity
load average:3.29 2.09 1.34

/proc/meminfo:
MemTotal:        3899392 kB
MemFree:          109608 kB
Buffers:            3740 kB
Cached:           409504 kB
SwapCached:         6804 kB
Active:          2642212 kB
Inactive:         812528 kB
Active(anon):    2564528 kB
Inactive(anon):   740588 kB
Active(file):      77684 kB
Inactive(file):    71940 kB
Unevictable:          16 kB
Mlocked:              16 kB
SwapTotal:       1951740 kB
SwapFree:        1810824 kB
Dirty:               220 kB
Writeback:             0 kB
AnonPages:       3035196 kB
Mapped:           110600 kB
Shmem:            263620 kB
Slab:             210140 kB
SReclaimable:     173940 kB
SUnreclaim:        36200 kB
KernelStack:        5792 kB
PageTables:        44508 kB
NFS_Unstable:          0 kB
Bounce:                0 kB
WritebackTmp:          0 kB
CommitLimit:     3901436 kB
Committed_AS:    7527068 kB
VmallocTotal:   34359738367 kB
VmallocUsed:      600756 kB
VmallocChunk:   34359132552 kB
HardwareCorrupted:     0 kB
AnonHugePages:         0 kB
HugePages_Total:       0
HugePages_Free:        0
HugePages_Rsvd:        0
HugePages_Surp:        0
Hugepagesize:       2048 kB
DirectMap4k:       59392 kB
DirectMap2M:     3985408 kB


CPU:total 4 (2 cores per cpu, 2 threads per core) family 6 model 42 stepping 7, cmov, cx8, fxsr, mmx, sse, sse2, sse3, ssse3, sse4.1, sse4.2, popcnt, avx, clmul, ht, tsc, tscinvbit

/proc/cpuinfo:
processor	: 0
vendor_id	: GenuineIntel
cpu family	: 6
model		: 42
model name	: Intel(R) Core(TM) i5-2410M CPU @ 2.30GHz
stepping	: 7
microcode	: 0x14
cpu MHz		: 1400.000
cache size	: 3072 KB
physical id	: 0
siblings	: 4
core id		: 0
cpu cores	: 2
apicid		: 0
initial apicid	: 0
fpu		: yes
fpu_exception	: yes
cpuid level	: 13
wp		: yes
flags		: fpu vme de pse tsc msr pae mce cx8 apic sep mtrr pge mca cmov pat pse36 clflush dts acpi mmx fxsr sse sse2 ss ht tm pbe syscall nx rdtscp lm constant_tsc arch_perfmon pebs bts rep_good nopl xtopology nonstop_tsc aperfmperf pni pclmulqdq dtes64 monitor ds_cpl vmx est tm2 ssse3 cx16 xtpr pdcm pcid sse4_1 sse4_2 x2apic popcnt tsc_deadline_timer xsave avx lahf_lm ida arat epb xsaveopt pln pts dtherm tpr_shadow vnmi flexpriority ept vpid
bogomips	: 4589.61
clflush size	: 64
cache_alignment	: 64
address sizes	: 36 bits physical, 48 bits virtual
power management:

processor	: 1
vendor_id	: GenuineIntel
cpu family	: 6
model		: 42
model name	: Intel(R) Core(TM) i5-2410M CPU @ 2.30GHz
stepping	: 7
microcode	: 0x14
cpu MHz		: 1400.000
cache size	: 3072 KB
physical id	: 0
siblings	: 4
core id		: 0
cpu cores	: 2
apicid		: 1
initial apicid	: 1
fpu		: yes
fpu_exception	: yes
cpuid level	: 13
wp		: yes
flags		: fpu vme de pse tsc msr pae mce cx8 apic sep mtrr pge mca cmov pat pse36 clflush dts acpi mmx fxsr sse sse2 ss ht tm pbe syscall nx rdtscp lm constant_tsc arch_perfmon pebs bts rep_good nopl xtopology nonstop_tsc aperfmperf pni pclmulqdq dtes64 monitor ds_cpl vmx est tm2 ssse3 cx16 xtpr pdcm pcid sse4_1 sse4_2 x2apic popcnt tsc_deadline_timer xsave avx lahf_lm ida arat epb xsaveopt pln pts dtherm tpr_shadow vnmi flexpriority ept vpid
bogomips	: 4589.35
clflush size	: 64
cache_alignment	: 64
address sizes	: 36 bits physical, 48 bits virtual
power management:

processor	: 2
vendor_id	: GenuineIntel
cpu family	: 6
model		: 42
model name	: Intel(R) Core(TM) i5-2410M CPU @ 2.30GHz
stepping	: 7
microcode	: 0x14
cpu MHz		: 800.000
cache size	: 3072 KB
physical id	: 0
siblings	: 4
core id		: 1
cpu cores	: 2
apicid		: 2
initial apicid	: 2
fpu		: yes
fpu_exception	: yes
cpuid level	: 13
wp		: yes
flags		: fpu vme de pse tsc msr pae mce cx8 apic sep mtrr pge mca cmov pat pse36 clflush dts acpi mmx fxsr sse sse2 ss ht tm pbe syscall nx rdtscp lm constant_tsc arch_perfmon pebs bts rep_good nopl xtopology nonstop_tsc aperfmperf pni pclmulqdq dtes64 monitor ds_cpl vmx est tm2 ssse3 cx16 xtpr pdcm pcid sse4_1 sse4_2 x2apic popcnt tsc_deadline_timer xsave avx lahf_lm ida arat epb xsaveopt pln pts dtherm tpr_shadow vnmi flexpriority ept vpid
bogomips	: 4589.36
clflush size	: 64
cache_alignment	: 64
address sizes	: 36 bits physical, 48 bits virtual
power management:

processor	: 3
vendor_id	: GenuineIntel
cpu family	: 6
model		: 42
model name	: Intel(R) Core(TM) i5-2410M CPU @ 2.30GHz
stepping	: 7
microcode	: 0x14
cpu MHz		: 800.000
cache size	: 3072 KB
physical id	: 0
siblings	: 4
core id		: 1
cpu cores	: 2
apicid		: 3
initial apicid	: 3
fpu		: yes
fpu_exception	: yes
cpuid level	: 13
wp		: yes
flags		: fpu vme de pse tsc msr pae mce cx8 apic sep mtrr pge mca cmov pat pse36 clflush dts acpi mmx fxsr sse sse2 ss ht tm pbe syscall nx rdtscp lm constant_tsc arch_perfmon pebs bts rep_good nopl xtopology nonstop_tsc aperfmperf pni pclmulqdq dtes64 monitor ds_cpl vmx est tm2 ssse3 cx16 xtpr pdcm pcid sse4_1 sse4_2 x2apic popcnt tsc_deadline_timer xsave avx lahf_lm ida arat epb xsaveopt pln pts dtherm tpr_shadow vnmi flexpriority ept vpid
bogomips	: 4589.37
clflush size	: 64
cache_alignment	: 64
address sizes	: 36 bits physical, 48 bits virtual
power management:



Memory: 4k page, physical 3899392k(109608k free), swap 1951740k(1810824k free)

vm_info: Java HotSpot(TM) 64-Bit Server VM (25.5-b02) for linux-amd64 JRE (1.8.0_05-b13), built on Mar 18 2014 00:29:27 by "java_re" with gcc 4.3.0 20080428 (Red Hat 4.3.0-8)

time: Tue Jul  8 09:36:40 2014
elapsed time: 37 seconds

