#
# A fatal error has been detected by the Java Runtime Environment:
#
#  SIGSEGV (0xb) at pc=0x00007f3a69432b2c, pid=5973, tid=139888502564608
#
# JRE version: Java(TM) SE Runtime Environment (8.0_05-b13) (build 1.8.0_05-b13)
# Java VM: Java HotSpot(TM) 64-Bit Server VM (25.5-b02 mixed mode linux-amd64 compressed oops)
# Problematic frame:
# V  [libjvm.so+0x304b2c]  OopFlow::build_oop_map(Node*, int, PhaseRegAlloc*, int*)+0x14c
#
# Failed to write core dump. Core dumps have been disabled. To enable core dumping, try "ulimit -c unlimited" before starting Java again
#
# If you would like to submit a bug report, please visit:
#   http://bugreport.sun.com/bugreport/crash.jsp
#

---------------  T H R E A D  ---------------

Current thread (0x00007f3a50116800):  JavaThread "C2 CompilerThread0" daemon [_thread_in_native, id=5985, stack(0x00007f3a5470e000,0x00007f3a5480f000)]

siginfo:si_signo=SIGSEGV: si_errno=0, si_code=1 (SEGV_MAPERR), si_addr=0x0000000000000000

Registers:
RAX=0x0000000000d21bc8, RBX=0x0000000000000000, RCX=0x0000000000000008, RDX=0x0000000000d222a0
RSP=0x00007f3a5480a4e0, RBP=0x00007f3a5480a560, RSI=0x00000000000000db, RDI=0x0000000000d222d0
R8 =0x00007f3a495888b0, R9 =0x0000000000000013, R10=0x0000000000000000, R11=0x0000000000000000
R12=0x00000000000000c0, R13=0x0000000000000180, R14=0x00000000000000b8, R15=0x00007f3a49a1a698
RIP=0x00007f3a69432b2c, EFLAGS=0x0000000000010246, CSGSFS=0x0000000000000033, ERR=0x0000000000000004
  TRAPNO=0x000000000000000e

Top of Stack: (sp=0x00007f3a5480a4e0)
0x00007f3a5480a4e0:   00007f3a495880d0 0000000000000400
0x00007f3a5480a4f0:   00007f3a495888b0 00007f3a5480bd90
0x00007f3a5480a500:   000000da495843f0 00007f3a49a1a698
0x00007f3a5480a510:   0000000000d222a0 0000001c6963ba56
0x00007f3a5480a520:   0000000000d222d0 00007f3a487aadd0
0x00007f3a5480a530:   0000000800000040 00007f3a49a1a698
0x00007f3a5480a540:   0000000000d222a0 0000000000000012
0x00007f3a5480a550:   0000000000000013 0000000000000013
0x00007f3a5480a560:   00007f3a5480a5d0 00007f3a6943310a
0x00007f3a5480a570:   00007f3a5480a5d0 00007f3a0000ffff
0x00007f3a5480a580:   00007f3a00000004 00007f3a495843f0
0x00007f3a5480a590:   000000da5480a5d0 00007f3a5480bd90
0x00007f3a5480a5a0:   0000000949a1a130 0000000000000000
0x00007f3a5480a5b0:   000000000148c658 0000000000000000
0x00007f3a5480a5c0:   0000000000d1ed50 000000000148c028
0x00007f3a5480a5d0:   00007f3a5480a710 00007f3a6943429d
0x00007f3a5480a5e0:   00007f3a5480a620 00000000015cd600
0x00007f3a5480a5f0:   00007f3a5480a6b0 0000000000000018
0x00007f3a5480a600:   000000000000001c 000000070f000000
0x00007f3a5480a610:   0000000100000004 00007f3a5480a6d8
0x00007f3a5480a620:   00007f3a5480a6d0 00007f3a5480a6b0
0x00007f3a5480a630:   00007f3a5480a6b0 00007f3a5480a6b0
0x00007f3a5480a640:   00007f3a5480cc00 0000000000000007
0x00007f3a5480a650:   00007f3a5480bec0 00000007000000da
0x00007f3a5480a660:   00007f3a495843f0 00007f3a5011d8b0
0x00007f3a5480a670:   00000000000000da ffffffff495810a0
0x00007f3a5480a680:   000000000148bed8 00007f3a49a1a130
0x00007f3a5480a690:   00007f3a49584520 0000000000000020
0x00007f3a5480a6a0:   ffffffffffffffdf 00007f3a5480bd90
0x00007f3a5480a6b0:   00007f3a00000080 00007f3a5011d8b0
0x00007f3a5480a6c0:   00007f3a49586a10 00007f3a00000004
0x00007f3a5480a6d0:   0000000000000014 0000000000000000 

Instructions: (pc=0x00007f3a69432b2c)
0x00007f3a69432b0c:   44 39 e2 0f 8e bb 00 00 00 48 8b 05 fc 90 ba 00
0x00007f3a69432b1c:   4e 8b 34 a8 48 8b 55 b0 48 8b 42 08 4a 8b 1c a8
0x00007f3a69432b2c:   48 8b 03 48 89 df ff 50 28 8b 48 10 48 89 c6 48
0x00007f3a69432b3c:   8b 15 de a9 ba 00 48 63 c1 48 8d 44 00 01 48 c1 

Register to memory mapping:

RAX=0x0000000000d21bc8 is an unknown value
RBX=0x0000000000000000 is an unknown value
RCX=0x0000000000000008 is an unknown value
RDX=0x0000000000d222a0 is an unknown value
RSP=0x00007f3a5480a4e0 is pointing into the stack for thread: 0x00007f3a50116800
RBP=0x00007f3a5480a560 is pointing into the stack for thread: 0x00007f3a50116800
RSI=0x00000000000000db is an unknown value
RDI=0x0000000000d222d0 is an unknown value
R8 =0x00007f3a495888b0 is an unknown value
R9 =0x0000000000000013 is an unknown value
R10=0x0000000000000000 is an unknown value
R11=0x0000000000000000 is an unknown value
R12=0x00000000000000c0 is an unknown value
R13=0x0000000000000180 is an unknown value
R14=0x00000000000000b8 is an unknown value
R15=0x00007f3a49a1a698 is an unknown value


Stack: [0x00007f3a5470e000,0x00007f3a5480f000],  sp=0x00007f3a5480a4e0,  free space=1009k
Native frames: (J=compiled Java code, j=interpreted, Vv=VM code, C=native code)
V  [libjvm.so+0x304b2c]  OopFlow::build_oop_map(Node*, int, PhaseRegAlloc*, int*)+0x14c
V  [libjvm.so+0x30510a]  OopFlow::compute_reach(PhaseRegAlloc*, int, Dict*)+0x22a
V  [libjvm.so+0x30629d]  Compile::BuildOopMaps()+0xffd
V  [libjvm.so+0x8b4b8d]  Compile::Output()+0x6dd
V  [libjvm.so+0x45e05a]  Compile::Code_Gen()+0x30a
V  [libjvm.so+0x4612c5]  Compile::Compile(ciEnv*, C2Compiler*, ciMethod*, int, bool, bool, bool)+0x1435
V  [libjvm.so+0x3b5008]  C2Compiler::compile_method(ciEnv*, ciMethod*, int)+0x198
V  [libjvm.so+0x46982a]  CompileBroker::invoke_compiler_on_method(CompileTask*)+0xc8a
V  [libjvm.so+0x46c230]  CompileBroker::compiler_thread_loop()+0x620
V  [libjvm.so+0x9e303f]  JavaThread::thread_main_inner()+0xdf
V  [libjvm.so+0x9e3205]  JavaThread::run()+0x1b5
V  [libjvm.so+0x8a00c8]  java_start(Thread*)+0x108


Current CompileTask:
C2:  11443 5168       4       groovy.lang.MetaClassImpl::findPropertyMethod (356 bytes)


---------------  P R O C E S S  ---------------

Java Threads: ( => current thread )
  0x00007f3a50bc5800 JavaThread "net.sf.ehcache.CacheManager@5f4ff923" daemon [_thread_blocked, id=6010, stack(0x00007f3a4cae8000,0x00007f3a4cbe9000)]
  0x00007f3a5048a800 JavaThread "PoolCleaner[676692367:1404463376050]" daemon [_thread_blocked, id=6009, stack(0x00007f3a4cfe9000,0x00007f3a4d0ea000)]
  0x0000000001995000 JavaThread "FileSystemWatcher: files=#185 cl=groovy.lang.GroovyClassLoader@2855818f" daemon [_thread_blocked, id=6008, stack(0x00007f3a4e0ea000,0x00007f3a4e1eb000)]
  0x000000000194b800 JavaThread "Thread-4" daemon [_thread_in_native, id=6007, stack(0x00007f3a4e1fe000,0x00007f3a4e2ff000)]
  0x00000000018bf800 JavaThread "localhost-startStop-1" daemon [_thread_in_native, id=6006, stack(0x00007f3a4e51b000,0x00007f3a4e61c000)]
  0x00000000018ae800 JavaThread "Tomcat-startStop-1" daemon [_thread_blocked, id=6005, stack(0x00007f3a4e61c000,0x00007f3a4e71d000)]
  0x0000000001835800 JavaThread "Thread-3" [_thread_in_native, id=6004, stack(0x00007f3a4ef4d000,0x00007f3a4f04e000)]
  0x0000000001590800 JavaThread "Thread-2" [_thread_blocked, id=6003, stack(0x00007f3a4f3fb000,0x00007f3a4f4fc000)]
  0x0000000000fe5800 JavaThread "NonBlockingInputStreamThread" daemon [_thread_blocked, id=5997, stack(0x00007f3a4fafc000,0x00007f3a4fbfd000)]
  0x0000000000fb1800 JavaThread "process reaper" daemon [_thread_blocked, id=5991, stack(0x00007f3a542cc000,0x00007f3a54305000)]
  0x00007f3a5013a800 JavaThread "Service Thread" daemon [_thread_blocked, id=5988, stack(0x00007f3a5440b000,0x00007f3a5450c000)]
  0x00007f3a50128800 JavaThread "C1 CompilerThread2" daemon [_thread_blocked, id=5987, stack(0x00007f3a5450c000,0x00007f3a5460d000)]
  0x00007f3a50126800 JavaThread "C2 CompilerThread1" daemon [_thread_in_native, id=5986, stack(0x00007f3a5460d000,0x00007f3a5470e000)]
=>0x00007f3a50116800 JavaThread "C2 CompilerThread0" daemon [_thread_in_native, id=5985, stack(0x00007f3a5470e000,0x00007f3a5480f000)]
  0x00007f3a50032800 JavaThread "Signal Dispatcher" daemon [_thread_blocked, id=5984, stack(0x00007f3a54917000,0x00007f3a54a18000)]
  0x00007f3a50003000 JavaThread "Finalizer" daemon [_thread_blocked, id=5983, stack(0x00007f3a54b8f000,0x00007f3a54c90000)]
  0x0000000000c3d000 JavaThread "Reference Handler" daemon [_thread_blocked, id=5982, stack(0x00007f3a54c90000,0x00007f3a54d91000)]
  0x0000000000b07800 JavaThread "main" [_thread_blocked, id=5976, stack(0x00007f3a6ab19000,0x00007f3a6ac1a000)]

Other Threads:
  0x0000000000c38000 VMThread [stack: 0x00007f3a54d91000,0x00007f3a54e92000] [id=5981]
  0x00007f3a5013d000 WatcherThread [stack: 0x00007f3a5430a000,0x00007f3a5440b000] [id=5989]

VM state:not at safepoint (normal execution)

VM Mutex/Monitor currently owned by a thread: None

Heap:
 PSYoungGen      total 217600K, used 119183K [0x00000000f0000000, 0x0000000100000000, 0x0000000100000000)
  eden space 193536K, 49% used [0x00000000f0000000,0x00000000f5ceb6e0,0x00000000fbd00000)
  from space 24064K, 99% used [0x00000000fe880000,0x00000000ffff8528,0x0000000100000000)
  to   space 34304K, 0% used [0x00000000fbd00000,0x00000000fbd00000,0x00000000fde80000)
 ParOldGen       total 89600K, used 75526K [0x00000000d0000000, 0x00000000d5780000, 0x00000000f0000000)
  object space 89600K, 84% used [0x00000000d0000000,0x00000000d49c1af8,0x00000000d5780000)
 Metaspace       used 59813K, capacity 61962K, committed 62120K, reserved 1103872K
  class space    used 6813K, capacity 7509K, committed 7592K, reserved 1048576K

Card table byte_map: [0x00007f3a586cb000,0x00007f3a5884c000] byte_map_base: 0x00007f3a5804b000

Marking Bits: (ParMarkBitMap*) 0x00007f3a6a026cc0
 Begin Bits: [0x00007f3a569c7000, 0x00007f3a575c7000)
 End Bits:   [0x00007f3a575c7000, 0x00007f3a581c7000)

Polling page: 0x00007f3a6ac2f000

CodeCache: size=245760Kb used=17082Kb max_used=17114Kb free=228677Kb
 bounds [0x00007f3a58c0c000, 0x00007f3a59cdc000, 0x00007f3a67c0c000]
 total_blobs=5481 nmethods=4737 adapters=655
 compilation: enabled

Compilation events (10 events):
Event: 11,434 Thread 0x00007f3a50128800 nmethod 5212 0x00007f3a5971a050 code [0x00007f3a5971a2e0, 0x00007f3a5971ae08]
Event: 11,434 Thread 0x00007f3a50128800 5213       2       com.sun.org.apache.xerces.internal.util.XMLAttributesImpl::addAttribute (623 bytes)
Event: 11,435 Thread 0x00007f3a50128800 nmethod 5213 0x00007f3a5905c690 code [0x00007f3a5905c960, 0x00007f3a5905e0c8]
Event: 11,435 Thread 0x00007f3a50128800 5218       2       com.sun.org.apache.xerces.internal.impl.XMLDocumentFragmentScannerImpl::scanAttribute (230 bytes)
Event: 11,436 Thread 0x00007f3a50128800 nmethod 5218 0x00007f3a59718b90 code [0x00007f3a59718dc0, 0x00007f3a59719758]
Event: 11,436 Thread 0x00007f3a50128800 5219       2       com.sun.org.apache.xerces.internal.impl.dtd.XMLDTDValidator::getAttributeTypeName (195 bytes)
Event: 11,437 Thread 0x00007f3a50128800 nmethod 5219 0x00007f3a5905ac90 code [0x00007f3a5905aea0, 0x00007f3a5905bc18]
Event: 11,437 Thread 0x00007f3a50128800 5222       2       com.sun.org.apache.xerces.internal.dom.ParentNode::nodeListGetLength (130 bytes)
Event: 11,437 Thread 0x00007f3a50128800 nmethod 5222 0x00007f3a597185d0 code [0x00007f3a59718740, 0x00007f3a597189e8]
Event: 11,437 Thread 0x00007f3a50128800 5225       2       com.sun.org.apache.xerces.internal.dom.ParentNode::nodeListItem (226 bytes)

GC Heap History (10 events):
Event: 8,906 GC heap before
{Heap before GC invocations=58 (full 5):
 PSYoungGen      total 237568K, used 224669K [0x00000000f0000000, 0x00000000ffd00000, 0x0000000100000000)
  eden space 219136K, 100% used [0x00000000f0000000,0x00000000fd600000,0x00000000fd600000)
  from space 18432K, 30% used [0x00000000feb00000,0x00000000ff0675b8,0x00000000ffd00000)
  to   space 19968K, 0% used [0x00000000fd600000,0x00000000fd600000,0x00000000fe980000)
 ParOldGen       total 74240K, used 59999K [0x00000000d0000000, 0x00000000d4880000, 0x00000000f0000000)
  object space 74240K, 80% used [0x00000000d0000000,0x00000000d3a97e08,0x00000000d4880000)
 Metaspace       used 52189K, capacity 53466K, committed 53800K, reserved 1097728K
  class space    used 5921K, capacity 6313K, committed 6440K, reserved 1048576K
Event: 8,924 GC heap after
Heap after GC invocations=58 (full 5):
 PSYoungGen      total 239104K, used 10996K [0x00000000f0000000, 0x0000000100000000, 0x0000000100000000)
  eden space 219136K, 0% used [0x00000000f0000000,0x00000000f0000000,0x00000000fd600000)
  from space 19968K, 55% used [0x00000000fd600000,0x00000000fe0bd380,0x00000000fe980000)
  to   space 20480K, 0% used [0x00000000fec00000,0x00000000fec00000,0x0000000100000000)
 ParOldGen       total 74240K, used 60007K [0x00000000d0000000, 0x00000000d4880000, 0x00000000f0000000)
  object space 74240K, 80% used [0x00000000d0000000,0x00000000d3a99e08,0x00000000d4880000)
 Metaspace       used 52189K, capacity 53466K, committed 53800K, reserved 1097728K
  class space    used 5921K, capacity 6313K, committed 6440K, reserved 1048576K
}
Event: 9,525 GC heap before
{Heap before GC invocations=59 (full 5):
 PSYoungGen      total 239104K, used 230132K [0x00000000f0000000, 0x0000000100000000, 0x0000000100000000)
  eden space 219136K, 100% used [0x00000000f0000000,0x00000000fd600000,0x00000000fd600000)
  from space 19968K, 55% used [0x00000000fd600000,0x00000000fe0bd380,0x00000000fe980000)
  to   space 20480K, 0% used [0x00000000fec00000,0x00000000fec00000,0x0000000100000000)
 ParOldGen       total 74240K, used 60007K [0x00000000d0000000, 0x00000000d4880000, 0x00000000f0000000)
  object space 74240K, 80% used [0x00000000d0000000,0x00000000d3a99e08,0x00000000d4880000)
 Metaspace       used 54059K, capacity 55456K, committed 55720K, reserved 1097728K
  class space    used 6093K, capacity 6547K, committed 6568K, reserved 1048576K
Event: 9,549 GC heap after
Heap after GC invocations=59 (full 5):
 PSYoungGen      total 234496K, used 20459K [0x00000000f0000000, 0x0000000100000000, 0x0000000100000000)
  eden space 214016K, 0% used [0x00000000f0000000,0x00000000f0000000,0x00000000fd100000)
  from space 20480K, 99% used [0x00000000fec00000,0x00000000ffffae10,0x0000000100000000)
  to   space 24064K, 0% used [0x00000000fd100000,0x00000000fd100000,0x00000000fe880000)
 ParOldGen       total 74240K, used 60811K [0x00000000d0000000, 0x00000000d4880000, 0x00000000f0000000)
  object space 74240K, 81% used [0x00000000d0000000,0x00000000d3b62cc8,0x00000000d4880000)
 Metaspace       used 54059K, capacity 55456K, committed 55720K, reserved 1097728K
  class space    used 6093K, capacity 6547K, committed 6568K, reserved 1048576K
}
Event: 10,077 GC heap before
{Heap before GC invocations=60 (full 5):
 PSYoungGen      total 234496K, used 231406K [0x00000000f0000000, 0x0000000100000000, 0x0000000100000000)
  eden space 214016K, 98% used [0x00000000f0000000,0x00000000fce00b60,0x00000000fd100000)
  from space 20480K, 99% used [0x00000000fec00000,0x00000000ffffae10,0x0000000100000000)
  to   space 24064K, 0% used [0x00000000fd100000,0x00000000fd100000,0x00000000fe880000)
 ParOldGen       total 74240K, used 60811K [0x00000000d0000000, 0x00000000d4880000, 0x00000000f0000000)
  object space 74240K, 81% used [0x00000000d0000000,0x00000000d3b62cc8,0x00000000d4880000)
 Metaspace       used 56121K, capacity 57392K, committed 57512K, reserved 1099776K
  class space    used 6373K, capacity 6789K, committed 6824K, reserved 1048576K
Event: 10,094 GC heap after
Heap after GC invocations=60 (full 5):
 PSYoungGen      total 238080K, used 24033K [0x00000000f0000000, 0x0000000100000000, 0x0000000100000000)
  eden space 214016K, 0% used [0x00000000f0000000,0x00000000f0000000,0x00000000fd100000)
  from space 24064K, 99% used [0x00000000fd100000,0x00000000fe878530,0x00000000fe880000)
  to   space 24064K, 0% used [0x00000000fe880000,0x00000000fe880000,0x0000000100000000)
 ParOldGen       total 74240K, used 67345K [0x00000000d0000000, 0x00000000d4880000, 0x00000000f0000000)
  object space 74240K, 90% used [0x00000000d0000000,0x00000000d41c44a8,0x00000000d4880000)
 Metaspace       used 56121K, capacity 57392K, committed 57512K, reserved 1099776K
  class space    used 6373K, capacity 6789K, committed 6824K, reserved 1048576K
}
Event: 10,094 GC heap before
{Heap before GC invocations=61 (full 6):
 PSYoungGen      total 238080K, used 24033K [0x00000000f0000000, 0x0000000100000000, 0x0000000100000000)
  eden space 214016K, 0% used [0x00000000f0000000,0x00000000f0000000,0x00000000fd100000)
  from space 24064K, 99% used [0x00000000fd100000,0x00000000fe878530,0x00000000fe880000)
  to   space 24064K, 0% used [0x00000000fe880000,0x00000000fe880000,0x0000000100000000)
 ParOldGen       total 74240K, used 67345K [0x00000000d0000000, 0x00000000d4880000, 0x00000000f0000000)
  object space 74240K, 90% used [0x00000000d0000000,0x00000000d41c44a8,0x00000000d4880000)
 Metaspace       used 56121K, capacity 57392K, committed 57512K, reserved 1099776K
  class space    used 6373K, capacity 6789K, committed 6824K, reserved 1048576K
Event: 10,563 GC heap after
Heap after GC invocations=61 (full 6):
 PSYoungGen      total 238080K, used 14191K [0x00000000f0000000, 0x0000000100000000, 0x0000000100000000)
  eden space 214016K, 0% used [0x00000000f0000000,0x00000000f0000000,0x00000000fd100000)
  from space 24064K, 58% used [0x00000000fd100000,0x00000000fdedbcd8,0x00000000fe880000)
  to   space 24064K, 0% used [0x00000000fe880000,0x00000000fe880000,0x0000000100000000)
 ParOldGen       total 89600K, used 74188K [0x00000000d0000000, 0x00000000d5780000, 0x00000000f0000000)
  object space 89600K, 82% used [0x00000000d0000000,0x00000000d4873008,0x00000000d5780000)
 Metaspace       used 56121K, capacity 57392K, committed 57512K, reserved 1099776K
  class space    used 6373K, capacity 6789K, committed 6824K, reserved 1048576K
}
Event: 11,240 GC heap before
{Heap before GC invocations=62 (full 6):
 PSYoungGen      total 238080K, used 228207K [0x00000000f0000000, 0x0000000100000000, 0x0000000100000000)
  eden space 214016K, 100% used [0x00000000f0000000,0x00000000fd100000,0x00000000fd100000)
  from space 24064K, 58% used [0x00000000fd100000,0x00000000fdedbcd8,0x00000000fe880000)
  to   space 24064K, 0% used [0x00000000fe880000,0x00000000fe880000,0x0000000100000000)
 ParOldGen       total 89600K, used 74188K [0x00000000d0000000, 0x00000000d5780000, 0x00000000f0000000)
  object space 89600K, 82% used [0x00000000d0000000,0x00000000d4873008,0x00000000d5780000)
 Metaspace       used 59323K, capacity 61378K, committed 61480K, reserved 1103872K
  class space    used 6731K, capacity 7374K, committed 7464K, reserved 1048576K
Event: 11,272 GC heap after
Heap after GC invocations=62 (full 6):
 PSYoungGen      total 217600K, used 24033K [0x00000000f0000000, 0x0000000100000000, 0x0000000100000000)
  eden space 193536K, 0% used [0x00000000f0000000,0x00000000f0000000,0x00000000fbd00000)
  from space 24064K, 99% used [0x00000000fe880000,0x00000000ffff8528,0x0000000100000000)
  to   space 34304K, 0% used [0x00000000fbd00000,0x00000000fbd00000,0x00000000fde80000)
 ParOldGen       total 89600K, used 75526K [0x00000000d0000000, 0x00000000d5780000, 0x00000000f0000000)
  object space 89600K, 84% used [0x00000000d0000000,0x00000000d49c1af8,0x00000000d5780000)
 Metaspace       used 59323K, capacity 61378K, committed 61480K, reserved 1103872K
  class space    used 6731K, capacity 7374K, committed 7464K, reserved 1048576K
}

Deoptimization events (10 events):
Event: 9,961 Thread 0x00000000018bf800 Uncommon trap: reason=bimorphic action=maybe_recompile pc=0x00007f3a59b80908 method=groovy.lang.MetaClassImpl$1MOPIter.methodNameAction(Ljava/lang/Class;Lorg/codehaus/groovy/runtime/metaclass/MetaMethodIndex$Entry;)V @ 62
Event: 9,961 Thread 0x00000000018bf800 Uncommon trap: reason=bimorphic action=maybe_recompile pc=0x00007f3a59b80908 method=groovy.lang.MetaClassImpl$1MOPIter.methodNameAction(Ljava/lang/Class;Lorg/codehaus/groovy/runtime/metaclass/MetaMethodIndex$Entry;)V @ 62
Event: 10,002 Thread 0x00000000018bf800 Uncommon trap: reason=unloaded action=reinterpret pc=0x00007f3a59b6ac58 method=com.sun.beans.TypeResolver.resolve(Ljava/lang/reflect/Type;Ljava/lang/reflect/Type;)Ljava/lang/reflect/Type; @ 175
Event: 10,771 Thread 0x00000000018bf800 Uncommon trap: reason=bimorphic action=maybe_recompile pc=0x00007f3a59727870 method=java.util.regex.Pattern$Branch.match(Ljava/util/regex/Matcher;ILjava/lang/CharSequence;)Z @ 32
Event: 10,804 Thread 0x00000000018bf800 Uncommon trap: reason=bimorphic action=maybe_recompile pc=0x00007f3a59bc15e4 method=org.codehaus.groovy.runtime.metaclass.MetaMethodIndex.addMethodToList(Ljava/lang/Object;Lgroovy/lang/MetaMethod;)Ljava/lang/Object; @ 97
Event: 10,804 Thread 0x00000000018bf800 Uncommon trap: reason=bimorphic action=maybe_recompile pc=0x00007f3a59bc15e4 method=org.codehaus.groovy.runtime.metaclass.MetaMethodIndex.addMethodToList(Ljava/lang/Object;Lgroovy/lang/MetaMethod;)Ljava/lang/Object; @ 97
Event: 10,974 Thread 0x00000000018bf800 Uncommon trap: reason=array_check action=maybe_recompile pc=0x00007f3a59bea3b8 method=java.util.AbstractCollection.toArray([Ljava/lang/Object;)[Ljava/lang/Object; @ 119
Event: 10,974 Thread 0x00000000018bf800 Uncommon trap: reason=array_check action=maybe_recompile pc=0x00007f3a59bea3b8 method=java.util.AbstractCollection.toArray([Ljava/lang/Object;)[Ljava/lang/Object; @ 119
Event: 10,984 Thread 0x00000000018bf800 Uncommon trap: reason=array_check action=maybe_recompile pc=0x00007f3a59bea3b8 method=java.util.AbstractCollection.toArray([Ljava/lang/Object;)[Ljava/lang/Object; @ 119
Event: 10,984 Thread 0x00000000018bf800 Uncommon trap: reason=array_check action=maybe_recompile pc=0x00007f3a59bea3b8 method=java.util.AbstractCollection.toArray([Ljava/lang/Object;)[Ljava/lang/Object; @ 119

Internal exceptions (10 events):
Event: 11,423 Thread 0x00000000018bf800 Exception <a 'java/security/PrivilegedActionException'> (0x00000000f477b310) thrown at [/HUDSON/workspace/8-2-build-linux-amd64/jdk8u5/2488/hotspot/src/share/vm/prims/jvm.cpp, line 1248]
Event: 11,423 Thread 0x00000000018bf800 Exception <a 'java/security/PrivilegedActionException'> (0x00000000f477f960) thrown at [/HUDSON/workspace/8-2-build-linux-amd64/jdk8u5/2488/hotspot/src/share/vm/prims/jvm.cpp, line 1248]
Event: 11,425 Thread 0x00000000018bf800 Exception <a 'java/security/PrivilegedActionException'> (0x00000000f4795a28) thrown at [/HUDSON/workspace/8-2-build-linux-amd64/jdk8u5/2488/hotspot/src/share/vm/prims/jvm.cpp, line 1248]
Event: 11,425 Thread 0x00000000018bf800 Exception <a 'java/security/PrivilegedActionException'> (0x00000000f479a588) thrown at [/HUDSON/workspace/8-2-build-linux-amd64/jdk8u5/2488/hotspot/src/share/vm/prims/jvm.cpp, line 1248]
Event: 11,426 Thread 0x00000000018bf800 Exception <a 'java/security/PrivilegedActionException'> (0x00000000f47a2590) thrown at [/HUDSON/workspace/8-2-build-linux-amd64/jdk8u5/2488/hotspot/src/share/vm/prims/jvm.cpp, line 1248]
Event: 11,426 Thread 0x00000000018bf800 Exception <a 'java/security/PrivilegedActionException'> (0x00000000f47a6860) thrown at [/HUDSON/workspace/8-2-build-linux-amd64/jdk8u5/2488/hotspot/src/share/vm/prims/jvm.cpp, line 1248]
Event: 11,426 Thread 0x00000000018bf800 Exception <a 'java/security/PrivilegedActionException'> (0x00000000f47ae190) thrown at [/HUDSON/workspace/8-2-build-linux-amd64/jdk8u5/2488/hotspot/src/share/vm/prims/jvm.cpp, line 1248]
Event: 11,426 Thread 0x00000000018bf800 Exception <a 'java/security/PrivilegedActionException'> (0x00000000f47b2460) thrown at [/HUDSON/workspace/8-2-build-linux-amd64/jdk8u5/2488/hotspot/src/share/vm/prims/jvm.cpp, line 1248]
Event: 11,426 Thread 0x00000000018bf800 Exception <a 'java/security/PrivilegedActionException'> (0x00000000f47bbbe8) thrown at [/HUDSON/workspace/8-2-build-linux-amd64/jdk8u5/2488/hotspot/src/share/vm/prims/jvm.cpp, line 1248]
Event: 11,426 Thread 0x00000000018bf800 Exception <a 'java/security/PrivilegedActionException'> (0x00000000f47bf838) thrown at [/HUDSON/workspace/8-2-build-linux-amd64/jdk8u5/2488/hotspot/src/share/vm/prims/jvm.cpp, line 1248]

Events (10 events):
Event: 11,434 loading class com/sun/org/apache/xerces/internal/dom/DeferredDocumentImpl$IntVector
Event: 11,435 loading class com/sun/org/apache/xerces/internal/dom/DeferredDocumentImpl$IntVector done
Event: 11,435 loading class com/sun/org/apache/xerces/internal/dom/DeferredCommentImpl
Event: 11,435 loading class com/sun/org/apache/xerces/internal/dom/CommentImpl
Event: 11,435 loading class com/sun/org/apache/xerces/internal/dom/CommentImpl done
Event: 11,435 loading class com/sun/org/apache/xerces/internal/dom/DeferredCommentImpl done
Event: 11,435 loading class com/sun/org/apache/xerces/internal/dom/DeferredDocumentTypeImpl
Event: 11,435 loading class com/sun/org/apache/xerces/internal/dom/DeferredDocumentTypeImpl done
Event: 11,435 loading class com/sun/org/apache/xerces/internal/dom/DeferredElementDefinitionImpl
Event: 11,435 loading class com/sun/org/apache/xerces/internal/dom/DeferredElementDefinitionImpl done


Dynamic libraries:
00400000-00401000 r-xp 00000000 08:02 2228742                            /usr/lib/jvm/java-8-oracle/bin/java
00600000-00601000 rw-p 00000000 08:02 2228742                            /usr/lib/jvm/java-8-oracle/bin/java
00af9000-02631000 rw-p 00000000 00:00 0                                  [heap]
d0000000-d5780000 rw-p 00000000 00:00 0 
d5780000-f0000000 ---p 00000000 00:00 0 
f0000000-100000000 rw-p 00000000 00:00 0 
100000000-10076a000 rw-p 00000000 00:00 0 
10076a000-140000000 ---p 00000000 00:00 0 
7f3a47c00000-7f3a47d40000 rw-p 00000000 00:00 0 
7f3a47d40000-7f3a47e00000 ---p 00000000 00:00 0 
7f3a47e00000-7f3a48000000 rw-p 00000000 00:00 0 
7f3a48000000-7f3a49be8000 rw-p 00000000 00:00 0 
7f3a49be8000-7f3a4c000000 ---p 00000000 00:00 0 
7f3a4c1e1000-7f3a4c1e7000 r--s 002f7000 08:02 2228554                    /usr/lib/jvm/java-8-oracle/jre/lib/charsets.jar
7f3a4c1e7000-7f3a4c3e7000 rw-p 00000000 00:00 0 
7f3a4c3e7000-7f3a4c5e7000 rw-p 00000000 00:00 0 
7f3a4c5e7000-7f3a4c5ea000 ---p 00000000 00:00 0 
7f3a4c5ea000-7f3a4c8e8000 rw-p 00000000 00:00 0 
7f3a4c8e8000-7f3a4cae8000 rw-p 00000000 00:00 0 
7f3a4cae8000-7f3a4caeb000 ---p 00000000 00:00 0 
7f3a4caeb000-7f3a4cde9000 rw-p 00000000 00:00 0 
7f3a4cde9000-7f3a4cfe9000 rw-p 00000000 00:00 0 
7f3a4cfe9000-7f3a4cfec000 ---p 00000000 00:00 0 
7f3a4cfec000-7f3a4d2ea000 rw-p 00000000 00:00 0 
7f3a4d2ea000-7f3a4d4ea000 rw-p 00000000 00:00 0 
7f3a4d4ea000-7f3a4d6ea000 rw-p 00000000 00:00 0 
7f3a4d6ea000-7f3a4d8ea000 rw-p 00000000 00:00 0 
7f3a4d8ea000-7f3a4daea000 rw-p 00000000 00:00 0 
7f3a4daea000-7f3a4dcea000 rw-p 00000000 00:00 0 
7f3a4dcea000-7f3a4deea000 rw-p 00000000 00:00 0 
7f3a4deea000-7f3a4e0ea000 rw-p 00000000 00:00 0 
7f3a4e0ea000-7f3a4e0ed000 ---p 00000000 00:00 0 
7f3a4e0ed000-7f3a4e1eb000 rw-p 00000000 00:00 0 
7f3a4e1eb000-7f3a4e1fe000 r--s 00345000 08:02 2228592                    /usr/lib/jvm/java-8-oracle/jre/lib/resources.jar
7f3a4e1fe000-7f3a4e201000 ---p 00000000 00:00 0 
7f3a4e201000-7f3a4e4ff000 rw-p 00000000 00:00 0 
7f3a4e4ff000-7f3a4e51b000 r--s 00393000 08:02 2228454                    /usr/lib/jvm/java-8-oracle/jre/lib/ext/cldrdata.jar
7f3a4e51b000-7f3a4e51e000 ---p 00000000 00:00 0 
7f3a4e51e000-7f3a4e61c000 rw-p 00000000 00:00 0 
7f3a4e61c000-7f3a4e61f000 ---p 00000000 00:00 0 
7f3a4e61f000-7f3a4e71d000 rw-p 00000000 00:00 0 
7f3a4e71d000-7f3a4e72d000 r-xp 00000000 08:02 2228502                    /usr/lib/jvm/java-8-oracle/jre/lib/amd64/libnio.so
7f3a4e72d000-7f3a4e92d000 ---p 00010000 08:02 2228502                    /usr/lib/jvm/java-8-oracle/jre/lib/amd64/libnio.so
7f3a4e92d000-7f3a4e92e000 rw-p 00010000 08:02 2228502                    /usr/lib/jvm/java-8-oracle/jre/lib/amd64/libnio.so
7f3a4e92e000-7f3a4eb2e000 rw-p 00000000 00:00 0 
7f3a4eb2e000-7f3a4eb36000 r-xp 00000000 08:02 2228513                    /usr/lib/jvm/java-8-oracle/jre/lib/amd64/libmanagement.so
7f3a4eb36000-7f3a4ed36000 ---p 00008000 08:02 2228513                    /usr/lib/jvm/java-8-oracle/jre/lib/amd64/libmanagement.so
7f3a4ed36000-7f3a4ed37000 rw-p 00008000 08:02 2228513                    /usr/lib/jvm/java-8-oracle/jre/lib/amd64/libmanagement.so
7f3a4ed37000-7f3a4ed4d000 r-xp 00000000 08:02 2228479                    /usr/lib/jvm/java-8-oracle/jre/lib/amd64/libnet.so
7f3a4ed4d000-7f3a4ef4c000 ---p 00016000 08:02 2228479                    /usr/lib/jvm/java-8-oracle/jre/lib/amd64/libnet.so
7f3a4ef4c000-7f3a4ef4d000 rw-p 00015000 08:02 2228479                    /usr/lib/jvm/java-8-oracle/jre/lib/amd64/libnet.so
7f3a4ef4d000-7f3a4ef50000 ---p 00000000 00:00 0 
7f3a4ef50000-7f3a4f04e000 rw-p 00000000 00:00 0 
7f3a4f04e000-7f3a4f051000 r--s 00012000 08:02 32637081                   /home/luis/.gvm/grails/2.4.2/lib/javax.servlet/javax.servlet-api/jars/javax.servlet-api-3.0.1.jar
7f3a4f051000-7f3a4f056000 r--s 00040000 08:02 33687671                   /home/luis/.gvm/grails/2.4.2/dist/grails-project-api-2.4.2.jar
7f3a4f056000-7f3a4f067000 r--s 000d2000 08:02 33162674                   /home/luis/.m2/repository/org/liquibase/liquibase-core/2.0.5/liquibase-core-2.0.5.jar
7f3a4f067000-7f3a4f06b000 r--s 0000c000 08:02 33162673                   /home/luis/.m2/repository/javax/validation/validation-api/1.1.0.Final/validation-api-1.1.0.Final.jar
7f3a4f06b000-7f3a4f071000 r--s 0004c000 08:02 32637378                   /home/luis/.gvm/grails/2.4.2/lib/org.grails/grails-datastore-simple/jars/grails-datastore-simple-3.1.1.RELEASE.jar
7f3a4f071000-7f3a4f079000 r--s 00052000 08:02 33162618                   /home/luis/.m2/repository/org/springframework/spring-orm/4.0.5.RELEASE/spring-orm-4.0.5.RELEASE.jar
7f3a4f079000-7f3a4f07b000 r--s 0000a000 08:02 33685665                   /home/luis/.m2/repository/org/grails/grails-datastore-gorm-plugin-support/3.1.1.RELEASE/grails-datastore-gorm-plugin-support-3.1.1.RELEASE.jar
7f3a4f07b000-7f3a4f081000 r--s 00041000 08:02 33685664                   /home/luis/.m2/repository/org/grails/grails-datastore-gorm-hibernate-core/3.1.1.RELEASE/grails-datastore-gorm-hibernate-core-3.1.1.RELEASE.jar
7f3a4f081000-7f3a4f086000 r--s 00048000 08:02 33162669                   /home/luis/.m2/repository/dom4j/dom4j/1.6.1/dom4j-1.6.1.jar
7f3a4f086000-7f3a4f087000 r--s 00002000 08:02 33162635                   /home/luis/.m2/repository/org/jboss/logging/jboss-logging-annotations/1.2.0.Beta1/jboss-logging-annotations-1.2.0.Beta1.jar
7f3a4f087000-7f3a4f08a000 r--s 00010000 08:02 33162662                   /home/luis/.m2/repository/org/hibernate/common/hibernate-commons-annotations/4.0.4.Final/hibernate-commons-annotations-4.0.4.Final.jar
7f3a4f08a000-7f3a4f092000 r--s 00062000 08:02 33685658                   /home/luis/.m2/repository/org/grails/grails-datastore-gorm-hibernate4/3.1.1.RELEASE/grails-datastore-gorm-hibernate4-3.1.1.RELEASE.jar
7f3a4f092000-7f3a4f09b000 r--s 00081000 08:02 32637375                   /home/luis/.gvm/grails/2.4.2/lib/org.grails/grails-datastore-gorm/jars/grails-datastore-gorm-3.1.1.RELEASE.jar
7f3a4f09b000-7f3a4f0a6000 r--s 00052000 08:02 32637372                   /home/luis/.gvm/grails/2.4.2/lib/org.grails/grails-datastore-core/jars/grails-datastore-core-3.1.1.RELEASE.jar
7f3a4f0a6000-7f3a4f0bc000 r--s 000e6000 08:02 33162648                   /home/luis/.m2/repository/net/sf/ehcache/ehcache-core/2.4.8/ehcache-core-2.4.8.jar
7f3a4f0bc000-7f3a4f0be000 r--s 00011000 08:02 33162642                   /home/luis/.m2/repository/org/jboss/jandex/1.1.0.Final/jandex-1.1.0.Final.jar
7f3a4f0be000-7f3a4f0c3000 r--s 00068000 08:02 33162640                   /home/luis/.m2/repository/antlr/antlr/2.7.7/antlr-2.7.7.jar
7f3a4f0c3000-7f3a4f0c4000 r--s 00006000 08:02 33162638                   /home/luis/.m2/repository/org/jboss/spec/javax/transaction/jboss-transaction-api_1.2_spec/1.0.0.Final/jboss-transaction-api_1.2_spec-1.0.0.Final.jar
7f3a4f0c4000-7f3a4f121000 r--s 004a0000 08:02 33162636                   /home/luis/.m2/repository/org/hibernate/hibernate-core/4.3.5.Final/hibernate-core-4.3.5.Final.jar
7f3a4f121000-7f3a4f125000 r--s 0001e000 08:02 33162633                   /home/luis/.m2/repository/org/hibernate/hibernate-ehcache/4.3.5.Final/hibernate-ehcache-4.3.5.Final.jar
7f3a4f125000-7f3a4f127000 r--s 0000d000 08:02 33162646                   /home/luis/.m2/repository/com/fasterxml/classmate/1.0.0/classmate-1.0.0.jar
7f3a4f127000-7f3a4f134000 r--s 00080000 08:02 33162644                   /home/luis/.m2/repository/org/hibernate/hibernate-validator/5.0.3.Final/hibernate-validator-5.0.3.Final.jar
7f3a4f134000-7f3a4f13d000 r--s 000a5000 08:02 33162655                   /home/luis/.m2/repository/org/javassist/javassist/3.17.1-GA/javassist-3.17.1-GA.jar
7f3a4f13d000-7f3a4f140000 r--s 00083000 08:02 33687692                   /home/luis/.gvm/grails/2.4.2/dist/grails-resources-2.4.2.jar
7f3a4f140000-7f3a4f14d000 r--s 00189000 08:02 32506388                   /home/luis/.gvm/grails/2.4.2/lib/com.h2database/h2/jars/h2-1.3.176.jar
7f3a4f14d000-7f3a4f151000 r--s 00021000 08:02 33687356                   /home/luis/.gvm/grails/2.4.2/dist/grails-plugin-converters-2.4.2.jar
7f3a4f151000-7f3a4f154000 r--s 00018000 08:02 33687419                   /home/luis/.gvm/grails/2.4.2/dist/grails-plugin-domain-class-2.4.2.jar
7f3a4f154000-7f3a4f156000 r--s 0000e000 08:02 33687524                   /home/luis/.gvm/grails/2.4.2/dist/grails-plugin-mimetypes-2.4.2.jar
7f3a4f156000-7f3a4f157000 r--s 0000e000 08:02 32637270                   /home/luis/.gvm/grails/2.4.2/lib/org.codehaus.jsr166-mirror/jsr166y/jars/jsr166y-1.7.0.jar
7f3a4f157000-7f3a4f173000 r--s 00136000 08:02 32637255                   /home/luis/.gvm/grails/2.4.2/lib/org.codehaus.gpars/gpars/jars/gpars-1.2.1.jar
7f3a4f173000-7f3a4f175000 r--s 00011000 08:02 33687146                   /home/luis/.gvm/grails/2.4.2/dist/grails-async-2.4.2.jar
7f3a4f175000-7f3a4f177000 r--s 0000e000 08:02 33687293                   /home/luis/.gvm/grails/2.4.2/dist/grails-plugin-async-2.4.2.jar
7f3a4f177000-7f3a4f17b000 r--s 00028000 08:02 32506439                   /home/luis/.gvm/grails/2.4.2/lib/commons-validator/commons-validator/jars/commons-validator-1.4.0.jar
7f3a4f17b000-7f3a4f17e000 r--s 00012000 08:02 33687776                   /home/luis/.gvm/grails/2.4.2/dist/grails-validation-2.4.2.jar
7f3a4f17e000-7f3a4f182000 r--s 00019000 08:02 32506373                   /home/luis/.gvm/grails/2.4.2/lib/com.googlecode.concurrentlinkedhashmap/concurrentlinkedhashmap-lru/jars/concurrentlinkedhashmap-lru-1.4.jar
7f3a4f182000-7f3a4f184000 r--s 0000e000 08:02 33687629                   /home/luis/.gvm/grails/2.4.2/dist/grails-plugin-url-mappings-2.4.2.jar
7f3a4f184000-7f3a4f185000 r--s 00006000 08:02 33687587                   /home/luis/.gvm/grails/2.4.2/dist/grails-plugin-servlets-2.4.2.jar
7f3a4f185000-7f3a4f18c000 r--s 00036000 08:02 32637528                   /home/luis/.gvm/grails/2.4.2/lib/org.springframework/spring-tx/jars/spring-tx-4.0.5.RELEASE.jar
7f3a4f18c000-7f3a4f18e000 r--s 00009000 08:02 33687566                   /home/luis/.gvm/grails/2.4.2/dist/grails-plugin-services-2.4.2.jar
7f3a4f18e000-7f3a4f18f000 r--s 00001000 08:02 32637428                   /home/luis/.gvm/grails/2.4.2/lib/org.slf4j/jul-to-slf4j/jars/jul-to-slf4j-1.7.5.jar
7f3a4f18f000-7f3a4f190000 r--s 00000000 08:02 33687272                   /home/luis/.gvm/grails/2.4.2/dist/grails-logging-2.4.2.jar
7f3a4f190000-7f3a4f19f000 r--s 00096000 08:02 32637534                   /home/luis/.gvm/grails/2.4.2/lib/org.springframework/spring-web/jars/spring-web-4.0.5.RELEASE.jar
7f3a4f19f000-7f3a4f1a4000 r--s 0002e000 08:02 33687251                   /home/luis/.gvm/grails/2.4.2/dist/grails-encoder-2.4.2.jar
7f3a4f1a4000-7f3a4f1aa000 r--s 00033000 08:02 32506409                   /home/luis/.gvm/grails/2.4.2/lib/commons-codec/commons-codec/jars/commons-codec-1.6.jar
7f3a4f1aa000-7f3a4f1ac000 r--s 00012000 08:02 33687314                   /home/luis/.gvm/grails/2.4.2/dist/grails-plugin-codecs-2.4.2.jar
7f3a4f1ac000-7f3a4f1ae000 r--s 0000c000 08:02 33687923                   /home/luis/.gvm/grails/2.4.2/dist/grails-web-gsp-taglib-2.4.2.jar
7f3a4f1ae000-7f3a4f1b4000 r--s 00058000 08:02 33687461                   /home/luis/.gvm/grails/2.4.2/dist/grails-plugin-gsp-2.4.2.jar
7f3a4f1b4000-7f3a4f1b6000 r--s 0000b000 08:02 33687440                   /home/luis/.gvm/grails/2.4.2/dist/grails-plugin-filters-2.4.2.jar
7f3a4f1b6000-7f3a4f1bb000 r--s 00041000 08:02 32506435                   /home/luis/.gvm/grails/2.4.2/lib/commons-lang/commons-lang/jars/commons-lang-2.6.jar
7f3a4f1bb000-7f3a4f1bc000 r--s 00005000 08:02 33687482                   /home/luis/.gvm/grails/2.4.2/dist/grails-plugin-i18n-2.4.2.jar
7f3a4f1bc000-7f3a4f1c1000 r--s 00017000 08:02 32637401                   /home/luis/.gvm/grails/2.4.2/lib/org.hibernate.javax.persistence/hibernate-jpa-2.1-api/jars/hibernate-jpa-2.1-api-1.0.0.Final.jar
7f3a4f1c1000-7f3a4f1c3000 r--s 00000000 08:02 32506329                   /home/luis/.gvm/grails/2.4.2/lib/aopalliance/aopalliance/jars/aopalliance-1.0.jar
7f3a4f1c3000-7f3a4f1c5000 r--s 00009000 08:02 33687734                   /home/luis/.gvm/grails/2.4.2/dist/grails-spring-2.4.2.jar
7f3a4f1c5000-7f3a4f1c8000 r--s 00041000 08:02 32637571                   /home/luis/.gvm/grails/2.4.2/lib/xalan/serializer/jars/serializer-2.7.1.jar
7f3a4f1c8000-7f3a4f1d4000 r--s 00098000 08:02 32637489                   /home/luis/.gvm/grails/2.4.2/lib/org.springframework/spring-beans/jars/spring-beans-4.0.5.RELEASE.jar
7f3a4f1d4000-7f3a4f1e8000 r--s 000db000 08:02 32637504                   /home/luis/.gvm/grails/2.4.2/lib/org.springframework/spring-core/jars/spring-core-4.0.5.RELEASE.jar
7f3a4f1e8000-7f3a4f1f5000 r--s 000a7000 08:02 33687188                   /home/luis/.gvm/grails/2.4.2/dist/grails-core-2.4.2.jar
7f3a4f1f5000-7f3a4f1f6000 r--s 00005000 08:02 33687377                   /home/luis/.gvm/grails/2.4.2/dist/grails-plugin-databinding-2.4.2.jar
7f3a4f1f6000-7f3a4f1fb000 r--s 0002e000 08:02 32637510                   /home/luis/.gvm/grails/2.4.2/lib/org.springframework/spring-expression/jars/spring-expression-4.0.5.RELEASE.jar
7f3a4f1fb000-7f3a4f3fb000 rw-p 00000000 00:00 0 
7f3a4f3fb000-7f3a4f3fe000 ---p 00000000 00:00 0 
7f3a4f3fe000-7f3a4f6fc000 rw-p 00000000 00:00 0 
7f3a4f6fc000-7f3a4f8fc000 rw-p 00000000 00:00 0 
7f3a4f8fc000-7f3a4fafc000 rw-p 00000000 00:00 0 
7f3a4fafc000-7f3a4faff000 ---p 00000000 00:00 0 
7f3a4faff000-7f3a4fbfd000 rw-p 00000000 00:00 0 
7f3a4fbfd000-7f3a4fbff000 r-xp 00000000 08:02 60295251                   /usr/lib/x86_64-linux-gnu/gconv/ISO8859-1.so
7f3a4fbff000-7f3a4fdfe000 ---p 00002000 08:02 60295251                   /usr/lib/x86_64-linux-gnu/gconv/ISO8859-1.so
7f3a4fdfe000-7f3a4fdff000 r--p 00001000 08:02 60295251                   /usr/lib/x86_64-linux-gnu/gconv/ISO8859-1.so
7f3a4fdff000-7f3a4fe00000 rw-p 00002000 08:02 60295251                   /usr/lib/x86_64-linux-gnu/gconv/ISO8859-1.so
7f3a4fe00000-7f3a50000000 rw-p 00000000 00:00 0 
7f3a50000000-7f3a51ffd000 rw-p 00000000 00:00 0 
7f3a51ffd000-7f3a54000000 ---p 00000000 00:00 0 
7f3a54002000-7f3a54004000 r--s 0000d000 08:02 33162650                   /home/luis/.m2/repository/org/jboss/logging/jboss-logging/3.1.0.GA/jboss-logging-3.1.0.GA.jar
7f3a54004000-7f3a5400d000 r--s 0004e000 08:02 32637480                   /home/luis/.gvm/grails/2.4.2/lib/org.springframework/spring-aop/jars/spring-aop-4.0.5.RELEASE.jar
7f3a5400d000-7f3a54024000 r--s 000d8000 08:02 32637495                   /home/luis/.gvm/grails/2.4.2/lib/org.springframework/spring-context/jars/spring-context-4.0.5.RELEASE.jar
7f3a54024000-7f3a54026000 r--s 00008000 08:02 32637213                   /home/luis/.gvm/grails/2.4.2/lib/org.apache.tomcat/tomcat-juli/jars/tomcat-juli-7.0.50.jar
7f3a54026000-7f3a54028000 r--s 0001d000 08:02 32637207                   /home/luis/.gvm/grails/2.4.2/lib/org.apache.tomcat/tomcat-jdbc/jars/tomcat-jdbc-7.0.50.jar
7f3a54028000-7f3a54032000 r--s 0005e000 08:02 32637516                   /home/luis/.gvm/grails/2.4.2/lib/org.springframework/spring-jdbc/jars/spring-jdbc-4.0.5.RELEASE.jar
7f3a54032000-7f3a54034000 r--s 0000d000 08:02 33687398                   /home/luis/.gvm/grails/2.4.2/dist/grails-plugin-datasource-2.4.2.jar
7f3a54034000-7f3a54036000 r--s 00008000 08:02 33687650                   /home/luis/.gvm/grails/2.4.2/dist/grails-plugin-validation-2.4.2.jar
7f3a54036000-7f3a5403a000 r--s 00020000 08:02 33687335                   /home/luis/.gvm/grails/2.4.2/dist/grails-plugin-controllers-2.4.2.jar
7f3a5403a000-7f3a5403e000 r--s 00019000 08:02 32637227                   /home/luis/.gvm/grails/2.4.2/lib/org.aspectj/aspectjrt/jars/aspectjrt-1.8.0.jar
7f3a5403e000-7f3a54056000 r--s 001aa000 08:02 32637230                   /home/luis/.gvm/grails/2.4.2/lib/org.aspectj/aspectjweaver/jars/aspectjweaver-1.8.0.jar
7f3a54056000-7f3a5405a000 r--s 00024000 08:02 33687944                   /home/luis/.gvm/grails/2.4.2/dist/grails-web-jsp-2.4.2.jar
7f3a5405a000-7f3a5405c000 r--s 0001d000 08:02 33687839                   /home/luis/.gvm/grails/2.4.2/dist/grails-web-databinding-2.4.2.jar
7f3a5405c000-7f3a54062000 r--s 00027000 08:02 32637128                   /home/luis/.gvm/grails/2.4.2/lib/opensymphony/sitemesh/jars/sitemesh-2.4.jar
7f3a54062000-7f3a54064000 r--s 0000b000 08:02 33687986                   /home/luis/.gvm/grails/2.4.2/dist/grails-web-sitemesh-2.4.2.jar
7f3a54064000-7f3a54066000 r--s 00009000 08:02 33687965                   /home/luis/.gvm/grails/2.4.2/dist/grails-web-mvc-2.4.2.jar
7f3a54066000-7f3a54068000 r--s 0000b000 08:02 32637483                   /home/luis/.gvm/grails/2.4.2/lib/org.springframework/spring-aspects/jars/spring-aspects-4.0.5.RELEASE.jar
7f3a54068000-7f3a5406f000 r--s 0004f000 08:02 33687902                   /home/luis/.gvm/grails/2.4.2/dist/grails-web-gsp-2.4.2.jar
7f3a5406f000-7f3a54073000 r--s 00027000 08:02 32506427                   /home/luis/.gvm/grails/2.4.2/lib/commons-io/commons-io/jars/commons-io-2.2.jar
7f3a54073000-7f3a54075000 r--s 0000f000 08:02 32506422                   /home/luis/.gvm/grails/2.4.2/lib/commons-fileupload/commons-fileupload/jars/commons-fileupload-1.3.1.jar
7f3a54075000-7f3a54076000 r--s 00000000 08:02 33687881                   /home/luis/.gvm/grails/2.4.2/dist/grails-web-fileupload-2.4.2.jar
7f3a54076000-7f3a5407a000 r--s 00023000 08:02 33688007                   /home/luis/.gvm/grails/2.4.2/dist/grails-web-url-mappings-2.4.2.jar
7f3a5407a000-7f3a5407c000 r--s 00013000 08:02 33687209                   /home/luis/.gvm/grails/2.4.2/dist/grails-databinding-2.4.2.jar
7f3a5407c000-7f3a54080000 r--s 0001e000 08:02 32637498                   /home/luis/.gvm/grails/2.4.2/lib/org.springframework/spring-context-support/jars/spring-context-support-4.0.5.RELEASE.jar
7f3a54080000-7f3a5408c000 r--s 00096000 08:02 32637537                   /home/luis/.gvm/grails/2.4.2/lib/org.springframework/spring-webmvc/jars/spring-webmvc-4.0.5.RELEASE.jar
7f3a5408c000-7f3a54091000 r--s 00030000 08:02 33687818                   /home/luis/.gvm/grails/2.4.2/dist/grails-web-common-2.4.2.jar
7f3a54091000-7f3a54093000 r--s 00009000 08:02 33687797                   /home/luis/.gvm/grails/2.4.2/dist/grails-web-2.4.2.jar
7f3a54093000-7f3a54098000 r--s 0002a000 08:02 32506351                   /home/luis/.gvm/grails/2.4.2/lib/com.google.code.gson/gson/jars/gson-2.2.4.jar
7f3a54098000-7f3a5409b000 r--s 00038000 08:02 33687545                   /home/luis/.gvm/grails/2.4.2/dist/grails-plugin-rest-2.4.2.jar
7f3a5409b000-7f3a540a6000 r--s 0021a000 08:02 2228450                    /usr/lib/jvm/java-8-oracle/jre/lib/ext/localedata.jar
7f3a540a6000-7f3a540ad000 r--s 00000000 08:02 60295290                   /usr/lib/x86_64-linux-gnu/gconv/gconv-modules.cache
7f3a540ad000-7f3a540cb000 r--p 00000000 08:02 60296415                   /usr/share/locale/es/LC_MESSAGES/libc.mo
7f3a540cb000-7f3a540cc000 r-xp 00000000 08:02 49807411                   /tmp/libjansi-64-3565757587496190471.so
7f3a540cc000-7f3a542cb000 ---p 00001000 08:02 49807411                   /tmp/libjansi-64-3565757587496190471.so
7f3a542cb000-7f3a542cc000 rw-p 00000000 08:02 49807411                   /tmp/libjansi-64-3565757587496190471.so
7f3a542cc000-7f3a542cf000 ---p 00000000 00:00 0 
7f3a542cf000-7f3a54305000 rw-p 00000000 00:00 0 
7f3a54305000-7f3a5430a000 r--s 00092000 08:02 2228557                    /usr/lib/jvm/java-8-oracle/jre/lib/jsse.jar
7f3a5430a000-7f3a5430b000 ---p 00000000 00:00 0 
7f3a5430b000-7f3a5440b000 rw-p 00000000 00:00 0 
7f3a5440b000-7f3a5440e000 ---p 00000000 00:00 0 
7f3a5440e000-7f3a5450c000 rw-p 00000000 00:00 0 
7f3a5450c000-7f3a5450f000 ---p 00000000 00:00 0 
7f3a5450f000-7f3a5460d000 rw-p 00000000 00:00 0 
7f3a5460d000-7f3a54610000 ---p 00000000 00:00 0 
7f3a54610000-7f3a5470e000 rw-p 00000000 00:00 0 
7f3a5470e000-7f3a54711000 ---p 00000000 00:00 0 
7f3a54711000-7f3a5480f000 rw-p 00000000 00:00 0 
7f3a5480f000-7f3a54815000 r--s 0005f000 08:02 32637544                   /home/luis/.gvm/grails/2.4.2/lib/org.springframework/springloaded/jars/springloaded-1.2.0.RELEASE.jar
7f3a54815000-7f3a54817000 r--s 0000e000 08:02 33950518                   /home/luis/IdeaProjects/ocelot-bpm-project/Blank_app/target/work/plugins/tomcat-7.0.54/grails-plugin-tomcat-7.0.54.jar
7f3a54817000-7f3a54827000 r--s 0019c000 08:02 33161699                   /home/luis/.m2/repository/org/eclipse/jdt/core/compiler/ecj/3.7.2/ecj-3.7.2.jar
7f3a54827000-7f3a5482c000 r--s 0002f000 08:02 33161697                   /home/luis/.m2/repository/org/apache/tomcat/embed/tomcat-embed-websocket/7.0.53/tomcat-embed-websocket-7.0.53.jar
7f3a5482c000-7f3a5482e000 r--s 0000c000 08:02 33161689                   /home/luis/.m2/repository/org/apache/tomcat/tomcat-catalina-ant/7.0.53/tomcat-catalina-ant-7.0.53.jar
7f3a5482e000-7f3a5484f000 r--s 00267000 08:02 33161702                   /home/luis/.m2/repository/org/apache/tomcat/embed/tomcat-embed-core/7.0.53/tomcat-embed-core-7.0.53.jar
7f3a5484f000-7f3a54858000 r--s 0009f000 08:02 33161691                   /home/luis/.m2/repository/org/apache/tomcat/embed/tomcat-embed-jasper/7.0.53/tomcat-embed-jasper-7.0.53.jar
7f3a54858000-7f3a5485c000 r--s 00027000 08:02 33161693                   /home/luis/.m2/repository/org/apache/tomcat/embed/tomcat-embed-el/7.0.53/tomcat-embed-el-7.0.53.jar
7f3a5485c000-7f3a5485e000 r--s 00013000 08:02 33161696                   /home/luis/.m2/repository/org/apache/tomcat/embed/tomcat-embed-logging-log4j/7.0.53/tomcat-embed-logging-log4j-7.0.53.jar
7f3a5485e000-7f3a54860000 r--s 0001a000 08:02 32637368                   /home/luis/.gvm/grails/2.4.2/lib/org.fusesource.jansi/jansi/jars/jansi-1.11.jar
7f3a54860000-7f3a54875000 r--s 00116000 08:02 32637163                   /home/luis/.gvm/grails/2.4.2/lib/org.apache.ivy/ivy/jars/ivy-2.3.0.jar
7f3a54875000-7f3a54878000 r--s 00018000 08:02 32637137                   /home/luis/.gvm/grails/2.4.2/lib/org.apache.ant/ant-junit/jars/ant-junit-1.8.4.jar
7f3a54878000-7f3a54879000 r--s 00001000 08:02 32637145                   /home/luis/.gvm/grails/2.4.2/lib/org.apache.ant/ant-trax/jars/ant-trax-1.7.1.jar
7f3a54879000-7f3a5487a000 r--s 00004000 08:02 32637141                   /home/luis/.gvm/grails/2.4.2/lib/org.apache.ant/ant-launcher/jars/ant-launcher-1.8.4.jar
7f3a5487a000-7f3a54898000 r--s 001bd000 08:02 32637133                   /home/luis/.gvm/grails/2.4.2/lib/org.apache.ant/ant/jars/ant-1.8.4.jar
7f3a54898000-7f3a5489c000 r--s 00031000 08:02 32637102                   /home/luis/.gvm/grails/2.4.2/lib/jline/jline/jars/jline-2.12.jar
7f3a5489c000-7f3a5489e000 r--s 00005000 08:02 32637435                   /home/luis/.gvm/grails/2.4.2/lib/org.slf4j/slf4j-api/jars/slf4j-api-1.7.5.jar
7f3a5489e000-7f3a548ac000 r--s 000db000 08:02 33687167                   /home/luis/.gvm/grails/2.4.2/dist/grails-bootstrap-2.4.2.jar
7f3a548ac000-7f3a54917000 r--s 00683000 08:02 32637262                   /home/luis/.gvm/grails/2.4.2/lib/org.codehaus.groovy/groovy-all/jars/groovy-all-2.3.3.jar
7f3a54917000-7f3a5491a000 ---p 00000000 00:00 0 
7f3a5491a000-7f3a54a18000 rw-p 00000000 00:00 0 
7f3a54a18000-7f3a54b8f000 r--p 00000000 08:02 60296451                   /usr/lib/locale/locale-archive
7f3a54b8f000-7f3a54b92000 ---p 00000000 00:00 0 
7f3a54b92000-7f3a54c90000 rw-p 00000000 00:00 0 
7f3a54c90000-7f3a54c93000 ---p 00000000 00:00 0 
7f3a54c93000-7f3a54d91000 rw-p 00000000 00:00 0 
7f3a54d91000-7f3a54d92000 ---p 00000000 00:00 0 
7f3a54d92000-7f3a55da1000 rw-p 00000000 00:00 0 
7f3a55da1000-7f3a55f76000 r--s 03c4d000 08:02 2228591                    /usr/lib/jvm/java-8-oracle/jre/lib/rt.jar
7f3a55f76000-7f3a581c7000 rw-p 00000000 00:00 0 
7f3a581c7000-7f3a581c8000 ---p 00000000 00:00 0 
7f3a581c8000-7f3a582c8000 rw-p 00000000 00:00 0 
7f3a582c8000-7f3a582c9000 ---p 00000000 00:00 0 
7f3a582c9000-7f3a583c9000 rw-p 00000000 00:00 0 
7f3a583c9000-7f3a583ca000 ---p 00000000 00:00 0 
7f3a583ca000-7f3a584ca000 rw-p 00000000 00:00 0 
7f3a584ca000-7f3a584cb000 ---p 00000000 00:00 0 
7f3a584cb000-7f3a585f7000 rw-p 00000000 00:00 0 
7f3a585f7000-7f3a586cb000 ---p 00000000 00:00 0 
7f3a586cb000-7f3a586f7000 rw-p 00000000 00:00 0 
7f3a586f7000-7f3a587cb000 ---p 00000000 00:00 0 
7f3a587cb000-7f3a5884b000 rw-p 00000000 00:00 0 
7f3a5884b000-7f3a58890000 rw-p 00000000 00:00 0 
7f3a58890000-7f3a58c0c000 ---p 00000000 00:00 0 
7f3a58c0c000-7f3a59cdc000 rwxp 00000000 00:00 0 
7f3a59cdc000-7f3a67c0c000 ---p 00000000 00:00 0 
7f3a67c0c000-7f3a67c28000 r-xp 00000000 08:02 2228473                    /usr/lib/jvm/java-8-oracle/jre/lib/amd64/libzip.so
7f3a67c28000-7f3a67e27000 ---p 0001c000 08:02 2228473                    /usr/lib/jvm/java-8-oracle/jre/lib/amd64/libzip.so
7f3a67e27000-7f3a67e28000 rw-p 0001b000 08:02 2228473                    /usr/lib/jvm/java-8-oracle/jre/lib/amd64/libzip.so
7f3a67e28000-7f3a67e33000 r-xp 00000000 08:02 4984053                    /lib/x86_64-linux-gnu/libnss_files-2.13.so
7f3a67e33000-7f3a68032000 ---p 0000b000 08:02 4984053                    /lib/x86_64-linux-gnu/libnss_files-2.13.so
7f3a68032000-7f3a68033000 r--p 0000a000 08:02 4984053                    /lib/x86_64-linux-gnu/libnss_files-2.13.so
7f3a68033000-7f3a68034000 rw-p 0000b000 08:02 4984053                    /lib/x86_64-linux-gnu/libnss_files-2.13.so
7f3a68034000-7f3a6803e000 r-xp 00000000 08:02 4984049                    /lib/x86_64-linux-gnu/libnss_nis-2.13.so
7f3a6803e000-7f3a6823d000 ---p 0000a000 08:02 4984049                    /lib/x86_64-linux-gnu/libnss_nis-2.13.so
7f3a6823d000-7f3a6823e000 r--p 00009000 08:02 4984049                    /lib/x86_64-linux-gnu/libnss_nis-2.13.so
7f3a6823e000-7f3a6823f000 rw-p 0000a000 08:02 4984049                    /lib/x86_64-linux-gnu/libnss_nis-2.13.so
7f3a6823f000-7f3a68254000 r-xp 00000000 08:02 4984047                    /lib/x86_64-linux-gnu/libnsl-2.13.so
7f3a68254000-7f3a68453000 ---p 00015000 08:02 4984047                    /lib/x86_64-linux-gnu/libnsl-2.13.so
7f3a68453000-7f3a68454000 r--p 00014000 08:02 4984047                    /lib/x86_64-linux-gnu/libnsl-2.13.so
7f3a68454000-7f3a68455000 rw-p 00015000 08:02 4984047                    /lib/x86_64-linux-gnu/libnsl-2.13.so
7f3a68455000-7f3a68457000 rw-p 00000000 00:00 0 
7f3a68457000-7f3a6845e000 r-xp 00000000 08:02 4984042                    /lib/x86_64-linux-gnu/libnss_compat-2.13.so
7f3a6845e000-7f3a6865d000 ---p 00007000 08:02 4984042                    /lib/x86_64-linux-gnu/libnss_compat-2.13.so
7f3a6865d000-7f3a6865e000 r--p 00006000 08:02 4984042                    /lib/x86_64-linux-gnu/libnss_compat-2.13.so
7f3a6865e000-7f3a6865f000 rw-p 00007000 08:02 4984042                    /lib/x86_64-linux-gnu/libnss_compat-2.13.so
7f3a6865f000-7f3a68669000 r-xp 00000000 08:02 2228499                    /usr/lib/jvm/java-8-oracle/jre/lib/amd64/libinstrument.so
7f3a68669000-7f3a68868000 ---p 0000a000 08:02 2228499                    /usr/lib/jvm/java-8-oracle/jre/lib/amd64/libinstrument.so
7f3a68868000-7f3a68869000 rw-p 00009000 08:02 2228499                    /usr/lib/jvm/java-8-oracle/jre/lib/amd64/libinstrument.so
7f3a68869000-7f3a68893000 r-xp 00000000 08:02 2228492                    /usr/lib/jvm/java-8-oracle/jre/lib/amd64/libjava.so
7f3a68893000-7f3a68a93000 ---p 0002a000 08:02 2228492                    /usr/lib/jvm/java-8-oracle/jre/lib/amd64/libjava.so
7f3a68a93000-7f3a68a95000 rw-p 0002a000 08:02 2228492                    /usr/lib/jvm/java-8-oracle/jre/lib/amd64/libjava.so
7f3a68a95000-7f3a68aa2000 r-xp 00000000 08:02 2228478                    /usr/lib/jvm/java-8-oracle/jre/lib/amd64/libverify.so
7f3a68aa2000-7f3a68ca2000 ---p 0000d000 08:02 2228478                    /usr/lib/jvm/java-8-oracle/jre/lib/amd64/libverify.so
7f3a68ca2000-7f3a68ca4000 rw-p 0000d000 08:02 2228478                    /usr/lib/jvm/java-8-oracle/jre/lib/amd64/libverify.so
7f3a68ca4000-7f3a68cab000 r-xp 00000000 08:02 4984057                    /lib/x86_64-linux-gnu/librt-2.13.so
7f3a68cab000-7f3a68eaa000 ---p 00007000 08:02 4984057                    /lib/x86_64-linux-gnu/librt-2.13.so
7f3a68eaa000-7f3a68eab000 r--p 00006000 08:02 4984057                    /lib/x86_64-linux-gnu/librt-2.13.so
7f3a68eab000-7f3a68eac000 rw-p 00007000 08:02 4984057                    /lib/x86_64-linux-gnu/librt-2.13.so
7f3a68eac000-7f3a68f2d000 r-xp 00000000 08:02 4984044                    /lib/x86_64-linux-gnu/libm-2.13.so
7f3a68f2d000-7f3a6912c000 ---p 00081000 08:02 4984044                    /lib/x86_64-linux-gnu/libm-2.13.so
7f3a6912c000-7f3a6912d000 r--p 00080000 08:02 4984044                    /lib/x86_64-linux-gnu/libm-2.13.so
7f3a6912d000-7f3a6912e000 rw-p 00081000 08:02 4984044                    /lib/x86_64-linux-gnu/libm-2.13.so
7f3a6912e000-7f3a69d48000 r-xp 00000000 08:02 2228460                    /usr/lib/jvm/java-8-oracle/jre/lib/amd64/server/libjvm.so
7f3a69d48000-7f3a69f47000 ---p 00c1a000 08:02 2228460                    /usr/lib/jvm/java-8-oracle/jre/lib/amd64/server/libjvm.so
7f3a69f47000-7f3a6a010000 rw-p 00c19000 08:02 2228460                    /usr/lib/jvm/java-8-oracle/jre/lib/amd64/server/libjvm.so
7f3a6a010000-7f3a6a051000 rw-p 00000000 00:00 0 
7f3a6a051000-7f3a6a1d3000 r-xp 00000000 08:02 4984037                    /lib/x86_64-linux-gnu/libc-2.13.so
7f3a6a1d3000-7f3a6a3d2000 ---p 00182000 08:02 4984037                    /lib/x86_64-linux-gnu/libc-2.13.so
7f3a6a3d2000-7f3a6a3d6000 r--p 00181000 08:02 4984037                    /lib/x86_64-linux-gnu/libc-2.13.so
7f3a6a3d6000-7f3a6a3d7000 rw-p 00185000 08:02 4984037                    /lib/x86_64-linux-gnu/libc-2.13.so
7f3a6a3d7000-7f3a6a3dc000 rw-p 00000000 00:00 0 
7f3a6a3dc000-7f3a6a3de000 r-xp 00000000 08:02 4984051                    /lib/x86_64-linux-gnu/libdl-2.13.so
7f3a6a3de000-7f3a6a5de000 ---p 00002000 08:02 4984051                    /lib/x86_64-linux-gnu/libdl-2.13.so
7f3a6a5de000-7f3a6a5df000 r--p 00002000 08:02 4984051                    /lib/x86_64-linux-gnu/libdl-2.13.so
7f3a6a5df000-7f3a6a5e0000 rw-p 00003000 08:02 4984051                    /lib/x86_64-linux-gnu/libdl-2.13.so
7f3a6a5e0000-7f3a6a5f7000 r-xp 00000000 08:02 2228773                    /usr/lib/jvm/java-8-oracle/lib/amd64/jli/libjli.so
7f3a6a5f7000-7f3a6a7f6000 ---p 00017000 08:02 2228773                    /usr/lib/jvm/java-8-oracle/lib/amd64/jli/libjli.so
7f3a6a7f6000-7f3a6a7f7000 rw-p 00016000 08:02 2228773                    /usr/lib/jvm/java-8-oracle/lib/amd64/jli/libjli.so
7f3a6a7f7000-7f3a6a80e000 r-xp 00000000 08:02 4984055                    /lib/x86_64-linux-gnu/libpthread-2.13.so
7f3a6a80e000-7f3a6aa0d000 ---p 00017000 08:02 4984055                    /lib/x86_64-linux-gnu/libpthread-2.13.so
7f3a6aa0d000-7f3a6aa0e000 r--p 00016000 08:02 4984055                    /lib/x86_64-linux-gnu/libpthread-2.13.so
7f3a6aa0e000-7f3a6aa0f000 rw-p 00017000 08:02 4984055                    /lib/x86_64-linux-gnu/libpthread-2.13.so
7f3a6aa0f000-7f3a6aa13000 rw-p 00000000 00:00 0 
7f3a6aa13000-7f3a6aa33000 r-xp 00000000 08:02 4984059                    /lib/x86_64-linux-gnu/ld-2.13.so
7f3a6aa33000-7f3a6aa35000 r--s 00001000 08:02 2228452                    /usr/lib/jvm/java-8-oracle/jre/lib/ext/dnsns.jar
7f3a6aa35000-7f3a6aa3e000 r--s 0006f000 08:02 32637118                   /home/luis/.gvm/grails/2.4.2/lib/log4j/log4j/jars/log4j-1.2.17.jar
7f3a6aa3e000-7f3a6aa41000 r--s 0000d000 08:02 33687503                   /home/luis/.gvm/grails/2.4.2/dist/grails-plugin-log4j-2.4.2.jar
7f3a6aa41000-7f3a6aa43000 r--s 00013000 08:02 32637220                   /home/luis/.gvm/grails/2.4.2/lib/org.apache.tomcat.embed/tomcat-embed-logging-log4j/jars/tomcat-embed-logging-log4j-7.0.50.jar
7f3a6aa43000-7f3a6aabb000 r--s 010c6000 08:02 2229889                    /usr/lib/jvm/java-8-oracle/lib/tools.jar
7f3a6aabb000-7f3a6ab19000 rw-p 00000000 00:00 0 
7f3a6ab19000-7f3a6ab1c000 ---p 00000000 00:00 0 
7f3a6ab1c000-7f3a6ac1f000 rw-p 00000000 00:00 0 
7f3a6ac1f000-7f3a6ac24000 r--s 00050000 08:02 32637248                   /home/luis/.gvm/grails/2.4.2/lib/org.codehaus.gant/gant_groovy1.8/jars/gant_groovy1.8-1.9.6.jar
7f3a6ac24000-7f3a6ac26000 r--s 00003000 08:02 32637421                   /home/luis/.gvm/grails/2.4.2/lib/org.slf4j/jcl-over-slf4j/jars/jcl-over-slf4j-1.7.5.jar
7f3a6ac26000-7f3a6ac2e000 rw-s 00000000 08:02 49807410                   /tmp/hsperfdata_luis/5973
7f3a6ac2e000-7f3a6ac2f000 rw-p 00000000 00:00 0 
7f3a6ac2f000-7f3a6ac30000 r--p 00000000 00:00 0 
7f3a6ac30000-7f3a6ac32000 rw-p 00000000 00:00 0 
7f3a6ac32000-7f3a6ac33000 r--p 0001f000 08:02 4984059                    /lib/x86_64-linux-gnu/ld-2.13.so
7f3a6ac33000-7f3a6ac34000 rw-p 00020000 08:02 4984059                    /lib/x86_64-linux-gnu/ld-2.13.so
7f3a6ac34000-7f3a6ac35000 rw-p 00000000 00:00 0 
7fffea080000-7fffea0a2000 rw-p 00000000 00:00 0                          [stack]
7fffea18c000-7fffea18d000 r-xp 00000000 00:00 0                          [vdso]
ffffffffff600000-ffffffffff601000 r-xp 00000000 00:00 0                  [vsyscall]

VM Arguments:
jvm_args: -Dfile.encoding=UTF-8 -Xmx768M -Xms64M -Dgrails.fork.parent.process.port=51905 -Dgrails.fork.active=true -Dgrails.build.execution.context=/tmp/Blank_app1492689156300824136grails-execution-context -Dgrails.home=/home/luis/.gvm/grails/2.4.2 -javaagent:/home/luis/.gvm/grails/2.4.2/lib/org.springframework/springloaded/jars/springloaded-1.2.0.RELEASE.jar -Xverify:none -Dspringloaded.synchronize=true -Djdk.reflect.allowGetCallerClass=true -Dspringloaded=profile=grails;cacheDir=/home/luis/.grails/2.4.2 
java_command: org.grails.plugins.tomcat.fork.ForkedTomcatServer
java_class_path (initial): /usr/lib/jvm/java-8-oracle/lib/tools.jar:/home/luis/.gvm/grails/2.4.2/lib/org.codehaus.groovy/groovy-all/jars/groovy-all-2.3.3.jar:/home/luis/.gvm/grails/2.4.2/lib/org.slf4j/jcl-over-slf4j/jars/jcl-over-slf4j-1.7.5.jar:/home/luis/.gvm/grails/2.4.2/lib/org.codehaus.gant/gant_groovy1.8/jars/gant_groovy1.8-1.9.6.jar:/home/luis/.gvm/grails/2.4.2/lib/org.apache.tomcat.embed/tomcat-embed-logging-log4j/jars/tomcat-embed-logging-log4j-7.0.50.jar:/home/luis/.gvm/grails/2.4.2/dist/grails-plugin-log4j-2.4.2.jar:/home/luis/.gvm/grails/2.4.2/lib/log4j/log4j/jars/log4j-1.2.17.jar:/home/luis/.gvm/grails/2.4.2/dist/grails-bootstrap-2.4.2.jar:/home/luis/.gvm/grails/2.4.2/lib/org.slf4j/slf4j-api/jars/slf4j-api-1.7.5.jar:/home/luis/.gvm/grails/2.4.2/lib/jline/jline/jars/jline-2.12.jar:/home/luis/.gvm/grails/2.4.2/lib/org.apache.ant/ant/jars/ant-1.8.4.jar:/home/luis/.gvm/grails/2.4.2/lib/org.apache.ant/ant-launcher/jars/ant-launcher-1.8.4.jar:/home/luis/.gvm/grails/2.4.2/lib/org.apache.ant/ant-trax/jars/ant-trax-1.7.1.jar:/home/luis/.gvm/grails/2.4.2/lib/org.apache.ant/ant-junit/jars/ant-junit-1.8.4.jar:/home/luis/.gvm/grails/2.4.2/lib/org.apache.ivy/ivy/jars/ivy-2.3.0.jar:/home/luis/.gvm/grails/2.4.2/lib/org.fusesource.jansi/jansi/jars/jansi-1.11.jar:/home/luis/.m2/repository/org/apache/tomcat/embed/tomcat-embed-logging-log4j/7.0.53/tomcat-embed-logging-log4j-7.0.53.jar:/home/luis/.m2/repository/org/apache/tomcat/embed/tomcat-embed-el/7.0.53/tomcat-embed-el-7.0.53.jar:/home/luis/.m2/repository/org/apache/tomcat/embed/tomcat-embed-jasper/7.0.53/tomcat-embed-jasper-7.0.53.jar:/home/luis/.m2/repository/org/apache/tomcat/embed/tomcat-embed-core/7.0.53/tomcat-embed-core-7.0.53.jar:/home/luis/.m2/repository/org/apache/tomcat/tomcat-catalina-ant/7.0.53/tomcat-catalina-ant-7.0.53.jar:/home/luis/.m2/repository/org/apache/tomcat/embed/tomcat-embed-websocket/7.0.53/tomcat-embed-websocket-7.0.53.jar:/home/luis/.m2/repository/org/eclipse/jdt/core/compiler/ecj/3.7.2/ecj
Launcher Type: SUN_STANDARD

Environment Variables:
JAVA_HOME=/usr/lib/jvm/java-8-oracle
CLASSPATH=/home/luis/Programas/idea-IU-135.909/bin/../lib/bootstrap.jar:/home/luis/Programas/idea-IU-135.909/bin/../lib/extensions.jar:/home/luis/Programas/idea-IU-135.909/bin/../lib/util.jar:/home/luis/Programas/idea-IU-135.909/bin/../lib/jdom.jar:/home/luis/Programas/idea-IU-135.909/bin/../lib/log4j.jar:/home/luis/Programas/idea-IU-135.909/bin/../lib/trove4j.jar:/home/luis/Programas/idea-IU-135.909/bin/../lib/jna.jar:/usr/lib/jvm/java-8-oracle/lib/tools.jar
PATH=/usr/local/bin:/usr/bin:/bin:/usr/local/games:/usr/games
USERNAME=luis
LD_LIBRARY_PATH=/home/luis/Programas/idea-IU-135.909/bin:
SHELL=/bin/bash
DISPLAY=:0.0

Signal Handlers:
SIGSEGV: [libjvm.so+0xa2fc90], sa_mask[0]=0x7ffbfeff, sa_flags=0x10000004
SIGBUS: [libjvm.so+0xa2fc90], sa_mask[0]=0x7ffbfeff, sa_flags=0x10000004
SIGFPE: [libjvm.so+0x89b4b0], sa_mask[0]=0x7ffbfeff, sa_flags=0x10000004
SIGPIPE: [libjvm.so+0x89b4b0], sa_mask[0]=0x7ffbfeff, sa_flags=0x10000004
SIGXFSZ: [libjvm.so+0x89b4b0], sa_mask[0]=0x7ffbfeff, sa_flags=0x10000004
SIGILL: [libjvm.so+0x89b4b0], sa_mask[0]=0x7ffbfeff, sa_flags=0x10000004
SIGUSR1: SIG_DFL, sa_mask[0]=0x00000000, sa_flags=0x00000000
SIGUSR2: [libjvm.so+0x89cc50], sa_mask[0]=0x00000004, sa_flags=0x10000004
SIGHUP: [libjvm.so+0x89df00], sa_mask[0]=0x7ffbfeff, sa_flags=0x10000004
SIGINT: [libjvm.so+0x89df00], sa_mask[0]=0x7ffbfeff, sa_flags=0x10000004
SIGTERM: [libjvm.so+0x89df00], sa_mask[0]=0x7ffbfeff, sa_flags=0x10000004
SIGQUIT: [libjvm.so+0x89df00], sa_mask[0]=0x7ffbfeff, sa_flags=0x10000004


---------------  S Y S T E M  ---------------

OS:PRETTY_NAME="Debian GNU/Linux 7 (wheezy)"
NAME="Debian GNU/Linux"
VERSION_ID="7"
VERSION="7 (wheezy)"
ID=debian
ANSI_COLOR="1;31"
HOME_URL="http://www.debian.org/"
SUPPORT_URL="http://www.debian.org/support/"
BUG_REPORT_URL="http://bugs.debian.org/"

uname:Linux 3.2.0-4-amd64 #1 SMP Debian 3.2.57-3+deb7u2 x86_64
libc:glibc 2.13 NPTL 2.13 
rlimit: STACK 8192k, CORE 0k, NPROC 62956, NOFILE 4096, AS infinity
load average:2,46 1,86 1,17

/proc/meminfo:
MemTotal:        8070604 kB
MemFree:         4278944 kB
Buffers:           91244 kB
Cached:          1253620 kB
SwapCached:            0 kB
Active:          2850952 kB
Inactive:         756392 kB
Active(anon):    2262944 kB
Inactive(anon):    31312 kB
Active(file):     588008 kB
Inactive(file):   725080 kB
Unevictable:           0 kB
Mlocked:               0 kB
SwapTotal:       8260604 kB
SwapFree:        8260604 kB
Dirty:             14344 kB
Writeback:             0 kB
AnonPages:       2262804 kB
Mapped:            95096 kB
Shmem:             31748 kB
Slab:             122268 kB
SReclaimable:      95644 kB
SUnreclaim:        26624 kB
KernelStack:        3208 kB
PageTables:        19688 kB
NFS_Unstable:          0 kB
Bounce:                0 kB
WritebackTmp:          0 kB
CommitLimit:    12295904 kB
Committed_AS:    3601016 kB
VmallocTotal:   34359738367 kB
VmallocUsed:      450928 kB
VmallocChunk:   34359281228 kB
HardwareCorrupted:     0 kB
AnonHugePages:         0 kB
HugePages_Total:       0
HugePages_Free:        0
HugePages_Rsvd:        0
HugePages_Surp:        0
Hugepagesize:       2048 kB
DirectMap4k:       77824 kB
DirectMap2M:     8261632 kB


CPU:total 4 (4 cores per cpu, 1 threads per core) family 6 model 58 stepping 9, cmov, cx8, fxsr, mmx, sse, sse2, sse3, ssse3, sse4.1, sse4.2, popcnt, avx, aes, clmul, erms, tsc, tscinvbit

/proc/cpuinfo:
processor	: 0
vendor_id	: GenuineIntel
cpu family	: 6
model		: 58
model name	: Intel(R) Core(TM) i5-3470 CPU @ 3.20GHz
stepping	: 9
microcode	: 0x12
cpu MHz		: 3201.000
cache size	: 6144 KB
physical id	: 0
siblings	: 4
core id		: 0
cpu cores	: 4
apicid		: 0
initial apicid	: 0
fpu		: yes
fpu_exception	: yes
cpuid level	: 13
wp		: yes
flags		: fpu vme de pse tsc msr pae mce cx8 apic sep mtrr pge mca cmov pat pse36 clflush dts acpi mmx fxsr sse sse2 ss ht tm pbe syscall nx rdtscp lm constant_tsc arch_perfmon pebs bts rep_good nopl xtopology nonstop_tsc aperfmperf pni pclmulqdq dtes64 monitor ds_cpl vmx smx est tm2 ssse3 cx16 xtpr pdcm pcid sse4_1 sse4_2 x2apic popcnt tsc_deadline_timer aes xsave avx f16c rdrand lahf_lm ida arat epb xsaveopt pln pts dtherm tpr_shadow vnmi flexpriority ept vpid fsgsbase smep erms
bogomips	: 6386.04
clflush size	: 64
cache_alignment	: 64
address sizes	: 36 bits physical, 48 bits virtual
power management:

processor	: 1
vendor_id	: GenuineIntel
cpu family	: 6
model		: 58
model name	: Intel(R) Core(TM) i5-3470 CPU @ 3.20GHz
stepping	: 9
microcode	: 0x12
cpu MHz		: 3201.000
cache size	: 6144 KB
physical id	: 0
siblings	: 4
core id		: 1
cpu cores	: 4
apicid		: 2
initial apicid	: 2
fpu		: yes
fpu_exception	: yes
cpuid level	: 13
wp		: yes
flags		: fpu vme de pse tsc msr pae mce cx8 apic sep mtrr pge mca cmov pat pse36 clflush dts acpi mmx fxsr sse sse2 ss ht tm pbe syscall nx rdtscp lm constant_tsc arch_perfmon pebs bts rep_good nopl xtopology nonstop_tsc aperfmperf pni pclmulqdq dtes64 monitor ds_cpl vmx smx est tm2 ssse3 cx16 xtpr pdcm pcid sse4_1 sse4_2 x2apic popcnt tsc_deadline_timer aes xsave avx f16c rdrand lahf_lm ida arat epb xsaveopt pln pts dtherm tpr_shadow vnmi flexpriority ept vpid fsgsbase smep erms
bogomips	: 6385.44
clflush size	: 64
cache_alignment	: 64
address sizes	: 36 bits physical, 48 bits virtual
power management:

processor	: 2
vendor_id	: GenuineIntel
cpu family	: 6
model		: 58
model name	: Intel(R) Core(TM) i5-3470 CPU @ 3.20GHz
stepping	: 9
microcode	: 0x12
cpu MHz		: 3201.000
cache size	: 6144 KB
physical id	: 0
siblings	: 4
core id		: 2
cpu cores	: 4
apicid		: 4
initial apicid	: 4
fpu		: yes
fpu_exception	: yes
cpuid level	: 13
wp		: yes
flags		: fpu vme de pse tsc msr pae mce cx8 apic sep mtrr pge mca cmov pat pse36 clflush dts acpi mmx fxsr sse sse2 ss ht tm pbe syscall nx rdtscp lm constant_tsc arch_perfmon pebs bts rep_good nopl xtopology nonstop_tsc aperfmperf pni pclmulqdq dtes64 monitor ds_cpl vmx smx est tm2 ssse3 cx16 xtpr pdcm pcid sse4_1 sse4_2 x2apic popcnt tsc_deadline_timer aes xsave avx f16c rdrand lahf_lm ida arat epb xsaveopt pln pts dtherm tpr_shadow vnmi flexpriority ept vpid fsgsbase smep erms
bogomips	: 6385.45
clflush size	: 64
cache_alignment	: 64
address sizes	: 36 bits physical, 48 bits virtual
power management:

processor	: 3
vendor_id	: GenuineIntel
cpu family	: 6
model		: 58
model name	: Intel(R) Core(TM) i5-3470 CPU @ 3.20GHz
stepping	: 9
microcode	: 0x12
cpu MHz		: 3201.000
cache size	: 6144 KB
physical id	: 0
siblings	: 4
core id		: 3
cpu cores	: 4
apicid		: 6
initial apicid	: 6
fpu		: yes
fpu_exception	: yes
cpuid level	: 13
wp		: yes
flags		: fpu vme de pse tsc msr pae mce cx8 apic sep mtrr pge mca cmov pat pse36 clflush dts acpi mmx fxsr sse sse2 ss ht tm pbe syscall nx rdtscp lm constant_tsc arch_perfmon pebs bts rep_good nopl xtopology nonstop_tsc aperfmperf pni pclmulqdq dtes64 monitor ds_cpl vmx smx est tm2 ssse3 cx16 xtpr pdcm pcid sse4_1 sse4_2 x2apic popcnt tsc_deadline_timer aes xsave avx f16c rdrand lahf_lm ida arat epb xsaveopt pln pts dtherm tpr_shadow vnmi flexpriority ept vpid fsgsbase smep erms
bogomips	: 6385.45
clflush size	: 64
cache_alignment	: 64
address sizes	: 36 bits physical, 48 bits virtual
power management:



Memory: 4k page, physical 8070604k(4278944k free), swap 8260604k(8260604k free)

vm_info: Java HotSpot(TM) 64-Bit Server VM (25.5-b02) for linux-amd64 JRE (1.8.0_05-b13), built on Mar 18 2014 00:29:27 by "java_re" with gcc 4.3.0 20080428 (Red Hat 4.3.0-8)

time: Fri Jul  4 10:43:00 2014
elapsed time: 11 seconds

