#
# A fatal error has been detected by the Java Runtime Environment:
#
#  SIGSEGV (0xb) at pc=0x00007ff83c3b4b2c, pid=5624, tid=140703515084544
#
# JRE version: Java(TM) SE Runtime Environment (8.0_05-b13) (build 1.8.0_05-b13)
# Java VM: Java HotSpot(TM) 64-Bit Server VM (25.5-b02 mixed mode linux-amd64 compressed oops)
# Problematic frame:
# V  [libjvm.so+0x304b2c]  OopFlow::build_oop_map(Node*, int, PhaseRegAlloc*, int*)+0x14c
#
# Failed to write core dump. Core dumps have been disabled. To enable core dumping, try "ulimit -c unlimited" before starting Java again
#
# If you would like to submit a bug report, please visit:
#   http://bugreport.sun.com/bugreport/crash.jsp
#

---------------  T H R E A D  ---------------

Current thread (0x00007ff834250800):  JavaThread "C2 CompilerThread1" daemon [_thread_in_native, id=5637, stack(0x00007ff816f90000,0x00007ff817091000)]

siginfo:si_signo=SIGSEGV: si_errno=0, si_code=1 (SEGV_MAPERR), si_addr=0x0000000000000000

Registers:
RAX=0x00007ff7f4f3b148, RBX=0x0000000000000000, RCX=0x0000000000000008, RDX=0x00007ff7f4f3b820
RSP=0x00007ff81708c6e0, RBP=0x00007ff81708c760, RSI=0x00000000000000db, RDI=0x00007ff7f4f3b850
R8 =0x00007ff7f4fd6b30, R9 =0x0000000000000013, R10=0x00007ff81708e0c0, R11=0x00007ff83d157610
R12=0x00000000000000c0, R13=0x0000000000000180, R14=0x00000000000000b8, R15=0x00007ff7f4496478
RIP=0x00007ff83c3b4b2c, EFLAGS=0x0000000000010246, CSGSFS=0x0000000000000033, ERR=0x0000000000000004
  TRAPNO=0x000000000000000e

Top of Stack: (sp=0x00007ff81708c6e0)
0x00007ff81708c6e0:   00007ff7f4fd61f0 0000000000000400
0x00007ff81708c6f0:   00007ff7f4fd6b30 00007ff81708df90
0x00007ff81708c700:   000000daf4fd2360 00007ff7f4496478
0x00007ff81708c710:   00007ff7f4f3b820 0000001c3c5bda56
0x00007ff81708c720:   00007ff7f4f3b850 00007ff7f469f8c0
0x00007ff81708c730:   0000000800000040 00007ff7f4496478
0x00007ff81708c740:   00007ff7f4f3b820 0000000000000012
0x00007ff81708c750:   0000000000000013 0000000000000013
0x00007ff81708c760:   00007ff81708c7d0 00007ff83c3b510a
0x00007ff81708c770:   00007ff81708c7d0 00007ff80000ffff
0x00007ff81708c780:   00007ff800000004 00007ff7f4fd2360
0x00007ff81708c790:   000000da1708c7d0 00007ff81708df90
0x00007ff81708c7a0:   00000009f4495fb8 0000000000000000
0x00007ff81708c7b0:   00007ff7f87322e8 0000000000000000
0x00007ff81708c7c0:   00007ff7f4f382c0 00007ff7f8731cb8
0x00007ff81708c7d0:   00007ff81708c910 00007ff83c3b629d
0x00007ff81708c7e0:   00007ff81708c820 00007ff7f42d8da8
0x00007ff81708c7f0:   00007ff81708c8b0 0000000000000018
0x00007ff81708c800:   000000000000001c 000000070f000000
0x00007ff81708c810:   0000000100000004 00007ff81708c8d8
0x00007ff81708c820:   00007ff81708c8d0 00007ff81708c8b0
0x00007ff81708c830:   00007ff81708c8b0 00007ff81708c8b0
0x00007ff81708c840:   00007ff81708ee00 0000000000000007
0x00007ff81708c850:   00007ff81708e0c0 00000007000000da
0x00007ff81708c860:   00007ff7f4fd2360 00007ff834251350
0x00007ff81708c870:   00000000000000da fffffffff4fcf0d0
0x00007ff81708c880:   00007ff7f8732b68 00007ff7f4495fb8
0x00007ff81708c890:   00007ff7f4fd2490 0000000000000020
0x00007ff81708c8a0:   ffffffffffffffdf 00007ff81708df90
0x00007ff81708c8b0:   00007ff800000080 00007ff834251350
0x00007ff81708c8c0:   00007ff7f4fd4a70 00007ff800000004
0x00007ff81708c8d0:   0000000000000028 0000000000000000 

Instructions: (pc=0x00007ff83c3b4b2c)
0x00007ff83c3b4b0c:   44 39 e2 0f 8e bb 00 00 00 48 8b 05 fc 90 ba 00
0x00007ff83c3b4b1c:   4e 8b 34 a8 48 8b 55 b0 48 8b 42 08 4a 8b 1c a8
0x00007ff83c3b4b2c:   48 8b 03 48 89 df ff 50 28 8b 48 10 48 89 c6 48
0x00007ff83c3b4b3c:   8b 15 de a9 ba 00 48 63 c1 48 8d 44 00 01 48 c1 

Register to memory mapping:

RAX=0x00007ff7f4f3b148 is an unknown value
RBX=0x0000000000000000 is an unknown value
RCX=0x0000000000000008 is an unknown value
RDX=0x00007ff7f4f3b820 is an unknown value
RSP=0x00007ff81708c6e0 is pointing into the stack for thread: 0x00007ff834250800
RBP=0x00007ff81708c760 is pointing into the stack for thread: 0x00007ff834250800
RSI=0x00000000000000db is an unknown value
RDI=0x00007ff7f4f3b850 is an unknown value
R8 =0x00007ff7f4fd6b30 is an unknown value
R9 =0x0000000000000013 is an unknown value
R10=0x00007ff81708e0c0 is pointing into the stack for thread: 0x00007ff834250800
R11=0x00007ff83d157610: <offset 0x184610> in /lib/x86_64-linux-gnu/libc.so.6 at 0x00007ff83cfd3000
R12=0x00000000000000c0 is an unknown value
R13=0x0000000000000180 is an unknown value
R14=0x00000000000000b8 is an unknown value
R15=0x00007ff7f4496478 is an unknown value


Stack: [0x00007ff816f90000,0x00007ff817091000],  sp=0x00007ff81708c6e0,  free space=1009k
Native frames: (J=compiled Java code, j=interpreted, Vv=VM code, C=native code)
V  [libjvm.so+0x304b2c]  OopFlow::build_oop_map(Node*, int, PhaseRegAlloc*, int*)+0x14c
V  [libjvm.so+0x30510a]  OopFlow::compute_reach(PhaseRegAlloc*, int, Dict*)+0x22a
V  [libjvm.so+0x30629d]  Compile::BuildOopMaps()+0xffd
V  [libjvm.so+0x8b4b8d]  Compile::Output()+0x6dd
V  [libjvm.so+0x45e05a]  Compile::Code_Gen()+0x30a
V  [libjvm.so+0x4612c5]  Compile::Compile(ciEnv*, C2Compiler*, ciMethod*, int, bool, bool, bool)+0x1435
V  [libjvm.so+0x3b5008]  C2Compiler::compile_method(ciEnv*, ciMethod*, int)+0x198
V  [libjvm.so+0x46982a]  CompileBroker::invoke_compiler_on_method(CompileTask*)+0xc8a
V  [libjvm.so+0x46c230]  CompileBroker::compiler_thread_loop()+0x620
V  [libjvm.so+0x9e303f]  JavaThread::thread_main_inner()+0xdf
V  [libjvm.so+0x9e3205]  JavaThread::run()+0x1b5
V  [libjvm.so+0x8a00c8]  java_start(Thread*)+0x108


Current CompileTask:
C2:  45949 4995       4       groovy.lang.MetaClassImpl::findPropertyMethod (356 bytes)


---------------  P R O C E S S  ---------------

Java Threads: ( => current thread )
  0x00007ff7d89ea000 JavaThread "net.sf.ehcache.CacheManager@d6fe54d" daemon [_thread_blocked, id=5711, stack(0x00007ff7cb3fe000,0x00007ff7cb4ff000)]
  0x00007ff7d87b1000 JavaThread "PoolCleaner[204243246:1404894067857]" daemon [_thread_blocked, id=5710, stack(0x00007ff7cbaff000,0x00007ff7cbc00000)]
  0x00007ff7d80ce000 JavaThread "FileSystemWatcher: files=#167 cl=groovy.lang.GroovyClassLoader@c2c812e" daemon [_thread_blocked, id=5684, stack(0x00007ff814ca8000,0x00007ff814da9000)]
  0x00007ff7d8086000 JavaThread "Thread-4" daemon [_thread_in_native, id=5682, stack(0x00007ff814dbc000,0x00007ff814ebd000)]
  0x00007ff7d4001800 JavaThread "localhost-startStop-1" daemon [_thread_in_Java, id=5681, stack(0x00007ff8150bd000,0x00007ff8151be000)]
  0x00007ff83483a800 JavaThread "Tomcat-startStop-1" daemon [_thread_blocked, id=5680, stack(0x00007ff8151be000,0x00007ff8152bf000)]
  0x00007ff834b52800 JavaThread "Thread-3" [_thread_in_native, id=5679, stack(0x00007ff815aef000,0x00007ff815bf0000)]
  0x00007ff8348c5000 JavaThread "Thread-2" [_thread_blocked, id=5665, stack(0x00007ff816251000,0x00007ff816352000)]
  0x00007ff83444d000 JavaThread "NonBlockingInputStreamThread" daemon [_thread_blocked, id=5653, stack(0x00007ff816752000,0x00007ff816853000)]
  0x00007ff83443c000 JavaThread "process reaper" daemon [_thread_blocked, id=5642, stack(0x00007ff816a54000,0x00007ff816a8d000)]
  0x00007ff8342b2000 JavaThread "Service Thread" daemon [_thread_blocked, id=5639, stack(0x00007ff816d8e000,0x00007ff816e8f000)]
  0x00007ff834261000 JavaThread "C1 CompilerThread2" daemon [_thread_blocked, id=5638, stack(0x00007ff816e8f000,0x00007ff816f90000)]
=>0x00007ff834250800 JavaThread "C2 CompilerThread1" daemon [_thread_in_native, id=5637, stack(0x00007ff816f90000,0x00007ff817091000)]
  0x00007ff83424f800 JavaThread "C2 CompilerThread0" daemon [_thread_in_native, id=5636, stack(0x00007ff817091000,0x00007ff817192000)]
  0x00007ff834173000 JavaThread "Signal Dispatcher" daemon [_thread_blocked, id=5635, stack(0x00007ff817216000,0x00007ff817317000)]
  0x00007ff834146000 JavaThread "Finalizer" daemon [_thread_blocked, id=5634, stack(0x00007ff8179fa000,0x00007ff817afb000)]
  0x00007ff834141800 JavaThread "Reference Handler" daemon [_thread_blocked, id=5633, stack(0x00007ff817afb000,0x00007ff817bfc000)]
  0x00007ff83400c800 JavaThread "main" [_thread_blocked, id=5625, stack(0x00007ff83dac9000,0x00007ff83dbca000)]

Other Threads:
  0x00007ff83413c800 VMThread [stack: 0x00007ff817bfc000,0x00007ff817cfd000] [id=5632]
  0x00007ff8342b4800 WatcherThread [stack: 0x00007ff816c8d000,0x00007ff816d8e000] [id=5640]

VM state:not at safepoint (normal execution)

VM Mutex/Monitor currently owned by a thread: None

Heap:
 PSYoungGen      total 225280K, used 118160K [0x00000000f0000000, 0x0000000100000000, 0x0000000100000000)
  eden space 192512K, 44% used [0x00000000f0000000,0x00000000f5399990,0x00000000fbc00000)
  from space 32768K, 99% used [0x00000000fbc00000,0x00000000fdbca700,0x00000000fdc00000)
  to   space 36864K, 0% used [0x00000000fdc00000,0x00000000fdc00000,0x0000000100000000)
 ParOldGen       total 74752K, used 60817K [0x00000000d0000000, 0x00000000d4900000, 0x00000000f0000000)
  object space 74752K, 81% used [0x00000000d0000000,0x00000000d3b64440,0x00000000d4900000)
 Metaspace       used 58515K, capacity 60074K, committed 60160K, reserved 1101824K
  class space    used 6627K, capacity 7127K, committed 7168K, reserved 1048576K

Card table byte_map: [0x00007ff83a5ce000,0x00007ff83a74f000] byte_map_base: 0x00007ff839f4e000

Marking Bits: (ParMarkBitMap*) 0x00007ff83cfa8cc0
 Begin Bits: [0x00007ff8388ca000, 0x00007ff8394ca000)
 End Bits:   [0x00007ff8394ca000, 0x00007ff83a0ca000)

Polling page: 0x00007ff83dbea000

CodeCache: size=245760Kb used=15354Kb max_used=15354Kb free=230405Kb
 bounds [0x00007ff825000000, 0x00007ff825f10000, 0x00007ff834000000]
 total_blobs=5144 nmethods=4399 adapters=655
 compilation: enabled

Compilation events (10 events):
Event: 45.844 Thread 0x00007ff834261000 5030   !   2       org.codehaus.groovy.reflection.ClassLoaderForClassArtifacts::defineClassAndGetConstructor (59 bytes)
Event: 45.845 Thread 0x00007ff834261000 nmethod 5030 0x00007ff825efa310 code [0x00007ff825efa4c0, 0x00007ff825efaa58]
Event: 45.849 Thread 0x00007ff834261000 5031       2       org.codehaus.groovy.reflection.ClassLoaderForClassArtifacts$1::<init> (20 bytes)
Event: 45.850 Thread 0x00007ff834261000 nmethod 5031 0x00007ff825eef9d0 code [0x00007ff825eefb20, 0x00007ff825eefcb0]
Event: 45.853 Thread 0x00007ff834261000 5032       2       java.lang.ClassLoader::resolveClass (6 bytes)
Event: 45.854 Thread 0x00007ff834261000 nmethod 5032 0x00007ff825ef9c10 code [0x00007ff825ef9d80, 0x00007ff825ef9ee8]
Event: 45.883 Thread 0x00007ff834261000 5034       2       java.lang.reflect.Method::getGenericInfo (5 bytes)
Event: 45.884 Thread 0x00007ff834261000 nmethod 5034 0x00007ff825ef9590 code [0x00007ff825ef9700, 0x00007ff825ef9a08]
Event: 45.888 Thread 0x00007ff834261000 5035       2       org.codehaus.groovy.classgen.asm.BytecodeHelper::pushConstant (146 bytes)
Event: 45.889 Thread 0x00007ff834261000 nmethod 5035 0x00007ff825ef8d10 code [0x00007ff825ef8f00, 0x00007ff825ef9348]

GC Heap History (10 events):
Event: 36.583 GC heap before
{Heap before GC invocations=64 (full 5):
 PSYoungGen      total 224256K, used 190778K [0x00000000f0000000, 0x00000000fff00000, 0x0000000100000000)
  eden space 188416K, 100% used [0x00000000f0000000,0x00000000fb800000,0x00000000fb800000)
  from space 35840K, 6% used [0x00000000fdc00000,0x00000000fde4ebc8,0x00000000fff00000)
  to   space 36352K, 0% used [0x00000000fb800000,0x00000000fb800000,0x00000000fdb80000)
 ParOldGen       total 74752K, used 60309K [0x00000000d0000000, 0x00000000d4900000, 0x00000000f0000000)
  object space 74752K, 80% used [0x00000000d0000000,0x00000000d3ae5430,0x00000000d4900000)
 Metaspace       used 51322K, capacity 52564K, committed 52864K, reserved 1095680K
  class space    used 5806K, capacity 6170K, committed 6272K, reserved 1048576K
Event: 36.605 GC heap after
Heap after GC invocations=64 (full 5):
 PSYoungGen      total 224768K, used 4026K [0x00000000f0000000, 0x00000000ffd80000, 0x0000000100000000)
  eden space 188416K, 0% used [0x00000000f0000000,0x00000000f0000000,0x00000000fb800000)
  from space 36352K, 11% used [0x00000000fb800000,0x00000000fbbee910,0x00000000fdb80000)
  to   space 34816K, 0% used [0x00000000fdb80000,0x00000000fdb80000,0x00000000ffd80000)
 ParOldGen       total 74752K, used 60785K [0x00000000d0000000, 0x00000000d4900000, 0x00000000f0000000)
  object space 74752K, 81% used [0x00000000d0000000,0x00000000d3b5c440,0x00000000d4900000)
 Metaspace       used 51322K, capacity 52564K, committed 52864K, reserved 1095680K
  class space    used 5806K, capacity 6170K, committed 6272K, reserved 1048576K
}
Event: 38.277 GC heap before
{Heap before GC invocations=65 (full 5):
 PSYoungGen      total 224768K, used 192442K [0x00000000f0000000, 0x00000000ffd80000, 0x0000000100000000)
  eden space 188416K, 100% used [0x00000000f0000000,0x00000000fb800000,0x00000000fb800000)
  from space 36352K, 11% used [0x00000000fb800000,0x00000000fbbee910,0x00000000fdb80000)
  to   space 34816K, 0% used [0x00000000fdb80000,0x00000000fdb80000,0x00000000ffd80000)
 ParOldGen       total 74752K, used 60785K [0x00000000d0000000, 0x00000000d4900000, 0x00000000f0000000)
  object space 74752K, 81% used [0x00000000d0000000,0x00000000d3b5c440,0x00000000d4900000)
 Metaspace       used 52243K, capacity 53484K, committed 53760K, reserved 1097728K
  class space    used 5920K, capacity 6303K, committed 6400K, reserved 1048576K
Event: 38.314 GC heap after
Heap after GC invocations=65 (full 5):
 PSYoungGen      total 223744K, used 8343K [0x00000000f0000000, 0x00000000ffb80000, 0x0000000100000000)
  eden space 190976K, 0% used [0x00000000f0000000,0x00000000f0000000,0x00000000fba80000)
  from space 32768K, 25% used [0x00000000fdb80000,0x00000000fe3a5e50,0x00000000ffb80000)
  to   space 33280K, 0% used [0x00000000fba80000,0x00000000fba80000,0x00000000fdb00000)
 ParOldGen       total 74752K, used 60793K [0x00000000d0000000, 0x00000000d4900000, 0x00000000f0000000)
  object space 74752K, 81% used [0x00000000d0000000,0x00000000d3b5e440,0x00000000d4900000)
 Metaspace       used 52243K, capacity 53484K, committed 53760K, reserved 1097728K
  class space    used 5920K, capacity 6303K, committed 6400K, reserved 1048576K
}
Event: 40.326 GC heap before
{Heap before GC invocations=66 (full 5):
 PSYoungGen      total 223744K, used 199319K [0x00000000f0000000, 0x00000000ffb80000, 0x0000000100000000)
  eden space 190976K, 100% used [0x00000000f0000000,0x00000000fba80000,0x00000000fba80000)
  from space 32768K, 25% used [0x00000000fdb80000,0x00000000fe3a5e50,0x00000000ffb80000)
  to   space 33280K, 0% used [0x00000000fba80000,0x00000000fba80000,0x00000000fdb00000)
 ParOldGen       total 74752K, used 60793K [0x00000000d0000000, 0x00000000d4900000, 0x00000000f0000000)
  object space 74752K, 81% used [0x00000000d0000000,0x00000000d3b5e440,0x00000000d4900000)
 Metaspace       used 53235K, capacity 54518K, committed 54912K, reserved 1097728K
  class space    used 6052K, capacity 6446K, committed 6528K, reserved 1048576K
Event: 40.388 GC heap after
Heap after GC invocations=66 (full 5):
 PSYoungGen      total 224256K, used 14682K [0x00000000f0000000, 0x00000000ffe80000, 0x0000000100000000)
  eden space 190976K, 0% used [0x00000000f0000000,0x00000000f0000000,0x00000000fba80000)
  from space 33280K, 44% used [0x00000000fba80000,0x00000000fc8d6ac0,0x00000000fdb00000)
  to   space 32256K, 0% used [0x00000000fdf00000,0x00000000fdf00000,0x00000000ffe80000)
 ParOldGen       total 74752K, used 60801K [0x00000000d0000000, 0x00000000d4900000, 0x00000000f0000000)
  object space 74752K, 81% used [0x00000000d0000000,0x00000000d3b60440,0x00000000d4900000)
 Metaspace       used 53235K, capacity 54518K, committed 54912K, reserved 1097728K
  class space    used 6052K, capacity 6446K, committed 6528K, reserved 1048576K
}
Event: 42.748 GC heap before
{Heap before GC invocations=67 (full 5):
 PSYoungGen      total 224256K, used 205658K [0x00000000f0000000, 0x00000000ffe80000, 0x0000000100000000)
  eden space 190976K, 100% used [0x00000000f0000000,0x00000000fba80000,0x00000000fba80000)
  from space 33280K, 44% used [0x00000000fba80000,0x00000000fc8d6ac0,0x00000000fdb00000)
  to   space 32256K, 0% used [0x00000000fdf00000,0x00000000fdf00000,0x00000000ffe80000)
 ParOldGen       total 74752K, used 60801K [0x00000000d0000000, 0x00000000d4900000, 0x00000000f0000000)
  object space 74752K, 81% used [0x00000000d0000000,0x00000000d3b60440,0x00000000d4900000)
 Metaspace       used 54737K, capacity 56078K, committed 56320K, reserved 1099776K
  class space    used 6162K, capacity 6579K, committed 6656K, reserved 1048576K
Event: 42.844 GC heap after
Heap after GC invocations=67 (full 5):
 PSYoungGen      total 224768K, used 23231K [0x00000000f0000000, 0x0000000100000000, 0x0000000100000000)
  eden space 192512K, 0% used [0x00000000f0000000,0x00000000f0000000,0x00000000fbc00000)
  from space 32256K, 72% used [0x00000000fdf00000,0x00000000ff5afc70,0x00000000ffe80000)
  to   space 34816K, 0% used [0x00000000fbc00000,0x00000000fbc00000,0x00000000fde00000)
 ParOldGen       total 74752K, used 60809K [0x00000000d0000000, 0x00000000d4900000, 0x00000000f0000000)
  object space 74752K, 81% used [0x00000000d0000000,0x00000000d3b62440,0x00000000d4900000)
 Metaspace       used 54737K, capacity 56078K, committed 56320K, reserved 1099776K
  class space    used 6162K, capacity 6579K, committed 6656K, reserved 1048576K
}
Event: 44.695 GC heap before
{Heap before GC invocations=68 (full 5):
 PSYoungGen      total 224768K, used 215743K [0x00000000f0000000, 0x0000000100000000, 0x0000000100000000)
  eden space 192512K, 100% used [0x00000000f0000000,0x00000000fbc00000,0x00000000fbc00000)
  from space 32256K, 72% used [0x00000000fdf00000,0x00000000ff5afc70,0x00000000ffe80000)
  to   space 34816K, 0% used [0x00000000fbc00000,0x00000000fbc00000,0x00000000fde00000)
 ParOldGen       total 74752K, used 60809K [0x00000000d0000000, 0x00000000d4900000, 0x00000000f0000000)
  object space 74752K, 81% used [0x00000000d0000000,0x00000000d3b62440,0x00000000d4900000)
 Metaspace       used 57095K, capacity 58454K, committed 58752K, reserved 1101824K
  class space    used 6471K, capacity 6927K, committed 7040K, reserved 1048576K
Event: 44.831 GC heap after
Heap after GC invocations=68 (full 5):
 PSYoungGen      total 225280K, used 32553K [0x00000000f0000000, 0x0000000100000000, 0x0000000100000000)
  eden space 192512K, 0% used [0x00000000f0000000,0x00000000f0000000,0x00000000fbc00000)
  from space 32768K, 99% used [0x00000000fbc00000,0x00000000fdbca700,0x00000000fdc00000)
  to   space 36864K, 0% used [0x00000000fdc00000,0x00000000fdc00000,0x0000000100000000)
 ParOldGen       total 74752K, used 60817K [0x00000000d0000000, 0x00000000d4900000, 0x00000000f0000000)
  object space 74752K, 81% used [0x00000000d0000000,0x00000000d3b64440,0x00000000d4900000)
 Metaspace       used 57095K, capacity 58454K, committed 58752K, reserved 1101824K
  class space    used 6471K, capacity 6927K, committed 7040K, reserved 1048576K
}

Deoptimization events (10 events):
Event: 38.172 Thread 0x00007ff7d4001800 Uncommon trap: reason=unloaded action=reinterpret pc=0x00007ff825872978 method=com.sun.beans.TypeResolver.resolve(Ljava/lang/reflect/Type;Ljava/lang/reflect/Type;)Ljava/lang/reflect/Type; @ 175
Event: 41.595 Thread 0x00007ff7d4001800 Uncommon trap: reason=bimorphic action=maybe_recompile pc=0x00007ff825ecfbb8 method=groovy.lang.MetaClassImpl$1MOPIter.methodNameAction(Ljava/lang/Class;Lorg/codehaus/groovy/runtime/metaclass/MetaMethodIndex$Entry;)V @ 62
Event: 41.595 Thread 0x00007ff7d4001800 Uncommon trap: reason=bimorphic action=maybe_recompile pc=0x00007ff825ecfbb8 method=groovy.lang.MetaClassImpl$1MOPIter.methodNameAction(Ljava/lang/Class;Lorg/codehaus/groovy/runtime/metaclass/MetaMethodIndex$Entry;)V @ 62
Event: 41.595 Thread 0x00007ff7d4001800 Uncommon trap: reason=bimorphic action=maybe_recompile pc=0x00007ff825ecfbb8 method=groovy.lang.MetaClassImpl$1MOPIter.methodNameAction(Ljava/lang/Class;Lorg/codehaus/groovy/runtime/metaclass/MetaMethodIndex$Entry;)V @ 62
Event: 41.595 Thread 0x00007ff7d4001800 Uncommon trap: reason=bimorphic action=maybe_recompile pc=0x00007ff825ecfbb8 method=groovy.lang.MetaClassImpl$1MOPIter.methodNameAction(Ljava/lang/Class;Lorg/codehaus/groovy/runtime/metaclass/MetaMethodIndex$Entry;)V @ 62
Event: 41.620 Thread 0x00007ff7d4001800 Uncommon trap: reason=unloaded action=reinterpret pc=0x00007ff8257116b4 method=com.sun.beans.TypeResolver.resolve(Ljava/lang/reflect/Type;Ljava/lang/reflect/Type;)Ljava/lang/reflect/Type; @ 175
Event: 42.695 Thread 0x00007ff7d4001800 Uncommon trap: reason=unreached action=reinterpret pc=0x00007ff825a0d7e4 method=java.lang.reflect.Method.equals(Ljava/lang/Object;)Z @ 1
Event: 43.291 Thread 0x00007ff7d4001800 Uncommon trap: reason=bimorphic action=maybe_recompile pc=0x00007ff825a3fafc method=org.codehaus.groovy.runtime.metaclass.MetaMethodIndex.addMethodToList(Ljava/lang/Object;Lgroovy/lang/MetaMethod;)Ljava/lang/Object; @ 97
Event: 43.291 Thread 0x00007ff7d4001800 Uncommon trap: reason=bimorphic action=maybe_recompile pc=0x00007ff825a3fafc method=org.codehaus.groovy.runtime.metaclass.MetaMethodIndex.addMethodToList(Ljava/lang/Object;Lgroovy/lang/MetaMethod;)Ljava/lang/Object; @ 97
Event: 45.370 Thread 0x00007ff7d4001800 Uncommon trap: reason=bimorphic action=maybe_recompile pc=0x00007ff825b50130 method=java.util.regex.Pattern$Branch.match(Ljava/util/regex/Matcher;ILjava/lang/CharSequence;)Z @ 32

Internal exceptions (10 events):
Event: 45.905 Thread 0x00007ff7d4001800 Exception <a 'java/security/PrivilegedActionException'> (0x00000000f4f0ca88) thrown at [/HUDSON/workspace/8-2-build-linux-amd64/jdk8u5/2488/hotspot/src/share/vm/prims/jvm.cpp, line 1248]
Event: 45.905 Thread 0x00007ff7d4001800 Exception <a 'java/security/PrivilegedActionException'> (0x00000000f4f10aa0) thrown at [/HUDSON/workspace/8-2-build-linux-amd64/jdk8u5/2488/hotspot/src/share/vm/prims/jvm.cpp, line 1248]
Event: 45.906 Thread 0x00007ff7d4001800 Exception <a 'java/security/PrivilegedActionException'> (0x00000000f4f1e2f0) thrown at [/HUDSON/workspace/8-2-build-linux-amd64/jdk8u5/2488/hotspot/src/share/vm/prims/jvm.cpp, line 1248]
Event: 45.906 Thread 0x00007ff7d4001800 Exception <a 'java/security/PrivilegedActionException'> (0x00000000f4f3c198) thrown at [/HUDSON/workspace/8-2-build-linux-amd64/jdk8u5/2488/hotspot/src/share/vm/prims/jvm.cpp, line 1248]
Event: 45.906 Thread 0x00007ff7d4001800 Exception <a 'java/lang/ClassNotFoundException': sun/net/www/URLConnectionCustomizer> (0x00000000f4f3dd10) thrown at [/HUDSON/workspace/8-2-build-linux-amd64/jdk8u5/2488/hotspot/src/share/vm/classfile/systemDictionary.cpp, line 202]
Event: 45.907 Thread 0x00007ff7d4001800 Exception <a 'java/security/PrivilegedActionException'> (0x00000000f4f577c0) thrown at [/HUDSON/workspace/8-2-build-linux-amd64/jdk8u5/2488/hotspot/src/share/vm/prims/jvm.cpp, line 1248]
Event: 45.908 Thread 0x00007ff7d4001800 Exception <a 'java/security/PrivilegedActionException'> (0x00000000f4f5c368) thrown at [/HUDSON/workspace/8-2-build-linux-amd64/jdk8u5/2488/hotspot/src/share/vm/prims/jvm.cpp, line 1248]
Event: 45.908 Thread 0x00007ff7d4001800 Exception <a 'java/security/PrivilegedActionException'> (0x00000000f4f6c8c0) thrown at [/HUDSON/workspace/8-2-build-linux-amd64/jdk8u5/2488/hotspot/src/share/vm/prims/jvm.cpp, line 1248]
Event: 45.909 Thread 0x00007ff7d4001800 Exception <a 'java/security/PrivilegedActionException'> (0x00000000f4f90c70) thrown at [/HUDSON/workspace/8-2-build-linux-amd64/jdk8u5/2488/hotspot/src/share/vm/prims/jvm.cpp, line 1248]
Event: 45.909 Thread 0x00007ff7d4001800 Exception <a 'java/lang/ClassNotFoundException': sun/net/www/protocol/file/FileURLConnectionCustomizer> (0x00000000f4f92680) thrown at [/HUDSON/workspace/8-2-build-linux-amd64/jdk8u5/2488/hotspot/src/share/vm/classfile/systemDictionary.cpp, line 202]

Events (10 events):
Event: 45.912 loading class sun/net/www/MimeTable$DefaultInstanceHolder
Event: 45.912 loading class sun/net/www/MimeTable$DefaultInstanceHolder done
Event: 45.912 loading class sun/net/www/MimeTable$DefaultInstanceHolder$1
Event: 45.912 loading class sun/net/www/MimeTable$DefaultInstanceHolder$1 done
Event: 45.912 Thread 0x00007ff7d4001800 DEOPT PACKING pc=0x00007ff825e9043a sp=0x00007ff8151b3ea0
Event: 45.912 Thread 0x00007ff7d4001800 DEOPT UNPACKING pc=0x00007ff82504741a sp=0x00007ff8151b3c28 mode 0
Event: 45.913 loading class sun/net/www/MimeEntry
Event: 45.913 loading class sun/net/www/MimeEntry done
Event: 45.914 loading class java/net/URLConnection$1
Event: 45.914 loading class java/net/URLConnection$1 done


Dynamic libraries:
00400000-00401000 r-xp 00000000 08:06 3233770                            /usr/lib/jvm/java-8-oracle/bin/java
00600000-00601000 rw-p 00000000 08:06 3233770                            /usr/lib/jvm/java-8-oracle/bin/java
0157d000-0159e000 rw-p 00000000 00:00 0                                  [heap]
d0000000-d4900000 rw-p 00000000 00:00 0 
d4900000-f0000000 ---p 00000000 00:00 0 
f0000000-100000000 rw-p 00000000 00:00 0 
100000000-100700000 rw-p 00000000 00:00 0 
100700000-140000000 ---p 00000000 00:00 0 
7ff7bc000000-7ff7bc021000 rw-p 00000000 00:00 0 
7ff7bc021000-7ff7c0000000 ---p 00000000 00:00 0 
7ff7c0000000-7ff7c0021000 rw-p 00000000 00:00 0 
7ff7c0021000-7ff7c4000000 ---p 00000000 00:00 0 
7ff7c4000000-7ff7c4021000 rw-p 00000000 00:00 0 
7ff7c4021000-7ff7c8000000 ---p 00000000 00:00 0 
7ff7caafd000-7ff7cacbd000 rw-p 00000000 00:00 0 
7ff7cacbd000-7ff7cacfd000 ---p 00000000 00:00 0 
7ff7cacfd000-7ff7caefd000 rw-p 00000000 00:00 0 
7ff7caefd000-7ff7cb0fd000 rw-p 00000000 00:00 0 
7ff7cb0fd000-7ff7cb100000 ---p 00000000 00:00 0 
7ff7cb100000-7ff7cb3fe000 rw-p 00000000 00:00 0 
7ff7cb3fe000-7ff7cb401000 ---p 00000000 00:00 0 
7ff7cb401000-7ff7cb6ff000 rw-p 00000000 00:00 0 
7ff7cb6ff000-7ff7cb8ff000 rw-p 00000000 00:00 0 
7ff7cb8ff000-7ff7cbaff000 rw-p 00000000 00:00 0 
7ff7cbaff000-7ff7cbb02000 ---p 00000000 00:00 0 
7ff7cbb02000-7ff7cbe00000 rw-p 00000000 00:00 0 
7ff7cbe00000-7ff7cc000000 rw-p 00000000 00:00 0 
7ff7cc000000-7ff7cc021000 rw-p 00000000 00:00 0 
7ff7cc021000-7ff7d0000000 ---p 00000000 00:00 0 
7ff7d0000000-7ff7d0021000 rw-p 00000000 00:00 0 
7ff7d0021000-7ff7d4000000 ---p 00000000 00:00 0 
7ff7d4000000-7ff7d4021000 rw-p 00000000 00:00 0 
7ff7d4021000-7ff7d8000000 ---p 00000000 00:00 0 
7ff7d8000000-7ff7d8f4f000 rw-p 00000000 00:00 0 
7ff7d8f4f000-7ff7dc000000 ---p 00000000 00:00 0 
7ff7dc000000-7ff7dc021000 rw-p 00000000 00:00 0 
7ff7dc021000-7ff7e0000000 ---p 00000000 00:00 0 
7ff7e0000000-7ff7e0038000 rw-p 00000000 00:00 0 
7ff7e0038000-7ff7e4000000 ---p 00000000 00:00 0 
7ff7e4000000-7ff7e4021000 rw-p 00000000 00:00 0 
7ff7e4021000-7ff7e8000000 ---p 00000000 00:00 0 
7ff7e8000000-7ff7e8021000 rw-p 00000000 00:00 0 
7ff7e8021000-7ff7ec000000 ---p 00000000 00:00 0 
7ff7ec000000-7ff7ec021000 rw-p 00000000 00:00 0 
7ff7ec021000-7ff7f0000000 ---p 00000000 00:00 0 
7ff7f0000000-7ff7f0021000 rw-p 00000000 00:00 0 
7ff7f0021000-7ff7f4000000 ---p 00000000 00:00 0 
7ff7f4000000-7ff7f545c000 rw-p 00000000 00:00 0 
7ff7f545c000-7ff7f8000000 ---p 00000000 00:00 0 
7ff7f8000000-7ff7f9038000 rw-p 00000000 00:00 0 
7ff7f9038000-7ff7fc000000 ---p 00000000 00:00 0 
7ff7fc000000-7ff7fc021000 rw-p 00000000 00:00 0 
7ff7fc021000-7ff800000000 ---p 00000000 00:00 0 
7ff800000000-7ff80159b000 rw-p 00000000 00:00 0 
7ff80159b000-7ff804000000 ---p 00000000 00:00 0 
7ff804000000-7ff804021000 rw-p 00000000 00:00 0 
7ff804021000-7ff808000000 ---p 00000000 00:00 0 
7ff808000000-7ff808021000 rw-p 00000000 00:00 0 
7ff808021000-7ff80c000000 ---p 00000000 00:00 0 
7ff80c000000-7ff80c112000 rw-p 00000000 00:00 0 
7ff80c112000-7ff810000000 ---p 00000000 00:00 0 
7ff810000000-7ff810035000 rw-p 00000000 00:00 0 
7ff810035000-7ff814000000 ---p 00000000 00:00 0 
7ff8140a2000-7ff8140a8000 r--s 002f7000 08:06 3233722                    /usr/lib/jvm/java-8-oracle/jre/lib/charsets.jar
7ff8140a8000-7ff8142a8000 rw-p 00000000 00:00 0 
7ff8142a8000-7ff8144a8000 rw-p 00000000 00:00 0 
7ff8144a8000-7ff8146a8000 rw-p 00000000 00:00 0 
7ff8146a8000-7ff8148a8000 rw-p 00000000 00:00 0 
7ff8148a8000-7ff814aa8000 rw-p 00000000 00:00 0 
7ff814aa8000-7ff814ca8000 rw-p 00000000 00:00 0 
7ff814ca8000-7ff814cab000 ---p 00000000 00:00 0 
7ff814cab000-7ff814da9000 rw-p 00000000 00:00 0 
7ff814da9000-7ff814dbc000 r--s 00345000 08:06 3233716                    /usr/lib/jvm/java-8-oracle/jre/lib/resources.jar
7ff814dbc000-7ff814dbf000 ---p 00000000 00:00 0 
7ff814dbf000-7ff8150bd000 rw-p 00000000 00:00 0 
7ff8150bd000-7ff8150c0000 ---p 00000000 00:00 0 
7ff8150c0000-7ff8151be000 rw-p 00000000 00:00 0 
7ff8151be000-7ff8151c1000 ---p 00000000 00:00 0 
7ff8151c1000-7ff8152bf000 rw-p 00000000 00:00 0 
7ff8152bf000-7ff8152cf000 r-xp 00000000 08:06 3233476                    /usr/lib/jvm/java-8-oracle/jre/lib/amd64/libnio.so
7ff8152cf000-7ff8154cf000 ---p 00010000 08:06 3233476                    /usr/lib/jvm/java-8-oracle/jre/lib/amd64/libnio.so
7ff8154cf000-7ff8154d0000 rw-p 00010000 08:06 3233476                    /usr/lib/jvm/java-8-oracle/jre/lib/amd64/libnio.so
7ff8154d0000-7ff8156d0000 rw-p 00000000 00:00 0 
7ff8156d0000-7ff8156d8000 r-xp 00000000 08:06 3233538                    /usr/lib/jvm/java-8-oracle/jre/lib/amd64/libmanagement.so
7ff8156d8000-7ff8158d8000 ---p 00008000 08:06 3233538                    /usr/lib/jvm/java-8-oracle/jre/lib/amd64/libmanagement.so
7ff8158d8000-7ff8158d9000 rw-p 00008000 08:06 3233538                    /usr/lib/jvm/java-8-oracle/jre/lib/amd64/libmanagement.so
7ff8158d9000-7ff8158ef000 r-xp 00000000 08:06 3233484                    /usr/lib/jvm/java-8-oracle/jre/lib/amd64/libnet.so
7ff8158ef000-7ff815aee000 ---p 00016000 08:06 3233484                    /usr/lib/jvm/java-8-oracle/jre/lib/amd64/libnet.so
7ff815aee000-7ff815aef000 rw-p 00015000 08:06 3233484                    /usr/lib/jvm/java-8-oracle/jre/lib/amd64/libnet.so
7ff815aef000-7ff815af2000 ---p 00000000 00:00 0 
7ff815af2000-7ff815bf0000 rw-p 00000000 00:00 0 
7ff815bf0000-7ff815bf3000 r--s 00012000 08:06 5535273                    /home/jbondia/.gvm/grails/2.4.2/lib/javax.servlet/javax.servlet-api/jars/javax.servlet-api-3.0.1.jar
7ff815bf3000-7ff815bf8000 r--s 00040000 08:06 5539719                    /home/jbondia/.gvm/grails/2.4.2/dist/grails-project-api-2.4.2.jar
7ff815bf8000-7ff815c09000 r--s 000d2000 08:06 4485925                    /root/.m2/repository/org/liquibase/liquibase-core/2.0.5/liquibase-core-2.0.5.jar
7ff815c09000-7ff815c0d000 r--s 0000c000 08:06 4485913                    /root/.m2/repository/javax/validation/validation-api/1.1.0.Final/validation-api-1.1.0.Final.jar
7ff815c0d000-7ff815c13000 r--s 0004c000 08:06 5535608                    /home/jbondia/.gvm/grails/2.4.2/lib/org.grails/grails-datastore-simple/jars/grails-datastore-simple-3.1.1.RELEASE.jar
7ff815c13000-7ff815c1b000 r--s 00052000 08:06 4485905                    /root/.m2/repository/org/springframework/spring-orm/4.0.5.RELEASE/spring-orm-4.0.5.RELEASE.jar
7ff815c1b000-7ff815c1d000 r--s 0000a000 08:06 4485897                    /root/.m2/repository/org/grails/grails-datastore-gorm-plugin-support/3.1.1.RELEASE/grails-datastore-gorm-plugin-support-3.1.1.RELEASE.jar
7ff815c1d000-7ff815c23000 r--s 00041000 08:06 4485889                    /root/.m2/repository/org/grails/grails-datastore-gorm-hibernate-core/3.1.1.RELEASE/grails-datastore-gorm-hibernate-core-3.1.1.RELEASE.jar
7ff815c23000-7ff815c28000 r--s 00048000 08:06 4485885                    /root/.m2/repository/dom4j/dom4j/1.6.1/dom4j-1.6.1.jar
7ff815c28000-7ff815c29000 r--s 00002000 08:06 4485877                    /root/.m2/repository/org/jboss/logging/jboss-logging-annotations/1.2.0.Beta1/jboss-logging-annotations-1.2.0.Beta1.jar
7ff815c29000-7ff815c2c000 r--s 00010000 08:06 4485865                    /root/.m2/repository/org/hibernate/common/hibernate-commons-annotations/4.0.4.Final/hibernate-commons-annotations-4.0.4.Final.jar
7ff815c2c000-7ff815c34000 r--s 00062000 08:06 4485857                    /root/.m2/repository/org/grails/grails-datastore-gorm-hibernate4/3.1.1.RELEASE/grails-datastore-gorm-hibernate4-3.1.1.RELEASE.jar
7ff815c34000-7ff815c3d000 r--s 00081000 08:06 5535607                    /home/jbondia/.gvm/grails/2.4.2/lib/org.grails/grails-datastore-gorm/jars/grails-datastore-gorm-3.1.1.RELEASE.jar
7ff815c3d000-7ff815c48000 r--s 00052000 08:06 5535606                    /home/jbondia/.gvm/grails/2.4.2/lib/org.grails/grails-datastore-core/jars/grails-datastore-core-3.1.1.RELEASE.jar
7ff815c48000-7ff815c4a000 r--s 0000d000 08:06 4485849                    /root/.m2/repository/org/jboss/logging/jboss-logging/3.1.0.GA/jboss-logging-3.1.0.GA.jar
7ff815c4a000-7ff815c60000 r--s 000e6000 08:06 4485841                    /root/.m2/repository/net/sf/ehcache/ehcache-core/2.4.8/ehcache-core-2.4.8.jar
7ff815c60000-7ff815c62000 r--s 00011000 08:06 4485837                    /root/.m2/repository/org/jboss/jandex/1.1.0.Final/jandex-1.1.0.Final.jar
7ff815c62000-7ff815c67000 r--s 00068000 08:06 4485825                    /root/.m2/repository/antlr/antlr/2.7.7/antlr-2.7.7.jar
7ff815c67000-7ff815c68000 r--s 00006000 08:06 4485817                    /root/.m2/repository/org/jboss/spec/javax/transaction/jboss-transaction-api_1.2_spec/1.0.0.Final/jboss-transaction-api_1.2_spec-1.0.0.Final.jar
7ff815c68000-7ff815cc5000 r--s 004a0000 08:06 4485809                    /root/.m2/repository/org/hibernate/hibernate-core/4.3.5.Final/hibernate-core-4.3.5.Final.jar
7ff815cc5000-7ff815cc9000 r--s 0001e000 08:06 4485805                    /root/.m2/repository/org/hibernate/hibernate-ehcache/4.3.5.Final/hibernate-ehcache-4.3.5.Final.jar
7ff815cc9000-7ff815ccb000 r--s 0000d000 08:06 4485793                    /root/.m2/repository/com/fasterxml/classmate/1.0.0/classmate-1.0.0.jar
7ff815ccb000-7ff815cd8000 r--s 00080000 08:06 4485785                    /root/.m2/repository/org/hibernate/hibernate-validator/5.0.3.Final/hibernate-validator-5.0.3.Final.jar
7ff815cd8000-7ff815ce1000 r--s 000a5000 08:06 4485765                    /root/.m2/repository/org/javassist/javassist/3.17.1-GA/javassist-3.17.1-GA.jar
7ff815ce1000-7ff815ce4000 r--s 00083000 08:06 5539740                    /home/jbondia/.gvm/grails/2.4.2/dist/grails-resources-2.4.2.jar
7ff815ce4000-7ff815cf1000 r--s 00189000 08:06 5534751                    /home/jbondia/.gvm/grails/2.4.2/lib/com.h2database/h2/jars/h2-1.3.176.jar
7ff815cf1000-7ff815cf5000 r--s 00021000 08:06 5539404                    /home/jbondia/.gvm/grails/2.4.2/dist/grails-plugin-converters-2.4.2.jar
7ff815cf5000-7ff815cf8000 r--s 00018000 08:06 5539467                    /home/jbondia/.gvm/grails/2.4.2/dist/grails-plugin-domain-class-2.4.2.jar
7ff815cf8000-7ff815cfa000 r--s 0000e000 08:06 5539572                    /home/jbondia/.gvm/grails/2.4.2/dist/grails-plugin-mimetypes-2.4.2.jar
7ff815cfa000-7ff815cfb000 r--s 0000e000 08:06 5535541                    /home/jbondia/.gvm/grails/2.4.2/lib/org.codehaus.jsr166-mirror/jsr166y/jars/jsr166y-1.7.0.jar
7ff815cfb000-7ff815d17000 r--s 00136000 08:06 5535532                    /home/jbondia/.gvm/grails/2.4.2/lib/org.codehaus.gpars/gpars/jars/gpars-1.2.1.jar
7ff815d17000-7ff815d19000 r--s 00011000 08:06 5539194                    /home/jbondia/.gvm/grails/2.4.2/dist/grails-async-2.4.2.jar
7ff815d19000-7ff815d1b000 r--s 0000e000 08:06 5539341                    /home/jbondia/.gvm/grails/2.4.2/dist/grails-plugin-async-2.4.2.jar
7ff815d1b000-7ff815d1f000 r--s 00028000 08:06 5535235                    /home/jbondia/.gvm/grails/2.4.2/lib/commons-validator/commons-validator/jars/commons-validator-1.4.0.jar
7ff815d1f000-7ff815d22000 r--s 00012000 08:06 5539824                    /home/jbondia/.gvm/grails/2.4.2/dist/grails-validation-2.4.2.jar
7ff815d22000-7ff815d26000 r--s 00019000 08:06 5534739                    /home/jbondia/.gvm/grails/2.4.2/lib/com.googlecode.concurrentlinkedhashmap/concurrentlinkedhashmap-lru/jars/concurrentlinkedhashmap-lru-1.4.jar
7ff815d26000-7ff815d28000 r--s 0000e000 08:06 5539677                    /home/jbondia/.gvm/grails/2.4.2/dist/grails-plugin-url-mappings-2.4.2.jar
7ff815d28000-7ff815d29000 r--s 00006000 08:06 5539635                    /home/jbondia/.gvm/grails/2.4.2/dist/grails-plugin-servlets-2.4.2.jar
7ff815d29000-7ff815d30000 r--s 00036000 08:06 5535703                    /home/jbondia/.gvm/grails/2.4.2/lib/org.springframework/spring-tx/jars/spring-tx-4.0.5.RELEASE.jar
7ff815d30000-7ff815d3f000 r--s 00096000 08:06 5535707                    /home/jbondia/.gvm/grails/2.4.2/lib/org.springframework/spring-web/jars/spring-web-4.0.5.RELEASE.jar
7ff815d3f000-7ff815f3f000 rw-p 00000000 00:00 0 
7ff815f3f000-7ff81613f000 rw-p 00000000 00:00 0 
7ff81613f000-7ff81615b000 r--s 00393000 08:06 3233448                    /usr/lib/jvm/java-8-oracle/jre/lib/ext/cldrdata.jar
7ff81615b000-7ff816166000 r--s 0021a000 08:06 3233434                    /usr/lib/jvm/java-8-oracle/jre/lib/ext/localedata.jar
7ff81616a000-7ff81616b000 rw-p 00000000 00:00 0 
7ff81616b000-7ff81616d000 r--s 00009000 08:06 5539614                    /home/jbondia/.gvm/grails/2.4.2/dist/grails-plugin-services-2.4.2.jar
7ff81616d000-7ff816172000 r--s 0002e000 08:06 5539299                    /home/jbondia/.gvm/grails/2.4.2/dist/grails-encoder-2.4.2.jar
7ff816172000-7ff816178000 r--s 00033000 08:06 5534939                    /home/jbondia/.gvm/grails/2.4.2/lib/commons-codec/commons-codec/jars/commons-codec-1.6.jar
7ff816178000-7ff81617a000 r--s 00012000 08:06 5539362                    /home/jbondia/.gvm/grails/2.4.2/dist/grails-plugin-codecs-2.4.2.jar
7ff81617a000-7ff81617c000 r--s 0000c000 08:06 5539971                    /home/jbondia/.gvm/grails/2.4.2/dist/grails-web-gsp-taglib-2.4.2.jar
7ff81617c000-7ff816182000 r--s 00058000 08:06 5539509                    /home/jbondia/.gvm/grails/2.4.2/dist/grails-plugin-gsp-2.4.2.jar
7ff816182000-7ff816184000 r--s 0000b000 08:06 5539488                    /home/jbondia/.gvm/grails/2.4.2/dist/grails-plugin-filters-2.4.2.jar
7ff816184000-7ff816189000 r--s 00041000 08:06 5535234                    /home/jbondia/.gvm/grails/2.4.2/lib/commons-lang/commons-lang/jars/commons-lang-2.6.jar
7ff816189000-7ff81618a000 r--s 00005000 08:06 5539530                    /home/jbondia/.gvm/grails/2.4.2/dist/grails-plugin-i18n-2.4.2.jar
7ff81618a000-7ff81618f000 r--s 00017000 08:06 5535623                    /home/jbondia/.gvm/grails/2.4.2/lib/org.hibernate.javax.persistence/hibernate-jpa-2.1-api/jars/hibernate-jpa-2.1-api-1.0.0.Final.jar
7ff81618f000-7ff816191000 r--s 00000000 08:06 5534701                    /home/jbondia/.gvm/grails/2.4.2/lib/aopalliance/aopalliance/jars/aopalliance-1.0.jar
7ff816191000-7ff816193000 r--s 00009000 08:06 5539782                    /home/jbondia/.gvm/grails/2.4.2/dist/grails-spring-2.4.2.jar
7ff816193000-7ff816196000 r--s 00041000 08:06 5535728                    /home/jbondia/.gvm/grails/2.4.2/lib/xalan/serializer/jars/serializer-2.7.1.jar
7ff816196000-7ff8161a2000 r--s 00098000 08:06 5535678                    /home/jbondia/.gvm/grails/2.4.2/lib/org.springframework/spring-beans/jars/spring-beans-4.0.5.RELEASE.jar
7ff8161a2000-7ff8161b6000 r--s 000db000 08:06 5535687                    /home/jbondia/.gvm/grails/2.4.2/lib/org.springframework/spring-core/jars/spring-core-4.0.5.RELEASE.jar
7ff8161b6000-7ff8161c3000 r--s 000a7000 08:06 5539236                    /home/jbondia/.gvm/grails/2.4.2/dist/grails-core-2.4.2.jar
7ff8161c3000-7ff8161c4000 r--s 00005000 08:06 5539425                    /home/jbondia/.gvm/grails/2.4.2/dist/grails-plugin-databinding-2.4.2.jar
7ff8161c4000-7ff8161c9000 r--s 0002e000 08:06 5535691                    /home/jbondia/.gvm/grails/2.4.2/lib/org.springframework/spring-expression/jars/spring-expression-4.0.5.RELEASE.jar
7ff8161c9000-7ff8161d2000 r--s 0004e000 08:06 5535673                    /home/jbondia/.gvm/grails/2.4.2/lib/org.springframework/spring-aop/jars/spring-aop-4.0.5.RELEASE.jar
7ff8161d2000-7ff8161e9000 r--s 000d8000 08:06 5535682                    /home/jbondia/.gvm/grails/2.4.2/lib/org.springframework/spring-context/jars/spring-context-4.0.5.RELEASE.jar
7ff8161e9000-7ff8161eb000 r--s 00008000 08:06 5535509                    /home/jbondia/.gvm/grails/2.4.2/lib/org.apache.tomcat/tomcat-juli/jars/tomcat-juli-7.0.50.jar
7ff8161eb000-7ff8161ed000 r--s 0001d000 08:06 5535505                    /home/jbondia/.gvm/grails/2.4.2/lib/org.apache.tomcat/tomcat-jdbc/jars/tomcat-jdbc-7.0.50.jar
7ff8161ed000-7ff8161f7000 r--s 0005e000 08:06 5535695                    /home/jbondia/.gvm/grails/2.4.2/lib/org.springframework/spring-jdbc/jars/spring-jdbc-4.0.5.RELEASE.jar
7ff8161f7000-7ff8161f9000 r--s 0000d000 08:06 5539446                    /home/jbondia/.gvm/grails/2.4.2/dist/grails-plugin-datasource-2.4.2.jar
7ff8161f9000-7ff8161fb000 r--s 00008000 08:06 5539698                    /home/jbondia/.gvm/grails/2.4.2/dist/grails-plugin-validation-2.4.2.jar
7ff8161fb000-7ff8161ff000 r--s 00020000 08:06 5539383                    /home/jbondia/.gvm/grails/2.4.2/dist/grails-plugin-controllers-2.4.2.jar
7ff8161ff000-7ff816203000 r--s 00019000 08:06 5535517                    /home/jbondia/.gvm/grails/2.4.2/lib/org.aspectj/aspectjrt/jars/aspectjrt-1.8.0.jar
7ff816203000-7ff81621b000 r--s 001aa000 08:06 5535518                    /home/jbondia/.gvm/grails/2.4.2/lib/org.aspectj/aspectjweaver/jars/aspectjweaver-1.8.0.jar
7ff81621b000-7ff81621f000 r--s 00024000 08:06 5539992                    /home/jbondia/.gvm/grails/2.4.2/dist/grails-web-jsp-2.4.2.jar
7ff81621f000-7ff816221000 r--s 0001d000 08:06 5539887                    /home/jbondia/.gvm/grails/2.4.2/dist/grails-web-databinding-2.4.2.jar
7ff816221000-7ff816227000 r--s 00027000 08:06 5535459                    /home/jbondia/.gvm/grails/2.4.2/lib/opensymphony/sitemesh/jars/sitemesh-2.4.jar
7ff816227000-7ff816229000 r--s 0000b000 08:06 5540034                    /home/jbondia/.gvm/grails/2.4.2/dist/grails-web-sitemesh-2.4.2.jar
7ff816229000-7ff81622b000 r--s 00009000 08:06 5540013                    /home/jbondia/.gvm/grails/2.4.2/dist/grails-web-mvc-2.4.2.jar
7ff81622b000-7ff81622d000 r--s 0000b000 08:06 5535674                    /home/jbondia/.gvm/grails/2.4.2/lib/org.springframework/spring-aspects/jars/spring-aspects-4.0.5.RELEASE.jar
7ff81622d000-7ff816234000 r--s 0004f000 08:06 5539950                    /home/jbondia/.gvm/grails/2.4.2/dist/grails-web-gsp-2.4.2.jar
7ff816234000-7ff816238000 r--s 00027000 08:06 5535147                    /home/jbondia/.gvm/grails/2.4.2/lib/commons-io/commons-io/jars/commons-io-2.2.jar
7ff816238000-7ff81623a000 r--s 0000f000 08:06 5535137                    /home/jbondia/.gvm/grails/2.4.2/lib/commons-fileupload/commons-fileupload/jars/commons-fileupload-1.3.1.jar
7ff81623a000-7ff81623b000 r--s 00000000 08:06 5539929                    /home/jbondia/.gvm/grails/2.4.2/dist/grails-web-fileupload-2.4.2.jar
7ff81623b000-7ff81623f000 r--s 00023000 08:06 5540055                    /home/jbondia/.gvm/grails/2.4.2/dist/grails-web-url-mappings-2.4.2.jar
7ff81623f000-7ff816241000 r--s 00013000 08:06 5539257                    /home/jbondia/.gvm/grails/2.4.2/dist/grails-databinding-2.4.2.jar
7ff816241000-7ff816245000 r--s 0001e000 08:06 5535683                    /home/jbondia/.gvm/grails/2.4.2/lib/org.springframework/spring-context-support/jars/spring-context-support-4.0.5.RELEASE.jar
7ff816245000-7ff816251000 r--s 00096000 08:06 5535708                    /home/jbondia/.gvm/grails/2.4.2/lib/org.springframework/spring-webmvc/jars/spring-webmvc-4.0.5.RELEASE.jar
7ff816251000-7ff816254000 ---p 00000000 00:00 0 
7ff816254000-7ff816552000 rw-p 00000000 00:00 0 
7ff816552000-7ff816752000 rw-p 00000000 00:00 0 
7ff816752000-7ff816755000 ---p 00000000 00:00 0 
7ff816755000-7ff816853000 rw-p 00000000 00:00 0 
7ff816853000-7ff816854000 r-xp 00000000 08:06 4587997                    /tmp/libjansi-64-8173293295419600102.so
7ff816854000-7ff816a53000 ---p 00001000 08:06 4587997                    /tmp/libjansi-64-8173293295419600102.so
7ff816a53000-7ff816a54000 rw-p 00000000 08:06 4587997                    /tmp/libjansi-64-8173293295419600102.so
7ff816a54000-7ff816a57000 ---p 00000000 00:00 0 
7ff816a57000-7ff816c8d000 rw-p 00000000 00:00 0 
7ff816c8d000-7ff816c8e000 ---p 00000000 00:00 0 
7ff816c8e000-7ff816d8e000 rw-p 00000000 00:00 0 
7ff816d8e000-7ff816d91000 ---p 00000000 00:00 0 
7ff816d91000-7ff816e8f000 rw-p 00000000 00:00 0 
7ff816e8f000-7ff816e92000 ---p 00000000 00:00 0 
7ff816e92000-7ff816f90000 rw-p 00000000 00:00 0 
7ff816f90000-7ff816f93000 ---p 00000000 00:00 0 
7ff816f93000-7ff817091000 rw-p 00000000 00:00 0 
7ff817091000-7ff817094000 ---p 00000000 00:00 0 
7ff817094000-7ff817192000 rw-p 00000000 00:00 0 
7ff817192000-7ff817198000 r--s 0005f000 08:06 5535713                    /home/jbondia/.gvm/grails/2.4.2/lib/org.springframework/springloaded/jars/springloaded-1.2.0.RELEASE.jar
7ff817198000-7ff8171b9000 r--s 00267000 08:06 4484684                    /root/.m2/repository/org/apache/tomcat/embed/tomcat-embed-core/7.0.53/tomcat-embed-core-7.0.53.jar
7ff8171b9000-7ff8171bb000 r--s 00013000 08:06 4484675                    /root/.m2/repository/org/apache/tomcat/embed/tomcat-embed-logging-log4j/7.0.53/tomcat-embed-logging-log4j-7.0.53.jar
7ff8171bb000-7ff8171c4000 r--s 0009f000 08:06 4484670                    /root/.m2/repository/org/apache/tomcat/embed/tomcat-embed-jasper/7.0.53/tomcat-embed-jasper-7.0.53.jar
7ff8171c4000-7ff8171c6000 r--s 0000e000 08:06 5955551                    /home/jbondia/Diputació-AST/idea_workspace/ocelot/ocelot-bpm-project/Blank_app/target/work/plugins/tomcat-7.0.54/grails-plugin-tomcat-7.0.54.jar
7ff8171c6000-7ff8171c8000 r--s 0000c000 08:06 4484667                    /root/.m2/repository/org/apache/tomcat/tomcat-catalina-ant/7.0.53/tomcat-catalina-ant-7.0.53.jar
7ff8171c8000-7ff8171d8000 r--s 0019c000 08:06 4484683                    /root/.m2/repository/org/eclipse/jdt/core/compiler/ecj/3.7.2/ecj-3.7.2.jar
7ff8171d8000-7ff8171dd000 r--s 0002f000 08:06 4484678                    /root/.m2/repository/org/apache/tomcat/embed/tomcat-embed-websocket/7.0.53/tomcat-embed-websocket-7.0.53.jar
7ff8171dd000-7ff8171e1000 r--s 00027000 08:06 4484672                    /root/.m2/repository/org/apache/tomcat/embed/tomcat-embed-el/7.0.53/tomcat-embed-el-7.0.53.jar
7ff8171e1000-7ff8171e3000 r--s 0001a000 08:06 5535605                    /home/jbondia/.gvm/grails/2.4.2/lib/org.fusesource.jansi/jansi/jars/jansi-1.11.jar
7ff8171e3000-7ff8171f8000 r--s 00116000 08:06 5535477                    /home/jbondia/.gvm/grails/2.4.2/lib/org.apache.ivy/ivy/jars/ivy-2.3.0.jar
7ff8171f8000-7ff817216000 r--s 001bd000 08:06 5535461                    /home/jbondia/.gvm/grails/2.4.2/lib/org.apache.ant/ant/jars/ant-1.8.4.jar
7ff817216000-7ff817219000 ---p 00000000 00:00 0 
7ff817219000-7ff817317000 rw-p 00000000 00:00 0 
7ff817317000-7ff8179fa000 r--p 00000000 08:06 3021278                    /usr/lib/locale/locale-archive
7ff8179fa000-7ff8179fd000 ---p 00000000 00:00 0 
7ff8179fd000-7ff817afb000 rw-p 00000000 00:00 0 
7ff817afb000-7ff817afe000 ---p 00000000 00:00 0 
7ff817afe000-7ff817bfc000 rw-p 00000000 00:00 0 
7ff817bfc000-7ff817bfd000 ---p 00000000 00:00 0 
7ff817bfd000-7ff818000000 rw-p 00000000 00:00 0 
7ff818000000-7ff818021000 rw-p 00000000 00:00 0 
7ff818021000-7ff81c000000 ---p 00000000 00:00 0 
7ff81c000000-7ff81c024000 rw-p 00000000 00:00 0 
7ff81c024000-7ff820000000 ---p 00000000 00:00 0 
7ff820000000-7ff820021000 rw-p 00000000 00:00 0 
7ff820021000-7ff824000000 ---p 00000000 00:00 0 
7ff824000000-7ff824001000 r--s 00001000 08:06 5535639                    /home/jbondia/.gvm/grails/2.4.2/lib/org.slf4j/jul-to-slf4j/jars/jul-to-slf4j-1.7.5.jar
7ff824001000-7ff82400a000 r--s 0006f000 08:06 5535455                    /home/jbondia/.gvm/grails/2.4.2/lib/log4j/log4j/jars/log4j-1.2.17.jar
7ff82400a000-7ff82400d000 r--s 0000d000 08:06 5539551                    /home/jbondia/.gvm/grails/2.4.2/dist/grails-plugin-log4j-2.4.2.jar
7ff82400d000-7ff82400f000 r--s 00013000 08:06 5535513                    /home/jbondia/.gvm/grails/2.4.2/lib/org.apache.tomcat.embed/tomcat-embed-logging-log4j/jars/tomcat-embed-logging-log4j-7.0.50.jar
7ff82400f000-7ff824014000 r--s 00050000 08:06 5535528                    /home/jbondia/.gvm/grails/2.4.2/lib/org.codehaus.gant/gant_groovy1.8/jars/gant_groovy1.8-1.9.6.jar
7ff824014000-7ff824016000 r--s 00003000 08:06 5535634                    /home/jbondia/.gvm/grails/2.4.2/lib/org.slf4j/jcl-over-slf4j/jars/jcl-over-slf4j-1.7.5.jar
7ff824016000-7ff824081000 r--s 00683000 08:06 5535536                    /home/jbondia/.gvm/grails/2.4.2/lib/org.codehaus.groovy/groovy-all/jars/groovy-all-2.3.3.jar
7ff824081000-7ff8240f9000 r--s 010c6000 08:06 3233304                    /usr/lib/jvm/java-8-oracle/lib/tools.jar
7ff8240f9000-7ff825000000 rw-p 00000000 00:00 0 
7ff825000000-7ff825f10000 rwxp 00000000 00:00 0 
7ff825f10000-7ff834000000 ---p 00000000 00:00 0 
7ff834000000-7ff834b79000 rw-p 00000000 00:00 0 
7ff834b79000-7ff838000000 ---p 00000000 00:00 0 
7ff838000000-7ff838001000 r--s 00000000 08:06 5539320                    /home/jbondia/.gvm/grails/2.4.2/dist/grails-logging-2.4.2.jar
7ff838001000-7ff838006000 r--s 00030000 08:06 5539866                    /home/jbondia/.gvm/grails/2.4.2/dist/grails-web-common-2.4.2.jar
7ff838006000-7ff838008000 r--s 00009000 08:06 5539845                    /home/jbondia/.gvm/grails/2.4.2/dist/grails-web-2.4.2.jar
7ff838008000-7ff83800d000 r--s 0002a000 08:06 5534719                    /home/jbondia/.gvm/grails/2.4.2/lib/com.google.code.gson/gson/jars/gson-2.2.4.jar
7ff83800d000-7ff838011000 r--s 00031000 08:06 5535445                    /home/jbondia/.gvm/grails/2.4.2/lib/jline/jline/jars/jline-2.12.jar
7ff838011000-7ff838013000 r--s 00005000 08:06 5535644                    /home/jbondia/.gvm/grails/2.4.2/lib/org.slf4j/slf4j-api/jars/slf4j-api-1.7.5.jar
7ff838013000-7ff838021000 r--s 000db000 08:06 5539215                    /home/jbondia/.gvm/grails/2.4.2/dist/grails-bootstrap-2.4.2.jar
7ff838021000-7ff838575000 rw-p 00000000 00:00 0 
7ff838575000-7ff83874a000 r--s 03c4d000 08:06 3233577                    /usr/lib/jvm/java-8-oracle/jre/lib/rt.jar
7ff83874a000-7ff83a0ca000 rw-p 00000000 00:00 0 
7ff83a0ca000-7ff83a0cb000 ---p 00000000 00:00 0 
7ff83a0cb000-7ff83a1cb000 rw-p 00000000 00:00 0 
7ff83a1cb000-7ff83a1cc000 ---p 00000000 00:00 0 
7ff83a1cc000-7ff83a2cc000 rw-p 00000000 00:00 0 
7ff83a2cc000-7ff83a2cd000 ---p 00000000 00:00 0 
7ff83a2cd000-7ff83a3cd000 rw-p 00000000 00:00 0 
7ff83a3cd000-7ff83a3ce000 ---p 00000000 00:00 0 
7ff83a3ce000-7ff83a4f3000 rw-p 00000000 00:00 0 
7ff83a4f3000-7ff83a5ce000 ---p 00000000 00:00 0 
7ff83a5ce000-7ff83a5f3000 rw-p 00000000 00:00 0 
7ff83a5f3000-7ff83a6ce000 ---p 00000000 00:00 0 
7ff83a6ce000-7ff83a74e000 rw-p 00000000 00:00 0 
7ff83a74e000-7ff83a78c000 rw-p 00000000 00:00 0 
7ff83a78c000-7ff83ab0f000 ---p 00000000 00:00 0 
7ff83ab0f000-7ff83ab2b000 r-xp 00000000 08:06 3233555                    /usr/lib/jvm/java-8-oracle/jre/lib/amd64/libzip.so
7ff83ab2b000-7ff83ad2a000 ---p 0001c000 08:06 3233555                    /usr/lib/jvm/java-8-oracle/jre/lib/amd64/libzip.so
7ff83ad2a000-7ff83ad2b000 rw-p 0001b000 08:06 3233555                    /usr/lib/jvm/java-8-oracle/jre/lib/amd64/libzip.so
7ff83ad2b000-7ff83ad37000 r-xp 00000000 08:06 5252898                    /lib/x86_64-linux-gnu/libnss_files-2.15.so
7ff83ad37000-7ff83af36000 ---p 0000c000 08:06 5252898                    /lib/x86_64-linux-gnu/libnss_files-2.15.so
7ff83af36000-7ff83af37000 r--p 0000b000 08:06 5252898                    /lib/x86_64-linux-gnu/libnss_files-2.15.so
7ff83af37000-7ff83af38000 rw-p 0000c000 08:06 5252898                    /lib/x86_64-linux-gnu/libnss_files-2.15.so
7ff83af38000-7ff83af42000 r-xp 00000000 08:06 5252902                    /lib/x86_64-linux-gnu/libnss_nis-2.15.so
7ff83af42000-7ff83b142000 ---p 0000a000 08:06 5252902                    /lib/x86_64-linux-gnu/libnss_nis-2.15.so
7ff83b142000-7ff83b143000 r--p 0000a000 08:06 5252902                    /lib/x86_64-linux-gnu/libnss_nis-2.15.so
7ff83b143000-7ff83b144000 rw-p 0000b000 08:06 5252902                    /lib/x86_64-linux-gnu/libnss_nis-2.15.so
7ff83b144000-7ff83b15b000 r-xp 00000000 08:06 5252914                    /lib/x86_64-linux-gnu/libnsl-2.15.so
7ff83b15b000-7ff83b35a000 ---p 00017000 08:06 5252914                    /lib/x86_64-linux-gnu/libnsl-2.15.so
7ff83b35a000-7ff83b35b000 r--p 00016000 08:06 5252914                    /lib/x86_64-linux-gnu/libnsl-2.15.so
7ff83b35b000-7ff83b35c000 rw-p 00017000 08:06 5252914                    /lib/x86_64-linux-gnu/libnsl-2.15.so
7ff83b35c000-7ff83b35e000 rw-p 00000000 00:00 0 
7ff83b35e000-7ff83b366000 r-xp 00000000 08:06 5252896                    /lib/x86_64-linux-gnu/libnss_compat-2.15.so
7ff83b366000-7ff83b565000 ---p 00008000 08:06 5252896                    /lib/x86_64-linux-gnu/libnss_compat-2.15.so
7ff83b565000-7ff83b566000 r--p 00007000 08:06 5252896                    /lib/x86_64-linux-gnu/libnss_compat-2.15.so
7ff83b566000-7ff83b567000 rw-p 00008000 08:06 5252896                    /lib/x86_64-linux-gnu/libnss_compat-2.15.so
7ff83b567000-7ff83b571000 r-xp 00000000 08:06 3233456                    /usr/lib/jvm/java-8-oracle/jre/lib/amd64/libinstrument.so
7ff83b571000-7ff83b770000 ---p 0000a000 08:06 3233456                    /usr/lib/jvm/java-8-oracle/jre/lib/amd64/libinstrument.so
7ff83b770000-7ff83b771000 rw-p 00009000 08:06 3233456                    /usr/lib/jvm/java-8-oracle/jre/lib/amd64/libinstrument.so
7ff83b771000-7ff83b79b000 r-xp 00000000 08:06 3233508                    /usr/lib/jvm/java-8-oracle/jre/lib/amd64/libjava.so
7ff83b79b000-7ff83b99b000 ---p 0002a000 08:06 3233508                    /usr/lib/jvm/java-8-oracle/jre/lib/amd64/libjava.so
7ff83b99b000-7ff83b99d000 rw-p 0002a000 08:06 3233508                    /usr/lib/jvm/java-8-oracle/jre/lib/amd64/libjava.so
7ff83b99d000-7ff83b9aa000 r-xp 00000000 08:06 3233551                    /usr/lib/jvm/java-8-oracle/jre/lib/amd64/libverify.so
7ff83b9aa000-7ff83bbaa000 ---p 0000d000 08:06 3233551                    /usr/lib/jvm/java-8-oracle/jre/lib/amd64/libverify.so
7ff83bbaa000-7ff83bbac000 rw-p 0000d000 08:06 3233551                    /usr/lib/jvm/java-8-oracle/jre/lib/amd64/libverify.so
7ff83bbac000-7ff83bbb3000 r-xp 00000000 08:06 5252901                    /lib/x86_64-linux-gnu/librt-2.15.so
7ff83bbb3000-7ff83bdb2000 ---p 00007000 08:06 5252901                    /lib/x86_64-linux-gnu/librt-2.15.so
7ff83bdb2000-7ff83bdb3000 r--p 00006000 08:06 5252901                    /lib/x86_64-linux-gnu/librt-2.15.so
7ff83bdb3000-7ff83bdb4000 rw-p 00007000 08:06 5252901                    /lib/x86_64-linux-gnu/librt-2.15.so
7ff83bdb4000-7ff83beaf000 r-xp 00000000 08:06 5252905                    /lib/x86_64-linux-gnu/libm-2.15.so
7ff83beaf000-7ff83c0ae000 ---p 000fb000 08:06 5252905                    /lib/x86_64-linux-gnu/libm-2.15.so
7ff83c0ae000-7ff83c0af000 r--p 000fa000 08:06 5252905                    /lib/x86_64-linux-gnu/libm-2.15.so
7ff83c0af000-7ff83c0b0000 rw-p 000fb000 08:06 5252905                    /lib/x86_64-linux-gnu/libm-2.15.so
7ff83c0b0000-7ff83ccca000 r-xp 00000000 08:06 3233540                    /usr/lib/jvm/java-8-oracle/jre/lib/amd64/server/libjvm.so
7ff83ccca000-7ff83cec9000 ---p 00c1a000 08:06 3233540                    /usr/lib/jvm/java-8-oracle/jre/lib/amd64/server/libjvm.so
7ff83cec9000-7ff83cf92000 rw-p 00c19000 08:06 3233540                    /usr/lib/jvm/java-8-oracle/jre/lib/amd64/server/libjvm.so
7ff83cf92000-7ff83cfd3000 rw-p 00000000 00:00 0 
7ff83cfd3000-7ff83d188000 r-xp 00000000 08:06 5252894                    /lib/x86_64-linux-gnu/libc-2.15.so
7ff83d188000-7ff83d388000 ---p 001b5000 08:06 5252894                    /lib/x86_64-linux-gnu/libc-2.15.so
7ff83d388000-7ff83d38c000 r--p 001b5000 08:06 5252894                    /lib/x86_64-linux-gnu/libc-2.15.so
7ff83d38c000-7ff83d38e000 rw-p 001b9000 08:06 5252894                    /lib/x86_64-linux-gnu/libc-2.15.so
7ff83d38e000-7ff83d393000 rw-p 00000000 00:00 0 
7ff83d393000-7ff83d395000 r-xp 00000000 08:06 5252909                    /lib/x86_64-linux-gnu/libdl-2.15.so
7ff83d395000-7ff83d595000 ---p 00002000 08:06 5252909                    /lib/x86_64-linux-gnu/libdl-2.15.so
7ff83d595000-7ff83d596000 r--p 00002000 08:06 5252909                    /lib/x86_64-linux-gnu/libdl-2.15.so
7ff83d596000-7ff83d597000 rw-p 00003000 08:06 5252909                    /lib/x86_64-linux-gnu/libdl-2.15.so
7ff83d597000-7ff83d5ae000 r-xp 00000000 08:06 3231246                    /usr/lib/jvm/java-8-oracle/lib/amd64/jli/libjli.so
7ff83d5ae000-7ff83d7ad000 ---p 00017000 08:06 3231246                    /usr/lib/jvm/java-8-oracle/lib/amd64/jli/libjli.so
7ff83d7ad000-7ff83d7ae000 rw-p 00016000 08:06 3231246                    /usr/lib/jvm/java-8-oracle/lib/amd64/jli/libjli.so
7ff83d7ae000-7ff83d7c6000 r-xp 00000000 08:06 5252903                    /lib/x86_64-linux-gnu/libpthread-2.15.so
7ff83d7c6000-7ff83d9c5000 ---p 00018000 08:06 5252903                    /lib/x86_64-linux-gnu/libpthread-2.15.so
7ff83d9c5000-7ff83d9c6000 r--p 00017000 08:06 5252903                    /lib/x86_64-linux-gnu/libpthread-2.15.so
7ff83d9c6000-7ff83d9c7000 rw-p 00018000 08:06 5252903                    /lib/x86_64-linux-gnu/libpthread-2.15.so
7ff83d9c7000-7ff83d9cb000 rw-p 00000000 00:00 0 
7ff83d9cb000-7ff83d9ed000 r-xp 00000000 08:06 5252906                    /lib/x86_64-linux-gnu/ld-2.15.so
7ff83d9ed000-7ff83d9f0000 r--s 00038000 08:06 5539593                    /home/jbondia/.gvm/grails/2.4.2/dist/grails-plugin-rest-2.4.2.jar
7ff83d9f0000-7ff83d9f5000 r--s 00092000 08:06 3233579                    /usr/lib/jvm/java-8-oracle/jre/lib/jsse.jar
7ff83d9f5000-7ff83d9f8000 r--s 00018000 08:06 5535463                    /home/jbondia/.gvm/grails/2.4.2/lib/org.apache.ant/ant-junit/jars/ant-junit-1.8.4.jar
7ff83d9f8000-7ff83dac9000 rw-p 00000000 00:00 0 
7ff83dac9000-7ff83dacc000 ---p 00000000 00:00 0 
7ff83dacc000-7ff83dbce000 rw-p 00000000 00:00 0 
7ff83dbce000-7ff83dbd0000 r--s 00001000 08:06 3233440                    /usr/lib/jvm/java-8-oracle/jre/lib/ext/dnsns.jar
7ff83dbd0000-7ff83dbd1000 r--s 00001000 08:06 5535467                    /home/jbondia/.gvm/grails/2.4.2/lib/org.apache.ant/ant-trax/jars/ant-trax-1.7.1.jar
7ff83dbd1000-7ff83dbd2000 r--s 00004000 08:06 5535465                    /home/jbondia/.gvm/grails/2.4.2/lib/org.apache.ant/ant-launcher/jars/ant-launcher-1.8.4.jar
7ff83dbd2000-7ff83dbe1000 rw-p 00000000 00:00 0 
7ff83dbe1000-7ff83dbe9000 rw-s 00000000 08:06 4587996                    /tmp/hsperfdata_root/5624
7ff83dbe9000-7ff83dbea000 rw-p 00000000 00:00 0 
7ff83dbea000-7ff83dbeb000 r--p 00000000 00:00 0 
7ff83dbeb000-7ff83dbed000 rw-p 00000000 00:00 0 
7ff83dbed000-7ff83dbee000 r--p 00022000 08:06 5252906                    /lib/x86_64-linux-gnu/ld-2.15.so
7ff83dbee000-7ff83dbf0000 rw-p 00023000 08:06 5252906                    /lib/x86_64-linux-gnu/ld-2.15.so
7fff9aea3000-7fff9aec5000 rw-p 00000000 00:00 0                          [stack]
7fff9aff6000-7fff9aff7000 r-xp 00000000 00:00 0                          [vdso]
ffffffffff600000-ffffffffff601000 r-xp 00000000 00:00 0                  [vsyscall]

VM Arguments:
jvm_args: -Dfile.encoding=UTF-8 -Xmx768M -Xms64M -Dgrails.fork.parent.process.port=60145 -Dgrails.fork.active=true -Dgrails.build.execution.context=/tmp/Blank_app219888011591449485grails-execution-context -Dgrails.home=/home/jbondia/.gvm/grails/2.4.2 -javaagent:/home/jbondia/.gvm/grails/2.4.2/lib/org.springframework/springloaded/jars/springloaded-1.2.0.RELEASE.jar -Xverify:none -Dspringloaded.synchronize=true -Djdk.reflect.allowGetCallerClass=true -Dspringloaded=profile=grails;cacheDir=/root/.grails/2.4.2 
java_command: org.grails.plugins.tomcat.fork.ForkedTomcatServer
java_class_path (initial): /usr/lib/jvm/java-8-oracle/lib/tools.jar:/home/jbondia/.gvm/grails/2.4.2/lib/org.codehaus.groovy/groovy-all/jars/groovy-all-2.3.3.jar:/home/jbondia/.gvm/grails/2.4.2/lib/org.slf4j/jcl-over-slf4j/jars/jcl-over-slf4j-1.7.5.jar:/home/jbondia/.gvm/grails/2.4.2/lib/org.codehaus.gant/gant_groovy1.8/jars/gant_groovy1.8-1.9.6.jar:/home/jbondia/.gvm/grails/2.4.2/lib/org.apache.tomcat.embed/tomcat-embed-logging-log4j/jars/tomcat-embed-logging-log4j-7.0.50.jar:/home/jbondia/.gvm/grails/2.4.2/dist/grails-plugin-log4j-2.4.2.jar:/home/jbondia/.gvm/grails/2.4.2/lib/log4j/log4j/jars/log4j-1.2.17.jar:/home/jbondia/.gvm/grails/2.4.2/dist/grails-bootstrap-2.4.2.jar:/home/jbondia/.gvm/grails/2.4.2/lib/org.slf4j/slf4j-api/jars/slf4j-api-1.7.5.jar:/home/jbondia/.gvm/grails/2.4.2/lib/jline/jline/jars/jline-2.12.jar:/home/jbondia/.gvm/grails/2.4.2/lib/org.apache.ant/ant/jars/ant-1.8.4.jar:/home/jbondia/.gvm/grails/2.4.2/lib/org.apache.ant/ant-launcher/jars/ant-launcher-1.8.4.jar:/home/jbondia/.gvm/grails/2.4.2/lib/org.apache.ant/ant-trax/jars/ant-trax-1.7.1.jar:/home/jbondia/.gvm/grails/2.4.2/lib/org.apache.ant/ant-junit/jars/ant-junit-1.8.4.jar:/home/jbondia/.gvm/grails/2.4.2/lib/org.apache.ivy/ivy/jars/ivy-2.3.0.jar:/home/jbondia/.gvm/grails/2.4.2/lib/org.fusesource.jansi/jansi/jars/jansi-1.11.jar:/root/.m2/repository/org/apache/tomcat/embed/tomcat-embed-el/7.0.53/tomcat-embed-el-7.0.53.jar:/root/.m2/repository/org/apache/tomcat/embed/tomcat-embed-websocket/7.0.53/tomcat-embed-websocket-7.0.53.jar:/root/.m2/repository/org/eclipse/jdt/core/compiler/ecj/3.7.2/ecj-3.7.2.jar:/root/.m2/repository/org/apache/tomcat/tomcat-catalina-ant/7.0.53/tomcat-catalina-ant-7.0.53.jar:/home/jbondia/Diputació-AST/idea_workspace/ocelot/ocelot-bpm-project/Blank_app/target/work/plugins/tomcat-7.0.54/grails-plugin-tomcat-7.0.54.jar:/root/.m2/repository/org/apache/tomcat/embed/tomcat-embed-jasper/7.0.53/tomcat-embed-jasper-7.0.53.jar:/root/.m2/repository/org/apache/tomcat/embed/tomc
Launcher Type: SUN_STANDARD

Environment Variables:
JAVA_HOME=/usr/lib/jvm/java-8-oracle
CLASSPATH=./../lib/bootstrap.jar:./../lib/extensions.jar:./../lib/util.jar:./../lib/jdom.jar:./../lib/log4j.jar:./../lib/trove4j.jar:./../lib/jna.jar:/usr/lib/jvm/java-8-oracle/lib/tools.jar
PATH=/usr/local/sbin:/usr/local/bin:/usr/sbin:/usr/bin:/sbin:/bin
USERNAME=root
LD_LIBRARY_PATH=.:
SHELL=/bin/bash
DISPLAY=:0

Signal Handlers:
SIGSEGV: [libjvm.so+0xa2fc90], sa_mask[0]=0x7ffbfeff, sa_flags=0x10000004
SIGBUS: [libjvm.so+0xa2fc90], sa_mask[0]=0x7ffbfeff, sa_flags=0x10000004
SIGFPE: [libjvm.so+0x89b4b0], sa_mask[0]=0x7ffbfeff, sa_flags=0x10000004
SIGPIPE: [libjvm.so+0x89b4b0], sa_mask[0]=0x7ffbfeff, sa_flags=0x10000004
SIGXFSZ: [libjvm.so+0x89b4b0], sa_mask[0]=0x7ffbfeff, sa_flags=0x10000004
SIGILL: [libjvm.so+0x89b4b0], sa_mask[0]=0x7ffbfeff, sa_flags=0x10000004
SIGUSR1: SIG_DFL, sa_mask[0]=0x00000000, sa_flags=0x00000000
SIGUSR2: [libjvm.so+0x89cc50], sa_mask[0]=0x00000004, sa_flags=0x10000004
SIGHUP: [libjvm.so+0x89df00], sa_mask[0]=0x7ffbfeff, sa_flags=0x10000004
SIGINT: [libjvm.so+0x89df00], sa_mask[0]=0x7ffbfeff, sa_flags=0x10000004
SIGTERM: [libjvm.so+0x89df00], sa_mask[0]=0x7ffbfeff, sa_flags=0x10000004
SIGQUIT: [libjvm.so+0x89df00], sa_mask[0]=0x7ffbfeff, sa_flags=0x10000004


---------------  S Y S T E M  ---------------

OS:DISTRIB_ID=Ubuntu
DISTRIB_RELEASE=12.04
DISTRIB_CODENAME=precise
DISTRIB_DESCRIPTION="Ubuntu 12.04.4 LTS"

uname:Linux 3.2.0-65-generic #99-Ubuntu SMP Fri Jul 4 21:03:29 UTC 2014 x86_64
libc:glibc 2.15 NPTL 2.15 
rlimit: STACK 8192k, CORE 0k, NPROC 30326, NOFILE 4096, AS infinity
load average:5.47 4.01 3.17

/proc/meminfo:
MemTotal:        3899392 kB
MemFree:          222928 kB
Buffers:            9704 kB
Cached:           438952 kB
SwapCached:       155440 kB
Active:          2551800 kB
Inactive:         823688 kB
Active(anon):    2408232 kB
Inactive(anon):   727124 kB
Active(file):     143568 kB
Inactive(file):    96564 kB
Unevictable:          16 kB
Mlocked:              16 kB
SwapTotal:       1951740 kB
SwapFree:        1384940 kB
Dirty:              2172 kB
Writeback:             0 kB
AnonPages:       2854160 kB
Mapped:           121652 kB
Shmem:            208324 kB
Slab:             178096 kB
SReclaimable:     139904 kB
SUnreclaim:        38192 kB
KernelStack:        5872 kB
PageTables:        44048 kB
NFS_Unstable:          0 kB
Bounce:                0 kB
WritebackTmp:          0 kB
CommitLimit:     3901436 kB
Committed_AS:    7415308 kB
VmallocTotal:   34359738367 kB
VmallocUsed:      600712 kB
VmallocChunk:   34359132636 kB
HardwareCorrupted:     0 kB
AnonHugePages:         0 kB
HugePages_Total:       0
HugePages_Free:        0
HugePages_Rsvd:        0
HugePages_Surp:        0
Hugepagesize:       2048 kB
DirectMap4k:       59392 kB
DirectMap2M:     3985408 kB


CPU:total 4 (2 cores per cpu, 2 threads per core) family 6 model 42 stepping 7, cmov, cx8, fxsr, mmx, sse, sse2, sse3, ssse3, sse4.1, sse4.2, popcnt, avx, clmul, ht, tsc, tscinvbit

/proc/cpuinfo:
processor	: 0
vendor_id	: GenuineIntel
cpu family	: 6
model		: 42
model name	: Intel(R) Core(TM) i5-2410M CPU @ 2.30GHz
stepping	: 7
microcode	: 0x14
cpu MHz		: 1400.000
cache size	: 3072 KB
physical id	: 0
siblings	: 4
core id		: 0
cpu cores	: 2
apicid		: 0
initial apicid	: 0
fpu		: yes
fpu_exception	: yes
cpuid level	: 13
wp		: yes
flags		: fpu vme de pse tsc msr pae mce cx8 apic sep mtrr pge mca cmov pat pse36 clflush dts acpi mmx fxsr sse sse2 ss ht tm pbe syscall nx rdtscp lm constant_tsc arch_perfmon pebs bts rep_good nopl xtopology nonstop_tsc aperfmperf pni pclmulqdq dtes64 monitor ds_cpl vmx est tm2 ssse3 cx16 xtpr pdcm pcid sse4_1 sse4_2 x2apic popcnt tsc_deadline_timer xsave avx lahf_lm ida arat epb xsaveopt pln pts dtherm tpr_shadow vnmi flexpriority ept vpid
bogomips	: 4589.71
clflush size	: 64
cache_alignment	: 64
address sizes	: 36 bits physical, 48 bits virtual
power management:

processor	: 1
vendor_id	: GenuineIntel
cpu family	: 6
model		: 42
model name	: Intel(R) Core(TM) i5-2410M CPU @ 2.30GHz
stepping	: 7
microcode	: 0x14
cpu MHz		: 1400.000
cache size	: 3072 KB
physical id	: 0
siblings	: 4
core id		: 0
cpu cores	: 2
apicid		: 1
initial apicid	: 1
fpu		: yes
fpu_exception	: yes
cpuid level	: 13
wp		: yes
flags		: fpu vme de pse tsc msr pae mce cx8 apic sep mtrr pge mca cmov pat pse36 clflush dts acpi mmx fxsr sse sse2 ss ht tm pbe syscall nx rdtscp lm constant_tsc arch_perfmon pebs bts rep_good nopl xtopology nonstop_tsc aperfmperf pni pclmulqdq dtes64 monitor ds_cpl vmx est tm2 ssse3 cx16 xtpr pdcm pcid sse4_1 sse4_2 x2apic popcnt tsc_deadline_timer xsave avx lahf_lm ida arat epb xsaveopt pln pts dtherm tpr_shadow vnmi flexpriority ept vpid
bogomips	: 4589.36
clflush size	: 64
cache_alignment	: 64
address sizes	: 36 bits physical, 48 bits virtual
power management:

processor	: 2
vendor_id	: GenuineIntel
cpu family	: 6
model		: 42
model name	: Intel(R) Core(TM) i5-2410M CPU @ 2.30GHz
stepping	: 7
microcode	: 0x14
cpu MHz		: 1400.000
cache size	: 3072 KB
physical id	: 0
siblings	: 4
core id		: 1
cpu cores	: 2
apicid		: 2
initial apicid	: 2
fpu		: yes
fpu_exception	: yes
cpuid level	: 13
wp		: yes
flags		: fpu vme de pse tsc msr pae mce cx8 apic sep mtrr pge mca cmov pat pse36 clflush dts acpi mmx fxsr sse sse2 ss ht tm pbe syscall nx rdtscp lm constant_tsc arch_perfmon pebs bts rep_good nopl xtopology nonstop_tsc aperfmperf pni pclmulqdq dtes64 monitor ds_cpl vmx est tm2 ssse3 cx16 xtpr pdcm pcid sse4_1 sse4_2 x2apic popcnt tsc_deadline_timer xsave avx lahf_lm ida arat epb xsaveopt pln pts dtherm tpr_shadow vnmi flexpriority ept vpid
bogomips	: 4589.37
clflush size	: 64
cache_alignment	: 64
address sizes	: 36 bits physical, 48 bits virtual
power management:

processor	: 3
vendor_id	: GenuineIntel
cpu family	: 6
model		: 42
model name	: Intel(R) Core(TM) i5-2410M CPU @ 2.30GHz
stepping	: 7
microcode	: 0x14
cpu MHz		: 1400.000
cache size	: 3072 KB
physical id	: 0
siblings	: 4
core id		: 1
cpu cores	: 2
apicid		: 3
initial apicid	: 3
fpu		: yes
fpu_exception	: yes
cpuid level	: 13
wp		: yes
flags		: fpu vme de pse tsc msr pae mce cx8 apic sep mtrr pge mca cmov pat pse36 clflush dts acpi mmx fxsr sse sse2 ss ht tm pbe syscall nx rdtscp lm constant_tsc arch_perfmon pebs bts rep_good nopl xtopology nonstop_tsc aperfmperf pni pclmulqdq dtes64 monitor ds_cpl vmx est tm2 ssse3 cx16 xtpr pdcm pcid sse4_1 sse4_2 x2apic popcnt tsc_deadline_timer xsave avx lahf_lm ida arat epb xsaveopt pln pts dtherm tpr_shadow vnmi flexpriority ept vpid
bogomips	: 4589.37
clflush size	: 64
cache_alignment	: 64
address sizes	: 36 bits physical, 48 bits virtual
power management:



Memory: 4k page, physical 3899392k(222928k free), swap 1951740k(1384940k free)

vm_info: Java HotSpot(TM) 64-Bit Server VM (25.5-b02) for linux-amd64 JRE (1.8.0_05-b13), built on Mar 18 2014 00:29:27 by "java_re" with gcc 4.3.0 20080428 (Red Hat 4.3.0-8)

time: Wed Jul  9 10:21:22 2014
elapsed time: 45 seconds

