#
# A fatal error has been detected by the Java Runtime Environment:
#
#  SIGSEGV (0xb) at pc=0x00007f2b91a57b2c, pid=5701, tid=139824681223936
#
# JRE version: Java(TM) SE Runtime Environment (8.0_05-b13) (build 1.8.0_05-b13)
# Java VM: Java HotSpot(TM) 64-Bit Server VM (25.5-b02 mixed mode linux-amd64 compressed oops)
# Problematic frame:
# V  [libjvm.so+0x304b2c]  OopFlow::build_oop_map(Node*, int, PhaseRegAlloc*, int*)+0x14c
#
# Failed to write core dump. Core dumps have been disabled. To enable core dumping, try "ulimit -c unlimited" before starting Java again
#
# If you would like to submit a bug report, please visit:
#   http://bugreport.sun.com/bugreport/crash.jsp
#

---------------  T H R E A D  ---------------

Current thread (0x00007f2b8c258800):  JavaThread "C2 CompilerThread1" daemon [_thread_in_native, id=5714, stack(0x00007f2b78648000,0x00007f2b78749000)]

siginfo:si_signo=SIGSEGV: si_errno=0, si_code=1 (SEGV_MAPERR), si_addr=0x0000000000000000

Registers:
RAX=0x00007f2b4cbf0c48, RBX=0x0000000000000000, RCX=0x0000000000000008, RDX=0x00007f2b4cbf1320
RSP=0x00007f2b78744560, RBP=0x00007f2b787445e0, RSI=0x00000000000000db, RDI=0x00007f2b4cbf1350
R8 =0x00007f2b4d87f030, R9 =0x0000000000000013, R10=0x00007f2b78745f40, R11=0x00007f2b927fa610
R12=0x00000000000000c0, R13=0x0000000000000180, R14=0x00000000000000b8, R15=0x00007f2b50248db8
RIP=0x00007f2b91a57b2c, EFLAGS=0x0000000000010246, CSGSFS=0x0000000000000033, ERR=0x0000000000000004
  TRAPNO=0x000000000000000e

Top of Stack: (sp=0x00007f2b78744560)
0x00007f2b78744560:   00007f2b4d87e850 0000000000000400
0x00007f2b78744570:   00007f2b4d87f030 00007f2b78745e10
0x00007f2b78744580:   000000da4d87a950 00007f2b50248db8
0x00007f2b78744590:   00007f2b4cbf1320 0000001c91c60a56
0x00007f2b787445a0:   00007f2b4cbf1350 00007f2b4ca99f40
0x00007f2b787445b0:   0000000800000040 00007f2b50248db8
0x00007f2b787445c0:   00007f2b4cbf1320 0000000000000012
0x00007f2b787445d0:   0000000000000013 0000000000000013
0x00007f2b787445e0:   00007f2b78744650 00007f2b91a5810a
0x00007f2b787445f0:   00007f2b78744650 00007f2b0000ffff
0x00007f2b78744600:   00007f2b00000004 00007f2b4d87a950
0x00007f2b78744610:   000000da78744650 00007f2b78745e10
0x00007f2b78744620:   0000000950248850 0000000000000000
0x00007f2b78744630:   00007f2b4d53ddd0 0000000000000000
0x00007f2b78744640:   00007f2b4cbedda0 00007f2b4d53d7a0
0x00007f2b78744650:   00007f2b78744790 00007f2b91a5929d
0x00007f2b78744660:   00007f2b787446a0 00007f2b5074b310
0x00007f2b78744670:   00007f2b78744730 0000000000000018
0x00007f2b78744680:   000000000000001c 000000070f000000
0x00007f2b78744690:   0000000100000004 00007f2b78744758
0x00007f2b787446a0:   00007f2b78744750 00007f2b78744730
0x00007f2b787446b0:   00007f2b78744730 00007f2b78744730
0x00007f2b787446c0:   00007f2b78746c80 0000000000000007
0x00007f2b787446d0:   00007f2b78745f40 00000007000000da
0x00007f2b787446e0:   00007f2b4d87a950 00007f2b8c259380
0x00007f2b787446f0:   00000000000000da ffffffff4d8774d0
0x00007f2b78744700:   00007f2b4d53d650 00007f2b50248850
0x00007f2b78744710:   00007f2b4d87aa80 0000000000000020
0x00007f2b78744720:   ffffffffffffffdf 00007f2b78745e10
0x00007f2b78744730:   00007f2b00000080 00007f2b8c259380
0x00007f2b78744740:   00007f2b4d87d010 00007f2b00000004
0x00007f2b78744750:   0000000000000014 0000000000000000 

Instructions: (pc=0x00007f2b91a57b2c)
0x00007f2b91a57b0c:   44 39 e2 0f 8e bb 00 00 00 48 8b 05 fc 90 ba 00
0x00007f2b91a57b1c:   4e 8b 34 a8 48 8b 55 b0 48 8b 42 08 4a 8b 1c a8
0x00007f2b91a57b2c:   48 8b 03 48 89 df ff 50 28 8b 48 10 48 89 c6 48
0x00007f2b91a57b3c:   8b 15 de a9 ba 00 48 63 c1 48 8d 44 00 01 48 c1 

Register to memory mapping:

RAX=0x00007f2b4cbf0c48 is an unknown value
RBX=0x0000000000000000 is an unknown value
RCX=0x0000000000000008 is an unknown value
RDX=0x00007f2b4cbf1320 is an unknown value
RSP=0x00007f2b78744560 is pointing into the stack for thread: 0x00007f2b8c258800
RBP=0x00007f2b787445e0 is pointing into the stack for thread: 0x00007f2b8c258800
RSI=0x00000000000000db is an unknown value
RDI=0x00007f2b4cbf1350 is an unknown value
R8 =0x00007f2b4d87f030 is an unknown value
R9 =0x0000000000000013 is an unknown value
R10=0x00007f2b78745f40 is pointing into the stack for thread: 0x00007f2b8c258800
R11=0x00007f2b927fa610: <offset 0x184610> in /lib/x86_64-linux-gnu/libc.so.6 at 0x00007f2b92676000
R12=0x00000000000000c0 is an unknown value
R13=0x0000000000000180 is an unknown value
R14=0x00000000000000b8 is an unknown value
R15=0x00007f2b50248db8 is an unknown value


Stack: [0x00007f2b78648000,0x00007f2b78749000],  sp=0x00007f2b78744560,  free space=1009k
Native frames: (J=compiled Java code, j=interpreted, Vv=VM code, C=native code)
V  [libjvm.so+0x304b2c]  OopFlow::build_oop_map(Node*, int, PhaseRegAlloc*, int*)+0x14c
V  [libjvm.so+0x30510a]  OopFlow::compute_reach(PhaseRegAlloc*, int, Dict*)+0x22a
V  [libjvm.so+0x30629d]  Compile::BuildOopMaps()+0xffd
V  [libjvm.so+0x8b4b8d]  Compile::Output()+0x6dd
V  [libjvm.so+0x45e05a]  Compile::Code_Gen()+0x30a
V  [libjvm.so+0x4612c5]  Compile::Compile(ciEnv*, C2Compiler*, ciMethod*, int, bool, bool, bool)+0x1435
V  [libjvm.so+0x3b5008]  C2Compiler::compile_method(ciEnv*, ciMethod*, int)+0x198
V  [libjvm.so+0x46982a]  CompileBroker::invoke_compiler_on_method(CompileTask*)+0xc8a
V  [libjvm.so+0x46c230]  CompileBroker::compiler_thread_loop()+0x620
V  [libjvm.so+0x9e303f]  JavaThread::thread_main_inner()+0xdf
V  [libjvm.so+0x9e3205]  JavaThread::run()+0x1b5
V  [libjvm.so+0x8a00c8]  java_start(Thread*)+0x108


Current CompileTask:
C2:  48925 5435       4       groovy.lang.MetaClassImpl::findPropertyMethod (356 bytes)


---------------  P R O C E S S  ---------------

Java Threads: ( => current thread )
  0x00007f2b2cae0000 JavaThread "net.sf.ehcache.CacheManager@1f26186c" daemon [_thread_blocked, id=5754, stack(0x00007f2b40b4d000,0x00007f2b40c4e000)]
  0x00007f2b2c7dc000 JavaThread "PoolCleaner[1977367513:1404807494737]" daemon [_thread_blocked, id=5751, stack(0x00007f2b4124e000,0x00007f2b4134f000)]
  0x00007f2b2c0d0000 JavaThread "FileSystemWatcher: files=#187 cl=groovy.lang.GroovyClassLoader@75dc3bd9" daemon [_thread_blocked, id=5748, stack(0x00007f2b4234f000,0x00007f2b42450000)]
  0x00007f2b2c088000 JavaThread "Thread-4" daemon [_thread_in_native, id=5747, stack(0x00007f2b42463000,0x00007f2b42564000)]
  0x00007f2b28001800 JavaThread "localhost-startStop-1" daemon [_thread_in_vm, id=5746, stack(0x00007f2b42764000,0x00007f2b42865000)]
  0x00007f2b8cb98800 JavaThread "Tomcat-startStop-1" daemon [_thread_blocked, id=5745, stack(0x00007f2b42865000,0x00007f2b42966000)]
  0x00007f2b8cb4b800 JavaThread "Thread-3" [_thread_in_native, id=5744, stack(0x00007f2b43196000,0x00007f2b43297000)]
  0x00007f2b8c910000 JavaThread "Thread-2" [_thread_blocked, id=5742, stack(0x00007f2b436d7000,0x00007f2b437d8000)]
  0x00007f2b8c463800 JavaThread "NonBlockingInputStreamThread" daemon [_thread_blocked, id=5730, stack(0x00007f2b78006000,0x00007f2b78107000)]
  0x00007f2b8c453800 JavaThread "process reaper" daemon [_thread_blocked, id=5719, stack(0x00007f2b78307000,0x00007f2b78340000)]
  0x00007f2b8c2a2000 JavaThread "Service Thread" daemon [_thread_blocked, id=5716, stack(0x00007f2b78446000,0x00007f2b78547000)]
  0x00007f2b8c269000 JavaThread "C1 CompilerThread2" daemon [_thread_blocked, id=5715, stack(0x00007f2b78547000,0x00007f2b78648000)]
=>0x00007f2b8c258800 JavaThread "C2 CompilerThread1" daemon [_thread_in_native, id=5714, stack(0x00007f2b78648000,0x00007f2b78749000)]
  0x00007f2b8c257800 JavaThread "C2 CompilerThread0" daemon [_thread_in_native, id=5713, stack(0x00007f2b78749000,0x00007f2b7884a000)]
  0x00007f2b8c173000 JavaThread "Signal Dispatcher" daemon [_thread_blocked, id=5712, stack(0x00007f2b78920000,0x00007f2b78a21000)]
  0x00007f2b8c146000 JavaThread "Finalizer" daemon [_thread_blocked, id=5711, stack(0x00007f2b79104000,0x00007f2b79205000)]
  0x00007f2b8c141800 JavaThread "Reference Handler" daemon [_thread_blocked, id=5710, stack(0x00007f2b79205000,0x00007f2b79306000)]
  0x00007f2b8c00c800 JavaThread "main" [_thread_blocked, id=5703, stack(0x00007f2b9316c000,0x00007f2b9326d000)]

Other Threads:
  0x00007f2b8c13c800 VMThread [stack: 0x00007f2b79306000,0x00007f2b79407000] [id=5709]
  0x00007f2b8c2a4800 WatcherThread [stack: 0x00007f2b78345000,0x00007f2b78446000] [id=5717]

VM state:not at safepoint (normal execution)

VM Mutex/Monitor currently owned by a thread: None

Heap:
 PSYoungGen      total 236032K, used 210391K [0x00000000f0000000, 0x0000000100000000, 0x0000000100000000)
  eden space 209920K, 87% used [0x00000000f0000000,0x00000000fb3f9a80,0x00000000fcd00000)
  from space 26112K, 99% used [0x00000000fcd00000,0x00000000fe67c2a8,0x00000000fe680000)
  to   space 26112K, 0% used [0x00000000fe680000,0x00000000fe680000,0x0000000100000000)
 ParOldGen       total 87040K, used 73393K [0x00000000d0000000, 0x00000000d5500000, 0x00000000f0000000)
  object space 87040K, 84% used [0x00000000d0000000,0x00000000d47ac750,0x00000000d5500000)
 Metaspace       used 60350K, capacity 62448K, committed 62716K, reserved 1103872K
  class space    used 6872K, capacity 7591K, committed 7680K, reserved 1048576K

Card table byte_map: [0x00007f2b90031000,0x00007f2b901b2000] byte_map_base: 0x00007f2b8f9b1000

Marking Bits: (ParMarkBitMap*) 0x00007f2b9264bcc0
 Begin Bits: [0x00007f2b7af3c000, 0x00007f2b7bb3c000)
 End Bits:   [0x00007f2b7bb3c000, 0x00007f2b7c73c000)

Polling page: 0x00007f2b9328d000

CodeCache: size=245760Kb used=17112Kb max_used=17770Kb free=228647Kb
 bounds [0x00007f2b7d000000, 0x00007f2b7e180000, 0x00007f2b8c000000]
 total_blobs=5509 nmethods=4765 adapters=655
 compilation: enabled

Compilation events (10 events):
Event: 48.837 Thread 0x00007f2b8c258800 nmethod 5433 0x00007f2b7dc906d0 code [0x00007f2b7dc90c20, 0x00007f2b7dc94d18]
Event: 48.837 Thread 0x00007f2b8c258800 5435       4       groovy.lang.MetaClassImpl::findPropertyMethod (356 bytes)
Event: 48.869 Thread 0x00007f2b8c269000 5525       2       org.codehaus.groovy.reflection.ParameterTypes::isValidMethod (79 bytes)
Event: 48.871 Thread 0x00007f2b8c269000 nmethod 5525 0x00007f2b7da08d50 code [0x00007f2b7da08ee0, 0x00007f2b7da09188]
Event: 48.873 Thread 0x00007f2b8c269000 5526       2       org.grails.datastore.gorm.AbstractGormApi$_initializeMethods_closure1::$getCallSiteArray (40 bytes)
Event: 48.874 Thread 0x00007f2b8c269000 nmethod 5526 0x00007f2b7da08650 code [0x00007f2b7da087e0, 0x00007f2b7da08ba8]
Event: 48.874 Thread 0x00007f2b8c269000 5527       2       org.grails.datastore.gorm.AbstractGormApi$_initializeMethods_closure1::doCall (317 bytes)
Event: 48.878 Thread 0x00007f2b8c269000 nmethod 5527 0x00007f2b7d68c490 code [0x00007f2b7d68c740, 0x00007f2b7d68cf18]
Event: 48.878 Thread 0x00007f2b8c269000 5528   !   2       java_lang_reflect_Member$getModifiers::call (34 bytes)
Event: 48.879 Thread 0x00007f2b8c269000 nmethod 5528 0x00007f2b7d27e9d0 code [0x00007f2b7d27eb80, 0x00007f2b7d27ee38]

GC Heap History (10 events):
Event: 37.015 GC heap before
{Heap before GC invocations=63 (full 5):
 PSYoungGen      total 224256K, used 211633K [0x00000000f0000000, 0x00000000ff480000, 0x0000000100000000)
  eden space 206848K, 100% used [0x00000000f0000000,0x00000000fca00000,0x00000000fca00000)
  from space 17408K, 27% used [0x00000000fca00000,0x00000000fceac460,0x00000000fdb00000)
  to   space 16384K, 0% used [0x00000000fe480000,0x00000000fe480000,0x00000000ff480000)
 ParOldGen       total 72192K, used 60012K [0x00000000d0000000, 0x00000000d4680000, 0x00000000f0000000)
  object space 72192K, 83% used [0x00000000d0000000,0x00000000d3a9b070,0x00000000d4680000)
 Metaspace       used 52232K, capacity 53458K, committed 53756K, reserved 1097728K
  class space    used 5911K, capacity 6301K, committed 6400K, reserved 1048576K
Event: 37.041 GC heap after
Heap after GC invocations=63 (full 5):
 PSYoungGen      total 233984K, used 8875K [0x00000000f0000000, 0x00000000ff480000, 0x0000000100000000)
  eden space 217600K, 0% used [0x00000000f0000000,0x00000000f0000000,0x00000000fd480000)
  from space 16384K, 54% used [0x00000000fe480000,0x00000000fed2ae60,0x00000000ff480000)
  to   space 16384K, 0% used [0x00000000fd480000,0x00000000fd480000,0x00000000fe480000)
 ParOldGen       total 72192K, used 60020K [0x00000000d0000000, 0x00000000d4680000, 0x00000000f0000000)
  object space 72192K, 83% used [0x00000000d0000000,0x00000000d3a9d070,0x00000000d4680000)
 Metaspace       used 52232K, capacity 53458K, committed 53756K, reserved 1097728K
  class space    used 5911K, capacity 6301K, committed 6400K, reserved 1048576K
}
Event: 39.627 GC heap before
{Heap before GC invocations=64 (full 5):
 PSYoungGen      total 233984K, used 226475K [0x00000000f0000000, 0x00000000ff480000, 0x0000000100000000)
  eden space 217600K, 100% used [0x00000000f0000000,0x00000000fd480000,0x00000000fd480000)
  from space 16384K, 54% used [0x00000000fe480000,0x00000000fed2ae60,0x00000000ff480000)
  to   space 16384K, 0% used [0x00000000fd480000,0x00000000fd480000,0x00000000fe480000)
 ParOldGen       total 72192K, used 60020K [0x00000000d0000000, 0x00000000d4680000, 0x00000000f0000000)
  object space 72192K, 83% used [0x00000000d0000000,0x00000000d3a9d070,0x00000000d4680000)
 Metaspace       used 53791K, capacity 55048K, committed 55420K, reserved 1097728K
  class space    used 6069K, capacity 6479K, committed 6528K, reserved 1048576K
Event: 39.680 GC heap after
Heap after GC invocations=64 (full 5):
 PSYoungGen      total 233984K, used 16357K [0x00000000f0000000, 0x0000000100000000, 0x0000000100000000)
  eden space 217600K, 0% used [0x00000000f0000000,0x00000000f0000000,0x00000000fd480000)
  from space 16384K, 99% used [0x00000000fd480000,0x00000000fe479748,0x00000000fe480000)
  to   space 19456K, 0% used [0x00000000fed00000,0x00000000fed00000,0x0000000100000000)
 ParOldGen       total 72192K, used 61419K [0x00000000d0000000, 0x00000000d4680000, 0x00000000f0000000)
  object space 72192K, 85% used [0x00000000d0000000,0x00000000d3bfae50,0x00000000d4680000)
 Metaspace       used 53791K, capacity 55048K, committed 55420K, reserved 1097728K
  class space    used 6069K, capacity 6479K, committed 6528K, reserved 1048576K
}
Event: 42.187 GC heap before
{Heap before GC invocations=65 (full 5):
 PSYoungGen      total 233984K, used 233403K [0x00000000f0000000, 0x0000000100000000, 0x0000000100000000)
  eden space 217600K, 99% used [0x00000000f0000000,0x00000000fd3f5790,0x00000000fd480000)
  from space 16384K, 99% used [0x00000000fd480000,0x00000000fe479748,0x00000000fe480000)
  to   space 19456K, 0% used [0x00000000fed00000,0x00000000fed00000,0x0000000100000000)
 ParOldGen       total 72192K, used 61419K [0x00000000d0000000, 0x00000000d4680000, 0x00000000f0000000)
  object space 72192K, 85% used [0x00000000d0000000,0x00000000d3bfae50,0x00000000d4680000)
 Metaspace       used 56147K, capacity 57392K, committed 57596K, reserved 1099776K
  class space    used 6372K, capacity 6813K, committed 6912K, reserved 1048576K
Event: 42.266 GC heap after
Heap after GC invocations=65 (full 5):
 PSYoungGen      total 229376K, used 19450K [0x00000000f0000000, 0x0000000100000000, 0x0000000100000000)
  eden space 209920K, 0% used [0x00000000f0000000,0x00000000f0000000,0x00000000fcd00000)
  from space 19456K, 99% used [0x00000000fed00000,0x00000000ffffebc8,0x0000000100000000)
  to   space 26112K, 0% used [0x00000000fcd00000,0x00000000fcd00000,0x00000000fe680000)
 ParOldGen       total 72192K, used 70710K [0x00000000d0000000, 0x00000000d4680000, 0x00000000f0000000)
  object space 72192K, 97% used [0x00000000d0000000,0x00000000d450dbe0,0x00000000d4680000)
 Metaspace       used 56147K, capacity 57392K, committed 57596K, reserved 1099776K
  class space    used 6372K, capacity 6813K, committed 6912K, reserved 1048576K
}
Event: 42.266 GC heap before
{Heap before GC invocations=66 (full 6):
 PSYoungGen      total 229376K, used 19450K [0x00000000f0000000, 0x0000000100000000, 0x0000000100000000)
  eden space 209920K, 0% used [0x00000000f0000000,0x00000000f0000000,0x00000000fcd00000)
  from space 19456K, 99% used [0x00000000fed00000,0x00000000ffffebc8,0x0000000100000000)
  to   space 26112K, 0% used [0x00000000fcd00000,0x00000000fcd00000,0x00000000fe680000)
 ParOldGen       total 72192K, used 70710K [0x00000000d0000000, 0x00000000d4680000, 0x00000000f0000000)
  object space 72192K, 97% used [0x00000000d0000000,0x00000000d450dbe0,0x00000000d4680000)
 Metaspace       used 56147K, capacity 57392K, committed 57596K, reserved 1099776K
  class space    used 6372K, capacity 6813K, committed 6912K, reserved 1048576K
Event: 44.052 GC heap after
Heap after GC invocations=66 (full 6):
 PSYoungGen      total 229376K, used 16748K [0x00000000f0000000, 0x0000000100000000, 0x0000000100000000)
  eden space 209920K, 0% used [0x00000000f0000000,0x00000000f0000000,0x00000000fcd00000)
  from space 19456K, 86% used [0x00000000fed00000,0x00000000ffd5b1c8,0x0000000100000000)
  to   space 26112K, 0% used [0x00000000fcd00000,0x00000000fcd00000,0x00000000fe680000)
 ParOldGen       total 87040K, used 71903K [0x00000000d0000000, 0x00000000d5500000, 0x00000000f0000000)
  object space 87040K, 82% used [0x00000000d0000000,0x00000000d4637db8,0x00000000d5500000)
 Metaspace       used 56147K, capacity 57392K, committed 57596K, reserved 1099776K
  class space    used 6372K, capacity 6813K, committed 6912K, reserved 1048576K
}
Event: 46.836 GC heap before
{Heap before GC invocations=67 (full 6):
 PSYoungGen      total 229376K, used 226668K [0x00000000f0000000, 0x0000000100000000, 0x0000000100000000)
  eden space 209920K, 100% used [0x00000000f0000000,0x00000000fcd00000,0x00000000fcd00000)
  from space 19456K, 86% used [0x00000000fed00000,0x00000000ffd5b1c8,0x0000000100000000)
  to   space 26112K, 0% used [0x00000000fcd00000,0x00000000fcd00000,0x00000000fe680000)
 ParOldGen       total 87040K, used 71903K [0x00000000d0000000, 0x00000000d5500000, 0x00000000f0000000)
  object space 87040K, 82% used [0x00000000d0000000,0x00000000d4637db8,0x00000000d5500000)
 Metaspace       used 59067K, capacity 60866K, committed 61052K, reserved 1103872K
  class space    used 6691K, capacity 7263K, committed 7296K, reserved 1048576K
Event: 46.955 GC heap after
Heap after GC invocations=67 (full 6):
 PSYoungGen      total 236032K, used 26096K [0x00000000f0000000, 0x0000000100000000, 0x0000000100000000)
  eden space 209920K, 0% used [0x00000000f0000000,0x00000000f0000000,0x00000000fcd00000)
  from space 26112K, 99% used [0x00000000fcd00000,0x00000000fe67c2a8,0x00000000fe680000)
  to   space 26112K, 0% used [0x00000000fe680000,0x00000000fe680000,0x0000000100000000)
 ParOldGen       total 87040K, used 73393K [0x00000000d0000000, 0x00000000d5500000, 0x00000000f0000000)
  object space 87040K, 84% used [0x00000000d0000000,0x00000000d47ac750,0x00000000d5500000)
 Metaspace       used 59067K, capacity 60866K, committed 61052K, reserved 1103872K
  class space    used 6691K, capacity 7263K, committed 7296K, reserved 1048576K
}

Deoptimization events (10 events):
Event: 44.171 Thread 0x00007f2b28001800 Uncommon trap: reason=unreached action=reinterpret pc=0x00007f2b7e00e844 method=org.codehaus.groovy.runtime.metaclass.MetaMethodIndex.isNonRealMethod(Lgroovy/lang/MetaMethod;)Z @ 4
Event: 45.125 Thread 0x00007f2b28001800 Uncommon trap: reason=bimorphic action=maybe_recompile pc=0x00007f2b7dc801c0 method=java.util.regex.Pattern$Branch.match(Ljava/util/regex/Matcher;ILjava/lang/CharSequence;)Z @ 32
Event: 45.824 Thread 0x00007f2b28001800 Uncommon trap: reason=unreached action=reinterpret pc=0x00007f2b7ded7368 method=groovyjarjarasm.asm.Type.a(Ljava/lang/StringBuffer;Ljava/lang/Class;)V @ 39
Event: 45.856 Thread 0x00007f2b28001800 Uncommon trap: reason=unreached action=reinterpret pc=0x00007f2b7dd9c77c method=sun.util.calendar.ZoneInfo.getOffsets(J[II)I @ 4
Event: 46.305 Thread 0x00007f2b28001800 Uncommon trap: reason=bimorphic action=maybe_recompile pc=0x00007f2b7dd97a9c method=java.util.regex.Pattern$Curly.match0(Ljava/util/regex/Matcher;IILjava/lang/CharSequence;)Z @ 170
Event: 46.305 Thread 0x00007f2b28001800 Uncommon trap: reason=bimorphic action=maybe_recompile pc=0x00007f2b7dd97a9c method=java.util.regex.Pattern$Curly.match0(Ljava/util/regex/Matcher;IILjava/lang/CharSequence;)Z @ 170
Event: 46.305 Thread 0x00007f2b28001800 Uncommon trap: reason=bimorphic action=maybe_recompile pc=0x00007f2b7dd97a9c method=java.util.regex.Pattern$Curly.match0(Ljava/util/regex/Matcher;IILjava/lang/CharSequence;)Z @ 170
Event: 46.305 Thread 0x00007f2b28001800 Uncommon trap: reason=bimorphic action=maybe_recompile pc=0x00007f2b7dd97a9c method=java.util.regex.Pattern$Curly.match0(Ljava/util/regex/Matcher;IILjava/lang/CharSequence;)Z @ 170
Event: 48.201 Thread 0x00007f2b28001800 Uncommon trap: reason=unreached action=reinterpret pc=0x00007f2b7d5a3838 method=org.springsource.loaded.ri.ReflectiveInterceptor.jlrMethodInvoke(Ljava/lang/reflect/Method;Ljava/lang/Object;[Ljava/lang/Object;)Ljava/lang/Object; @ 482
Event: 48.251 Thread 0x00007f2b28001800 Uncommon trap: reason=unreached action=reinterpret pc=0x00007f2b7d2aeb28 method=org.codehaus.groovy.runtime.metaclass.MetaMethodIndex.isNonRealMethod(Lgroovy/lang/MetaMethod;)Z @ 32

Internal exceptions (10 events):
Event: 48.904 Thread 0x00007f2b28001800 Exception <a 'java/security/PrivilegedActionException'> (0x00000000fb036100) thrown at [/HUDSON/workspace/8-2-build-linux-amd64/jdk8u5/2488/hotspot/src/share/vm/prims/jvm.cpp, line 1248]
Event: 48.904 Thread 0x00007f2b28001800 Exception <a 'java/lang/ClassNotFoundException': org/grails/datastore/gorm/GormValidationApiCustomizer> (0x00000000fb0371b0) thrown at [/HUDSON/workspace/8-2-build-linux-amd64/jdk8u5/2488/hotspot/src/share/vm/classfile/systemDictionary.cpp, line 202]
Event: 48.905 Thread 0x00007f2b28001800 Exception <a 'java/security/PrivilegedActionException'> (0x00000000fb05aa00) thrown at [/HUDSON/workspace/8-2-build-linux-amd64/jdk8u5/2488/hotspot/src/share/vm/prims/jvm.cpp, line 1248]
Event: 48.906 Thread 0x00007f2b28001800 Exception <a 'java/security/PrivilegedActionException'> (0x00000000fb060180) thrown at [/HUDSON/workspace/8-2-build-linux-amd64/jdk8u5/2488/hotspot/src/share/vm/prims/jvm.cpp, line 1248]
Event: 48.906 Thread 0x00007f2b28001800 Exception <a 'java/security/PrivilegedActionException'> (0x00000000fb074f48) thrown at [/HUDSON/workspace/8-2-build-linux-amd64/jdk8u5/2488/hotspot/src/share/vm/prims/jvm.cpp, line 1248]
Event: 48.907 Thread 0x00007f2b28001800 Exception <a 'java/security/PrivilegedActionException'> (0x00000000fb08f4a0) thrown at [/HUDSON/workspace/8-2-build-linux-amd64/jdk8u5/2488/hotspot/src/share/vm/prims/jvm.cpp, line 1248]
Event: 48.907 Thread 0x00007f2b28001800 Exception <a 'java/security/PrivilegedActionException'> (0x00000000fb094db0) thrown at [/HUDSON/workspace/8-2-build-linux-amd64/jdk8u5/2488/hotspot/src/share/vm/prims/jvm.cpp, line 1248]
Event: 48.907 Thread 0x00007f2b28001800 Exception <a 'java/security/PrivilegedActionException'> (0x00000000fb0a9b78) thrown at [/HUDSON/workspace/8-2-build-linux-amd64/jdk8u5/2488/hotspot/src/share/vm/prims/jvm.cpp, line 1248]
Event: 48.908 Thread 0x00007f2b28001800 Exception <a 'java/security/PrivilegedActionException'> (0x00000000fb0d7e00) thrown at [/HUDSON/workspace/8-2-build-linux-amd64/jdk8u5/2488/hotspot/src/share/vm/prims/jvm.cpp, line 1248]
Event: 48.908 Thread 0x00007f2b28001800 Exception <a 'java/lang/ClassNotFoundException': org/codehaus/groovy/grails/orm/hibernate/AbstractHibernateGormValidationApiCustomizer> (0x00000000fb0d8d60) thrown at [/HUDSON/workspace/8-2-build-linux-amd64/jdk8u5/2488/hotspot/src/share/vm/classfile/syst

Events (10 events):
Event: 48.902 loading class org/grails/datastore/gorm/GormValidationApiCustomizer
Event: 48.902 loading class org/grails/datastore/gorm/GormValidationApiCustomizer done
Event: 48.904 loading class org/grails/datastore/gorm/GormValidationApiCustomizer
Event: 48.904 loading class org/grails/datastore/gorm/GormValidationApiCustomizer done
Event: 48.905 loading class org/codehaus/groovy/grails/orm/hibernate/AbstractHibernateGormValidationApiCustomizer
Event: 48.905 loading class org/codehaus/groovy/grails/orm/hibernate/AbstractHibernateGormValidationApiCustomizer done
Event: 48.907 loading class org/codehaus/groovy/grails/orm/hibernate/AbstractHibernateGormValidationApiCustomizer
Event: 48.907 loading class org/codehaus/groovy/grails/orm/hibernate/AbstractHibernateGormValidationApiCustomizer done
Event: 48.908 loading class org/codehaus/groovy/grails/orm/hibernate/AbstractHibernateGormValidationApiCustomizer
Event: 48.908 loading class org/codehaus/groovy/grails/orm/hibernate/AbstractHibernateGormValidationApiCustomizer done


Dynamic libraries:
00400000-00401000 r-xp 00000000 08:06 3233770                            /usr/lib/jvm/java-8-oracle/bin/java
00600000-00601000 rw-p 00000000 08:06 3233770                            /usr/lib/jvm/java-8-oracle/bin/java
01b89000-01baa000 rw-p 00000000 00:00 0                                  [heap]
d0000000-d5500000 rw-p 00000000 00:00 0 
d5500000-f0000000 ---p 00000000 00:00 0 
f0000000-100000000 rw-p 00000000 00:00 0 
100000000-100780000 rw-p 00000000 00:00 0 
100780000-140000000 ---p 00000000 00:00 0 
7f2b10000000-7f2b10021000 rw-p 00000000 00:00 0 
7f2b10021000-7f2b14000000 ---p 00000000 00:00 0 
7f2b18000000-7f2b18021000 rw-p 00000000 00:00 0 
7f2b18021000-7f2b1c000000 ---p 00000000 00:00 0 
7f2b1c000000-7f2b1c021000 rw-p 00000000 00:00 0 
7f2b1c021000-7f2b20000000 ---p 00000000 00:00 0 
7f2b20000000-7f2b20021000 rw-p 00000000 00:00 0 
7f2b20021000-7f2b24000000 ---p 00000000 00:00 0 
7f2b24000000-7f2b24021000 rw-p 00000000 00:00 0 
7f2b24021000-7f2b28000000 ---p 00000000 00:00 0 
7f2b28000000-7f2b28021000 rw-p 00000000 00:00 0 
7f2b28021000-7f2b2c000000 ---p 00000000 00:00 0 
7f2b2c000000-7f2b2ceb3000 rw-p 00000000 00:00 0 
7f2b2ceb3000-7f2b30000000 ---p 00000000 00:00 0 
7f2b30000000-7f2b30021000 rw-p 00000000 00:00 0 
7f2b30021000-7f2b34000000 ---p 00000000 00:00 0 
7f2b34000000-7f2b34036000 rw-p 00000000 00:00 0 
7f2b34036000-7f2b38000000 ---p 00000000 00:00 0 
7f2b38000000-7f2b38021000 rw-p 00000000 00:00 0 
7f2b38021000-7f2b3c000000 ---p 00000000 00:00 0 
7f2b3c000000-7f2b3c021000 rw-p 00000000 00:00 0 
7f2b3c021000-7f2b40000000 ---p 00000000 00:00 0 
7f2b40046000-7f2b40206000 rw-p 00000000 00:00 0 
7f2b40206000-7f2b40246000 ---p 00000000 00:00 0 
7f2b40246000-7f2b40446000 rw-p 00000000 00:00 0 
7f2b40446000-7f2b4044c000 r--s 002f7000 08:06 3233722                    /usr/lib/jvm/java-8-oracle/jre/lib/charsets.jar
7f2b4044c000-7f2b4064c000 rw-p 00000000 00:00 0 
7f2b4064c000-7f2b4084c000 rw-p 00000000 00:00 0 
7f2b4084c000-7f2b4084f000 ---p 00000000 00:00 0 
7f2b4084f000-7f2b40b4d000 rw-p 00000000 00:00 0 
7f2b40b4d000-7f2b40b50000 ---p 00000000 00:00 0 
7f2b40b50000-7f2b40e4e000 rw-p 00000000 00:00 0 
7f2b40e4e000-7f2b4104d000 rw-p 00000000 00:00 0 
7f2b4104d000-7f2b4104e000 ---p 00000000 00:00 0 
7f2b4104e000-7f2b4124e000 rw-p 00000000 00:00 0 
7f2b4124e000-7f2b41251000 ---p 00000000 00:00 0 
7f2b41251000-7f2b4154f000 rw-p 00000000 00:00 0 
7f2b4154f000-7f2b4174f000 rw-p 00000000 00:00 0 
7f2b4174f000-7f2b4194f000 rw-p 00000000 00:00 0 
7f2b4194f000-7f2b41b4f000 rw-p 00000000 00:00 0 
7f2b41b4f000-7f2b41d4f000 rw-p 00000000 00:00 0 
7f2b41d4f000-7f2b41f4f000 rw-p 00000000 00:00 0 
7f2b41f4f000-7f2b4214f000 rw-p 00000000 00:00 0 
7f2b4214f000-7f2b4234f000 rw-p 00000000 00:00 0 
7f2b4234f000-7f2b42352000 ---p 00000000 00:00 0 
7f2b42352000-7f2b42450000 rw-p 00000000 00:00 0 
7f2b42450000-7f2b42463000 r--s 00345000 08:06 3233716                    /usr/lib/jvm/java-8-oracle/jre/lib/resources.jar
7f2b42463000-7f2b42466000 ---p 00000000 00:00 0 
7f2b42466000-7f2b42764000 rw-p 00000000 00:00 0 
7f2b42764000-7f2b42767000 ---p 00000000 00:00 0 
7f2b42767000-7f2b42865000 rw-p 00000000 00:00 0 
7f2b42865000-7f2b42868000 ---p 00000000 00:00 0 
7f2b42868000-7f2b42966000 rw-p 00000000 00:00 0 
7f2b42966000-7f2b42976000 r-xp 00000000 08:06 3233476                    /usr/lib/jvm/java-8-oracle/jre/lib/amd64/libnio.so
7f2b42976000-7f2b42b76000 ---p 00010000 08:06 3233476                    /usr/lib/jvm/java-8-oracle/jre/lib/amd64/libnio.so
7f2b42b76000-7f2b42b77000 rw-p 00010000 08:06 3233476                    /usr/lib/jvm/java-8-oracle/jre/lib/amd64/libnio.so
7f2b42b77000-7f2b42d77000 rw-p 00000000 00:00 0 
7f2b42d77000-7f2b42d7f000 r-xp 00000000 08:06 3233538                    /usr/lib/jvm/java-8-oracle/jre/lib/amd64/libmanagement.so
7f2b42d7f000-7f2b42f7f000 ---p 00008000 08:06 3233538                    /usr/lib/jvm/java-8-oracle/jre/lib/amd64/libmanagement.so
7f2b42f7f000-7f2b42f80000 rw-p 00008000 08:06 3233538                    /usr/lib/jvm/java-8-oracle/jre/lib/amd64/libmanagement.so
7f2b42f80000-7f2b42f96000 r-xp 00000000 08:06 3233484                    /usr/lib/jvm/java-8-oracle/jre/lib/amd64/libnet.so
7f2b42f96000-7f2b43195000 ---p 00016000 08:06 3233484                    /usr/lib/jvm/java-8-oracle/jre/lib/amd64/libnet.so
7f2b43195000-7f2b43196000 rw-p 00015000 08:06 3233484                    /usr/lib/jvm/java-8-oracle/jre/lib/amd64/libnet.so
7f2b43196000-7f2b43199000 ---p 00000000 00:00 0 
7f2b43199000-7f2b43297000 rw-p 00000000 00:00 0 
7f2b43297000-7f2b4329a000 r--s 00012000 08:06 5535273                    /home/jbondia/.gvm/grails/2.4.2/lib/javax.servlet/javax.servlet-api/jars/javax.servlet-api-3.0.1.jar
7f2b4329a000-7f2b4329f000 r--s 00040000 08:06 5539719                    /home/jbondia/.gvm/grails/2.4.2/dist/grails-project-api-2.4.2.jar
7f2b4329f000-7f2b432b0000 r--s 000d2000 08:06 5544114                    /home/jbondia/.m2/repository/org/liquibase/liquibase-core/2.0.5/liquibase-core-2.0.5.jar
7f2b432b0000-7f2b432b4000 r--s 0000c000 08:06 5544112                    /home/jbondia/.m2/repository/javax/validation/validation-api/1.1.0.Final/validation-api-1.1.0.Final.jar
7f2b432b4000-7f2b432ba000 r--s 0004c000 08:06 5535608                    /home/jbondia/.gvm/grails/2.4.2/lib/org.grails/grails-datastore-simple/jars/grails-datastore-simple-3.1.1.RELEASE.jar
7f2b432ba000-7f2b432c2000 r--s 00052000 08:06 5544110                    /home/jbondia/.m2/repository/org/springframework/spring-orm/4.0.5.RELEASE/spring-orm-4.0.5.RELEASE.jar
7f2b432c2000-7f2b432c4000 r--s 0000a000 08:06 5544109                    /home/jbondia/.m2/repository/org/grails/grails-datastore-gorm-plugin-support/3.1.1.RELEASE/grails-datastore-gorm-plugin-support-3.1.1.RELEASE.jar
7f2b432c4000-7f2b432ca000 r--s 00041000 08:06 5544106                    /home/jbondia/.m2/repository/org/grails/grails-datastore-gorm-hibernate-core/3.1.1.RELEASE/grails-datastore-gorm-hibernate-core-3.1.1.RELEASE.jar
7f2b432ca000-7f2b432cf000 r--s 00048000 08:06 6571767                    /home/jbondia/.m2/repository/dom4j/dom4j/1.6.1/dom4j-1.6.1.jar
7f2b432cf000-7f2b432d0000 r--s 00002000 08:06 5544104                    /home/jbondia/.m2/repository/org/jboss/logging/jboss-logging-annotations/1.2.0.Beta1/jboss-logging-annotations-1.2.0.Beta1.jar
7f2b432d0000-7f2b432d3000 r--s 00010000 08:06 5544102                    /home/jbondia/.m2/repository/org/hibernate/common/hibernate-commons-annotations/4.0.4.Final/hibernate-commons-annotations-4.0.4.Final.jar
7f2b432d3000-7f2b432db000 r--s 00062000 08:06 5544100                    /home/jbondia/.m2/repository/org/grails/grails-datastore-gorm-hibernate4/3.1.1.RELEASE/grails-datastore-gorm-hibernate4-3.1.1.RELEASE.jar
7f2b432db000-7f2b432e4000 r--s 00081000 08:06 5535607                    /home/jbondia/.gvm/grails/2.4.2/lib/org.grails/grails-datastore-gorm/jars/grails-datastore-gorm-3.1.1.RELEASE.jar
7f2b432e4000-7f2b432ef000 r--s 00052000 08:06 5535606                    /home/jbondia/.gvm/grails/2.4.2/lib/org.grails/grails-datastore-core/jars/grails-datastore-core-3.1.1.RELEASE.jar
7f2b432ef000-7f2b432f1000 r--s 0000d000 08:06 5544098                    /home/jbondia/.m2/repository/org/jboss/logging/jboss-logging/3.1.0.GA/jboss-logging-3.1.0.GA.jar
7f2b432f1000-7f2b43307000 r--s 000e6000 08:06 5544096                    /home/jbondia/.m2/repository/net/sf/ehcache/ehcache-core/2.4.8/ehcache-core-2.4.8.jar
7f2b43307000-7f2b43309000 r--s 00011000 08:06 5544094                    /home/jbondia/.m2/repository/org/jboss/jandex/1.1.0.Final/jandex-1.1.0.Final.jar
7f2b43309000-7f2b4330e000 r--s 00068000 08:06 8257762                    /home/jbondia/.m2/repository/antlr/antlr/2.7.7/antlr-2.7.7.jar
7f2b4330e000-7f2b4330f000 r--s 00006000 08:06 5544092                    /home/jbondia/.m2/repository/org/jboss/spec/javax/transaction/jboss-transaction-api_1.2_spec/1.0.0.Final/jboss-transaction-api_1.2_spec-1.0.0.Final.jar
7f2b4330f000-7f2b4336c000 r--s 004a0000 08:06 5544090                    /home/jbondia/.m2/repository/org/hibernate/hibernate-core/4.3.5.Final/hibernate-core-4.3.5.Final.jar
7f2b4336c000-7f2b43370000 r--s 0001e000 08:06 5544088                    /home/jbondia/.m2/repository/org/hibernate/hibernate-ehcache/4.3.5.Final/hibernate-ehcache-4.3.5.Final.jar
7f2b43370000-7f2b43372000 r--s 0000d000 08:06 5544086                    /home/jbondia/.m2/repository/com/fasterxml/classmate/1.0.0/classmate-1.0.0.jar
7f2b43372000-7f2b4337f000 r--s 00080000 08:06 5544084                    /home/jbondia/.m2/repository/org/hibernate/hibernate-validator/5.0.3.Final/hibernate-validator-5.0.3.Final.jar
7f2b4337f000-7f2b43388000 r--s 000a5000 08:06 5544080                    /home/jbondia/.m2/repository/org/javassist/javassist/3.17.1-GA/javassist-3.17.1-GA.jar
7f2b43388000-7f2b4338b000 r--s 00083000 08:06 5539740                    /home/jbondia/.gvm/grails/2.4.2/dist/grails-resources-2.4.2.jar
7f2b4338b000-7f2b43398000 r--s 00189000 08:06 5534751                    /home/jbondia/.gvm/grails/2.4.2/lib/com.h2database/h2/jars/h2-1.3.176.jar
7f2b43398000-7f2b4339c000 r--s 00021000 08:06 5539404                    /home/jbondia/.gvm/grails/2.4.2/dist/grails-plugin-converters-2.4.2.jar
7f2b4339c000-7f2b4339f000 r--s 00018000 08:06 5539467                    /home/jbondia/.gvm/grails/2.4.2/dist/grails-plugin-domain-class-2.4.2.jar
7f2b4339f000-7f2b433a1000 r--s 0000e000 08:06 5539572                    /home/jbondia/.gvm/grails/2.4.2/dist/grails-plugin-mimetypes-2.4.2.jar
7f2b433a1000-7f2b433a2000 r--s 0000e000 08:06 5535541                    /home/jbondia/.gvm/grails/2.4.2/lib/org.codehaus.jsr166-mirror/jsr166y/jars/jsr166y-1.7.0.jar
7f2b433a2000-7f2b433be000 r--s 00136000 08:06 5535532                    /home/jbondia/.gvm/grails/2.4.2/lib/org.codehaus.gpars/gpars/jars/gpars-1.2.1.jar
7f2b433be000-7f2b433c0000 r--s 00011000 08:06 5539194                    /home/jbondia/.gvm/grails/2.4.2/dist/grails-async-2.4.2.jar
7f2b433c0000-7f2b433c2000 r--s 0000e000 08:06 5539341                    /home/jbondia/.gvm/grails/2.4.2/dist/grails-plugin-async-2.4.2.jar
7f2b433c2000-7f2b433c6000 r--s 00028000 08:06 5535235                    /home/jbondia/.gvm/grails/2.4.2/lib/commons-validator/commons-validator/jars/commons-validator-1.4.0.jar
7f2b433c6000-7f2b433c9000 r--s 00012000 08:06 5539824                    /home/jbondia/.gvm/grails/2.4.2/dist/grails-validation-2.4.2.jar
7f2b433c9000-7f2b433cd000 r--s 00019000 08:06 5534739                    /home/jbondia/.gvm/grails/2.4.2/lib/com.googlecode.concurrentlinkedhashmap/concurrentlinkedhashmap-lru/jars/concurrentlinkedhashmap-lru-1.4.jar
7f2b433cd000-7f2b433cf000 r--s 0000e000 08:06 5539677                    /home/jbondia/.gvm/grails/2.4.2/dist/grails-plugin-url-mappings-2.4.2.jar
7f2b433cf000-7f2b433d0000 r--s 00006000 08:06 5539635                    /home/jbondia/.gvm/grails/2.4.2/dist/grails-plugin-servlets-2.4.2.jar
7f2b433d0000-7f2b433d7000 r--s 00036000 08:06 5535703                    /home/jbondia/.gvm/grails/2.4.2/lib/org.springframework/spring-tx/jars/spring-tx-4.0.5.RELEASE.jar
7f2b433d7000-7f2b433d9000 r--s 00009000 08:06 5539614                    /home/jbondia/.gvm/grails/2.4.2/dist/grails-plugin-services-2.4.2.jar
7f2b433d9000-7f2b433da000 r--s 00001000 08:06 5535639                    /home/jbondia/.gvm/grails/2.4.2/lib/org.slf4j/jul-to-slf4j/jars/jul-to-slf4j-1.7.5.jar
7f2b433da000-7f2b433db000 r--s 00000000 08:06 5539320                    /home/jbondia/.gvm/grails/2.4.2/dist/grails-logging-2.4.2.jar
7f2b433db000-7f2b433ea000 r--s 00096000 08:06 5535707                    /home/jbondia/.gvm/grails/2.4.2/lib/org.springframework/spring-web/jars/spring-web-4.0.5.RELEASE.jar
7f2b433ea000-7f2b433ef000 r--s 0002e000 08:06 5539299                    /home/jbondia/.gvm/grails/2.4.2/dist/grails-encoder-2.4.2.jar
7f2b433ef000-7f2b433f5000 r--s 00033000 08:06 5534939                    /home/jbondia/.gvm/grails/2.4.2/lib/commons-codec/commons-codec/jars/commons-codec-1.6.jar
7f2b433f5000-7f2b433f7000 r--s 00012000 08:06 5539362                    /home/jbondia/.gvm/grails/2.4.2/dist/grails-plugin-codecs-2.4.2.jar
7f2b433f7000-7f2b433f9000 r--s 0000c000 08:06 5539971                    /home/jbondia/.gvm/grails/2.4.2/dist/grails-web-gsp-taglib-2.4.2.jar
7f2b433f9000-7f2b433ff000 r--s 00058000 08:06 5539509                    /home/jbondia/.gvm/grails/2.4.2/dist/grails-plugin-gsp-2.4.2.jar
7f2b433ff000-7f2b43401000 r--s 0000b000 08:06 5539488                    /home/jbondia/.gvm/grails/2.4.2/dist/grails-plugin-filters-2.4.2.jar
7f2b43401000-7f2b43406000 r--s 00041000 08:06 5535234                    /home/jbondia/.gvm/grails/2.4.2/lib/commons-lang/commons-lang/jars/commons-lang-2.6.jar
7f2b43406000-7f2b43407000 r--s 00005000 08:06 5539530                    /home/jbondia/.gvm/grails/2.4.2/dist/grails-plugin-i18n-2.4.2.jar
7f2b43407000-7f2b4340c000 r--s 00017000 08:06 5535623                    /home/jbondia/.gvm/grails/2.4.2/lib/org.hibernate.javax.persistence/hibernate-jpa-2.1-api/jars/hibernate-jpa-2.1-api-1.0.0.Final.jar
7f2b4340c000-7f2b4340e000 r--s 00000000 08:06 5534701                    /home/jbondia/.gvm/grails/2.4.2/lib/aopalliance/aopalliance/jars/aopalliance-1.0.jar
7f2b4340e000-7f2b43410000 r--s 00009000 08:06 5539782                    /home/jbondia/.gvm/grails/2.4.2/dist/grails-spring-2.4.2.jar
7f2b43410000-7f2b43413000 r--s 00041000 08:06 5535728                    /home/jbondia/.gvm/grails/2.4.2/lib/xalan/serializer/jars/serializer-2.7.1.jar
7f2b43413000-7f2b4341f000 r--s 00098000 08:06 5535678                    /home/jbondia/.gvm/grails/2.4.2/lib/org.springframework/spring-beans/jars/spring-beans-4.0.5.RELEASE.jar
7f2b4341f000-7f2b43433000 r--s 000db000 08:06 5535687                    /home/jbondia/.gvm/grails/2.4.2/lib/org.springframework/spring-core/jars/spring-core-4.0.5.RELEASE.jar
7f2b43433000-7f2b43440000 r--s 000a7000 08:06 5539236                    /home/jbondia/.gvm/grails/2.4.2/dist/grails-core-2.4.2.jar
7f2b43440000-7f2b43441000 r--s 00005000 08:06 5539425                    /home/jbondia/.gvm/grails/2.4.2/dist/grails-plugin-databinding-2.4.2.jar
7f2b43441000-7f2b43446000 r--s 0002e000 08:06 5535691                    /home/jbondia/.gvm/grails/2.4.2/lib/org.springframework/spring-expression/jars/spring-expression-4.0.5.RELEASE.jar
7f2b43446000-7f2b4344f000 r--s 0004e000 08:06 5535673                    /home/jbondia/.gvm/grails/2.4.2/lib/org.springframework/spring-aop/jars/spring-aop-4.0.5.RELEASE.jar
7f2b4344f000-7f2b43466000 r--s 000d8000 08:06 5535682                    /home/jbondia/.gvm/grails/2.4.2/lib/org.springframework/spring-context/jars/spring-context-4.0.5.RELEASE.jar
7f2b43466000-7f2b43468000 r--s 00008000 08:06 5535509                    /home/jbondia/.gvm/grails/2.4.2/lib/org.apache.tomcat/tomcat-juli/jars/tomcat-juli-7.0.50.jar
7f2b43468000-7f2b4346a000 r--s 0001d000 08:06 5535505                    /home/jbondia/.gvm/grails/2.4.2/lib/org.apache.tomcat/tomcat-jdbc/jars/tomcat-jdbc-7.0.50.jar
7f2b4346a000-7f2b43474000 r--s 0005e000 08:06 5535695                    /home/jbondia/.gvm/grails/2.4.2/lib/org.springframework/spring-jdbc/jars/spring-jdbc-4.0.5.RELEASE.jar
7f2b43474000-7f2b43476000 r--s 0000d000 08:06 5539446                    /home/jbondia/.gvm/grails/2.4.2/dist/grails-plugin-datasource-2.4.2.jar
7f2b43476000-7f2b43478000 r--s 00008000 08:06 5539698                    /home/jbondia/.gvm/grails/2.4.2/dist/grails-plugin-validation-2.4.2.jar
7f2b43478000-7f2b4347c000 r--s 00020000 08:06 5539383                    /home/jbondia/.gvm/grails/2.4.2/dist/grails-plugin-controllers-2.4.2.jar
7f2b4347c000-7f2b43480000 r--s 00019000 08:06 5535517                    /home/jbondia/.gvm/grails/2.4.2/lib/org.aspectj/aspectjrt/jars/aspectjrt-1.8.0.jar
7f2b43480000-7f2b43498000 r--s 001aa000 08:06 5535518                    /home/jbondia/.gvm/grails/2.4.2/lib/org.aspectj/aspectjweaver/jars/aspectjweaver-1.8.0.jar
7f2b43498000-7f2b4349c000 r--s 00024000 08:06 5539992                    /home/jbondia/.gvm/grails/2.4.2/dist/grails-web-jsp-2.4.2.jar
7f2b4349c000-7f2b4349e000 r--s 0001d000 08:06 5539887                    /home/jbondia/.gvm/grails/2.4.2/dist/grails-web-databinding-2.4.2.jar
7f2b4349e000-7f2b434a4000 r--s 00027000 08:06 5535459                    /home/jbondia/.gvm/grails/2.4.2/lib/opensymphony/sitemesh/jars/sitemesh-2.4.jar
7f2b434a4000-7f2b434a6000 r--s 0000b000 08:06 5540034                    /home/jbondia/.gvm/grails/2.4.2/dist/grails-web-sitemesh-2.4.2.jar
7f2b434a6000-7f2b434a8000 r--s 00009000 08:06 5540013                    /home/jbondia/.gvm/grails/2.4.2/dist/grails-web-mvc-2.4.2.jar
7f2b434a8000-7f2b434aa000 r--s 0000b000 08:06 5535674                    /home/jbondia/.gvm/grails/2.4.2/lib/org.springframework/spring-aspects/jars/spring-aspects-4.0.5.RELEASE.jar
7f2b434aa000-7f2b434b1000 r--s 0004f000 08:06 5539950                    /home/jbondia/.gvm/grails/2.4.2/dist/grails-web-gsp-2.4.2.jar
7f2b434b1000-7f2b434b5000 r--s 00027000 08:06 5535147                    /home/jbondia/.gvm/grails/2.4.2/lib/commons-io/commons-io/jars/commons-io-2.2.jar
7f2b434b5000-7f2b434b9000 r--s 00023000 08:06 5540055                    /home/jbondia/.gvm/grails/2.4.2/dist/grails-web-url-mappings-2.4.2.jar
7f2b434b9000-7f2b434bb000 r--s 00013000 08:06 5539257                    /home/jbondia/.gvm/grails/2.4.2/dist/grails-databinding-2.4.2.jar
7f2b434bb000-7f2b434bf000 r--s 0001e000 08:06 5535683                    /home/jbondia/.gvm/grails/2.4.2/lib/org.springframework/spring-context-support/jars/spring-context-support-4.0.5.RELEASE.jar
7f2b434bf000-7f2b434cb000 r--s 00096000 08:06 5535708                    /home/jbondia/.gvm/grails/2.4.2/lib/org.springframework/spring-webmvc/jars/spring-webmvc-4.0.5.RELEASE.jar
7f2b434cb000-7f2b434d0000 r--s 00030000 08:06 5539866                    /home/jbondia/.gvm/grails/2.4.2/dist/grails-web-common-2.4.2.jar
7f2b434d0000-7f2b434d2000 r--s 00009000 08:06 5539845                    /home/jbondia/.gvm/grails/2.4.2/dist/grails-web-2.4.2.jar
7f2b434d2000-7f2b434d7000 r--s 0002a000 08:06 5534719                    /home/jbondia/.gvm/grails/2.4.2/lib/com.google.code.gson/gson/jars/gson-2.2.4.jar
7f2b434d7000-7f2b436d7000 rw-p 00000000 00:00 0 
7f2b436d7000-7f2b436da000 ---p 00000000 00:00 0 
7f2b436da000-7f2b439d8000 rw-p 00000000 00:00 0 
7f2b439d8000-7f2b439f4000 r--s 00393000 08:06 3233448                    /usr/lib/jvm/java-8-oracle/jre/lib/ext/cldrdata.jar
7f2b439f4000-7f2b439ff000 r--s 0021a000 08:06 3233434                    /usr/lib/jvm/java-8-oracle/jre/lib/ext/localedata.jar
7f2b439ff000-7f2b43bff000 rw-p 00000000 00:00 0 
7f2b43bff000-7f2b43dff000 rw-p 00000000 00:00 0 
7f2b43dff000-7f2b43e00000 r-xp 00000000 08:06 4603575                    /tmp/libjansi-64-7237036869267530939.so
7f2b43e00000-7f2b43fff000 ---p 00001000 08:06 4603575                    /tmp/libjansi-64-7237036869267530939.so
7f2b43fff000-7f2b44000000 rw-p 00000000 08:06 4603575                    /tmp/libjansi-64-7237036869267530939.so
7f2b44000000-7f2b44021000 rw-p 00000000 00:00 0 
7f2b44021000-7f2b48000000 ---p 00000000 00:00 0 
7f2b48000000-7f2b48021000 rw-p 00000000 00:00 0 
7f2b48021000-7f2b4c000000 ---p 00000000 00:00 0 
7f2b4c000000-7f2b4db3e000 rw-p 00000000 00:00 0 
7f2b4db3e000-7f2b50000000 ---p 00000000 00:00 0 
7f2b50000000-7f2b50b8e000 rw-p 00000000 00:00 0 
7f2b50b8e000-7f2b54000000 ---p 00000000 00:00 0 
7f2b54000000-7f2b54021000 rw-p 00000000 00:00 0 
7f2b54021000-7f2b58000000 ---p 00000000 00:00 0 
7f2b58000000-7f2b59833000 rw-p 00000000 00:00 0 
7f2b59833000-7f2b5c000000 ---p 00000000 00:00 0 
7f2b5c000000-7f2b5c021000 rw-p 00000000 00:00 0 
7f2b5c021000-7f2b60000000 ---p 00000000 00:00 0 
7f2b60000000-7f2b60021000 rw-p 00000000 00:00 0 
7f2b60021000-7f2b64000000 ---p 00000000 00:00 0 
7f2b64000000-7f2b64021000 rw-p 00000000 00:00 0 
7f2b64021000-7f2b68000000 ---p 00000000 00:00 0 
7f2b68000000-7f2b681f4000 rw-p 00000000 00:00 0 
7f2b681f4000-7f2b6c000000 ---p 00000000 00:00 0 
7f2b6c000000-7f2b6c023000 rw-p 00000000 00:00 0 
7f2b6c023000-7f2b70000000 ---p 00000000 00:00 0 
7f2b70000000-7f2b70021000 rw-p 00000000 00:00 0 
7f2b70021000-7f2b74000000 ---p 00000000 00:00 0 
7f2b74000000-7f2b74031000 rw-p 00000000 00:00 0 
7f2b74031000-7f2b78000000 ---p 00000000 00:00 0 
7f2b78000000-7f2b78001000 rw-p 00000000 00:00 0 
7f2b78001000-7f2b78003000 r--s 0000f000 08:06 5535137                    /home/jbondia/.gvm/grails/2.4.2/lib/commons-fileupload/commons-fileupload/jars/commons-fileupload-1.3.1.jar
7f2b78003000-7f2b78006000 r--s 00038000 08:06 5539593                    /home/jbondia/.gvm/grails/2.4.2/dist/grails-plugin-rest-2.4.2.jar
7f2b78006000-7f2b78009000 ---p 00000000 00:00 0 
7f2b78009000-7f2b78307000 rw-p 00000000 00:00 0 
7f2b78307000-7f2b7830a000 ---p 00000000 00:00 0 
7f2b7830a000-7f2b78340000 rw-p 00000000 00:00 0 
7f2b78340000-7f2b78345000 r--s 00092000 08:06 3233579                    /usr/lib/jvm/java-8-oracle/jre/lib/jsse.jar
7f2b78345000-7f2b78346000 ---p 00000000 00:00 0 
7f2b78346000-7f2b78446000 rw-p 00000000 00:00 0 
7f2b78446000-7f2b78449000 ---p 00000000 00:00 0 
7f2b78449000-7f2b78547000 rw-p 00000000 00:00 0 
7f2b78547000-7f2b7854a000 ---p 00000000 00:00 0 
7f2b7854a000-7f2b78648000 rw-p 00000000 00:00 0 
7f2b78648000-7f2b7864b000 ---p 00000000 00:00 0 
7f2b7864b000-7f2b78749000 rw-p 00000000 00:00 0 
7f2b78749000-7f2b7874c000 ---p 00000000 00:00 0 
7f2b7874c000-7f2b7884a000 rw-p 00000000 00:00 0 
7f2b7884a000-7f2b78850000 r--s 0005f000 08:06 5535713                    /home/jbondia/.gvm/grails/2.4.2/lib/org.springframework/springloaded/jars/springloaded-1.2.0.RELEASE.jar
7f2b78850000-7f2b78852000 r--s 00013000 08:06 5543879                    /home/jbondia/.m2/repository/org/apache/tomcat/embed/tomcat-embed-logging-log4j/7.0.53/tomcat-embed-logging-log4j-7.0.53.jar
7f2b78852000-7f2b78854000 r--s 0000e000 08:06 5955551                    /home/jbondia/Diputació-AST/idea_workspace/ocelot/ocelot-bpm-project/Blank_app/target/work/plugins/tomcat-7.0.54/grails-plugin-tomcat-7.0.54.jar
7f2b78854000-7f2b78858000 r--s 00027000 08:06 5543877                    /home/jbondia/.m2/repository/org/apache/tomcat/embed/tomcat-embed-el/7.0.53/tomcat-embed-el-7.0.53.jar
7f2b78858000-7f2b78868000 r--s 0019c000 08:06 5543883                    /home/jbondia/.m2/repository/org/eclipse/jdt/core/compiler/ecj/3.7.2/ecj-3.7.2.jar
7f2b78868000-7f2b78889000 r--s 00267000 08:06 5543885                    /home/jbondia/.m2/repository/org/apache/tomcat/embed/tomcat-embed-core/7.0.53/tomcat-embed-core-7.0.53.jar
7f2b78889000-7f2b7888e000 r--s 0002f000 08:06 5543881                    /home/jbondia/.m2/repository/org/apache/tomcat/embed/tomcat-embed-websocket/7.0.53/tomcat-embed-websocket-7.0.53.jar
7f2b7888e000-7f2b78897000 r--s 0009f000 08:06 5543873                    /home/jbondia/.m2/repository/org/apache/tomcat/embed/tomcat-embed-jasper/7.0.53/tomcat-embed-jasper-7.0.53.jar
7f2b78897000-7f2b788b5000 r--s 001bd000 08:06 5535461                    /home/jbondia/.gvm/grails/2.4.2/lib/org.apache.ant/ant/jars/ant-1.8.4.jar
7f2b788b5000-7f2b78920000 r--s 00683000 08:06 5535536                    /home/jbondia/.gvm/grails/2.4.2/lib/org.codehaus.groovy/groovy-all/jars/groovy-all-2.3.3.jar
7f2b78920000-7f2b78923000 ---p 00000000 00:00 0 
7f2b78923000-7f2b78a21000 rw-p 00000000 00:00 0 
7f2b78a21000-7f2b79104000 r--p 00000000 08:06 3021278                    /usr/lib/locale/locale-archive
7f2b79104000-7f2b79107000 ---p 00000000 00:00 0 
7f2b79107000-7f2b79205000 rw-p 00000000 00:00 0 
7f2b79205000-7f2b79208000 ---p 00000000 00:00 0 
7f2b79208000-7f2b79306000 rw-p 00000000 00:00 0 
7f2b79306000-7f2b79307000 ---p 00000000 00:00 0 
7f2b79307000-7f2b7a316000 rw-p 00000000 00:00 0 
7f2b7a316000-7f2b7a4eb000 r--s 03c4d000 08:06 3233577                    /usr/lib/jvm/java-8-oracle/jre/lib/rt.jar
7f2b7a4eb000-7f2b7c73c000 rw-p 00000000 00:00 0 
7f2b7c73c000-7f2b7c73d000 ---p 00000000 00:00 0 
7f2b7c73d000-7f2b7c83d000 rw-p 00000000 00:00 0 
7f2b7c83d000-7f2b7c83e000 ---p 00000000 00:00 0 
7f2b7c83e000-7f2b7c93e000 rw-p 00000000 00:00 0 
7f2b7c93e000-7f2b7c93f000 ---p 00000000 00:00 0 
7f2b7c93f000-7f2b7ca3f000 rw-p 00000000 00:00 0 
7f2b7ca3f000-7f2b7ca40000 ---p 00000000 00:00 0 
7f2b7ca40000-7f2b7cb6b000 rw-p 00000000 00:00 0 
7f2b7cb6b000-7f2b7cc40000 ---p 00000000 00:00 0 
7f2b7cc40000-7f2b7cc86000 rw-p 00000000 00:00 0 
7f2b7cc86000-7f2b7d000000 ---p 00000000 00:00 0 
7f2b7d000000-7f2b7e180000 rwxp 00000000 00:00 0 
7f2b7e180000-7f2b8c000000 ---p 00000000 00:00 0 
7f2b8c000000-7f2b8cdfe000 rw-p 00000000 00:00 0 
7f2b8cdfe000-7f2b90000000 ---p 00000000 00:00 0 
7f2b90000000-7f2b90001000 r--s 00000000 08:06 5539929                    /home/jbondia/.gvm/grails/2.4.2/dist/grails-web-fileupload-2.4.2.jar
7f2b90001000-7f2b90003000 r--s 0000c000 08:06 5543875                    /home/jbondia/.m2/repository/org/apache/tomcat/tomcat-catalina-ant/7.0.53/tomcat-catalina-ant-7.0.53.jar
7f2b90003000-7f2b90005000 r--s 0001a000 08:06 5535605                    /home/jbondia/.gvm/grails/2.4.2/lib/org.fusesource.jansi/jansi/jars/jansi-1.11.jar
7f2b90005000-7f2b9001a000 r--s 00116000 08:06 5535477                    /home/jbondia/.gvm/grails/2.4.2/lib/org.apache.ivy/ivy/jars/ivy-2.3.0.jar
7f2b9001a000-7f2b9001d000 r--s 00018000 08:06 5535463                    /home/jbondia/.gvm/grails/2.4.2/lib/org.apache.ant/ant-junit/jars/ant-junit-1.8.4.jar
7f2b9001d000-7f2b90021000 r--s 00031000 08:06 5535445                    /home/jbondia/.gvm/grails/2.4.2/lib/jline/jline/jars/jline-2.12.jar
7f2b90021000-7f2b90023000 r--s 00005000 08:06 5535644                    /home/jbondia/.gvm/grails/2.4.2/lib/org.slf4j/slf4j-api/jars/slf4j-api-1.7.5.jar
7f2b90023000-7f2b90031000 r--s 000db000 08:06 5539215                    /home/jbondia/.gvm/grails/2.4.2/dist/grails-bootstrap-2.4.2.jar
7f2b90031000-7f2b9005c000 rw-p 00000000 00:00 0 
7f2b9005c000-7f2b90131000 ---p 00000000 00:00 0 
7f2b90131000-7f2b901b1000 rw-p 00000000 00:00 0 
7f2b901b1000-7f2b901b2000 rw-p 00000000 00:00 0 
7f2b901b2000-7f2b901ce000 r-xp 00000000 08:06 3233555                    /usr/lib/jvm/java-8-oracle/jre/lib/amd64/libzip.so
7f2b901ce000-7f2b903cd000 ---p 0001c000 08:06 3233555                    /usr/lib/jvm/java-8-oracle/jre/lib/amd64/libzip.so
7f2b903cd000-7f2b903ce000 rw-p 0001b000 08:06 3233555                    /usr/lib/jvm/java-8-oracle/jre/lib/amd64/libzip.so
7f2b903ce000-7f2b903da000 r-xp 00000000 08:06 5252898                    /lib/x86_64-linux-gnu/libnss_files-2.15.so
7f2b903da000-7f2b905d9000 ---p 0000c000 08:06 5252898                    /lib/x86_64-linux-gnu/libnss_files-2.15.so
7f2b905d9000-7f2b905da000 r--p 0000b000 08:06 5252898                    /lib/x86_64-linux-gnu/libnss_files-2.15.so
7f2b905da000-7f2b905db000 rw-p 0000c000 08:06 5252898                    /lib/x86_64-linux-gnu/libnss_files-2.15.so
7f2b905db000-7f2b905e5000 r-xp 00000000 08:06 5252902                    /lib/x86_64-linux-gnu/libnss_nis-2.15.so
7f2b905e5000-7f2b907e5000 ---p 0000a000 08:06 5252902                    /lib/x86_64-linux-gnu/libnss_nis-2.15.so
7f2b907e5000-7f2b907e6000 r--p 0000a000 08:06 5252902                    /lib/x86_64-linux-gnu/libnss_nis-2.15.so
7f2b907e6000-7f2b907e7000 rw-p 0000b000 08:06 5252902                    /lib/x86_64-linux-gnu/libnss_nis-2.15.so
7f2b907e7000-7f2b907fe000 r-xp 00000000 08:06 5252914                    /lib/x86_64-linux-gnu/libnsl-2.15.so
7f2b907fe000-7f2b909fd000 ---p 00017000 08:06 5252914                    /lib/x86_64-linux-gnu/libnsl-2.15.so
7f2b909fd000-7f2b909fe000 r--p 00016000 08:06 5252914                    /lib/x86_64-linux-gnu/libnsl-2.15.so
7f2b909fe000-7f2b909ff000 rw-p 00017000 08:06 5252914                    /lib/x86_64-linux-gnu/libnsl-2.15.so
7f2b909ff000-7f2b90a01000 rw-p 00000000 00:00 0 
7f2b90a01000-7f2b90a09000 r-xp 00000000 08:06 5252896                    /lib/x86_64-linux-gnu/libnss_compat-2.15.so
7f2b90a09000-7f2b90c08000 ---p 00008000 08:06 5252896                    /lib/x86_64-linux-gnu/libnss_compat-2.15.so
7f2b90c08000-7f2b90c09000 r--p 00007000 08:06 5252896                    /lib/x86_64-linux-gnu/libnss_compat-2.15.so
7f2b90c09000-7f2b90c0a000 rw-p 00008000 08:06 5252896                    /lib/x86_64-linux-gnu/libnss_compat-2.15.so
7f2b90c0a000-7f2b90c14000 r-xp 00000000 08:06 3233456                    /usr/lib/jvm/java-8-oracle/jre/lib/amd64/libinstrument.so
7f2b90c14000-7f2b90e13000 ---p 0000a000 08:06 3233456                    /usr/lib/jvm/java-8-oracle/jre/lib/amd64/libinstrument.so
7f2b90e13000-7f2b90e14000 rw-p 00009000 08:06 3233456                    /usr/lib/jvm/java-8-oracle/jre/lib/amd64/libinstrument.so
7f2b90e14000-7f2b90e3e000 r-xp 00000000 08:06 3233508                    /usr/lib/jvm/java-8-oracle/jre/lib/amd64/libjava.so
7f2b90e3e000-7f2b9103e000 ---p 0002a000 08:06 3233508                    /usr/lib/jvm/java-8-oracle/jre/lib/amd64/libjava.so
7f2b9103e000-7f2b91040000 rw-p 0002a000 08:06 3233508                    /usr/lib/jvm/java-8-oracle/jre/lib/amd64/libjava.so
7f2b91040000-7f2b9104d000 r-xp 00000000 08:06 3233551                    /usr/lib/jvm/java-8-oracle/jre/lib/amd64/libverify.so
7f2b9104d000-7f2b9124d000 ---p 0000d000 08:06 3233551                    /usr/lib/jvm/java-8-oracle/jre/lib/amd64/libverify.so
7f2b9124d000-7f2b9124f000 rw-p 0000d000 08:06 3233551                    /usr/lib/jvm/java-8-oracle/jre/lib/amd64/libverify.so
7f2b9124f000-7f2b91256000 r-xp 00000000 08:06 5252901                    /lib/x86_64-linux-gnu/librt-2.15.so
7f2b91256000-7f2b91455000 ---p 00007000 08:06 5252901                    /lib/x86_64-linux-gnu/librt-2.15.so
7f2b91455000-7f2b91456000 r--p 00006000 08:06 5252901                    /lib/x86_64-linux-gnu/librt-2.15.so
7f2b91456000-7f2b91457000 rw-p 00007000 08:06 5252901                    /lib/x86_64-linux-gnu/librt-2.15.so
7f2b91457000-7f2b91552000 r-xp 00000000 08:06 5252905                    /lib/x86_64-linux-gnu/libm-2.15.so
7f2b91552000-7f2b91751000 ---p 000fb000 08:06 5252905                    /lib/x86_64-linux-gnu/libm-2.15.so
7f2b91751000-7f2b91752000 r--p 000fa000 08:06 5252905                    /lib/x86_64-linux-gnu/libm-2.15.so
7f2b91752000-7f2b91753000 rw-p 000fb000 08:06 5252905                    /lib/x86_64-linux-gnu/libm-2.15.so
7f2b91753000-7f2b9236d000 r-xp 00000000 08:06 3233540                    /usr/lib/jvm/java-8-oracle/jre/lib/amd64/server/libjvm.so
7f2b9236d000-7f2b9256c000 ---p 00c1a000 08:06 3233540                    /usr/lib/jvm/java-8-oracle/jre/lib/amd64/server/libjvm.so
7f2b9256c000-7f2b92635000 rw-p 00c19000 08:06 3233540                    /usr/lib/jvm/java-8-oracle/jre/lib/amd64/server/libjvm.so
7f2b92635000-7f2b92676000 rw-p 00000000 00:00 0 
7f2b92676000-7f2b9282b000 r-xp 00000000 08:06 5252894                    /lib/x86_64-linux-gnu/libc-2.15.so
7f2b9282b000-7f2b92a2b000 ---p 001b5000 08:06 5252894                    /lib/x86_64-linux-gnu/libc-2.15.so
7f2b92a2b000-7f2b92a2f000 r--p 001b5000 08:06 5252894                    /lib/x86_64-linux-gnu/libc-2.15.so
7f2b92a2f000-7f2b92a31000 rw-p 001b9000 08:06 5252894                    /lib/x86_64-linux-gnu/libc-2.15.so
7f2b92a31000-7f2b92a36000 rw-p 00000000 00:00 0 
7f2b92a36000-7f2b92a38000 r-xp 00000000 08:06 5252909                    /lib/x86_64-linux-gnu/libdl-2.15.so
7f2b92a38000-7f2b92c38000 ---p 00002000 08:06 5252909                    /lib/x86_64-linux-gnu/libdl-2.15.so
7f2b92c38000-7f2b92c39000 r--p 00002000 08:06 5252909                    /lib/x86_64-linux-gnu/libdl-2.15.so
7f2b92c39000-7f2b92c3a000 rw-p 00003000 08:06 5252909                    /lib/x86_64-linux-gnu/libdl-2.15.so
7f2b92c3a000-7f2b92c51000 r-xp 00000000 08:06 3231246                    /usr/lib/jvm/java-8-oracle/lib/amd64/jli/libjli.so
7f2b92c51000-7f2b92e50000 ---p 00017000 08:06 3231246                    /usr/lib/jvm/java-8-oracle/lib/amd64/jli/libjli.so
7f2b92e50000-7f2b92e51000 rw-p 00016000 08:06 3231246                    /usr/lib/jvm/java-8-oracle/lib/amd64/jli/libjli.so
7f2b92e51000-7f2b92e69000 r-xp 00000000 08:06 5252903                    /lib/x86_64-linux-gnu/libpthread-2.15.so
7f2b92e69000-7f2b93068000 ---p 00018000 08:06 5252903                    /lib/x86_64-linux-gnu/libpthread-2.15.so
7f2b93068000-7f2b93069000 r--p 00017000 08:06 5252903                    /lib/x86_64-linux-gnu/libpthread-2.15.so
7f2b93069000-7f2b9306a000 rw-p 00018000 08:06 5252903                    /lib/x86_64-linux-gnu/libpthread-2.15.so
7f2b9306a000-7f2b9306e000 rw-p 00000000 00:00 0 
7f2b9306e000-7f2b93090000 r-xp 00000000 08:06 5252906                    /lib/x86_64-linux-gnu/ld-2.15.so
7f2b93090000-7f2b93092000 r--s 00001000 08:06 3233440                    /usr/lib/jvm/java-8-oracle/jre/lib/ext/dnsns.jar
7f2b93092000-7f2b9309b000 r--s 0006f000 08:06 5535455                    /home/jbondia/.gvm/grails/2.4.2/lib/log4j/log4j/jars/log4j-1.2.17.jar
7f2b9309b000-7f2b9309e000 r--s 0000d000 08:06 5539551                    /home/jbondia/.gvm/grails/2.4.2/dist/grails-plugin-log4j-2.4.2.jar
7f2b9309e000-7f2b930a0000 r--s 00013000 08:06 5535513                    /home/jbondia/.gvm/grails/2.4.2/lib/org.apache.tomcat.embed/tomcat-embed-logging-log4j/jars/tomcat-embed-logging-log4j-7.0.50.jar
7f2b930a0000-7f2b930a5000 r--s 00050000 08:06 5535528                    /home/jbondia/.gvm/grails/2.4.2/lib/org.codehaus.gant/gant_groovy1.8/jars/gant_groovy1.8-1.9.6.jar
7f2b930a5000-7f2b9311d000 r--s 010c6000 08:06 3233304                    /usr/lib/jvm/java-8-oracle/lib/tools.jar
7f2b9311d000-7f2b9316c000 rw-p 00000000 00:00 0 
7f2b9316c000-7f2b9316f000 ---p 00000000 00:00 0 
7f2b9316f000-7f2b93271000 rw-p 00000000 00:00 0 
7f2b93271000-7f2b93272000 r--s 00001000 08:06 5535467                    /home/jbondia/.gvm/grails/2.4.2/lib/org.apache.ant/ant-trax/jars/ant-trax-1.7.1.jar
7f2b93272000-7f2b93273000 r--s 00004000 08:06 5535465                    /home/jbondia/.gvm/grails/2.4.2/lib/org.apache.ant/ant-launcher/jars/ant-launcher-1.8.4.jar
7f2b93273000-7f2b93275000 r--s 00003000 08:06 5535634                    /home/jbondia/.gvm/grails/2.4.2/lib/org.slf4j/jcl-over-slf4j/jars/jcl-over-slf4j-1.7.5.jar
7f2b93275000-7f2b93284000 rw-p 00000000 00:00 0 
7f2b93284000-7f2b9328c000 rw-s 00000000 08:06 4603571                    /tmp/hsperfdata_jbondia/5701
7f2b9328c000-7f2b9328d000 rw-p 00000000 00:00 0 
7f2b9328d000-7f2b9328e000 r--p 00000000 00:00 0 
7f2b9328e000-7f2b93290000 rw-p 00000000 00:00 0 
7f2b93290000-7f2b93291000 r--p 00022000 08:06 5252906                    /lib/x86_64-linux-gnu/ld-2.15.so
7f2b93291000-7f2b93293000 rw-p 00023000 08:06 5252906                    /lib/x86_64-linux-gnu/ld-2.15.so
7ffff04dc000-7ffff04fe000 rw-p 00000000 00:00 0                          [stack]
7ffff05ff000-7ffff0600000 r-xp 00000000 00:00 0                          [vdso]
ffffffffff600000-ffffffffff601000 r-xp 00000000 00:00 0                  [vsyscall]

VM Arguments:
jvm_args: -Dfile.encoding=UTF-8 -Xmx768M -Xms64M -Dgrails.fork.parent.process.port=50098 -Dgrails.fork.active=true -Dgrails.build.execution.context=/tmp/Blank_app4779875769481710774grails-execution-context -Dgrails.home=/home/jbondia/.gvm/grails/2.4.2 -javaagent:/home/jbondia/.gvm/grails/2.4.2/lib/org.springframework/springloaded/jars/springloaded-1.2.0.RELEASE.jar -Xverify:none -Dspringloaded.synchronize=true -Djdk.reflect.allowGetCallerClass=true -Dspringloaded=profile=grails;cacheDir=/home/jbondia/.grails/2.4.2 
java_command: org.grails.plugins.tomcat.fork.ForkedTomcatServer
java_class_path (initial): /usr/lib/jvm/java-8-oracle/lib/tools.jar:/home/jbondia/.gvm/grails/2.4.2/lib/org.codehaus.groovy/groovy-all/jars/groovy-all-2.3.3.jar:/home/jbondia/.gvm/grails/2.4.2/lib/org.slf4j/jcl-over-slf4j/jars/jcl-over-slf4j-1.7.5.jar:/home/jbondia/.gvm/grails/2.4.2/lib/org.codehaus.gant/gant_groovy1.8/jars/gant_groovy1.8-1.9.6.jar:/home/jbondia/.gvm/grails/2.4.2/lib/org.apache.tomcat.embed/tomcat-embed-logging-log4j/jars/tomcat-embed-logging-log4j-7.0.50.jar:/home/jbondia/.gvm/grails/2.4.2/dist/grails-plugin-log4j-2.4.2.jar:/home/jbondia/.gvm/grails/2.4.2/lib/log4j/log4j/jars/log4j-1.2.17.jar:/home/jbondia/.gvm/grails/2.4.2/dist/grails-bootstrap-2.4.2.jar:/home/jbondia/.gvm/grails/2.4.2/lib/org.slf4j/slf4j-api/jars/slf4j-api-1.7.5.jar:/home/jbondia/.gvm/grails/2.4.2/lib/jline/jline/jars/jline-2.12.jar:/home/jbondia/.gvm/grails/2.4.2/lib/org.apache.ant/ant/jars/ant-1.8.4.jar:/home/jbondia/.gvm/grails/2.4.2/lib/org.apache.ant/ant-launcher/jars/ant-launcher-1.8.4.jar:/home/jbondia/.gvm/grails/2.4.2/lib/org.apache.ant/ant-trax/jars/ant-trax-1.7.1.jar:/home/jbondia/.gvm/grails/2.4.2/lib/org.apache.ant/ant-junit/jars/ant-junit-1.8.4.jar:/home/jbondia/.gvm/grails/2.4.2/lib/org.apache.ivy/ivy/jars/ivy-2.3.0.jar:/home/jbondia/.gvm/grails/2.4.2/lib/org.fusesource.jansi/jansi/jars/jansi-1.11.jar:/home/jbondia/.m2/repository/org/apache/tomcat/tomcat-catalina-ant/7.0.53/tomcat-catalina-ant-7.0.53.jar:/home/jbondia/.m2/repository/org/apache/tomcat/embed/tomcat-embed-jasper/7.0.53/tomcat-embed-jasper-7.0.53.jar:/home/jbondia/.m2/repository/org/apache/tomcat/embed/tomcat-embed-websocket/7.0.53/tomcat-embed-websocket-7.0.53.jar:/home/jbondia/.m2/repository/org/apache/tomcat/embed/tomcat-embed-core/7.0.53/tomcat-embed-core-7.0.53.jar:/home/jbondia/.m2/repository/org/eclipse/jdt/core/compiler/ecj/3.7.2/ecj-3.7.2.jar:/home/jbondia/.m2/repository/org/apache/tomcat/embed/tomcat-embed-el/7.0.53/tomcat-embed-el-7.0.53.jar:/home/jbondia/Diputació-AST/idea_workspace/ocel
Launcher Type: SUN_STANDARD

Environment Variables:
JAVA_HOME=/usr/lib/jvm/java-8-oracle
CLASSPATH=./../lib/bootstrap.jar:./../lib/extensions.jar:./../lib/util.jar:./../lib/jdom.jar:./../lib/log4j.jar:./../lib/trove4j.jar:./../lib/jna.jar:/usr/lib/jvm/java-8-oracle/lib/tools.jar
PATH=/home/jbondia/.gvm/vertx/current/bin:/home/jbondia/.gvm/springboot/current/bin:/home/jbondia/.gvm/lazybones/current/bin:/home/jbondia/.gvm/groovyserv/current/bin:/home/jbondia/.gvm/groovy/current/bin:/home/jbondia/.gvm/griffon/current/bin:/home/jbondia/.gvm/grails/current/bin:/home/jbondia/.gvm/gradle/current/bin:/home/jbondia/.gvm/glide/current/bin:/home/jbondia/.gvm/gaiden/current/bin:/home/jbondia/.gvm/crash/current/bin:/usr/local/apache-maven/apache-maven-3.1.1/bin:/usr/lib/lightdm/lightdm:/usr/local/sbin:/usr/local/bin:/usr/sbin:/usr/bin:/sbin:/bin:/usr/games:/usr/lib/jvm/java-8-oracle/bin:/usr/lib/jvm/java-8-oracle/db/bin:/usr/lib/jvm/java-8-oracle/jre/bin
LD_LIBRARY_PATH=.:
SHELL=/bin/bash
DISPLAY=:0

Signal Handlers:
SIGSEGV: [libjvm.so+0xa2fc90], sa_mask[0]=0x7ffbfeff, sa_flags=0x10000004
SIGBUS: [libjvm.so+0xa2fc90], sa_mask[0]=0x7ffbfeff, sa_flags=0x10000004
SIGFPE: [libjvm.so+0x89b4b0], sa_mask[0]=0x7ffbfeff, sa_flags=0x10000004
SIGPIPE: [libjvm.so+0x89b4b0], sa_mask[0]=0x7ffbfeff, sa_flags=0x10000004
SIGXFSZ: [libjvm.so+0x89b4b0], sa_mask[0]=0x7ffbfeff, sa_flags=0x10000004
SIGILL: [libjvm.so+0x89b4b0], sa_mask[0]=0x7ffbfeff, sa_flags=0x10000004
SIGUSR1: SIG_DFL, sa_mask[0]=0x00000000, sa_flags=0x00000000
SIGUSR2: [libjvm.so+0x89cc50], sa_mask[0]=0x00000004, sa_flags=0x10000004
SIGHUP: [libjvm.so+0x89df00], sa_mask[0]=0x7ffbfeff, sa_flags=0x10000004
SIGINT: [libjvm.so+0x89df00], sa_mask[0]=0x7ffbfeff, sa_flags=0x10000004
SIGTERM: [libjvm.so+0x89df00], sa_mask[0]=0x7ffbfeff, sa_flags=0x10000004
SIGQUIT: [libjvm.so+0x89df00], sa_mask[0]=0x7ffbfeff, sa_flags=0x10000004


---------------  S Y S T E M  ---------------

OS:DISTRIB_ID=Ubuntu
DISTRIB_RELEASE=12.04
DISTRIB_CODENAME=precise
DISTRIB_DESCRIPTION="Ubuntu 12.04.4 LTS"

uname:Linux 3.2.0-65-generic #99-Ubuntu SMP Fri Jul 4 21:03:29 UTC 2014 x86_64
libc:glibc 2.15 NPTL 2.15 
rlimit: STACK 8192k, CORE 0k, NPROC 30326, NOFILE 4096, AS infinity
load average:3.30 1.92 1.47

/proc/meminfo:
MemTotal:        3899392 kB
MemFree:          134100 kB
Buffers:           11920 kB
Cached:           450480 kB
SwapCached:        81684 kB
Active:          2673328 kB
Inactive:         849788 kB
Active(anon):    2532092 kB
Inactive(anon):   708296 kB
Active(file):     141236 kB
Inactive(file):   141492 kB
Unevictable:          16 kB
Mlocked:              16 kB
SwapTotal:       1951740 kB
SwapFree:        1576224 kB
Dirty:             17036 kB
Writeback:             0 kB
AnonPages:       3005964 kB
Mapped:           111412 kB
Shmem:            179636 kB
Slab:             118512 kB
SReclaimable:      80596 kB
SUnreclaim:        37916 kB
KernelStack:        5768 kB
PageTables:        45164 kB
NFS_Unstable:          0 kB
Bounce:                0 kB
WritebackTmp:          0 kB
CommitLimit:     3901436 kB
Committed_AS:    7662784 kB
VmallocTotal:   34359738367 kB
VmallocUsed:      600524 kB
VmallocChunk:   34359132552 kB
HardwareCorrupted:     0 kB
AnonHugePages:         0 kB
HugePages_Total:       0
HugePages_Free:        0
HugePages_Rsvd:        0
HugePages_Surp:        0
Hugepagesize:       2048 kB
DirectMap4k:       59392 kB
DirectMap2M:     3985408 kB


CPU:total 4 (2 cores per cpu, 2 threads per core) family 6 model 42 stepping 7, cmov, cx8, fxsr, mmx, sse, sse2, sse3, ssse3, sse4.1, sse4.2, popcnt, avx, clmul, ht, tsc, tscinvbit

/proc/cpuinfo:
processor	: 0
vendor_id	: GenuineIntel
cpu family	: 6
model		: 42
model name	: Intel(R) Core(TM) i5-2410M CPU @ 2.30GHz
stepping	: 7
microcode	: 0x14
cpu MHz		: 1400.000
cache size	: 3072 KB
physical id	: 0
siblings	: 4
core id		: 0
cpu cores	: 2
apicid		: 0
initial apicid	: 0
fpu		: yes
fpu_exception	: yes
cpuid level	: 13
wp		: yes
flags		: fpu vme de pse tsc msr pae mce cx8 apic sep mtrr pge mca cmov pat pse36 clflush dts acpi mmx fxsr sse sse2 ss ht tm pbe syscall nx rdtscp lm constant_tsc arch_perfmon pebs bts rep_good nopl xtopology nonstop_tsc aperfmperf pni pclmulqdq dtes64 monitor ds_cpl vmx est tm2 ssse3 cx16 xtpr pdcm pcid sse4_1 sse4_2 x2apic popcnt tsc_deadline_timer xsave avx lahf_lm ida arat epb xsaveopt pln pts dtherm tpr_shadow vnmi flexpriority ept vpid
bogomips	: 4589.61
clflush size	: 64
cache_alignment	: 64
address sizes	: 36 bits physical, 48 bits virtual
power management:

processor	: 1
vendor_id	: GenuineIntel
cpu family	: 6
model		: 42
model name	: Intel(R) Core(TM) i5-2410M CPU @ 2.30GHz
stepping	: 7
microcode	: 0x14
cpu MHz		: 1400.000
cache size	: 3072 KB
physical id	: 0
siblings	: 4
core id		: 0
cpu cores	: 2
apicid		: 1
initial apicid	: 1
fpu		: yes
fpu_exception	: yes
cpuid level	: 13
wp		: yes
flags		: fpu vme de pse tsc msr pae mce cx8 apic sep mtrr pge mca cmov pat pse36 clflush dts acpi mmx fxsr sse sse2 ss ht tm pbe syscall nx rdtscp lm constant_tsc arch_perfmon pebs bts rep_good nopl xtopology nonstop_tsc aperfmperf pni pclmulqdq dtes64 monitor ds_cpl vmx est tm2 ssse3 cx16 xtpr pdcm pcid sse4_1 sse4_2 x2apic popcnt tsc_deadline_timer xsave avx lahf_lm ida arat epb xsaveopt pln pts dtherm tpr_shadow vnmi flexpriority ept vpid
bogomips	: 4589.35
clflush size	: 64
cache_alignment	: 64
address sizes	: 36 bits physical, 48 bits virtual
power management:

processor	: 2
vendor_id	: GenuineIntel
cpu family	: 6
model		: 42
model name	: Intel(R) Core(TM) i5-2410M CPU @ 2.30GHz
stepping	: 7
microcode	: 0x14
cpu MHz		: 1400.000
cache size	: 3072 KB
physical id	: 0
siblings	: 4
core id		: 1
cpu cores	: 2
apicid		: 2
initial apicid	: 2
fpu		: yes
fpu_exception	: yes
cpuid level	: 13
wp		: yes
flags		: fpu vme de pse tsc msr pae mce cx8 apic sep mtrr pge mca cmov pat pse36 clflush dts acpi mmx fxsr sse sse2 ss ht tm pbe syscall nx rdtscp lm constant_tsc arch_perfmon pebs bts rep_good nopl xtopology nonstop_tsc aperfmperf pni pclmulqdq dtes64 monitor ds_cpl vmx est tm2 ssse3 cx16 xtpr pdcm pcid sse4_1 sse4_2 x2apic popcnt tsc_deadline_timer xsave avx lahf_lm ida arat epb xsaveopt pln pts dtherm tpr_shadow vnmi flexpriority ept vpid
bogomips	: 4589.36
clflush size	: 64
cache_alignment	: 64
address sizes	: 36 bits physical, 48 bits virtual
power management:

processor	: 3
vendor_id	: GenuineIntel
cpu family	: 6
model		: 42
model name	: Intel(R) Core(TM) i5-2410M CPU @ 2.30GHz
stepping	: 7
microcode	: 0x14
cpu MHz		: 1400.000
cache size	: 3072 KB
physical id	: 0
siblings	: 4
core id		: 1
cpu cores	: 2
apicid		: 3
initial apicid	: 3
fpu		: yes
fpu_exception	: yes
cpuid level	: 13
wp		: yes
flags		: fpu vme de pse tsc msr pae mce cx8 apic sep mtrr pge mca cmov pat pse36 clflush dts acpi mmx fxsr sse sse2 ss ht tm pbe syscall nx rdtscp lm constant_tsc arch_perfmon pebs bts rep_good nopl xtopology nonstop_tsc aperfmperf pni pclmulqdq dtes64 monitor ds_cpl vmx est tm2 ssse3 cx16 xtpr pdcm pcid sse4_1 sse4_2 x2apic popcnt tsc_deadline_timer xsave avx lahf_lm ida arat epb xsaveopt pln pts dtherm tpr_shadow vnmi flexpriority ept vpid
bogomips	: 4589.37
clflush size	: 64
cache_alignment	: 64
address sizes	: 36 bits physical, 48 bits virtual
power management:



Memory: 4k page, physical 3899392k(134100k free), swap 1951740k(1576224k free)

vm_info: Java HotSpot(TM) 64-Bit Server VM (25.5-b02) for linux-amd64 JRE (1.8.0_05-b13), built on Mar 18 2014 00:29:27 by "java_re" with gcc 4.3.0 20080428 (Red Hat 4.3.0-8)

time: Tue Jul  8 10:18:37 2014
elapsed time: 48 seconds

