#
# A fatal error has been detected by the Java Runtime Environment:
#
#  SIGSEGV (0xb) at pc=0x00007f1860444b2c, pid=6596, tid=139742322755328
#
# JRE version: Java(TM) SE Runtime Environment (8.0_05-b13) (build 1.8.0_05-b13)
# Java VM: Java HotSpot(TM) 64-Bit Server VM (25.5-b02 mixed mode linux-amd64 compressed oops)
# Problematic frame:
# V  [libjvm.so+0x304b2c]  OopFlow::build_oop_map(Node*, int, PhaseRegAlloc*, int*)+0x14c
#
# Failed to write core dump. Core dumps have been disabled. To enable core dumping, try "ulimit -c unlimited" before starting Java again
#
# If you would like to submit a bug report, please visit:
#   http://bugreport.sun.com/bugreport/crash.jsp
#

---------------  T H R E A D  ---------------

Current thread (0x00007f1844118800):  JavaThread "C2 CompilerThread0" daemon [_thread_in_native, id=6608, stack(0x00007f184b720000,0x00007f184b821000)]

siginfo:si_signo=SIGSEGV: si_errno=0, si_code=1 (SEGV_MAPERR), si_addr=0x0000000000000000

Registers:
RAX=0x00007f183c9b8088, RBX=0x0000000000000000, RCX=0x0000000000000008, RDX=0x00007f183c9b8760
RSP=0x00007f184b81c560, RBP=0x00007f184b81c5e0, RSI=0x00000000000000db, RDI=0x00007f183c9b8790
R8 =0x00007f183c37fba0, R9 =0x0000000000000013, R10=0x0000000000000000, R11=0x0000000000000000
R12=0x00000000000000c0, R13=0x0000000000000180, R14=0x00000000000000b8, R15=0x0000000001c915b8
RIP=0x00007f1860444b2c, EFLAGS=0x0000000000010246, CSGSFS=0x0000000000000033, ERR=0x0000000000000004
  TRAPNO=0x000000000000000e

Top of Stack: (sp=0x00007f184b81c560)
0x00007f184b81c560:   00007f183c37f320 0000000000000400
0x00007f184b81c570:   00007f183c37fba0 00007f184b81de10
0x00007f184b81c580:   000000da3c37b600 0000000001c915b8
0x00007f184b81c590:   00007f183c9b8760 0000001c6064da56
0x00007f184b81c5a0:   00007f183c9b8790 000000000190b5f0
0x00007f184b81c5b0:   000000084b81c600 0000000001c915b8
0x00007f184b81c5c0:   00007f183c9b8760 0000000000000012
0x00007f184b81c5d0:   0000000000000013 0000000000000013
0x00007f184b81c5e0:   00007f184b81c650 00007f186044510a
0x00007f184b81c5f0:   00007f184b81c650 00007f180000ffff
0x00007f184b81c600:   00007f1800000004 00007f183c37b600
0x00007f184b81c610:   000000da4b81c650 00007f184b81de10
0x00007f184b81c620:   0000000901c910f8 0000000000000000
0x00007f184b81c630:   00000000022d1548 0000000000000000
0x00007f184b81c640:   00007f183c9b5210 00000000022d0f18
0x00007f184b81c650:   00007f184b81c790 00007f186044629d
0x00007f184b81c660:   00007f184b81c6a0 000000000101dfd8
0x00007f184b81c670:   00007f184b81c730 0000000000000018
0x00007f184b81c680:   000000000000001c 000000070f000000
0x00007f184b81c690:   0000000100000004 00007f184b81c758
0x00007f184b81c6a0:   00007f184b81c750 00007f184b81c730
0x00007f184b81c6b0:   00007f184b81c730 00007f184b81c730
0x00007f184b81c6c0:   00007f184b81ec80 0000000000000007
0x00007f184b81c6d0:   00007f184b81df40 00000007000000da
0x00007f184b81c6e0:   00007f183c37b600 00007f184411f830
0x00007f184b81c6f0:   00000000000000da ffffffff3c3782c0
0x00007f184b81c700:   00000000022d1dc8 0000000001c910f8
0x00007f184b81c710:   00007f183c37b730 0000000000000020
0x00007f184b81c720:   ffffffffffffffdf 00007f184b81de10
0x00007f184b81c730:   00007f1800000080 00007f184411f830
0x00007f184b81c740:   00007f183c37dc60 00007f1800000004
0x00007f184b81c750:   0000000000000014 0000000000000000 

Instructions: (pc=0x00007f1860444b2c)
0x00007f1860444b0c:   44 39 e2 0f 8e bb 00 00 00 48 8b 05 fc 90 ba 00
0x00007f1860444b1c:   4e 8b 34 a8 48 8b 55 b0 48 8b 42 08 4a 8b 1c a8
0x00007f1860444b2c:   48 8b 03 48 89 df ff 50 28 8b 48 10 48 89 c6 48
0x00007f1860444b3c:   8b 15 de a9 ba 00 48 63 c1 48 8d 44 00 01 48 c1 

Register to memory mapping:

RAX=0x00007f183c9b8088 is an unknown value
RBX=0x0000000000000000 is an unknown value
RCX=0x0000000000000008 is an unknown value
RDX=0x00007f183c9b8760 is an unknown value
RSP=0x00007f184b81c560 is pointing into the stack for thread: 0x00007f1844118800
RBP=0x00007f184b81c5e0 is pointing into the stack for thread: 0x00007f1844118800
RSI=0x00000000000000db is an unknown value
RDI=0x00007f183c9b8790 is an unknown value
R8 =0x00007f183c37fba0 is an unknown value
R9 =0x0000000000000013 is an unknown value
R10=0x0000000000000000 is an unknown value
R11=0x0000000000000000 is an unknown value
R12=0x00000000000000c0 is an unknown value
R13=0x0000000000000180 is an unknown value
R14=0x00000000000000b8 is an unknown value
R15=0x0000000001c915b8 is an unknown value


Stack: [0x00007f184b720000,0x00007f184b821000],  sp=0x00007f184b81c560,  free space=1009k
Native frames: (J=compiled Java code, j=interpreted, Vv=VM code, C=native code)
V  [libjvm.so+0x304b2c]  OopFlow::build_oop_map(Node*, int, PhaseRegAlloc*, int*)+0x14c
V  [libjvm.so+0x30510a]  OopFlow::compute_reach(PhaseRegAlloc*, int, Dict*)+0x22a
V  [libjvm.so+0x30629d]  Compile::BuildOopMaps()+0xffd
V  [libjvm.so+0x8b4b8d]  Compile::Output()+0x6dd
V  [libjvm.so+0x45e05a]  Compile::Code_Gen()+0x30a
V  [libjvm.so+0x4612c5]  Compile::Compile(ciEnv*, C2Compiler*, ciMethod*, int, bool, bool, bool)+0x1435
V  [libjvm.so+0x3b5008]  C2Compiler::compile_method(ciEnv*, ciMethod*, int)+0x198
V  [libjvm.so+0x46982a]  CompileBroker::invoke_compiler_on_method(CompileTask*)+0xc8a
V  [libjvm.so+0x46c230]  CompileBroker::compiler_thread_loop()+0x620
V  [libjvm.so+0x9e303f]  JavaThread::thread_main_inner()+0xdf
V  [libjvm.so+0x9e3205]  JavaThread::run()+0x1b5
V  [libjvm.so+0x8a00c8]  java_start(Thread*)+0x108


Current CompileTask:
C2:  10989 4913       4       groovy.lang.MetaClassImpl::findPropertyMethod (356 bytes)


---------------  P R O C E S S  ---------------

Java Threads: ( => current thread )
  0x00007f183ca47000 JavaThread "net.sf.ehcache.CacheManager@47c9f369" daemon [_thread_blocked, id=6635, stack(0x00007f18437fe000,0x00007f18438ff000)]
  0x0000000001e72800 JavaThread "PoolCleaner[2060265260:1404986206336]" daemon [_thread_blocked, id=6634, stack(0x00007f1843eff000,0x00007f1844000000)]
  0x00000000019c8000 JavaThread "FileSystemWatcher: files=#143 cl=groovy.lang.GroovyClassLoader@7acd272c" daemon [_thread_blocked, id=6632, stack(0x00007f18490ff000,0x00007f1849200000)]
  0x000000000197d800 JavaThread "Thread-4" daemon [_thread_in_native, id=6631, stack(0x00007f1849213000,0x00007f1849314000)]
  0x00000000014d6800 JavaThread "localhost-startStop-1" daemon [_thread_in_Java, id=6630, stack(0x00007f1849530000,0x00007f1849631000)]
  0x00000000017f0800 JavaThread "Tomcat-startStop-1" daemon [_thread_blocked, id=6629, stack(0x00007f1849631000,0x00007f1849732000)]
  0x00007f1844962800 JavaThread "Thread-3" [_thread_in_native, id=6628, stack(0x00007f1849f62000,0x00007f184a063000)]
  0x00007f184467d800 JavaThread "Thread-2" [_thread_blocked, id=6627, stack(0x00007f184a4a8000,0x00007f184a5a9000)]
  0x00007f184432b800 JavaThread "NonBlockingInputStreamThread" daemon [_thread_blocked, id=6621, stack(0x00007f184aba9000,0x00007f184acaa000)]
  0x00007f18442fc000 JavaThread "process reaper" daemon [_thread_blocked, id=6615, stack(0x00007f184b2de000,0x00007f184b317000)]
  0x00007f184416b800 JavaThread "Service Thread" daemon [_thread_blocked, id=6611, stack(0x00007f184b41d000,0x00007f184b51e000)]
  0x00007f184412a000 JavaThread "C1 CompilerThread2" daemon [_thread_blocked, id=6610, stack(0x00007f184b51e000,0x00007f184b61f000)]
  0x00007f1844128800 JavaThread "C2 CompilerThread1" daemon [_thread_in_native, id=6609, stack(0x00007f184b61f000,0x00007f184b720000)]
=>0x00007f1844118800 JavaThread "C2 CompilerThread0" daemon [_thread_in_native, id=6608, stack(0x00007f184b720000,0x00007f184b821000)]
  0x00007f1844034000 JavaThread "Signal Dispatcher" daemon [_thread_blocked, id=6607, stack(0x00007f184b929000,0x00007f184ba2a000)]
  0x0000000000cdf000 JavaThread "Finalizer" daemon [_thread_blocked, id=6606, stack(0x00007f184bba1000,0x00007f184bca2000)]
  0x0000000000cdb000 JavaThread "Reference Handler" daemon [_thread_blocked, id=6605, stack(0x00007f184bca2000,0x00007f184bda3000)]
  0x0000000000ba5800 JavaThread "main" [_thread_blocked, id=6599, stack(0x00007f1861b2b000,0x00007f1861c2c000)]

Other Threads:
  0x0000000000cd6000 VMThread [stack: 0x00007f184bda3000,0x00007f184bea4000] [id=6604]
  0x00007f184416e000 WatcherThread [stack: 0x00007f184b31c000,0x00007f184b41d000] [id=6612]

VM state:not at safepoint (normal execution)

VM Mutex/Monitor currently owned by a thread: None

Heap:
 PSYoungGen      total 241152K, used 172033K [0x00000000f0000000, 0x0000000100000000, 0x0000000100000000)
  eden space 232448K, 70% used [0x00000000f0000000,0x00000000f9f85710,0x00000000fe300000)
  from space 8704K, 99% used [0x00000000ff780000,0x00000000ffffadd0,0x0000000100000000)
  to   space 14848K, 0% used [0x00000000fe300000,0x00000000fe300000,0x00000000ff180000)
 ParOldGen       total 87040K, used 76909K [0x00000000d0000000, 0x00000000d5500000, 0x00000000f0000000)
  object space 87040K, 88% used [0x00000000d0000000,0x00000000d4b1b5e8,0x00000000d5500000)
 Metaspace       used 57104K, capacity 58502K, committed 58704K, reserved 1101824K
  class space    used 6451K, capacity 6880K, committed 6992K, reserved 1048576K

Card table byte_map: [0x00007f184f6dd000,0x00007f184f85e000] byte_map_base: 0x00007f184f05d000

Marking Bits: (ParMarkBitMap*) 0x00007f1861038cc0
 Begin Bits: [0x00007f184d9d9000, 0x00007f184e5d9000)
 End Bits:   [0x00007f184e5d9000, 0x00007f184f1d9000)

Polling page: 0x00007f1861c41000

CodeCache: size=245760Kb used=16117Kb max_used=16436Kb free=229642Kb
 bounds [0x00007f184fc1e000, 0x00007f1850c3e000, 0x00007f185ec1e000]
 total_blobs=5332 nmethods=4590 adapters=653
 compilation: enabled

Compilation events (10 events):
Event: 10,968 Thread 0x00007f184412a000 4972       1       sl.org.objectweb.asm.FieldWriter::visitEnd (1 bytes)
Event: 10,968 Thread 0x00007f184412a000 nmethod 4972 0x00007f184fdfc990 code [0x00007f184fdfcae0, 0x00007f184fdfcbf0]
Event: 10,970 Thread 0x00007f184412a000 4974       2       org.springsource.loaded.ri.JavaMethodCache::isInitialized (13 bytes)
Event: 10,970 Thread 0x00007f184412a000 nmethod 4974 0x00007f185005fb10 code [0x00007f185005fc60, 0x00007f185005fdd0]
Event: 10,970 Thread 0x00007f184412a000 4973       2       org.springsource.loaded.ri.JavaMethodCache::get (17 bytes)
Event: 10,970 Thread 0x00007f184412a000 nmethod 4973 0x00007f185005f710 code [0x00007f185005f880, 0x00007f185005fa28]
Event: 10,972 Thread 0x00007f184412a000 4975       2       sun.reflect.ClassFileAssembler::decStack (11 bytes)
Event: 10,972 Thread 0x00007f184412a000 nmethod 4975 0x00007f1850386390 code [0x00007f18503864e0, 0x00007f1850386630]
Event: 10,973 Thread 0x00007f184412a000 4976       2       java.lang.ClassLoader::findResources (4 bytes)
Event: 10,973 Thread 0x00007f184412a000 nmethod 4976 0x00007f1850386050 code [0x00007f18503861a0, 0x00007f18503862f0]

GC Heap History (10 events):
Event: 8,328 GC heap before
{Heap before GC invocations=53 (full 4):
 PSYoungGen      total 237568K, used 234311K [0x00000000f0000000, 0x00000000ff000000, 0x0000000100000000)
  eden space 230400K, 100% used [0x00000000f0000000,0x00000000fe100000,0x00000000fe100000)
  from space 7168K, 54% used [0x00000000fe900000,0x00000000fecd1c38,0x00000000ff000000)
  to   space 7680K, 0% used [0x00000000fe100000,0x00000000fe100000,0x00000000fe880000)
 ParOldGen       total 72192K, used 59649K [0x00000000d0000000, 0x00000000d4680000, 0x00000000f0000000)
  object space 72192K, 82% used [0x00000000d0000000,0x00000000d3a40798,0x00000000d4680000)
 Metaspace       used 49771K, capacity 51020K, committed 51408K, reserved 1095680K
  class space    used 5578K, capacity 5975K, committed 6096K, reserved 1048576K
Event: 8,333 GC heap after
Heap after GC invocations=53 (full 4):
 PSYoungGen      total 238080K, used 4722K [0x00000000f0000000, 0x00000000fff80000, 0x0000000100000000)
  eden space 230400K, 0% used [0x00000000f0000000,0x00000000f0000000,0x00000000fe100000)
  from space 7680K, 61% used [0x00000000fe100000,0x00000000fe59cb18,0x00000000fe880000)
  to   space 7680K, 0% used [0x00000000ff800000,0x00000000ff800000,0x00000000fff80000)
 ParOldGen       total 72192K, used 59657K [0x00000000d0000000, 0x00000000d4680000, 0x00000000f0000000)
  object space 72192K, 82% used [0x00000000d0000000,0x00000000d3a42798,0x00000000d4680000)
 Metaspace       used 49771K, capacity 51020K, committed 51408K, reserved 1095680K
  class space    used 5578K, capacity 5975K, committed 6096K, reserved 1048576K
}
Event: 8,724 GC heap before
{Heap before GC invocations=54 (full 4):
 PSYoungGen      total 238080K, used 235122K [0x00000000f0000000, 0x00000000fff80000, 0x0000000100000000)
  eden space 230400K, 100% used [0x00000000f0000000,0x00000000fe100000,0x00000000fe100000)
  from space 7680K, 61% used [0x00000000fe100000,0x00000000fe59cb18,0x00000000fe880000)
  to   space 7680K, 0% used [0x00000000ff800000,0x00000000ff800000,0x00000000fff80000)
 ParOldGen       total 72192K, used 59657K [0x00000000d0000000, 0x00000000d4680000, 0x00000000f0000000)
  object space 72192K, 82% used [0x00000000d0000000,0x00000000d3a42798,0x00000000d4680000)
 Metaspace       used 51742K, capacity 53014K, committed 53456K, reserved 1095680K
  class space    used 5843K, capacity 6236K, committed 6352K, reserved 1048576K
Event: 8,732 GC heap after
Heap after GC invocations=54 (full 4):
 PSYoungGen      total 252416K, used 7674K [0x00000000f0000000, 0x0000000100000000, 0x0000000100000000)
  eden space 244736K, 0% used [0x00000000f0000000,0x00000000f0000000,0x00000000fef00000)
  from space 7680K, 99% used [0x00000000ff800000,0x00000000fff7e9b8,0x00000000fff80000)
  to   space 8704K, 0% used [0x00000000fef00000,0x00000000fef00000,0x00000000ff780000)
 ParOldGen       total 72192K, used 60314K [0x00000000d0000000, 0x00000000d4680000, 0x00000000f0000000)
  object space 72192K, 83% used [0x00000000d0000000,0x00000000d3ae6a08,0x00000000d4680000)
 Metaspace       used 51742K, capacity 53014K, committed 53456K, reserved 1095680K
  class space    used 5843K, capacity 6236K, committed 6352K, reserved 1048576K
}
Event: 9,271 GC heap before
{Heap before GC invocations=55 (full 4):
 PSYoungGen      total 252416K, used 252410K [0x00000000f0000000, 0x0000000100000000, 0x0000000100000000)
  eden space 244736K, 100% used [0x00000000f0000000,0x00000000fef00000,0x00000000fef00000)
  from space 7680K, 99% used [0x00000000ff800000,0x00000000fff7e9b8,0x00000000fff80000)
  to   space 8704K, 0% used [0x00000000fef00000,0x00000000fef00000,0x00000000ff780000)
 ParOldGen       total 72192K, used 60314K [0x00000000d0000000, 0x00000000d4680000, 0x00000000f0000000)
  object space 72192K, 83% used [0x00000000d0000000,0x00000000d3ae6a08,0x00000000d4680000)
 Metaspace       used 52911K, capacity 54194K, committed 54608K, reserved 1097728K
  class space    used 5998K, capacity 6383K, committed 6480K, reserved 1048576K
Event: 9,283 GC heap after
Heap after GC invocations=55 (full 4):
 PSYoungGen      total 253440K, used 8676K [0x00000000f0000000, 0x0000000100000000, 0x0000000100000000)
  eden space 244736K, 0% used [0x00000000f0000000,0x00000000f0000000,0x00000000fef00000)
  from space 8704K, 99% used [0x00000000fef00000,0x00000000ff779020,0x00000000ff780000)
  to   space 8704K, 0% used [0x00000000ff780000,0x00000000ff780000,0x0000000100000000)
 ParOldGen       total 72192K, used 66847K [0x00000000d0000000, 0x00000000d4680000, 0x00000000f0000000)
  object space 72192K, 92% used [0x00000000d0000000,0x00000000d4147f90,0x00000000d4680000)
 Metaspace       used 52911K, capacity 54194K, committed 54608K, reserved 1097728K
  class space    used 5998K, capacity 6383K, committed 6480K, reserved 1048576K
}
Event: 9,283 GC heap before
{Heap before GC invocations=56 (full 5):
 PSYoungGen      total 253440K, used 8676K [0x00000000f0000000, 0x0000000100000000, 0x0000000100000000)
  eden space 244736K, 0% used [0x00000000f0000000,0x00000000f0000000,0x00000000fef00000)
  from space 8704K, 99% used [0x00000000fef00000,0x00000000ff779020,0x00000000ff780000)
  to   space 8704K, 0% used [0x00000000ff780000,0x00000000ff780000,0x0000000100000000)
 ParOldGen       total 72192K, used 66847K [0x00000000d0000000, 0x00000000d4680000, 0x00000000f0000000)
  object space 72192K, 92% used [0x00000000d0000000,0x00000000d4147f90,0x00000000d4680000)
 Metaspace       used 52911K, capacity 54194K, committed 54608K, reserved 1097728K
  class space    used 5998K, capacity 6383K, committed 6480K, reserved 1048576K
Event: 9,734 GC heap after
Heap after GC invocations=56 (full 5):
 PSYoungGen      total 253440K, used 1503K [0x00000000f0000000, 0x0000000100000000, 0x0000000100000000)
  eden space 244736K, 0% used [0x00000000f0000000,0x00000000f0000000,0x00000000fef00000)
  from space 8704K, 17% used [0x00000000fef00000,0x00000000ff077fa0,0x00000000ff780000)
  to   space 8704K, 0% used [0x00000000ff780000,0x00000000ff780000,0x0000000100000000)
 ParOldGen       total 87040K, used 71705K [0x00000000d0000000, 0x00000000d5500000, 0x00000000f0000000)
  object space 87040K, 82% used [0x00000000d0000000,0x00000000d4606698,0x00000000d5500000)
 Metaspace       used 52911K, capacity 54194K, committed 54608K, reserved 1097728K
  class space    used 5998K, capacity 6383K, committed 6480K, reserved 1048576K
}
Event: 10,538 GC heap before
{Heap before GC invocations=57 (full 5):
 PSYoungGen      total 253440K, used 246239K [0x00000000f0000000, 0x0000000100000000, 0x0000000100000000)
  eden space 244736K, 100% used [0x00000000f0000000,0x00000000fef00000,0x00000000fef00000)
  from space 8704K, 17% used [0x00000000fef00000,0x00000000ff077fa0,0x00000000ff780000)
  to   space 8704K, 0% used [0x00000000ff780000,0x00000000ff780000,0x0000000100000000)
 ParOldGen       total 87040K, used 71705K [0x00000000d0000000, 0x00000000d5500000, 0x00000000f0000000)
  object space 87040K, 82% used [0x00000000d0000000,0x00000000d4606698,0x00000000d5500000)
 Metaspace       used 54991K, capacity 56368K, committed 56656K, reserved 1099776K
  class space    used 6192K, capacity 6613K, committed 6736K, reserved 1048576K
Event: 10,586 GC heap after
Heap after GC invocations=57 (full 5):
 PSYoungGen      total 241152K, used 8683K [0x00000000f0000000, 0x0000000100000000, 0x0000000100000000)
  eden space 232448K, 0% used [0x00000000f0000000,0x00000000f0000000,0x00000000fe300000)
  from space 8704K, 99% used [0x00000000ff780000,0x00000000ffffadd0,0x0000000100000000)
  to   space 14848K, 0% used [0x00000000fe300000,0x00000000fe300000,0x00000000ff180000)
 ParOldGen       total 87040K, used 76909K [0x00000000d0000000, 0x00000000d5500000, 0x00000000f0000000)
  object space 87040K, 88% used [0x00000000d0000000,0x00000000d4b1b5e8,0x00000000d5500000)
 Metaspace       used 54991K, capacity 56368K, committed 56656K, reserved 1099776K
  class space    used 6192K, capacity 6613K, committed 6736K, reserved 1048576K
}

Deoptimization events (10 events):
Event: 9,184 Thread 0x00000000014d6800 Uncommon trap: reason=array_check action=maybe_recompile pc=0x00007f1850aa16b8 method=java.util.AbstractCollection.toArray([Ljava/lang/Object;)[Ljava/lang/Object; @ 119
Event: 9,203 Thread 0x00000000014d6800 Uncommon trap: reason=class_check action=maybe_recompile pc=0x00007f1850a89f10 method=java.lang.reflect.Executable.getAnnotation(Ljava/lang/Class;)Ljava/lang/annotation/Annotation; @ 19
Event: 9,905 Thread 0x00000000014d6800 Uncommon trap: reason=class_check action=maybe_recompile pc=0x00007f1850abc010 method=java.lang.Class.getAnnotation(Ljava/lang/Class;)Ljava/lang/annotation/Annotation; @ 18
Event: 9,905 Thread 0x00000000014d6800 Uncommon trap: reason=class_check action=maybe_recompile pc=0x00007f1850abc010 method=java.lang.Class.getAnnotation(Ljava/lang/Class;)Ljava/lang/annotation/Annotation; @ 18
Event: 9,905 Thread 0x00000000014d6800 Uncommon trap: reason=class_check action=maybe_recompile pc=0x00007f1850abc010 method=java.lang.Class.getAnnotation(Ljava/lang/Class;)Ljava/lang/annotation/Annotation; @ 18
Event: 9,905 Thread 0x00000000014d6800 Uncommon trap: reason=class_check action=maybe_recompile pc=0x00007f1850abc010 method=java.lang.Class.getAnnotation(Ljava/lang/Class;)Ljava/lang/annotation/Annotation; @ 18
Event: 10,038 Thread 0x00000000014d6800 Uncommon trap: reason=unreached action=reinterpret pc=0x00007f1850aab770 method=org.codehaus.groovy.runtime.metaclass.MetaMethodIndex.getMethods(Ljava/lang/Class;Ljava/lang/String;)Lorg/codehaus/groovy/runtime/metaclass/MetaMethodIndex$Entry; @ 61
Event: 10,167 Thread 0x00000000014d6800 Uncommon trap: reason=class_check action=maybe_recompile pc=0x00007f1850a89f10 method=java.lang.reflect.Executable.getAnnotation(Ljava/lang/Class;)Ljava/lang/annotation/Annotation; @ 19
Event: 10,465 Thread 0x00000000014d6800 Uncommon trap: reason=class_check action=maybe_recompile pc=0x00007f1850a89f10 method=java.lang.reflect.Executable.getAnnotation(Ljava/lang/Class;)Ljava/lang/annotation/Annotation; @ 19
Event: 10,878 Thread 0x00000000014d6800 Uncommon trap: reason=unreached action=reinterpret pc=0x00007f1850b88fe8 method=org.springframework.beans.factory.support.AbstractAutowireCapableBeanFactory.predictBeanType(Ljava/lang/String;Lorg/springframework/beans/factory/support/RootBeanDefinition;[L

Internal exceptions (10 events):
Event: 10,981 Thread 0x00000000014d6800 Exception <a 'java/security/PrivilegedActionException'> (0x00000000f9b30a00) thrown at [/HUDSON/workspace/8-2-build-linux-amd64/jdk8u5/2488/hotspot/src/share/vm/prims/jvm.cpp, line 1248]
Event: 10,982 Thread 0x00000000014d6800 Exception <a 'java/security/PrivilegedActionException'> (0x00000000f9b46ce0) thrown at [/HUDSON/workspace/8-2-build-linux-amd64/jdk8u5/2488/hotspot/src/share/vm/prims/jvm.cpp, line 1248]
Event: 10,982 Thread 0x00000000014d6800 Exception <a 'java/security/PrivilegedActionException'> (0x00000000f9b4ba18) thrown at [/HUDSON/workspace/8-2-build-linux-amd64/jdk8u5/2488/hotspot/src/share/vm/prims/jvm.cpp, line 1248]
Event: 10,982 Thread 0x00000000014d6800 Exception <a 'java/security/PrivilegedActionException'> (0x00000000f9b5d570) thrown at [/HUDSON/workspace/8-2-build-linux-amd64/jdk8u5/2488/hotspot/src/share/vm/prims/jvm.cpp, line 1248]
Event: 10,982 Thread 0x00000000014d6800 Exception <a 'java/security/PrivilegedActionException'> (0x00000000f9b840f0) thrown at [/HUDSON/workspace/8-2-build-linux-amd64/jdk8u5/2488/hotspot/src/share/vm/prims/jvm.cpp, line 1248]
Event: 10,982 Thread 0x00000000014d6800 Exception <a 'java/lang/ClassNotFoundException': org/grails/plugin/resources/artefacts/DefaultResourcesClassCustomizer> (0x00000000f9b854e0) thrown at [/HUDSON/workspace/8-2-build-linux-amd64/jdk8u5/2488/hotspot/src/share/vm/classfile/systemDictionary.cpp
Event: 10,982 Thread 0x00000000014d6800 Exception <a 'java/security/PrivilegedActionException'> (0x00000000f9b9bed0) thrown at [/HUDSON/workspace/8-2-build-linux-amd64/jdk8u5/2488/hotspot/src/share/vm/prims/jvm.cpp, line 1248]
Event: 10,982 Thread 0x00000000014d6800 Exception <a 'java/security/PrivilegedActionException'> (0x00000000f9ba1540) thrown at [/HUDSON/workspace/8-2-build-linux-amd64/jdk8u5/2488/hotspot/src/share/vm/prims/jvm.cpp, line 1248]
Event: 10,984 Thread 0x00000000014d6800 Exception <a 'java/security/PrivilegedActionException'> (0x00000000f9c32d80) thrown at [/HUDSON/workspace/8-2-build-linux-amd64/jdk8u5/2488/hotspot/src/share/vm/prims/jvm.cpp, line 1248]
Event: 10,984 Thread 0x00000000014d6800 Exception <a 'java/security/PrivilegedActionException'> (0x00000000f9c39a58) thrown at [/HUDSON/workspace/8-2-build-linux-amd64/jdk8u5/2488/hotspot/src/share/vm/prims/jvm.cpp, line 1248]

Events (10 events):
Event: 10,981 loading class org/grails/plugin/resources/artefacts/DefaultResourcesClassCustomizer
Event: 10,981 loading class org/grails/plugin/resources/artefacts/DefaultResourcesClassCustomizer done
Event: 10,981 loading class org/grails/plugin/resources/artefacts/DefaultResourcesClassCustomizer
Event: 10,981 loading class org/grails/plugin/resources/artefacts/DefaultResourcesClassCustomizer done
Event: 10,982 loading class org/grails/plugin/resources/artefacts/DefaultResourcesClassCustomizer
Event: 10,982 loading class org/grails/plugin/resources/artefacts/DefaultResourcesClassCustomizer done
Event: 10,982 loading class org/grails/plugin/resource/module/ModuleDeclarationsFactory$_getModuleDeclarations_closure2
Event: 10,982 loading class org/grails/plugin/resource/module/ModuleDeclarationsFactory$_getModuleDeclarations_closure2 done
Event: 10,984 loading class groovy/runtime/metaclass/org/grails/plugin/resource/module/ModuleDeclarationsFactory$_getModuleDeclarations_closure2MetaClass
Event: 10,984 loading class groovy/runtime/metaclass/org/grails/plugin/resource/module/ModuleDeclarationsFactory$_getModuleDeclarations_closure2MetaClass done


Dynamic libraries:
00400000-00401000 r-xp 00000000 08:02 2228742                            /usr/lib/jvm/java-8-oracle/bin/java
00600000-00601000 rw-p 00000000 08:02 2228742                            /usr/lib/jvm/java-8-oracle/bin/java
00b97000-02c6b000 rw-p 00000000 00:00 0                                  [heap]
d0000000-d5500000 rw-p 00000000 00:00 0 
d5500000-f0000000 ---p 00000000 00:00 0 
f0000000-100000000 rw-p 00000000 00:00 0 
100000000-1006d4000 rw-p 00000000 00:00 0 
1006d4000-140000000 ---p 00000000 00:00 0 
7f183c000000-7f183d64e000 rw-p 00000000 00:00 0 
7f183d64e000-7f1840000000 ---p 00000000 00:00 0 
7f1842efd000-7f1842f7d000 rw-p 00000000 00:00 0 
7f1842f7d000-7f18430fd000 ---p 00000000 00:00 0 
7f18430fd000-7f18432fd000 rw-p 00000000 00:00 0 
7f18432fd000-7f18434fd000 rw-p 00000000 00:00 0 
7f18434fd000-7f1843500000 ---p 00000000 00:00 0 
7f1843500000-7f18437fe000 rw-p 00000000 00:00 0 
7f18437fe000-7f1843801000 ---p 00000000 00:00 0 
7f1843801000-7f1843aff000 rw-p 00000000 00:00 0 
7f1843aff000-7f1843cff000 rw-p 00000000 00:00 0 
7f1843cff000-7f1843eff000 rw-p 00000000 00:00 0 
7f1843eff000-7f1843f02000 ---p 00000000 00:00 0 
7f1843f02000-7f1844000000 rw-p 00000000 00:00 0 
7f1844000000-7f18459ab000 rw-p 00000000 00:00 0 
7f18459ab000-7f1848000000 ---p 00000000 00:00 0 
7f18480f8000-7f18480f9000 rw-p 00000000 00:00 0 
7f18480f9000-7f18480ff000 r--s 002f7000 08:02 2228554                    /usr/lib/jvm/java-8-oracle/jre/lib/charsets.jar
7f18480ff000-7f18482ff000 rw-p 00000000 00:00 0 
7f18482ff000-7f18484ff000 rw-p 00000000 00:00 0 
7f18484ff000-7f18486ff000 rw-p 00000000 00:00 0 
7f18486ff000-7f18488ff000 rw-p 00000000 00:00 0 
7f18488ff000-7f1848aff000 rw-p 00000000 00:00 0 
7f1848aff000-7f1848cff000 rw-p 00000000 00:00 0 
7f1848cff000-7f1848eff000 rw-p 00000000 00:00 0 
7f1848eff000-7f18490ff000 rw-p 00000000 00:00 0 
7f18490ff000-7f1849102000 ---p 00000000 00:00 0 
7f1849102000-7f1849200000 rw-p 00000000 00:00 0 
7f1849200000-7f1849213000 r--s 00345000 08:02 2228592                    /usr/lib/jvm/java-8-oracle/jre/lib/resources.jar
7f1849213000-7f1849216000 ---p 00000000 00:00 0 
7f1849216000-7f1849514000 rw-p 00000000 00:00 0 
7f1849514000-7f1849530000 r--s 00393000 08:02 2228454                    /usr/lib/jvm/java-8-oracle/jre/lib/ext/cldrdata.jar
7f1849530000-7f1849533000 ---p 00000000 00:00 0 
7f1849533000-7f1849631000 rw-p 00000000 00:00 0 
7f1849631000-7f1849634000 ---p 00000000 00:00 0 
7f1849634000-7f1849732000 rw-p 00000000 00:00 0 
7f1849732000-7f1849742000 r-xp 00000000 08:02 2228502                    /usr/lib/jvm/java-8-oracle/jre/lib/amd64/libnio.so
7f1849742000-7f1849942000 ---p 00010000 08:02 2228502                    /usr/lib/jvm/java-8-oracle/jre/lib/amd64/libnio.so
7f1849942000-7f1849943000 rw-p 00010000 08:02 2228502                    /usr/lib/jvm/java-8-oracle/jre/lib/amd64/libnio.so
7f1849943000-7f1849b43000 rw-p 00000000 00:00 0 
7f1849b43000-7f1849b4b000 r-xp 00000000 08:02 2228513                    /usr/lib/jvm/java-8-oracle/jre/lib/amd64/libmanagement.so
7f1849b4b000-7f1849d4b000 ---p 00008000 08:02 2228513                    /usr/lib/jvm/java-8-oracle/jre/lib/amd64/libmanagement.so
7f1849d4b000-7f1849d4c000 rw-p 00008000 08:02 2228513                    /usr/lib/jvm/java-8-oracle/jre/lib/amd64/libmanagement.so
7f1849d4c000-7f1849d62000 r-xp 00000000 08:02 2228479                    /usr/lib/jvm/java-8-oracle/jre/lib/amd64/libnet.so
7f1849d62000-7f1849f61000 ---p 00016000 08:02 2228479                    /usr/lib/jvm/java-8-oracle/jre/lib/amd64/libnet.so
7f1849f61000-7f1849f62000 rw-p 00015000 08:02 2228479                    /usr/lib/jvm/java-8-oracle/jre/lib/amd64/libnet.so
7f1849f62000-7f1849f65000 ---p 00000000 00:00 0 
7f1849f65000-7f184a063000 rw-p 00000000 00:00 0 
7f184a063000-7f184a066000 r--s 00012000 08:02 32637081                   /home/luis/.gvm/grails/2.4.2/lib/javax.servlet/javax.servlet-api/jars/javax.servlet-api-3.0.1.jar
7f184a066000-7f184a06b000 r--s 00040000 08:02 33687671                   /home/luis/.gvm/grails/2.4.2/dist/grails-project-api-2.4.2.jar
7f184a06b000-7f184a07c000 r--s 000d2000 08:02 33162674                   /home/luis/.m2/repository/org/liquibase/liquibase-core/2.0.5/liquibase-core-2.0.5.jar
7f184a07c000-7f184a080000 r--s 0000c000 08:02 33162673                   /home/luis/.m2/repository/javax/validation/validation-api/1.1.0.Final/validation-api-1.1.0.Final.jar
7f184a080000-7f184a086000 r--s 0004c000 08:02 32637378                   /home/luis/.gvm/grails/2.4.2/lib/org.grails/grails-datastore-simple/jars/grails-datastore-simple-3.1.1.RELEASE.jar
7f184a086000-7f184a08e000 r--s 00052000 08:02 33162618                   /home/luis/.m2/repository/org/springframework/spring-orm/4.0.5.RELEASE/spring-orm-4.0.5.RELEASE.jar
7f184a08e000-7f184a090000 r--s 0000a000 08:02 33685665                   /home/luis/.m2/repository/org/grails/grails-datastore-gorm-plugin-support/3.1.1.RELEASE/grails-datastore-gorm-plugin-support-3.1.1.RELEASE.jar
7f184a090000-7f184a096000 r--s 00041000 08:02 33685664                   /home/luis/.m2/repository/org/grails/grails-datastore-gorm-hibernate-core/3.1.1.RELEASE/grails-datastore-gorm-hibernate-core-3.1.1.RELEASE.jar
7f184a096000-7f184a09b000 r--s 00048000 08:02 33162669                   /home/luis/.m2/repository/dom4j/dom4j/1.6.1/dom4j-1.6.1.jar
7f184a09b000-7f184a09c000 r--s 00002000 08:02 33162635                   /home/luis/.m2/repository/org/jboss/logging/jboss-logging-annotations/1.2.0.Beta1/jboss-logging-annotations-1.2.0.Beta1.jar
7f184a09c000-7f184a09f000 r--s 00010000 08:02 33162662                   /home/luis/.m2/repository/org/hibernate/common/hibernate-commons-annotations/4.0.4.Final/hibernate-commons-annotations-4.0.4.Final.jar
7f184a09f000-7f184a0a7000 r--s 00062000 08:02 33685658                   /home/luis/.m2/repository/org/grails/grails-datastore-gorm-hibernate4/3.1.1.RELEASE/grails-datastore-gorm-hibernate4-3.1.1.RELEASE.jar
7f184a0a7000-7f184a0b0000 r--s 00081000 08:02 32637375                   /home/luis/.gvm/grails/2.4.2/lib/org.grails/grails-datastore-gorm/jars/grails-datastore-gorm-3.1.1.RELEASE.jar
7f184a0b0000-7f184a0bb000 r--s 00052000 08:02 32637372                   /home/luis/.gvm/grails/2.4.2/lib/org.grails/grails-datastore-core/jars/grails-datastore-core-3.1.1.RELEASE.jar
7f184a0bb000-7f184a0bd000 r--s 0000d000 08:02 33162650                   /home/luis/.m2/repository/org/jboss/logging/jboss-logging/3.1.0.GA/jboss-logging-3.1.0.GA.jar
7f184a0bd000-7f184a0d3000 r--s 000e6000 08:02 33162648                   /home/luis/.m2/repository/net/sf/ehcache/ehcache-core/2.4.8/ehcache-core-2.4.8.jar
7f184a0d3000-7f184a0d5000 r--s 00011000 08:02 33162642                   /home/luis/.m2/repository/org/jboss/jandex/1.1.0.Final/jandex-1.1.0.Final.jar
7f184a0d5000-7f184a0da000 r--s 00068000 08:02 33162640                   /home/luis/.m2/repository/antlr/antlr/2.7.7/antlr-2.7.7.jar
7f184a0da000-7f184a137000 r--s 004a0000 08:02 33162636                   /home/luis/.m2/repository/org/hibernate/hibernate-core/4.3.5.Final/hibernate-core-4.3.5.Final.jar
7f184a137000-7f184a13b000 r--s 0001e000 08:02 33162633                   /home/luis/.m2/repository/org/hibernate/hibernate-ehcache/4.3.5.Final/hibernate-ehcache-4.3.5.Final.jar
7f184a13b000-7f184a13d000 r--s 0000d000 08:02 33162646                   /home/luis/.m2/repository/com/fasterxml/classmate/1.0.0/classmate-1.0.0.jar
7f184a13d000-7f184a14a000 r--s 00080000 08:02 33162644                   /home/luis/.m2/repository/org/hibernate/hibernate-validator/5.0.3.Final/hibernate-validator-5.0.3.Final.jar
7f184a14a000-7f184a153000 r--s 000a5000 08:02 33162655                   /home/luis/.m2/repository/org/javassist/javassist/3.17.1-GA/javassist-3.17.1-GA.jar
7f184a153000-7f184a156000 r--s 00083000 08:02 33687692                   /home/luis/.gvm/grails/2.4.2/dist/grails-resources-2.4.2.jar
7f184a156000-7f184a163000 r--s 00189000 08:02 32506388                   /home/luis/.gvm/grails/2.4.2/lib/com.h2database/h2/jars/h2-1.3.176.jar
7f184a163000-7f184a167000 r--s 00021000 08:02 33687356                   /home/luis/.gvm/grails/2.4.2/dist/grails-plugin-converters-2.4.2.jar
7f184a167000-7f184a16a000 r--s 00018000 08:02 33687419                   /home/luis/.gvm/grails/2.4.2/dist/grails-plugin-domain-class-2.4.2.jar
7f184a16a000-7f184a16c000 r--s 0000e000 08:02 33687524                   /home/luis/.gvm/grails/2.4.2/dist/grails-plugin-mimetypes-2.4.2.jar
7f184a16c000-7f184a16d000 r--s 0000e000 08:02 32637270                   /home/luis/.gvm/grails/2.4.2/lib/org.codehaus.jsr166-mirror/jsr166y/jars/jsr166y-1.7.0.jar
7f184a16d000-7f184a189000 r--s 00136000 08:02 32637255                   /home/luis/.gvm/grails/2.4.2/lib/org.codehaus.gpars/gpars/jars/gpars-1.2.1.jar
7f184a189000-7f184a18b000 r--s 00011000 08:02 33687146                   /home/luis/.gvm/grails/2.4.2/dist/grails-async-2.4.2.jar
7f184a18b000-7f184a18d000 r--s 0000e000 08:02 33687293                   /home/luis/.gvm/grails/2.4.2/dist/grails-plugin-async-2.4.2.jar
7f184a18d000-7f184a191000 r--s 00028000 08:02 32506439                   /home/luis/.gvm/grails/2.4.2/lib/commons-validator/commons-validator/jars/commons-validator-1.4.0.jar
7f184a191000-7f184a194000 r--s 00012000 08:02 33687776                   /home/luis/.gvm/grails/2.4.2/dist/grails-validation-2.4.2.jar
7f184a194000-7f184a198000 r--s 00019000 08:02 32506373                   /home/luis/.gvm/grails/2.4.2/lib/com.googlecode.concurrentlinkedhashmap/concurrentlinkedhashmap-lru/jars/concurrentlinkedhashmap-lru-1.4.jar
7f184a198000-7f184a19a000 r--s 0000e000 08:02 33687629                   /home/luis/.gvm/grails/2.4.2/dist/grails-plugin-url-mappings-2.4.2.jar
7f184a19a000-7f184a19b000 r--s 00006000 08:02 33687587                   /home/luis/.gvm/grails/2.4.2/dist/grails-plugin-servlets-2.4.2.jar
7f184a19b000-7f184a1a2000 r--s 00036000 08:02 32637528                   /home/luis/.gvm/grails/2.4.2/lib/org.springframework/spring-tx/jars/spring-tx-4.0.5.RELEASE.jar
7f184a1a2000-7f184a1a4000 r--s 00009000 08:02 33687566                   /home/luis/.gvm/grails/2.4.2/dist/grails-plugin-services-2.4.2.jar
7f184a1a4000-7f184a1a5000 r--s 00001000 08:02 32637428                   /home/luis/.gvm/grails/2.4.2/lib/org.slf4j/jul-to-slf4j/jars/jul-to-slf4j-1.7.5.jar
7f184a1a5000-7f184a1a6000 r--s 00000000 08:02 33687272                   /home/luis/.gvm/grails/2.4.2/dist/grails-logging-2.4.2.jar
7f184a1a6000-7f184a1b5000 r--s 00096000 08:02 32637534                   /home/luis/.gvm/grails/2.4.2/lib/org.springframework/spring-web/jars/spring-web-4.0.5.RELEASE.jar
7f184a1b5000-7f184a1ba000 r--s 0002e000 08:02 33687251                   /home/luis/.gvm/grails/2.4.2/dist/grails-encoder-2.4.2.jar
7f184a1ba000-7f184a1c0000 r--s 00033000 08:02 32506409                   /home/luis/.gvm/grails/2.4.2/lib/commons-codec/commons-codec/jars/commons-codec-1.6.jar
7f184a1c0000-7f184a1c2000 r--s 00012000 08:02 33687314                   /home/luis/.gvm/grails/2.4.2/dist/grails-plugin-codecs-2.4.2.jar
7f184a1c2000-7f184a1c4000 r--s 0000c000 08:02 33687923                   /home/luis/.gvm/grails/2.4.2/dist/grails-web-gsp-taglib-2.4.2.jar
7f184a1c4000-7f184a1ca000 r--s 00058000 08:02 33687461                   /home/luis/.gvm/grails/2.4.2/dist/grails-plugin-gsp-2.4.2.jar
7f184a1ca000-7f184a1cc000 r--s 0000b000 08:02 33687440                   /home/luis/.gvm/grails/2.4.2/dist/grails-plugin-filters-2.4.2.jar
7f184a1cc000-7f184a1d1000 r--s 00041000 08:02 32506435                   /home/luis/.gvm/grails/2.4.2/lib/commons-lang/commons-lang/jars/commons-lang-2.6.jar
7f184a1d1000-7f184a1d2000 r--s 00005000 08:02 33687482                   /home/luis/.gvm/grails/2.4.2/dist/grails-plugin-i18n-2.4.2.jar
7f184a1d2000-7f184a1d7000 r--s 00017000 08:02 32637401                   /home/luis/.gvm/grails/2.4.2/lib/org.hibernate.javax.persistence/hibernate-jpa-2.1-api/jars/hibernate-jpa-2.1-api-1.0.0.Final.jar
7f184a1d7000-7f184a1d9000 r--s 00000000 08:02 32506329                   /home/luis/.gvm/grails/2.4.2/lib/aopalliance/aopalliance/jars/aopalliance-1.0.jar
7f184a1d9000-7f184a1db000 r--s 00009000 08:02 33687734                   /home/luis/.gvm/grails/2.4.2/dist/grails-spring-2.4.2.jar
7f184a1db000-7f184a1de000 r--s 00041000 08:02 32637571                   /home/luis/.gvm/grails/2.4.2/lib/xalan/serializer/jars/serializer-2.7.1.jar
7f184a1de000-7f184a1ea000 r--s 00098000 08:02 32637489                   /home/luis/.gvm/grails/2.4.2/lib/org.springframework/spring-beans/jars/spring-beans-4.0.5.RELEASE.jar
7f184a1ea000-7f184a1fe000 r--s 000db000 08:02 32637504                   /home/luis/.gvm/grails/2.4.2/lib/org.springframework/spring-core/jars/spring-core-4.0.5.RELEASE.jar
7f184a1fe000-7f184a20b000 r--s 000a7000 08:02 33687188                   /home/luis/.gvm/grails/2.4.2/dist/grails-core-2.4.2.jar
7f184a20b000-7f184a20c000 r--s 00005000 08:02 33687377                   /home/luis/.gvm/grails/2.4.2/dist/grails-plugin-databinding-2.4.2.jar
7f184a20c000-7f184a211000 r--s 0002e000 08:02 32637510                   /home/luis/.gvm/grails/2.4.2/lib/org.springframework/spring-expression/jars/spring-expression-4.0.5.RELEASE.jar
7f184a211000-7f184a21a000 r--s 0004e000 08:02 32637480                   /home/luis/.gvm/grails/2.4.2/lib/org.springframework/spring-aop/jars/spring-aop-4.0.5.RELEASE.jar
7f184a21a000-7f184a231000 r--s 000d8000 08:02 32637495                   /home/luis/.gvm/grails/2.4.2/lib/org.springframework/spring-context/jars/spring-context-4.0.5.RELEASE.jar
7f184a231000-7f184a233000 r--s 00008000 08:02 32637213                   /home/luis/.gvm/grails/2.4.2/lib/org.apache.tomcat/tomcat-juli/jars/tomcat-juli-7.0.50.jar
7f184a233000-7f184a235000 r--s 0001d000 08:02 32637207                   /home/luis/.gvm/grails/2.4.2/lib/org.apache.tomcat/tomcat-jdbc/jars/tomcat-jdbc-7.0.50.jar
7f184a235000-7f184a23f000 r--s 0005e000 08:02 32637516                   /home/luis/.gvm/grails/2.4.2/lib/org.springframework/spring-jdbc/jars/spring-jdbc-4.0.5.RELEASE.jar
7f184a23f000-7f184a241000 r--s 0000d000 08:02 33687398                   /home/luis/.gvm/grails/2.4.2/dist/grails-plugin-datasource-2.4.2.jar
7f184a241000-7f184a243000 r--s 00008000 08:02 33687650                   /home/luis/.gvm/grails/2.4.2/dist/grails-plugin-validation-2.4.2.jar
7f184a243000-7f184a247000 r--s 00020000 08:02 33687335                   /home/luis/.gvm/grails/2.4.2/dist/grails-plugin-controllers-2.4.2.jar
7f184a247000-7f184a24b000 r--s 00019000 08:02 32637227                   /home/luis/.gvm/grails/2.4.2/lib/org.aspectj/aspectjrt/jars/aspectjrt-1.8.0.jar
7f184a24b000-7f184a263000 r--s 001aa000 08:02 32637230                   /home/luis/.gvm/grails/2.4.2/lib/org.aspectj/aspectjweaver/jars/aspectjweaver-1.8.0.jar
7f184a263000-7f184a267000 r--s 00024000 08:02 33687944                   /home/luis/.gvm/grails/2.4.2/dist/grails-web-jsp-2.4.2.jar
7f184a267000-7f184a269000 r--s 0001d000 08:02 33687839                   /home/luis/.gvm/grails/2.4.2/dist/grails-web-databinding-2.4.2.jar
7f184a269000-7f184a26f000 r--s 00027000 08:02 32637128                   /home/luis/.gvm/grails/2.4.2/lib/opensymphony/sitemesh/jars/sitemesh-2.4.jar
7f184a26f000-7f184a271000 r--s 0000b000 08:02 33687986                   /home/luis/.gvm/grails/2.4.2/dist/grails-web-sitemesh-2.4.2.jar
7f184a271000-7f184a273000 r--s 00009000 08:02 33687965                   /home/luis/.gvm/grails/2.4.2/dist/grails-web-mvc-2.4.2.jar
7f184a273000-7f184a275000 r--s 0000b000 08:02 32637483                   /home/luis/.gvm/grails/2.4.2/lib/org.springframework/spring-aspects/jars/spring-aspects-4.0.5.RELEASE.jar
7f184a275000-7f184a27c000 r--s 0004f000 08:02 33687902                   /home/luis/.gvm/grails/2.4.2/dist/grails-web-gsp-2.4.2.jar
7f184a27c000-7f184a280000 r--s 00027000 08:02 32506427                   /home/luis/.gvm/grails/2.4.2/lib/commons-io/commons-io/jars/commons-io-2.2.jar
7f184a280000-7f184a282000 r--s 0000f000 08:02 32506422                   /home/luis/.gvm/grails/2.4.2/lib/commons-fileupload/commons-fileupload/jars/commons-fileupload-1.3.1.jar
7f184a282000-7f184a283000 r--s 00000000 08:02 33687881                   /home/luis/.gvm/grails/2.4.2/dist/grails-web-fileupload-2.4.2.jar
7f184a283000-7f184a287000 r--s 00023000 08:02 33688007                   /home/luis/.gvm/grails/2.4.2/dist/grails-web-url-mappings-2.4.2.jar
7f184a287000-7f184a289000 r--s 00013000 08:02 33687209                   /home/luis/.gvm/grails/2.4.2/dist/grails-databinding-2.4.2.jar
7f184a289000-7f184a28d000 r--s 0001e000 08:02 32637498                   /home/luis/.gvm/grails/2.4.2/lib/org.springframework/spring-context-support/jars/spring-context-support-4.0.5.RELEASE.jar
7f184a28d000-7f184a299000 r--s 00096000 08:02 32637537                   /home/luis/.gvm/grails/2.4.2/lib/org.springframework/spring-webmvc/jars/spring-webmvc-4.0.5.RELEASE.jar
7f184a299000-7f184a29e000 r--s 00030000 08:02 33687818                   /home/luis/.gvm/grails/2.4.2/dist/grails-web-common-2.4.2.jar
7f184a29e000-7f184a2a0000 r--s 00009000 08:02 33687797                   /home/luis/.gvm/grails/2.4.2/dist/grails-web-2.4.2.jar
7f184a2a0000-7f184a2a5000 r--s 0002a000 08:02 32506351                   /home/luis/.gvm/grails/2.4.2/lib/com.google.code.gson/gson/jars/gson-2.2.4.jar
7f184a2a5000-7f184a2a8000 r--s 00038000 08:02 33687545                   /home/luis/.gvm/grails/2.4.2/dist/grails-plugin-rest-2.4.2.jar
7f184a2a8000-7f184a4a8000 rw-p 00000000 00:00 0 
7f184a4a8000-7f184a4ab000 ---p 00000000 00:00 0 
7f184a4ab000-7f184a7a9000 rw-p 00000000 00:00 0 
7f184a7a9000-7f184a9a9000 rw-p 00000000 00:00 0 
7f184a9a9000-7f184aba9000 rw-p 00000000 00:00 0 
7f184aba9000-7f184abac000 ---p 00000000 00:00 0 
7f184abac000-7f184acaa000 rw-p 00000000 00:00 0 
7f184acaa000-7f184acb5000 r--s 0021a000 08:02 2228450                    /usr/lib/jvm/java-8-oracle/jre/lib/ext/localedata.jar
7f184acb5000-7f184acb7000 r-xp 00000000 08:02 60295251                   /usr/lib/x86_64-linux-gnu/gconv/ISO8859-1.so
7f184acb7000-7f184aeb6000 ---p 00002000 08:02 60295251                   /usr/lib/x86_64-linux-gnu/gconv/ISO8859-1.so
7f184aeb6000-7f184aeb7000 r--p 00001000 08:02 60295251                   /usr/lib/x86_64-linux-gnu/gconv/ISO8859-1.so
7f184aeb7000-7f184aeb8000 rw-p 00002000 08:02 60295251                   /usr/lib/x86_64-linux-gnu/gconv/ISO8859-1.so
7f184aeb8000-7f184aebf000 r--s 00000000 08:02 60295290                   /usr/lib/x86_64-linux-gnu/gconv/gconv-modules.cache
7f184aebf000-7f184aedd000 r--p 00000000 08:02 60296415                   /usr/share/locale/es/LC_MESSAGES/libc.mo
7f184aedd000-7f184b0dd000 rw-p 00000000 00:00 0 
7f184b0dd000-7f184b0de000 r-xp 00000000 08:02 49807428                   /tmp/libjansi-64-1238973736156155635.so
7f184b0de000-7f184b2dd000 ---p 00001000 08:02 49807428                   /tmp/libjansi-64-1238973736156155635.so
7f184b2dd000-7f184b2de000 rw-p 00000000 08:02 49807428                   /tmp/libjansi-64-1238973736156155635.so
7f184b2de000-7f184b2e1000 ---p 00000000 00:00 0 
7f184b2e1000-7f184b317000 rw-p 00000000 00:00 0 
7f184b317000-7f184b31c000 r--s 00092000 08:02 2228557                    /usr/lib/jvm/java-8-oracle/jre/lib/jsse.jar
7f184b31c000-7f184b31d000 ---p 00000000 00:00 0 
7f184b31d000-7f184b41d000 rw-p 00000000 00:00 0 
7f184b41d000-7f184b420000 ---p 00000000 00:00 0 
7f184b420000-7f184b51e000 rw-p 00000000 00:00 0 
7f184b51e000-7f184b521000 ---p 00000000 00:00 0 
7f184b521000-7f184b61f000 rw-p 00000000 00:00 0 
7f184b61f000-7f184b622000 ---p 00000000 00:00 0 
7f184b622000-7f184b720000 rw-p 00000000 00:00 0 
7f184b720000-7f184b723000 ---p 00000000 00:00 0 
7f184b723000-7f184b821000 rw-p 00000000 00:00 0 
7f184b821000-7f184b827000 r--s 0005f000 08:02 32637544                   /home/luis/.gvm/grails/2.4.2/lib/org.springframework/springloaded/jars/springloaded-1.2.0.RELEASE.jar
7f184b827000-7f184b829000 r--s 0000e000 08:02 33950518                   /home/luis/IdeaProjects/ocelot-bpm-project/Blank_app/target/work/plugins/tomcat-7.0.54/grails-plugin-tomcat-7.0.54.jar
7f184b829000-7f184b839000 r--s 0019c000 08:02 33161699                   /home/luis/.m2/repository/org/eclipse/jdt/core/compiler/ecj/3.7.2/ecj-3.7.2.jar
7f184b839000-7f184b83e000 r--s 0002f000 08:02 33161697                   /home/luis/.m2/repository/org/apache/tomcat/embed/tomcat-embed-websocket/7.0.53/tomcat-embed-websocket-7.0.53.jar
7f184b83e000-7f184b840000 r--s 0000c000 08:02 33161689                   /home/luis/.m2/repository/org/apache/tomcat/tomcat-catalina-ant/7.0.53/tomcat-catalina-ant-7.0.53.jar
7f184b840000-7f184b861000 r--s 00267000 08:02 33161702                   /home/luis/.m2/repository/org/apache/tomcat/embed/tomcat-embed-core/7.0.53/tomcat-embed-core-7.0.53.jar
7f184b861000-7f184b86a000 r--s 0009f000 08:02 33161691                   /home/luis/.m2/repository/org/apache/tomcat/embed/tomcat-embed-jasper/7.0.53/tomcat-embed-jasper-7.0.53.jar
7f184b86a000-7f184b86e000 r--s 00027000 08:02 33161693                   /home/luis/.m2/repository/org/apache/tomcat/embed/tomcat-embed-el/7.0.53/tomcat-embed-el-7.0.53.jar
7f184b86e000-7f184b870000 r--s 00013000 08:02 33161696                   /home/luis/.m2/repository/org/apache/tomcat/embed/tomcat-embed-logging-log4j/7.0.53/tomcat-embed-logging-log4j-7.0.53.jar
7f184b870000-7f184b872000 r--s 0001a000 08:02 32637368                   /home/luis/.gvm/grails/2.4.2/lib/org.fusesource.jansi/jansi/jars/jansi-1.11.jar
7f184b872000-7f184b887000 r--s 00116000 08:02 32637163                   /home/luis/.gvm/grails/2.4.2/lib/org.apache.ivy/ivy/jars/ivy-2.3.0.jar
7f184b887000-7f184b88a000 r--s 00018000 08:02 32637137                   /home/luis/.gvm/grails/2.4.2/lib/org.apache.ant/ant-junit/jars/ant-junit-1.8.4.jar
7f184b88a000-7f184b88b000 r--s 00001000 08:02 32637145                   /home/luis/.gvm/grails/2.4.2/lib/org.apache.ant/ant-trax/jars/ant-trax-1.7.1.jar
7f184b88b000-7f184b88c000 r--s 00004000 08:02 32637141                   /home/luis/.gvm/grails/2.4.2/lib/org.apache.ant/ant-launcher/jars/ant-launcher-1.8.4.jar
7f184b88c000-7f184b8aa000 r--s 001bd000 08:02 32637133                   /home/luis/.gvm/grails/2.4.2/lib/org.apache.ant/ant/jars/ant-1.8.4.jar
7f184b8aa000-7f184b8ae000 r--s 00031000 08:02 32637102                   /home/luis/.gvm/grails/2.4.2/lib/jline/jline/jars/jline-2.12.jar
7f184b8ae000-7f184b8b0000 r--s 00005000 08:02 32637435                   /home/luis/.gvm/grails/2.4.2/lib/org.slf4j/slf4j-api/jars/slf4j-api-1.7.5.jar
7f184b8b0000-7f184b8be000 r--s 000db000 08:02 33687167                   /home/luis/.gvm/grails/2.4.2/dist/grails-bootstrap-2.4.2.jar
7f184b8be000-7f184b929000 r--s 00683000 08:02 32637262                   /home/luis/.gvm/grails/2.4.2/lib/org.codehaus.groovy/groovy-all/jars/groovy-all-2.3.3.jar
7f184b929000-7f184b92c000 ---p 00000000 00:00 0 
7f184b92c000-7f184ba2a000 rw-p 00000000 00:00 0 
7f184ba2a000-7f184bba1000 r--p 00000000 08:02 60296451                   /usr/lib/locale/locale-archive
7f184bba1000-7f184bba4000 ---p 00000000 00:00 0 
7f184bba4000-7f184bca2000 rw-p 00000000 00:00 0 
7f184bca2000-7f184bca5000 ---p 00000000 00:00 0 
7f184bca5000-7f184bda3000 rw-p 00000000 00:00 0 
7f184bda3000-7f184bda4000 ---p 00000000 00:00 0 
7f184bda4000-7f184cdb3000 rw-p 00000000 00:00 0 
7f184cdb3000-7f184cf88000 r--s 03c4d000 08:02 2228591                    /usr/lib/jvm/java-8-oracle/jre/lib/rt.jar
7f184cf88000-7f184d859000 rw-p 00000000 00:00 0 
7f184d859000-7f184f1d9000 rw-p 00000000 00:00 0 
7f184f1d9000-7f184f1da000 ---p 00000000 00:00 0 
7f184f1da000-7f184f2da000 rw-p 00000000 00:00 0 
7f184f2da000-7f184f2db000 ---p 00000000 00:00 0 
7f184f2db000-7f184f3db000 rw-p 00000000 00:00 0 
7f184f3db000-7f184f3dc000 ---p 00000000 00:00 0 
7f184f3dc000-7f184f4dc000 rw-p 00000000 00:00 0 
7f184f4dc000-7f184f4dd000 ---p 00000000 00:00 0 
7f184f4dd000-7f184f608000 rw-p 00000000 00:00 0 
7f184f608000-7f184f6dd000 ---p 00000000 00:00 0 
7f184f6dd000-7f184f708000 rw-p 00000000 00:00 0 
7f184f708000-7f184f7dd000 ---p 00000000 00:00 0 
7f184f7dd000-7f184f85d000 rw-p 00000000 00:00 0 
7f184f85d000-7f184f89f000 rw-p 00000000 00:00 0 
7f184f89f000-7f184fc1e000 ---p 00000000 00:00 0 
7f184fc1e000-7f1850c3e000 rwxp 00000000 00:00 0 
7f1850c3e000-7f185ec1e000 ---p 00000000 00:00 0 
7f185ec1e000-7f185ec3a000 r-xp 00000000 08:02 2228473                    /usr/lib/jvm/java-8-oracle/jre/lib/amd64/libzip.so
7f185ec3a000-7f185ee39000 ---p 0001c000 08:02 2228473                    /usr/lib/jvm/java-8-oracle/jre/lib/amd64/libzip.so
7f185ee39000-7f185ee3a000 rw-p 0001b000 08:02 2228473                    /usr/lib/jvm/java-8-oracle/jre/lib/amd64/libzip.so
7f185ee3a000-7f185ee45000 r-xp 00000000 08:02 4984053                    /lib/x86_64-linux-gnu/libnss_files-2.13.so
7f185ee45000-7f185f044000 ---p 0000b000 08:02 4984053                    /lib/x86_64-linux-gnu/libnss_files-2.13.so
7f185f044000-7f185f045000 r--p 0000a000 08:02 4984053                    /lib/x86_64-linux-gnu/libnss_files-2.13.so
7f185f045000-7f185f046000 rw-p 0000b000 08:02 4984053                    /lib/x86_64-linux-gnu/libnss_files-2.13.so
7f185f046000-7f185f050000 r-xp 00000000 08:02 4984049                    /lib/x86_64-linux-gnu/libnss_nis-2.13.so
7f185f050000-7f185f24f000 ---p 0000a000 08:02 4984049                    /lib/x86_64-linux-gnu/libnss_nis-2.13.so
7f185f24f000-7f185f250000 r--p 00009000 08:02 4984049                    /lib/x86_64-linux-gnu/libnss_nis-2.13.so
7f185f250000-7f185f251000 rw-p 0000a000 08:02 4984049                    /lib/x86_64-linux-gnu/libnss_nis-2.13.so
7f185f251000-7f185f266000 r-xp 00000000 08:02 4984047                    /lib/x86_64-linux-gnu/libnsl-2.13.so
7f185f266000-7f185f465000 ---p 00015000 08:02 4984047                    /lib/x86_64-linux-gnu/libnsl-2.13.so
7f185f465000-7f185f466000 r--p 00014000 08:02 4984047                    /lib/x86_64-linux-gnu/libnsl-2.13.so
7f185f466000-7f185f467000 rw-p 00015000 08:02 4984047                    /lib/x86_64-linux-gnu/libnsl-2.13.so
7f185f467000-7f185f469000 rw-p 00000000 00:00 0 
7f185f469000-7f185f470000 r-xp 00000000 08:02 4984042                    /lib/x86_64-linux-gnu/libnss_compat-2.13.so
7f185f470000-7f185f66f000 ---p 00007000 08:02 4984042                    /lib/x86_64-linux-gnu/libnss_compat-2.13.so
7f185f66f000-7f185f670000 r--p 00006000 08:02 4984042                    /lib/x86_64-linux-gnu/libnss_compat-2.13.so
7f185f670000-7f185f671000 rw-p 00007000 08:02 4984042                    /lib/x86_64-linux-gnu/libnss_compat-2.13.so
7f185f671000-7f185f67b000 r-xp 00000000 08:02 2228499                    /usr/lib/jvm/java-8-oracle/jre/lib/amd64/libinstrument.so
7f185f67b000-7f185f87a000 ---p 0000a000 08:02 2228499                    /usr/lib/jvm/java-8-oracle/jre/lib/amd64/libinstrument.so
7f185f87a000-7f185f87b000 rw-p 00009000 08:02 2228499                    /usr/lib/jvm/java-8-oracle/jre/lib/amd64/libinstrument.so
7f185f87b000-7f185f8a5000 r-xp 00000000 08:02 2228492                    /usr/lib/jvm/java-8-oracle/jre/lib/amd64/libjava.so
7f185f8a5000-7f185faa5000 ---p 0002a000 08:02 2228492                    /usr/lib/jvm/java-8-oracle/jre/lib/amd64/libjava.so
7f185faa5000-7f185faa7000 rw-p 0002a000 08:02 2228492                    /usr/lib/jvm/java-8-oracle/jre/lib/amd64/libjava.so
7f185faa7000-7f185fab4000 r-xp 00000000 08:02 2228478                    /usr/lib/jvm/java-8-oracle/jre/lib/amd64/libverify.so
7f185fab4000-7f185fcb4000 ---p 0000d000 08:02 2228478                    /usr/lib/jvm/java-8-oracle/jre/lib/amd64/libverify.so
7f185fcb4000-7f185fcb6000 rw-p 0000d000 08:02 2228478                    /usr/lib/jvm/java-8-oracle/jre/lib/amd64/libverify.so
7f185fcb6000-7f185fcbd000 r-xp 00000000 08:02 4984057                    /lib/x86_64-linux-gnu/librt-2.13.so
7f185fcbd000-7f185febc000 ---p 00007000 08:02 4984057                    /lib/x86_64-linux-gnu/librt-2.13.so
7f185febc000-7f185febd000 r--p 00006000 08:02 4984057                    /lib/x86_64-linux-gnu/librt-2.13.so
7f185febd000-7f185febe000 rw-p 00007000 08:02 4984057                    /lib/x86_64-linux-gnu/librt-2.13.so
7f185febe000-7f185ff3f000 r-xp 00000000 08:02 4984044                    /lib/x86_64-linux-gnu/libm-2.13.so
7f185ff3f000-7f186013e000 ---p 00081000 08:02 4984044                    /lib/x86_64-linux-gnu/libm-2.13.so
7f186013e000-7f186013f000 r--p 00080000 08:02 4984044                    /lib/x86_64-linux-gnu/libm-2.13.so
7f186013f000-7f1860140000 rw-p 00081000 08:02 4984044                    /lib/x86_64-linux-gnu/libm-2.13.so
7f1860140000-7f1860d5a000 r-xp 00000000 08:02 2228460                    /usr/lib/jvm/java-8-oracle/jre/lib/amd64/server/libjvm.so
7f1860d5a000-7f1860f59000 ---p 00c1a000 08:02 2228460                    /usr/lib/jvm/java-8-oracle/jre/lib/amd64/server/libjvm.so
7f1860f59000-7f1861022000 rw-p 00c19000 08:02 2228460                    /usr/lib/jvm/java-8-oracle/jre/lib/amd64/server/libjvm.so
7f1861022000-7f1861063000 rw-p 00000000 00:00 0 
7f1861063000-7f18611e5000 r-xp 00000000 08:02 4984037                    /lib/x86_64-linux-gnu/libc-2.13.so
7f18611e5000-7f18613e4000 ---p 00182000 08:02 4984037                    /lib/x86_64-linux-gnu/libc-2.13.so
7f18613e4000-7f18613e8000 r--p 00181000 08:02 4984037                    /lib/x86_64-linux-gnu/libc-2.13.so
7f18613e8000-7f18613e9000 rw-p 00185000 08:02 4984037                    /lib/x86_64-linux-gnu/libc-2.13.so
7f18613e9000-7f18613ee000 rw-p 00000000 00:00 0 
7f18613ee000-7f18613f0000 r-xp 00000000 08:02 4984051                    /lib/x86_64-linux-gnu/libdl-2.13.so
7f18613f0000-7f18615f0000 ---p 00002000 08:02 4984051                    /lib/x86_64-linux-gnu/libdl-2.13.so
7f18615f0000-7f18615f1000 r--p 00002000 08:02 4984051                    /lib/x86_64-linux-gnu/libdl-2.13.so
7f18615f1000-7f18615f2000 rw-p 00003000 08:02 4984051                    /lib/x86_64-linux-gnu/libdl-2.13.so
7f18615f2000-7f1861609000 r-xp 00000000 08:02 2228773                    /usr/lib/jvm/java-8-oracle/lib/amd64/jli/libjli.so
7f1861609000-7f1861808000 ---p 00017000 08:02 2228773                    /usr/lib/jvm/java-8-oracle/lib/amd64/jli/libjli.so
7f1861808000-7f1861809000 rw-p 00016000 08:02 2228773                    /usr/lib/jvm/java-8-oracle/lib/amd64/jli/libjli.so
7f1861809000-7f1861820000 r-xp 00000000 08:02 4984055                    /lib/x86_64-linux-gnu/libpthread-2.13.so
7f1861820000-7f1861a1f000 ---p 00017000 08:02 4984055                    /lib/x86_64-linux-gnu/libpthread-2.13.so
7f1861a1f000-7f1861a20000 r--p 00016000 08:02 4984055                    /lib/x86_64-linux-gnu/libpthread-2.13.so
7f1861a20000-7f1861a21000 rw-p 00017000 08:02 4984055                    /lib/x86_64-linux-gnu/libpthread-2.13.so
7f1861a21000-7f1861a25000 rw-p 00000000 00:00 0 
7f1861a25000-7f1861a45000 r-xp 00000000 08:02 4984059                    /lib/x86_64-linux-gnu/ld-2.13.so
7f1861a45000-7f1861a47000 r--s 00001000 08:02 2228452                    /usr/lib/jvm/java-8-oracle/jre/lib/ext/dnsns.jar
7f1861a47000-7f1861a50000 r--s 0006f000 08:02 32637118                   /home/luis/.gvm/grails/2.4.2/lib/log4j/log4j/jars/log4j-1.2.17.jar
7f1861a50000-7f1861a53000 r--s 0000d000 08:02 33687503                   /home/luis/.gvm/grails/2.4.2/dist/grails-plugin-log4j-2.4.2.jar
7f1861a53000-7f1861a55000 r--s 00013000 08:02 32637220                   /home/luis/.gvm/grails/2.4.2/lib/org.apache.tomcat.embed/tomcat-embed-logging-log4j/jars/tomcat-embed-logging-log4j-7.0.50.jar
7f1861a55000-7f1861acd000 r--s 010c6000 08:02 2229889                    /usr/lib/jvm/java-8-oracle/lib/tools.jar
7f1861acd000-7f1861b2b000 rw-p 00000000 00:00 0 
7f1861b2b000-7f1861b2e000 ---p 00000000 00:00 0 
7f1861b2e000-7f1861c30000 rw-p 00000000 00:00 0 
7f1861c30000-7f1861c31000 r--s 00006000 08:02 33162638                   /home/luis/.m2/repository/org/jboss/spec/javax/transaction/jboss-transaction-api_1.2_spec/1.0.0.Final/jboss-transaction-api_1.2_spec-1.0.0.Final.jar
7f1861c31000-7f1861c36000 r--s 00050000 08:02 32637248                   /home/luis/.gvm/grails/2.4.2/lib/org.codehaus.gant/gant_groovy1.8/jars/gant_groovy1.8-1.9.6.jar
7f1861c36000-7f1861c38000 r--s 00003000 08:02 32637421                   /home/luis/.gvm/grails/2.4.2/lib/org.slf4j/jcl-over-slf4j/jars/jcl-over-slf4j-1.7.5.jar
7f1861c38000-7f1861c40000 rw-s 00000000 08:02 49807427                   /tmp/hsperfdata_luis/6596
7f1861c40000-7f1861c41000 rw-p 00000000 00:00 0 
7f1861c41000-7f1861c42000 r--p 00000000 00:00 0 
7f1861c42000-7f1861c44000 rw-p 00000000 00:00 0 
7f1861c44000-7f1861c45000 r--p 0001f000 08:02 4984059                    /lib/x86_64-linux-gnu/ld-2.13.so
7f1861c45000-7f1861c46000 rw-p 00020000 08:02 4984059                    /lib/x86_64-linux-gnu/ld-2.13.so
7f1861c46000-7f1861c47000 rw-p 00000000 00:00 0 
7fff58269000-7fff5828b000 rw-p 00000000 00:00 0                          [stack]
7fff5828b000-7fff5828c000 r-xp 00000000 00:00 0                          [vdso]
ffffffffff600000-ffffffffff601000 r-xp 00000000 00:00 0                  [vsyscall]

VM Arguments:
jvm_args: -Dfile.encoding=UTF-8 -Xmx768M -Xms64M -Dgrails.fork.parent.process.port=34415 -Dgrails.fork.active=true -Dgrails.build.execution.context=/tmp/Blank_app3596853936148151684grails-execution-context -Dgrails.home=/home/luis/.gvm/grails/2.4.2 -javaagent:/home/luis/.gvm/grails/2.4.2/lib/org.springframework/springloaded/jars/springloaded-1.2.0.RELEASE.jar -Xverify:none -Dspringloaded.synchronize=true -Djdk.reflect.allowGetCallerClass=true -Dspringloaded=profile=grails;cacheDir=/home/luis/.grails/2.4.2 
java_command: org.grails.plugins.tomcat.fork.ForkedTomcatServer
java_class_path (initial): /usr/lib/jvm/java-8-oracle/lib/tools.jar:/home/luis/.gvm/grails/2.4.2/lib/org.codehaus.groovy/groovy-all/jars/groovy-all-2.3.3.jar:/home/luis/.gvm/grails/2.4.2/lib/org.slf4j/jcl-over-slf4j/jars/jcl-over-slf4j-1.7.5.jar:/home/luis/.gvm/grails/2.4.2/lib/org.codehaus.gant/gant_groovy1.8/jars/gant_groovy1.8-1.9.6.jar:/home/luis/.gvm/grails/2.4.2/lib/org.apache.tomcat.embed/tomcat-embed-logging-log4j/jars/tomcat-embed-logging-log4j-7.0.50.jar:/home/luis/.gvm/grails/2.4.2/dist/grails-plugin-log4j-2.4.2.jar:/home/luis/.gvm/grails/2.4.2/lib/log4j/log4j/jars/log4j-1.2.17.jar:/home/luis/.gvm/grails/2.4.2/dist/grails-bootstrap-2.4.2.jar:/home/luis/.gvm/grails/2.4.2/lib/org.slf4j/slf4j-api/jars/slf4j-api-1.7.5.jar:/home/luis/.gvm/grails/2.4.2/lib/jline/jline/jars/jline-2.12.jar:/home/luis/.gvm/grails/2.4.2/lib/org.apache.ant/ant/jars/ant-1.8.4.jar:/home/luis/.gvm/grails/2.4.2/lib/org.apache.ant/ant-launcher/jars/ant-launcher-1.8.4.jar:/home/luis/.gvm/grails/2.4.2/lib/org.apache.ant/ant-trax/jars/ant-trax-1.7.1.jar:/home/luis/.gvm/grails/2.4.2/lib/org.apache.ant/ant-junit/jars/ant-junit-1.8.4.jar:/home/luis/.gvm/grails/2.4.2/lib/org.apache.ivy/ivy/jars/ivy-2.3.0.jar:/home/luis/.gvm/grails/2.4.2/lib/org.fusesource.jansi/jansi/jars/jansi-1.11.jar:/home/luis/.m2/repository/org/apache/tomcat/embed/tomcat-embed-logging-log4j/7.0.53/tomcat-embed-logging-log4j-7.0.53.jar:/home/luis/.m2/repository/org/apache/tomcat/embed/tomcat-embed-el/7.0.53/tomcat-embed-el-7.0.53.jar:/home/luis/.m2/repository/org/apache/tomcat/embed/tomcat-embed-jasper/7.0.53/tomcat-embed-jasper-7.0.53.jar:/home/luis/.m2/repository/org/apache/tomcat/embed/tomcat-embed-core/7.0.53/tomcat-embed-core-7.0.53.jar:/home/luis/.m2/repository/org/apache/tomcat/tomcat-catalina-ant/7.0.53/tomcat-catalina-ant-7.0.53.jar:/home/luis/.m2/repository/org/apache/tomcat/embed/tomcat-embed-websocket/7.0.53/tomcat-embed-websocket-7.0.53.jar:/home/luis/.m2/repository/org/eclipse/jdt/core/compiler/ecj/3.7.2/ecj
Launcher Type: SUN_STANDARD

Environment Variables:
JAVA_HOME=/usr/lib/jvm/java-8-oracle
CLASSPATH=/home/luis/Programas/idea-IU-135.909/bin/../lib/bootstrap.jar:/home/luis/Programas/idea-IU-135.909/bin/../lib/extensions.jar:/home/luis/Programas/idea-IU-135.909/bin/../lib/util.jar:/home/luis/Programas/idea-IU-135.909/bin/../lib/jdom.jar:/home/luis/Programas/idea-IU-135.909/bin/../lib/log4j.jar:/home/luis/Programas/idea-IU-135.909/bin/../lib/trove4j.jar:/home/luis/Programas/idea-IU-135.909/bin/../lib/jna.jar:/usr/lib/jvm/java-8-oracle/lib/tools.jar
PATH=/usr/local/bin:/usr/bin:/bin:/usr/local/games:/usr/games
USERNAME=luis
LD_LIBRARY_PATH=/home/luis/Programas/idea-IU-135.909/bin:
SHELL=/bin/bash
DISPLAY=:0.0

Signal Handlers:
SIGSEGV: [libjvm.so+0xa2fc90], sa_mask[0]=0x7ffbfeff, sa_flags=0x10000004
SIGBUS: [libjvm.so+0xa2fc90], sa_mask[0]=0x7ffbfeff, sa_flags=0x10000004
SIGFPE: [libjvm.so+0x89b4b0], sa_mask[0]=0x7ffbfeff, sa_flags=0x10000004
SIGPIPE: [libjvm.so+0x89b4b0], sa_mask[0]=0x7ffbfeff, sa_flags=0x10000004
SIGXFSZ: [libjvm.so+0x89b4b0], sa_mask[0]=0x7ffbfeff, sa_flags=0x10000004
SIGILL: [libjvm.so+0x89b4b0], sa_mask[0]=0x7ffbfeff, sa_flags=0x10000004
SIGUSR1: SIG_DFL, sa_mask[0]=0x00000000, sa_flags=0x00000000
SIGUSR2: [libjvm.so+0x89cc50], sa_mask[0]=0x00000004, sa_flags=0x10000004
SIGHUP: [libjvm.so+0x89df00], sa_mask[0]=0x7ffbfeff, sa_flags=0x10000004
SIGINT: [libjvm.so+0x89df00], sa_mask[0]=0x7ffbfeff, sa_flags=0x10000004
SIGTERM: [libjvm.so+0x89df00], sa_mask[0]=0x7ffbfeff, sa_flags=0x10000004
SIGQUIT: [libjvm.so+0x89df00], sa_mask[0]=0x7ffbfeff, sa_flags=0x10000004


---------------  S Y S T E M  ---------------

OS:PRETTY_NAME="Debian GNU/Linux 7 (wheezy)"
NAME="Debian GNU/Linux"
VERSION_ID="7"
VERSION="7 (wheezy)"
ID=debian
ANSI_COLOR="1;31"
HOME_URL="http://www.debian.org/"
SUPPORT_URL="http://www.debian.org/support/"
BUG_REPORT_URL="http://bugs.debian.org/"

uname:Linux 3.2.0-4-amd64 #1 SMP Debian 3.2.57-3+deb7u2 x86_64
libc:glibc 2.13 NPTL 2.13 
rlimit: STACK 8192k, CORE 0k, NPROC 62956, NOFILE 4096, AS infinity
load average:1,11 0,45 0,37

/proc/meminfo:
MemTotal:        8070604 kB
MemFree:         4318644 kB
Buffers:           94500 kB
Cached:          1121376 kB
SwapCached:            0 kB
Active:          2939268 kB
Inactive:         641532 kB
Active(anon):    2365540 kB
Inactive(anon):   108700 kB
Active(file):     573728 kB
Inactive(file):   532832 kB
Unevictable:           0 kB
Mlocked:               0 kB
SwapTotal:       8260604 kB
SwapFree:        8260604 kB
Dirty:             11436 kB
Writeback:             0 kB
AnonPages:       2365144 kB
Mapped:           176236 kB
Shmem:            109320 kB
Slab:              98164 kB
SReclaimable:      72644 kB
SUnreclaim:        25520 kB
KernelStack:        3896 kB
PageTables:        27812 kB
NFS_Unstable:          0 kB
Bounce:                0 kB
WritebackTmp:          0 kB
CommitLimit:    12295904 kB
Committed_AS:    4721252 kB
VmallocTotal:   34359738367 kB
VmallocUsed:      450992 kB
VmallocChunk:   34359276564 kB
HardwareCorrupted:     0 kB
AnonHugePages:         0 kB
HugePages_Total:       0
HugePages_Free:        0
HugePages_Rsvd:        0
HugePages_Surp:        0
Hugepagesize:       2048 kB
DirectMap4k:       75776 kB
DirectMap2M:     8263680 kB


CPU:total 4 (4 cores per cpu, 1 threads per core) family 6 model 58 stepping 9, cmov, cx8, fxsr, mmx, sse, sse2, sse3, ssse3, sse4.1, sse4.2, popcnt, avx, aes, clmul, erms, tsc, tscinvbit

/proc/cpuinfo:
processor	: 0
vendor_id	: GenuineIntel
cpu family	: 6
model		: 58
model name	: Intel(R) Core(TM) i5-3470 CPU @ 3.20GHz
stepping	: 9
microcode	: 0x12
cpu MHz		: 1600.000
cache size	: 6144 KB
physical id	: 0
siblings	: 4
core id		: 0
cpu cores	: 4
apicid		: 0
initial apicid	: 0
fpu		: yes
fpu_exception	: yes
cpuid level	: 13
wp		: yes
flags		: fpu vme de pse tsc msr pae mce cx8 apic sep mtrr pge mca cmov pat pse36 clflush dts acpi mmx fxsr sse sse2 ss ht tm pbe syscall nx rdtscp lm constant_tsc arch_perfmon pebs bts rep_good nopl xtopology nonstop_tsc aperfmperf pni pclmulqdq dtes64 monitor ds_cpl vmx smx est tm2 ssse3 cx16 xtpr pdcm pcid sse4_1 sse4_2 x2apic popcnt tsc_deadline_timer aes xsave avx f16c rdrand lahf_lm ida arat epb xsaveopt pln pts dtherm tpr_shadow vnmi flexpriority ept vpid fsgsbase smep erms
bogomips	: 6386.18
clflush size	: 64
cache_alignment	: 64
address sizes	: 36 bits physical, 48 bits virtual
power management:

processor	: 1
vendor_id	: GenuineIntel
cpu family	: 6
model		: 58
model name	: Intel(R) Core(TM) i5-3470 CPU @ 3.20GHz
stepping	: 9
microcode	: 0x12
cpu MHz		: 3201.000
cache size	: 6144 KB
physical id	: 0
siblings	: 4
core id		: 1
cpu cores	: 4
apicid		: 2
initial apicid	: 2
fpu		: yes
fpu_exception	: yes
cpuid level	: 13
wp		: yes
flags		: fpu vme de pse tsc msr pae mce cx8 apic sep mtrr pge mca cmov pat pse36 clflush dts acpi mmx fxsr sse sse2 ss ht tm pbe syscall nx rdtscp lm constant_tsc arch_perfmon pebs bts rep_good nopl xtopology nonstop_tsc aperfmperf pni pclmulqdq dtes64 monitor ds_cpl vmx smx est tm2 ssse3 cx16 xtpr pdcm pcid sse4_1 sse4_2 x2apic popcnt tsc_deadline_timer aes xsave avx f16c rdrand lahf_lm ida arat epb xsaveopt pln pts dtherm tpr_shadow vnmi flexpriority ept vpid fsgsbase smep erms
bogomips	: 6385.19
clflush size	: 64
cache_alignment	: 64
address sizes	: 36 bits physical, 48 bits virtual
power management:

processor	: 2
vendor_id	: GenuineIntel
cpu family	: 6
model		: 58
model name	: Intel(R) Core(TM) i5-3470 CPU @ 3.20GHz
stepping	: 9
microcode	: 0x12
cpu MHz		: 3201.000
cache size	: 6144 KB
physical id	: 0
siblings	: 4
core id		: 2
cpu cores	: 4
apicid		: 4
initial apicid	: 4
fpu		: yes
fpu_exception	: yes
cpuid level	: 13
wp		: yes
flags		: fpu vme de pse tsc msr pae mce cx8 apic sep mtrr pge mca cmov pat pse36 clflush dts acpi mmx fxsr sse sse2 ss ht tm pbe syscall nx rdtscp lm constant_tsc arch_perfmon pebs bts rep_good nopl xtopology nonstop_tsc aperfmperf pni pclmulqdq dtes64 monitor ds_cpl vmx smx est tm2 ssse3 cx16 xtpr pdcm pcid sse4_1 sse4_2 x2apic popcnt tsc_deadline_timer aes xsave avx f16c rdrand lahf_lm ida arat epb xsaveopt pln pts dtherm tpr_shadow vnmi flexpriority ept vpid fsgsbase smep erms
bogomips	: 6385.19
clflush size	: 64
cache_alignment	: 64
address sizes	: 36 bits physical, 48 bits virtual
power management:

processor	: 3
vendor_id	: GenuineIntel
cpu family	: 6
model		: 58
model name	: Intel(R) Core(TM) i5-3470 CPU @ 3.20GHz
stepping	: 9
microcode	: 0x12
cpu MHz		: 3201.000
cache size	: 6144 KB
physical id	: 0
siblings	: 4
core id		: 3
cpu cores	: 4
apicid		: 6
initial apicid	: 6
fpu		: yes
fpu_exception	: yes
cpuid level	: 13
wp		: yes
flags		: fpu vme de pse tsc msr pae mce cx8 apic sep mtrr pge mca cmov pat pse36 clflush dts acpi mmx fxsr sse sse2 ss ht tm pbe syscall nx rdtscp lm constant_tsc arch_perfmon pebs bts rep_good nopl xtopology nonstop_tsc aperfmperf pni pclmulqdq dtes64 monitor ds_cpl vmx smx est tm2 ssse3 cx16 xtpr pdcm pcid sse4_1 sse4_2 x2apic popcnt tsc_deadline_timer aes xsave avx f16c rdrand lahf_lm ida arat epb xsaveopt pln pts dtherm tpr_shadow vnmi flexpriority ept vpid fsgsbase smep erms
bogomips	: 6385.20
clflush size	: 64
cache_alignment	: 64
address sizes	: 36 bits physical, 48 bits virtual
power management:



Memory: 4k page, physical 8070604k(4318644k free), swap 8260604k(8260604k free)

vm_info: Java HotSpot(TM) 64-Bit Server VM (25.5-b02) for linux-amd64 JRE (1.8.0_05-b13), built on Mar 18 2014 00:29:27 by "java_re" with gcc 4.3.0 20080428 (Red Hat 4.3.0-8)

time: Thu Jul 10 11:56:50 2014
elapsed time: 11 seconds

