#
# A fatal error has been detected by the Java Runtime Environment:
#
#  SIGSEGV (0xb) at pc=0x00007f8ff374ab2c, pid=4409, tid=140255851312896
#
# JRE version: Java(TM) SE Runtime Environment (8.0_05-b13) (build 1.8.0_05-b13)
# Java VM: Java HotSpot(TM) 64-Bit Server VM (25.5-b02 mixed mode linux-amd64 compressed oops)
# Problematic frame:
# V  [libjvm.so+0x304b2c]  OopFlow::build_oop_map(Node*, int, PhaseRegAlloc*, int*)+0x14c
#
# Failed to write core dump. Core dumps have been disabled. To enable core dumping, try "ulimit -c unlimited" before starting Java again
#
# If you would like to submit a bug report, please visit:
#   http://bugreport.sun.com/bugreport/crash.jsp
#

---------------  T H R E A D  ---------------

Current thread (0x00007f8fec25a800):  JavaThread "C2 CompilerThread1" daemon [_thread_in_native, id=4422, stack(0x00007f8fdc21f000,0x00007f8fdc320000)]

siginfo:si_signo=SIGSEGV: si_errno=0, si_code=1 (SEGV_MAPERR), si_addr=0x0000000000000000

Registers:
RAX=0x00007f8fa9766368, RBX=0x0000000000000000, RCX=0x0000000000000008, RDX=0x00007f8fa9766a40
RSP=0x00007f8fdc31b760, RBP=0x00007f8fdc31b7e0, RSI=0x00000000000000db, RDI=0x00007f8fa9766a70
R8 =0x00007f8fb53a26c0, R9 =0x0000000000000013, R10=0x00007f8fdc31d140, R11=0x00007f8ff44ed610
R12=0x00000000000000c0, R13=0x0000000000000180, R14=0x00000000000000b8, R15=0x00007f8fa9863c38
RIP=0x00007f8ff374ab2c, EFLAGS=0x0000000000010246, CSGSFS=0x0000000000000033, ERR=0x0000000000000004
  TRAPNO=0x000000000000000e

Top of Stack: (sp=0x00007f8fdc31b760)
0x00007f8fdc31b760:   00007f8fb53a1ec0 0000000000000400
0x00007f8fdc31b770:   00007f8fb53a26c0 00007f8fdc31d010
0x00007f8fdc31b780:   000000dab539e1a0 00007f8fa9863c38
0x00007f8fdc31b790:   00007f8fa9766a40 0000001cf3953a56
0x00007f8fdc31b7a0:   00007f8fa9766a70 00007f8fa8a32fe0
0x00007f8fdc31b7b0:   00000008dc31b800 00007f8fa9863c38
0x00007f8fdc31b7c0:   00007f8fa9766a40 0000000000000012
0x00007f8fdc31b7d0:   0000000000000013 0000000000000013
0x00007f8fdc31b7e0:   00007f8fdc31b850 00007f8ff374b10a
0x00007f8fdc31b7f0:   00007f8fdc31b850 00007f8f0000ffff
0x00007f8fdc31b800:   00007f8f00000004 00007f8fb539e1a0
0x00007f8fdc31b810:   000000dadc31b850 00007f8fdc31d010
0x00007f8fdc31b820:   00000009a9863778 0000000000000000
0x00007f8fdc31b830:   00007f8fa81c3818 0000000000000000
0x00007f8fdc31b840:   00007f8fa97634f0 00007f8fa81c31e8
0x00007f8fdc31b850:   00007f8fdc31b990 00007f8ff374c29d
0x00007f8fdc31b860:   00007f8fdc31b8a0 00007f8fb4097d48
0x00007f8fdc31b870:   00007f8fdc31b930 0000000000000018
0x00007f8fdc31b880:   000000000000001c 000000070f000000
0x00007f8fdc31b890:   0000000100000004 00007f8fdc31b958
0x00007f8fdc31b8a0:   00007f8fdc31b950 00007f8fdc31b930
0x00007f8fdc31b8b0:   00007f8fdc31b930 00007f8fdc31b930
0x00007f8fdc31b8c0:   00007f8fdc31de80 0000000000000007
0x00007f8fdc31b8d0:   00007f8fdc31d140 00000007000000da
0x00007f8fdc31b8e0:   00007f8fb539e1a0 00007f8fec25b040
0x00007f8fdc31b8f0:   00000000000000da ffffffffb539ae60
0x00007f8fdc31b900:   00007f8fa81c4098 00007f8fa9863778
0x00007f8fdc31b910:   00007f8fb539e2d0 0000000000000020
0x00007f8fdc31b920:   ffffffffffffffdf 00007f8fdc31d010
0x00007f8fdc31b930:   00007f8f00000080 00007f8fec25b040
0x00007f8fdc31b940:   00007f8fb53a0800 00007f8f00000004
0x00007f8fdc31b950:   0000000000000014 0000000000000000 

Instructions: (pc=0x00007f8ff374ab2c)
0x00007f8ff374ab0c:   44 39 e2 0f 8e bb 00 00 00 48 8b 05 fc 90 ba 00
0x00007f8ff374ab1c:   4e 8b 34 a8 48 8b 55 b0 48 8b 42 08 4a 8b 1c a8
0x00007f8ff374ab2c:   48 8b 03 48 89 df ff 50 28 8b 48 10 48 89 c6 48
0x00007f8ff374ab3c:   8b 15 de a9 ba 00 48 63 c1 48 8d 44 00 01 48 c1 

Register to memory mapping:

RAX=0x00007f8fa9766368 is an unknown value
RBX=0x0000000000000000 is an unknown value
RCX=0x0000000000000008 is an unknown value
RDX=0x00007f8fa9766a40 is an unknown value
RSP=0x00007f8fdc31b760 is pointing into the stack for thread: 0x00007f8fec25a800
RBP=0x00007f8fdc31b7e0 is pointing into the stack for thread: 0x00007f8fec25a800
RSI=0x00000000000000db is an unknown value
RDI=0x00007f8fa9766a70 is an unknown value
R8 =0x00007f8fb53a26c0 is an unknown value
R9 =0x0000000000000013 is an unknown value
R10=0x00007f8fdc31d140 is pointing into the stack for thread: 0x00007f8fec25a800
R11=0x00007f8ff44ed610: <offset 0x184610> in /lib/x86_64-linux-gnu/libc.so.6 at 0x00007f8ff4369000
R12=0x00000000000000c0 is an unknown value
R13=0x0000000000000180 is an unknown value
R14=0x00000000000000b8 is an unknown value
R15=0x00007f8fa9863c38 is an unknown value


Stack: [0x00007f8fdc21f000,0x00007f8fdc320000],  sp=0x00007f8fdc31b760,  free space=1009k
Native frames: (J=compiled Java code, j=interpreted, Vv=VM code, C=native code)
V  [libjvm.so+0x304b2c]  OopFlow::build_oop_map(Node*, int, PhaseRegAlloc*, int*)+0x14c
V  [libjvm.so+0x30510a]  OopFlow::compute_reach(PhaseRegAlloc*, int, Dict*)+0x22a
V  [libjvm.so+0x30629d]  Compile::BuildOopMaps()+0xffd
V  [libjvm.so+0x8b4b8d]  Compile::Output()+0x6dd
V  [libjvm.so+0x45e05a]  Compile::Code_Gen()+0x30a
V  [libjvm.so+0x4612c5]  Compile::Compile(ciEnv*, C2Compiler*, ciMethod*, int, bool, bool, bool)+0x1435
V  [libjvm.so+0x3b5008]  C2Compiler::compile_method(ciEnv*, ciMethod*, int)+0x198
V  [libjvm.so+0x46982a]  CompileBroker::invoke_compiler_on_method(CompileTask*)+0xc8a
V  [libjvm.so+0x46c230]  CompileBroker::compiler_thread_loop()+0x620
V  [libjvm.so+0x9e303f]  JavaThread::thread_main_inner()+0xdf
V  [libjvm.so+0x9e3205]  JavaThread::run()+0x1b5
V  [libjvm.so+0x8a00c8]  java_start(Thread*)+0x108


Current CompileTask:
C2:  41585 5671       4       groovy.lang.MetaClassImpl::findPropertyMethod (356 bytes)


---------------  P R O C E S S  ---------------

Java Threads: ( => current thread )
  0x00007f8f8c599000 JavaThread "net.sf.ehcache.CacheManager@54a342b3" daemon [_thread_blocked, id=4459, stack(0x00007f8fce6fe000,0x00007f8fce7ff000)]
  0x00007f8f8c776000 JavaThread "PoolCleaner[822232005:1404804855128]" daemon [_thread_blocked, id=4458, stack(0x00007f8fcf2ff000,0x00007f8fcf400000)]
  0x00007f8f8c103000 JavaThread "FileSystemWatcher: files=#188 cl=groovy.lang.GroovyClassLoader@310243c5" daemon [_thread_blocked, id=4455, stack(0x00007f8fd4041000,0x00007f8fd4142000)]
  0x00007f8f8c0bd800 JavaThread "Thread-4" daemon [_thread_in_native, id=4454, stack(0x00007f8fd4155000,0x00007f8fd4256000)]
  0x00007f8f88001800 JavaThread "localhost-startStop-1" daemon [_thread_in_native, id=4453, stack(0x00007f8fd4456000,0x00007f8fd4557000)]
  0x00007f8fec9b7800 JavaThread "Tomcat-startStop-1" daemon [_thread_blocked, id=4452, stack(0x00007f8fd4557000,0x00007f8fd4658000)]
  0x00007f8fec780800 JavaThread "Thread-3" [_thread_in_native, id=4451, stack(0x00007f8fd4e88000,0x00007f8fd4f89000)]
  0x00007f8fec6f3800 JavaThread "Thread-2" [_thread_blocked, id=4450, stack(0x00007f8fd53c4000,0x00007f8fd54c5000)]
  0x00007f8fec41e000 JavaThread "NonBlockingInputStreamThread" daemon [_thread_blocked, id=4438, stack(0x00007f8fd5ae1000,0x00007f8fd5be2000)]
  0x00007f8fec40c800 JavaThread "process reaper" daemon [_thread_blocked, id=4427, stack(0x00007f8fd5fe3000,0x00007f8fd601c000)]
  0x00007f8fec284000 JavaThread "Service Thread" daemon [_thread_blocked, id=4424, stack(0x00007f8fdc01d000,0x00007f8fdc11e000)]
  0x00007f8fec26a800 JavaThread "C1 CompilerThread2" daemon [_thread_blocked, id=4423, stack(0x00007f8fdc11e000,0x00007f8fdc21f000)]
=>0x00007f8fec25a800 JavaThread "C2 CompilerThread1" daemon [_thread_in_native, id=4422, stack(0x00007f8fdc21f000,0x00007f8fdc320000)]
  0x00007f8fec259800 JavaThread "C2 CompilerThread0" daemon [_thread_in_native, id=4421, stack(0x00007f8fdc320000,0x00007f8fdc421000)]
  0x00007f8fec175000 JavaThread "Signal Dispatcher" daemon [_thread_blocked, id=4420, stack(0x00007f8fdc4f5000,0x00007f8fdc5f6000)]
  0x00007f8fec146000 JavaThread "Finalizer" daemon [_thread_blocked, id=4419, stack(0x00007f8fdc5f6000,0x00007f8fdc6f7000)]
  0x00007f8fec141800 JavaThread "Reference Handler" daemon [_thread_blocked, id=4418, stack(0x00007f8fdc6f7000,0x00007f8fdc7f8000)]
  0x00007f8fec00c800 JavaThread "main" [_thread_blocked, id=4412, stack(0x00007f8ff4e5f000,0x00007f8ff4f60000)]

Other Threads:
  0x00007f8fec13c800 VMThread [stack: 0x00007f8fdc7f8000,0x00007f8fdc8f9000] [id=4417]
  0x00007f8fec286800 WatcherThread [stack: 0x00007f8fd601c000,0x00007f8fd611d000] [id=4425]

VM state:not at safepoint (normal execution)

VM Mutex/Monitor currently owned by a thread: None

Heap:
 PSYoungGen      total 208384K, used 67462K [0x00000000f0000000, 0x0000000100000000, 0x0000000100000000)
  eden space 161792K, 20% used [0x00000000f0000000,0x00000000f2040538,0x00000000f9e00000)
  from space 46592K, 73% used [0x00000000fd280000,0x00000000ff4212f0,0x0000000100000000)
  to   space 50176K, 0% used [0x00000000f9e00000,0x00000000f9e00000,0x00000000fcf00000)
 ParOldGen       total 90112K, used 74528K [0x00000000d0000000, 0x00000000d5800000, 0x00000000f0000000)
  object space 90112K, 82% used [0x00000000d0000000,0x00000000d48c80b8,0x00000000d5800000)
 Metaspace       used 61737K, capacity 63834K, committed 63872K, reserved 1105920K
  class space    used 7102K, capacity 7786K, committed 7808K, reserved 1048576K

Card table byte_map: [0x00007f8ff1964000,0x00007f8ff1ae5000] byte_map_base: 0x00007f8ff12e4000

Marking Bits: (ParMarkBitMap*) 0x00007f8ff433ecc0
 Begin Bits: [0x00007f8fd6800000, 0x00007f8fd7400000)
 End Bits:   [0x00007f8fd7400000, 0x00007f8fd8000000)

Polling page: 0x00007f8ff4f80000

CodeCache: size=245760Kb used=18545Kb max_used=18557Kb free=227214Kb
 bounds [0x00007f8fdd000000, 0x00007f8fde240000, 0x00007f8fec000000]
 total_blobs=5677 nmethods=4932 adapters=656
 compilation: enabled

Compilation events (10 events):
Event: 41.231 Thread 0x00007f8fec26a800 5826       2       java.lang.Class::toString (47 bytes)
Event: 41.232 Thread 0x00007f8fec26a800 nmethod 5826 0x00007f8fde20c150 code [0x00007f8fde20c300, 0x00007f8fde20c6f8]
Event: 41.241 Thread 0x00007f8fec25a800 nmethod 5786 0x00007f8fde205010 code [0x00007f8fde205360, 0x00007f8fde206930]
Event: 41.241 Thread 0x00007f8fec25a800 5622       4       groovy.lang.MetaClassImpl$1MOPIter::methodNameAction (482 bytes)
Event: 41.245 Thread 0x00007f8fec26a800 5827       2       java.lang.Enum::compareTo (44 bytes)
Event: 41.246 Thread 0x00007f8fec26a800 nmethod 5827 0x00007f8fde20bb50 code [0x00007f8fde20bce0, 0x00007f8fde20bf88]
Event: 41.394 Thread 0x00007f8fec26a800 5828       2       liquibase.logging.core.DefaultLogger::debug (22 bytes)
Event: 41.394 Thread 0x00007f8fec26a800 nmethod 5828 0x00007f8fde20b710 code [0x00007f8fde20b880, 0x00007f8fde20ba58]
Event: 41.444 Thread 0x00007f8fec25a800 nmethod 5622 0x00007f8fde22e010 code [0x00007f8fde22e560, 0x00007f8fde2325b8]
Event: 41.444 Thread 0x00007f8fec25a800 5671       4       groovy.lang.MetaClassImpl::findPropertyMethod (356 bytes)

GC Heap History (10 events):
Event: 34.049 GC heap before
{Heap before GC invocations=68 (full 5):
 PSYoungGen      total 229376K, used 226634K [0x00000000f0000000, 0x0000000100000000, 0x0000000100000000)
  eden space 203776K, 100% used [0x00000000f0000000,0x00000000fc700000,0x00000000fc700000)
  from space 25600K, 89% used [0x00000000fe700000,0x00000000ffd52920,0x0000000100000000)
  to   space 29184K, 0% used [0x00000000fc700000,0x00000000fc700000,0x00000000fe380000)
 ParOldGen       total 74240K, used 60524K [0x00000000d0000000, 0x00000000d4880000, 0x00000000f0000000)
  object space 74240K, 81% used [0x00000000d0000000,0x00000000d3b1b198,0x00000000d4880000)
 Metaspace       used 56570K, capacity 57926K, committed 58112K, reserved 1099776K
  class space    used 6394K, capacity 6858K, committed 6912K, reserved 1048576K
Event: 34.108 GC heap after
Heap after GC invocations=68 (full 5):
 PSYoungGen      total 232960K, used 29162K [0x00000000f0000000, 0x0000000100000000, 0x0000000100000000)
  eden space 203776K, 0% used [0x00000000f0000000,0x00000000f0000000,0x00000000fc700000)
  from space 29184K, 99% used [0x00000000fc700000,0x00000000fe37a980,0x00000000fe380000)
  to   space 29184K, 0% used [0x00000000fe380000,0x00000000fe380000,0x0000000100000000)
 ParOldGen       total 74240K, used 62686K [0x00000000d0000000, 0x00000000d4880000, 0x00000000f0000000)
  object space 74240K, 84% used [0x00000000d0000000,0x00000000d3d37978,0x00000000d4880000)
 Metaspace       used 56570K, capacity 57926K, committed 58112K, reserved 1099776K
  class space    used 6394K, capacity 6858K, committed 6912K, reserved 1048576K
}
Event: 36.571 GC heap before
{Heap before GC invocations=69 (full 5):
 PSYoungGen      total 232960K, used 225191K [0x00000000f0000000, 0x0000000100000000, 0x0000000100000000)
  eden space 203776K, 96% used [0x00000000f0000000,0x00000000fbf6f280,0x00000000fc700000)
  from space 29184K, 99% used [0x00000000fc700000,0x00000000fe37a980,0x00000000fe380000)
  to   space 29184K, 0% used [0x00000000fe380000,0x00000000fe380000,0x0000000100000000)
 ParOldGen       total 74240K, used 62686K [0x00000000d0000000, 0x00000000d4880000, 0x00000000f0000000)
  object space 74240K, 84% used [0x00000000d0000000,0x00000000d3d37978,0x00000000d4880000)
 Metaspace       used 59517K, capacity 61502K, committed 61696K, reserved 1103872K
  class space    used 6755K, capacity 7418K, committed 7424K, reserved 1048576K
Event: 36.632 GC heap after
Heap after GC invocations=69 (full 5):
 PSYoungGen      total 206336K, used 29158K [0x00000000f0000000, 0x0000000100000000, 0x0000000100000000)
  eden space 177152K, 0% used [0x00000000f0000000,0x00000000f0000000,0x00000000fad00000)
  from space 29184K, 99% used [0x00000000fe380000,0x00000000ffff9a80,0x0000000100000000)
  to   space 42496K, 0% used [0x00000000fad00000,0x00000000fad00000,0x00000000fd680000)
 ParOldGen       total 74240K, used 72845K [0x00000000d0000000, 0x00000000d4880000, 0x00000000f0000000)
  object space 74240K, 98% used [0x00000000d0000000,0x00000000d4723458,0x00000000d4880000)
 Metaspace       used 59517K, capacity 61502K, committed 61696K, reserved 1103872K
  class space    used 6755K, capacity 7418K, committed 7424K, reserved 1048576K
}
Event: 36.632 GC heap before
{Heap before GC invocations=70 (full 6):
 PSYoungGen      total 206336K, used 29158K [0x00000000f0000000, 0x0000000100000000, 0x0000000100000000)
  eden space 177152K, 0% used [0x00000000f0000000,0x00000000f0000000,0x00000000fad00000)
  from space 29184K, 99% used [0x00000000fe380000,0x00000000ffff9a80,0x0000000100000000)
  to   space 42496K, 0% used [0x00000000fad00000,0x00000000fad00000,0x00000000fd680000)
 ParOldGen       total 74240K, used 72845K [0x00000000d0000000, 0x00000000d4880000, 0x00000000f0000000)
  object space 74240K, 98% used [0x00000000d0000000,0x00000000d4723458,0x00000000d4880000)
 Metaspace       used 59517K, capacity 61502K, committed 61696K, reserved 1103872K
  class space    used 6755K, capacity 7418K, committed 7424K, reserved 1048576K
Event: 38.166 GC heap after
Heap after GC invocations=70 (full 6):
 PSYoungGen      total 206336K, used 25218K [0x00000000f0000000, 0x0000000100000000, 0x0000000100000000)
  eden space 177152K, 0% used [0x00000000f0000000,0x00000000f0000000,0x00000000fad00000)
  from space 29184K, 86% used [0x00000000fe380000,0x00000000ffc20958,0x0000000100000000)
  to   space 42496K, 0% used [0x00000000fad00000,0x00000000fad00000,0x00000000fd680000)
 ParOldGen       total 90112K, used 73864K [0x00000000d0000000, 0x00000000d5800000, 0x00000000f0000000)
  object space 90112K, 81% used [0x00000000d0000000,0x00000000d48220b8,0x00000000d5800000)
 Metaspace       used 59517K, capacity 61502K, committed 61696K, reserved 1103872K
  class space    used 6755K, capacity 7418K, committed 7424K, reserved 1048576K
}
Event: 39.696 GC heap before
{Heap before GC invocations=71 (full 6):
 PSYoungGen      total 206336K, used 202370K [0x00000000f0000000, 0x0000000100000000, 0x0000000100000000)
  eden space 177152K, 100% used [0x00000000f0000000,0x00000000fad00000,0x00000000fad00000)
  from space 29184K, 86% used [0x00000000fe380000,0x00000000ffc20958,0x0000000100000000)
  to   space 42496K, 0% used [0x00000000fad00000,0x00000000fad00000,0x00000000fd680000)
 ParOldGen       total 90112K, used 73864K [0x00000000d0000000, 0x00000000d5800000, 0x00000000f0000000)
  object space 90112K, 81% used [0x00000000d0000000,0x00000000d48220b8,0x00000000d5800000)
 Metaspace       used 60656K, capacity 62730K, committed 62976K, reserved 1103872K
  class space    used 6919K, capacity 7615K, committed 7680K, reserved 1048576K
Event: 39.779 GC heap after
Heap after GC invocations=71 (full 6):
 PSYoungGen      total 209920K, used 32749K [0x00000000f0000000, 0x0000000100000000, 0x0000000100000000)
  eden space 177152K, 0% used [0x00000000f0000000,0x00000000f0000000,0x00000000fad00000)
  from space 32768K, 99% used [0x00000000fad00000,0x00000000fccfb7c0,0x00000000fcd00000)
  to   space 46592K, 0% used [0x00000000fd280000,0x00000000fd280000,0x0000000100000000)
 ParOldGen       total 90112K, used 74520K [0x00000000d0000000, 0x00000000d5800000, 0x00000000f0000000)
  object space 90112K, 82% used [0x00000000d0000000,0x00000000d48c60b8,0x00000000d5800000)
 Metaspace       used 60656K, capacity 62730K, committed 62976K, reserved 1103872K
  class space    used 6919K, capacity 7615K, committed 7680K, reserved 1048576K
}
Event: 41.292 GC heap before
{Heap before GC invocations=72 (full 6):
 PSYoungGen      total 209920K, used 207787K [0x00000000f0000000, 0x0000000100000000, 0x0000000100000000)
  eden space 177152K, 98% used [0x00000000f0000000,0x00000000faaef670,0x00000000fad00000)
  from space 32768K, 99% used [0x00000000fad00000,0x00000000fccfb7c0,0x00000000fcd00000)
  to   space 46592K, 0% used [0x00000000fd280000,0x00000000fd280000,0x0000000100000000)
 ParOldGen       total 90112K, used 74520K [0x00000000d0000000, 0x00000000d5800000, 0x00000000f0000000)
  object space 90112K, 82% used [0x00000000d0000000,0x00000000d48c60b8,0x00000000d5800000)
 Metaspace       used 61564K, capacity 63674K, committed 63872K, reserved 1105920K
  class space    used 7062K, capacity 7754K, committed 7808K, reserved 1048576K
Event: 41.357 GC heap after
Heap after GC invocations=72 (full 6):
 PSYoungGen      total 208384K, used 34436K [0x00000000f0000000, 0x0000000100000000, 0x0000000100000000)
  eden space 161792K, 0% used [0x00000000f0000000,0x00000000f0000000,0x00000000f9e00000)
  from space 46592K, 73% used [0x00000000fd280000,0x00000000ff4212f0,0x0000000100000000)
  to   space 50176K, 0% used [0x00000000f9e00000,0x00000000f9e00000,0x00000000fcf00000)
 ParOldGen       total 90112K, used 74528K [0x00000000d0000000, 0x00000000d5800000, 0x00000000f0000000)
  object space 90112K, 82% used [0x00000000d0000000,0x00000000d48c80b8,0x00000000d5800000)
 Metaspace       used 61564K, capacity 63674K, committed 63872K, reserved 1105920K
  class space    used 7062K, capacity 7754K, committed 7808K, reserved 1048576K
}

Deoptimization events (10 events):
Event: 34.876 Thread 0x00007f8f88001800 Uncommon trap: reason=class_check action=maybe_recompile pc=0x00007f8fde0cddc8 method=sun.reflect.generics.factory.CoreReflectionFactory.findTypeVariable(Ljava/lang/String;)Ljava/lang/reflect/TypeVariable; @ 5
Event: 34.876 Thread 0x00007f8f88001800 Uncommon trap: reason=class_check action=maybe_recompile pc=0x00007f8fde0cddc8 method=sun.reflect.generics.factory.CoreReflectionFactory.findTypeVariable(Ljava/lang/String;)Ljava/lang/reflect/TypeVariable; @ 5
Event: 34.876 Thread 0x00007f8f88001800 Uncommon trap: reason=class_check action=maybe_recompile pc=0x00007f8fde0cddc8 method=sun.reflect.generics.factory.CoreReflectionFactory.findTypeVariable(Ljava/lang/String;)Ljava/lang/reflect/TypeVariable; @ 5
Event: 35.064 Thread 0x00007f8f88001800 Uncommon trap: reason=class_check action=maybe_recompile pc=0x00007f8fde0cddc8 method=sun.reflect.generics.factory.CoreReflectionFactory.findTypeVariable(Ljava/lang/String;)Ljava/lang/reflect/TypeVariable; @ 5
Event: 35.064 Thread 0x00007f8f88001800 Uncommon trap: reason=class_check action=maybe_recompile pc=0x00007f8fdda90758 method=sun.reflect.generics.factory.CoreReflectionFactory.findTypeVariable(Ljava/lang/String;)Ljava/lang/reflect/TypeVariable; @ 5
Event: 35.437 Thread 0x00007f8f88001800 Uncommon trap: reason=unreached action=reinterpret pc=0x00007f8fddbc1df8 method=sun.util.calendar.ZoneInfo.getOffsets(J[II)I @ 4
Event: 35.779 Thread 0x00007f8f88001800 Uncommon trap: reason=bimorphic action=maybe_recompile pc=0x00007f8fddfa0ce8 method=java.util.regex.Pattern$Curly.match0(Ljava/util/regex/Matcher;IILjava/lang/CharSequence;)Z @ 170
Event: 35.779 Thread 0x00007f8f88001800 Uncommon trap: reason=bimorphic action=maybe_recompile pc=0x00007f8fddfa0ce8 method=java.util.regex.Pattern$Curly.match0(Ljava/util/regex/Matcher;IILjava/lang/CharSequence;)Z @ 170
Event: 35.779 Thread 0x00007f8f88001800 Uncommon trap: reason=bimorphic action=maybe_recompile pc=0x00007f8fddfa0ce8 method=java.util.regex.Pattern$Curly.match0(Ljava/util/regex/Matcher;IILjava/lang/CharSequence;)Z @ 170
Event: 35.779 Thread 0x00007f8f88001800 Uncommon trap: reason=bimorphic action=maybe_recompile pc=0x00007f8fddfa0ce8 method=java.util.regex.Pattern$Curly.match0(Ljava/util/regex/Matcher;IILjava/lang/CharSequence;)Z @ 170

Internal exceptions (10 events):
Event: 41.417 Thread 0x00007f8f88001800 Exception <a 'java/security/PrivilegedActionException'> (0x00000000f0bf8d38) thrown at [/HUDSON/workspace/8-2-build-linux-amd64/jdk8u5/2488/hotspot/src/share/vm/prims/jvm.cpp, line 1248]
Event: 41.418 Thread 0x00007f8f88001800 Exception <a 'java/security/PrivilegedActionException'> (0x00000000f0bfd668) thrown at [/HUDSON/workspace/8-2-build-linux-amd64/jdk8u5/2488/hotspot/src/share/vm/prims/jvm.cpp, line 1248]
Event: 41.418 Thread 0x00007f8f88001800 Exception <a 'java/security/PrivilegedActionException'> (0x00000000f0c0c7d0) thrown at [/HUDSON/workspace/8-2-build-linux-amd64/jdk8u5/2488/hotspot/src/share/vm/prims/jvm.cpp, line 1248]
Event: 41.418 Thread 0x00007f8f88001800 Exception <a 'java/security/PrivilegedActionException'> (0x00000000f0c0ff38) thrown at [/HUDSON/workspace/8-2-build-linux-amd64/jdk8u5/2488/hotspot/src/share/vm/prims/jvm.cpp, line 1248]
Event: 41.419 Thread 0x00007f8f88001800 Exception <a 'java/security/PrivilegedActionException'> (0x00000000f0c25790) thrown at [/HUDSON/workspace/8-2-build-linux-amd64/jdk8u5/2488/hotspot/src/share/vm/prims/jvm.cpp, line 1248]
Event: 41.419 Thread 0x00007f8f88001800 Exception <a 'java/security/PrivilegedActionException'> (0x00000000f0c28ee8) thrown at [/HUDSON/workspace/8-2-build-linux-amd64/jdk8u5/2488/hotspot/src/share/vm/prims/jvm.cpp, line 1248]
Event: 41.420 Thread 0x00007f8f88001800 Exception <a 'java/security/PrivilegedActionException'> (0x00000000f0c3ce38) thrown at [/HUDSON/workspace/8-2-build-linux-amd64/jdk8u5/2488/hotspot/src/share/vm/prims/jvm.cpp, line 1248]
Event: 41.420 Thread 0x00007f8f88001800 Exception <a 'java/security/PrivilegedActionException'> (0x00000000f0c41218) thrown at [/HUDSON/workspace/8-2-build-linux-amd64/jdk8u5/2488/hotspot/src/share/vm/prims/jvm.cpp, line 1248]
Event: 41.421 Thread 0x00007f8f88001800 Exception <a 'java/security/PrivilegedActionException'> (0x00000000f0c51f18) thrown at [/HUDSON/workspace/8-2-build-linux-amd64/jdk8u5/2488/hotspot/src/share/vm/prims/jvm.cpp, line 1248]
Event: 41.421 Thread 0x00007f8f88001800 Exception <a 'java/security/PrivilegedActionException'> (0x00000000f0c55670) thrown at [/HUDSON/workspace/8-2-build-linux-amd64/jdk8u5/2488/hotspot/src/share/vm/prims/jvm.cpp, line 1248]

Events (10 events):
Event: 41.417 loading class liquibase/database/structure/type/BooleanType$NumericBooleanType
Event: 41.417 loading class liquibase/database/structure/type/BooleanType$NumericBooleanType done
Event: 41.418 loading class liquibase/database/jvm/DerbyConnection
Event: 41.418 loading class liquibase/database/jvm/DerbyConnection done
Event: 41.419 loading class liquibase/database/jvm/JdbcConnection
Event: 41.419 loading class liquibase/database/jvm/JdbcConnection done
Event: 41.420 loading class liquibase/database/typeconversion/core/CacheTypeConverter
Event: 41.420 loading class liquibase/database/typeconversion/core/CacheTypeConverter done
Event: 41.421 loading class liquibase/database/core/DerbyDatabase
Event: 41.421 loading class liquibase/database/core/DerbyDatabase done


Dynamic libraries:
00400000-00401000 r-xp 00000000 08:06 3233770                            /usr/lib/jvm/java-8-oracle/bin/java
00600000-00601000 rw-p 00000000 08:06 3233770                            /usr/lib/jvm/java-8-oracle/bin/java
0257d000-0259e000 rw-p 00000000 00:00 0                                  [heap]
d0000000-d5800000 rw-p 00000000 00:00 0 
d5800000-f0000000 ---p 00000000 00:00 0 
f0000000-100000000 rw-p 00000000 00:00 0 
100000000-1007a0000 rw-p 00000000 00:00 0 
1007a0000-140000000 ---p 00000000 00:00 0 
7f8f70000000-7f8f70021000 rw-p 00000000 00:00 0 
7f8f70021000-7f8f74000000 ---p 00000000 00:00 0 
7f8f78000000-7f8f78021000 rw-p 00000000 00:00 0 
7f8f78021000-7f8f7c000000 ---p 00000000 00:00 0 
7f8f7c000000-7f8f7c021000 rw-p 00000000 00:00 0 
7f8f7c021000-7f8f80000000 ---p 00000000 00:00 0 
7f8f80000000-7f8f80021000 rw-p 00000000 00:00 0 
7f8f80021000-7f8f84000000 ---p 00000000 00:00 0 
7f8f84000000-7f8f84021000 rw-p 00000000 00:00 0 
7f8f84021000-7f8f88000000 ---p 00000000 00:00 0 
7f8f88000000-7f8f88021000 rw-p 00000000 00:00 0 
7f8f88021000-7f8f8c000000 ---p 00000000 00:00 0 
7f8f8c000000-7f8f8d04d000 rw-p 00000000 00:00 0 
7f8f8d04d000-7f8f90000000 ---p 00000000 00:00 0 
7f8f90000000-7f8f90021000 rw-p 00000000 00:00 0 
7f8f90021000-7f8f94000000 ---p 00000000 00:00 0 
7f8f94000000-7f8f94037000 rw-p 00000000 00:00 0 
7f8f94037000-7f8f98000000 ---p 00000000 00:00 0 
7f8f98000000-7f8f98021000 rw-p 00000000 00:00 0 
7f8f98021000-7f8f9c000000 ---p 00000000 00:00 0 
7f8f9c000000-7f8f9c021000 rw-p 00000000 00:00 0 
7f8f9c021000-7f8fa0000000 ---p 00000000 00:00 0 
7f8fa0000000-7f8fa0021000 rw-p 00000000 00:00 0 
7f8fa0021000-7f8fa4000000 ---p 00000000 00:00 0 
7f8fa4000000-7f8fa4021000 rw-p 00000000 00:00 0 
7f8fa4021000-7f8fa8000000 ---p 00000000 00:00 0 
7f8fa8000000-7f8fa9c37000 rw-p 00000000 00:00 0 
7f8fa9c37000-7f8fac000000 ---p 00000000 00:00 0 
7f8fac000000-7f8fac9e8000 rw-p 00000000 00:00 0 
7f8fac9e8000-7f8fb0000000 ---p 00000000 00:00 0 
7f8fb0000000-7f8fb0021000 rw-p 00000000 00:00 0 
7f8fb0021000-7f8fb4000000 ---p 00000000 00:00 0 
7f8fb4000000-7f8fb59a8000 rw-p 00000000 00:00 0 
7f8fb59a8000-7f8fb8000000 ---p 00000000 00:00 0 
7f8fb8000000-7f8fb8021000 rw-p 00000000 00:00 0 
7f8fb8021000-7f8fbc000000 ---p 00000000 00:00 0 
7f8fbc000000-7f8fbc021000 rw-p 00000000 00:00 0 
7f8fbc021000-7f8fc0000000 ---p 00000000 00:00 0 
7f8fc0000000-7f8fc0029000 rw-p 00000000 00:00 0 
7f8fc0029000-7f8fc4000000 ---p 00000000 00:00 0 
7f8fc4000000-7f8fc41f4000 rw-p 00000000 00:00 0 
7f8fc41f4000-7f8fc8000000 ---p 00000000 00:00 0 
7f8fc8000000-7f8fc8043000 rw-p 00000000 00:00 0 
7f8fc8043000-7f8fcc000000 ---p 00000000 00:00 0 
7f8fcd9fd000-7f8fcdabd000 rw-p 00000000 00:00 0 
7f8fcdabd000-7f8fcdbfd000 ---p 00000000 00:00 0 
7f8fcdbfd000-7f8fcddfd000 rw-p 00000000 00:00 0 
7f8fcddfd000-7f8fcdffd000 rw-p 00000000 00:00 0 
7f8fcdffd000-7f8fce1fd000 rw-p 00000000 00:00 0 
7f8fce1fd000-7f8fce3fd000 rw-p 00000000 00:00 0 
7f8fce3fd000-7f8fce400000 ---p 00000000 00:00 0 
7f8fce400000-7f8fce6fe000 rw-p 00000000 00:00 0 
7f8fce6fe000-7f8fce701000 ---p 00000000 00:00 0 
7f8fce701000-7f8fce9ff000 rw-p 00000000 00:00 0 
7f8fce9ff000-7f8fcebff000 rw-p 00000000 00:00 0 
7f8fcebff000-7f8fcedff000 rw-p 00000000 00:00 0 
7f8fcedff000-7f8fcefff000 rw-p 00000000 00:00 0 
7f8fcefff000-7f8fcf1ff000 rw-p 00000000 00:00 0 
7f8fcf2ff000-7f8fcf302000 ---p 00000000 00:00 0 
7f8fcf302000-7f8fcf600000 rw-p 00000000 00:00 0 
7f8fcf600000-7f8fcf800000 rw-p 00000000 00:00 0 
7f8fcf800000-7f8fcfa00000 rw-p 00000000 00:00 0 
7f8fcfa00000-7f8fcfc00000 rw-p 00000000 00:00 0 
7f8fcfc00000-7f8fcfe00000 rw-p 00000000 00:00 0 
7f8fcfe00000-7f8fd0000000 rw-p 00000000 00:00 0 
7f8fd0000000-7f8fd0021000 rw-p 00000000 00:00 0 
7f8fd0021000-7f8fd4000000 ---p 00000000 00:00 0 
7f8fd403b000-7f8fd4041000 r--s 002f7000 08:06 3233722                    /usr/lib/jvm/java-8-oracle/jre/lib/charsets.jar
7f8fd4041000-7f8fd4044000 ---p 00000000 00:00 0 
7f8fd4044000-7f8fd4142000 rw-p 00000000 00:00 0 
7f8fd4142000-7f8fd4155000 r--s 00345000 08:06 3233716                    /usr/lib/jvm/java-8-oracle/jre/lib/resources.jar
7f8fd4155000-7f8fd4158000 ---p 00000000 00:00 0 
7f8fd4158000-7f8fd4456000 rw-p 00000000 00:00 0 
7f8fd4456000-7f8fd4459000 ---p 00000000 00:00 0 
7f8fd4459000-7f8fd4557000 rw-p 00000000 00:00 0 
7f8fd4557000-7f8fd455a000 ---p 00000000 00:00 0 
7f8fd455a000-7f8fd4658000 rw-p 00000000 00:00 0 
7f8fd4658000-7f8fd4668000 r-xp 00000000 08:06 3233476                    /usr/lib/jvm/java-8-oracle/jre/lib/amd64/libnio.so
7f8fd4668000-7f8fd4868000 ---p 00010000 08:06 3233476                    /usr/lib/jvm/java-8-oracle/jre/lib/amd64/libnio.so
7f8fd4868000-7f8fd4869000 rw-p 00010000 08:06 3233476                    /usr/lib/jvm/java-8-oracle/jre/lib/amd64/libnio.so
7f8fd4869000-7f8fd4a69000 rw-p 00000000 00:00 0 
7f8fd4a69000-7f8fd4a71000 r-xp 00000000 08:06 3233538                    /usr/lib/jvm/java-8-oracle/jre/lib/amd64/libmanagement.so
7f8fd4a71000-7f8fd4c71000 ---p 00008000 08:06 3233538                    /usr/lib/jvm/java-8-oracle/jre/lib/amd64/libmanagement.so
7f8fd4c71000-7f8fd4c72000 rw-p 00008000 08:06 3233538                    /usr/lib/jvm/java-8-oracle/jre/lib/amd64/libmanagement.so
7f8fd4c72000-7f8fd4c88000 r-xp 00000000 08:06 3233484                    /usr/lib/jvm/java-8-oracle/jre/lib/amd64/libnet.so
7f8fd4c88000-7f8fd4e87000 ---p 00016000 08:06 3233484                    /usr/lib/jvm/java-8-oracle/jre/lib/amd64/libnet.so
7f8fd4e87000-7f8fd4e88000 rw-p 00015000 08:06 3233484                    /usr/lib/jvm/java-8-oracle/jre/lib/amd64/libnet.so
7f8fd4e88000-7f8fd4e8b000 ---p 00000000 00:00 0 
7f8fd4e8b000-7f8fd4f89000 rw-p 00000000 00:00 0 
7f8fd4f89000-7f8fd4f8c000 r--s 00012000 08:06 5535273                    /home/jbondia/.gvm/grails/2.4.2/lib/javax.servlet/javax.servlet-api/jars/javax.servlet-api-3.0.1.jar
7f8fd4f8c000-7f8fd4f91000 r--s 00040000 08:06 5539719                    /home/jbondia/.gvm/grails/2.4.2/dist/grails-project-api-2.4.2.jar
7f8fd4f91000-7f8fd4fa2000 r--s 000d2000 08:06 5544114                    /home/jbondia/.m2/repository/org/liquibase/liquibase-core/2.0.5/liquibase-core-2.0.5.jar
7f8fd4fa2000-7f8fd4fa6000 r--s 0000c000 08:06 5544112                    /home/jbondia/.m2/repository/javax/validation/validation-api/1.1.0.Final/validation-api-1.1.0.Final.jar
7f8fd4fa6000-7f8fd4fac000 r--s 0004c000 08:06 5535608                    /home/jbondia/.gvm/grails/2.4.2/lib/org.grails/grails-datastore-simple/jars/grails-datastore-simple-3.1.1.RELEASE.jar
7f8fd4fac000-7f8fd4fb4000 r--s 00052000 08:06 5544110                    /home/jbondia/.m2/repository/org/springframework/spring-orm/4.0.5.RELEASE/spring-orm-4.0.5.RELEASE.jar
7f8fd4fb4000-7f8fd4fb6000 r--s 0000a000 08:06 5544109                    /home/jbondia/.m2/repository/org/grails/grails-datastore-gorm-plugin-support/3.1.1.RELEASE/grails-datastore-gorm-plugin-support-3.1.1.RELEASE.jar
7f8fd4fb6000-7f8fd4fbc000 r--s 00041000 08:06 5544106                    /home/jbondia/.m2/repository/org/grails/grails-datastore-gorm-hibernate-core/3.1.1.RELEASE/grails-datastore-gorm-hibernate-core-3.1.1.RELEASE.jar
7f8fd4fbc000-7f8fd4fc1000 r--s 00048000 08:06 6571767                    /home/jbondia/.m2/repository/dom4j/dom4j/1.6.1/dom4j-1.6.1.jar
7f8fd4fc1000-7f8fd4fc2000 r--s 00002000 08:06 5544104                    /home/jbondia/.m2/repository/org/jboss/logging/jboss-logging-annotations/1.2.0.Beta1/jboss-logging-annotations-1.2.0.Beta1.jar
7f8fd4fc2000-7f8fd4fc5000 r--s 00010000 08:06 5544102                    /home/jbondia/.m2/repository/org/hibernate/common/hibernate-commons-annotations/4.0.4.Final/hibernate-commons-annotations-4.0.4.Final.jar
7f8fd4fc5000-7f8fd4fcd000 r--s 00062000 08:06 5544100                    /home/jbondia/.m2/repository/org/grails/grails-datastore-gorm-hibernate4/3.1.1.RELEASE/grails-datastore-gorm-hibernate4-3.1.1.RELEASE.jar
7f8fd4fcd000-7f8fd4fd6000 r--s 00081000 08:06 5535607                    /home/jbondia/.gvm/grails/2.4.2/lib/org.grails/grails-datastore-gorm/jars/grails-datastore-gorm-3.1.1.RELEASE.jar
7f8fd4fd6000-7f8fd4fe1000 r--s 00052000 08:06 5535606                    /home/jbondia/.gvm/grails/2.4.2/lib/org.grails/grails-datastore-core/jars/grails-datastore-core-3.1.1.RELEASE.jar
7f8fd4fe1000-7f8fd4fe3000 r--s 0000d000 08:06 5544098                    /home/jbondia/.m2/repository/org/jboss/logging/jboss-logging/3.1.0.GA/jboss-logging-3.1.0.GA.jar
7f8fd4fe3000-7f8fd4ff9000 r--s 000e6000 08:06 5544096                    /home/jbondia/.m2/repository/net/sf/ehcache/ehcache-core/2.4.8/ehcache-core-2.4.8.jar
7f8fd4ff9000-7f8fd4ffb000 r--s 00011000 08:06 5544094                    /home/jbondia/.m2/repository/org/jboss/jandex/1.1.0.Final/jandex-1.1.0.Final.jar
7f8fd4ffb000-7f8fd5000000 r--s 00068000 08:06 8257762                    /home/jbondia/.m2/repository/antlr/antlr/2.7.7/antlr-2.7.7.jar
7f8fd5000000-7f8fd5001000 r--s 00006000 08:06 5544092                    /home/jbondia/.m2/repository/org/jboss/spec/javax/transaction/jboss-transaction-api_1.2_spec/1.0.0.Final/jboss-transaction-api_1.2_spec-1.0.0.Final.jar
7f8fd5001000-7f8fd505e000 r--s 004a0000 08:06 5544090                    /home/jbondia/.m2/repository/org/hibernate/hibernate-core/4.3.5.Final/hibernate-core-4.3.5.Final.jar
7f8fd505e000-7f8fd5062000 r--s 0001e000 08:06 5544088                    /home/jbondia/.m2/repository/org/hibernate/hibernate-ehcache/4.3.5.Final/hibernate-ehcache-4.3.5.Final.jar
7f8fd5062000-7f8fd5064000 r--s 0000d000 08:06 5544086                    /home/jbondia/.m2/repository/com/fasterxml/classmate/1.0.0/classmate-1.0.0.jar
7f8fd5064000-7f8fd5071000 r--s 00080000 08:06 5544084                    /home/jbondia/.m2/repository/org/hibernate/hibernate-validator/5.0.3.Final/hibernate-validator-5.0.3.Final.jar
7f8fd5071000-7f8fd507a000 r--s 000a5000 08:06 5544080                    /home/jbondia/.m2/repository/org/javassist/javassist/3.17.1-GA/javassist-3.17.1-GA.jar
7f8fd507a000-7f8fd507d000 r--s 00083000 08:06 5539740                    /home/jbondia/.gvm/grails/2.4.2/dist/grails-resources-2.4.2.jar
7f8fd507d000-7f8fd508a000 r--s 00189000 08:06 5534751                    /home/jbondia/.gvm/grails/2.4.2/lib/com.h2database/h2/jars/h2-1.3.176.jar
7f8fd508a000-7f8fd508e000 r--s 00021000 08:06 5539404                    /home/jbondia/.gvm/grails/2.4.2/dist/grails-plugin-converters-2.4.2.jar
7f8fd508e000-7f8fd5091000 r--s 00018000 08:06 5539467                    /home/jbondia/.gvm/grails/2.4.2/dist/grails-plugin-domain-class-2.4.2.jar
7f8fd5091000-7f8fd5093000 r--s 0000e000 08:06 5539572                    /home/jbondia/.gvm/grails/2.4.2/dist/grails-plugin-mimetypes-2.4.2.jar
7f8fd5093000-7f8fd5094000 r--s 0000e000 08:06 5535541                    /home/jbondia/.gvm/grails/2.4.2/lib/org.codehaus.jsr166-mirror/jsr166y/jars/jsr166y-1.7.0.jar
7f8fd5094000-7f8fd50b0000 r--s 00136000 08:06 5535532                    /home/jbondia/.gvm/grails/2.4.2/lib/org.codehaus.gpars/gpars/jars/gpars-1.2.1.jar
7f8fd50b0000-7f8fd50b2000 r--s 00011000 08:06 5539194                    /home/jbondia/.gvm/grails/2.4.2/dist/grails-async-2.4.2.jar
7f8fd50b2000-7f8fd50b4000 r--s 0000e000 08:06 5539341                    /home/jbondia/.gvm/grails/2.4.2/dist/grails-plugin-async-2.4.2.jar
7f8fd50b4000-7f8fd50b8000 r--s 00028000 08:06 5535235                    /home/jbondia/.gvm/grails/2.4.2/lib/commons-validator/commons-validator/jars/commons-validator-1.4.0.jar
7f8fd50b8000-7f8fd50bb000 r--s 00012000 08:06 5539824                    /home/jbondia/.gvm/grails/2.4.2/dist/grails-validation-2.4.2.jar
7f8fd50bb000-7f8fd50bf000 r--s 00019000 08:06 5534739                    /home/jbondia/.gvm/grails/2.4.2/lib/com.googlecode.concurrentlinkedhashmap/concurrentlinkedhashmap-lru/jars/concurrentlinkedhashmap-lru-1.4.jar
7f8fd50bf000-7f8fd50c1000 r--s 0000e000 08:06 5539677                    /home/jbondia/.gvm/grails/2.4.2/dist/grails-plugin-url-mappings-2.4.2.jar
7f8fd50c1000-7f8fd50c2000 r--s 00006000 08:06 5539635                    /home/jbondia/.gvm/grails/2.4.2/dist/grails-plugin-servlets-2.4.2.jar
7f8fd50c2000-7f8fd50c9000 r--s 00036000 08:06 5535703                    /home/jbondia/.gvm/grails/2.4.2/lib/org.springframework/spring-tx/jars/spring-tx-4.0.5.RELEASE.jar
7f8fd50c9000-7f8fd50cb000 r--s 00009000 08:06 5539614                    /home/jbondia/.gvm/grails/2.4.2/dist/grails-plugin-services-2.4.2.jar
7f8fd50cb000-7f8fd50cc000 r--s 00001000 08:06 5535639                    /home/jbondia/.gvm/grails/2.4.2/lib/org.slf4j/jul-to-slf4j/jars/jul-to-slf4j-1.7.5.jar
7f8fd50cc000-7f8fd50cd000 r--s 00000000 08:06 5539320                    /home/jbondia/.gvm/grails/2.4.2/dist/grails-logging-2.4.2.jar
7f8fd50cd000-7f8fd50dc000 r--s 00096000 08:06 5535707                    /home/jbondia/.gvm/grails/2.4.2/lib/org.springframework/spring-web/jars/spring-web-4.0.5.RELEASE.jar
7f8fd50dc000-7f8fd50e1000 r--s 0002e000 08:06 5539299                    /home/jbondia/.gvm/grails/2.4.2/dist/grails-encoder-2.4.2.jar
7f8fd50e1000-7f8fd50e7000 r--s 00033000 08:06 5534939                    /home/jbondia/.gvm/grails/2.4.2/lib/commons-codec/commons-codec/jars/commons-codec-1.6.jar
7f8fd50e7000-7f8fd50e9000 r--s 00012000 08:06 5539362                    /home/jbondia/.gvm/grails/2.4.2/dist/grails-plugin-codecs-2.4.2.jar
7f8fd50e9000-7f8fd50eb000 r--s 0000c000 08:06 5539971                    /home/jbondia/.gvm/grails/2.4.2/dist/grails-web-gsp-taglib-2.4.2.jar
7f8fd50eb000-7f8fd50f1000 r--s 00058000 08:06 5539509                    /home/jbondia/.gvm/grails/2.4.2/dist/grails-plugin-gsp-2.4.2.jar
7f8fd50f1000-7f8fd50f3000 r--s 0000b000 08:06 5539488                    /home/jbondia/.gvm/grails/2.4.2/dist/grails-plugin-filters-2.4.2.jar
7f8fd50f3000-7f8fd50f8000 r--s 00041000 08:06 5535234                    /home/jbondia/.gvm/grails/2.4.2/lib/commons-lang/commons-lang/jars/commons-lang-2.6.jar
7f8fd50f8000-7f8fd50f9000 r--s 00005000 08:06 5539530                    /home/jbondia/.gvm/grails/2.4.2/dist/grails-plugin-i18n-2.4.2.jar
7f8fd50f9000-7f8fd50fe000 r--s 00017000 08:06 5535623                    /home/jbondia/.gvm/grails/2.4.2/lib/org.hibernate.javax.persistence/hibernate-jpa-2.1-api/jars/hibernate-jpa-2.1-api-1.0.0.Final.jar
7f8fd50fe000-7f8fd5100000 r--s 00000000 08:06 5534701                    /home/jbondia/.gvm/grails/2.4.2/lib/aopalliance/aopalliance/jars/aopalliance-1.0.jar
7f8fd5100000-7f8fd5102000 r--s 00009000 08:06 5539782                    /home/jbondia/.gvm/grails/2.4.2/dist/grails-spring-2.4.2.jar
7f8fd5102000-7f8fd5105000 r--s 00041000 08:06 5535728                    /home/jbondia/.gvm/grails/2.4.2/lib/xalan/serializer/jars/serializer-2.7.1.jar
7f8fd5105000-7f8fd5111000 r--s 00098000 08:06 5535678                    /home/jbondia/.gvm/grails/2.4.2/lib/org.springframework/spring-beans/jars/spring-beans-4.0.5.RELEASE.jar
7f8fd5111000-7f8fd5125000 r--s 000db000 08:06 5535687                    /home/jbondia/.gvm/grails/2.4.2/lib/org.springframework/spring-core/jars/spring-core-4.0.5.RELEASE.jar
7f8fd5125000-7f8fd5132000 r--s 000a7000 08:06 5539236                    /home/jbondia/.gvm/grails/2.4.2/dist/grails-core-2.4.2.jar
7f8fd5132000-7f8fd5133000 r--s 00005000 08:06 5539425                    /home/jbondia/.gvm/grails/2.4.2/dist/grails-plugin-databinding-2.4.2.jar
7f8fd5133000-7f8fd5138000 r--s 0002e000 08:06 5535691                    /home/jbondia/.gvm/grails/2.4.2/lib/org.springframework/spring-expression/jars/spring-expression-4.0.5.RELEASE.jar
7f8fd5138000-7f8fd5141000 r--s 0004e000 08:06 5535673                    /home/jbondia/.gvm/grails/2.4.2/lib/org.springframework/spring-aop/jars/spring-aop-4.0.5.RELEASE.jar
7f8fd5141000-7f8fd5158000 r--s 000d8000 08:06 5535682                    /home/jbondia/.gvm/grails/2.4.2/lib/org.springframework/spring-context/jars/spring-context-4.0.5.RELEASE.jar
7f8fd5158000-7f8fd515a000 r--s 00008000 08:06 5535509                    /home/jbondia/.gvm/grails/2.4.2/lib/org.apache.tomcat/tomcat-juli/jars/tomcat-juli-7.0.50.jar
7f8fd515a000-7f8fd515c000 r--s 0001d000 08:06 5535505                    /home/jbondia/.gvm/grails/2.4.2/lib/org.apache.tomcat/tomcat-jdbc/jars/tomcat-jdbc-7.0.50.jar
7f8fd515c000-7f8fd5166000 r--s 0005e000 08:06 5535695                    /home/jbondia/.gvm/grails/2.4.2/lib/org.springframework/spring-jdbc/jars/spring-jdbc-4.0.5.RELEASE.jar
7f8fd5166000-7f8fd5168000 r--s 0000d000 08:06 5539446                    /home/jbondia/.gvm/grails/2.4.2/dist/grails-plugin-datasource-2.4.2.jar
7f8fd5168000-7f8fd516a000 r--s 00008000 08:06 5539698                    /home/jbondia/.gvm/grails/2.4.2/dist/grails-plugin-validation-2.4.2.jar
7f8fd516a000-7f8fd516e000 r--s 00020000 08:06 5539383                    /home/jbondia/.gvm/grails/2.4.2/dist/grails-plugin-controllers-2.4.2.jar
7f8fd516e000-7f8fd5172000 r--s 00019000 08:06 5535517                    /home/jbondia/.gvm/grails/2.4.2/lib/org.aspectj/aspectjrt/jars/aspectjrt-1.8.0.jar
7f8fd5172000-7f8fd518a000 r--s 001aa000 08:06 5535518                    /home/jbondia/.gvm/grails/2.4.2/lib/org.aspectj/aspectjweaver/jars/aspectjweaver-1.8.0.jar
7f8fd518a000-7f8fd518e000 r--s 00024000 08:06 5539992                    /home/jbondia/.gvm/grails/2.4.2/dist/grails-web-jsp-2.4.2.jar
7f8fd518e000-7f8fd5190000 r--s 0001d000 08:06 5539887                    /home/jbondia/.gvm/grails/2.4.2/dist/grails-web-databinding-2.4.2.jar
7f8fd5190000-7f8fd5196000 r--s 00027000 08:06 5535459                    /home/jbondia/.gvm/grails/2.4.2/lib/opensymphony/sitemesh/jars/sitemesh-2.4.jar
7f8fd5196000-7f8fd5198000 r--s 0000b000 08:06 5540034                    /home/jbondia/.gvm/grails/2.4.2/dist/grails-web-sitemesh-2.4.2.jar
7f8fd5198000-7f8fd519a000 r--s 00009000 08:06 5540013                    /home/jbondia/.gvm/grails/2.4.2/dist/grails-web-mvc-2.4.2.jar
7f8fd519a000-7f8fd519c000 r--s 0000b000 08:06 5535674                    /home/jbondia/.gvm/grails/2.4.2/lib/org.springframework/spring-aspects/jars/spring-aspects-4.0.5.RELEASE.jar
7f8fd519c000-7f8fd51a3000 r--s 0004f000 08:06 5539950                    /home/jbondia/.gvm/grails/2.4.2/dist/grails-web-gsp-2.4.2.jar
7f8fd51a3000-7f8fd51a7000 r--s 00027000 08:06 5535147                    /home/jbondia/.gvm/grails/2.4.2/lib/commons-io/commons-io/jars/commons-io-2.2.jar
7f8fd51a7000-7f8fd51a9000 r--s 0000f000 08:06 5535137                    /home/jbondia/.gvm/grails/2.4.2/lib/commons-fileupload/commons-fileupload/jars/commons-fileupload-1.3.1.jar
7f8fd51a9000-7f8fd51ad000 r--s 00023000 08:06 5540055                    /home/jbondia/.gvm/grails/2.4.2/dist/grails-web-url-mappings-2.4.2.jar
7f8fd51ad000-7f8fd51af000 r--s 00013000 08:06 5539257                    /home/jbondia/.gvm/grails/2.4.2/dist/grails-databinding-2.4.2.jar
7f8fd51af000-7f8fd51b3000 r--s 0001e000 08:06 5535683                    /home/jbondia/.gvm/grails/2.4.2/lib/org.springframework/spring-context-support/jars/spring-context-support-4.0.5.RELEASE.jar
7f8fd51b3000-7f8fd51bf000 r--s 00096000 08:06 5535708                    /home/jbondia/.gvm/grails/2.4.2/lib/org.springframework/spring-webmvc/jars/spring-webmvc-4.0.5.RELEASE.jar
7f8fd51bf000-7f8fd51c4000 r--s 00030000 08:06 5539866                    /home/jbondia/.gvm/grails/2.4.2/dist/grails-web-common-2.4.2.jar
7f8fd51c4000-7f8fd53c4000 rw-p 00000000 00:00 0 
7f8fd53c4000-7f8fd53c7000 ---p 00000000 00:00 0 
7f8fd53c7000-7f8fd56c5000 rw-p 00000000 00:00 0 
7f8fd56c5000-7f8fd56e1000 r--s 00393000 08:06 3233448                    /usr/lib/jvm/java-8-oracle/jre/lib/ext/cldrdata.jar
7f8fd56e1000-7f8fd58e1000 rw-p 00000000 00:00 0 
7f8fd58e1000-7f8fd5ae1000 rw-p 00000000 00:00 0 
7f8fd5ae1000-7f8fd5ae4000 ---p 00000000 00:00 0 
7f8fd5ae4000-7f8fd5de2000 rw-p 00000000 00:00 0 
7f8fd5de2000-7f8fd5de3000 r-xp 00000000 08:06 4587998                    /tmp/libjansi-64-8580950075386303757.so
7f8fd5de3000-7f8fd5fe2000 ---p 00001000 08:06 4587998                    /tmp/libjansi-64-8580950075386303757.so
7f8fd5fe2000-7f8fd5fe3000 rw-p 00000000 08:06 4587998                    /tmp/libjansi-64-8580950075386303757.so
7f8fd5fe3000-7f8fd5fe6000 ---p 00000000 00:00 0 
7f8fd5fe6000-7f8fd601c000 rw-p 00000000 00:00 0 
7f8fd601c000-7f8fd601d000 ---p 00000000 00:00 0 
7f8fd601d000-7f8fd611d000 rw-p 00000000 00:00 0 
7f8fd611d000-7f8fd6800000 r--p 00000000 08:06 3021278                    /usr/lib/locale/locale-archive
7f8fd6800000-7f8fd8000000 rw-p 00000000 00:00 0 
7f8fd8000000-7f8fd8021000 rw-p 00000000 00:00 0 
7f8fd8021000-7f8fdc000000 ---p 00000000 00:00 0 
7f8fdc001000-7f8fdc003000 r--s 00009000 08:06 5539845                    /home/jbondia/.gvm/grails/2.4.2/dist/grails-web-2.4.2.jar
7f8fdc003000-7f8fdc008000 r--s 0002a000 08:06 5534719                    /home/jbondia/.gvm/grails/2.4.2/lib/com.google.code.gson/gson/jars/gson-2.2.4.jar
7f8fdc008000-7f8fdc00b000 r--s 00038000 08:06 5539593                    /home/jbondia/.gvm/grails/2.4.2/dist/grails-plugin-rest-2.4.2.jar
7f8fdc00b000-7f8fdc016000 r--s 0021a000 08:06 3233434                    /usr/lib/jvm/java-8-oracle/jre/lib/ext/localedata.jar
7f8fdc016000-7f8fdc018000 r--s 00001000 08:06 3233440                    /usr/lib/jvm/java-8-oracle/jre/lib/ext/dnsns.jar
7f8fdc018000-7f8fdc01d000 r--s 00092000 08:06 3233579                    /usr/lib/jvm/java-8-oracle/jre/lib/jsse.jar
7f8fdc01d000-7f8fdc020000 ---p 00000000 00:00 0 
7f8fdc020000-7f8fdc11e000 rw-p 00000000 00:00 0 
7f8fdc11e000-7f8fdc121000 ---p 00000000 00:00 0 
7f8fdc121000-7f8fdc21f000 rw-p 00000000 00:00 0 
7f8fdc21f000-7f8fdc222000 ---p 00000000 00:00 0 
7f8fdc222000-7f8fdc320000 rw-p 00000000 00:00 0 
7f8fdc320000-7f8fdc323000 ---p 00000000 00:00 0 
7f8fdc323000-7f8fdc421000 rw-p 00000000 00:00 0 
7f8fdc421000-7f8fdc427000 r--s 0005f000 08:06 5535713                    /home/jbondia/.gvm/grails/2.4.2/lib/org.springframework/springloaded/jars/springloaded-1.2.0.RELEASE.jar
7f8fdc427000-7f8fdc429000 r--s 00013000 08:06 5543879                    /home/jbondia/.m2/repository/org/apache/tomcat/embed/tomcat-embed-logging-log4j/7.0.53/tomcat-embed-logging-log4j-7.0.53.jar
7f8fdc429000-7f8fdc42b000 r--s 0000e000 08:06 5955551                    /home/jbondia/Diputació-AST/idea_workspace/ocelot/ocelot-bpm-project/Blank_app/target/work/plugins/tomcat-7.0.54/grails-plugin-tomcat-7.0.54.jar
7f8fdc42b000-7f8fdc42f000 r--s 00027000 08:06 5543877                    /home/jbondia/.m2/repository/org/apache/tomcat/embed/tomcat-embed-el/7.0.53/tomcat-embed-el-7.0.53.jar
7f8fdc42f000-7f8fdc43f000 r--s 0019c000 08:06 5543883                    /home/jbondia/.m2/repository/org/eclipse/jdt/core/compiler/ecj/3.7.2/ecj-3.7.2.jar
7f8fdc43f000-7f8fdc460000 r--s 00267000 08:06 5543885                    /home/jbondia/.m2/repository/org/apache/tomcat/embed/tomcat-embed-core/7.0.53/tomcat-embed-core-7.0.53.jar
7f8fdc460000-7f8fdc465000 r--s 0002f000 08:06 5543881                    /home/jbondia/.m2/repository/org/apache/tomcat/embed/tomcat-embed-websocket/7.0.53/tomcat-embed-websocket-7.0.53.jar
7f8fdc465000-7f8fdc46e000 r--s 0009f000 08:06 5543873                    /home/jbondia/.m2/repository/org/apache/tomcat/embed/tomcat-embed-jasper/7.0.53/tomcat-embed-jasper-7.0.53.jar
7f8fdc46e000-7f8fdc470000 r--s 0000c000 08:06 5543875                    /home/jbondia/.m2/repository/org/apache/tomcat/tomcat-catalina-ant/7.0.53/tomcat-catalina-ant-7.0.53.jar
7f8fdc470000-7f8fdc472000 r--s 0001a000 08:06 5535605                    /home/jbondia/.gvm/grails/2.4.2/lib/org.fusesource.jansi/jansi/jars/jansi-1.11.jar
7f8fdc472000-7f8fdc487000 r--s 00116000 08:06 5535477                    /home/jbondia/.gvm/grails/2.4.2/lib/org.apache.ivy/ivy/jars/ivy-2.3.0.jar
7f8fdc487000-7f8fdc48a000 r--s 00018000 08:06 5535463                    /home/jbondia/.gvm/grails/2.4.2/lib/org.apache.ant/ant-junit/jars/ant-junit-1.8.4.jar
7f8fdc48a000-7f8fdc4f5000 r--s 00683000 08:06 5535536                    /home/jbondia/.gvm/grails/2.4.2/lib/org.codehaus.groovy/groovy-all/jars/groovy-all-2.3.3.jar
7f8fdc4f5000-7f8fdc4f8000 ---p 00000000 00:00 0 
7f8fdc4f8000-7f8fdc5f6000 rw-p 00000000 00:00 0 
7f8fdc5f6000-7f8fdc5f9000 ---p 00000000 00:00 0 
7f8fdc5f9000-7f8fdc6f7000 rw-p 00000000 00:00 0 
7f8fdc6f7000-7f8fdc6fa000 ---p 00000000 00:00 0 
7f8fdc6fa000-7f8fdc7f8000 rw-p 00000000 00:00 0 
7f8fdc7f8000-7f8fdc7f9000 ---p 00000000 00:00 0 
7f8fdc7f9000-7f8fdd000000 rw-p 00000000 00:00 0 
7f8fdd000000-7f8fde240000 rwxp 00000000 00:00 0 
7f8fde240000-7f8fec000000 ---p 00000000 00:00 0 
7f8fec000000-7f8fecc1e000 rw-p 00000000 00:00 0 
7f8fecc1e000-7f8ff0000000 ---p 00000000 00:00 0 
7f8ff0000000-7f8ff0001000 r--s 00004000 08:06 5535465                    /home/jbondia/.gvm/grails/2.4.2/lib/org.apache.ant/ant-launcher/jars/ant-launcher-1.8.4.jar
7f8ff0001000-7f8ff001f000 r--s 001bd000 08:06 5535461                    /home/jbondia/.gvm/grails/2.4.2/lib/org.apache.ant/ant/jars/ant-1.8.4.jar
7f8ff001f000-7f8ff0023000 r--s 00031000 08:06 5535445                    /home/jbondia/.gvm/grails/2.4.2/lib/jline/jline/jars/jline-2.12.jar
7f8ff0023000-7f8ff0025000 r--s 00005000 08:06 5535644                    /home/jbondia/.gvm/grails/2.4.2/lib/org.slf4j/slf4j-api/jars/slf4j-api-1.7.5.jar
7f8ff0025000-7f8ff0033000 r--s 000db000 08:06 5539215                    /home/jbondia/.gvm/grails/2.4.2/dist/grails-bootstrap-2.4.2.jar
7f8ff0033000-7f8ff003c000 r--s 0006f000 08:06 5535455                    /home/jbondia/.gvm/grails/2.4.2/lib/log4j/log4j/jars/log4j-1.2.17.jar
7f8ff003c000-7f8ff00b4000 r--s 010c6000 08:06 3233304                    /usr/lib/jvm/java-8-oracle/lib/tools.jar
7f8ff00b4000-7f8ff090b000 rw-p 00000000 00:00 0 
7f8ff090b000-7f8ff0ae0000 r--s 03c4d000 08:06 3233577                    /usr/lib/jvm/java-8-oracle/jre/lib/rt.jar
7f8ff0ae0000-7f8ff1460000 rw-p 00000000 00:00 0 
7f8ff1460000-7f8ff1461000 ---p 00000000 00:00 0 
7f8ff1461000-7f8ff1561000 rw-p 00000000 00:00 0 
7f8ff1561000-7f8ff1562000 ---p 00000000 00:00 0 
7f8ff1562000-7f8ff1662000 rw-p 00000000 00:00 0 
7f8ff1662000-7f8ff1663000 ---p 00000000 00:00 0 
7f8ff1663000-7f8ff1763000 rw-p 00000000 00:00 0 
7f8ff1763000-7f8ff1764000 ---p 00000000 00:00 0 
7f8ff1764000-7f8ff1890000 rw-p 00000000 00:00 0 
7f8ff1890000-7f8ff1964000 ---p 00000000 00:00 0 
7f8ff1964000-7f8ff1990000 rw-p 00000000 00:00 0 
7f8ff1990000-7f8ff1a64000 ---p 00000000 00:00 0 
7f8ff1a64000-7f8ff1ae4000 rw-p 00000000 00:00 0 
7f8ff1ae4000-7f8ff1b2e000 rw-p 00000000 00:00 0 
7f8ff1b2e000-7f8ff1ea5000 ---p 00000000 00:00 0 
7f8ff1ea5000-7f8ff1ec1000 r-xp 00000000 08:06 3233555                    /usr/lib/jvm/java-8-oracle/jre/lib/amd64/libzip.so
7f8ff1ec1000-7f8ff20c0000 ---p 0001c000 08:06 3233555                    /usr/lib/jvm/java-8-oracle/jre/lib/amd64/libzip.so
7f8ff20c0000-7f8ff20c1000 rw-p 0001b000 08:06 3233555                    /usr/lib/jvm/java-8-oracle/jre/lib/amd64/libzip.so
7f8ff20c1000-7f8ff20cd000 r-xp 00000000 08:06 5252898                    /lib/x86_64-linux-gnu/libnss_files-2.15.so
7f8ff20cd000-7f8ff22cc000 ---p 0000c000 08:06 5252898                    /lib/x86_64-linux-gnu/libnss_files-2.15.so
7f8ff22cc000-7f8ff22cd000 r--p 0000b000 08:06 5252898                    /lib/x86_64-linux-gnu/libnss_files-2.15.so
7f8ff22cd000-7f8ff22ce000 rw-p 0000c000 08:06 5252898                    /lib/x86_64-linux-gnu/libnss_files-2.15.so
7f8ff22ce000-7f8ff22d8000 r-xp 00000000 08:06 5252902                    /lib/x86_64-linux-gnu/libnss_nis-2.15.so
7f8ff22d8000-7f8ff24d8000 ---p 0000a000 08:06 5252902                    /lib/x86_64-linux-gnu/libnss_nis-2.15.so
7f8ff24d8000-7f8ff24d9000 r--p 0000a000 08:06 5252902                    /lib/x86_64-linux-gnu/libnss_nis-2.15.so
7f8ff24d9000-7f8ff24da000 rw-p 0000b000 08:06 5252902                    /lib/x86_64-linux-gnu/libnss_nis-2.15.so
7f8ff24da000-7f8ff24f1000 r-xp 00000000 08:06 5252914                    /lib/x86_64-linux-gnu/libnsl-2.15.so
7f8ff24f1000-7f8ff26f0000 ---p 00017000 08:06 5252914                    /lib/x86_64-linux-gnu/libnsl-2.15.so
7f8ff26f0000-7f8ff26f1000 r--p 00016000 08:06 5252914                    /lib/x86_64-linux-gnu/libnsl-2.15.so
7f8ff26f1000-7f8ff26f2000 rw-p 00017000 08:06 5252914                    /lib/x86_64-linux-gnu/libnsl-2.15.so
7f8ff26f2000-7f8ff26f4000 rw-p 00000000 00:00 0 
7f8ff26f4000-7f8ff26fc000 r-xp 00000000 08:06 5252896                    /lib/x86_64-linux-gnu/libnss_compat-2.15.so
7f8ff26fc000-7f8ff28fb000 ---p 00008000 08:06 5252896                    /lib/x86_64-linux-gnu/libnss_compat-2.15.so
7f8ff28fb000-7f8ff28fc000 r--p 00007000 08:06 5252896                    /lib/x86_64-linux-gnu/libnss_compat-2.15.so
7f8ff28fc000-7f8ff28fd000 rw-p 00008000 08:06 5252896                    /lib/x86_64-linux-gnu/libnss_compat-2.15.so
7f8ff28fd000-7f8ff2907000 r-xp 00000000 08:06 3233456                    /usr/lib/jvm/java-8-oracle/jre/lib/amd64/libinstrument.so
7f8ff2907000-7f8ff2b06000 ---p 0000a000 08:06 3233456                    /usr/lib/jvm/java-8-oracle/jre/lib/amd64/libinstrument.so
7f8ff2b06000-7f8ff2b07000 rw-p 00009000 08:06 3233456                    /usr/lib/jvm/java-8-oracle/jre/lib/amd64/libinstrument.so
7f8ff2b07000-7f8ff2b31000 r-xp 00000000 08:06 3233508                    /usr/lib/jvm/java-8-oracle/jre/lib/amd64/libjava.so
7f8ff2b31000-7f8ff2d31000 ---p 0002a000 08:06 3233508                    /usr/lib/jvm/java-8-oracle/jre/lib/amd64/libjava.so
7f8ff2d31000-7f8ff2d33000 rw-p 0002a000 08:06 3233508                    /usr/lib/jvm/java-8-oracle/jre/lib/amd64/libjava.so
7f8ff2d33000-7f8ff2d40000 r-xp 00000000 08:06 3233551                    /usr/lib/jvm/java-8-oracle/jre/lib/amd64/libverify.so
7f8ff2d40000-7f8ff2f40000 ---p 0000d000 08:06 3233551                    /usr/lib/jvm/java-8-oracle/jre/lib/amd64/libverify.so
7f8ff2f40000-7f8ff2f42000 rw-p 0000d000 08:06 3233551                    /usr/lib/jvm/java-8-oracle/jre/lib/amd64/libverify.so
7f8ff2f42000-7f8ff2f49000 r-xp 00000000 08:06 5252901                    /lib/x86_64-linux-gnu/librt-2.15.so
7f8ff2f49000-7f8ff3148000 ---p 00007000 08:06 5252901                    /lib/x86_64-linux-gnu/librt-2.15.so
7f8ff3148000-7f8ff3149000 r--p 00006000 08:06 5252901                    /lib/x86_64-linux-gnu/librt-2.15.so
7f8ff3149000-7f8ff314a000 rw-p 00007000 08:06 5252901                    /lib/x86_64-linux-gnu/librt-2.15.so
7f8ff314a000-7f8ff3245000 r-xp 00000000 08:06 5252905                    /lib/x86_64-linux-gnu/libm-2.15.so
7f8ff3245000-7f8ff3444000 ---p 000fb000 08:06 5252905                    /lib/x86_64-linux-gnu/libm-2.15.so
7f8ff3444000-7f8ff3445000 r--p 000fa000 08:06 5252905                    /lib/x86_64-linux-gnu/libm-2.15.so
7f8ff3445000-7f8ff3446000 rw-p 000fb000 08:06 5252905                    /lib/x86_64-linux-gnu/libm-2.15.so
7f8ff3446000-7f8ff4060000 r-xp 00000000 08:06 3233540                    /usr/lib/jvm/java-8-oracle/jre/lib/amd64/server/libjvm.so
7f8ff4060000-7f8ff425f000 ---p 00c1a000 08:06 3233540                    /usr/lib/jvm/java-8-oracle/jre/lib/amd64/server/libjvm.so
7f8ff425f000-7f8ff4328000 rw-p 00c19000 08:06 3233540                    /usr/lib/jvm/java-8-oracle/jre/lib/amd64/server/libjvm.so
7f8ff4328000-7f8ff4369000 rw-p 00000000 00:00 0 
7f8ff4369000-7f8ff451e000 r-xp 00000000 08:06 5252894                    /lib/x86_64-linux-gnu/libc-2.15.so
7f8ff451e000-7f8ff471e000 ---p 001b5000 08:06 5252894                    /lib/x86_64-linux-gnu/libc-2.15.so
7f8ff471e000-7f8ff4722000 r--p 001b5000 08:06 5252894                    /lib/x86_64-linux-gnu/libc-2.15.so
7f8ff4722000-7f8ff4724000 rw-p 001b9000 08:06 5252894                    /lib/x86_64-linux-gnu/libc-2.15.so
7f8ff4724000-7f8ff4729000 rw-p 00000000 00:00 0 
7f8ff4729000-7f8ff472b000 r-xp 00000000 08:06 5252909                    /lib/x86_64-linux-gnu/libdl-2.15.so
7f8ff472b000-7f8ff492b000 ---p 00002000 08:06 5252909                    /lib/x86_64-linux-gnu/libdl-2.15.so
7f8ff492b000-7f8ff492c000 r--p 00002000 08:06 5252909                    /lib/x86_64-linux-gnu/libdl-2.15.so
7f8ff492c000-7f8ff492d000 rw-p 00003000 08:06 5252909                    /lib/x86_64-linux-gnu/libdl-2.15.so
7f8ff492d000-7f8ff4944000 r-xp 00000000 08:06 3231246                    /usr/lib/jvm/java-8-oracle/lib/amd64/jli/libjli.so
7f8ff4944000-7f8ff4b43000 ---p 00017000 08:06 3231246                    /usr/lib/jvm/java-8-oracle/lib/amd64/jli/libjli.so
7f8ff4b43000-7f8ff4b44000 rw-p 00016000 08:06 3231246                    /usr/lib/jvm/java-8-oracle/lib/amd64/jli/libjli.so
7f8ff4b44000-7f8ff4b5c000 r-xp 00000000 08:06 5252903                    /lib/x86_64-linux-gnu/libpthread-2.15.so
7f8ff4b5c000-7f8ff4d5b000 ---p 00018000 08:06 5252903                    /lib/x86_64-linux-gnu/libpthread-2.15.so
7f8ff4d5b000-7f8ff4d5c000 r--p 00017000 08:06 5252903                    /lib/x86_64-linux-gnu/libpthread-2.15.so
7f8ff4d5c000-7f8ff4d5d000 rw-p 00018000 08:06 5252903                    /lib/x86_64-linux-gnu/libpthread-2.15.so
7f8ff4d5d000-7f8ff4d61000 rw-p 00000000 00:00 0 
7f8ff4d61000-7f8ff4d83000 r-xp 00000000 08:06 5252906                    /lib/x86_64-linux-gnu/ld-2.15.so
7f8ff4d83000-7f8ff4d84000 rw-p 00000000 00:00 0 
7f8ff4d84000-7f8ff4d87000 r--s 0000d000 08:06 5539551                    /home/jbondia/.gvm/grails/2.4.2/dist/grails-plugin-log4j-2.4.2.jar
7f8ff4d87000-7f8ff4d89000 r--s 00013000 08:06 5535513                    /home/jbondia/.gvm/grails/2.4.2/lib/org.apache.tomcat.embed/tomcat-embed-logging-log4j/jars/tomcat-embed-logging-log4j-7.0.50.jar
7f8ff4d89000-7f8ff4d8e000 r--s 00050000 08:06 5535528                    /home/jbondia/.gvm/grails/2.4.2/lib/org.codehaus.gant/gant_groovy1.8/jars/gant_groovy1.8-1.9.6.jar
7f8ff4d8e000-7f8ff4e5f000 rw-p 00000000 00:00 0 
7f8ff4e5f000-7f8ff4e62000 ---p 00000000 00:00 0 
7f8ff4e62000-7f8ff4f64000 rw-p 00000000 00:00 0 
7f8ff4f64000-7f8ff4f65000 r--s 00000000 08:06 5539929                    /home/jbondia/.gvm/grails/2.4.2/dist/grails-web-fileupload-2.4.2.jar
7f8ff4f65000-7f8ff4f66000 r--s 00001000 08:06 5535467                    /home/jbondia/.gvm/grails/2.4.2/lib/org.apache.ant/ant-trax/jars/ant-trax-1.7.1.jar
7f8ff4f66000-7f8ff4f68000 r--s 00003000 08:06 5535634                    /home/jbondia/.gvm/grails/2.4.2/lib/org.slf4j/jcl-over-slf4j/jars/jcl-over-slf4j-1.7.5.jar
7f8ff4f68000-7f8ff4f77000 rw-p 00000000 00:00 0 
7f8ff4f77000-7f8ff4f7f000 rw-s 00000000 08:06 4587997                    /tmp/hsperfdata_jbondia/4409
7f8ff4f7f000-7f8ff4f80000 rw-p 00000000 00:00 0 
7f8ff4f80000-7f8ff4f81000 r--p 00000000 00:00 0 
7f8ff4f81000-7f8ff4f83000 rw-p 00000000 00:00 0 
7f8ff4f83000-7f8ff4f84000 r--p 00022000 08:06 5252906                    /lib/x86_64-linux-gnu/ld-2.15.so
7f8ff4f84000-7f8ff4f86000 rw-p 00023000 08:06 5252906                    /lib/x86_64-linux-gnu/ld-2.15.so
7fffe3aac000-7fffe3ace000 rw-p 00000000 00:00 0                          [stack]
7fffe3bff000-7fffe3c00000 r-xp 00000000 00:00 0                          [vdso]
ffffffffff600000-ffffffffff601000 r-xp 00000000 00:00 0                  [vsyscall]

VM Arguments:
jvm_args: -Dfile.encoding=UTF-8 -Xmx768M -Xms64M -Dgrails.fork.parent.process.port=35891 -Dgrails.fork.active=true -Dgrails.build.execution.context=/tmp/Blank_app2057495459262790329grails-execution-context -Dgrails.home=/home/jbondia/.gvm/grails/2.4.2 -javaagent:/home/jbondia/.gvm/grails/2.4.2/lib/org.springframework/springloaded/jars/springloaded-1.2.0.RELEASE.jar -Xverify:none -Dspringloaded.synchronize=true -Djdk.reflect.allowGetCallerClass=true -Dspringloaded=profile=grails;cacheDir=/home/jbondia/.grails/2.4.2 
java_command: org.grails.plugins.tomcat.fork.ForkedTomcatServer
java_class_path (initial): /usr/lib/jvm/java-8-oracle/lib/tools.jar:/home/jbondia/.gvm/grails/2.4.2/lib/org.codehaus.groovy/groovy-all/jars/groovy-all-2.3.3.jar:/home/jbondia/.gvm/grails/2.4.2/lib/org.slf4j/jcl-over-slf4j/jars/jcl-over-slf4j-1.7.5.jar:/home/jbondia/.gvm/grails/2.4.2/lib/org.codehaus.gant/gant_groovy1.8/jars/gant_groovy1.8-1.9.6.jar:/home/jbondia/.gvm/grails/2.4.2/lib/org.apache.tomcat.embed/tomcat-embed-logging-log4j/jars/tomcat-embed-logging-log4j-7.0.50.jar:/home/jbondia/.gvm/grails/2.4.2/dist/grails-plugin-log4j-2.4.2.jar:/home/jbondia/.gvm/grails/2.4.2/lib/log4j/log4j/jars/log4j-1.2.17.jar:/home/jbondia/.gvm/grails/2.4.2/dist/grails-bootstrap-2.4.2.jar:/home/jbondia/.gvm/grails/2.4.2/lib/org.slf4j/slf4j-api/jars/slf4j-api-1.7.5.jar:/home/jbondia/.gvm/grails/2.4.2/lib/jline/jline/jars/jline-2.12.jar:/home/jbondia/.gvm/grails/2.4.2/lib/org.apache.ant/ant/jars/ant-1.8.4.jar:/home/jbondia/.gvm/grails/2.4.2/lib/org.apache.ant/ant-launcher/jars/ant-launcher-1.8.4.jar:/home/jbondia/.gvm/grails/2.4.2/lib/org.apache.ant/ant-trax/jars/ant-trax-1.7.1.jar:/home/jbondia/.gvm/grails/2.4.2/lib/org.apache.ant/ant-junit/jars/ant-junit-1.8.4.jar:/home/jbondia/.gvm/grails/2.4.2/lib/org.apache.ivy/ivy/jars/ivy-2.3.0.jar:/home/jbondia/.gvm/grails/2.4.2/lib/org.fusesource.jansi/jansi/jars/jansi-1.11.jar:/home/jbondia/.m2/repository/org/apache/tomcat/tomcat-catalina-ant/7.0.53/tomcat-catalina-ant-7.0.53.jar:/home/jbondia/.m2/repository/org/apache/tomcat/embed/tomcat-embed-jasper/7.0.53/tomcat-embed-jasper-7.0.53.jar:/home/jbondia/.m2/repository/org/apache/tomcat/embed/tomcat-embed-websocket/7.0.53/tomcat-embed-websocket-7.0.53.jar:/home/jbondia/.m2/repository/org/apache/tomcat/embed/tomcat-embed-core/7.0.53/tomcat-embed-core-7.0.53.jar:/home/jbondia/.m2/repository/org/eclipse/jdt/core/compiler/ecj/3.7.2/ecj-3.7.2.jar:/home/jbondia/.m2/repository/org/apache/tomcat/embed/tomcat-embed-el/7.0.53/tomcat-embed-el-7.0.53.jar:/home/jbondia/Diputació-AST/idea_workspace/ocel
Launcher Type: SUN_STANDARD

Environment Variables:
JAVA_HOME=/usr/lib/jvm/java-8-oracle
CLASSPATH=./../lib/bootstrap.jar:./../lib/extensions.jar:./../lib/util.jar:./../lib/jdom.jar:./../lib/log4j.jar:./../lib/trove4j.jar:./../lib/jna.jar:/usr/lib/jvm/java-8-oracle/lib/tools.jar
PATH=/home/jbondia/.gvm/vertx/current/bin:/home/jbondia/.gvm/springboot/current/bin:/home/jbondia/.gvm/lazybones/current/bin:/home/jbondia/.gvm/groovyserv/current/bin:/home/jbondia/.gvm/groovy/current/bin:/home/jbondia/.gvm/griffon/current/bin:/home/jbondia/.gvm/grails/current/bin:/home/jbondia/.gvm/gradle/current/bin:/home/jbondia/.gvm/glide/current/bin:/home/jbondia/.gvm/gaiden/current/bin:/home/jbondia/.gvm/crash/current/bin:/usr/local/apache-maven/apache-maven-3.1.1/bin:/usr/lib/lightdm/lightdm:/usr/local/sbin:/usr/local/bin:/usr/sbin:/usr/bin:/sbin:/bin:/usr/games:/usr/lib/jvm/java-8-oracle/bin:/usr/lib/jvm/java-8-oracle/db/bin:/usr/lib/jvm/java-8-oracle/jre/bin
LD_LIBRARY_PATH=.:
SHELL=/bin/bash
DISPLAY=:0

Signal Handlers:
SIGSEGV: [libjvm.so+0xa2fc90], sa_mask[0]=0x7ffbfeff, sa_flags=0x10000004
SIGBUS: [libjvm.so+0xa2fc90], sa_mask[0]=0x7ffbfeff, sa_flags=0x10000004
SIGFPE: [libjvm.so+0x89b4b0], sa_mask[0]=0x7ffbfeff, sa_flags=0x10000004
SIGPIPE: [libjvm.so+0x89b4b0], sa_mask[0]=0x7ffbfeff, sa_flags=0x10000004
SIGXFSZ: [libjvm.so+0x89b4b0], sa_mask[0]=0x7ffbfeff, sa_flags=0x10000004
SIGILL: [libjvm.so+0x89b4b0], sa_mask[0]=0x7ffbfeff, sa_flags=0x10000004
SIGUSR1: SIG_DFL, sa_mask[0]=0x00000000, sa_flags=0x00000000
SIGUSR2: [libjvm.so+0x89cc50], sa_mask[0]=0x00000004, sa_flags=0x10000004
SIGHUP: [libjvm.so+0x89df00], sa_mask[0]=0x7ffbfeff, sa_flags=0x10000004
SIGINT: [libjvm.so+0x89df00], sa_mask[0]=0x7ffbfeff, sa_flags=0x10000004
SIGTERM: [libjvm.so+0x89df00], sa_mask[0]=0x7ffbfeff, sa_flags=0x10000004
SIGQUIT: [libjvm.so+0x89df00], sa_mask[0]=0x7ffbfeff, sa_flags=0x10000004


---------------  S Y S T E M  ---------------

OS:DISTRIB_ID=Ubuntu
DISTRIB_RELEASE=12.04
DISTRIB_CODENAME=precise
DISTRIB_DESCRIPTION="Ubuntu 12.04.4 LTS"

uname:Linux 3.2.0-65-generic #99-Ubuntu SMP Fri Jul 4 21:03:29 UTC 2014 x86_64
libc:glibc 2.15 NPTL 2.15 
rlimit: STACK 8192k, CORE 0k, NPROC 30326, NOFILE 4096, AS infinity
load average:2.94 1.32 1.01

/proc/meminfo:
MemTotal:        3899392 kB
MemFree:          124344 kB
Buffers:            1832 kB
Cached:           338884 kB
SwapCached:         1648 kB
Active:          2645976 kB
Inactive:         760644 kB
Active(anon):    2608044 kB
Inactive(anon):   727228 kB
Active(file):      37932 kB
Inactive(file):    33416 kB
Unevictable:          16 kB
Mlocked:              16 kB
SwapTotal:       1951740 kB
SwapFree:        1855828 kB
Dirty:              2508 kB
Writeback:           444 kB
AnonPages:       3063996 kB
Mapped:            76356 kB
Shmem:            269660 kB
Slab:             246352 kB
SReclaimable:     210420 kB
SUnreclaim:        35932 kB
KernelStack:        5536 kB
PageTables:        42996 kB
NFS_Unstable:          0 kB
Bounce:                0 kB
WritebackTmp:          0 kB
CommitLimit:     3901436 kB
Committed_AS:    7388184 kB
VmallocTotal:   34359738367 kB
VmallocUsed:      600772 kB
VmallocChunk:   34359132552 kB
HardwareCorrupted:     0 kB
AnonHugePages:         0 kB
HugePages_Total:       0
HugePages_Free:        0
HugePages_Rsvd:        0
HugePages_Surp:        0
Hugepagesize:       2048 kB
DirectMap4k:       59392 kB
DirectMap2M:     3985408 kB


CPU:total 4 (2 cores per cpu, 2 threads per core) family 6 model 42 stepping 7, cmov, cx8, fxsr, mmx, sse, sse2, sse3, ssse3, sse4.1, sse4.2, popcnt, avx, clmul, ht, tsc, tscinvbit

/proc/cpuinfo:
processor	: 0
vendor_id	: GenuineIntel
cpu family	: 6
model		: 42
model name	: Intel(R) Core(TM) i5-2410M CPU @ 2.30GHz
stepping	: 7
microcode	: 0x14
cpu MHz		: 1400.000
cache size	: 3072 KB
physical id	: 0
siblings	: 4
core id		: 0
cpu cores	: 2
apicid		: 0
initial apicid	: 0
fpu		: yes
fpu_exception	: yes
cpuid level	: 13
wp		: yes
flags		: fpu vme de pse tsc msr pae mce cx8 apic sep mtrr pge mca cmov pat pse36 clflush dts acpi mmx fxsr sse sse2 ss ht tm pbe syscall nx rdtscp lm constant_tsc arch_perfmon pebs bts rep_good nopl xtopology nonstop_tsc aperfmperf pni pclmulqdq dtes64 monitor ds_cpl vmx est tm2 ssse3 cx16 xtpr pdcm pcid sse4_1 sse4_2 x2apic popcnt tsc_deadline_timer xsave avx lahf_lm ida arat epb xsaveopt pln pts dtherm tpr_shadow vnmi flexpriority ept vpid
bogomips	: 4589.61
clflush size	: 64
cache_alignment	: 64
address sizes	: 36 bits physical, 48 bits virtual
power management:

processor	: 1
vendor_id	: GenuineIntel
cpu family	: 6
model		: 42
model name	: Intel(R) Core(TM) i5-2410M CPU @ 2.30GHz
stepping	: 7
microcode	: 0x14
cpu MHz		: 2300.000
cache size	: 3072 KB
physical id	: 0
siblings	: 4
core id		: 0
cpu cores	: 2
apicid		: 1
initial apicid	: 1
fpu		: yes
fpu_exception	: yes
cpuid level	: 13
wp		: yes
flags		: fpu vme de pse tsc msr pae mce cx8 apic sep mtrr pge mca cmov pat pse36 clflush dts acpi mmx fxsr sse sse2 ss ht tm pbe syscall nx rdtscp lm constant_tsc arch_perfmon pebs bts rep_good nopl xtopology nonstop_tsc aperfmperf pni pclmulqdq dtes64 monitor ds_cpl vmx est tm2 ssse3 cx16 xtpr pdcm pcid sse4_1 sse4_2 x2apic popcnt tsc_deadline_timer xsave avx lahf_lm ida arat epb xsaveopt pln pts dtherm tpr_shadow vnmi flexpriority ept vpid
bogomips	: 4589.35
clflush size	: 64
cache_alignment	: 64
address sizes	: 36 bits physical, 48 bits virtual
power management:

processor	: 2
vendor_id	: GenuineIntel
cpu family	: 6
model		: 42
model name	: Intel(R) Core(TM) i5-2410M CPU @ 2.30GHz
stepping	: 7
microcode	: 0x14
cpu MHz		: 2300.000
cache size	: 3072 KB
physical id	: 0
siblings	: 4
core id		: 1
cpu cores	: 2
apicid		: 2
initial apicid	: 2
fpu		: yes
fpu_exception	: yes
cpuid level	: 13
wp		: yes
flags		: fpu vme de pse tsc msr pae mce cx8 apic sep mtrr pge mca cmov pat pse36 clflush dts acpi mmx fxsr sse sse2 ss ht tm pbe syscall nx rdtscp lm constant_tsc arch_perfmon pebs bts rep_good nopl xtopology nonstop_tsc aperfmperf pni pclmulqdq dtes64 monitor ds_cpl vmx est tm2 ssse3 cx16 xtpr pdcm pcid sse4_1 sse4_2 x2apic popcnt tsc_deadline_timer xsave avx lahf_lm ida arat epb xsaveopt pln pts dtherm tpr_shadow vnmi flexpriority ept vpid
bogomips	: 4589.36
clflush size	: 64
cache_alignment	: 64
address sizes	: 36 bits physical, 48 bits virtual
power management:

processor	: 3
vendor_id	: GenuineIntel
cpu family	: 6
model		: 42
model name	: Intel(R) Core(TM) i5-2410M CPU @ 2.30GHz
stepping	: 7
microcode	: 0x14
cpu MHz		: 2300.000
cache size	: 3072 KB
physical id	: 0
siblings	: 4
core id		: 1
cpu cores	: 2
apicid		: 3
initial apicid	: 3
fpu		: yes
fpu_exception	: yes
cpuid level	: 13
wp		: yes
flags		: fpu vme de pse tsc msr pae mce cx8 apic sep mtrr pge mca cmov pat pse36 clflush dts acpi mmx fxsr sse sse2 ss ht tm pbe syscall nx rdtscp lm constant_tsc arch_perfmon pebs bts rep_good nopl xtopology nonstop_tsc aperfmperf pni pclmulqdq dtes64 monitor ds_cpl vmx est tm2 ssse3 cx16 xtpr pdcm pcid sse4_1 sse4_2 x2apic popcnt tsc_deadline_timer xsave avx lahf_lm ida arat epb xsaveopt pln pts dtherm tpr_shadow vnmi flexpriority ept vpid
bogomips	: 4589.37
clflush size	: 64
cache_alignment	: 64
address sizes	: 36 bits physical, 48 bits virtual
power management:



Memory: 4k page, physical 3899392k(124344k free), swap 1951740k(1855828k free)

vm_info: Java HotSpot(TM) 64-Bit Server VM (25.5-b02) for linux-amd64 JRE (1.8.0_05-b13), built on Mar 18 2014 00:29:27 by "java_re" with gcc 4.3.0 20080428 (Red Hat 4.3.0-8)

time: Tue Jul  8 09:34:33 2014
elapsed time: 41 seconds

