#
# A fatal error has been detected by the Java Runtime Environment:
#
#  SIGSEGV (0xb) at pc=0x00007f9467299b2c, pid=8674, tid=140274939950848
#
# JRE version: Java(TM) SE Runtime Environment (8.0_05-b13) (build 1.8.0_05-b13)
# Java VM: Java HotSpot(TM) 64-Bit Server VM (25.5-b02 mixed mode linux-amd64 compressed oops)
# Problematic frame:
# V  [libjvm.so+0x304b2c]  OopFlow::build_oop_map(Node*, int, PhaseRegAlloc*, int*)+0x14c
#
# Failed to write core dump. Core dumps have been disabled. To enable core dumping, try "ulimit -c unlimited" before starting Java again
#
# If you would like to submit a bug report, please visit:
#   http://bugreport.sun.com/bugreport/crash.jsp
#

---------------  T H R E A D  ---------------

Current thread (0x00007f946025a800):  JavaThread "C2 CompilerThread1" daemon [_thread_in_native, id=8687, stack(0x00007f944de77000,0x00007f944df78000)]

siginfo:si_signo=SIGSEGV: si_errno=0, si_code=1 (SEGV_MAPERR), si_addr=0x0000000000000000

Registers:
RAX=0x00007f94211b6108, RBX=0x0000000000000000, RCX=0x0000000000000008, RDX=0x00007f94211b67e0
RSP=0x00007f944df735e0, RBP=0x00007f944df73660, RSI=0x00000000000000db, RDI=0x00007f94211b6810
R8 =0x00007f9424913700, R9 =0x0000000000000013, R10=0x00007f944df74fc0, R11=0x00007f946803c610
R12=0x00000000000000c0, R13=0x0000000000000180, R14=0x00000000000000b8, R15=0x00007f93fca123a0
RIP=0x00007f9467299b2c, EFLAGS=0x0000000000010246, CSGSFS=0x0000000000000033, ERR=0x0000000000000004
  TRAPNO=0x000000000000000e

Top of Stack: (sp=0x00007f944df735e0)
0x00007f944df735e0:   0000000000000000 0000000000000400
0x00007f944df735f0:   00007f9424913700 00007f944df74e90
0x00007f944df73600:   000000da00000100 00007f93fca123a0
0x00007f944df73610:   00007f94211b67e0 0000001c674a2a56
0x00007f944df73620:   00007f94211b6810 00007f9420019440
0x00007f944df73630:   0000000800000040 00007f93fca123a0
0x00007f944df73640:   00007f94211b67e0 0000000000000012
0x00007f944df73650:   0000000000000013 0000000000000013
0x00007f944df73660:   00007f944df736d0 00007f946729a10a
0x00007f944df73670:   00007f944df736d0 00007f940000ffff
0x00007f944df73680:   00007f9400000004 00007f942490f3c0
0x00007f944df73690:   000000da4df736d0 00007f944df74e90
0x00007f944df736a0:   00000008fca13308 0000000000000000
0x00007f944df736b0:   00007f93fce5d2c0 0000000000000000
0x00007f944df736c0:   00007f94211b3bb0 00007f93fce5d410
0x00007f944df736d0:   00007f944df73810 00007f946729b29d
0x00007f944df736e0:   00007f944df73720 00007f93fc4e8928
0x00007f944df736f0:   00007f944df737b0 0000000000000018
0x00007f944df73700:   000000000000001c 000000070f000000
0x00007f944df73710:   0000000100000004 00007f944df737d8
0x00007f944df73720:   00007f944df737d0 00007f944df737b0
0x00007f944df73730:   00007f944df737b0 00007f944df737b0
0x00007f944df73740:   00007f944df75d00 0000000000000007
0x00007f944df73750:   00007f944df74fc0 00000007000000da
0x00007f944df73760:   00007f942490f3c0 00007f946025b360
0x00007f944df73770:   00000000000000da ffffffff2490c3b0
0x00007f944df73780:   00007f93fce5df70 00007f93fca13308
0x00007f944df73790:   00007f942490f4f0 0000000000000020
0x00007f944df737a0:   ffffffffffffffdf 00007f944df74e90
0x00007f944df737b0:   00007f9400000080 00007f946025b360
0x00007f944df737c0:   00007f9424911960 00007f9400000003
0x00007f944df737d0:   0000000000000014 0000000000000000 

Instructions: (pc=0x00007f9467299b2c)
0x00007f9467299b0c:   44 39 e2 0f 8e bb 00 00 00 48 8b 05 fc 90 ba 00
0x00007f9467299b1c:   4e 8b 34 a8 48 8b 55 b0 48 8b 42 08 4a 8b 1c a8
0x00007f9467299b2c:   48 8b 03 48 89 df ff 50 28 8b 48 10 48 89 c6 48
0x00007f9467299b3c:   8b 15 de a9 ba 00 48 63 c1 48 8d 44 00 01 48 c1 

Register to memory mapping:

RAX=0x00007f94211b6108 is an unknown value
RBX=0x0000000000000000 is an unknown value
RCX=0x0000000000000008 is an unknown value
RDX=0x00007f94211b67e0 is an unknown value
RSP=0x00007f944df735e0 is pointing into the stack for thread: 0x00007f946025a800
RBP=0x00007f944df73660 is pointing into the stack for thread: 0x00007f946025a800
RSI=0x00000000000000db is an unknown value
RDI=0x00007f94211b6810 is an unknown value
R8 =0x00007f9424913700 is an unknown value
R9 =0x0000000000000013 is an unknown value
R10=0x00007f944df74fc0 is pointing into the stack for thread: 0x00007f946025a800
R11=0x00007f946803c610: <offset 0x184610> in /lib/x86_64-linux-gnu/libc.so.6 at 0x00007f9467eb8000
R12=0x00000000000000c0 is an unknown value
R13=0x0000000000000180 is an unknown value
R14=0x00000000000000b8 is an unknown value
R15=0x00007f93fca123a0 is an unknown value


Stack: [0x00007f944de77000,0x00007f944df78000],  sp=0x00007f944df735e0,  free space=1009k
Native frames: (J=compiled Java code, j=interpreted, Vv=VM code, C=native code)
V  [libjvm.so+0x304b2c]  OopFlow::build_oop_map(Node*, int, PhaseRegAlloc*, int*)+0x14c
V  [libjvm.so+0x30510a]  OopFlow::compute_reach(PhaseRegAlloc*, int, Dict*)+0x22a
V  [libjvm.so+0x30629d]  Compile::BuildOopMaps()+0xffd
V  [libjvm.so+0x8b4b8d]  Compile::Output()+0x6dd
V  [libjvm.so+0x45e05a]  Compile::Code_Gen()+0x30a
V  [libjvm.so+0x4612c5]  Compile::Compile(ciEnv*, C2Compiler*, ciMethod*, int, bool, bool, bool)+0x1435
V  [libjvm.so+0x3b5008]  C2Compiler::compile_method(ciEnv*, ciMethod*, int)+0x198
V  [libjvm.so+0x46982a]  CompileBroker::invoke_compiler_on_method(CompileTask*)+0xc8a
V  [libjvm.so+0x46c230]  CompileBroker::compiler_thread_loop()+0x620
V  [libjvm.so+0x9e303f]  JavaThread::thread_main_inner()+0xdf
V  [libjvm.so+0x9e3205]  JavaThread::run()+0x1b5
V  [libjvm.so+0x8a00c8]  java_start(Thread*)+0x108


Current CompileTask:
C2:  29332 5006       4       groovy.lang.MetaClassImpl::findPropertyMethod (356 bytes)


---------------  P R O C E S S  ---------------

Java Threads: ( => current thread )
  0x00007f93fcb7f800 JavaThread "net.sf.ehcache.CacheManager@67d0f4cc" daemon [_thread_blocked, id=8724, stack(0x00007f94062fb000,0x00007f94063fc000)]
  0x00007f93fc8ac000 JavaThread "PoolCleaner[1206186933:1404901148666]" daemon [_thread_blocked, id=8722, stack(0x00007f94069fc000,0x00007f9406afd000)]
  0x00007f93fc0d5000 JavaThread "FileSystemWatcher: files=#182 cl=groovy.lang.GroovyClassLoader@47e4f3b5" daemon [_thread_blocked, id=8720, stack(0x00007f9407afd000,0x00007f9407bfe000)]
  0x00007f93fc08d800 JavaThread "Thread-4" daemon [_thread_in_native, id=8719, stack(0x00007f9407bfe000,0x00007f9407cff000)]
  0x00007f9400001800 JavaThread "localhost-startStop-1" daemon [_thread_in_vm, id=8718, stack(0x00007f9407eff000,0x00007f9408000000)]
  0x00007f94607da000 JavaThread "Tomcat-startStop-1" daemon [_thread_blocked, id=8717, stack(0x00007f944c0a8000,0x00007f944c1a9000)]
  0x00007f94607b5800 JavaThread "Thread-3" [_thread_in_native, id=8716, stack(0x00007f944c9d9000,0x00007f944cada000)]
  0x00007f94606e3000 JavaThread "Thread-2" [_thread_blocked, id=8715, stack(0x00007f944cf11000,0x00007f944d012000)]
  0x00007f946044e800 JavaThread "NonBlockingInputStreamThread" daemon [_thread_blocked, id=8704, stack(0x00007f944d639000,0x00007f944d73a000)]
  0x00007f946043d800 JavaThread "process reaper" daemon [_thread_blocked, id=8693, stack(0x00007f944db3b000,0x00007f944db74000)]
  0x00007f9460294000 JavaThread "Service Thread" daemon [_thread_blocked, id=8689, stack(0x00007f944dc75000,0x00007f944dd76000)]
  0x00007f946026b000 JavaThread "C1 CompilerThread2" daemon [_thread_in_native, id=8688, stack(0x00007f944dd76000,0x00007f944de77000)]
=>0x00007f946025a800 JavaThread "C2 CompilerThread1" daemon [_thread_in_native, id=8687, stack(0x00007f944de77000,0x00007f944df78000)]
  0x00007f9460259800 JavaThread "C2 CompilerThread0" daemon [_thread_in_native, id=8686, stack(0x00007f944df78000,0x00007f944e079000)]
  0x00007f9460175000 JavaThread "Signal Dispatcher" daemon [_thread_blocked, id=8685, stack(0x00007f944e20e000,0x00007f944e30f000)]
  0x00007f9460146000 JavaThread "Finalizer" daemon [_thread_blocked, id=8684, stack(0x00007f944e9f2000,0x00007f944eaf3000)]
  0x00007f9460141800 JavaThread "Reference Handler" daemon [_thread_blocked, id=8683, stack(0x00007f944eaf3000,0x00007f944ebf4000)]
  0x00007f946000c800 JavaThread "main" [_thread_blocked, id=8675, stack(0x00007f94689ae000,0x00007f9468aaf000)]

Other Threads:
  0x00007f946013c800 VMThread [stack: 0x00007f944ebf4000,0x00007f944ecf5000] [id=8682]
  0x00007f9460296800 WatcherThread [stack: 0x00007f944db74000,0x00007f944dc75000] [id=8690]

VM state:not at safepoint (normal execution)

VM Mutex/Monitor currently owned by a thread: None

Heap:
 PSYoungGen      total 219648K, used 205631K [0x00000000f0000000, 0x0000000100000000, 0x0000000100000000)
  eden space 196608K, 95% used [0x00000000f0000000,0x00000000fb7724e8,0x00000000fc000000)
  from space 23040K, 77% used [0x00000000fe980000,0x00000000ffadd948,0x0000000100000000)
  to   space 32768K, 0% used [0x00000000fc000000,0x00000000fc000000,0x00000000fe000000)
 ParOldGen       total 90112K, used 74025K [0x00000000d0000000, 0x00000000d5800000, 0x00000000f0000000)
  object space 90112K, 82% used [0x00000000d0000000,0x00000000d484a4a8,0x00000000d5800000)
 Metaspace       used 59463K, capacity 61280K, committed 61440K, reserved 1103872K
  class space    used 6746K, capacity 7332K, committed 7424K, reserved 1048576K

Card table byte_map: [0x00007f94654b3000,0x00007f9465634000] byte_map_base: 0x00007f9464e33000

Marking Bits: (ParMarkBitMap*) 0x00007f9467e8dcc0
 Begin Bits: [0x00007f944f800000, 0x00007f9450400000)
 End Bits:   [0x00007f9450400000, 0x00007f9451000000)

Polling page: 0x00007f9468acf000

CodeCache: size=245760Kb used=16113Kb max_used=16113Kb free=229646Kb
 bounds [0x00007f9451000000, 0x00007f9451fd0000, 0x00007f9460000000]
 total_blobs=5348 nmethods=4604 adapters=655
 compilation: enabled

Compilation events (10 events):
Event: 29.309 Thread 0x00007f946026b000 5242       2       org.codehaus.groovy.runtime.callsite.BooleanReturningMethodInvoker::<init> (31 bytes)
Event: 29.310 Thread 0x00007f946026b000 nmethod 5242 0x00007f9451fbfd90 code [0x00007f9451fbff00, 0x00007f9451fc0288]
Event: 29.311 Thread 0x00007f946026b000 5243       2       org.springframework.core.io.support.PathMatchingResourcePatternResolver::getResources (106 bytes)
Event: 29.314 Thread 0x00007f946026b000 nmethod 5243 0x00007f9451fc0410 code [0x00007f9451fc0640, 0x00007f9451fc0d58]
Event: 29.314 Thread 0x00007f946026b000 5244       1       java.util.Calendar::internalSet (8 bytes)
Event: 29.314 Thread 0x00007f946026b000 nmethod 5244 0x00007f9451fc13d0 code [0x00007f9451fc1520, 0x00007f9451fc1650]
Event: 29.314 Thread 0x00007f946026b000 5245       2       java.util.Calendar::get (10 bytes)
Event: 29.315 Thread 0x00007f946026b000 nmethod 5245 0x00007f9451fc2c10 code [0x00007f9451fc2d80, 0x00007f9451fc2f28]
Event: 29.315 Thread 0x00007f946026b000 5246       2       org.codehaus.groovy.runtime.callsite.BooleanClosureWrapper::<init> (31 bytes)
Event: 29.316 Thread 0x00007f946026b000 nmethod 5246 0x00007f9451fc5a50 code [0x00007f9451fc5be0, 0x00007f9451fc6038]

GC Heap History (10 events):
Event: 20.524 GC heap before
{Heap before GC invocations=60 (full 5):
 PSYoungGen      total 237056K, used 219386K [0x00000000f0000000, 0x00000000ffe80000, 0x0000000100000000)
  eden space 215552K, 100% used [0x00000000f0000000,0x00000000fd280000,0x00000000fd280000)
  from space 21504K, 17% used [0x00000000fe980000,0x00000000fed3ebc8,0x00000000ffe80000)
  to   space 22528K, 0% used [0x00000000fd280000,0x00000000fd280000,0x00000000fe880000)
 ParOldGen       total 74240K, used 60663K [0x00000000d0000000, 0x00000000d4880000, 0x00000000f0000000)
  object space 74240K, 81% used [0x00000000d0000000,0x00000000d3b3dd18,0x00000000d4880000)
 Metaspace       used 51855K, capacity 53114K, committed 53376K, reserved 1095680K
  class space    used 5848K, capacity 6267K, committed 6272K, reserved 1048576K
Event: 20.558 GC heap after
Heap after GC invocations=60 (full 5):
 PSYoungGen      total 238080K, used 7409K [0x00000000f0000000, 0x00000000ffe00000, 0x0000000100000000)
  eden space 215552K, 0% used [0x00000000f0000000,0x00000000f0000000,0x00000000fd280000)
  from space 22528K, 32% used [0x00000000fd280000,0x00000000fd9bc4b8,0x00000000fe880000)
  to   space 20992K, 0% used [0x00000000fe980000,0x00000000fe980000,0x00000000ffe00000)
 ParOldGen       total 74240K, used 60671K [0x00000000d0000000, 0x00000000d4880000, 0x00000000f0000000)
  object space 74240K, 81% used [0x00000000d0000000,0x00000000d3b3fd18,0x00000000d4880000)
 Metaspace       used 51855K, capacity 53114K, committed 53376K, reserved 1095680K
  class space    used 5848K, capacity 6267K, committed 6272K, reserved 1048576K
}
Event: 22.305 GC heap before
{Heap before GC invocations=61 (full 5):
 PSYoungGen      total 238080K, used 222961K [0x00000000f0000000, 0x00000000ffe00000, 0x0000000100000000)
  eden space 215552K, 100% used [0x00000000f0000000,0x00000000fd280000,0x00000000fd280000)
  from space 22528K, 32% used [0x00000000fd280000,0x00000000fd9bc4b8,0x00000000fe880000)
  to   space 20992K, 0% used [0x00000000fe980000,0x00000000fe980000,0x00000000ffe00000)
 ParOldGen       total 74240K, used 60671K [0x00000000d0000000, 0x00000000d4880000, 0x00000000f0000000)
  object space 74240K, 81% used [0x00000000d0000000,0x00000000d3b3fd18,0x00000000d4880000)
 Metaspace       used 52886K, capacity 54158K, committed 54400K, reserved 1097728K
  class space    used 5977K, capacity 6410K, committed 6528K, reserved 1048576K
Event: 22.360 GC heap after
Heap after GC invocations=61 (full 5):
 PSYoungGen      total 238080K, used 13173K [0x00000000f0000000, 0x0000000100000000, 0x0000000100000000)
  eden space 217088K, 0% used [0x00000000f0000000,0x00000000f0000000,0x00000000fd400000)
  from space 20992K, 62% used [0x00000000fe980000,0x00000000ff65d618,0x00000000ffe00000)
  to   space 22016K, 0% used [0x00000000fd400000,0x00000000fd400000,0x00000000fe980000)
 ParOldGen       total 74240K, used 60679K [0x00000000d0000000, 0x00000000d4880000, 0x00000000f0000000)
  object space 74240K, 81% used [0x00000000d0000000,0x00000000d3b41d18,0x00000000d4880000)
 Metaspace       used 52886K, capacity 54158K, committed 54400K, reserved 1097728K
  class space    used 5977K, capacity 6410K, committed 6528K, reserved 1048576K
}
Event: 24.269 GC heap before
{Heap before GC invocations=62 (full 5):
 PSYoungGen      total 238080K, used 230261K [0x00000000f0000000, 0x0000000100000000, 0x0000000100000000)
  eden space 217088K, 100% used [0x00000000f0000000,0x00000000fd400000,0x00000000fd400000)
  from space 20992K, 62% used [0x00000000fe980000,0x00000000ff65d618,0x00000000ffe00000)
  to   space 22016K, 0% used [0x00000000fd400000,0x00000000fd400000,0x00000000fe980000)
 ParOldGen       total 74240K, used 60679K [0x00000000d0000000, 0x00000000d4880000, 0x00000000f0000000)
  object space 74240K, 81% used [0x00000000d0000000,0x00000000d3b41d18,0x00000000d4880000)
 Metaspace       used 54742K, capacity 56040K, committed 56320K, reserved 1099776K
  class space    used 6145K, capacity 6546K, committed 6656K, reserved 1048576K
Event: 24.331 GC heap after
Heap after GC invocations=62 (full 5):
 PSYoungGen      total 239104K, used 21996K [0x00000000f0000000, 0x0000000100000000, 0x0000000100000000)
  eden space 217088K, 0% used [0x00000000f0000000,0x00000000f0000000,0x00000000fd400000)
  from space 22016K, 99% used [0x00000000fd400000,0x00000000fe97b0c8,0x00000000fe980000)
  to   space 23040K, 0% used [0x00000000fe980000,0x00000000fe980000,0x0000000100000000)
 ParOldGen       total 74240K, used 62142K [0x00000000d0000000, 0x00000000d4880000, 0x00000000f0000000)
  object space 74240K, 83% used [0x00000000d0000000,0x00000000d3cafb40,0x00000000d4880000)
 Metaspace       used 54742K, capacity 56040K, committed 56320K, reserved 1099776K
  class space    used 6145K, capacity 6546K, committed 6656K, reserved 1048576K
}
Event: 25.955 GC heap before
{Heap before GC invocations=63 (full 5):
 PSYoungGen      total 239104K, used 234551K [0x00000000f0000000, 0x0000000100000000, 0x0000000100000000)
  eden space 217088K, 97% used [0x00000000f0000000,0x00000000fcf92b58,0x00000000fd400000)
  from space 22016K, 99% used [0x00000000fd400000,0x00000000fe97b0c8,0x00000000fe980000)
  to   space 23040K, 0% used [0x00000000fe980000,0x00000000fe980000,0x0000000100000000)
 ParOldGen       total 74240K, used 62142K [0x00000000d0000000, 0x00000000d4880000, 0x00000000f0000000)
  object space 74240K, 83% used [0x00000000d0000000,0x00000000d3cafb40,0x00000000d4880000)
 Metaspace       used 56691K, capacity 58056K, committed 58112K, reserved 1099776K
  class space    used 6448K, capacity 6884K, committed 6912K, reserved 1048576K
Event: 26.040 GC heap after
Heap after GC invocations=63 (full 5):
 PSYoungGen      total 219648K, used 23009K [0x00000000f0000000, 0x0000000100000000, 0x0000000100000000)
  eden space 196608K, 0% used [0x00000000f0000000,0x00000000f0000000,0x00000000fc000000)
  from space 23040K, 99% used [0x00000000fe980000,0x00000000ffff8480,0x0000000100000000)
  to   space 32768K, 0% used [0x00000000fc000000,0x00000000fc000000,0x00000000fe000000)
 ParOldGen       total 74240K, used 71014K [0x00000000d0000000, 0x00000000d4880000, 0x00000000f0000000)
  object space 74240K, 95% used [0x00000000d0000000,0x00000000d4559a70,0x00000000d4880000)
 Metaspace       used 56691K, capacity 58056K, committed 58112K, reserved 1099776K
  class space    used 6448K, capacity 6884K, committed 6912K, reserved 1048576K
}
Event: 26.040 GC heap before
{Heap before GC invocations=64 (full 6):
 PSYoungGen      total 219648K, used 23009K [0x00000000f0000000, 0x0000000100000000, 0x0000000100000000)
  eden space 196608K, 0% used [0x00000000f0000000,0x00000000f0000000,0x00000000fc000000)
  from space 23040K, 99% used [0x00000000fe980000,0x00000000ffff8480,0x0000000100000000)
  to   space 32768K, 0% used [0x00000000fc000000,0x00000000fc000000,0x00000000fe000000)
 ParOldGen       total 74240K, used 71014K [0x00000000d0000000, 0x00000000d4880000, 0x00000000f0000000)
  object space 74240K, 95% used [0x00000000d0000000,0x00000000d4559a70,0x00000000d4880000)
 Metaspace       used 56691K, capacity 58056K, committed 58112K, reserved 1099776K
  class space    used 6448K, capacity 6884K, committed 6912K, reserved 1048576K
Event: 27.730 GC heap after
Heap after GC invocations=64 (full 6):
 PSYoungGen      total 219648K, used 17782K [0x00000000f0000000, 0x0000000100000000, 0x0000000100000000)
  eden space 196608K, 0% used [0x00000000f0000000,0x00000000f0000000,0x00000000fc000000)
  from space 23040K, 77% used [0x00000000fe980000,0x00000000ffadd948,0x0000000100000000)
  to   space 32768K, 0% used [0x00000000fc000000,0x00000000fc000000,0x00000000fe000000)
 ParOldGen       total 90112K, used 74025K [0x00000000d0000000, 0x00000000d5800000, 0x00000000f0000000)
  object space 90112K, 82% used [0x00000000d0000000,0x00000000d484a4a8,0x00000000d5800000)
 Metaspace       used 56691K, capacity 58056K, committed 58112K, reserved 1099776K
  class space    used 6448K, capacity 6884K, committed 6912K, reserved 1048576K
}

Deoptimization events (10 events):
Event: 21.469 Thread 0x00007f9400001800 Uncommon trap: reason=bimorphic action=maybe_recompile pc=0x00007f94511533a0 method=groovy.lang.MetaClassImpl$1MOPIter.methodNameAction(Ljava/lang/Class;Lorg/codehaus/groovy/runtime/metaclass/MetaMethodIndex$Entry;)V @ 62
Event: 21.469 Thread 0x00007f9400001800 Uncommon trap: reason=bimorphic action=maybe_recompile pc=0x00007f94511533a0 method=groovy.lang.MetaClassImpl$1MOPIter.methodNameAction(Ljava/lang/Class;Lorg/codehaus/groovy/runtime/metaclass/MetaMethodIndex$Entry;)V @ 62
Event: 21.469 Thread 0x00007f9400001800 Uncommon trap: reason=bimorphic action=maybe_recompile pc=0x00007f94511533a0 method=groovy.lang.MetaClassImpl$1MOPIter.methodNameAction(Ljava/lang/Class;Lorg/codehaus/groovy/runtime/metaclass/MetaMethodIndex$Entry;)V @ 62
Event: 22.753 Thread 0x00007f9400001800 Uncommon trap: reason=array_check action=maybe_recompile pc=0x00007f94511acef8 method=java.util.AbstractCollection.toArray([Ljava/lang/Object;)[Ljava/lang/Object; @ 119
Event: 22.753 Thread 0x00007f9400001800 Uncommon trap: reason=array_check action=maybe_recompile pc=0x00007f94511acef8 method=java.util.AbstractCollection.toArray([Ljava/lang/Object;)[Ljava/lang/Object; @ 119
Event: 22.753 Thread 0x00007f9400001800 Uncommon trap: reason=array_check action=maybe_recompile pc=0x00007f94511acef8 method=java.util.AbstractCollection.toArray([Ljava/lang/Object;)[Ljava/lang/Object; @ 119
Event: 22.753 Thread 0x00007f9400001800 Uncommon trap: reason=array_check action=maybe_recompile pc=0x00007f94511acef8 method=java.util.AbstractCollection.toArray([Ljava/lang/Object;)[Ljava/lang/Object; @ 119
Event: 28.302 Thread 0x00007f9400001800 Uncommon trap: reason=bimorphic action=maybe_recompile pc=0x00007f9451ac2030 method=java.util.regex.Pattern$Branch.match(Ljava/util/regex/Matcher;ILjava/lang/CharSequence;)Z @ 32
Event: 28.881 Thread 0x00007f9400001800 Uncommon trap: reason=bimorphic action=maybe_recompile pc=0x00007f94511de2e0 method=java.util.regex.Pattern$Curly.match0(Ljava/util/regex/Matcher;IILjava/lang/CharSequence;)Z @ 170
Event: 28.882 Thread 0x00007f9400001800 Uncommon trap: reason=bimorphic action=maybe_recompile pc=0x00007f94511de2e0 method=java.util.regex.Pattern$Curly.match0(Ljava/util/regex/Matcher;IILjava/lang/CharSequence;)Z @ 170

Internal exceptions (10 events):
Event: 29.286 Thread 0x00007f9400001800 Exception <a 'java/security/PrivilegedActionException'> (0x00000000fb32bee8) thrown at [/HUDSON/workspace/8-2-build-linux-amd64/jdk8u5/2488/hotspot/src/share/vm/prims/jvm.cpp, line 1248]
Event: 29.286 Thread 0x00007f9400001800 Exception <a 'java/lang/ClassNotFoundException': org/grails/plugin/resource/JavaScriptBundleResourceMetaBeanInfo> (0x00000000fb32d778) thrown at [/HUDSON/workspace/8-2-build-linux-amd64/jdk8u5/2488/hotspot/src/share/vm/classfile/systemDictionary.cpp, line
Event: 29.286 Thread 0x00007f9400001800 Exception <a 'java/security/PrivilegedActionException'> (0x00000000fb32f030) thrown at [/HUDSON/workspace/8-2-build-linux-amd64/jdk8u5/2488/hotspot/src/share/vm/prims/jvm.cpp, line 1248]
Event: 29.287 Thread 0x00007f9400001800 Exception <a 'java/security/PrivilegedActionException'> (0x00000000fb333ff8) thrown at [/HUDSON/workspace/8-2-build-linux-amd64/jdk8u5/2488/hotspot/src/share/vm/prims/jvm.cpp, line 1248]
Event: 29.287 Thread 0x00007f9400001800 Exception <a 'java/security/PrivilegedActionException'> (0x00000000fb345e28) thrown at [/HUDSON/workspace/8-2-build-linux-amd64/jdk8u5/2488/hotspot/src/share/vm/prims/jvm.cpp, line 1248]
Event: 29.287 Thread 0x00007f9400001800 Exception <a 'java/security/PrivilegedActionException'> (0x00000000fb35d3e8) thrown at [/HUDSON/workspace/8-2-build-linux-amd64/jdk8u5/2488/hotspot/src/share/vm/prims/jvm.cpp, line 1248]
Event: 29.287 Thread 0x00007f9400001800 Exception <a 'java/security/PrivilegedActionException'> (0x00000000fb3623b0) thrown at [/HUDSON/workspace/8-2-build-linux-amd64/jdk8u5/2488/hotspot/src/share/vm/prims/jvm.cpp, line 1248]
Event: 29.288 Thread 0x00007f9400001800 Exception <a 'java/security/PrivilegedActionException'> (0x00000000fb3741e0) thrown at [/HUDSON/workspace/8-2-build-linux-amd64/jdk8u5/2488/hotspot/src/share/vm/prims/jvm.cpp, line 1248]
Event: 29.288 Thread 0x00007f9400001800 Exception <a 'java/security/PrivilegedActionException'> (0x00000000fb39c038) thrown at [/HUDSON/workspace/8-2-build-linux-amd64/jdk8u5/2488/hotspot/src/share/vm/prims/jvm.cpp, line 1248]
Event: 29.288 Thread 0x00007f9400001800 Exception <a 'java/lang/ClassNotFoundException': org/grails/plugin/resource/JavaScriptBundleResourceMetaCustomizer> (0x00000000fb39d8d0) thrown at [/HUDSON/workspace/8-2-build-linux-amd64/jdk8u5/2488/hotspot/src/share/vm/classfile/systemDictionary.cpp, li

Events (10 events):
Event: 29.285 loading class org/grails/plugin/resource/JavaScriptBundleResourceMetaBeanInfo
Event: 29.285 loading class org/grails/plugin/resource/JavaScriptBundleResourceMetaBeanInfo done
Event: 29.286 loading class org/grails/plugin/resource/JavaScriptBundleResourceMetaBeanInfo
Event: 29.286 loading class org/grails/plugin/resource/JavaScriptBundleResourceMetaBeanInfo done
Event: 29.286 loading class org/grails/plugin/resource/JavaScriptBundleResourceMetaCustomizer
Event: 29.286 loading class org/grails/plugin/resource/JavaScriptBundleResourceMetaCustomizer done
Event: 29.287 loading class org/grails/plugin/resource/JavaScriptBundleResourceMetaCustomizer
Event: 29.287 loading class org/grails/plugin/resource/JavaScriptBundleResourceMetaCustomizer done
Event: 29.288 loading class org/grails/plugin/resource/JavaScriptBundleResourceMetaCustomizer
Event: 29.288 loading class org/grails/plugin/resource/JavaScriptBundleResourceMetaCustomizer done


Dynamic libraries:
00400000-00401000 r-xp 00000000 08:06 3233770                            /usr/lib/jvm/java-8-oracle/bin/java
00600000-00601000 rw-p 00000000 08:06 3233770                            /usr/lib/jvm/java-8-oracle/bin/java
010a0000-010c1000 rw-p 00000000 00:00 0                                  [heap]
d0000000-d5800000 rw-p 00000000 00:00 0 
d5800000-f0000000 ---p 00000000 00:00 0 
f0000000-100000000 rw-p 00000000 00:00 0 
100000000-100740000 rw-p 00000000 00:00 0 
100740000-140000000 ---p 00000000 00:00 0 
7f93e4000000-7f93e4021000 rw-p 00000000 00:00 0 
7f93e4021000-7f93e8000000 ---p 00000000 00:00 0 
7f93ec000000-7f93ec021000 rw-p 00000000 00:00 0 
7f93ec021000-7f93f0000000 ---p 00000000 00:00 0 
7f93f0000000-7f93f0021000 rw-p 00000000 00:00 0 
7f93f0021000-7f93f4000000 ---p 00000000 00:00 0 
7f93f4000000-7f93f4021000 rw-p 00000000 00:00 0 
7f93f4021000-7f93f8000000 ---p 00000000 00:00 0 
7f93f8000000-7f93f8021000 rw-p 00000000 00:00 0 
7f93f8021000-7f93fc000000 ---p 00000000 00:00 0 
7f93fc000000-7f93fd06f000 rw-p 00000000 00:00 0 
7f93fd06f000-7f9400000000 ---p 00000000 00:00 0 
7f9400000000-7f9400021000 rw-p 00000000 00:00 0 
7f9400021000-7f9404000000 ---p 00000000 00:00 0 
7f94057fa000-7f94058ba000 rw-p 00000000 00:00 0 
7f94058ba000-7f94059fa000 ---p 00000000 00:00 0 
7f94059fa000-7f9405bfa000 rw-p 00000000 00:00 0 
7f9405bfa000-7f9405dfa000 rw-p 00000000 00:00 0 
7f9405dfa000-7f9405ffa000 rw-p 00000000 00:00 0 
7f9405ffa000-7f9405ffd000 ---p 00000000 00:00 0 
7f9405ffd000-7f94062fb000 rw-p 00000000 00:00 0 
7f94062fb000-7f94062fe000 ---p 00000000 00:00 0 
7f94062fe000-7f94065fc000 rw-p 00000000 00:00 0 
7f94065fc000-7f94067fc000 rw-p 00000000 00:00 0 
7f94067fc000-7f94069fc000 rw-p 00000000 00:00 0 
7f94069fc000-7f94069ff000 ---p 00000000 00:00 0 
7f94069ff000-7f9406cfd000 rw-p 00000000 00:00 0 
7f9406cfd000-7f9406efd000 rw-p 00000000 00:00 0 
7f9406efd000-7f94070fd000 rw-p 00000000 00:00 0 
7f94070fd000-7f94072fd000 rw-p 00000000 00:00 0 
7f94072fd000-7f94074fd000 rw-p 00000000 00:00 0 
7f94074fd000-7f94076fd000 rw-p 00000000 00:00 0 
7f94076fd000-7f94078fd000 rw-p 00000000 00:00 0 
7f94078fd000-7f9407afd000 rw-p 00000000 00:00 0 
7f9407afd000-7f9407b00000 ---p 00000000 00:00 0 
7f9407b00000-7f9407bfe000 rw-p 00000000 00:00 0 
7f9407bfe000-7f9407c01000 ---p 00000000 00:00 0 
7f9407c01000-7f9407eff000 rw-p 00000000 00:00 0 
7f9407eff000-7f9407f02000 ---p 00000000 00:00 0 
7f9407f02000-7f9408000000 rw-p 00000000 00:00 0 
7f9408000000-7f9408021000 rw-p 00000000 00:00 0 
7f9408021000-7f940c000000 ---p 00000000 00:00 0 
7f940c000000-7f940c03a000 rw-p 00000000 00:00 0 
7f940c03a000-7f9410000000 ---p 00000000 00:00 0 
7f9410000000-7f9410021000 rw-p 00000000 00:00 0 
7f9410021000-7f9414000000 ---p 00000000 00:00 0 
7f9414000000-7f9414021000 rw-p 00000000 00:00 0 
7f9414021000-7f9418000000 ---p 00000000 00:00 0 
7f9418000000-7f9418021000 rw-p 00000000 00:00 0 
7f9418021000-7f941c000000 ---p 00000000 00:00 0 
7f941c000000-7f941c021000 rw-p 00000000 00:00 0 
7f941c021000-7f9420000000 ---p 00000000 00:00 0 
7f9420000000-7f94214ce000 rw-p 00000000 00:00 0 
7f94214ce000-7f9424000000 ---p 00000000 00:00 0 
7f9424000000-7f9424b1a000 rw-p 00000000 00:00 0 
7f9424b1a000-7f9428000000 ---p 00000000 00:00 0 
7f9428000000-7f9428021000 rw-p 00000000 00:00 0 
7f9428021000-7f942c000000 ---p 00000000 00:00 0 
7f942c000000-7f942d435000 rw-p 00000000 00:00 0 
7f942d435000-7f9430000000 ---p 00000000 00:00 0 
7f9430000000-7f9430021000 rw-p 00000000 00:00 0 
7f9430021000-7f9434000000 ---p 00000000 00:00 0 
7f9434000000-7f9434021000 rw-p 00000000 00:00 0 
7f9434021000-7f9438000000 ---p 00000000 00:00 0 
7f9438000000-7f9438021000 rw-p 00000000 00:00 0 
7f9438021000-7f943c000000 ---p 00000000 00:00 0 
7f943c000000-7f943c254000 rw-p 00000000 00:00 0 
7f943c254000-7f9440000000 ---p 00000000 00:00 0 
7f9440000000-7f9440021000 rw-p 00000000 00:00 0 
7f9440021000-7f9444000000 ---p 00000000 00:00 0 
7f9444000000-7f9444023000 rw-p 00000000 00:00 0 
7f9444023000-7f9448000000 ---p 00000000 00:00 0 
7f9448000000-7f944802f000 rw-p 00000000 00:00 0 
7f944802f000-7f944c000000 ---p 00000000 00:00 0 
7f944c08e000-7f944c08f000 rw-p 00000000 00:00 0 
7f944c08f000-7f944c095000 r--s 002f7000 08:06 3233722                    /usr/lib/jvm/java-8-oracle/jre/lib/charsets.jar
7f944c095000-7f944c0a8000 r--s 00345000 08:06 3233716                    /usr/lib/jvm/java-8-oracle/jre/lib/resources.jar
7f944c0a8000-7f944c0ab000 ---p 00000000 00:00 0 
7f944c0ab000-7f944c1a9000 rw-p 00000000 00:00 0 
7f944c1a9000-7f944c1b9000 r-xp 00000000 08:06 3233476                    /usr/lib/jvm/java-8-oracle/jre/lib/amd64/libnio.so
7f944c1b9000-7f944c3b9000 ---p 00010000 08:06 3233476                    /usr/lib/jvm/java-8-oracle/jre/lib/amd64/libnio.so
7f944c3b9000-7f944c3ba000 rw-p 00010000 08:06 3233476                    /usr/lib/jvm/java-8-oracle/jre/lib/amd64/libnio.so
7f944c3ba000-7f944c5ba000 rw-p 00000000 00:00 0 
7f944c5ba000-7f944c5c2000 r-xp 00000000 08:06 3233538                    /usr/lib/jvm/java-8-oracle/jre/lib/amd64/libmanagement.so
7f944c5c2000-7f944c7c2000 ---p 00008000 08:06 3233538                    /usr/lib/jvm/java-8-oracle/jre/lib/amd64/libmanagement.so
7f944c7c2000-7f944c7c3000 rw-p 00008000 08:06 3233538                    /usr/lib/jvm/java-8-oracle/jre/lib/amd64/libmanagement.so
7f944c7c3000-7f944c7d9000 r-xp 00000000 08:06 3233484                    /usr/lib/jvm/java-8-oracle/jre/lib/amd64/libnet.so
7f944c7d9000-7f944c9d8000 ---p 00016000 08:06 3233484                    /usr/lib/jvm/java-8-oracle/jre/lib/amd64/libnet.so
7f944c9d8000-7f944c9d9000 rw-p 00015000 08:06 3233484                    /usr/lib/jvm/java-8-oracle/jre/lib/amd64/libnet.so
7f944c9d9000-7f944c9dc000 ---p 00000000 00:00 0 
7f944c9dc000-7f944cada000 rw-p 00000000 00:00 0 
7f944cada000-7f944cadd000 r--s 00012000 08:06 5535273                    /home/jbondia/.gvm/grails/2.4.2/lib/javax.servlet/javax.servlet-api/jars/javax.servlet-api-3.0.1.jar
7f944cadd000-7f944cae2000 r--s 00040000 08:06 5539719                    /home/jbondia/.gvm/grails/2.4.2/dist/grails-project-api-2.4.2.jar
7f944cae2000-7f944caf3000 r--s 000d2000 08:06 4485925                    /root/.m2/repository/org/liquibase/liquibase-core/2.0.5/liquibase-core-2.0.5.jar
7f944caf3000-7f944caf7000 r--s 0000c000 08:06 4485913                    /root/.m2/repository/javax/validation/validation-api/1.1.0.Final/validation-api-1.1.0.Final.jar
7f944caf7000-7f944cafd000 r--s 0004c000 08:06 5535608                    /home/jbondia/.gvm/grails/2.4.2/lib/org.grails/grails-datastore-simple/jars/grails-datastore-simple-3.1.1.RELEASE.jar
7f944cafd000-7f944cb05000 r--s 00052000 08:06 4485905                    /root/.m2/repository/org/springframework/spring-orm/4.0.5.RELEASE/spring-orm-4.0.5.RELEASE.jar
7f944cb05000-7f944cb07000 r--s 0000a000 08:06 4485897                    /root/.m2/repository/org/grails/grails-datastore-gorm-plugin-support/3.1.1.RELEASE/grails-datastore-gorm-plugin-support-3.1.1.RELEASE.jar
7f944cb07000-7f944cb0d000 r--s 00041000 08:06 4485889                    /root/.m2/repository/org/grails/grails-datastore-gorm-hibernate-core/3.1.1.RELEASE/grails-datastore-gorm-hibernate-core-3.1.1.RELEASE.jar
7f944cb0d000-7f944cb12000 r--s 00048000 08:06 4485885                    /root/.m2/repository/dom4j/dom4j/1.6.1/dom4j-1.6.1.jar
7f944cb12000-7f944cb15000 r--s 00010000 08:06 4485865                    /root/.m2/repository/org/hibernate/common/hibernate-commons-annotations/4.0.4.Final/hibernate-commons-annotations-4.0.4.Final.jar
7f944cb15000-7f944cb1d000 r--s 00062000 08:06 4485857                    /root/.m2/repository/org/grails/grails-datastore-gorm-hibernate4/3.1.1.RELEASE/grails-datastore-gorm-hibernate4-3.1.1.RELEASE.jar
7f944cb1d000-7f944cb26000 r--s 00081000 08:06 5535607                    /home/jbondia/.gvm/grails/2.4.2/lib/org.grails/grails-datastore-gorm/jars/grails-datastore-gorm-3.1.1.RELEASE.jar
7f944cb26000-7f944cb31000 r--s 00052000 08:06 5535606                    /home/jbondia/.gvm/grails/2.4.2/lib/org.grails/grails-datastore-core/jars/grails-datastore-core-3.1.1.RELEASE.jar
7f944cb31000-7f944cb47000 r--s 000e6000 08:06 4485841                    /root/.m2/repository/net/sf/ehcache/ehcache-core/2.4.8/ehcache-core-2.4.8.jar
7f944cb47000-7f944cb49000 r--s 00011000 08:06 4485837                    /root/.m2/repository/org/jboss/jandex/1.1.0.Final/jandex-1.1.0.Final.jar
7f944cb49000-7f944cb4e000 r--s 00068000 08:06 4485825                    /root/.m2/repository/antlr/antlr/2.7.7/antlr-2.7.7.jar
7f944cb4e000-7f944cb4f000 r--s 00006000 08:06 4485817                    /root/.m2/repository/org/jboss/spec/javax/transaction/jboss-transaction-api_1.2_spec/1.0.0.Final/jboss-transaction-api_1.2_spec-1.0.0.Final.jar
7f944cb4f000-7f944cbac000 r--s 004a0000 08:06 4485809                    /root/.m2/repository/org/hibernate/hibernate-core/4.3.5.Final/hibernate-core-4.3.5.Final.jar
7f944cbac000-7f944cbb0000 r--s 0001e000 08:06 4485805                    /root/.m2/repository/org/hibernate/hibernate-ehcache/4.3.5.Final/hibernate-ehcache-4.3.5.Final.jar
7f944cbb0000-7f944cbb2000 r--s 0000d000 08:06 4485793                    /root/.m2/repository/com/fasterxml/classmate/1.0.0/classmate-1.0.0.jar
7f944cbb2000-7f944cbbf000 r--s 00080000 08:06 4485785                    /root/.m2/repository/org/hibernate/hibernate-validator/5.0.3.Final/hibernate-validator-5.0.3.Final.jar
7f944cbbf000-7f944cbc8000 r--s 000a5000 08:06 4485765                    /root/.m2/repository/org/javassist/javassist/3.17.1-GA/javassist-3.17.1-GA.jar
7f944cbc8000-7f944cbcb000 r--s 00083000 08:06 5539740                    /home/jbondia/.gvm/grails/2.4.2/dist/grails-resources-2.4.2.jar
7f944cbcb000-7f944cbd8000 r--s 00189000 08:06 5534751                    /home/jbondia/.gvm/grails/2.4.2/lib/com.h2database/h2/jars/h2-1.3.176.jar
7f944cbd8000-7f944cbdc000 r--s 00021000 08:06 5539404                    /home/jbondia/.gvm/grails/2.4.2/dist/grails-plugin-converters-2.4.2.jar
7f944cbdc000-7f944cbdf000 r--s 00018000 08:06 5539467                    /home/jbondia/.gvm/grails/2.4.2/dist/grails-plugin-domain-class-2.4.2.jar
7f944cbdf000-7f944cbe1000 r--s 0000e000 08:06 5539572                    /home/jbondia/.gvm/grails/2.4.2/dist/grails-plugin-mimetypes-2.4.2.jar
7f944cbe1000-7f944cbe2000 r--s 0000e000 08:06 5535541                    /home/jbondia/.gvm/grails/2.4.2/lib/org.codehaus.jsr166-mirror/jsr166y/jars/jsr166y-1.7.0.jar
7f944cbe2000-7f944cbfe000 r--s 00136000 08:06 5535532                    /home/jbondia/.gvm/grails/2.4.2/lib/org.codehaus.gpars/gpars/jars/gpars-1.2.1.jar
7f944cbfe000-7f944cc00000 r--s 00011000 08:06 5539194                    /home/jbondia/.gvm/grails/2.4.2/dist/grails-async-2.4.2.jar
7f944cc00000-7f944cc02000 r--s 0000e000 08:06 5539341                    /home/jbondia/.gvm/grails/2.4.2/dist/grails-plugin-async-2.4.2.jar
7f944cc02000-7f944cc06000 r--s 00028000 08:06 5535235                    /home/jbondia/.gvm/grails/2.4.2/lib/commons-validator/commons-validator/jars/commons-validator-1.4.0.jar
7f944cc06000-7f944cc09000 r--s 00012000 08:06 5539824                    /home/jbondia/.gvm/grails/2.4.2/dist/grails-validation-2.4.2.jar
7f944cc09000-7f944cc0d000 r--s 00019000 08:06 5534739                    /home/jbondia/.gvm/grails/2.4.2/lib/com.googlecode.concurrentlinkedhashmap/concurrentlinkedhashmap-lru/jars/concurrentlinkedhashmap-lru-1.4.jar
7f944cc0d000-7f944cc0f000 r--s 0000e000 08:06 5539677                    /home/jbondia/.gvm/grails/2.4.2/dist/grails-plugin-url-mappings-2.4.2.jar
7f944cc0f000-7f944cc10000 r--s 00006000 08:06 5539635                    /home/jbondia/.gvm/grails/2.4.2/dist/grails-plugin-servlets-2.4.2.jar
7f944cc10000-7f944cc17000 r--s 00036000 08:06 5535703                    /home/jbondia/.gvm/grails/2.4.2/lib/org.springframework/spring-tx/jars/spring-tx-4.0.5.RELEASE.jar
7f944cc17000-7f944cc19000 r--s 00009000 08:06 5539614                    /home/jbondia/.gvm/grails/2.4.2/dist/grails-plugin-services-2.4.2.jar
7f944cc19000-7f944cc1a000 r--s 00001000 08:06 5535639                    /home/jbondia/.gvm/grails/2.4.2/lib/org.slf4j/jul-to-slf4j/jars/jul-to-slf4j-1.7.5.jar
7f944cc1a000-7f944cc1b000 r--s 00000000 08:06 5539320                    /home/jbondia/.gvm/grails/2.4.2/dist/grails-logging-2.4.2.jar
7f944cc1b000-7f944cc2a000 r--s 00096000 08:06 5535707                    /home/jbondia/.gvm/grails/2.4.2/lib/org.springframework/spring-web/jars/spring-web-4.0.5.RELEASE.jar
7f944cc2a000-7f944cc2f000 r--s 0002e000 08:06 5539299                    /home/jbondia/.gvm/grails/2.4.2/dist/grails-encoder-2.4.2.jar
7f944cc2f000-7f944cc35000 r--s 00033000 08:06 5534939                    /home/jbondia/.gvm/grails/2.4.2/lib/commons-codec/commons-codec/jars/commons-codec-1.6.jar
7f944cc35000-7f944cc37000 r--s 00012000 08:06 5539362                    /home/jbondia/.gvm/grails/2.4.2/dist/grails-plugin-codecs-2.4.2.jar
7f944cc37000-7f944cc39000 r--s 0000c000 08:06 5539971                    /home/jbondia/.gvm/grails/2.4.2/dist/grails-web-gsp-taglib-2.4.2.jar
7f944cc39000-7f944cc3f000 r--s 00058000 08:06 5539509                    /home/jbondia/.gvm/grails/2.4.2/dist/grails-plugin-gsp-2.4.2.jar
7f944cc3f000-7f944cc41000 r--s 0000b000 08:06 5539488                    /home/jbondia/.gvm/grails/2.4.2/dist/grails-plugin-filters-2.4.2.jar
7f944cc41000-7f944cc46000 r--s 00041000 08:06 5535234                    /home/jbondia/.gvm/grails/2.4.2/lib/commons-lang/commons-lang/jars/commons-lang-2.6.jar
7f944cc46000-7f944cc47000 r--s 00005000 08:06 5539530                    /home/jbondia/.gvm/grails/2.4.2/dist/grails-plugin-i18n-2.4.2.jar
7f944cc47000-7f944cc4c000 r--s 00017000 08:06 5535623                    /home/jbondia/.gvm/grails/2.4.2/lib/org.hibernate.javax.persistence/hibernate-jpa-2.1-api/jars/hibernate-jpa-2.1-api-1.0.0.Final.jar
7f944cc4c000-7f944cc4e000 r--s 00000000 08:06 5534701                    /home/jbondia/.gvm/grails/2.4.2/lib/aopalliance/aopalliance/jars/aopalliance-1.0.jar
7f944cc4e000-7f944cc50000 r--s 00009000 08:06 5539782                    /home/jbondia/.gvm/grails/2.4.2/dist/grails-spring-2.4.2.jar
7f944cc50000-7f944cc53000 r--s 00041000 08:06 5535728                    /home/jbondia/.gvm/grails/2.4.2/lib/xalan/serializer/jars/serializer-2.7.1.jar
7f944cc53000-7f944cc5f000 r--s 00098000 08:06 5535678                    /home/jbondia/.gvm/grails/2.4.2/lib/org.springframework/spring-beans/jars/spring-beans-4.0.5.RELEASE.jar
7f944cc5f000-7f944cc73000 r--s 000db000 08:06 5535687                    /home/jbondia/.gvm/grails/2.4.2/lib/org.springframework/spring-core/jars/spring-core-4.0.5.RELEASE.jar
7f944cc73000-7f944cc80000 r--s 000a7000 08:06 5539236                    /home/jbondia/.gvm/grails/2.4.2/dist/grails-core-2.4.2.jar
7f944cc80000-7f944cc81000 r--s 00005000 08:06 5539425                    /home/jbondia/.gvm/grails/2.4.2/dist/grails-plugin-databinding-2.4.2.jar
7f944cc81000-7f944cc86000 r--s 0002e000 08:06 5535691                    /home/jbondia/.gvm/grails/2.4.2/lib/org.springframework/spring-expression/jars/spring-expression-4.0.5.RELEASE.jar
7f944cc86000-7f944cc8f000 r--s 0004e000 08:06 5535673                    /home/jbondia/.gvm/grails/2.4.2/lib/org.springframework/spring-aop/jars/spring-aop-4.0.5.RELEASE.jar
7f944cc8f000-7f944cca6000 r--s 000d8000 08:06 5535682                    /home/jbondia/.gvm/grails/2.4.2/lib/org.springframework/spring-context/jars/spring-context-4.0.5.RELEASE.jar
7f944cca6000-7f944cca8000 r--s 00008000 08:06 5535509                    /home/jbondia/.gvm/grails/2.4.2/lib/org.apache.tomcat/tomcat-juli/jars/tomcat-juli-7.0.50.jar
7f944cca8000-7f944ccaa000 r--s 0001d000 08:06 5535505                    /home/jbondia/.gvm/grails/2.4.2/lib/org.apache.tomcat/tomcat-jdbc/jars/tomcat-jdbc-7.0.50.jar
7f944ccaa000-7f944ccb4000 r--s 0005e000 08:06 5535695                    /home/jbondia/.gvm/grails/2.4.2/lib/org.springframework/spring-jdbc/jars/spring-jdbc-4.0.5.RELEASE.jar
7f944ccb4000-7f944ccb6000 r--s 0000d000 08:06 5539446                    /home/jbondia/.gvm/grails/2.4.2/dist/grails-plugin-datasource-2.4.2.jar
7f944ccb6000-7f944ccb8000 r--s 00008000 08:06 5539698                    /home/jbondia/.gvm/grails/2.4.2/dist/grails-plugin-validation-2.4.2.jar
7f944ccb8000-7f944ccbc000 r--s 00020000 08:06 5539383                    /home/jbondia/.gvm/grails/2.4.2/dist/grails-plugin-controllers-2.4.2.jar
7f944ccbc000-7f944ccc0000 r--s 00019000 08:06 5535517                    /home/jbondia/.gvm/grails/2.4.2/lib/org.aspectj/aspectjrt/jars/aspectjrt-1.8.0.jar
7f944ccc0000-7f944ccd8000 r--s 001aa000 08:06 5535518                    /home/jbondia/.gvm/grails/2.4.2/lib/org.aspectj/aspectjweaver/jars/aspectjweaver-1.8.0.jar
7f944ccd8000-7f944ccdc000 r--s 00024000 08:06 5539992                    /home/jbondia/.gvm/grails/2.4.2/dist/grails-web-jsp-2.4.2.jar
7f944ccdc000-7f944ccde000 r--s 0001d000 08:06 5539887                    /home/jbondia/.gvm/grails/2.4.2/dist/grails-web-databinding-2.4.2.jar
7f944ccde000-7f944cce4000 r--s 00027000 08:06 5535459                    /home/jbondia/.gvm/grails/2.4.2/lib/opensymphony/sitemesh/jars/sitemesh-2.4.jar
7f944cce4000-7f944cce6000 r--s 0000b000 08:06 5540034                    /home/jbondia/.gvm/grails/2.4.2/dist/grails-web-sitemesh-2.4.2.jar
7f944cce6000-7f944cce8000 r--s 00009000 08:06 5540013                    /home/jbondia/.gvm/grails/2.4.2/dist/grails-web-mvc-2.4.2.jar
7f944cce8000-7f944ccea000 r--s 0000b000 08:06 5535674                    /home/jbondia/.gvm/grails/2.4.2/lib/org.springframework/spring-aspects/jars/spring-aspects-4.0.5.RELEASE.jar
7f944ccea000-7f944ccf1000 r--s 0004f000 08:06 5539950                    /home/jbondia/.gvm/grails/2.4.2/dist/grails-web-gsp-2.4.2.jar
7f944ccf1000-7f944ccf5000 r--s 00027000 08:06 5535147                    /home/jbondia/.gvm/grails/2.4.2/lib/commons-io/commons-io/jars/commons-io-2.2.jar
7f944ccf5000-7f944ccf7000 r--s 0000f000 08:06 5535137                    /home/jbondia/.gvm/grails/2.4.2/lib/commons-fileupload/commons-fileupload/jars/commons-fileupload-1.3.1.jar
7f944ccf7000-7f944ccf8000 r--s 00000000 08:06 5539929                    /home/jbondia/.gvm/grails/2.4.2/dist/grails-web-fileupload-2.4.2.jar
7f944ccf8000-7f944ccfc000 r--s 00023000 08:06 5540055                    /home/jbondia/.gvm/grails/2.4.2/dist/grails-web-url-mappings-2.4.2.jar
7f944ccfc000-7f944cd00000 r--s 0001e000 08:06 5535683                    /home/jbondia/.gvm/grails/2.4.2/lib/org.springframework/spring-context-support/jars/spring-context-support-4.0.5.RELEASE.jar
7f944cd00000-7f944cd0c000 r--s 00096000 08:06 5535708                    /home/jbondia/.gvm/grails/2.4.2/lib/org.springframework/spring-webmvc/jars/spring-webmvc-4.0.5.RELEASE.jar
7f944cd0c000-7f944cd11000 r--s 00030000 08:06 5539866                    /home/jbondia/.gvm/grails/2.4.2/dist/grails-web-common-2.4.2.jar
7f944cd11000-7f944cf11000 rw-p 00000000 00:00 0 
7f944cf11000-7f944cf14000 ---p 00000000 00:00 0 
7f944cf14000-7f944d212000 rw-p 00000000 00:00 0 
7f944d212000-7f944d22e000 r--s 00393000 08:06 3233448                    /usr/lib/jvm/java-8-oracle/jre/lib/ext/cldrdata.jar
7f944d22e000-7f944d239000 r--s 0021a000 08:06 3233434                    /usr/lib/jvm/java-8-oracle/jre/lib/ext/localedata.jar
7f944d239000-7f944d439000 rw-p 00000000 00:00 0 
7f944d439000-7f944d639000 rw-p 00000000 00:00 0 
7f944d639000-7f944d63c000 ---p 00000000 00:00 0 
7f944d63c000-7f944d73a000 rw-p 00000000 00:00 0 
7f944d73a000-7f944d73b000 r-xp 00000000 08:06 4603845                    /tmp/libjansi-64-454648199245887169.so
7f944d73b000-7f944d93a000 ---p 00001000 08:06 4603845                    /tmp/libjansi-64-454648199245887169.so
7f944d93a000-7f944d93b000 rw-p 00000000 08:06 4603845                    /tmp/libjansi-64-454648199245887169.so
7f944d93b000-7f944db3b000 rw-p 00000000 00:00 0 
7f944db3b000-7f944db3e000 ---p 00000000 00:00 0 
7f944db3e000-7f944db74000 rw-p 00000000 00:00 0 
7f944db74000-7f944db75000 ---p 00000000 00:00 0 
7f944db75000-7f944dc75000 rw-p 00000000 00:00 0 
7f944dc75000-7f944dc78000 ---p 00000000 00:00 0 
7f944dc78000-7f944dd76000 rw-p 00000000 00:00 0 
7f944dd76000-7f944dd79000 ---p 00000000 00:00 0 
7f944dd79000-7f944de77000 rw-p 00000000 00:00 0 
7f944de77000-7f944de7a000 ---p 00000000 00:00 0 
7f944de7a000-7f944df78000 rw-p 00000000 00:00 0 
7f944df78000-7f944df7b000 ---p 00000000 00:00 0 
7f944df7b000-7f944e079000 rw-p 00000000 00:00 0 
7f944e079000-7f944e07f000 r--s 0005f000 08:06 5535713                    /home/jbondia/.gvm/grails/2.4.2/lib/org.springframework/springloaded/jars/springloaded-1.2.0.RELEASE.jar
7f944e07f000-7f944e0a0000 r--s 00267000 08:06 4484684                    /root/.m2/repository/org/apache/tomcat/embed/tomcat-embed-core/7.0.53/tomcat-embed-core-7.0.53.jar
7f944e0a0000-7f944e0a2000 r--s 00013000 08:06 4484675                    /root/.m2/repository/org/apache/tomcat/embed/tomcat-embed-logging-log4j/7.0.53/tomcat-embed-logging-log4j-7.0.53.jar
7f944e0a2000-7f944e0ab000 r--s 0009f000 08:06 4484670                    /root/.m2/repository/org/apache/tomcat/embed/tomcat-embed-jasper/7.0.53/tomcat-embed-jasper-7.0.53.jar
7f944e0ab000-7f944e0ad000 r--s 0000e000 08:06 5955551                    /home/jbondia/Diputació-AST/idea_workspace/ocelot/ocelot-bpm-project/Blank_app/target/work/plugins/tomcat-7.0.54/grails-plugin-tomcat-7.0.54.jar
7f944e0ad000-7f944e0af000 r--s 0000c000 08:06 4484667                    /root/.m2/repository/org/apache/tomcat/tomcat-catalina-ant/7.0.53/tomcat-catalina-ant-7.0.53.jar
7f944e0af000-7f944e0bf000 r--s 0019c000 08:06 4484683                    /root/.m2/repository/org/eclipse/jdt/core/compiler/ecj/3.7.2/ecj-3.7.2.jar
7f944e0bf000-7f944e0c4000 r--s 0002f000 08:06 4484678                    /root/.m2/repository/org/apache/tomcat/embed/tomcat-embed-websocket/7.0.53/tomcat-embed-websocket-7.0.53.jar
7f944e0c4000-7f944e0c8000 r--s 00027000 08:06 4484672                    /root/.m2/repository/org/apache/tomcat/embed/tomcat-embed-el/7.0.53/tomcat-embed-el-7.0.53.jar
7f944e0c8000-7f944e0ca000 r--s 0001a000 08:06 5535605                    /home/jbondia/.gvm/grails/2.4.2/lib/org.fusesource.jansi/jansi/jars/jansi-1.11.jar
7f944e0ca000-7f944e0df000 r--s 00116000 08:06 5535477                    /home/jbondia/.gvm/grails/2.4.2/lib/org.apache.ivy/ivy/jars/ivy-2.3.0.jar
7f944e0df000-7f944e0e2000 r--s 00018000 08:06 5535463                    /home/jbondia/.gvm/grails/2.4.2/lib/org.apache.ant/ant-junit/jars/ant-junit-1.8.4.jar
7f944e0e2000-7f944e0e3000 r--s 00001000 08:06 5535467                    /home/jbondia/.gvm/grails/2.4.2/lib/org.apache.ant/ant-trax/jars/ant-trax-1.7.1.jar
7f944e0e3000-7f944e0e4000 r--s 00004000 08:06 5535465                    /home/jbondia/.gvm/grails/2.4.2/lib/org.apache.ant/ant-launcher/jars/ant-launcher-1.8.4.jar
7f944e0e4000-7f944e102000 r--s 001bd000 08:06 5535461                    /home/jbondia/.gvm/grails/2.4.2/lib/org.apache.ant/ant/jars/ant-1.8.4.jar
7f944e102000-7f944e106000 r--s 00031000 08:06 5535445                    /home/jbondia/.gvm/grails/2.4.2/lib/jline/jline/jars/jline-2.12.jar
7f944e106000-7f944e108000 r--s 00005000 08:06 5535644                    /home/jbondia/.gvm/grails/2.4.2/lib/org.slf4j/slf4j-api/jars/slf4j-api-1.7.5.jar
7f944e108000-7f944e116000 r--s 000db000 08:06 5539215                    /home/jbondia/.gvm/grails/2.4.2/dist/grails-bootstrap-2.4.2.jar
7f944e116000-7f944e11f000 r--s 0006f000 08:06 5535455                    /home/jbondia/.gvm/grails/2.4.2/lib/log4j/log4j/jars/log4j-1.2.17.jar
7f944e11f000-7f944e122000 r--s 0000d000 08:06 5539551                    /home/jbondia/.gvm/grails/2.4.2/dist/grails-plugin-log4j-2.4.2.jar
7f944e122000-7f944e124000 r--s 00013000 08:06 5535513                    /home/jbondia/.gvm/grails/2.4.2/lib/org.apache.tomcat.embed/tomcat-embed-logging-log4j/jars/tomcat-embed-logging-log4j-7.0.50.jar
7f944e124000-7f944e129000 r--s 00050000 08:06 5535528                    /home/jbondia/.gvm/grails/2.4.2/lib/org.codehaus.gant/gant_groovy1.8/jars/gant_groovy1.8-1.9.6.jar
7f944e129000-7f944e12b000 r--s 00003000 08:06 5535634                    /home/jbondia/.gvm/grails/2.4.2/lib/org.slf4j/jcl-over-slf4j/jars/jcl-over-slf4j-1.7.5.jar
7f944e12b000-7f944e196000 r--s 00683000 08:06 5535536                    /home/jbondia/.gvm/grails/2.4.2/lib/org.codehaus.groovy/groovy-all/jars/groovy-all-2.3.3.jar
7f944e196000-7f944e20e000 r--s 010c6000 08:06 3233304                    /usr/lib/jvm/java-8-oracle/lib/tools.jar
7f944e20e000-7f944e211000 ---p 00000000 00:00 0 
7f944e211000-7f944e30f000 rw-p 00000000 00:00 0 
7f944e30f000-7f944e9f2000 r--p 00000000 08:06 3021278                    /usr/lib/locale/locale-archive
7f944e9f2000-7f944e9f5000 ---p 00000000 00:00 0 
7f944e9f5000-7f944eaf3000 rw-p 00000000 00:00 0 
7f944eaf3000-7f944eaf6000 ---p 00000000 00:00 0 
7f944eaf6000-7f944ebf4000 rw-p 00000000 00:00 0 
7f944ebf4000-7f944ebf5000 ---p 00000000 00:00 0 
7f944ebf5000-7f9451000000 rw-p 00000000 00:00 0 
7f9451000000-7f9451fd0000 rwxp 00000000 00:00 0 
7f9451fd0000-7f9460000000 ---p 00000000 00:00 0 
7f9460000000-7f9460b17000 rw-p 00000000 00:00 0 
7f9460b17000-7f9464000000 ---p 00000000 00:00 0 
7f9464000000-7f9464002000 r--s 0000d000 08:06 4485849                    /root/.m2/repository/org/jboss/logging/jboss-logging/3.1.0.GA/jboss-logging-3.1.0.GA.jar
7f9464002000-7f9464007000 r--s 0002a000 08:06 5534719                    /home/jbondia/.gvm/grails/2.4.2/lib/com.google.code.gson/gson/jars/gson-2.2.4.jar
7f9464007000-7f946445a000 rw-p 00000000 00:00 0 
7f946445a000-7f946462f000 r--s 03c4d000 08:06 3233577                    /usr/lib/jvm/java-8-oracle/jre/lib/rt.jar
7f946462f000-7f9464faf000 rw-p 00000000 00:00 0 
7f9464faf000-7f9464fb0000 ---p 00000000 00:00 0 
7f9464fb0000-7f94650b0000 rw-p 00000000 00:00 0 
7f94650b0000-7f94650b1000 ---p 00000000 00:00 0 
7f94650b1000-7f94651b1000 rw-p 00000000 00:00 0 
7f94651b1000-7f94651b2000 ---p 00000000 00:00 0 
7f94651b2000-7f94652b2000 rw-p 00000000 00:00 0 
7f94652b2000-7f94652b3000 ---p 00000000 00:00 0 
7f94652b3000-7f94653df000 rw-p 00000000 00:00 0 
7f94653df000-7f94654b3000 ---p 00000000 00:00 0 
7f94654b3000-7f94654df000 rw-p 00000000 00:00 0 
7f94654df000-7f94655b3000 ---p 00000000 00:00 0 
7f94655b3000-7f9465633000 rw-p 00000000 00:00 0 
7f9465633000-7f9465674000 rw-p 00000000 00:00 0 
7f9465674000-7f94659f4000 ---p 00000000 00:00 0 
7f94659f4000-7f9465a10000 r-xp 00000000 08:06 3233555                    /usr/lib/jvm/java-8-oracle/jre/lib/amd64/libzip.so
7f9465a10000-7f9465c0f000 ---p 0001c000 08:06 3233555                    /usr/lib/jvm/java-8-oracle/jre/lib/amd64/libzip.so
7f9465c0f000-7f9465c10000 rw-p 0001b000 08:06 3233555                    /usr/lib/jvm/java-8-oracle/jre/lib/amd64/libzip.so
7f9465c10000-7f9465c1c000 r-xp 00000000 08:06 5252898                    /lib/x86_64-linux-gnu/libnss_files-2.15.so
7f9465c1c000-7f9465e1b000 ---p 0000c000 08:06 5252898                    /lib/x86_64-linux-gnu/libnss_files-2.15.so
7f9465e1b000-7f9465e1c000 r--p 0000b000 08:06 5252898                    /lib/x86_64-linux-gnu/libnss_files-2.15.so
7f9465e1c000-7f9465e1d000 rw-p 0000c000 08:06 5252898                    /lib/x86_64-linux-gnu/libnss_files-2.15.so
7f9465e1d000-7f9465e27000 r-xp 00000000 08:06 5252902                    /lib/x86_64-linux-gnu/libnss_nis-2.15.so
7f9465e27000-7f9466027000 ---p 0000a000 08:06 5252902                    /lib/x86_64-linux-gnu/libnss_nis-2.15.so
7f9466027000-7f9466028000 r--p 0000a000 08:06 5252902                    /lib/x86_64-linux-gnu/libnss_nis-2.15.so
7f9466028000-7f9466029000 rw-p 0000b000 08:06 5252902                    /lib/x86_64-linux-gnu/libnss_nis-2.15.so
7f9466029000-7f9466040000 r-xp 00000000 08:06 5252914                    /lib/x86_64-linux-gnu/libnsl-2.15.so
7f9466040000-7f946623f000 ---p 00017000 08:06 5252914                    /lib/x86_64-linux-gnu/libnsl-2.15.so
7f946623f000-7f9466240000 r--p 00016000 08:06 5252914                    /lib/x86_64-linux-gnu/libnsl-2.15.so
7f9466240000-7f9466241000 rw-p 00017000 08:06 5252914                    /lib/x86_64-linux-gnu/libnsl-2.15.so
7f9466241000-7f9466243000 rw-p 00000000 00:00 0 
7f9466243000-7f946624b000 r-xp 00000000 08:06 5252896                    /lib/x86_64-linux-gnu/libnss_compat-2.15.so
7f946624b000-7f946644a000 ---p 00008000 08:06 5252896                    /lib/x86_64-linux-gnu/libnss_compat-2.15.so
7f946644a000-7f946644b000 r--p 00007000 08:06 5252896                    /lib/x86_64-linux-gnu/libnss_compat-2.15.so
7f946644b000-7f946644c000 rw-p 00008000 08:06 5252896                    /lib/x86_64-linux-gnu/libnss_compat-2.15.so
7f946644c000-7f9466456000 r-xp 00000000 08:06 3233456                    /usr/lib/jvm/java-8-oracle/jre/lib/amd64/libinstrument.so
7f9466456000-7f9466655000 ---p 0000a000 08:06 3233456                    /usr/lib/jvm/java-8-oracle/jre/lib/amd64/libinstrument.so
7f9466655000-7f9466656000 rw-p 00009000 08:06 3233456                    /usr/lib/jvm/java-8-oracle/jre/lib/amd64/libinstrument.so
7f9466656000-7f9466680000 r-xp 00000000 08:06 3233508                    /usr/lib/jvm/java-8-oracle/jre/lib/amd64/libjava.so
7f9466680000-7f9466880000 ---p 0002a000 08:06 3233508                    /usr/lib/jvm/java-8-oracle/jre/lib/amd64/libjava.so
7f9466880000-7f9466882000 rw-p 0002a000 08:06 3233508                    /usr/lib/jvm/java-8-oracle/jre/lib/amd64/libjava.so
7f9466882000-7f946688f000 r-xp 00000000 08:06 3233551                    /usr/lib/jvm/java-8-oracle/jre/lib/amd64/libverify.so
7f946688f000-7f9466a8f000 ---p 0000d000 08:06 3233551                    /usr/lib/jvm/java-8-oracle/jre/lib/amd64/libverify.so
7f9466a8f000-7f9466a91000 rw-p 0000d000 08:06 3233551                    /usr/lib/jvm/java-8-oracle/jre/lib/amd64/libverify.so
7f9466a91000-7f9466a98000 r-xp 00000000 08:06 5252901                    /lib/x86_64-linux-gnu/librt-2.15.so
7f9466a98000-7f9466c97000 ---p 00007000 08:06 5252901                    /lib/x86_64-linux-gnu/librt-2.15.so
7f9466c97000-7f9466c98000 r--p 00006000 08:06 5252901                    /lib/x86_64-linux-gnu/librt-2.15.so
7f9466c98000-7f9466c99000 rw-p 00007000 08:06 5252901                    /lib/x86_64-linux-gnu/librt-2.15.so
7f9466c99000-7f9466d94000 r-xp 00000000 08:06 5252905                    /lib/x86_64-linux-gnu/libm-2.15.so
7f9466d94000-7f9466f93000 ---p 000fb000 08:06 5252905                    /lib/x86_64-linux-gnu/libm-2.15.so
7f9466f93000-7f9466f94000 r--p 000fa000 08:06 5252905                    /lib/x86_64-linux-gnu/libm-2.15.so
7f9466f94000-7f9466f95000 rw-p 000fb000 08:06 5252905                    /lib/x86_64-linux-gnu/libm-2.15.so
7f9466f95000-7f9467baf000 r-xp 00000000 08:06 3233540                    /usr/lib/jvm/java-8-oracle/jre/lib/amd64/server/libjvm.so
7f9467baf000-7f9467dae000 ---p 00c1a000 08:06 3233540                    /usr/lib/jvm/java-8-oracle/jre/lib/amd64/server/libjvm.so
7f9467dae000-7f9467e77000 rw-p 00c19000 08:06 3233540                    /usr/lib/jvm/java-8-oracle/jre/lib/amd64/server/libjvm.so
7f9467e77000-7f9467eb8000 rw-p 00000000 00:00 0 
7f9467eb8000-7f946806d000 r-xp 00000000 08:06 5252894                    /lib/x86_64-linux-gnu/libc-2.15.so
7f946806d000-7f946826d000 ---p 001b5000 08:06 5252894                    /lib/x86_64-linux-gnu/libc-2.15.so
7f946826d000-7f9468271000 r--p 001b5000 08:06 5252894                    /lib/x86_64-linux-gnu/libc-2.15.so
7f9468271000-7f9468273000 rw-p 001b9000 08:06 5252894                    /lib/x86_64-linux-gnu/libc-2.15.so
7f9468273000-7f9468278000 rw-p 00000000 00:00 0 
7f9468278000-7f946827a000 r-xp 00000000 08:06 5252909                    /lib/x86_64-linux-gnu/libdl-2.15.so
7f946827a000-7f946847a000 ---p 00002000 08:06 5252909                    /lib/x86_64-linux-gnu/libdl-2.15.so
7f946847a000-7f946847b000 r--p 00002000 08:06 5252909                    /lib/x86_64-linux-gnu/libdl-2.15.so
7f946847b000-7f946847c000 rw-p 00003000 08:06 5252909                    /lib/x86_64-linux-gnu/libdl-2.15.so
7f946847c000-7f9468493000 r-xp 00000000 08:06 3231246                    /usr/lib/jvm/java-8-oracle/lib/amd64/jli/libjli.so
7f9468493000-7f9468692000 ---p 00017000 08:06 3231246                    /usr/lib/jvm/java-8-oracle/lib/amd64/jli/libjli.so
7f9468692000-7f9468693000 rw-p 00016000 08:06 3231246                    /usr/lib/jvm/java-8-oracle/lib/amd64/jli/libjli.so
7f9468693000-7f94686ab000 r-xp 00000000 08:06 5252903                    /lib/x86_64-linux-gnu/libpthread-2.15.so
7f94686ab000-7f94688aa000 ---p 00018000 08:06 5252903                    /lib/x86_64-linux-gnu/libpthread-2.15.so
7f94688aa000-7f94688ab000 r--p 00017000 08:06 5252903                    /lib/x86_64-linux-gnu/libpthread-2.15.so
7f94688ab000-7f94688ac000 rw-p 00018000 08:06 5252903                    /lib/x86_64-linux-gnu/libpthread-2.15.so
7f94688ac000-7f94688b0000 rw-p 00000000 00:00 0 
7f94688b0000-7f94688d2000 r-xp 00000000 08:06 5252906                    /lib/x86_64-linux-gnu/ld-2.15.so
7f94688d2000-7f94688d3000 r--s 00002000 08:06 4485877                    /root/.m2/repository/org/jboss/logging/jboss-logging-annotations/1.2.0.Beta1/jboss-logging-annotations-1.2.0.Beta1.jar
7f94688d3000-7f94688d5000 r--s 00013000 08:06 5539257                    /home/jbondia/.gvm/grails/2.4.2/dist/grails-databinding-2.4.2.jar
7f94688d5000-7f94688d8000 r--s 00038000 08:06 5539593                    /home/jbondia/.gvm/grails/2.4.2/dist/grails-plugin-rest-2.4.2.jar
7f94688d8000-7f94688dd000 r--s 00092000 08:06 3233579                    /usr/lib/jvm/java-8-oracle/jre/lib/jsse.jar
7f94688dd000-7f94689ae000 rw-p 00000000 00:00 0 
7f94689ae000-7f94689b1000 ---p 00000000 00:00 0 
7f94689b1000-7f9468ab3000 rw-p 00000000 00:00 0 
7f9468ab3000-7f9468ab5000 r--s 00009000 08:06 5539845                    /home/jbondia/.gvm/grails/2.4.2/dist/grails-web-2.4.2.jar
7f9468ab5000-7f9468ab7000 r--s 00001000 08:06 3233440                    /usr/lib/jvm/java-8-oracle/jre/lib/ext/dnsns.jar
7f9468ab7000-7f9468ac6000 rw-p 00000000 00:00 0 
7f9468ac6000-7f9468ace000 rw-s 00000000 08:06 4603840                    /tmp/hsperfdata_root/8674
7f9468ace000-7f9468acf000 rw-p 00000000 00:00 0 
7f9468acf000-7f9468ad0000 r--p 00000000 00:00 0 
7f9468ad0000-7f9468ad2000 rw-p 00000000 00:00 0 
7f9468ad2000-7f9468ad3000 r--p 00022000 08:06 5252906                    /lib/x86_64-linux-gnu/ld-2.15.so
7f9468ad3000-7f9468ad5000 rw-p 00023000 08:06 5252906                    /lib/x86_64-linux-gnu/ld-2.15.so
7fffe2209000-7fffe222b000 rw-p 00000000 00:00 0                          [stack]
7fffe22b6000-7fffe22b7000 r-xp 00000000 00:00 0                          [vdso]
ffffffffff600000-ffffffffff601000 r-xp 00000000 00:00 0                  [vsyscall]

VM Arguments:
jvm_args: -Dfile.encoding=UTF-8 -Xmx768M -Xms64M -Dgrails.fork.parent.process.port=51112 -Dgrails.fork.active=true -Dgrails.build.execution.context=/tmp/Blank_app7296067377645545656grails-execution-context -Dgrails.home=/home/jbondia/.gvm/grails/2.4.2 -javaagent:/home/jbondia/.gvm/grails/2.4.2/lib/org.springframework/springloaded/jars/springloaded-1.2.0.RELEASE.jar -Xverify:none -Dspringloaded.synchronize=true -Djdk.reflect.allowGetCallerClass=true -Dspringloaded=profile=grails;cacheDir=/root/.grails/2.4.2 
java_command: org.grails.plugins.tomcat.fork.ForkedTomcatServer
java_class_path (initial): /usr/lib/jvm/java-8-oracle/lib/tools.jar:/home/jbondia/.gvm/grails/2.4.2/lib/org.codehaus.groovy/groovy-all/jars/groovy-all-2.3.3.jar:/home/jbondia/.gvm/grails/2.4.2/lib/org.slf4j/jcl-over-slf4j/jars/jcl-over-slf4j-1.7.5.jar:/home/jbondia/.gvm/grails/2.4.2/lib/org.codehaus.gant/gant_groovy1.8/jars/gant_groovy1.8-1.9.6.jar:/home/jbondia/.gvm/grails/2.4.2/lib/org.apache.tomcat.embed/tomcat-embed-logging-log4j/jars/tomcat-embed-logging-log4j-7.0.50.jar:/home/jbondia/.gvm/grails/2.4.2/dist/grails-plugin-log4j-2.4.2.jar:/home/jbondia/.gvm/grails/2.4.2/lib/log4j/log4j/jars/log4j-1.2.17.jar:/home/jbondia/.gvm/grails/2.4.2/dist/grails-bootstrap-2.4.2.jar:/home/jbondia/.gvm/grails/2.4.2/lib/org.slf4j/slf4j-api/jars/slf4j-api-1.7.5.jar:/home/jbondia/.gvm/grails/2.4.2/lib/jline/jline/jars/jline-2.12.jar:/home/jbondia/.gvm/grails/2.4.2/lib/org.apache.ant/ant/jars/ant-1.8.4.jar:/home/jbondia/.gvm/grails/2.4.2/lib/org.apache.ant/ant-launcher/jars/ant-launcher-1.8.4.jar:/home/jbondia/.gvm/grails/2.4.2/lib/org.apache.ant/ant-trax/jars/ant-trax-1.7.1.jar:/home/jbondia/.gvm/grails/2.4.2/lib/org.apache.ant/ant-junit/jars/ant-junit-1.8.4.jar:/home/jbondia/.gvm/grails/2.4.2/lib/org.apache.ivy/ivy/jars/ivy-2.3.0.jar:/home/jbondia/.gvm/grails/2.4.2/lib/org.fusesource.jansi/jansi/jars/jansi-1.11.jar:/root/.m2/repository/org/apache/tomcat/embed/tomcat-embed-el/7.0.53/tomcat-embed-el-7.0.53.jar:/root/.m2/repository/org/apache/tomcat/embed/tomcat-embed-websocket/7.0.53/tomcat-embed-websocket-7.0.53.jar:/root/.m2/repository/org/eclipse/jdt/core/compiler/ecj/3.7.2/ecj-3.7.2.jar:/root/.m2/repository/org/apache/tomcat/tomcat-catalina-ant/7.0.53/tomcat-catalina-ant-7.0.53.jar:/home/jbondia/Diputació-AST/idea_workspace/ocelot/ocelot-bpm-project/Blank_app/target/work/plugins/tomcat-7.0.54/grails-plugin-tomcat-7.0.54.jar:/root/.m2/repository/org/apache/tomcat/embed/tomcat-embed-jasper/7.0.53/tomcat-embed-jasper-7.0.53.jar:/root/.m2/repository/org/apache/tomcat/embed/tomc
Launcher Type: SUN_STANDARD

Environment Variables:
JAVA_HOME=/usr/lib/jvm/java-8-oracle
CLASSPATH=./../lib/bootstrap.jar:./../lib/extensions.jar:./../lib/util.jar:./../lib/jdom.jar:./../lib/log4j.jar:./../lib/trove4j.jar:./../lib/jna.jar:/usr/lib/jvm/java-8-oracle/lib/tools.jar
PATH=/usr/local/sbin:/usr/local/bin:/usr/sbin:/usr/bin:/sbin:/bin
USERNAME=root
LD_LIBRARY_PATH=.:
SHELL=/bin/bash
DISPLAY=:0

Signal Handlers:
SIGSEGV: [libjvm.so+0xa2fc90], sa_mask[0]=0x7ffbfeff, sa_flags=0x10000004
SIGBUS: [libjvm.so+0xa2fc90], sa_mask[0]=0x7ffbfeff, sa_flags=0x10000004
SIGFPE: [libjvm.so+0x89b4b0], sa_mask[0]=0x7ffbfeff, sa_flags=0x10000004
SIGPIPE: [libjvm.so+0x89b4b0], sa_mask[0]=0x7ffbfeff, sa_flags=0x10000004
SIGXFSZ: [libjvm.so+0x89b4b0], sa_mask[0]=0x7ffbfeff, sa_flags=0x10000004
SIGILL: [libjvm.so+0x89b4b0], sa_mask[0]=0x7ffbfeff, sa_flags=0x10000004
SIGUSR1: SIG_DFL, sa_mask[0]=0x00000000, sa_flags=0x00000000
SIGUSR2: [libjvm.so+0x89cc50], sa_mask[0]=0x00000004, sa_flags=0x10000004
SIGHUP: [libjvm.so+0x89df00], sa_mask[0]=0x7ffbfeff, sa_flags=0x10000004
SIGINT: [libjvm.so+0x89df00], sa_mask[0]=0x7ffbfeff, sa_flags=0x10000004
SIGTERM: [libjvm.so+0x89df00], sa_mask[0]=0x7ffbfeff, sa_flags=0x10000004
SIGQUIT: [libjvm.so+0x89df00], sa_mask[0]=0x7ffbfeff, sa_flags=0x10000004


---------------  S Y S T E M  ---------------

OS:DISTRIB_ID=Ubuntu
DISTRIB_RELEASE=12.04
DISTRIB_CODENAME=precise
DISTRIB_DESCRIPTION="Ubuntu 12.04.4 LTS"

uname:Linux 3.2.0-65-generic #99-Ubuntu SMP Fri Jul 4 21:03:29 UTC 2014 x86_64
libc:glibc 2.15 NPTL 2.15 
rlimit: STACK 8192k, CORE 0k, NPROC 30326, NOFILE 4096, AS infinity
load average:2.84 2.22 2.74

/proc/meminfo:
MemTotal:        3899392 kB
MemFree:          240572 kB
Buffers:           16908 kB
Cached:           461520 kB
SwapCached:       218996 kB
Active:          2401968 kB
Inactive:        1040076 kB
Active(anon):    2264640 kB
Inactive(anon):   858272 kB
Active(file):     137328 kB
Inactive(file):   181804 kB
Unevictable:          16 kB
Mlocked:              16 kB
SwapTotal:       1951740 kB
SwapFree:        1042376 kB
Dirty:               808 kB
Writeback:             4 kB
AnonPages:       2880388 kB
Mapped:           105980 kB
Shmem:            159260 kB
Slab:              85172 kB
SReclaimable:      45216 kB
SUnreclaim:        39956 kB
KernelStack:        6248 kB
PageTables:        50948 kB
NFS_Unstable:          0 kB
Bounce:                0 kB
WritebackTmp:          0 kB
CommitLimit:     3901436 kB
Committed_AS:    8264484 kB
VmallocTotal:   34359738367 kB
VmallocUsed:      600572 kB
VmallocChunk:   34359132636 kB
HardwareCorrupted:     0 kB
AnonHugePages:         0 kB
HugePages_Total:       0
HugePages_Free:        0
HugePages_Rsvd:        0
HugePages_Surp:        0
Hugepagesize:       2048 kB
DirectMap4k:       59392 kB
DirectMap2M:     3985408 kB


CPU:total 4 (2 cores per cpu, 2 threads per core) family 6 model 42 stepping 7, cmov, cx8, fxsr, mmx, sse, sse2, sse3, ssse3, sse4.1, sse4.2, popcnt, avx, clmul, ht, tsc, tscinvbit

/proc/cpuinfo:
processor	: 0
vendor_id	: GenuineIntel
cpu family	: 6
model		: 42
model name	: Intel(R) Core(TM) i5-2410M CPU @ 2.30GHz
stepping	: 7
microcode	: 0x14
cpu MHz		: 1400.000
cache size	: 3072 KB
physical id	: 0
siblings	: 4
core id		: 0
cpu cores	: 2
apicid		: 0
initial apicid	: 0
fpu		: yes
fpu_exception	: yes
cpuid level	: 13
wp		: yes
flags		: fpu vme de pse tsc msr pae mce cx8 apic sep mtrr pge mca cmov pat pse36 clflush dts acpi mmx fxsr sse sse2 ss ht tm pbe syscall nx rdtscp lm constant_tsc arch_perfmon pebs bts rep_good nopl xtopology nonstop_tsc aperfmperf pni pclmulqdq dtes64 monitor ds_cpl vmx est tm2 ssse3 cx16 xtpr pdcm pcid sse4_1 sse4_2 x2apic popcnt tsc_deadline_timer xsave avx lahf_lm ida arat epb xsaveopt pln pts dtherm tpr_shadow vnmi flexpriority ept vpid
bogomips	: 4589.71
clflush size	: 64
cache_alignment	: 64
address sizes	: 36 bits physical, 48 bits virtual
power management:

processor	: 1
vendor_id	: GenuineIntel
cpu family	: 6
model		: 42
model name	: Intel(R) Core(TM) i5-2410M CPU @ 2.30GHz
stepping	: 7
microcode	: 0x14
cpu MHz		: 1400.000
cache size	: 3072 KB
physical id	: 0
siblings	: 4
core id		: 0
cpu cores	: 2
apicid		: 1
initial apicid	: 1
fpu		: yes
fpu_exception	: yes
cpuid level	: 13
wp		: yes
flags		: fpu vme de pse tsc msr pae mce cx8 apic sep mtrr pge mca cmov pat pse36 clflush dts acpi mmx fxsr sse sse2 ss ht tm pbe syscall nx rdtscp lm constant_tsc arch_perfmon pebs bts rep_good nopl xtopology nonstop_tsc aperfmperf pni pclmulqdq dtes64 monitor ds_cpl vmx est tm2 ssse3 cx16 xtpr pdcm pcid sse4_1 sse4_2 x2apic popcnt tsc_deadline_timer xsave avx lahf_lm ida arat epb xsaveopt pln pts dtherm tpr_shadow vnmi flexpriority ept vpid
bogomips	: 4589.36
clflush size	: 64
cache_alignment	: 64
address sizes	: 36 bits physical, 48 bits virtual
power management:

processor	: 2
vendor_id	: GenuineIntel
cpu family	: 6
model		: 42
model name	: Intel(R) Core(TM) i5-2410M CPU @ 2.30GHz
stepping	: 7
microcode	: 0x14
cpu MHz		: 1400.000
cache size	: 3072 KB
physical id	: 0
siblings	: 4
core id		: 1
cpu cores	: 2
apicid		: 2
initial apicid	: 2
fpu		: yes
fpu_exception	: yes
cpuid level	: 13
wp		: yes
flags		: fpu vme de pse tsc msr pae mce cx8 apic sep mtrr pge mca cmov pat pse36 clflush dts acpi mmx fxsr sse sse2 ss ht tm pbe syscall nx rdtscp lm constant_tsc arch_perfmon pebs bts rep_good nopl xtopology nonstop_tsc aperfmperf pni pclmulqdq dtes64 monitor ds_cpl vmx est tm2 ssse3 cx16 xtpr pdcm pcid sse4_1 sse4_2 x2apic popcnt tsc_deadline_timer xsave avx lahf_lm ida arat epb xsaveopt pln pts dtherm tpr_shadow vnmi flexpriority ept vpid
bogomips	: 4589.37
clflush size	: 64
cache_alignment	: 64
address sizes	: 36 bits physical, 48 bits virtual
power management:

processor	: 3
vendor_id	: GenuineIntel
cpu family	: 6
model		: 42
model name	: Intel(R) Core(TM) i5-2410M CPU @ 2.30GHz
stepping	: 7
microcode	: 0x14
cpu MHz		: 1400.000
cache size	: 3072 KB
physical id	: 0
siblings	: 4
core id		: 1
cpu cores	: 2
apicid		: 3
initial apicid	: 3
fpu		: yes
fpu_exception	: yes
cpuid level	: 13
wp		: yes
flags		: fpu vme de pse tsc msr pae mce cx8 apic sep mtrr pge mca cmov pat pse36 clflush dts acpi mmx fxsr sse sse2 ss ht tm pbe syscall nx rdtscp lm constant_tsc arch_perfmon pebs bts rep_good nopl xtopology nonstop_tsc aperfmperf pni pclmulqdq dtes64 monitor ds_cpl vmx est tm2 ssse3 cx16 xtpr pdcm pcid sse4_1 sse4_2 x2apic popcnt tsc_deadline_timer xsave avx lahf_lm ida arat epb xsaveopt pln pts dtherm tpr_shadow vnmi flexpriority ept vpid
bogomips	: 4589.37
clflush size	: 64
cache_alignment	: 64
address sizes	: 36 bits physical, 48 bits virtual
power management:



Memory: 4k page, physical 3899392k(240572k free), swap 1951740k(1042376k free)

vm_info: Java HotSpot(TM) 64-Bit Server VM (25.5-b02) for linux-amd64 JRE (1.8.0_05-b13), built on Mar 18 2014 00:29:27 by "java_re" with gcc 4.3.0 20080428 (Red Hat 4.3.0-8)

time: Wed Jul  9 12:19:22 2014
elapsed time: 29 seconds

