#
# A fatal error has been detected by the Java Runtime Environment:
#
#  SIGSEGV (0xb) at pc=0x00007fd7c679bb2c, pid=7867, tid=140564376286976
#
# JRE version: Java(TM) SE Runtime Environment (8.0_05-b13) (build 1.8.0_05-b13)
# Java VM: Java HotSpot(TM) 64-Bit Server VM (25.5-b02 mixed mode linux-amd64 compressed oops)
# Problematic frame:
# V  [libjvm.so+0x304b2c]  OopFlow::build_oop_map(Node*, int, PhaseRegAlloc*, int*)+0x14c
#
# Failed to write core dump. Core dumps have been disabled. To enable core dumping, try "ulimit -c unlimited" before starting Java again
#
# If you would like to submit a bug report, please visit:
#   http://bugreport.sun.com/bugreport/crash.jsp
#

---------------  T H R E A D  ---------------

Current thread (0x00007fd7ac231800):  JavaThread "C2 CompilerThread0" daemon [_thread_in_native, id=7879, stack(0x00007fd7b1a77000,0x00007fd7b1b78000)]

siginfo:si_signo=SIGSEGV: si_errno=0, si_code=1 (SEGV_MAPERR), si_addr=0x0000000000000000

Registers:
RAX=0x000000000298d9e8, RBX=0x0000000000000000, RCX=0x0000000000000008, RDX=0x000000000298e0c0
RSP=0x00007fd7b1b735e0, RBP=0x00007fd7b1b73660, RSI=0x00000000000000db, RDI=0x000000000298e0f0
R8 =0x00007fd7a411a3b0, R9 =0x0000000000000013, R10=0x0000000000000000, R11=0x0000000000000000
R12=0x00000000000000c0, R13=0x0000000000000180, R14=0x00000000000000b8, R15=0x000000000278b858
RIP=0x00007fd7c679bb2c, EFLAGS=0x0000000000010246, CSGSFS=0x0000000000000033, ERR=0x0000000000000004
  TRAPNO=0x000000000000000e

Top of Stack: (sp=0x00007fd7b1b735e0)
0x00007fd7b1b735e0:   00007fd7a4119a30 0000000000000400
0x00007fd7b1b735f0:   00007fd7a411a3b0 00007fd7b1b74e90
0x00007fd7b1b73600:   000000daa4115c40 000000000278b858
0x00007fd7b1b73610:   000000000298e0c0 0000001cc69a4a56
0x00007fd7b1b73620:   000000000298e0f0 00007fd7a4739850
0x00007fd7b1b73630:   00000008b1b73680 000000000278b858
0x00007fd7b1b73640:   000000000298e0c0 0000000000000012
0x00007fd7b1b73650:   0000000000000013 0000000000000013
0x00007fd7b1b73660:   00007fd7b1b736d0 00007fd7c679c10a
0x00007fd7b1b73670:   00007fd7b1b736d0 00007fd70000ffff
0x00007fd7b1b73680:   00007fd700000004 00007fd7a4115c40
0x00007fd7b1b73690:   000000dab1b736d0 00007fd7b1b74e90
0x00007fd7b1b736a0:   000000090278b2f0 0000000000000000
0x00007fd7b1b736b0:   00007fd7a4bd3278 0000000000000000
0x00007fd7b1b736c0:   000000000298ab50 00007fd7a4bd2c48
0x00007fd7b1b736d0:   00007fd7b1b73810 00007fd7c679d29d
0x00007fd7b1b736e0:   00007fd7b1b73720 0000000001fcb048
0x00007fd7b1b736f0:   00007fd7b1b737b0 0000000000000018
0x00007fd7b1b73700:   000000000000001c 000000070f000000
0x00007fd7b1b73710:   0000000100000004 00007fd7b1b737d8
0x00007fd7b1b73720:   00007fd7b1b737d0 00007fd7b1b737b0
0x00007fd7b1b73730:   00007fd7b1b737b0 00007fd7b1b737b0
0x00007fd7b1b73740:   00007fd7b1b75d00 0000000000000007
0x00007fd7b1b73750:   00007fd7b1b74fc0 00000007000000da
0x00007fd7b1b73760:   00007fd7a4115c40 00007fd7ac2388b0
0x00007fd7b1b73770:   00000000000000da ffffffffa4112710
0x00007fd7b1b73780:   00007fd7a4bd2af8 000000000278b2f0
0x00007fd7b1b73790:   00007fd7a4115d70 0000000000000020
0x00007fd7b1b737a0:   ffffffffffffffdf 00007fd7b1b74e90
0x00007fd7b1b737b0:   00007fd700000080 00007fd7ac2388b0
0x00007fd7b1b737c0:   00007fd7a4118310 00007fd700000004
0x00007fd7b1b737d0:   0000000000000014 0000000000000000 

Instructions: (pc=0x00007fd7c679bb2c)
0x00007fd7c679bb0c:   44 39 e2 0f 8e bb 00 00 00 48 8b 05 fc 90 ba 00
0x00007fd7c679bb1c:   4e 8b 34 a8 48 8b 55 b0 48 8b 42 08 4a 8b 1c a8
0x00007fd7c679bb2c:   48 8b 03 48 89 df ff 50 28 8b 48 10 48 89 c6 48
0x00007fd7c679bb3c:   8b 15 de a9 ba 00 48 63 c1 48 8d 44 00 01 48 c1 

Register to memory mapping:

RAX=0x000000000298d9e8 is an unknown value
RBX=0x0000000000000000 is an unknown value
RCX=0x0000000000000008 is an unknown value
RDX=0x000000000298e0c0 is an unknown value
RSP=0x00007fd7b1b735e0 is pointing into the stack for thread: 0x00007fd7ac231800
RBP=0x00007fd7b1b73660 is pointing into the stack for thread: 0x00007fd7ac231800
RSI=0x00000000000000db is an unknown value
RDI=0x000000000298e0f0 is an unknown value
R8 =0x00007fd7a411a3b0 is an unknown value
R9 =0x0000000000000013 is an unknown value
R10=0x0000000000000000 is an unknown value
R11=0x0000000000000000 is an unknown value
R12=0x00000000000000c0 is an unknown value
R13=0x0000000000000180 is an unknown value
R14=0x00000000000000b8 is an unknown value
R15=0x000000000278b858 is an unknown value


Stack: [0x00007fd7b1a77000,0x00007fd7b1b78000],  sp=0x00007fd7b1b735e0,  free space=1009k
Native frames: (J=compiled Java code, j=interpreted, Vv=VM code, C=native code)
V  [libjvm.so+0x304b2c]  OopFlow::build_oop_map(Node*, int, PhaseRegAlloc*, int*)+0x14c
V  [libjvm.so+0x30510a]  OopFlow::compute_reach(PhaseRegAlloc*, int, Dict*)+0x22a
V  [libjvm.so+0x30629d]  Compile::BuildOopMaps()+0xffd
V  [libjvm.so+0x8b4b8d]  Compile::Output()+0x6dd
V  [libjvm.so+0x45e05a]  Compile::Code_Gen()+0x30a
V  [libjvm.so+0x4612c5]  Compile::Compile(ciEnv*, C2Compiler*, ciMethod*, int, bool, bool, bool)+0x1435
V  [libjvm.so+0x3b5008]  C2Compiler::compile_method(ciEnv*, ciMethod*, int)+0x198
V  [libjvm.so+0x46982a]  CompileBroker::invoke_compiler_on_method(CompileTask*)+0xc8a
V  [libjvm.so+0x46c230]  CompileBroker::compiler_thread_loop()+0x620
V  [libjvm.so+0x9e303f]  JavaThread::thread_main_inner()+0xdf
V  [libjvm.so+0x9e3205]  JavaThread::run()+0x1b5
V  [libjvm.so+0x8a00c8]  java_start(Thread*)+0x108


Current CompileTask:
C2:  11779 5687       4       groovy.lang.MetaClassImpl::findPropertyMethod (356 bytes)


---------------  P R O C E S S  ---------------

Java Threads: ( => current thread )
  0x00007fd7acc75000 JavaThread "net.sf.ehcache.CacheManager@6ac00779" daemon [_thread_blocked, id=7905, stack(0x00007fd7a1bd3000,0x00007fd7a1cd4000)]
  0x00007fd7a8a57800 JavaThread "PoolCleaner[1638282709:1404989722309]" daemon [_thread_blocked, id=7904, stack(0x00007fd7a22d4000,0x00007fd7a23d5000)]
  0x00007fd7a845f000 JavaThread "FileSystemWatcher: files=#158 cl=groovy.lang.GroovyClassLoader@61a635d5" daemon [_thread_blocked, id=7902, stack(0x00007fd7a33d5000,0x00007fd7a34d6000)]
  0x00007fd7a8417800 JavaThread "Thread-4" daemon [_thread_in_native, id=7901, stack(0x00007fd7a34d6000,0x00007fd7a35d7000)]
  0x0000000002c8c000 JavaThread "localhost-startStop-1" daemon [_thread_in_Java, id=7900, stack(0x00007fd7a37d7000,0x00007fd7a38d8000)]
  0x00007fd7acb02000 JavaThread "Tomcat-startStop-1" daemon [_thread_blocked, id=7899, stack(0x00007fd7a38d8000,0x00007fd7a39d9000)]
  0x00007fd7acab9000 JavaThread "Thread-3" [_thread_in_native, id=7898, stack(0x00007fd7b0264000,0x00007fd7b0365000)]
  0x00007fd7ac773000 JavaThread "Thread-2" [_thread_blocked, id=7897, stack(0x00007fd7b07ff000,0x00007fd7b0900000)]
  0x00007fd7ac4fe000 JavaThread "NonBlockingInputStreamThread" daemon [_thread_blocked, id=7891, stack(0x00007fd7b0f00000,0x00007fd7b1001000)]
  0x00007fd7ac4ce800 JavaThread "process reaper" daemon [_thread_blocked, id=7885, stack(0x00007fd7b1635000,0x00007fd7b166e000)]
  0x00007fd7ac25e000 JavaThread "Service Thread" daemon [_thread_blocked, id=7882, stack(0x00007fd7b1774000,0x00007fd7b1875000)]
  0x00007fd7ac243800 JavaThread "C1 CompilerThread2" daemon [_thread_blocked, id=7881, stack(0x00007fd7b1875000,0x00007fd7b1976000)]
  0x00007fd7ac241800 JavaThread "C2 CompilerThread1" daemon [_thread_in_native, id=7880, stack(0x00007fd7b1976000,0x00007fd7b1a77000)]
=>0x00007fd7ac231800 JavaThread "C2 CompilerThread0" daemon [_thread_in_native, id=7879, stack(0x00007fd7b1a77000,0x00007fd7b1b78000)]
  0x00007fd7ac14d800 JavaThread "Signal Dispatcher" daemon [_thread_blocked, id=7878, stack(0x00007fd7b1c80000,0x00007fd7b1d81000)]
  0x00007fd7ac11e000 JavaThread "Finalizer" daemon [_thread_blocked, id=7877, stack(0x00007fd7b1ef8000,0x00007fd7b1ff9000)]
  0x00007fd7ac11a000 JavaThread "Reference Handler" daemon [_thread_blocked, id=7876, stack(0x00007fd7b1ff9000,0x00007fd7b20fa000)]
  0x0000000001d72800 JavaThread "main" [_thread_blocked, id=7870, stack(0x00007fd7c7e82000,0x00007fd7c7f83000)]

Other Threads:
  0x00007fd7ac115000 VMThread [stack: 0x00007fd7b20fa000,0x00007fd7b21fb000] [id=7875]
  0x00007fd7ac260800 WatcherThread [stack: 0x00007fd7b1673000,0x00007fd7b1774000] [id=7883]

VM state:not at safepoint (normal execution)

VM Mutex/Monitor currently owned by a thread: None

Heap:
 PSYoungGen      total 232960K, used 123609K [0x00000000f0000000, 0x0000000100000000, 0x0000000100000000)
  eden space 203776K, 50% used [0x00000000f0000000,0x00000000f65676d8,0x00000000fc700000)
  from space 29184K, 67% used [0x00000000fc700000,0x00000000fda4eec0,0x00000000fe380000)
  to   space 29184K, 0% used [0x00000000fe380000,0x00000000fe380000,0x0000000100000000)
 ParOldGen       total 92160K, used 76088K [0x00000000d0000000, 0x00000000d5a00000, 0x00000000f0000000)
  object space 92160K, 82% used [0x00000000d0000000,0x00000000d4a4e268,0x00000000d5a00000)
 Metaspace       used 62442K, capacity 63916K, committed 64128K, reserved 1105920K
  class space    used 7091K, capacity 7548K, committed 7552K, reserved 1048576K

Card table byte_map: [0x00007fd7b5a34000,0x00007fd7b5bb5000] byte_map_base: 0x00007fd7b53b4000

Marking Bits: (ParMarkBitMap*) 0x00007fd7c738fcc0
 Begin Bits: [0x00007fd7b3d30000, 0x00007fd7b4930000)
 End Bits:   [0x00007fd7b4930000, 0x00007fd7b5530000)

Polling page: 0x00007fd7c7f98000

CodeCache: size=245760Kb used=18098Kb max_used=18337Kb free=227661Kb
 bounds [0x00007fd7b5f75000, 0x00007fd7b7185000, 0x00007fd7c4f75000]
 total_blobs=6075 nmethods=5324 adapters=662
 compilation: enabled

Compilation events (10 events):
Event: 11,756 Thread 0x00007fd7ac231800 nmethod 5637 0x00007fd7b7167050 code [0x00007fd7b71679a0, 0x00007fd7b716dfc0]
Event: 11,756 Thread 0x00007fd7ac231800 5705       4       org.codehaus.groovy.runtime.metaclass.MetaMethodIndex::isMatchingMethod (68 bytes)
Event: 11,757 Thread 0x00007fd7ac231800 nmethod 5705 0x00007fd7b67ba710 code [0x00007fd7b67ba860, 0x00007fd7b67ba9b8]
Event: 11,757 Thread 0x00007fd7ac231800 5687       4       groovy.lang.MetaClassImpl::findPropertyMethod (356 bytes)
Event: 11,759 Thread 0x00007fd7ac243800 5767       2       org.springsource.loaded.Utils::toClass (124 bytes)
Event: 11,759 Thread 0x00007fd7ac243800 nmethod 5767 0x00007fd7b69482d0 code [0x00007fd7b69484a0, 0x00007fd7b6948848]
Event: 11,759 Thread 0x00007fd7ac243800 5768       2       sun.reflect.generics.tree.VoidDescriptor::accept (8 bytes)
Event: 11,759 Thread 0x00007fd7ac243800 nmethod 5768 0x00007fd7b67ba250 code [0x00007fd7b67ba3c0, 0x00007fd7b67ba5b0]
Event: 11,759 Thread 0x00007fd7ac243800 5769       2       sun.reflect.generics.visitor.Reifier::visitVoidDescriptor (14 bytes)
Event: 11,760 Thread 0x00007fd7ac243800 nmethod 5769 0x00007fd7b6947e50 code [0x00007fd7b6947fa0, 0x00007fd7b6948150]

GC Heap History (10 events):
Event: 9,435 GC heap before
{Heap before GC invocations=61 (full 5):
 PSYoungGen      total 237056K, used 223405K [0x00000000f0000000, 0x00000000ffe80000, 0x0000000100000000)
  eden space 215040K, 100% used [0x00000000f0000000,0x00000000fd200000,0x00000000fd200000)
  from space 22016K, 37% used [0x00000000fd200000,0x00000000fda2b4f0,0x00000000fe780000)
  to   space 20992K, 0% used [0x00000000fea00000,0x00000000fea00000,0x00000000ffe80000)
 ParOldGen       total 76288K, used 61625K [0x00000000d0000000, 0x00000000d4a80000, 0x00000000f0000000)
  object space 76288K, 80% used [0x00000000d0000000,0x00000000d3c2e708,0x00000000d4a80000)
 Metaspace       used 55421K, capacity 56742K, committed 56960K, reserved 1099776K
  class space    used 6335K, capacity 6728K, committed 6784K, reserved 1048576K
Event: 9,446 GC heap after
Heap after GC invocations=61 (full 5):
 PSYoungGen      total 239616K, used 11570K [0x00000000f0000000, 0x00000000fff00000, 0x0000000100000000)
  eden space 218624K, 0% used [0x00000000f0000000,0x00000000f0000000,0x00000000fd580000)
  from space 20992K, 55% used [0x00000000fea00000,0x00000000ff54ca18,0x00000000ffe80000)
  to   space 20992K, 0% used [0x00000000fd580000,0x00000000fd580000,0x00000000fea00000)
 ParOldGen       total 76288K, used 61633K [0x00000000d0000000, 0x00000000d4a80000, 0x00000000f0000000)
  object space 76288K, 80% used [0x00000000d0000000,0x00000000d3c30708,0x00000000d4a80000)
 Metaspace       used 55421K, capacity 56742K, committed 56960K, reserved 1099776K
  class space    used 6335K, capacity 6728K, committed 6784K, reserved 1048576K
}
Event: 9,964 GC heap before
{Heap before GC invocations=62 (full 5):
 PSYoungGen      total 239616K, used 230194K [0x00000000f0000000, 0x00000000fff00000, 0x0000000100000000)
  eden space 218624K, 100% used [0x00000000f0000000,0x00000000fd580000,0x00000000fd580000)
  from space 20992K, 55% used [0x00000000fea00000,0x00000000ff54ca18,0x00000000ffe80000)
  to   space 20992K, 0% used [0x00000000fd580000,0x00000000fd580000,0x00000000fea00000)
 ParOldGen       total 76288K, used 61633K [0x00000000d0000000, 0x00000000d4a80000, 0x00000000f0000000)
  object space 76288K, 80% used [0x00000000d0000000,0x00000000d3c30708,0x00000000d4a80000)
 Metaspace       used 57462K, capacity 58778K, committed 59008K, reserved 1101824K
  class space    used 6569K, capacity 6968K, committed 7040K, reserved 1048576K
Event: 9,985 GC heap after
Heap after GC invocations=62 (full 5):
 PSYoungGen      total 237056K, used 18029K [0x00000000f0000000, 0x0000000100000000, 0x0000000100000000)
  eden space 218624K, 0% used [0x00000000f0000000,0x00000000f0000000,0x00000000fd580000)
  from space 18432K, 97% used [0x00000000fd580000,0x00000000fe71b6b8,0x00000000fe780000)
  to   space 23552K, 0% used [0x00000000fe900000,0x00000000fe900000,0x0000000100000000)
 ParOldGen       total 76288K, used 61641K [0x00000000d0000000, 0x00000000d4a80000, 0x00000000f0000000)
  object space 76288K, 80% used [0x00000000d0000000,0x00000000d3c32708,0x00000000d4a80000)
 Metaspace       used 57462K, capacity 58778K, committed 59008K, reserved 1101824K
  class space    used 6569K, capacity 6968K, committed 7040K, reserved 1048576K
}
Event: 10,613 GC heap before
{Heap before GC invocations=63 (full 5):
 PSYoungGen      total 237056K, used 236653K [0x00000000f0000000, 0x0000000100000000, 0x0000000100000000)
  eden space 218624K, 100% used [0x00000000f0000000,0x00000000fd580000,0x00000000fd580000)
  from space 18432K, 97% used [0x00000000fd580000,0x00000000fe71b6b8,0x00000000fe780000)
  to   space 23552K, 0% used [0x00000000fe900000,0x00000000fe900000,0x0000000100000000)
 ParOldGen       total 76288K, used 61641K [0x00000000d0000000, 0x00000000d4a80000, 0x00000000f0000000)
  object space 76288K, 80% used [0x00000000d0000000,0x00000000d3c32708,0x00000000d4a80000)
 Metaspace       used 59333K, capacity 60698K, committed 61056K, reserved 1103872K
  class space    used 6734K, capacity 7201K, committed 7296K, reserved 1048576K
Event: 10,636 GC heap after
Heap after GC invocations=63 (full 5):
 PSYoungGen      total 227328K, used 23536K [0x00000000f0000000, 0x0000000100000000, 0x0000000100000000)
  eden space 203776K, 0% used [0x00000000f0000000,0x00000000f0000000,0x00000000fc700000)
  from space 23552K, 99% used [0x00000000fe900000,0x00000000ffffc0d8,0x0000000100000000)
  to   space 29184K, 0% used [0x00000000fc700000,0x00000000fc700000,0x00000000fe380000)
 ParOldGen       total 76288K, used 65703K [0x00000000d0000000, 0x00000000d4a80000, 0x00000000f0000000)
  object space 76288K, 86% used [0x00000000d0000000,0x00000000d4029e20,0x00000000d4a80000)
 Metaspace       used 59333K, capacity 60698K, committed 61056K, reserved 1103872K
  class space    used 6734K, capacity 7201K, committed 7296K, reserved 1048576K
}
Event: 11,062 GC heap before
{Heap before GC invocations=64 (full 5):
 PSYoungGen      total 227328K, used 227312K [0x00000000f0000000, 0x0000000100000000, 0x0000000100000000)
  eden space 203776K, 100% used [0x00000000f0000000,0x00000000fc700000,0x00000000fc700000)
  from space 23552K, 99% used [0x00000000fe900000,0x00000000ffffc0d8,0x0000000100000000)
  to   space 29184K, 0% used [0x00000000fc700000,0x00000000fc700000,0x00000000fe380000)
 ParOldGen       total 76288K, used 65703K [0x00000000d0000000, 0x00000000d4a80000, 0x00000000f0000000)
  object space 76288K, 86% used [0x00000000d0000000,0x00000000d4029e20,0x00000000d4a80000)
 Metaspace       used 61179K, capacity 62594K, committed 62848K, reserved 1103872K
  class space    used 7005K, capacity 7451K, committed 7552K, reserved 1048576K
Event: 11,090 GC heap after
Heap after GC invocations=64 (full 5):
 PSYoungGen      total 232960K, used 29170K [0x00000000f0000000, 0x0000000100000000, 0x0000000100000000)
  eden space 203776K, 0% used [0x00000000f0000000,0x00000000f0000000,0x00000000fc700000)
  from space 29184K, 99% used [0x00000000fc700000,0x00000000fe37c8c0,0x00000000fe380000)
  to   space 29184K, 0% used [0x00000000fe380000,0x00000000fe380000,0x0000000100000000)
 ParOldGen       total 76288K, used 69806K [0x00000000d0000000, 0x00000000d4a80000, 0x00000000f0000000)
  object space 76288K, 91% used [0x00000000d0000000,0x00000000d442b928,0x00000000d4a80000)
 Metaspace       used 61179K, capacity 62594K, committed 62848K, reserved 1103872K
  class space    used 7005K, capacity 7451K, committed 7552K, reserved 1048576K
}
Event: 11,090 GC heap before
{Heap before GC invocations=65 (full 6):
 PSYoungGen      total 232960K, used 29170K [0x00000000f0000000, 0x0000000100000000, 0x0000000100000000)
  eden space 203776K, 0% used [0x00000000f0000000,0x00000000f0000000,0x00000000fc700000)
  from space 29184K, 99% used [0x00000000fc700000,0x00000000fe37c8c0,0x00000000fe380000)
  to   space 29184K, 0% used [0x00000000fe380000,0x00000000fe380000,0x0000000100000000)
 ParOldGen       total 76288K, used 69806K [0x00000000d0000000, 0x00000000d4a80000, 0x00000000f0000000)
  object space 76288K, 91% used [0x00000000d0000000,0x00000000d442b928,0x00000000d4a80000)
 Metaspace       used 61179K, capacity 62594K, committed 62848K, reserved 1103872K
  class space    used 7005K, capacity 7451K, committed 7552K, reserved 1048576K
Event: 11,557 GC heap after
Heap after GC invocations=65 (full 6):
 PSYoungGen      total 232960K, used 19771K [0x00000000f0000000, 0x0000000100000000, 0x0000000100000000)
  eden space 203776K, 0% used [0x00000000f0000000,0x00000000f0000000,0x00000000fc700000)
  from space 29184K, 67% used [0x00000000fc700000,0x00000000fda4eec0,0x00000000fe380000)
  to   space 29184K, 0% used [0x00000000fe380000,0x00000000fe380000,0x0000000100000000)
 ParOldGen       total 92160K, used 76088K [0x00000000d0000000, 0x00000000d5a00000, 0x00000000f0000000)
  object space 92160K, 82% used [0x00000000d0000000,0x00000000d4a4e268,0x00000000d5a00000)
 Metaspace       used 61179K, capacity 62594K, committed 62848K, reserved 1103872K
  class space    used 7005K, capacity 7451K, committed 7552K, reserved 1048576K
}

Deoptimization events (10 events):
Event: 9,800 Thread 0x0000000002c8c000 Uncommon trap: reason=bimorphic action=maybe_recompile pc=0x00007fd7b6c95160 method=groovy.lang.MetaClassImpl$1MOPIter.methodNameAction(Ljava/lang/Class;Lorg/codehaus/groovy/runtime/metaclass/MetaMethodIndex$Entry;)V @ 268
Event: 9,800 Thread 0x0000000002c8c000 Uncommon trap: reason=bimorphic action=maybe_recompile pc=0x00007fd7b6c95160 method=groovy.lang.MetaClassImpl$1MOPIter.methodNameAction(Ljava/lang/Class;Lorg/codehaus/groovy/runtime/metaclass/MetaMethodIndex$Entry;)V @ 268
Event: 9,800 Thread 0x0000000002c8c000 Uncommon trap: reason=bimorphic action=maybe_recompile pc=0x00007fd7b6c95160 method=groovy.lang.MetaClassImpl$1MOPIter.methodNameAction(Ljava/lang/Class;Lorg/codehaus/groovy/runtime/metaclass/MetaMethodIndex$Entry;)V @ 268
Event: 10,687 Thread 0x0000000002c8c000 Uncommon trap: reason=unloaded action=reinterpret pc=0x00007fd7b7009d7c method=org.springframework.core.BridgeMethodResolver.findBridgedMethod(Ljava/lang/reflect/Method;)Ljava/lang/reflect/Method; @ 13
Event: 10,698 Thread 0x0000000002c8c000 Uncommon trap: reason=array_check action=maybe_recompile pc=0x00007fd7b70cebb8 method=java.util.AbstractCollection.toArray([Ljava/lang/Object;)[Ljava/lang/Object; @ 119
Event: 10,698 Thread 0x0000000002c8c000 Uncommon trap: reason=array_check action=maybe_recompile pc=0x00007fd7b70cebb8 method=java.util.AbstractCollection.toArray([Ljava/lang/Object;)[Ljava/lang/Object; @ 119
Event: 10,698 Thread 0x0000000002c8c000 Uncommon trap: reason=array_check action=maybe_recompile pc=0x00007fd7b70cebb8 method=java.util.AbstractCollection.toArray([Ljava/lang/Object;)[Ljava/lang/Object; @ 119
Event: 10,698 Thread 0x0000000002c8c000 Uncommon trap: reason=array_check action=maybe_recompile pc=0x00007fd7b70cebb8 method=java.util.AbstractCollection.toArray([Ljava/lang/Object;)[Ljava/lang/Object; @ 119
Event: 11,060 Thread 0x0000000002c8c000 Uncommon trap: reason=unreached action=reinterpret pc=0x00007fd7b70981a8 method=org.springframework.beans.factory.support.AbstractAutowireCapableBeanFactory.predictBeanType(Ljava/lang/String;Lorg/springframework/beans/factory/support/RootBeanDefinition;[L
Event: 11,565 Thread 0x0000000002c8c000 Uncommon trap: reason=unreached action=reinterpret pc=0x00007fd7b6cbd798 method=org.codehaus.groovy.runtime.metaclass.MetaMethodIndex.isNonRealMethod(Lgroovy/lang/MetaMethod;)Z @ 4

Internal exceptions (10 events):
Event: 11,773 Thread 0x0000000002c8c000 Exception <a 'java/security/PrivilegedActionException'> (0x00000000f6373030) thrown at [/HUDSON/workspace/8-2-build-linux-amd64/jdk8u5/2488/hotspot/src/share/vm/prims/jvm.cpp, line 1248]
Event: 11,773 Thread 0x0000000002c8c000 Exception <a 'java/lang/ClassNotFoundException': org/grails/plugin/resource/URLUtilsBeanInfo> (0x00000000f6374bb8) thrown at [/HUDSON/workspace/8-2-build-linux-amd64/jdk8u5/2488/hotspot/src/share/vm/classfile/systemDictionary.cpp, line 202]
Event: 11,773 Thread 0x0000000002c8c000 Exception <a 'java/security/PrivilegedActionException'> (0x00000000f6376400) thrown at [/HUDSON/workspace/8-2-build-linux-amd64/jdk8u5/2488/hotspot/src/share/vm/prims/jvm.cpp, line 1248]
Event: 11,774 Thread 0x0000000002c8c000 Exception <a 'java/security/PrivilegedActionException'> (0x00000000f637a740) thrown at [/HUDSON/workspace/8-2-build-linux-amd64/jdk8u5/2488/hotspot/src/share/vm/prims/jvm.cpp, line 1248]
Event: 11,774 Thread 0x0000000002c8c000 Exception <a 'java/security/PrivilegedActionException'> (0x00000000f6389770) thrown at [/HUDSON/workspace/8-2-build-linux-amd64/jdk8u5/2488/hotspot/src/share/vm/prims/jvm.cpp, line 1248]
Event: 11,774 Thread 0x0000000002c8c000 Exception <a 'java/security/PrivilegedActionException'> (0x00000000f639bbd8) thrown at [/HUDSON/workspace/8-2-build-linux-amd64/jdk8u5/2488/hotspot/src/share/vm/prims/jvm.cpp, line 1248]
Event: 11,774 Thread 0x0000000002c8c000 Exception <a 'java/security/PrivilegedActionException'> (0x00000000f639ff18) thrown at [/HUDSON/workspace/8-2-build-linux-amd64/jdk8u5/2488/hotspot/src/share/vm/prims/jvm.cpp, line 1248]
Event: 11,774 Thread 0x0000000002c8c000 Exception <a 'java/security/PrivilegedActionException'> (0x00000000f63aef48) thrown at [/HUDSON/workspace/8-2-build-linux-amd64/jdk8u5/2488/hotspot/src/share/vm/prims/jvm.cpp, line 1248]
Event: 11,774 Thread 0x0000000002c8c000 Exception <a 'java/security/PrivilegedActionException'> (0x00000000f63cedf8) thrown at [/HUDSON/workspace/8-2-build-linux-amd64/jdk8u5/2488/hotspot/src/share/vm/prims/jvm.cpp, line 1248]
Event: 11,774 Thread 0x0000000002c8c000 Exception <a 'java/lang/ClassNotFoundException': org/grails/plugin/resource/URLUtilsCustomizer> (0x00000000f63d0988) thrown at [/HUDSON/workspace/8-2-build-linux-amd64/jdk8u5/2488/hotspot/src/share/vm/classfile/systemDictionary.cpp, line 202]

Events (10 events):
Event: 11,773 loading class org/grails/plugin/resource/URLUtilsBeanInfo
Event: 11,773 loading class org/grails/plugin/resource/URLUtilsBeanInfo done
Event: 11,773 loading class org/grails/plugin/resource/URLUtilsBeanInfo
Event: 11,773 loading class org/grails/plugin/resource/URLUtilsBeanInfo done
Event: 11,773 loading class org/grails/plugin/resource/URLUtilsCustomizer
Event: 11,773 loading class org/grails/plugin/resource/URLUtilsCustomizer done
Event: 11,774 loading class org/grails/plugin/resource/URLUtilsCustomizer
Event: 11,774 loading class org/grails/plugin/resource/URLUtilsCustomizer done
Event: 11,774 loading class org/grails/plugin/resource/URLUtilsCustomizer
Event: 11,774 loading class org/grails/plugin/resource/URLUtilsCustomizer done


Dynamic libraries:
00400000-00401000 r-xp 00000000 08:02 2228742                            /usr/lib/jvm/java-8-oracle/bin/java
00600000-00601000 rw-p 00000000 08:02 2228742                            /usr/lib/jvm/java-8-oracle/bin/java
01d64000-02eb0000 rw-p 00000000 00:00 0                                  [heap]
d0000000-d5a00000 rw-p 00000000 00:00 0 
d5a00000-f0000000 ---p 00000000 00:00 0 
f0000000-100000000 rw-p 00000000 00:00 0 
100000000-100760000 rw-p 00000000 00:00 0 
100760000-140000000 ---p 00000000 00:00 0 
7fd7a0ed2000-7fd7a1012000 rw-p 00000000 00:00 0 
7fd7a1012000-7fd7a10d2000 ---p 00000000 00:00 0 
7fd7a10d2000-7fd7a12d2000 rw-p 00000000 00:00 0 
7fd7a12d2000-7fd7a14d2000 rw-p 00000000 00:00 0 
7fd7a14d2000-7fd7a16d2000 rw-p 00000000 00:00 0 
7fd7a16d2000-7fd7a18d2000 rw-p 00000000 00:00 0 
7fd7a18d2000-7fd7a18d5000 ---p 00000000 00:00 0 
7fd7a18d5000-7fd7a1bd3000 rw-p 00000000 00:00 0 
7fd7a1bd3000-7fd7a1bd6000 ---p 00000000 00:00 0 
7fd7a1bd6000-7fd7a1ed4000 rw-p 00000000 00:00 0 
7fd7a1ed4000-7fd7a20d4000 rw-p 00000000 00:00 0 
7fd7a20d4000-7fd7a22d4000 rw-p 00000000 00:00 0 
7fd7a22d4000-7fd7a22d7000 ---p 00000000 00:00 0 
7fd7a22d7000-7fd7a25d5000 rw-p 00000000 00:00 0 
7fd7a25d5000-7fd7a27d5000 rw-p 00000000 00:00 0 
7fd7a27d5000-7fd7a29d5000 rw-p 00000000 00:00 0 
7fd7a29d5000-7fd7a2bd5000 rw-p 00000000 00:00 0 
7fd7a2bd5000-7fd7a2dd5000 rw-p 00000000 00:00 0 
7fd7a2dd5000-7fd7a2fd5000 rw-p 00000000 00:00 0 
7fd7a2fd5000-7fd7a31d5000 rw-p 00000000 00:00 0 
7fd7a31d5000-7fd7a33d5000 rw-p 00000000 00:00 0 
7fd7a33d5000-7fd7a33d8000 ---p 00000000 00:00 0 
7fd7a33d8000-7fd7a34d6000 rw-p 00000000 00:00 0 
7fd7a34d6000-7fd7a34d9000 ---p 00000000 00:00 0 
7fd7a34d9000-7fd7a37d7000 rw-p 00000000 00:00 0 
7fd7a37d7000-7fd7a37da000 ---p 00000000 00:00 0 
7fd7a37da000-7fd7a38d8000 rw-p 00000000 00:00 0 
7fd7a38d8000-7fd7a38db000 ---p 00000000 00:00 0 
7fd7a38db000-7fd7a39d9000 rw-p 00000000 00:00 0 
7fd7a39d9000-7fd7a39e9000 r-xp 00000000 08:02 2228502                    /usr/lib/jvm/java-8-oracle/jre/lib/amd64/libnio.so
7fd7a39e9000-7fd7a3be9000 ---p 00010000 08:02 2228502                    /usr/lib/jvm/java-8-oracle/jre/lib/amd64/libnio.so
7fd7a3be9000-7fd7a3bea000 rw-p 00010000 08:02 2228502                    /usr/lib/jvm/java-8-oracle/jre/lib/amd64/libnio.so
7fd7a3bea000-7fd7a3dea000 rw-p 00000000 00:00 0 
7fd7a3dea000-7fd7a3e00000 r-xp 00000000 08:02 2228479                    /usr/lib/jvm/java-8-oracle/jre/lib/amd64/libnet.so
7fd7a3e00000-7fd7a3fff000 ---p 00016000 08:02 2228479                    /usr/lib/jvm/java-8-oracle/jre/lib/amd64/libnet.so
7fd7a3fff000-7fd7a4000000 rw-p 00015000 08:02 2228479                    /usr/lib/jvm/java-8-oracle/jre/lib/amd64/libnet.so
7fd7a4000000-7fd7a57ba000 rw-p 00000000 00:00 0 
7fd7a57ba000-7fd7a8000000 ---p 00000000 00:00 0 
7fd7a8000000-7fd7a9a35000 rw-p 00000000 00:00 0 
7fd7a9a35000-7fd7ac000000 ---p 00000000 00:00 0 
7fd7ac000000-7fd7ad07e000 rw-p 00000000 00:00 0 
7fd7ad07e000-7fd7b0000000 ---p 00000000 00:00 0 
7fd7b0010000-7fd7b0016000 r--s 002f7000 08:02 2228554                    /usr/lib/jvm/java-8-oracle/jre/lib/charsets.jar
7fd7b0016000-7fd7b002c000 r--s 0016c000 08:02 2228449                    /usr/lib/jvm/java-8-oracle/jre/lib/ext/nashorn.jar
7fd7b002c000-7fd7b003f000 r--s 00345000 08:02 2228592                    /usr/lib/jvm/java-8-oracle/jre/lib/resources.jar
7fd7b003f000-7fd7b005b000 r--s 00393000 08:02 2228454                    /usr/lib/jvm/java-8-oracle/jre/lib/ext/cldrdata.jar
7fd7b005b000-7fd7b0063000 r-xp 00000000 08:02 2228513                    /usr/lib/jvm/java-8-oracle/jre/lib/amd64/libmanagement.so
7fd7b0063000-7fd7b0263000 ---p 00008000 08:02 2228513                    /usr/lib/jvm/java-8-oracle/jre/lib/amd64/libmanagement.so
7fd7b0263000-7fd7b0264000 rw-p 00008000 08:02 2228513                    /usr/lib/jvm/java-8-oracle/jre/lib/amd64/libmanagement.so
7fd7b0264000-7fd7b0267000 ---p 00000000 00:00 0 
7fd7b0267000-7fd7b0365000 rw-p 00000000 00:00 0 
7fd7b0365000-7fd7b0368000 r--s 00012000 08:02 32637081                   /home/luis/.gvm/grails/2.4.2/lib/javax.servlet/javax.servlet-api/jars/javax.servlet-api-3.0.1.jar
7fd7b0368000-7fd7b036d000 r--s 00040000 08:02 33687671                   /home/luis/.gvm/grails/2.4.2/dist/grails-project-api-2.4.2.jar
7fd7b036d000-7fd7b037e000 r--s 000d2000 08:02 33162674                   /home/luis/.m2/repository/org/liquibase/liquibase-core/2.0.5/liquibase-core-2.0.5.jar
7fd7b037e000-7fd7b0382000 r--s 0000c000 08:02 33162673                   /home/luis/.m2/repository/javax/validation/validation-api/1.1.0.Final/validation-api-1.1.0.Final.jar
7fd7b0382000-7fd7b0388000 r--s 0004c000 08:02 32637378                   /home/luis/.gvm/grails/2.4.2/lib/org.grails/grails-datastore-simple/jars/grails-datastore-simple-3.1.1.RELEASE.jar
7fd7b0388000-7fd7b0390000 r--s 00052000 08:02 33162618                   /home/luis/.m2/repository/org/springframework/spring-orm/4.0.5.RELEASE/spring-orm-4.0.5.RELEASE.jar
7fd7b0390000-7fd7b0392000 r--s 0000a000 08:02 33685665                   /home/luis/.m2/repository/org/grails/grails-datastore-gorm-plugin-support/3.1.1.RELEASE/grails-datastore-gorm-plugin-support-3.1.1.RELEASE.jar
7fd7b0392000-7fd7b0398000 r--s 00041000 08:02 33685664                   /home/luis/.m2/repository/org/grails/grails-datastore-gorm-hibernate-core/3.1.1.RELEASE/grails-datastore-gorm-hibernate-core-3.1.1.RELEASE.jar
7fd7b0398000-7fd7b039d000 r--s 00048000 08:02 33162669                   /home/luis/.m2/repository/dom4j/dom4j/1.6.1/dom4j-1.6.1.jar
7fd7b039d000-7fd7b039e000 r--s 00002000 08:02 33162635                   /home/luis/.m2/repository/org/jboss/logging/jboss-logging-annotations/1.2.0.Beta1/jboss-logging-annotations-1.2.0.Beta1.jar
7fd7b039e000-7fd7b03a1000 r--s 00010000 08:02 33162662                   /home/luis/.m2/repository/org/hibernate/common/hibernate-commons-annotations/4.0.4.Final/hibernate-commons-annotations-4.0.4.Final.jar
7fd7b03a1000-7fd7b03a9000 r--s 00062000 08:02 33685658                   /home/luis/.m2/repository/org/grails/grails-datastore-gorm-hibernate4/3.1.1.RELEASE/grails-datastore-gorm-hibernate4-3.1.1.RELEASE.jar
7fd7b03a9000-7fd7b03b2000 r--s 00081000 08:02 32637375                   /home/luis/.gvm/grails/2.4.2/lib/org.grails/grails-datastore-gorm/jars/grails-datastore-gorm-3.1.1.RELEASE.jar
7fd7b03b2000-7fd7b03bd000 r--s 00052000 08:02 32637372                   /home/luis/.gvm/grails/2.4.2/lib/org.grails/grails-datastore-core/jars/grails-datastore-core-3.1.1.RELEASE.jar
7fd7b03bd000-7fd7b03bf000 r--s 0000d000 08:02 33162650                   /home/luis/.m2/repository/org/jboss/logging/jboss-logging/3.1.0.GA/jboss-logging-3.1.0.GA.jar
7fd7b03bf000-7fd7b03d5000 r--s 000e6000 08:02 33162648                   /home/luis/.m2/repository/net/sf/ehcache/ehcache-core/2.4.8/ehcache-core-2.4.8.jar
7fd7b03d5000-7fd7b03d7000 r--s 00011000 08:02 33162642                   /home/luis/.m2/repository/org/jboss/jandex/1.1.0.Final/jandex-1.1.0.Final.jar
7fd7b03d7000-7fd7b03dc000 r--s 00068000 08:02 33162640                   /home/luis/.m2/repository/antlr/antlr/2.7.7/antlr-2.7.7.jar
7fd7b03dc000-7fd7b03dd000 r--s 00006000 08:02 33162638                   /home/luis/.m2/repository/org/jboss/spec/javax/transaction/jboss-transaction-api_1.2_spec/1.0.0.Final/jboss-transaction-api_1.2_spec-1.0.0.Final.jar
7fd7b03dd000-7fd7b043a000 r--s 004a0000 08:02 33162636                   /home/luis/.m2/repository/org/hibernate/hibernate-core/4.3.5.Final/hibernate-core-4.3.5.Final.jar
7fd7b043a000-7fd7b043e000 r--s 0001e000 08:02 33162633                   /home/luis/.m2/repository/org/hibernate/hibernate-ehcache/4.3.5.Final/hibernate-ehcache-4.3.5.Final.jar
7fd7b043e000-7fd7b0440000 r--s 0000d000 08:02 33162646                   /home/luis/.m2/repository/com/fasterxml/classmate/1.0.0/classmate-1.0.0.jar
7fd7b0440000-7fd7b044d000 r--s 00080000 08:02 33162644                   /home/luis/.m2/repository/org/hibernate/hibernate-validator/5.0.3.Final/hibernate-validator-5.0.3.Final.jar
7fd7b044d000-7fd7b045d000 r--s 0007c000 08:02 32638262                   /home/luis/.m2/repository/joda-time/joda-time/2.1/joda-time-2.1.jar
7fd7b045d000-7fd7b046a000 r--s 00093000 08:02 33556572                   /home/luis/.m2/repository/org/mybatis/mybatis/3.1.1/mybatis-3.1.1.jar
7fd7b046a000-7fd7b046c000 r--s 0000e000 08:02 33556568                   /home/luis/.m2/repository/javax/activation/activation/1.1/activation-1.1.jar
7fd7b046c000-7fd7b0473000 r--s 00067000 08:02 33556566                   /home/luis/.m2/repository/javax/mail/mail/1.4.1/mail-1.4.1.jar
7fd7b0473000-7fd7b0474000 r--s 00007000 08:02 33556570                   /home/luis/.m2/repository/org/apache/commons/commons-email/1.2/commons-email-1.2.jar
7fd7b0474000-7fd7b0498000 r--s 0016b000 08:02 33556576                   /home/luis/.m2/repository/org/camunda/bpm/camunda-engine/7.0.0-Final/camunda-engine-7.0.0-Final.jar
7fd7b0498000-7fd7b049b000 r--s 00015000 08:02 32638260                   /home/luis/.m2/repository/commons-pool/commons-pool/1.5.4/commons-pool-1.5.4.jar
7fd7b049b000-7fd7b049e000 r--s 00025000 08:02 32638258                   /home/luis/.m2/repository/commons-dbcp/commons-dbcp/1.4/commons-dbcp-1.4.jar
7fd7b049e000-7fd7b04a1000 r--s 0000e000 08:02 33556574                   /home/luis/.m2/repository/org/camunda/bpm/camunda-engine-spring/7.0.0-Final/camunda-engine-spring-7.0.0-Final.jar
7fd7b04a1000-7fd7b04aa000 r--s 000a5000 08:02 33162655                   /home/luis/.m2/repository/org/javassist/javassist/3.17.1-GA/javassist-3.17.1-GA.jar
7fd7b04aa000-7fd7b04ad000 r--s 00083000 08:02 33687692                   /home/luis/.gvm/grails/2.4.2/dist/grails-resources-2.4.2.jar
7fd7b04ad000-7fd7b04ba000 r--s 00189000 08:02 32506388                   /home/luis/.gvm/grails/2.4.2/lib/com.h2database/h2/jars/h2-1.3.176.jar
7fd7b04ba000-7fd7b04be000 r--s 00021000 08:02 33687356                   /home/luis/.gvm/grails/2.4.2/dist/grails-plugin-converters-2.4.2.jar
7fd7b04be000-7fd7b04c1000 r--s 00018000 08:02 33687419                   /home/luis/.gvm/grails/2.4.2/dist/grails-plugin-domain-class-2.4.2.jar
7fd7b04c1000-7fd7b04c3000 r--s 0000e000 08:02 33687524                   /home/luis/.gvm/grails/2.4.2/dist/grails-plugin-mimetypes-2.4.2.jar
7fd7b04c3000-7fd7b04c4000 r--s 0000e000 08:02 32637270                   /home/luis/.gvm/grails/2.4.2/lib/org.codehaus.jsr166-mirror/jsr166y/jars/jsr166y-1.7.0.jar
7fd7b04c4000-7fd7b04e0000 r--s 00136000 08:02 32637255                   /home/luis/.gvm/grails/2.4.2/lib/org.codehaus.gpars/gpars/jars/gpars-1.2.1.jar
7fd7b04e0000-7fd7b04e2000 r--s 00011000 08:02 33687146                   /home/luis/.gvm/grails/2.4.2/dist/grails-async-2.4.2.jar
7fd7b04e2000-7fd7b04e4000 r--s 0000e000 08:02 33687293                   /home/luis/.gvm/grails/2.4.2/dist/grails-plugin-async-2.4.2.jar
7fd7b04e4000-7fd7b04e8000 r--s 00028000 08:02 32506439                   /home/luis/.gvm/grails/2.4.2/lib/commons-validator/commons-validator/jars/commons-validator-1.4.0.jar
7fd7b04e8000-7fd7b04eb000 r--s 00012000 08:02 33687776                   /home/luis/.gvm/grails/2.4.2/dist/grails-validation-2.4.2.jar
7fd7b04eb000-7fd7b04ef000 r--s 00019000 08:02 32506373                   /home/luis/.gvm/grails/2.4.2/lib/com.googlecode.concurrentlinkedhashmap/concurrentlinkedhashmap-lru/jars/concurrentlinkedhashmap-lru-1.4.jar
7fd7b04ef000-7fd7b04f1000 r--s 0000e000 08:02 33687629                   /home/luis/.gvm/grails/2.4.2/dist/grails-plugin-url-mappings-2.4.2.jar
7fd7b04f1000-7fd7b04f2000 r--s 00006000 08:02 33687587                   /home/luis/.gvm/grails/2.4.2/dist/grails-plugin-servlets-2.4.2.jar
7fd7b04f2000-7fd7b04f9000 r--s 00036000 08:02 32637528                   /home/luis/.gvm/grails/2.4.2/lib/org.springframework/spring-tx/jars/spring-tx-4.0.5.RELEASE.jar
7fd7b04f9000-7fd7b04fb000 r--s 00009000 08:02 33687566                   /home/luis/.gvm/grails/2.4.2/dist/grails-plugin-services-2.4.2.jar
7fd7b04fb000-7fd7b04fc000 r--s 00001000 08:02 32637428                   /home/luis/.gvm/grails/2.4.2/lib/org.slf4j/jul-to-slf4j/jars/jul-to-slf4j-1.7.5.jar
7fd7b04fc000-7fd7b04fd000 r--s 00000000 08:02 33687272                   /home/luis/.gvm/grails/2.4.2/dist/grails-logging-2.4.2.jar
7fd7b04fd000-7fd7b050c000 r--s 00096000 08:02 32637534                   /home/luis/.gvm/grails/2.4.2/lib/org.springframework/spring-web/jars/spring-web-4.0.5.RELEASE.jar
7fd7b050c000-7fd7b0511000 r--s 0002e000 08:02 33687251                   /home/luis/.gvm/grails/2.4.2/dist/grails-encoder-2.4.2.jar
7fd7b0511000-7fd7b0517000 r--s 00033000 08:02 32506409                   /home/luis/.gvm/grails/2.4.2/lib/commons-codec/commons-codec/jars/commons-codec-1.6.jar
7fd7b0517000-7fd7b0519000 r--s 00012000 08:02 33687314                   /home/luis/.gvm/grails/2.4.2/dist/grails-plugin-codecs-2.4.2.jar
7fd7b0519000-7fd7b051b000 r--s 0000c000 08:02 33687923                   /home/luis/.gvm/grails/2.4.2/dist/grails-web-gsp-taglib-2.4.2.jar
7fd7b051b000-7fd7b0521000 r--s 00058000 08:02 33687461                   /home/luis/.gvm/grails/2.4.2/dist/grails-plugin-gsp-2.4.2.jar
7fd7b0521000-7fd7b0523000 r--s 0000b000 08:02 33687440                   /home/luis/.gvm/grails/2.4.2/dist/grails-plugin-filters-2.4.2.jar
7fd7b0523000-7fd7b0528000 r--s 00041000 08:02 32506435                   /home/luis/.gvm/grails/2.4.2/lib/commons-lang/commons-lang/jars/commons-lang-2.6.jar
7fd7b0528000-7fd7b0529000 r--s 00005000 08:02 33687482                   /home/luis/.gvm/grails/2.4.2/dist/grails-plugin-i18n-2.4.2.jar
7fd7b0529000-7fd7b052e000 r--s 00017000 08:02 32637401                   /home/luis/.gvm/grails/2.4.2/lib/org.hibernate.javax.persistence/hibernate-jpa-2.1-api/jars/hibernate-jpa-2.1-api-1.0.0.Final.jar
7fd7b052e000-7fd7b0530000 r--s 00000000 08:02 32506329                   /home/luis/.gvm/grails/2.4.2/lib/aopalliance/aopalliance/jars/aopalliance-1.0.jar
7fd7b0530000-7fd7b0532000 r--s 00009000 08:02 33687734                   /home/luis/.gvm/grails/2.4.2/dist/grails-spring-2.4.2.jar
7fd7b0532000-7fd7b0535000 r--s 00041000 08:02 32637571                   /home/luis/.gvm/grails/2.4.2/lib/xalan/serializer/jars/serializer-2.7.1.jar
7fd7b0535000-7fd7b0541000 r--s 00098000 08:02 32637489                   /home/luis/.gvm/grails/2.4.2/lib/org.springframework/spring-beans/jars/spring-beans-4.0.5.RELEASE.jar
7fd7b0541000-7fd7b0555000 r--s 000db000 08:02 32637504                   /home/luis/.gvm/grails/2.4.2/lib/org.springframework/spring-core/jars/spring-core-4.0.5.RELEASE.jar
7fd7b0555000-7fd7b0562000 r--s 000a7000 08:02 33687188                   /home/luis/.gvm/grails/2.4.2/dist/grails-core-2.4.2.jar
7fd7b0562000-7fd7b0563000 r--s 00005000 08:02 33687377                   /home/luis/.gvm/grails/2.4.2/dist/grails-plugin-databinding-2.4.2.jar
7fd7b0563000-7fd7b0568000 r--s 0002e000 08:02 32637510                   /home/luis/.gvm/grails/2.4.2/lib/org.springframework/spring-expression/jars/spring-expression-4.0.5.RELEASE.jar
7fd7b0568000-7fd7b0571000 r--s 0004e000 08:02 32637480                   /home/luis/.gvm/grails/2.4.2/lib/org.springframework/spring-aop/jars/spring-aop-4.0.5.RELEASE.jar
7fd7b0571000-7fd7b0588000 r--s 000d8000 08:02 32637495                   /home/luis/.gvm/grails/2.4.2/lib/org.springframework/spring-context/jars/spring-context-4.0.5.RELEASE.jar
7fd7b0588000-7fd7b058a000 r--s 00008000 08:02 32637213                   /home/luis/.gvm/grails/2.4.2/lib/org.apache.tomcat/tomcat-juli/jars/tomcat-juli-7.0.50.jar
7fd7b058a000-7fd7b058c000 r--s 0001d000 08:02 32637207                   /home/luis/.gvm/grails/2.4.2/lib/org.apache.tomcat/tomcat-jdbc/jars/tomcat-jdbc-7.0.50.jar
7fd7b058c000-7fd7b0596000 r--s 0005e000 08:02 32637516                   /home/luis/.gvm/grails/2.4.2/lib/org.springframework/spring-jdbc/jars/spring-jdbc-4.0.5.RELEASE.jar
7fd7b0596000-7fd7b0598000 r--s 0000d000 08:02 33687398                   /home/luis/.gvm/grails/2.4.2/dist/grails-plugin-datasource-2.4.2.jar
7fd7b0598000-7fd7b059a000 r--s 00008000 08:02 33687650                   /home/luis/.gvm/grails/2.4.2/dist/grails-plugin-validation-2.4.2.jar
7fd7b059a000-7fd7b059e000 r--s 00020000 08:02 33687335                   /home/luis/.gvm/grails/2.4.2/dist/grails-plugin-controllers-2.4.2.jar
7fd7b059e000-7fd7b05a2000 r--s 00019000 08:02 32637227                   /home/luis/.gvm/grails/2.4.2/lib/org.aspectj/aspectjrt/jars/aspectjrt-1.8.0.jar
7fd7b05a2000-7fd7b05ba000 r--s 001aa000 08:02 32637230                   /home/luis/.gvm/grails/2.4.2/lib/org.aspectj/aspectjweaver/jars/aspectjweaver-1.8.0.jar
7fd7b05ba000-7fd7b05be000 r--s 00024000 08:02 33687944                   /home/luis/.gvm/grails/2.4.2/dist/grails-web-jsp-2.4.2.jar
7fd7b05be000-7fd7b05c0000 r--s 0001d000 08:02 33687839                   /home/luis/.gvm/grails/2.4.2/dist/grails-web-databinding-2.4.2.jar
7fd7b05c0000-7fd7b05c6000 r--s 00027000 08:02 32637128                   /home/luis/.gvm/grails/2.4.2/lib/opensymphony/sitemesh/jars/sitemesh-2.4.jar
7fd7b05c6000-7fd7b05c8000 r--s 0000b000 08:02 33687986                   /home/luis/.gvm/grails/2.4.2/dist/grails-web-sitemesh-2.4.2.jar
7fd7b05c8000-7fd7b05ca000 r--s 00009000 08:02 33687965                   /home/luis/.gvm/grails/2.4.2/dist/grails-web-mvc-2.4.2.jar
7fd7b05ca000-7fd7b05cc000 r--s 0000b000 08:02 32637483                   /home/luis/.gvm/grails/2.4.2/lib/org.springframework/spring-aspects/jars/spring-aspects-4.0.5.RELEASE.jar
7fd7b05cc000-7fd7b05d3000 r--s 0004f000 08:02 33687902                   /home/luis/.gvm/grails/2.4.2/dist/grails-web-gsp-2.4.2.jar
7fd7b05d3000-7fd7b05d7000 r--s 00027000 08:02 32506427                   /home/luis/.gvm/grails/2.4.2/lib/commons-io/commons-io/jars/commons-io-2.2.jar
7fd7b05d7000-7fd7b05d9000 r--s 0000f000 08:02 32506422                   /home/luis/.gvm/grails/2.4.2/lib/commons-fileupload/commons-fileupload/jars/commons-fileupload-1.3.1.jar
7fd7b05d9000-7fd7b05da000 r--s 00000000 08:02 33687881                   /home/luis/.gvm/grails/2.4.2/dist/grails-web-fileupload-2.4.2.jar
7fd7b05da000-7fd7b05de000 r--s 00023000 08:02 33688007                   /home/luis/.gvm/grails/2.4.2/dist/grails-web-url-mappings-2.4.2.jar
7fd7b05de000-7fd7b05e0000 r--s 00013000 08:02 33687209                   /home/luis/.gvm/grails/2.4.2/dist/grails-databinding-2.4.2.jar
7fd7b05e0000-7fd7b05e4000 r--s 0001e000 08:02 32637498                   /home/luis/.gvm/grails/2.4.2/lib/org.springframework/spring-context-support/jars/spring-context-support-4.0.5.RELEASE.jar
7fd7b05e4000-7fd7b05f0000 r--s 00096000 08:02 32637537                   /home/luis/.gvm/grails/2.4.2/lib/org.springframework/spring-webmvc/jars/spring-webmvc-4.0.5.RELEASE.jar
7fd7b05f0000-7fd7b05f5000 r--s 00030000 08:02 33687818                   /home/luis/.gvm/grails/2.4.2/dist/grails-web-common-2.4.2.jar
7fd7b05f5000-7fd7b05f7000 r--s 00009000 08:02 33687797                   /home/luis/.gvm/grails/2.4.2/dist/grails-web-2.4.2.jar
7fd7b05f7000-7fd7b05fc000 r--s 0002a000 08:02 32506351                   /home/luis/.gvm/grails/2.4.2/lib/com.google.code.gson/gson/jars/gson-2.2.4.jar
7fd7b05fc000-7fd7b05ff000 r--s 00038000 08:02 33687545                   /home/luis/.gvm/grails/2.4.2/dist/grails-plugin-rest-2.4.2.jar
7fd7b05ff000-7fd7b07ff000 rw-p 00000000 00:00 0 
7fd7b07ff000-7fd7b0802000 ---p 00000000 00:00 0 
7fd7b0802000-7fd7b0b00000 rw-p 00000000 00:00 0 
7fd7b0b00000-7fd7b0d00000 rw-p 00000000 00:00 0 
7fd7b0d00000-7fd7b0f00000 rw-p 00000000 00:00 0 
7fd7b0f00000-7fd7b0f03000 ---p 00000000 00:00 0 
7fd7b0f03000-7fd7b1001000 rw-p 00000000 00:00 0 
7fd7b1001000-7fd7b100c000 r--s 0021a000 08:02 2228450                    /usr/lib/jvm/java-8-oracle/jre/lib/ext/localedata.jar
7fd7b100c000-7fd7b100e000 r-xp 00000000 08:02 60295251                   /usr/lib/x86_64-linux-gnu/gconv/ISO8859-1.so
7fd7b100e000-7fd7b120d000 ---p 00002000 08:02 60295251                   /usr/lib/x86_64-linux-gnu/gconv/ISO8859-1.so
7fd7b120d000-7fd7b120e000 r--p 00001000 08:02 60295251                   /usr/lib/x86_64-linux-gnu/gconv/ISO8859-1.so
7fd7b120e000-7fd7b120f000 rw-p 00002000 08:02 60295251                   /usr/lib/x86_64-linux-gnu/gconv/ISO8859-1.so
7fd7b120f000-7fd7b1216000 r--s 00000000 08:02 60295290                   /usr/lib/x86_64-linux-gnu/gconv/gconv-modules.cache
7fd7b1216000-7fd7b1234000 r--p 00000000 08:02 60296415                   /usr/share/locale/es/LC_MESSAGES/libc.mo
7fd7b1234000-7fd7b1434000 rw-p 00000000 00:00 0 
7fd7b1434000-7fd7b1435000 r-xp 00000000 08:02 49807438                   /tmp/libjansi-64-6586651727307091848.so
7fd7b1435000-7fd7b1634000 ---p 00001000 08:02 49807438                   /tmp/libjansi-64-6586651727307091848.so
7fd7b1634000-7fd7b1635000 rw-p 00000000 08:02 49807438                   /tmp/libjansi-64-6586651727307091848.so
7fd7b1635000-7fd7b1638000 ---p 00000000 00:00 0 
7fd7b1638000-7fd7b166e000 rw-p 00000000 00:00 0 
7fd7b166e000-7fd7b1673000 r--s 00092000 08:02 2228557                    /usr/lib/jvm/java-8-oracle/jre/lib/jsse.jar
7fd7b1673000-7fd7b1674000 ---p 00000000 00:00 0 
7fd7b1674000-7fd7b1774000 rw-p 00000000 00:00 0 
7fd7b1774000-7fd7b1777000 ---p 00000000 00:00 0 
7fd7b1777000-7fd7b1875000 rw-p 00000000 00:00 0 
7fd7b1875000-7fd7b1878000 ---p 00000000 00:00 0 
7fd7b1878000-7fd7b1976000 rw-p 00000000 00:00 0 
7fd7b1976000-7fd7b1979000 ---p 00000000 00:00 0 
7fd7b1979000-7fd7b1a77000 rw-p 00000000 00:00 0 
7fd7b1a77000-7fd7b1a7a000 ---p 00000000 00:00 0 
7fd7b1a7a000-7fd7b1b78000 rw-p 00000000 00:00 0 
7fd7b1b78000-7fd7b1b7e000 r--s 0005f000 08:02 32637544                   /home/luis/.gvm/grails/2.4.2/lib/org.springframework/springloaded/jars/springloaded-1.2.0.RELEASE.jar
7fd7b1b7e000-7fd7b1b80000 r--s 0000e000 08:02 33950518                   /home/luis/IdeaProjects/ocelot-bpm-project/Blank_app/target/work/plugins/tomcat-7.0.54/grails-plugin-tomcat-7.0.54.jar
7fd7b1b80000-7fd7b1b90000 r--s 0019c000 08:02 33161699                   /home/luis/.m2/repository/org/eclipse/jdt/core/compiler/ecj/3.7.2/ecj-3.7.2.jar
7fd7b1b90000-7fd7b1b95000 r--s 0002f000 08:02 33161697                   /home/luis/.m2/repository/org/apache/tomcat/embed/tomcat-embed-websocket/7.0.53/tomcat-embed-websocket-7.0.53.jar
7fd7b1b95000-7fd7b1b97000 r--s 0000c000 08:02 33161689                   /home/luis/.m2/repository/org/apache/tomcat/tomcat-catalina-ant/7.0.53/tomcat-catalina-ant-7.0.53.jar
7fd7b1b97000-7fd7b1bb8000 r--s 00267000 08:02 33161702                   /home/luis/.m2/repository/org/apache/tomcat/embed/tomcat-embed-core/7.0.53/tomcat-embed-core-7.0.53.jar
7fd7b1bb8000-7fd7b1bc1000 r--s 0009f000 08:02 33161691                   /home/luis/.m2/repository/org/apache/tomcat/embed/tomcat-embed-jasper/7.0.53/tomcat-embed-jasper-7.0.53.jar
7fd7b1bc1000-7fd7b1bc5000 r--s 00027000 08:02 33161693                   /home/luis/.m2/repository/org/apache/tomcat/embed/tomcat-embed-el/7.0.53/tomcat-embed-el-7.0.53.jar
7fd7b1bc5000-7fd7b1bc7000 r--s 00013000 08:02 33161696                   /home/luis/.m2/repository/org/apache/tomcat/embed/tomcat-embed-logging-log4j/7.0.53/tomcat-embed-logging-log4j-7.0.53.jar
7fd7b1bc7000-7fd7b1bc9000 r--s 0001a000 08:02 32637368                   /home/luis/.gvm/grails/2.4.2/lib/org.fusesource.jansi/jansi/jars/jansi-1.11.jar
7fd7b1bc9000-7fd7b1bde000 r--s 00116000 08:02 32637163                   /home/luis/.gvm/grails/2.4.2/lib/org.apache.ivy/ivy/jars/ivy-2.3.0.jar
7fd7b1bde000-7fd7b1be1000 r--s 00018000 08:02 32637137                   /home/luis/.gvm/grails/2.4.2/lib/org.apache.ant/ant-junit/jars/ant-junit-1.8.4.jar
7fd7b1be1000-7fd7b1be2000 r--s 00001000 08:02 32637145                   /home/luis/.gvm/grails/2.4.2/lib/org.apache.ant/ant-trax/jars/ant-trax-1.7.1.jar
7fd7b1be2000-7fd7b1be3000 r--s 00004000 08:02 32637141                   /home/luis/.gvm/grails/2.4.2/lib/org.apache.ant/ant-launcher/jars/ant-launcher-1.8.4.jar
7fd7b1be3000-7fd7b1c01000 r--s 001bd000 08:02 32637133                   /home/luis/.gvm/grails/2.4.2/lib/org.apache.ant/ant/jars/ant-1.8.4.jar
7fd7b1c01000-7fd7b1c05000 r--s 00031000 08:02 32637102                   /home/luis/.gvm/grails/2.4.2/lib/jline/jline/jars/jline-2.12.jar
7fd7b1c05000-7fd7b1c07000 r--s 00005000 08:02 32637435                   /home/luis/.gvm/grails/2.4.2/lib/org.slf4j/slf4j-api/jars/slf4j-api-1.7.5.jar
7fd7b1c07000-7fd7b1c15000 r--s 000db000 08:02 33687167                   /home/luis/.gvm/grails/2.4.2/dist/grails-bootstrap-2.4.2.jar
7fd7b1c15000-7fd7b1c80000 r--s 00683000 08:02 32637262                   /home/luis/.gvm/grails/2.4.2/lib/org.codehaus.groovy/groovy-all/jars/groovy-all-2.3.3.jar
7fd7b1c80000-7fd7b1c83000 ---p 00000000 00:00 0 
7fd7b1c83000-7fd7b1d81000 rw-p 00000000 00:00 0 
7fd7b1d81000-7fd7b1ef8000 r--p 00000000 08:02 60296451                   /usr/lib/locale/locale-archive
7fd7b1ef8000-7fd7b1efb000 ---p 00000000 00:00 0 
7fd7b1efb000-7fd7b1ff9000 rw-p 00000000 00:00 0 
7fd7b1ff9000-7fd7b1ffc000 ---p 00000000 00:00 0 
7fd7b1ffc000-7fd7b20fa000 rw-p 00000000 00:00 0 
7fd7b20fa000-7fd7b20fb000 ---p 00000000 00:00 0 
7fd7b20fb000-7fd7b310a000 rw-p 00000000 00:00 0 
7fd7b310a000-7fd7b32df000 r--s 03c4d000 08:02 2228591                    /usr/lib/jvm/java-8-oracle/jre/lib/rt.jar
7fd7b32df000-7fd7b5530000 rw-p 00000000 00:00 0 
7fd7b5530000-7fd7b5531000 ---p 00000000 00:00 0 
7fd7b5531000-7fd7b5631000 rw-p 00000000 00:00 0 
7fd7b5631000-7fd7b5632000 ---p 00000000 00:00 0 
7fd7b5632000-7fd7b5732000 rw-p 00000000 00:00 0 
7fd7b5732000-7fd7b5733000 ---p 00000000 00:00 0 
7fd7b5733000-7fd7b5833000 rw-p 00000000 00:00 0 
7fd7b5833000-7fd7b5834000 ---p 00000000 00:00 0 
7fd7b5834000-7fd7b5961000 rw-p 00000000 00:00 0 
7fd7b5961000-7fd7b5a34000 ---p 00000000 00:00 0 
7fd7b5a34000-7fd7b5a61000 rw-p 00000000 00:00 0 
7fd7b5a61000-7fd7b5b34000 ---p 00000000 00:00 0 
7fd7b5b34000-7fd7b5bb4000 rw-p 00000000 00:00 0 
7fd7b5bb4000-7fd7b5bfe000 rw-p 00000000 00:00 0 
7fd7b5bfe000-7fd7b5f75000 ---p 00000000 00:00 0 
7fd7b5f75000-7fd7b7185000 rwxp 00000000 00:00 0 
7fd7b7185000-7fd7c4f75000 ---p 00000000 00:00 0 
7fd7c4f75000-7fd7c4f91000 r-xp 00000000 08:02 2228473                    /usr/lib/jvm/java-8-oracle/jre/lib/amd64/libzip.so
7fd7c4f91000-7fd7c5190000 ---p 0001c000 08:02 2228473                    /usr/lib/jvm/java-8-oracle/jre/lib/amd64/libzip.so
7fd7c5190000-7fd7c5191000 rw-p 0001b000 08:02 2228473                    /usr/lib/jvm/java-8-oracle/jre/lib/amd64/libzip.so
7fd7c5191000-7fd7c519c000 r-xp 00000000 08:02 4984053                    /lib/x86_64-linux-gnu/libnss_files-2.13.so
7fd7c519c000-7fd7c539b000 ---p 0000b000 08:02 4984053                    /lib/x86_64-linux-gnu/libnss_files-2.13.so
7fd7c539b000-7fd7c539c000 r--p 0000a000 08:02 4984053                    /lib/x86_64-linux-gnu/libnss_files-2.13.so
7fd7c539c000-7fd7c539d000 rw-p 0000b000 08:02 4984053                    /lib/x86_64-linux-gnu/libnss_files-2.13.so
7fd7c539d000-7fd7c53a7000 r-xp 00000000 08:02 4984049                    /lib/x86_64-linux-gnu/libnss_nis-2.13.so
7fd7c53a7000-7fd7c55a6000 ---p 0000a000 08:02 4984049                    /lib/x86_64-linux-gnu/libnss_nis-2.13.so
7fd7c55a6000-7fd7c55a7000 r--p 00009000 08:02 4984049                    /lib/x86_64-linux-gnu/libnss_nis-2.13.so
7fd7c55a7000-7fd7c55a8000 rw-p 0000a000 08:02 4984049                    /lib/x86_64-linux-gnu/libnss_nis-2.13.so
7fd7c55a8000-7fd7c55bd000 r-xp 00000000 08:02 4984047                    /lib/x86_64-linux-gnu/libnsl-2.13.so
7fd7c55bd000-7fd7c57bc000 ---p 00015000 08:02 4984047                    /lib/x86_64-linux-gnu/libnsl-2.13.so
7fd7c57bc000-7fd7c57bd000 r--p 00014000 08:02 4984047                    /lib/x86_64-linux-gnu/libnsl-2.13.so
7fd7c57bd000-7fd7c57be000 rw-p 00015000 08:02 4984047                    /lib/x86_64-linux-gnu/libnsl-2.13.so
7fd7c57be000-7fd7c57c0000 rw-p 00000000 00:00 0 
7fd7c57c0000-7fd7c57c7000 r-xp 00000000 08:02 4984042                    /lib/x86_64-linux-gnu/libnss_compat-2.13.so
7fd7c57c7000-7fd7c59c6000 ---p 00007000 08:02 4984042                    /lib/x86_64-linux-gnu/libnss_compat-2.13.so
7fd7c59c6000-7fd7c59c7000 r--p 00006000 08:02 4984042                    /lib/x86_64-linux-gnu/libnss_compat-2.13.so
7fd7c59c7000-7fd7c59c8000 rw-p 00007000 08:02 4984042                    /lib/x86_64-linux-gnu/libnss_compat-2.13.so
7fd7c59c8000-7fd7c59d2000 r-xp 00000000 08:02 2228499                    /usr/lib/jvm/java-8-oracle/jre/lib/amd64/libinstrument.so
7fd7c59d2000-7fd7c5bd1000 ---p 0000a000 08:02 2228499                    /usr/lib/jvm/java-8-oracle/jre/lib/amd64/libinstrument.so
7fd7c5bd1000-7fd7c5bd2000 rw-p 00009000 08:02 2228499                    /usr/lib/jvm/java-8-oracle/jre/lib/amd64/libinstrument.so
7fd7c5bd2000-7fd7c5bfc000 r-xp 00000000 08:02 2228492                    /usr/lib/jvm/java-8-oracle/jre/lib/amd64/libjava.so
7fd7c5bfc000-7fd7c5dfc000 ---p 0002a000 08:02 2228492                    /usr/lib/jvm/java-8-oracle/jre/lib/amd64/libjava.so
7fd7c5dfc000-7fd7c5dfe000 rw-p 0002a000 08:02 2228492                    /usr/lib/jvm/java-8-oracle/jre/lib/amd64/libjava.so
7fd7c5dfe000-7fd7c5e0b000 r-xp 00000000 08:02 2228478                    /usr/lib/jvm/java-8-oracle/jre/lib/amd64/libverify.so
7fd7c5e0b000-7fd7c600b000 ---p 0000d000 08:02 2228478                    /usr/lib/jvm/java-8-oracle/jre/lib/amd64/libverify.so
7fd7c600b000-7fd7c600d000 rw-p 0000d000 08:02 2228478                    /usr/lib/jvm/java-8-oracle/jre/lib/amd64/libverify.so
7fd7c600d000-7fd7c6014000 r-xp 00000000 08:02 4984057                    /lib/x86_64-linux-gnu/librt-2.13.so
7fd7c6014000-7fd7c6213000 ---p 00007000 08:02 4984057                    /lib/x86_64-linux-gnu/librt-2.13.so
7fd7c6213000-7fd7c6214000 r--p 00006000 08:02 4984057                    /lib/x86_64-linux-gnu/librt-2.13.so
7fd7c6214000-7fd7c6215000 rw-p 00007000 08:02 4984057                    /lib/x86_64-linux-gnu/librt-2.13.so
7fd7c6215000-7fd7c6296000 r-xp 00000000 08:02 4984044                    /lib/x86_64-linux-gnu/libm-2.13.so
7fd7c6296000-7fd7c6495000 ---p 00081000 08:02 4984044                    /lib/x86_64-linux-gnu/libm-2.13.so
7fd7c6495000-7fd7c6496000 r--p 00080000 08:02 4984044                    /lib/x86_64-linux-gnu/libm-2.13.so
7fd7c6496000-7fd7c6497000 rw-p 00081000 08:02 4984044                    /lib/x86_64-linux-gnu/libm-2.13.so
7fd7c6497000-7fd7c70b1000 r-xp 00000000 08:02 2228460                    /usr/lib/jvm/java-8-oracle/jre/lib/amd64/server/libjvm.so
7fd7c70b1000-7fd7c72b0000 ---p 00c1a000 08:02 2228460                    /usr/lib/jvm/java-8-oracle/jre/lib/amd64/server/libjvm.so
7fd7c72b0000-7fd7c7379000 rw-p 00c19000 08:02 2228460                    /usr/lib/jvm/java-8-oracle/jre/lib/amd64/server/libjvm.so
7fd7c7379000-7fd7c73ba000 rw-p 00000000 00:00 0 
7fd7c73ba000-7fd7c753c000 r-xp 00000000 08:02 4984037                    /lib/x86_64-linux-gnu/libc-2.13.so
7fd7c753c000-7fd7c773b000 ---p 00182000 08:02 4984037                    /lib/x86_64-linux-gnu/libc-2.13.so
7fd7c773b000-7fd7c773f000 r--p 00181000 08:02 4984037                    /lib/x86_64-linux-gnu/libc-2.13.so
7fd7c773f000-7fd7c7740000 rw-p 00185000 08:02 4984037                    /lib/x86_64-linux-gnu/libc-2.13.so
7fd7c7740000-7fd7c7745000 rw-p 00000000 00:00 0 
7fd7c7745000-7fd7c7747000 r-xp 00000000 08:02 4984051                    /lib/x86_64-linux-gnu/libdl-2.13.so
7fd7c7747000-7fd7c7947000 ---p 00002000 08:02 4984051                    /lib/x86_64-linux-gnu/libdl-2.13.so
7fd7c7947000-7fd7c7948000 r--p 00002000 08:02 4984051                    /lib/x86_64-linux-gnu/libdl-2.13.so
7fd7c7948000-7fd7c7949000 rw-p 00003000 08:02 4984051                    /lib/x86_64-linux-gnu/libdl-2.13.so
7fd7c7949000-7fd7c7960000 r-xp 00000000 08:02 2228773                    /usr/lib/jvm/java-8-oracle/lib/amd64/jli/libjli.so
7fd7c7960000-7fd7c7b5f000 ---p 00017000 08:02 2228773                    /usr/lib/jvm/java-8-oracle/lib/amd64/jli/libjli.so
7fd7c7b5f000-7fd7c7b60000 rw-p 00016000 08:02 2228773                    /usr/lib/jvm/java-8-oracle/lib/amd64/jli/libjli.so
7fd7c7b60000-7fd7c7b77000 r-xp 00000000 08:02 4984055                    /lib/x86_64-linux-gnu/libpthread-2.13.so
7fd7c7b77000-7fd7c7d76000 ---p 00017000 08:02 4984055                    /lib/x86_64-linux-gnu/libpthread-2.13.so
7fd7c7d76000-7fd7c7d77000 r--p 00016000 08:02 4984055                    /lib/x86_64-linux-gnu/libpthread-2.13.so
7fd7c7d77000-7fd7c7d78000 rw-p 00017000 08:02 4984055                    /lib/x86_64-linux-gnu/libpthread-2.13.so
7fd7c7d78000-7fd7c7d7c000 rw-p 00000000 00:00 0 
7fd7c7d7c000-7fd7c7d9c000 r-xp 00000000 08:02 4984059                    /lib/x86_64-linux-gnu/ld-2.13.so
7fd7c7d9c000-7fd7c7d9e000 r--s 00001000 08:02 2228452                    /usr/lib/jvm/java-8-oracle/jre/lib/ext/dnsns.jar
7fd7c7d9e000-7fd7c7da7000 r--s 0006f000 08:02 32637118                   /home/luis/.gvm/grails/2.4.2/lib/log4j/log4j/jars/log4j-1.2.17.jar
7fd7c7da7000-7fd7c7daa000 r--s 0000d000 08:02 33687503                   /home/luis/.gvm/grails/2.4.2/dist/grails-plugin-log4j-2.4.2.jar
7fd7c7daa000-7fd7c7dac000 r--s 00013000 08:02 32637220                   /home/luis/.gvm/grails/2.4.2/lib/org.apache.tomcat.embed/tomcat-embed-logging-log4j/jars/tomcat-embed-logging-log4j-7.0.50.jar
7fd7c7dac000-7fd7c7e24000 r--s 010c6000 08:02 2229889                    /usr/lib/jvm/java-8-oracle/lib/tools.jar
7fd7c7e24000-7fd7c7e82000 rw-p 00000000 00:00 0 
7fd7c7e82000-7fd7c7e85000 ---p 00000000 00:00 0 
7fd7c7e85000-7fd7c7f88000 rw-p 00000000 00:00 0 
7fd7c7f88000-7fd7c7f8d000 r--s 00050000 08:02 32637248                   /home/luis/.gvm/grails/2.4.2/lib/org.codehaus.gant/gant_groovy1.8/jars/gant_groovy1.8-1.9.6.jar
7fd7c7f8d000-7fd7c7f8f000 r--s 00003000 08:02 32637421                   /home/luis/.gvm/grails/2.4.2/lib/org.slf4j/jcl-over-slf4j/jars/jcl-over-slf4j-1.7.5.jar
7fd7c7f8f000-7fd7c7f97000 rw-s 00000000 08:02 49807437                   /tmp/hsperfdata_luis/7867
7fd7c7f97000-7fd7c7f98000 rw-p 00000000 00:00 0 
7fd7c7f98000-7fd7c7f99000 r--p 00000000 00:00 0 
7fd7c7f99000-7fd7c7f9b000 rw-p 00000000 00:00 0 
7fd7c7f9b000-7fd7c7f9c000 r--p 0001f000 08:02 4984059                    /lib/x86_64-linux-gnu/ld-2.13.so
7fd7c7f9c000-7fd7c7f9d000 rw-p 00020000 08:02 4984059                    /lib/x86_64-linux-gnu/ld-2.13.so
7fd7c7f9d000-7fd7c7f9e000 rw-p 00000000 00:00 0 
7fffc2030000-7fffc2052000 rw-p 00000000 00:00 0                          [stack]
7fffc2136000-7fffc2137000 r-xp 00000000 00:00 0                          [vdso]
ffffffffff600000-ffffffffff601000 r-xp 00000000 00:00 0                  [vsyscall]

VM Arguments:
jvm_args: -Dfile.encoding=UTF-8 -Xmx768M -Xms64M -Dgrails.fork.parent.process.port=35121 -Dgrails.fork.active=true -Dgrails.build.execution.context=/tmp/Blank_app2883707252153755433grails-execution-context -Dgrails.home=/home/luis/.gvm/grails/2.4.2 -javaagent:/home/luis/.gvm/grails/2.4.2/lib/org.springframework/springloaded/jars/springloaded-1.2.0.RELEASE.jar -Xverify:none -Dspringloaded.synchronize=true -Djdk.reflect.allowGetCallerClass=true -Dspringloaded=profile=grails;cacheDir=/home/luis/.grails/2.4.2 
java_command: org.grails.plugins.tomcat.fork.ForkedTomcatServer
java_class_path (initial): /usr/lib/jvm/java-8-oracle/lib/tools.jar:/home/luis/.gvm/grails/2.4.2/lib/org.codehaus.groovy/groovy-all/jars/groovy-all-2.3.3.jar:/home/luis/.gvm/grails/2.4.2/lib/org.slf4j/jcl-over-slf4j/jars/jcl-over-slf4j-1.7.5.jar:/home/luis/.gvm/grails/2.4.2/lib/org.codehaus.gant/gant_groovy1.8/jars/gant_groovy1.8-1.9.6.jar:/home/luis/.gvm/grails/2.4.2/lib/org.apache.tomcat.embed/tomcat-embed-logging-log4j/jars/tomcat-embed-logging-log4j-7.0.50.jar:/home/luis/.gvm/grails/2.4.2/dist/grails-plugin-log4j-2.4.2.jar:/home/luis/.gvm/grails/2.4.2/lib/log4j/log4j/jars/log4j-1.2.17.jar:/home/luis/.gvm/grails/2.4.2/dist/grails-bootstrap-2.4.2.jar:/home/luis/.gvm/grails/2.4.2/lib/org.slf4j/slf4j-api/jars/slf4j-api-1.7.5.jar:/home/luis/.gvm/grails/2.4.2/lib/jline/jline/jars/jline-2.12.jar:/home/luis/.gvm/grails/2.4.2/lib/org.apache.ant/ant/jars/ant-1.8.4.jar:/home/luis/.gvm/grails/2.4.2/lib/org.apache.ant/ant-launcher/jars/ant-launcher-1.8.4.jar:/home/luis/.gvm/grails/2.4.2/lib/org.apache.ant/ant-trax/jars/ant-trax-1.7.1.jar:/home/luis/.gvm/grails/2.4.2/lib/org.apache.ant/ant-junit/jars/ant-junit-1.8.4.jar:/home/luis/.gvm/grails/2.4.2/lib/org.apache.ivy/ivy/jars/ivy-2.3.0.jar:/home/luis/.gvm/grails/2.4.2/lib/org.fusesource.jansi/jansi/jars/jansi-1.11.jar:/home/luis/.m2/repository/org/apache/tomcat/embed/tomcat-embed-logging-log4j/7.0.53/tomcat-embed-logging-log4j-7.0.53.jar:/home/luis/.m2/repository/org/apache/tomcat/embed/tomcat-embed-el/7.0.53/tomcat-embed-el-7.0.53.jar:/home/luis/.m2/repository/org/apache/tomcat/embed/tomcat-embed-jasper/7.0.53/tomcat-embed-jasper-7.0.53.jar:/home/luis/.m2/repository/org/apache/tomcat/embed/tomcat-embed-core/7.0.53/tomcat-embed-core-7.0.53.jar:/home/luis/.m2/repository/org/apache/tomcat/tomcat-catalina-ant/7.0.53/tomcat-catalina-ant-7.0.53.jar:/home/luis/.m2/repository/org/apache/tomcat/embed/tomcat-embed-websocket/7.0.53/tomcat-embed-websocket-7.0.53.jar:/home/luis/.m2/repository/org/eclipse/jdt/core/compiler/ecj/3.7.2/ecj
Launcher Type: SUN_STANDARD

Environment Variables:
JAVA_HOME=/usr/lib/jvm/java-8-oracle
CLASSPATH=/home/luis/Programas/idea-IU-135.909/bin/../lib/bootstrap.jar:/home/luis/Programas/idea-IU-135.909/bin/../lib/extensions.jar:/home/luis/Programas/idea-IU-135.909/bin/../lib/util.jar:/home/luis/Programas/idea-IU-135.909/bin/../lib/jdom.jar:/home/luis/Programas/idea-IU-135.909/bin/../lib/log4j.jar:/home/luis/Programas/idea-IU-135.909/bin/../lib/trove4j.jar:/home/luis/Programas/idea-IU-135.909/bin/../lib/jna.jar:/usr/lib/jvm/java-8-oracle/lib/tools.jar
PATH=/usr/local/bin:/usr/bin:/bin:/usr/local/games:/usr/games
USERNAME=luis
LD_LIBRARY_PATH=/home/luis/Programas/idea-IU-135.909/bin:
SHELL=/bin/bash
DISPLAY=:0.0

Signal Handlers:
SIGSEGV: [libjvm.so+0xa2fc90], sa_mask[0]=0x7ffbfeff, sa_flags=0x10000004
SIGBUS: [libjvm.so+0xa2fc90], sa_mask[0]=0x7ffbfeff, sa_flags=0x10000004
SIGFPE: [libjvm.so+0x89b4b0], sa_mask[0]=0x7ffbfeff, sa_flags=0x10000004
SIGPIPE: [libjvm.so+0x89b4b0], sa_mask[0]=0x7ffbfeff, sa_flags=0x10000004
SIGXFSZ: [libjvm.so+0x89b4b0], sa_mask[0]=0x7ffbfeff, sa_flags=0x10000004
SIGILL: [libjvm.so+0x89b4b0], sa_mask[0]=0x7ffbfeff, sa_flags=0x10000004
SIGUSR1: SIG_DFL, sa_mask[0]=0x00000000, sa_flags=0x00000000
SIGUSR2: [libjvm.so+0x89cc50], sa_mask[0]=0x00000004, sa_flags=0x10000004
SIGHUP: [libjvm.so+0x89df00], sa_mask[0]=0x7ffbfeff, sa_flags=0x10000004
SIGINT: [libjvm.so+0x89df00], sa_mask[0]=0x7ffbfeff, sa_flags=0x10000004
SIGTERM: [libjvm.so+0x89df00], sa_mask[0]=0x7ffbfeff, sa_flags=0x10000004
SIGQUIT: [libjvm.so+0x89df00], sa_mask[0]=0x7ffbfeff, sa_flags=0x10000004


---------------  S Y S T E M  ---------------

OS:PRETTY_NAME="Debian GNU/Linux 7 (wheezy)"
NAME="Debian GNU/Linux"
VERSION_ID="7"
VERSION="7 (wheezy)"
ID=debian
ANSI_COLOR="1;31"
HOME_URL="http://www.debian.org/"
SUPPORT_URL="http://www.debian.org/support/"
BUG_REPORT_URL="http://bugs.debian.org/"

uname:Linux 3.2.0-4-amd64 #1 SMP Debian 3.2.57-3+deb7u2 x86_64
libc:glibc 2.13 NPTL 2.13 
rlimit: STACK 8192k, CORE 0k, NPROC 62956, NOFILE 4096, AS infinity
load average:1,13 0,51 0,45

/proc/meminfo:
MemTotal:        8070604 kB
MemFree:         4171228 kB
Buffers:          101168 kB
Cached:          1165064 kB
SwapCached:            0 kB
Active:          3046868 kB
Inactive:         659400 kB
Active(anon):    2440836 kB
Inactive(anon):   104104 kB
Active(file):     606032 kB
Inactive(file):   555296 kB
Unevictable:           0 kB
Mlocked:               0 kB
SwapTotal:       8260604 kB
SwapFree:        8260604 kB
Dirty:             13772 kB
Writeback:             0 kB
AnonPages:       2440328 kB
Mapped:           175928 kB
Shmem:            104908 kB
Slab:             119036 kB
SReclaimable:      90072 kB
SUnreclaim:        28964 kB
KernelStack:        4008 kB
PageTables:        28196 kB
NFS_Unstable:          0 kB
Bounce:                0 kB
WritebackTmp:          0 kB
CommitLimit:    12295904 kB
Committed_AS:    4759748 kB
VmallocTotal:   34359738367 kB
VmallocUsed:      450960 kB
VmallocChunk:   34359265416 kB
HardwareCorrupted:     0 kB
AnonHugePages:         0 kB
HugePages_Total:       0
HugePages_Free:        0
HugePages_Rsvd:        0
HugePages_Surp:        0
Hugepagesize:       2048 kB
DirectMap4k:       75776 kB
DirectMap2M:     8263680 kB


CPU:total 4 (4 cores per cpu, 1 threads per core) family 6 model 58 stepping 9, cmov, cx8, fxsr, mmx, sse, sse2, sse3, ssse3, sse4.1, sse4.2, popcnt, avx, aes, clmul, erms, tsc, tscinvbit

/proc/cpuinfo:
processor	: 0
vendor_id	: GenuineIntel
cpu family	: 6
model		: 58
model name	: Intel(R) Core(TM) i5-3470 CPU @ 3.20GHz
stepping	: 9
microcode	: 0x12
cpu MHz		: 3201.000
cache size	: 6144 KB
physical id	: 0
siblings	: 4
core id		: 0
cpu cores	: 4
apicid		: 0
initial apicid	: 0
fpu		: yes
fpu_exception	: yes
cpuid level	: 13
wp		: yes
flags		: fpu vme de pse tsc msr pae mce cx8 apic sep mtrr pge mca cmov pat pse36 clflush dts acpi mmx fxsr sse sse2 ss ht tm pbe syscall nx rdtscp lm constant_tsc arch_perfmon pebs bts rep_good nopl xtopology nonstop_tsc aperfmperf pni pclmulqdq dtes64 monitor ds_cpl vmx smx est tm2 ssse3 cx16 xtpr pdcm pcid sse4_1 sse4_2 x2apic popcnt tsc_deadline_timer aes xsave avx f16c rdrand lahf_lm ida arat epb xsaveopt pln pts dtherm tpr_shadow vnmi flexpriority ept vpid fsgsbase smep erms
bogomips	: 6386.18
clflush size	: 64
cache_alignment	: 64
address sizes	: 36 bits physical, 48 bits virtual
power management:

processor	: 1
vendor_id	: GenuineIntel
cpu family	: 6
model		: 58
model name	: Intel(R) Core(TM) i5-3470 CPU @ 3.20GHz
stepping	: 9
microcode	: 0x12
cpu MHz		: 1600.000
cache size	: 6144 KB
physical id	: 0
siblings	: 4
core id		: 1
cpu cores	: 4
apicid		: 2
initial apicid	: 2
fpu		: yes
fpu_exception	: yes
cpuid level	: 13
wp		: yes
flags		: fpu vme de pse tsc msr pae mce cx8 apic sep mtrr pge mca cmov pat pse36 clflush dts acpi mmx fxsr sse sse2 ss ht tm pbe syscall nx rdtscp lm constant_tsc arch_perfmon pebs bts rep_good nopl xtopology nonstop_tsc aperfmperf pni pclmulqdq dtes64 monitor ds_cpl vmx smx est tm2 ssse3 cx16 xtpr pdcm pcid sse4_1 sse4_2 x2apic popcnt tsc_deadline_timer aes xsave avx f16c rdrand lahf_lm ida arat epb xsaveopt pln pts dtherm tpr_shadow vnmi flexpriority ept vpid fsgsbase smep erms
bogomips	: 6385.19
clflush size	: 64
cache_alignment	: 64
address sizes	: 36 bits physical, 48 bits virtual
power management:

processor	: 2
vendor_id	: GenuineIntel
cpu family	: 6
model		: 58
model name	: Intel(R) Core(TM) i5-3470 CPU @ 3.20GHz
stepping	: 9
microcode	: 0x12
cpu MHz		: 3201.000
cache size	: 6144 KB
physical id	: 0
siblings	: 4
core id		: 2
cpu cores	: 4
apicid		: 4
initial apicid	: 4
fpu		: yes
fpu_exception	: yes
cpuid level	: 13
wp		: yes
flags		: fpu vme de pse tsc msr pae mce cx8 apic sep mtrr pge mca cmov pat pse36 clflush dts acpi mmx fxsr sse sse2 ss ht tm pbe syscall nx rdtscp lm constant_tsc arch_perfmon pebs bts rep_good nopl xtopology nonstop_tsc aperfmperf pni pclmulqdq dtes64 monitor ds_cpl vmx smx est tm2 ssse3 cx16 xtpr pdcm pcid sse4_1 sse4_2 x2apic popcnt tsc_deadline_timer aes xsave avx f16c rdrand lahf_lm ida arat epb xsaveopt pln pts dtherm tpr_shadow vnmi flexpriority ept vpid fsgsbase smep erms
bogomips	: 6385.19
clflush size	: 64
cache_alignment	: 64
address sizes	: 36 bits physical, 48 bits virtual
power management:

processor	: 3
vendor_id	: GenuineIntel
cpu family	: 6
model		: 58
model name	: Intel(R) Core(TM) i5-3470 CPU @ 3.20GHz
stepping	: 9
microcode	: 0x12
cpu MHz		: 3201.000
cache size	: 6144 KB
physical id	: 0
siblings	: 4
core id		: 3
cpu cores	: 4
apicid		: 6
initial apicid	: 6
fpu		: yes
fpu_exception	: yes
cpuid level	: 13
wp		: yes
flags		: fpu vme de pse tsc msr pae mce cx8 apic sep mtrr pge mca cmov pat pse36 clflush dts acpi mmx fxsr sse sse2 ss ht tm pbe syscall nx rdtscp lm constant_tsc arch_perfmon pebs bts rep_good nopl xtopology nonstop_tsc aperfmperf pni pclmulqdq dtes64 monitor ds_cpl vmx smx est tm2 ssse3 cx16 xtpr pdcm pcid sse4_1 sse4_2 x2apic popcnt tsc_deadline_timer aes xsave avx f16c rdrand lahf_lm ida arat epb xsaveopt pln pts dtherm tpr_shadow vnmi flexpriority ept vpid fsgsbase smep erms
bogomips	: 6385.20
clflush size	: 64
cache_alignment	: 64
address sizes	: 36 bits physical, 48 bits virtual
power management:



Memory: 4k page, physical 8070604k(4171228k free), swap 8260604k(8260604k free)

vm_info: Java HotSpot(TM) 64-Bit Server VM (25.5-b02) for linux-amd64 JRE (1.8.0_05-b13), built on Mar 18 2014 00:29:27 by "java_re" with gcc 4.3.0 20080428 (Red Hat 4.3.0-8)

time: Thu Jul 10 12:55:27 2014
elapsed time: 11 seconds

