#
# A fatal error has been detected by the Java Runtime Environment:
#
#  SIGSEGV (0xb) at pc=0x00007f1449a70b2c, pid=9678, tid=139724621981440
#
# JRE version: Java(TM) SE Runtime Environment (8.0_05-b13) (build 1.8.0_05-b13)
# Java VM: Java HotSpot(TM) 64-Bit Server VM (25.5-b02 mixed mode linux-amd64 compressed oops)
# Problematic frame:
# V  [libjvm.so+0x304b2c]  OopFlow::build_oop_map(Node*, int, PhaseRegAlloc*, int*)+0x14c
#
# Failed to write core dump. Core dumps have been disabled. To enable core dumping, try "ulimit -c unlimited" before starting Java again
#
# If you would like to submit a bug report, please visit:
#   http://bugreport.sun.com/bugreport/crash.jsp
#

---------------  T H R E A D  ---------------

Current thread (0x00007f144425a800):  JavaThread "C2 CompilerThread1" daemon [_thread_in_native, id=9691, stack(0x00007f142c65a000,0x00007f142c75b000)]

siginfo:si_signo=SIGSEGV: si_errno=0, si_code=1 (SEGV_MAPERR), si_addr=0x0000000000000000

Registers:
RAX=0x00007f140cee81d8, RBX=0x0000000000000000, RCX=0x0000000000000008, RDX=0x00007f140cee88b0
RSP=0x00007f142c7563e0, RBP=0x00007f142c756460, RSI=0x00000000000000db, RDI=0x00007f140cee88e0
R8 =0x00007f140ca06410, R9 =0x0000000000000013, R10=0x00007f142c757dc0, R11=0x00007f144a813610
R12=0x00000000000000c0, R13=0x0000000000000180, R14=0x00000000000000b8, R15=0x00007f140010c7a8
RIP=0x00007f1449a70b2c, EFLAGS=0x0000000000010246, CSGSFS=0x0000000000000033, ERR=0x0000000000000004
  TRAPNO=0x000000000000000e

Top of Stack: (sp=0x00007f142c7563e0)
0x00007f142c7563e0:   00007f140ca05b50 0000000000000400
0x00007f142c7563f0:   00007f140ca06410 00007f142c757c90
0x00007f142c756400:   000000da0ca01d60 00007f140010c7a8
0x00007f142c756410:   00007f140cee88b0 0000001c49c79a56
0x00007f142c756420:   00007f140cee88e0 00007f1400206d20
0x00007f142c756430:   000000082c756480 00007f140010c7a8
0x00007f142c756440:   00007f140cee88b0 0000000000000012
0x00007f142c756450:   0000000000000013 0000000000000013
0x00007f142c756460:   00007f142c7564d0 00007f1449a7110a
0x00007f142c756470:   00007f142c7564d0 00007f140000ffff
0x00007f142c756480:   00007f1400000004 00007f140ca01d60
0x00007f142c756490:   000000da2c7564d0 00007f142c757c90
0x00007f142c7564a0:   000000090010c240 0000000000000000
0x00007f142c7564b0:   00007f140c374248 0000000000000000
0x00007f142c7564c0:   00007f140cee5340 00007f140c373c18
0x00007f142c7564d0:   00007f142c756610 00007f1449a7229d
0x00007f142c7564e0:   00007f142c756520 00007f1400175130
0x00007f142c7564f0:   00007f142c7565b0 0000000000000018
0x00007f142c756500:   000000000000001c 000000070f000000
0x00007f142c756510:   0000000100000004 00007f142c7565d8
0x00007f142c756520:   00007f142c7565d0 00007f142c7565b0
0x00007f142c756530:   00007f142c7565b0 00007f142c7565b0
0x00007f142c756540:   00007f142c758b00 0000000000000007
0x00007f142c756550:   00007f142c757dc0 00000007000000da
0x00007f142c756560:   00007f140ca01d60 00007f144425b360
0x00007f142c756570:   00000000000000da ffffffff0c9fe830
0x00007f142c756580:   00007f140c373ac8 00007f140010c240
0x00007f142c756590:   00007f140ca01e90 0000000000000020
0x00007f142c7565a0:   ffffffffffffffdf 00007f142c757c90
0x00007f142c7565b0:   00007f1400000080 00007f144425b360
0x00007f142c7565c0:   00007f140ca04430 00007f1400000004
0x00007f142c7565d0:   0000000000000014 0000000000000000 

Instructions: (pc=0x00007f1449a70b2c)
0x00007f1449a70b0c:   44 39 e2 0f 8e bb 00 00 00 48 8b 05 fc 90 ba 00
0x00007f1449a70b1c:   4e 8b 34 a8 48 8b 55 b0 48 8b 42 08 4a 8b 1c a8
0x00007f1449a70b2c:   48 8b 03 48 89 df ff 50 28 8b 48 10 48 89 c6 48
0x00007f1449a70b3c:   8b 15 de a9 ba 00 48 63 c1 48 8d 44 00 01 48 c1 

Register to memory mapping:

RAX=0x00007f140cee81d8 is an unknown value
RBX=0x0000000000000000 is an unknown value
RCX=0x0000000000000008 is an unknown value
RDX=0x00007f140cee88b0 is an unknown value
RSP=0x00007f142c7563e0 is pointing into the stack for thread: 0x00007f144425a800
RBP=0x00007f142c756460 is pointing into the stack for thread: 0x00007f144425a800
RSI=0x00000000000000db is an unknown value
RDI=0x00007f140cee88e0 is an unknown value
R8 =0x00007f140ca06410 is an unknown value
R9 =0x0000000000000013 is an unknown value
R10=0x00007f142c757dc0 is pointing into the stack for thread: 0x00007f144425a800
R11=0x00007f144a813610: <offset 0x184610> in /lib/x86_64-linux-gnu/libc.so.6 at 0x00007f144a68f000
R12=0x00000000000000c0 is an unknown value
R13=0x0000000000000180 is an unknown value
R14=0x00000000000000b8 is an unknown value
R15=0x00007f140010c7a8 is an unknown value


Stack: [0x00007f142c65a000,0x00007f142c75b000],  sp=0x00007f142c7563e0,  free space=1008k
Native frames: (J=compiled Java code, j=interpreted, Vv=VM code, C=native code)
V  [libjvm.so+0x304b2c]  OopFlow::build_oop_map(Node*, int, PhaseRegAlloc*, int*)+0x14c
V  [libjvm.so+0x30510a]  OopFlow::compute_reach(PhaseRegAlloc*, int, Dict*)+0x22a
V  [libjvm.so+0x30629d]  Compile::BuildOopMaps()+0xffd
V  [libjvm.so+0x8b4b8d]  Compile::Output()+0x6dd
V  [libjvm.so+0x45e05a]  Compile::Code_Gen()+0x30a
V  [libjvm.so+0x4612c5]  Compile::Compile(ciEnv*, C2Compiler*, ciMethod*, int, bool, bool, bool)+0x1435
V  [libjvm.so+0x3b5008]  C2Compiler::compile_method(ciEnv*, ciMethod*, int)+0x198
V  [libjvm.so+0x46982a]  CompileBroker::invoke_compiler_on_method(CompileTask*)+0xc8a
V  [libjvm.so+0x46c230]  CompileBroker::compiler_thread_loop()+0x620
V  [libjvm.so+0x9e303f]  JavaThread::thread_main_inner()+0xdf
V  [libjvm.so+0x9e3205]  JavaThread::run()+0x1b5
V  [libjvm.so+0x8a00c8]  java_start(Thread*)+0x108


Current CompileTask:
C2:  35841 5028       4       groovy.lang.MetaClassImpl::findPropertyMethod (356 bytes)


---------------  P R O C E S S  ---------------

Java Threads: ( => current thread )
  0x00007f13e4c48800 JavaThread "net.sf.ehcache.CacheManager@48d65b37" daemon [_thread_blocked, id=9731, stack(0x00007f1424b64000,0x00007f1424c65000)]
  0x00007f13e475b000 JavaThread "PoolCleaner[1098637:1404902632735]" daemon [_thread_blocked, id=9730, stack(0x00007f1425265000,0x00007f1425366000)]
  0x00007f13e40e3000 JavaThread "FileSystemWatcher: files=#129 cl=groovy.lang.GroovyClassLoader@10c38d" daemon [_thread_blocked, id=9725, stack(0x00007f1426366000,0x00007f1426467000)]
  0x00007f13e409b800 JavaThread "Thread-4" daemon [_thread_in_native, id=9724, stack(0x00007f142647a000,0x00007f142657b000)]
  0x00007f13e0001800 JavaThread "localhost-startStop-1" daemon [_thread_in_Java, id=9723, stack(0x00007f142677b000,0x00007f142687c000)]
  0x00007f1444b81800 JavaThread "Tomcat-startStop-1" daemon [_thread_blocked, id=9722, stack(0x00007f142687c000,0x00007f142697d000)]
  0x00007f1444b6e800 JavaThread "Thread-3" [_thread_in_native, id=9720, stack(0x00007f14271ad000,0x00007f14272ae000)]
  0x00007f14446ae000 JavaThread "Thread-2" [_thread_blocked, id=9719, stack(0x00007f14276e3000,0x00007f14277e4000)]
  0x00007f144443f000 JavaThread "NonBlockingInputStreamThread" daemon [_thread_blocked, id=9708, stack(0x00007f142c01c000,0x00007f142c11d000)]
  0x00007f144442d800 JavaThread "process reaper" daemon [_thread_blocked, id=9697, stack(0x00007f142c31e000,0x00007f142c357000)]
  0x00007f144429c000 JavaThread "Service Thread" daemon [_thread_blocked, id=9693, stack(0x00007f142c458000,0x00007f142c559000)]
  0x00007f144426b000 JavaThread "C1 CompilerThread2" daemon [_thread_blocked, id=9692, stack(0x00007f142c559000,0x00007f142c65a000)]
=>0x00007f144425a800 JavaThread "C2 CompilerThread1" daemon [_thread_in_native, id=9691, stack(0x00007f142c65a000,0x00007f142c75b000)]
  0x00007f1444259800 JavaThread "C2 CompilerThread0" daemon [_thread_in_native, id=9690, stack(0x00007f142c75b000,0x00007f142c85c000)]
  0x00007f1444175000 JavaThread "Signal Dispatcher" daemon [_thread_blocked, id=9689, stack(0x00007f142c90d000,0x00007f142ca0e000)]
  0x00007f1444146000 JavaThread "Finalizer" daemon [_thread_blocked, id=9688, stack(0x00007f142d0f1000,0x00007f142d1f2000)]
  0x00007f1444141800 JavaThread "Reference Handler" daemon [_thread_blocked, id=9687, stack(0x00007f142d1f2000,0x00007f142d2f3000)]
  0x00007f144400c800 JavaThread "main" [_thread_blocked, id=9679, stack(0x00007f144b185000,0x00007f144b286000)]

Other Threads:
  0x00007f144413c800 VMThread [stack: 0x00007f142d2f3000,0x00007f142d3f4000] [id=9686]
  0x00007f144429e800 WatcherThread [stack: 0x00007f142c357000,0x00007f142c458000] [id=9694]

VM state:not at safepoint (normal execution)

VM Mutex/Monitor currently owned by a thread: None

Heap:
 PSYoungGen      total 243200K, used 201523K [0x00000000f0000000, 0x0000000100000000, 0x0000000100000000)
  eden space 225792K, 81% used [0x00000000f0000000,0x00000000fb3cdbd0,0x00000000fdc80000)
  from space 17408K, 99% used [0x00000000fdc80000,0x00000000fed7f2e0,0x00000000fed80000)
  to   space 18944K, 0% used [0x00000000fed80000,0x00000000fed80000,0x0000000100000000)
 ParOldGen       total 76288K, used 66946K [0x00000000d0000000, 0x00000000d4a80000, 0x00000000f0000000)
  object space 76288K, 87% used [0x00000000d0000000,0x00000000d41609c0,0x00000000d4a80000)
 Metaspace       used 56587K, capacity 57920K, committed 58088K, reserved 1099776K
  class space    used 6409K, capacity 6856K, committed 6888K, reserved 1048576K

Card table byte_map: [0x00007f144804a000,0x00007f14481cb000] byte_map_base: 0x00007f14479ca000

Marking Bits: (ParMarkBitMap*) 0x00007f144a664cc0
 Begin Bits: [0x00007f142e800000, 0x00007f142f400000)
 End Bits:   [0x00007f142f400000, 0x00007f1430000000)

Polling page: 0x00007f144b2a6000

CodeCache: size=245760Kb used=16909Kb max_used=17005Kb free=228850Kb
 bounds [0x00007f1435000000, 0x00007f14360b0000, 0x00007f1444000000]
 total_blobs=5481 nmethods=4739 adapters=653
 compilation: enabled

Compilation events (10 events):
Event: 35.782 Thread 0x00007f144426b000 5041       1       org.springsource.loaded.MethodInvokerRewriter$RewriteClassAdaptor::getClassVisitor (5 bytes)
Event: 35.782 Thread 0x00007f144426b000 nmethod 5041 0x00007f14351cd650 code [0x00007f14351cd7a0, 0x00007f14351cd8b0]
Event: 35.783 Thread 0x00007f144426b000 5042       1       org.springsource.loaded.TypeRewriter$RewriteClassAdaptor::getClassVisitor (5 bytes)
Event: 35.784 Thread 0x00007f144426b000 nmethod 5042 0x00007f143523ad50 code [0x00007f143523aea0, 0x00007f143523afb0]
Event: 35.785 Thread 0x00007f144426b000 5044       1       org.springsource.loaded.TypeRegistry::shouldDefineClasses (5 bytes)
Event: 35.785 Thread 0x00007f144426b000 nmethod 5044 0x00007f1435479b50 code [0x00007f1435479ca0, 0x00007f1435479db0]
Event: 35.808 Thread 0x00007f144426b000 5046       2       groovy.lang.MetaClassImpl::findMatchingMethod (93 bytes)
Event: 35.809 Thread 0x00007f144426b000 nmethod 5046 0x00007f1435449550 code [0x00007f14354496e0, 0x00007f1435449a18]
Event: 35.815 Thread 0x00007f144426b000 5047       2       groovy.lang.MetaBeanProperty::setField (6 bytes)
Event: 35.815 Thread 0x00007f144426b000 nmethod 5047 0x00007f1435139590 code [0x00007f14351396e0, 0x00007f1435139850]

GC Heap History (10 events):
Event: 27.674 GC heap before
{Heap before GC invocations=58 (full 5):
 PSYoungGen      total 223744K, used 207872K [0x00000000f0000000, 0x00000000fed00000, 0x0000000100000000)
  eden space 207872K, 100% used [0x00000000f0000000,0x00000000fcb00000,0x00000000fcb00000)
  from space 15872K, 0% used [0x00000000fdd80000,0x00000000fdd80000,0x00000000fed00000)
  to   space 17408K, 0% used [0x00000000fcb00000,0x00000000fcb00000,0x00000000fdc00000)
 ParOldGen       total 76288K, used 62087K [0x00000000d0000000, 0x00000000d4a80000, 0x00000000f0000000)
  object space 76288K, 81% used [0x00000000d0000000,0x00000000d3ca1e60,0x00000000d4a80000)
 Metaspace       used 48715K, capacity 49838K, committed 50152K, reserved 1093632K
  class space    used 5429K, capacity 5833K, committed 5864K, reserved 1048576K
Event: 27.681 GC heap after
Heap after GC invocations=58 (full 5):
 PSYoungGen      total 225280K, used 1607K [0x00000000f0000000, 0x0000000100000000, 0x0000000100000000)
  eden space 207872K, 0% used [0x00000000f0000000,0x00000000f0000000,0x00000000fcb00000)
  from space 17408K, 9% used [0x00000000fcb00000,0x00000000fcc91c18,0x00000000fdc00000)
  to   space 17920K, 0% used [0x00000000fee80000,0x00000000fee80000,0x0000000100000000)
 ParOldGen       total 76288K, used 62087K [0x00000000d0000000, 0x00000000d4a80000, 0x00000000f0000000)
  object space 76288K, 81% used [0x00000000d0000000,0x00000000d3ca1e60,0x00000000d4a80000)
 Metaspace       used 48715K, capacity 49838K, committed 50152K, reserved 1093632K
  class space    used 5429K, capacity 5833K, committed 5864K, reserved 1048576K
}
Event: 28.280 GC heap before
{Heap before GC invocations=59 (full 5):
 PSYoungGen      total 225280K, used 201095K [0x00000000f0000000, 0x0000000100000000, 0x0000000100000000)
  eden space 207872K, 95% used [0x00000000f0000000,0x00000000fc2d0368,0x00000000fcb00000)
  from space 17408K, 9% used [0x00000000fcb00000,0x00000000fcc91c18,0x00000000fdc00000)
  to   space 17920K, 0% used [0x00000000fee80000,0x00000000fee80000,0x0000000100000000)
 ParOldGen       total 76288K, used 62087K [0x00000000d0000000, 0x00000000d4a80000, 0x00000000f0000000)
  object space 76288K, 81% used [0x00000000d0000000,0x00000000d3ca1e60,0x00000000d4a80000)
 Metaspace       used 49865K, capacity 51068K, committed 51304K, reserved 1095680K
  class space    used 5580K, capacity 5967K, committed 5992K, reserved 1048576K
Event: 28.290 GC heap after
Heap after GC invocations=59 (full 5):
 PSYoungGen      total 244224K, used 2006K [0x00000000f0000000, 0x0000000100000000, 0x0000000100000000)
  eden space 226304K, 0% used [0x00000000f0000000,0x00000000f0000000,0x00000000fdd00000)
  from space 17920K, 11% used [0x00000000fee80000,0x00000000ff075878,0x0000000100000000)
  to   space 17920K, 0% used [0x00000000fdd00000,0x00000000fdd00000,0x00000000fee80000)
 ParOldGen       total 76288K, used 62095K [0x00000000d0000000, 0x00000000d4a80000, 0x00000000f0000000)
  object space 76288K, 81% used [0x00000000d0000000,0x00000000d3ca3e60,0x00000000d4a80000)
 Metaspace       used 49865K, capacity 51068K, committed 51304K, reserved 1095680K
  class space    used 5580K, capacity 5967K, committed 5992K, reserved 1048576K
}
Event: 29.893 GC heap before
{Heap before GC invocations=60 (full 5):
 PSYoungGen      total 244224K, used 228310K [0x00000000f0000000, 0x0000000100000000, 0x0000000100000000)
  eden space 226304K, 100% used [0x00000000f0000000,0x00000000fdd00000,0x00000000fdd00000)
  from space 17920K, 11% used [0x00000000fee80000,0x00000000ff075878,0x0000000100000000)
  to   space 17920K, 0% used [0x00000000fdd00000,0x00000000fdd00000,0x00000000fee80000)
 ParOldGen       total 76288K, used 62095K [0x00000000d0000000, 0x00000000d4a80000, 0x00000000f0000000)
  object space 76288K, 81% used [0x00000000d0000000,0x00000000d3ca3e60,0x00000000d4a80000)
 Metaspace       used 51704K, capacity 52882K, committed 53096K, reserved 1095680K
  class space    used 5833K, capacity 6235K, committed 6248K, reserved 1048576K
Event: 29.905 GC heap after
Heap after GC invocations=60 (full 5):
 PSYoungGen      total 231936K, used 5260K [0x00000000f0000000, 0x00000000ffe00000, 0x0000000100000000)
  eden space 226304K, 0% used [0x00000000f0000000,0x00000000f0000000,0x00000000fdd00000)
  from space 5632K, 93% used [0x00000000fdd00000,0x00000000fe223080,0x00000000fe280000)
  to   space 16896K, 0% used [0x00000000fed80000,0x00000000fed80000,0x00000000ffe00000)
 ParOldGen       total 76288K, used 62103K [0x00000000d0000000, 0x00000000d4a80000, 0x00000000f0000000)
  object space 76288K, 81% used [0x00000000d0000000,0x00000000d3ca5e60,0x00000000d4a80000)
 Metaspace       used 51704K, capacity 52882K, committed 53096K, reserved 1095680K
  class space    used 5833K, capacity 6235K, committed 6248K, reserved 1048576K
}
Event: 31.673 GC heap before
{Heap before GC invocations=61 (full 5):
 PSYoungGen      total 231936K, used 231564K [0x00000000f0000000, 0x00000000ffe00000, 0x0000000100000000)
  eden space 226304K, 100% used [0x00000000f0000000,0x00000000fdd00000,0x00000000fdd00000)
  from space 5632K, 93% used [0x00000000fdd00000,0x00000000fe223080,0x00000000fe280000)
  to   space 16896K, 0% used [0x00000000fed80000,0x00000000fed80000,0x00000000ffe00000)
 ParOldGen       total 76288K, used 62103K [0x00000000d0000000, 0x00000000d4a80000, 0x00000000f0000000)
  object space 76288K, 81% used [0x00000000d0000000,0x00000000d3ca5e60,0x00000000d4a80000)
 Metaspace       used 52827K, capacity 54170K, committed 54248K, reserved 1097728K
  class space    used 5967K, capacity 6376K, committed 6376K, reserved 1048576K
Event: 31.717 GC heap after
Heap after GC invocations=61 (full 5):
 PSYoungGen      total 242688K, used 11183K [0x00000000f0000000, 0x0000000100000000, 0x0000000100000000)
  eden space 225792K, 0% used [0x00000000f0000000,0x00000000f0000000,0x00000000fdc80000)
  from space 16896K, 66% used [0x00000000fed80000,0x00000000ff86bf10,0x00000000ffe00000)
  to   space 17408K, 0% used [0x00000000fdc80000,0x00000000fdc80000,0x00000000fed80000)
 ParOldGen       total 76288K, used 62111K [0x00000000d0000000, 0x00000000d4a80000, 0x00000000f0000000)
  object space 76288K, 81% used [0x00000000d0000000,0x00000000d3ca7e60,0x00000000d4a80000)
 Metaspace       used 52827K, capacity 54170K, committed 54248K, reserved 1097728K
  class space    used 5967K, capacity 6376K, committed 6376K, reserved 1048576K
}
Event: 34.390 GC heap before
{Heap before GC invocations=62 (full 5):
 PSYoungGen      total 242688K, used 236975K [0x00000000f0000000, 0x0000000100000000, 0x0000000100000000)
  eden space 225792K, 100% used [0x00000000f0000000,0x00000000fdc80000,0x00000000fdc80000)
  from space 16896K, 66% used [0x00000000fed80000,0x00000000ff86bf10,0x00000000ffe00000)
  to   space 17408K, 0% used [0x00000000fdc80000,0x00000000fdc80000,0x00000000fed80000)
 ParOldGen       total 76288K, used 62111K [0x00000000d0000000, 0x00000000d4a80000, 0x00000000f0000000)
  object space 76288K, 81% used [0x00000000d0000000,0x00000000d3ca7e60,0x00000000d4a80000)
 Metaspace       used 54808K, capacity 56128K, committed 56296K, reserved 1099776K
  class space    used 6141K, capacity 6578K, committed 6632K, reserved 1048576K
Event: 34.480 GC heap after
Heap after GC invocations=62 (full 5):
 PSYoungGen      total 243200K, used 17404K [0x00000000f0000000, 0x0000000100000000, 0x0000000100000000)
  eden space 225792K, 0% used [0x00000000f0000000,0x00000000f0000000,0x00000000fdc80000)
  from space 17408K, 99% used [0x00000000fdc80000,0x00000000fed7f2e0,0x00000000fed80000)
  to   space 18944K, 0% used [0x00000000fed80000,0x00000000fed80000,0x0000000100000000)
 ParOldGen       total 76288K, used 66946K [0x00000000d0000000, 0x00000000d4a80000, 0x00000000f0000000)
  object space 76288K, 87% used [0x00000000d0000000,0x00000000d41609c0,0x00000000d4a80000)
 Metaspace       used 54808K, capacity 56128K, committed 56296K, reserved 1099776K
  class space    used 6141K, capacity 6578K, committed 6632K, reserved 1048576K
}

Deoptimization events (10 events):
Event: 31.072 Thread 0x00007f13e0001800 Uncommon trap: reason=bimorphic action=maybe_recompile pc=0x00007f1435e043b8 method=groovy.lang.MetaClassImpl$1MOPIter.methodNameAction(Ljava/lang/Class;Lorg/codehaus/groovy/runtime/metaclass/MetaMethodIndex$Entry;)V @ 268
Event: 31.072 Thread 0x00007f13e0001800 Uncommon trap: reason=bimorphic action=maybe_recompile pc=0x00007f1435e043b8 method=groovy.lang.MetaClassImpl$1MOPIter.methodNameAction(Ljava/lang/Class;Lorg/codehaus/groovy/runtime/metaclass/MetaMethodIndex$Entry;)V @ 268
Event: 31.073 Thread 0x00007f13e0001800 Uncommon trap: reason=bimorphic action=maybe_recompile pc=0x00007f1435e043b8 method=groovy.lang.MetaClassImpl$1MOPIter.methodNameAction(Ljava/lang/Class;Lorg/codehaus/groovy/runtime/metaclass/MetaMethodIndex$Entry;)V @ 268
Event: 32.024 Thread 0x00007f13e0001800 Uncommon trap: reason=class_check action=maybe_recompile pc=0x00007f143513bad4 method=java.lang.reflect.Executable.getAnnotation(Ljava/lang/Class;)Ljava/lang/annotation/Annotation; @ 19
Event: 32.210 Thread 0x00007f13e0001800 Uncommon trap: reason=array_check action=maybe_recompile pc=0x00007f1435eea4b8 method=java.util.AbstractCollection.toArray([Ljava/lang/Object;)[Ljava/lang/Object; @ 119
Event: 32.211 Thread 0x00007f13e0001800 Uncommon trap: reason=array_check action=maybe_recompile pc=0x00007f1435eea4b8 method=java.util.AbstractCollection.toArray([Ljava/lang/Object;)[Ljava/lang/Object; @ 119
Event: 32.222 Thread 0x00007f13e0001800 Uncommon trap: reason=array_check action=maybe_recompile pc=0x00007f1435eea4b8 method=java.util.AbstractCollection.toArray([Ljava/lang/Object;)[Ljava/lang/Object; @ 119
Event: 32.222 Thread 0x00007f13e0001800 Uncommon trap: reason=array_check action=maybe_recompile pc=0x00007f1435eea4b8 method=java.util.AbstractCollection.toArray([Ljava/lang/Object;)[Ljava/lang/Object; @ 119
Event: 34.048 Thread 0x00007f13e0001800 Uncommon trap: reason=class_check action=maybe_recompile pc=0x00007f143513bad4 method=java.lang.reflect.Executable.getAnnotation(Ljava/lang/Class;)Ljava/lang/annotation/Annotation; @ 19
Event: 35.048 Thread 0x00007f13e0001800 Uncommon trap: reason=class_check action=maybe_recompile pc=0x00007f143513bad4 method=java.lang.reflect.Executable.getAnnotation(Ljava/lang/Class;)Ljava/lang/annotation/Annotation; @ 19

Internal exceptions (10 events):
Event: 35.814 Thread 0x00007f13e0001800 Exception <a 'java/security/PrivilegedActionException'> (0x00000000fa78d7b0) thrown at [/HUDSON/workspace/8-2-build-linux-amd64/jdk8u5/2488/hotspot/src/share/vm/prims/jvm.cpp, line 1248]
Event: 35.814 Thread 0x00007f13e0001800 Exception <a 'java/lang/ClassNotFoundException': java/lang/reflect/ModifierCustomizer> (0x00000000fa78e6a8) thrown at [/HUDSON/workspace/8-2-build-linux-amd64/jdk8u5/2488/hotspot/src/share/vm/classfile/systemDictionary.cpp, line 202]
Event: 35.817 Thread 0x00007f13e0001800 Exception <a 'java/security/PrivilegedActionException'> (0x00000000fb134190) thrown at [/HUDSON/workspace/8-2-build-linux-amd64/jdk8u5/2488/hotspot/src/share/vm/prims/jvm.cpp, line 1248]
Event: 35.817 Thread 0x00007f13e0001800 Exception <a 'java/security/PrivilegedActionException'> (0x00000000fb139ae8) thrown at [/HUDSON/workspace/8-2-build-linux-amd64/jdk8u5/2488/hotspot/src/share/vm/prims/jvm.cpp, line 1248]
Event: 35.819 Thread 0x00007f13e0001800 Exception <a 'java/security/PrivilegedActionException'> (0x00000000fb156ad8) thrown at [/HUDSON/workspace/8-2-build-linux-amd64/jdk8u5/2488/hotspot/src/share/vm/prims/jvm.cpp, line 1248]
Event: 35.819 Thread 0x00007f13e0001800 Exception <a 'java/security/PrivilegedActionException'> (0x00000000fb15bec0) thrown at [/HUDSON/workspace/8-2-build-linux-amd64/jdk8u5/2488/hotspot/src/share/vm/prims/jvm.cpp, line 1248]
Event: 35.822 Thread 0x00007f13e0001800 Exception <a 'java/security/PrivilegedActionException'> (0x00000000fb179098) thrown at [/HUDSON/workspace/8-2-build-linux-amd64/jdk8u5/2488/hotspot/src/share/vm/prims/jvm.cpp, line 1248]
Event: 35.822 Thread 0x00007f13e0001800 Exception <a 'java/security/PrivilegedActionException'> (0x00000000fb17e808) thrown at [/HUDSON/workspace/8-2-build-linux-amd64/jdk8u5/2488/hotspot/src/share/vm/prims/jvm.cpp, line 1248]
Event: 35.828 Thread 0x00007f13e0001800 Exception <a 'java/security/PrivilegedActionException'> (0x00000000fb1ade70) thrown at [/HUDSON/workspace/8-2-build-linux-amd64/jdk8u5/2488/hotspot/src/share/vm/prims/jvm.cpp, line 1248]
Event: 35.828 Thread 0x00007f13e0001800 Exception <a 'java/security/PrivilegedActionException'> (0x00000000fb1b34b0) thrown at [/HUDSON/workspace/8-2-build-linux-amd64/jdk8u5/2488/hotspot/src/share/vm/prims/jvm.cpp, line 1248]

Events (10 events):
Event: 35.816 loading class org/codehaus/groovy/runtime/typehandling/DefaultTypeTransformation
Event: 35.816 loading class org/codehaus/groovy/runtime/typehandling/DefaultTypeTransformation done
Event: 35.816 loading class groovy/runtime/metaclass/org/grails/plugin/resource/CSSPreprocessorResourceMapperMetaClass
Event: 35.816 loading class groovy/runtime/metaclass/org/grails/plugin/resource/CSSPreprocessorResourceMapperMetaClass done
Event: 35.819 loading class groovy/runtime/metaclass/org/grails/plugin/resource/BaseUrlResourceMapperMetaClass
Event: 35.819 loading class groovy/runtime/metaclass/org/grails/plugin/resource/BaseUrlResourceMapperMetaClass done
Event: 35.822 loading class groovy/runtime/metaclass/org/grails/plugin/resource/CSSRewriterResourceMapperMetaClass
Event: 35.822 loading class groovy/runtime/metaclass/org/grails/plugin/resource/CSSRewriterResourceMapperMetaClass done
Event: 35.828 loading class org/grails/plugin/resource/mapper/ResourceMappersFactory$_createResourceMappers_closure2
Event: 35.828 loading class org/grails/plugin/resource/mapper/ResourceMappersFactory$_createResourceMappers_closure2 done


Dynamic libraries:
00400000-00401000 r-xp 00000000 08:06 3233770                            /usr/lib/jvm/java-8-oracle/bin/java
00600000-00601000 rw-p 00000000 08:06 3233770                            /usr/lib/jvm/java-8-oracle/bin/java
00937000-00958000 rw-p 00000000 00:00 0                                  [heap]
d0000000-d4a80000 rw-p 00000000 00:00 0 
d4a80000-f0000000 ---p 00000000 00:00 0 
f0000000-100000000 rw-p 00000000 00:00 0 
100000000-1006ba000 rw-p 00000000 00:00 0 
1006ba000-140000000 ---p 00000000 00:00 0 
7f13c8000000-7f13c8021000 rw-p 00000000 00:00 0 
7f13c8021000-7f13cc000000 ---p 00000000 00:00 0 
7f13d0000000-7f13d0021000 rw-p 00000000 00:00 0 
7f13d0021000-7f13d4000000 ---p 00000000 00:00 0 
7f13d4000000-7f13d4021000 rw-p 00000000 00:00 0 
7f13d4021000-7f13d8000000 ---p 00000000 00:00 0 
7f13d8000000-7f13d8021000 rw-p 00000000 00:00 0 
7f13d8021000-7f13dc000000 ---p 00000000 00:00 0 
7f13dc000000-7f13dc021000 rw-p 00000000 00:00 0 
7f13dc021000-7f13e0000000 ---p 00000000 00:00 0 
7f13e0000000-7f13e0021000 rw-p 00000000 00:00 0 
7f13e0021000-7f13e4000000 ---p 00000000 00:00 0 
7f13e4000000-7f13e5064000 rw-p 00000000 00:00 0 
7f13e5064000-7f13e8000000 ---p 00000000 00:00 0 
7f13e8000000-7f13e8021000 rw-p 00000000 00:00 0 
7f13e8021000-7f13ec000000 ---p 00000000 00:00 0 
7f13ec000000-7f13ec037000 rw-p 00000000 00:00 0 
7f13ec037000-7f13f0000000 ---p 00000000 00:00 0 
7f13f0000000-7f13f0021000 rw-p 00000000 00:00 0 
7f13f0021000-7f13f4000000 ---p 00000000 00:00 0 
7f13f4000000-7f13f4021000 rw-p 00000000 00:00 0 
7f13f4021000-7f13f8000000 ---p 00000000 00:00 0 
7f13f8000000-7f13f8021000 rw-p 00000000 00:00 0 
7f13f8021000-7f13fc000000 ---p 00000000 00:00 0 
7f13fc000000-7f13fc021000 rw-p 00000000 00:00 0 
7f13fc021000-7f1400000000 ---p 00000000 00:00 0 
7f1400000000-7f1401702000 rw-p 00000000 00:00 0 
7f1401702000-7f1404000000 ---p 00000000 00:00 0 
7f1404000000-7f1404a7f000 rw-p 00000000 00:00 0 
7f1404a7f000-7f1408000000 ---p 00000000 00:00 0 
7f1408000000-7f1408021000 rw-p 00000000 00:00 0 
7f1408021000-7f140c000000 ---p 00000000 00:00 0 
7f140c000000-7f140d382000 rw-p 00000000 00:00 0 
7f140d382000-7f1410000000 ---p 00000000 00:00 0 
7f1410000000-7f1410021000 rw-p 00000000 00:00 0 
7f1410021000-7f1414000000 ---p 00000000 00:00 0 
7f1414000000-7f1414021000 rw-p 00000000 00:00 0 
7f1414021000-7f1418000000 ---p 00000000 00:00 0 
7f1418000000-7f141802a000 rw-p 00000000 00:00 0 
7f141802a000-7f141c000000 ---p 00000000 00:00 0 
7f141c000000-7f141c0fa000 rw-p 00000000 00:00 0 
7f141c0fa000-7f1420000000 ---p 00000000 00:00 0 
7f1420000000-7f1420023000 rw-p 00000000 00:00 0 
7f1420023000-7f1424000000 ---p 00000000 00:00 0 
7f142445d000-7f1424463000 r--s 002f7000 08:06 3233722                    /usr/lib/jvm/java-8-oracle/jre/lib/charsets.jar
7f1424463000-7f1424663000 rw-p 00000000 00:00 0 
7f1424663000-7f1424863000 rw-p 00000000 00:00 0 
7f1424863000-7f1424866000 ---p 00000000 00:00 0 
7f1424866000-7f1424b64000 rw-p 00000000 00:00 0 
7f1424b64000-7f1424b67000 ---p 00000000 00:00 0 
7f1424b67000-7f1424e65000 rw-p 00000000 00:00 0 
7f1424e65000-7f1425065000 rw-p 00000000 00:00 0 
7f1425065000-7f1425265000 rw-p 00000000 00:00 0 
7f1425265000-7f1425268000 ---p 00000000 00:00 0 
7f1425268000-7f1425566000 rw-p 00000000 00:00 0 
7f1425566000-7f1425766000 rw-p 00000000 00:00 0 
7f1425766000-7f1425966000 rw-p 00000000 00:00 0 
7f1425966000-7f1425b66000 rw-p 00000000 00:00 0 
7f1425b66000-7f1425d66000 rw-p 00000000 00:00 0 
7f1425d66000-7f1425f66000 rw-p 00000000 00:00 0 
7f1425f66000-7f1426166000 rw-p 00000000 00:00 0 
7f1426166000-7f1426366000 rw-p 00000000 00:00 0 
7f1426366000-7f1426369000 ---p 00000000 00:00 0 
7f1426369000-7f1426467000 rw-p 00000000 00:00 0 
7f1426467000-7f142647a000 r--s 00345000 08:06 3233716                    /usr/lib/jvm/java-8-oracle/jre/lib/resources.jar
7f142647a000-7f142647d000 ---p 00000000 00:00 0 
7f142647d000-7f142677b000 rw-p 00000000 00:00 0 
7f142677b000-7f142677e000 ---p 00000000 00:00 0 
7f142677e000-7f142687c000 rw-p 00000000 00:00 0 
7f142687c000-7f142687f000 ---p 00000000 00:00 0 
7f142687f000-7f142697d000 rw-p 00000000 00:00 0 
7f142697d000-7f142698d000 r-xp 00000000 08:06 3233476                    /usr/lib/jvm/java-8-oracle/jre/lib/amd64/libnio.so
7f142698d000-7f1426b8d000 ---p 00010000 08:06 3233476                    /usr/lib/jvm/java-8-oracle/jre/lib/amd64/libnio.so
7f1426b8d000-7f1426b8e000 rw-p 00010000 08:06 3233476                    /usr/lib/jvm/java-8-oracle/jre/lib/amd64/libnio.so
7f1426b8e000-7f1426d8e000 rw-p 00000000 00:00 0 
7f1426d8e000-7f1426d96000 r-xp 00000000 08:06 3233538                    /usr/lib/jvm/java-8-oracle/jre/lib/amd64/libmanagement.so
7f1426d96000-7f1426f96000 ---p 00008000 08:06 3233538                    /usr/lib/jvm/java-8-oracle/jre/lib/amd64/libmanagement.so
7f1426f96000-7f1426f97000 rw-p 00008000 08:06 3233538                    /usr/lib/jvm/java-8-oracle/jre/lib/amd64/libmanagement.so
7f1426f97000-7f1426fad000 r-xp 00000000 08:06 3233484                    /usr/lib/jvm/java-8-oracle/jre/lib/amd64/libnet.so
7f1426fad000-7f14271ac000 ---p 00016000 08:06 3233484                    /usr/lib/jvm/java-8-oracle/jre/lib/amd64/libnet.so
7f14271ac000-7f14271ad000 rw-p 00015000 08:06 3233484                    /usr/lib/jvm/java-8-oracle/jre/lib/amd64/libnet.so
7f14271ad000-7f14271b0000 ---p 00000000 00:00 0 
7f14271b0000-7f14272ae000 rw-p 00000000 00:00 0 
7f14272ae000-7f14272b1000 r--s 00012000 08:06 5535273                    /home/jbondia/.gvm/grails/2.4.2/lib/javax.servlet/javax.servlet-api/jars/javax.servlet-api-3.0.1.jar
7f14272b1000-7f14272b6000 r--s 00040000 08:06 5539719                    /home/jbondia/.gvm/grails/2.4.2/dist/grails-project-api-2.4.2.jar
7f14272b6000-7f14272c7000 r--s 000d2000 08:06 4485925                    /root/.m2/repository/org/liquibase/liquibase-core/2.0.5/liquibase-core-2.0.5.jar
7f14272c7000-7f14272cb000 r--s 0000c000 08:06 4485913                    /root/.m2/repository/javax/validation/validation-api/1.1.0.Final/validation-api-1.1.0.Final.jar
7f14272cb000-7f14272d1000 r--s 0004c000 08:06 5535608                    /home/jbondia/.gvm/grails/2.4.2/lib/org.grails/grails-datastore-simple/jars/grails-datastore-simple-3.1.1.RELEASE.jar
7f14272d1000-7f14272d9000 r--s 00052000 08:06 4485905                    /root/.m2/repository/org/springframework/spring-orm/4.0.5.RELEASE/spring-orm-4.0.5.RELEASE.jar
7f14272d9000-7f14272db000 r--s 0000a000 08:06 4485897                    /root/.m2/repository/org/grails/grails-datastore-gorm-plugin-support/3.1.1.RELEASE/grails-datastore-gorm-plugin-support-3.1.1.RELEASE.jar
7f14272db000-7f14272e1000 r--s 00041000 08:06 4485889                    /root/.m2/repository/org/grails/grails-datastore-gorm-hibernate-core/3.1.1.RELEASE/grails-datastore-gorm-hibernate-core-3.1.1.RELEASE.jar
7f14272e1000-7f14272e6000 r--s 00048000 08:06 4485885                    /root/.m2/repository/dom4j/dom4j/1.6.1/dom4j-1.6.1.jar
7f14272e6000-7f14272e7000 r--s 00002000 08:06 4485877                    /root/.m2/repository/org/jboss/logging/jboss-logging-annotations/1.2.0.Beta1/jboss-logging-annotations-1.2.0.Beta1.jar
7f14272e7000-7f14272ea000 r--s 00010000 08:06 4485865                    /root/.m2/repository/org/hibernate/common/hibernate-commons-annotations/4.0.4.Final/hibernate-commons-annotations-4.0.4.Final.jar
7f14272ea000-7f14272f2000 r--s 00062000 08:06 4485857                    /root/.m2/repository/org/grails/grails-datastore-gorm-hibernate4/3.1.1.RELEASE/grails-datastore-gorm-hibernate4-3.1.1.RELEASE.jar
7f14272f2000-7f14272fb000 r--s 00081000 08:06 5535607                    /home/jbondia/.gvm/grails/2.4.2/lib/org.grails/grails-datastore-gorm/jars/grails-datastore-gorm-3.1.1.RELEASE.jar
7f14272fb000-7f1427306000 r--s 00052000 08:06 5535606                    /home/jbondia/.gvm/grails/2.4.2/lib/org.grails/grails-datastore-core/jars/grails-datastore-core-3.1.1.RELEASE.jar
7f1427306000-7f1427308000 r--s 0000d000 08:06 4485849                    /root/.m2/repository/org/jboss/logging/jboss-logging/3.1.0.GA/jboss-logging-3.1.0.GA.jar
7f1427308000-7f142731e000 r--s 000e6000 08:06 4485841                    /root/.m2/repository/net/sf/ehcache/ehcache-core/2.4.8/ehcache-core-2.4.8.jar
7f142731e000-7f1427320000 r--s 00011000 08:06 4485837                    /root/.m2/repository/org/jboss/jandex/1.1.0.Final/jandex-1.1.0.Final.jar
7f1427320000-7f1427325000 r--s 00068000 08:06 4485825                    /root/.m2/repository/antlr/antlr/2.7.7/antlr-2.7.7.jar
7f1427325000-7f1427326000 r--s 00006000 08:06 4485817                    /root/.m2/repository/org/jboss/spec/javax/transaction/jboss-transaction-api_1.2_spec/1.0.0.Final/jboss-transaction-api_1.2_spec-1.0.0.Final.jar
7f1427326000-7f1427383000 r--s 004a0000 08:06 4485809                    /root/.m2/repository/org/hibernate/hibernate-core/4.3.5.Final/hibernate-core-4.3.5.Final.jar
7f1427383000-7f1427387000 r--s 0001e000 08:06 4485805                    /root/.m2/repository/org/hibernate/hibernate-ehcache/4.3.5.Final/hibernate-ehcache-4.3.5.Final.jar
7f1427387000-7f1427389000 r--s 0000d000 08:06 4485793                    /root/.m2/repository/com/fasterxml/classmate/1.0.0/classmate-1.0.0.jar
7f1427389000-7f1427396000 r--s 00080000 08:06 4485785                    /root/.m2/repository/org/hibernate/hibernate-validator/5.0.3.Final/hibernate-validator-5.0.3.Final.jar
7f1427396000-7f142739f000 r--s 000a5000 08:06 4485765                    /root/.m2/repository/org/javassist/javassist/3.17.1-GA/javassist-3.17.1-GA.jar
7f142739f000-7f14273a2000 r--s 00083000 08:06 5539740                    /home/jbondia/.gvm/grails/2.4.2/dist/grails-resources-2.4.2.jar
7f14273a2000-7f14273af000 r--s 00189000 08:06 5534751                    /home/jbondia/.gvm/grails/2.4.2/lib/com.h2database/h2/jars/h2-1.3.176.jar
7f14273af000-7f14273b3000 r--s 00021000 08:06 5539404                    /home/jbondia/.gvm/grails/2.4.2/dist/grails-plugin-converters-2.4.2.jar
7f14273b3000-7f14273b6000 r--s 00018000 08:06 5539467                    /home/jbondia/.gvm/grails/2.4.2/dist/grails-plugin-domain-class-2.4.2.jar
7f14273b6000-7f14273b8000 r--s 0000e000 08:06 5539572                    /home/jbondia/.gvm/grails/2.4.2/dist/grails-plugin-mimetypes-2.4.2.jar
7f14273b8000-7f14273b9000 r--s 0000e000 08:06 5535541                    /home/jbondia/.gvm/grails/2.4.2/lib/org.codehaus.jsr166-mirror/jsr166y/jars/jsr166y-1.7.0.jar
7f14273b9000-7f14273d5000 r--s 00136000 08:06 5535532                    /home/jbondia/.gvm/grails/2.4.2/lib/org.codehaus.gpars/gpars/jars/gpars-1.2.1.jar
7f14273d5000-7f14273d7000 r--s 00011000 08:06 5539194                    /home/jbondia/.gvm/grails/2.4.2/dist/grails-async-2.4.2.jar
7f14273d7000-7f14273d9000 r--s 0000e000 08:06 5539341                    /home/jbondia/.gvm/grails/2.4.2/dist/grails-plugin-async-2.4.2.jar
7f14273d9000-7f14273dd000 r--s 00028000 08:06 5535235                    /home/jbondia/.gvm/grails/2.4.2/lib/commons-validator/commons-validator/jars/commons-validator-1.4.0.jar
7f14273dd000-7f14273e0000 r--s 00012000 08:06 5539824                    /home/jbondia/.gvm/grails/2.4.2/dist/grails-validation-2.4.2.jar
7f14273e0000-7f14273e4000 r--s 00019000 08:06 5534739                    /home/jbondia/.gvm/grails/2.4.2/lib/com.googlecode.concurrentlinkedhashmap/concurrentlinkedhashmap-lru/jars/concurrentlinkedhashmap-lru-1.4.jar
7f14273e4000-7f14273e6000 r--s 0000e000 08:06 5539677                    /home/jbondia/.gvm/grails/2.4.2/dist/grails-plugin-url-mappings-2.4.2.jar
7f14273e6000-7f14273e7000 r--s 00006000 08:06 5539635                    /home/jbondia/.gvm/grails/2.4.2/dist/grails-plugin-servlets-2.4.2.jar
7f14273e7000-7f14273ee000 r--s 00036000 08:06 5535703                    /home/jbondia/.gvm/grails/2.4.2/lib/org.springframework/spring-tx/jars/spring-tx-4.0.5.RELEASE.jar
7f14273ee000-7f14273f0000 r--s 00009000 08:06 5539614                    /home/jbondia/.gvm/grails/2.4.2/dist/grails-plugin-services-2.4.2.jar
7f14273f0000-7f14273f1000 r--s 00001000 08:06 5535639                    /home/jbondia/.gvm/grails/2.4.2/lib/org.slf4j/jul-to-slf4j/jars/jul-to-slf4j-1.7.5.jar
7f14273f1000-7f14273f2000 r--s 00000000 08:06 5539320                    /home/jbondia/.gvm/grails/2.4.2/dist/grails-logging-2.4.2.jar
7f14273f2000-7f1427401000 r--s 00096000 08:06 5535707                    /home/jbondia/.gvm/grails/2.4.2/lib/org.springframework/spring-web/jars/spring-web-4.0.5.RELEASE.jar
7f1427401000-7f1427406000 r--s 0002e000 08:06 5539299                    /home/jbondia/.gvm/grails/2.4.2/dist/grails-encoder-2.4.2.jar
7f1427406000-7f142740c000 r--s 00033000 08:06 5534939                    /home/jbondia/.gvm/grails/2.4.2/lib/commons-codec/commons-codec/jars/commons-codec-1.6.jar
7f142740c000-7f142740e000 r--s 00012000 08:06 5539362                    /home/jbondia/.gvm/grails/2.4.2/dist/grails-plugin-codecs-2.4.2.jar
7f142740e000-7f1427410000 r--s 0000c000 08:06 5539971                    /home/jbondia/.gvm/grails/2.4.2/dist/grails-web-gsp-taglib-2.4.2.jar
7f1427410000-7f1427416000 r--s 00058000 08:06 5539509                    /home/jbondia/.gvm/grails/2.4.2/dist/grails-plugin-gsp-2.4.2.jar
7f1427416000-7f1427418000 r--s 0000b000 08:06 5539488                    /home/jbondia/.gvm/grails/2.4.2/dist/grails-plugin-filters-2.4.2.jar
7f1427418000-7f142741d000 r--s 00041000 08:06 5535234                    /home/jbondia/.gvm/grails/2.4.2/lib/commons-lang/commons-lang/jars/commons-lang-2.6.jar
7f142741d000-7f142741e000 r--s 00005000 08:06 5539530                    /home/jbondia/.gvm/grails/2.4.2/dist/grails-plugin-i18n-2.4.2.jar
7f142741e000-7f1427423000 r--s 00017000 08:06 5535623                    /home/jbondia/.gvm/grails/2.4.2/lib/org.hibernate.javax.persistence/hibernate-jpa-2.1-api/jars/hibernate-jpa-2.1-api-1.0.0.Final.jar
7f1427423000-7f1427425000 r--s 00009000 08:06 5539782                    /home/jbondia/.gvm/grails/2.4.2/dist/grails-spring-2.4.2.jar
7f1427425000-7f1427428000 r--s 00041000 08:06 5535728                    /home/jbondia/.gvm/grails/2.4.2/lib/xalan/serializer/jars/serializer-2.7.1.jar
7f1427428000-7f1427434000 r--s 00098000 08:06 5535678                    /home/jbondia/.gvm/grails/2.4.2/lib/org.springframework/spring-beans/jars/spring-beans-4.0.5.RELEASE.jar
7f1427434000-7f1427448000 r--s 000db000 08:06 5535687                    /home/jbondia/.gvm/grails/2.4.2/lib/org.springframework/spring-core/jars/spring-core-4.0.5.RELEASE.jar
7f1427448000-7f1427455000 r--s 000a7000 08:06 5539236                    /home/jbondia/.gvm/grails/2.4.2/dist/grails-core-2.4.2.jar
7f1427455000-7f1427456000 r--s 00005000 08:06 5539425                    /home/jbondia/.gvm/grails/2.4.2/dist/grails-plugin-databinding-2.4.2.jar
7f1427456000-7f142745b000 r--s 0002e000 08:06 5535691                    /home/jbondia/.gvm/grails/2.4.2/lib/org.springframework/spring-expression/jars/spring-expression-4.0.5.RELEASE.jar
7f142745b000-7f1427464000 r--s 0004e000 08:06 5535673                    /home/jbondia/.gvm/grails/2.4.2/lib/org.springframework/spring-aop/jars/spring-aop-4.0.5.RELEASE.jar
7f1427464000-7f142747b000 r--s 000d8000 08:06 5535682                    /home/jbondia/.gvm/grails/2.4.2/lib/org.springframework/spring-context/jars/spring-context-4.0.5.RELEASE.jar
7f142747b000-7f142747d000 r--s 00008000 08:06 5535509                    /home/jbondia/.gvm/grails/2.4.2/lib/org.apache.tomcat/tomcat-juli/jars/tomcat-juli-7.0.50.jar
7f142747d000-7f142747f000 r--s 0001d000 08:06 5535505                    /home/jbondia/.gvm/grails/2.4.2/lib/org.apache.tomcat/tomcat-jdbc/jars/tomcat-jdbc-7.0.50.jar
7f142747f000-7f1427489000 r--s 0005e000 08:06 5535695                    /home/jbondia/.gvm/grails/2.4.2/lib/org.springframework/spring-jdbc/jars/spring-jdbc-4.0.5.RELEASE.jar
7f1427489000-7f142748b000 r--s 0000d000 08:06 5539446                    /home/jbondia/.gvm/grails/2.4.2/dist/grails-plugin-datasource-2.4.2.jar
7f142748b000-7f142748d000 r--s 00008000 08:06 5539698                    /home/jbondia/.gvm/grails/2.4.2/dist/grails-plugin-validation-2.4.2.jar
7f142748d000-7f1427491000 r--s 00020000 08:06 5539383                    /home/jbondia/.gvm/grails/2.4.2/dist/grails-plugin-controllers-2.4.2.jar
7f1427491000-7f1427495000 r--s 00019000 08:06 5535517                    /home/jbondia/.gvm/grails/2.4.2/lib/org.aspectj/aspectjrt/jars/aspectjrt-1.8.0.jar
7f1427495000-7f14274ad000 r--s 001aa000 08:06 5535518                    /home/jbondia/.gvm/grails/2.4.2/lib/org.aspectj/aspectjweaver/jars/aspectjweaver-1.8.0.jar
7f14274ad000-7f14274b1000 r--s 00024000 08:06 5539992                    /home/jbondia/.gvm/grails/2.4.2/dist/grails-web-jsp-2.4.2.jar
7f14274b1000-7f14274b3000 r--s 0001d000 08:06 5539887                    /home/jbondia/.gvm/grails/2.4.2/dist/grails-web-databinding-2.4.2.jar
7f14274b3000-7f14274b9000 r--s 00027000 08:06 5535459                    /home/jbondia/.gvm/grails/2.4.2/lib/opensymphony/sitemesh/jars/sitemesh-2.4.jar
7f14274b9000-7f14274bb000 r--s 0000b000 08:06 5540034                    /home/jbondia/.gvm/grails/2.4.2/dist/grails-web-sitemesh-2.4.2.jar
7f14274bb000-7f14274bd000 r--s 00009000 08:06 5540013                    /home/jbondia/.gvm/grails/2.4.2/dist/grails-web-mvc-2.4.2.jar
7f14274bd000-7f14274bf000 r--s 0000b000 08:06 5535674                    /home/jbondia/.gvm/grails/2.4.2/lib/org.springframework/spring-aspects/jars/spring-aspects-4.0.5.RELEASE.jar
7f14274bf000-7f14274c6000 r--s 0004f000 08:06 5539950                    /home/jbondia/.gvm/grails/2.4.2/dist/grails-web-gsp-2.4.2.jar
7f14274c6000-7f14274ca000 r--s 00027000 08:06 5535147                    /home/jbondia/.gvm/grails/2.4.2/lib/commons-io/commons-io/jars/commons-io-2.2.jar
7f14274ca000-7f14274cc000 r--s 0000f000 08:06 5535137                    /home/jbondia/.gvm/grails/2.4.2/lib/commons-fileupload/commons-fileupload/jars/commons-fileupload-1.3.1.jar
7f14274cc000-7f14274cd000 r--s 00000000 08:06 5539929                    /home/jbondia/.gvm/grails/2.4.2/dist/grails-web-fileupload-2.4.2.jar
7f14274cd000-7f14274d1000 r--s 00023000 08:06 5540055                    /home/jbondia/.gvm/grails/2.4.2/dist/grails-web-url-mappings-2.4.2.jar
7f14274d1000-7f14274d3000 r--s 00013000 08:06 5539257                    /home/jbondia/.gvm/grails/2.4.2/dist/grails-databinding-2.4.2.jar
7f14274d3000-7f14274d7000 r--s 0001e000 08:06 5535683                    /home/jbondia/.gvm/grails/2.4.2/lib/org.springframework/spring-context-support/jars/spring-context-support-4.0.5.RELEASE.jar
7f14274d7000-7f14274e3000 r--s 00096000 08:06 5535708                    /home/jbondia/.gvm/grails/2.4.2/lib/org.springframework/spring-webmvc/jars/spring-webmvc-4.0.5.RELEASE.jar
7f14274e3000-7f14276e3000 rw-p 00000000 00:00 0 
7f14276e3000-7f14276e6000 ---p 00000000 00:00 0 
7f14276e6000-7f14279e4000 rw-p 00000000 00:00 0 
7f14279e4000-7f1427a00000 r--s 00393000 08:06 3233448                    /usr/lib/jvm/java-8-oracle/jre/lib/ext/cldrdata.jar
7f1427a00000-7f1427c00000 rw-p 00000000 00:00 0 
7f1427c00000-7f1427e00000 rw-p 00000000 00:00 0 
7f1427e00000-7f1428000000 rw-p 00000000 00:00 0 
7f1428000000-7f1428024000 rw-p 00000000 00:00 0 
7f1428024000-7f142c000000 ---p 00000000 00:00 0 
7f142c002000-7f142c007000 r--s 00030000 08:06 5539866                    /home/jbondia/.gvm/grails/2.4.2/dist/grails-web-common-2.4.2.jar
7f142c007000-7f142c009000 r--s 00009000 08:06 5539845                    /home/jbondia/.gvm/grails/2.4.2/dist/grails-web-2.4.2.jar
7f142c009000-7f142c00e000 r--s 0002a000 08:06 5534719                    /home/jbondia/.gvm/grails/2.4.2/lib/com.google.code.gson/gson/jars/gson-2.2.4.jar
7f142c00e000-7f142c011000 r--s 00038000 08:06 5539593                    /home/jbondia/.gvm/grails/2.4.2/dist/grails-plugin-rest-2.4.2.jar
7f142c011000-7f142c01c000 r--s 0021a000 08:06 3233434                    /usr/lib/jvm/java-8-oracle/jre/lib/ext/localedata.jar
7f142c01c000-7f142c01f000 ---p 00000000 00:00 0 
7f142c01f000-7f142c11d000 rw-p 00000000 00:00 0 
7f142c11d000-7f142c11e000 r-xp 00000000 08:06 4603976                    /tmp/libjansi-64-4342786648871714291.so
7f142c11e000-7f142c31d000 ---p 00001000 08:06 4603976                    /tmp/libjansi-64-4342786648871714291.so
7f142c31d000-7f142c31e000 rw-p 00000000 08:06 4603976                    /tmp/libjansi-64-4342786648871714291.so
7f142c31e000-7f142c321000 ---p 00000000 00:00 0 
7f142c321000-7f142c357000 rw-p 00000000 00:00 0 
7f142c357000-7f142c358000 ---p 00000000 00:00 0 
7f142c358000-7f142c458000 rw-p 00000000 00:00 0 
7f142c458000-7f142c45b000 ---p 00000000 00:00 0 
7f142c45b000-7f142c559000 rw-p 00000000 00:00 0 
7f142c559000-7f142c55c000 ---p 00000000 00:00 0 
7f142c55c000-7f142c65a000 rw-p 00000000 00:00 0 
7f142c65a000-7f142c65d000 ---p 00000000 00:00 0 
7f142c65d000-7f142c75b000 rw-p 00000000 00:00 0 
7f142c75b000-7f142c75e000 ---p 00000000 00:00 0 
7f142c75e000-7f142c85c000 rw-p 00000000 00:00 0 
7f142c85c000-7f142c862000 r--s 0005f000 08:06 5535713                    /home/jbondia/.gvm/grails/2.4.2/lib/org.springframework/springloaded/jars/springloaded-1.2.0.RELEASE.jar
7f142c862000-7f142c883000 r--s 00267000 08:06 4484684                    /root/.m2/repository/org/apache/tomcat/embed/tomcat-embed-core/7.0.53/tomcat-embed-core-7.0.53.jar
7f142c883000-7f142c885000 r--s 00013000 08:06 4484675                    /root/.m2/repository/org/apache/tomcat/embed/tomcat-embed-logging-log4j/7.0.53/tomcat-embed-logging-log4j-7.0.53.jar
7f142c885000-7f142c88e000 r--s 0009f000 08:06 4484670                    /root/.m2/repository/org/apache/tomcat/embed/tomcat-embed-jasper/7.0.53/tomcat-embed-jasper-7.0.53.jar
7f142c88e000-7f142c890000 r--s 0000e000 08:06 5955551                    /home/jbondia/Diputació-AST/idea_workspace/ocelot/ocelot-bpm-project/Blank_app/target/work/plugins/tomcat-7.0.54/grails-plugin-tomcat-7.0.54.jar
7f142c890000-7f142c892000 r--s 0000c000 08:06 4484667                    /root/.m2/repository/org/apache/tomcat/tomcat-catalina-ant/7.0.53/tomcat-catalina-ant-7.0.53.jar
7f142c892000-7f142c8a2000 r--s 0019c000 08:06 4484683                    /root/.m2/repository/org/eclipse/jdt/core/compiler/ecj/3.7.2/ecj-3.7.2.jar
7f142c8a2000-7f142c90d000 r--s 00683000 08:06 5535536                    /home/jbondia/.gvm/grails/2.4.2/lib/org.codehaus.groovy/groovy-all/jars/groovy-all-2.3.3.jar
7f142c90d000-7f142c910000 ---p 00000000 00:00 0 
7f142c910000-7f142ca0e000 rw-p 00000000 00:00 0 
7f142ca0e000-7f142d0f1000 r--p 00000000 08:06 3021278                    /usr/lib/locale/locale-archive
7f142d0f1000-7f142d0f4000 ---p 00000000 00:00 0 
7f142d0f4000-7f142d1f2000 rw-p 00000000 00:00 0 
7f142d1f2000-7f142d1f5000 ---p 00000000 00:00 0 
7f142d1f5000-7f142d2f3000 rw-p 00000000 00:00 0 
7f142d2f3000-7f142d2f4000 ---p 00000000 00:00 0 
7f142d2f4000-7f1430000000 rw-p 00000000 00:00 0 
7f1430000000-7f1430021000 rw-p 00000000 00:00 0 
7f1430021000-7f1434000000 ---p 00000000 00:00 0 
7f1434000000-7f1434002000 r--s 00000000 08:06 5534701                    /home/jbondia/.gvm/grails/2.4.2/lib/aopalliance/aopalliance/jars/aopalliance-1.0.jar
7f1434002000-7f1434006000 r--s 00027000 08:06 4484672                    /root/.m2/repository/org/apache/tomcat/embed/tomcat-embed-el/7.0.53/tomcat-embed-el-7.0.53.jar
7f1434006000-7f1434008000 r--s 0001a000 08:06 5535605                    /home/jbondia/.gvm/grails/2.4.2/lib/org.fusesource.jansi/jansi/jars/jansi-1.11.jar
7f1434008000-7f143401d000 r--s 00116000 08:06 5535477                    /home/jbondia/.gvm/grails/2.4.2/lib/org.apache.ivy/ivy/jars/ivy-2.3.0.jar
7f143401d000-7f1434095000 r--s 010c6000 08:06 3233304                    /usr/lib/jvm/java-8-oracle/lib/tools.jar
7f1434095000-7f14343e7000 rw-p 00000000 00:00 0 
7f14343e7000-7f14345bc000 r--s 03c4d000 08:06 3233577                    /usr/lib/jvm/java-8-oracle/jre/lib/rt.jar
7f14345bc000-7f143473c000 rw-p 00000000 00:00 0 
7f143473c000-7f143473d000 ---p 00000000 00:00 0 
7f143473d000-7f143483d000 rw-p 00000000 00:00 0 
7f143483d000-7f143483e000 ---p 00000000 00:00 0 
7f143483e000-7f143493e000 rw-p 00000000 00:00 0 
7f143493e000-7f143493f000 ---p 00000000 00:00 0 
7f143493f000-7f1434a3f000 rw-p 00000000 00:00 0 
7f1434a3f000-7f1434a40000 ---p 00000000 00:00 0 
7f1434a40000-7f1434b66000 rw-p 00000000 00:00 0 
7f1434b66000-7f1434c40000 ---p 00000000 00:00 0 
7f1434c40000-7f1434c83000 rw-p 00000000 00:00 0 
7f1434c83000-7f1435000000 ---p 00000000 00:00 0 
7f1435000000-7f14360b0000 rwxp 00000000 00:00 0 
7f14360b0000-7f1444000000 ---p 00000000 00:00 0 
7f1444000000-7f1444e1e000 rw-p 00000000 00:00 0 
7f1444e1e000-7f1448000000 ---p 00000000 00:00 0 
7f1448000000-7f1448005000 r--s 00092000 08:06 3233579                    /usr/lib/jvm/java-8-oracle/jre/lib/jsse.jar
7f1448005000-7f144800a000 r--s 0002f000 08:06 4484678                    /root/.m2/repository/org/apache/tomcat/embed/tomcat-embed-websocket/7.0.53/tomcat-embed-websocket-7.0.53.jar
7f144800a000-7f144800d000 r--s 00018000 08:06 5535463                    /home/jbondia/.gvm/grails/2.4.2/lib/org.apache.ant/ant-junit/jars/ant-junit-1.8.4.jar
7f144800d000-7f144800e000 r--s 00001000 08:06 5535467                    /home/jbondia/.gvm/grails/2.4.2/lib/org.apache.ant/ant-trax/jars/ant-trax-1.7.1.jar
7f144800e000-7f144800f000 r--s 00004000 08:06 5535465                    /home/jbondia/.gvm/grails/2.4.2/lib/org.apache.ant/ant-launcher/jars/ant-launcher-1.8.4.jar
7f144800f000-7f144802d000 r--s 001bd000 08:06 5535461                    /home/jbondia/.gvm/grails/2.4.2/lib/org.apache.ant/ant/jars/ant-1.8.4.jar
7f144802d000-7f1448031000 r--s 00031000 08:06 5535445                    /home/jbondia/.gvm/grails/2.4.2/lib/jline/jline/jars/jline-2.12.jar
7f1448031000-7f1448033000 r--s 00005000 08:06 5535644                    /home/jbondia/.gvm/grails/2.4.2/lib/org.slf4j/slf4j-api/jars/slf4j-api-1.7.5.jar
7f1448033000-7f1448041000 r--s 000db000 08:06 5539215                    /home/jbondia/.gvm/grails/2.4.2/dist/grails-bootstrap-2.4.2.jar
7f1448041000-7f144804a000 r--s 0006f000 08:06 5535455                    /home/jbondia/.gvm/grails/2.4.2/lib/log4j/log4j/jars/log4j-1.2.17.jar
7f144804a000-7f1448070000 rw-p 00000000 00:00 0 
7f1448070000-7f144814a000 ---p 00000000 00:00 0 
7f144814a000-7f14481ca000 rw-p 00000000 00:00 0 
7f14481ca000-7f14481cb000 rw-p 00000000 00:00 0 
7f14481cb000-7f14481e7000 r-xp 00000000 08:06 3233555                    /usr/lib/jvm/java-8-oracle/jre/lib/amd64/libzip.so
7f14481e7000-7f14483e6000 ---p 0001c000 08:06 3233555                    /usr/lib/jvm/java-8-oracle/jre/lib/amd64/libzip.so
7f14483e6000-7f14483e7000 rw-p 0001b000 08:06 3233555                    /usr/lib/jvm/java-8-oracle/jre/lib/amd64/libzip.so
7f14483e7000-7f14483f3000 r-xp 00000000 08:06 5252898                    /lib/x86_64-linux-gnu/libnss_files-2.15.so
7f14483f3000-7f14485f2000 ---p 0000c000 08:06 5252898                    /lib/x86_64-linux-gnu/libnss_files-2.15.so
7f14485f2000-7f14485f3000 r--p 0000b000 08:06 5252898                    /lib/x86_64-linux-gnu/libnss_files-2.15.so
7f14485f3000-7f14485f4000 rw-p 0000c000 08:06 5252898                    /lib/x86_64-linux-gnu/libnss_files-2.15.so
7f14485f4000-7f14485fe000 r-xp 00000000 08:06 5252902                    /lib/x86_64-linux-gnu/libnss_nis-2.15.so
7f14485fe000-7f14487fe000 ---p 0000a000 08:06 5252902                    /lib/x86_64-linux-gnu/libnss_nis-2.15.so
7f14487fe000-7f14487ff000 r--p 0000a000 08:06 5252902                    /lib/x86_64-linux-gnu/libnss_nis-2.15.so
7f14487ff000-7f1448800000 rw-p 0000b000 08:06 5252902                    /lib/x86_64-linux-gnu/libnss_nis-2.15.so
7f1448800000-7f1448817000 r-xp 00000000 08:06 5252914                    /lib/x86_64-linux-gnu/libnsl-2.15.so
7f1448817000-7f1448a16000 ---p 00017000 08:06 5252914                    /lib/x86_64-linux-gnu/libnsl-2.15.so
7f1448a16000-7f1448a17000 r--p 00016000 08:06 5252914                    /lib/x86_64-linux-gnu/libnsl-2.15.so
7f1448a17000-7f1448a18000 rw-p 00017000 08:06 5252914                    /lib/x86_64-linux-gnu/libnsl-2.15.so
7f1448a18000-7f1448a1a000 rw-p 00000000 00:00 0 
7f1448a1a000-7f1448a22000 r-xp 00000000 08:06 5252896                    /lib/x86_64-linux-gnu/libnss_compat-2.15.so
7f1448a22000-7f1448c21000 ---p 00008000 08:06 5252896                    /lib/x86_64-linux-gnu/libnss_compat-2.15.so
7f1448c21000-7f1448c22000 r--p 00007000 08:06 5252896                    /lib/x86_64-linux-gnu/libnss_compat-2.15.so
7f1448c22000-7f1448c23000 rw-p 00008000 08:06 5252896                    /lib/x86_64-linux-gnu/libnss_compat-2.15.so
7f1448c23000-7f1448c2d000 r-xp 00000000 08:06 3233456                    /usr/lib/jvm/java-8-oracle/jre/lib/amd64/libinstrument.so
7f1448c2d000-7f1448e2c000 ---p 0000a000 08:06 3233456                    /usr/lib/jvm/java-8-oracle/jre/lib/amd64/libinstrument.so
7f1448e2c000-7f1448e2d000 rw-p 00009000 08:06 3233456                    /usr/lib/jvm/java-8-oracle/jre/lib/amd64/libinstrument.so
7f1448e2d000-7f1448e57000 r-xp 00000000 08:06 3233508                    /usr/lib/jvm/java-8-oracle/jre/lib/amd64/libjava.so
7f1448e57000-7f1449057000 ---p 0002a000 08:06 3233508                    /usr/lib/jvm/java-8-oracle/jre/lib/amd64/libjava.so
7f1449057000-7f1449059000 rw-p 0002a000 08:06 3233508                    /usr/lib/jvm/java-8-oracle/jre/lib/amd64/libjava.so
7f1449059000-7f1449066000 r-xp 00000000 08:06 3233551                    /usr/lib/jvm/java-8-oracle/jre/lib/amd64/libverify.so
7f1449066000-7f1449266000 ---p 0000d000 08:06 3233551                    /usr/lib/jvm/java-8-oracle/jre/lib/amd64/libverify.so
7f1449266000-7f1449268000 rw-p 0000d000 08:06 3233551                    /usr/lib/jvm/java-8-oracle/jre/lib/amd64/libverify.so
7f1449268000-7f144926f000 r-xp 00000000 08:06 5252901                    /lib/x86_64-linux-gnu/librt-2.15.so
7f144926f000-7f144946e000 ---p 00007000 08:06 5252901                    /lib/x86_64-linux-gnu/librt-2.15.so
7f144946e000-7f144946f000 r--p 00006000 08:06 5252901                    /lib/x86_64-linux-gnu/librt-2.15.so
7f144946f000-7f1449470000 rw-p 00007000 08:06 5252901                    /lib/x86_64-linux-gnu/librt-2.15.so
7f1449470000-7f144956b000 r-xp 00000000 08:06 5252905                    /lib/x86_64-linux-gnu/libm-2.15.so
7f144956b000-7f144976a000 ---p 000fb000 08:06 5252905                    /lib/x86_64-linux-gnu/libm-2.15.so
7f144976a000-7f144976b000 r--p 000fa000 08:06 5252905                    /lib/x86_64-linux-gnu/libm-2.15.so
7f144976b000-7f144976c000 rw-p 000fb000 08:06 5252905                    /lib/x86_64-linux-gnu/libm-2.15.so
7f144976c000-7f144a386000 r-xp 00000000 08:06 3233540                    /usr/lib/jvm/java-8-oracle/jre/lib/amd64/server/libjvm.so
7f144a386000-7f144a585000 ---p 00c1a000 08:06 3233540                    /usr/lib/jvm/java-8-oracle/jre/lib/amd64/server/libjvm.so
7f144a585000-7f144a64e000 rw-p 00c19000 08:06 3233540                    /usr/lib/jvm/java-8-oracle/jre/lib/amd64/server/libjvm.so
7f144a64e000-7f144a68f000 rw-p 00000000 00:00 0 
7f144a68f000-7f144a844000 r-xp 00000000 08:06 5252894                    /lib/x86_64-linux-gnu/libc-2.15.so
7f144a844000-7f144aa44000 ---p 001b5000 08:06 5252894                    /lib/x86_64-linux-gnu/libc-2.15.so
7f144aa44000-7f144aa48000 r--p 001b5000 08:06 5252894                    /lib/x86_64-linux-gnu/libc-2.15.so
7f144aa48000-7f144aa4a000 rw-p 001b9000 08:06 5252894                    /lib/x86_64-linux-gnu/libc-2.15.so
7f144aa4a000-7f144aa4f000 rw-p 00000000 00:00 0 
7f144aa4f000-7f144aa51000 r-xp 00000000 08:06 5252909                    /lib/x86_64-linux-gnu/libdl-2.15.so
7f144aa51000-7f144ac51000 ---p 00002000 08:06 5252909                    /lib/x86_64-linux-gnu/libdl-2.15.so
7f144ac51000-7f144ac52000 r--p 00002000 08:06 5252909                    /lib/x86_64-linux-gnu/libdl-2.15.so
7f144ac52000-7f144ac53000 rw-p 00003000 08:06 5252909                    /lib/x86_64-linux-gnu/libdl-2.15.so
7f144ac53000-7f144ac6a000 r-xp 00000000 08:06 3231246                    /usr/lib/jvm/java-8-oracle/lib/amd64/jli/libjli.so
7f144ac6a000-7f144ae69000 ---p 00017000 08:06 3231246                    /usr/lib/jvm/java-8-oracle/lib/amd64/jli/libjli.so
7f144ae69000-7f144ae6a000 rw-p 00016000 08:06 3231246                    /usr/lib/jvm/java-8-oracle/lib/amd64/jli/libjli.so
7f144ae6a000-7f144ae82000 r-xp 00000000 08:06 5252903                    /lib/x86_64-linux-gnu/libpthread-2.15.so
7f144ae82000-7f144b081000 ---p 00018000 08:06 5252903                    /lib/x86_64-linux-gnu/libpthread-2.15.so
7f144b081000-7f144b082000 r--p 00017000 08:06 5252903                    /lib/x86_64-linux-gnu/libpthread-2.15.so
7f144b082000-7f144b083000 rw-p 00018000 08:06 5252903                    /lib/x86_64-linux-gnu/libpthread-2.15.so
7f144b083000-7f144b087000 rw-p 00000000 00:00 0 
7f144b087000-7f144b0a9000 r-xp 00000000 08:06 5252906                    /lib/x86_64-linux-gnu/ld-2.15.so
7f144b0a9000-7f144b0aa000 rw-p 00000000 00:00 0 
7f144b0aa000-7f144b0ad000 r--s 0000d000 08:06 5539551                    /home/jbondia/.gvm/grails/2.4.2/dist/grails-plugin-log4j-2.4.2.jar
7f144b0ad000-7f144b0af000 r--s 00013000 08:06 5535513                    /home/jbondia/.gvm/grails/2.4.2/lib/org.apache.tomcat.embed/tomcat-embed-logging-log4j/jars/tomcat-embed-logging-log4j-7.0.50.jar
7f144b0af000-7f144b0b4000 r--s 00050000 08:06 5535528                    /home/jbondia/.gvm/grails/2.4.2/lib/org.codehaus.gant/gant_groovy1.8/jars/gant_groovy1.8-1.9.6.jar
7f144b0b4000-7f144b185000 rw-p 00000000 00:00 0 
7f144b185000-7f144b188000 ---p 00000000 00:00 0 
7f144b188000-7f144b28a000 rw-p 00000000 00:00 0 
7f144b28a000-7f144b28c000 r--s 00001000 08:06 3233440                    /usr/lib/jvm/java-8-oracle/jre/lib/ext/dnsns.jar
7f144b28c000-7f144b28e000 r--s 00003000 08:06 5535634                    /home/jbondia/.gvm/grails/2.4.2/lib/org.slf4j/jcl-over-slf4j/jars/jcl-over-slf4j-1.7.5.jar
7f144b28e000-7f144b29d000 rw-p 00000000 00:00 0 
7f144b29d000-7f144b2a5000 rw-s 00000000 08:06 4603973                    /tmp/hsperfdata_root/9678
7f144b2a5000-7f144b2a6000 rw-p 00000000 00:00 0 
7f144b2a6000-7f144b2a7000 r--p 00000000 00:00 0 
7f144b2a7000-7f144b2a9000 rw-p 00000000 00:00 0 
7f144b2a9000-7f144b2aa000 r--p 00022000 08:06 5252906                    /lib/x86_64-linux-gnu/ld-2.15.so
7f144b2aa000-7f144b2ac000 rw-p 00023000 08:06 5252906                    /lib/x86_64-linux-gnu/ld-2.15.so
7fffebf4c000-7fffebf6e000 rw-p 00000000 00:00 0                          [stack]
7fffebfff000-7fffec000000 r-xp 00000000 00:00 0                          [vdso]
ffffffffff600000-ffffffffff601000 r-xp 00000000 00:00 0                  [vsyscall]

VM Arguments:
jvm_args: -Dfile.encoding=UTF-8 -Xmx768M -Xms64M -Dgrails.fork.parent.process.port=60886 -Dgrails.fork.active=true -Dgrails.build.execution.context=/tmp/Blank_app5695922235129539069grails-execution-context -Dgrails.home=/home/jbondia/.gvm/grails/2.4.2 -javaagent:/home/jbondia/.gvm/grails/2.4.2/lib/org.springframework/springloaded/jars/springloaded-1.2.0.RELEASE.jar -Xverify:none -Dspringloaded.synchronize=true -Djdk.reflect.allowGetCallerClass=true -Dspringloaded=profile=grails;cacheDir=/root/.grails/2.4.2 
java_command: org.grails.plugins.tomcat.fork.ForkedTomcatServer
java_class_path (initial): /usr/lib/jvm/java-8-oracle/lib/tools.jar:/home/jbondia/.gvm/grails/2.4.2/lib/org.codehaus.groovy/groovy-all/jars/groovy-all-2.3.3.jar:/home/jbondia/.gvm/grails/2.4.2/lib/org.slf4j/jcl-over-slf4j/jars/jcl-over-slf4j-1.7.5.jar:/home/jbondia/.gvm/grails/2.4.2/lib/org.codehaus.gant/gant_groovy1.8/jars/gant_groovy1.8-1.9.6.jar:/home/jbondia/.gvm/grails/2.4.2/lib/org.apache.tomcat.embed/tomcat-embed-logging-log4j/jars/tomcat-embed-logging-log4j-7.0.50.jar:/home/jbondia/.gvm/grails/2.4.2/dist/grails-plugin-log4j-2.4.2.jar:/home/jbondia/.gvm/grails/2.4.2/lib/log4j/log4j/jars/log4j-1.2.17.jar:/home/jbondia/.gvm/grails/2.4.2/dist/grails-bootstrap-2.4.2.jar:/home/jbondia/.gvm/grails/2.4.2/lib/org.slf4j/slf4j-api/jars/slf4j-api-1.7.5.jar:/home/jbondia/.gvm/grails/2.4.2/lib/jline/jline/jars/jline-2.12.jar:/home/jbondia/.gvm/grails/2.4.2/lib/org.apache.ant/ant/jars/ant-1.8.4.jar:/home/jbondia/.gvm/grails/2.4.2/lib/org.apache.ant/ant-launcher/jars/ant-launcher-1.8.4.jar:/home/jbondia/.gvm/grails/2.4.2/lib/org.apache.ant/ant-trax/jars/ant-trax-1.7.1.jar:/home/jbondia/.gvm/grails/2.4.2/lib/org.apache.ant/ant-junit/jars/ant-junit-1.8.4.jar:/home/jbondia/.gvm/grails/2.4.2/lib/org.apache.ivy/ivy/jars/ivy-2.3.0.jar:/home/jbondia/.gvm/grails/2.4.2/lib/org.fusesource.jansi/jansi/jars/jansi-1.11.jar:/root/.m2/repository/org/apache/tomcat/embed/tomcat-embed-el/7.0.53/tomcat-embed-el-7.0.53.jar:/root/.m2/repository/org/apache/tomcat/embed/tomcat-embed-websocket/7.0.53/tomcat-embed-websocket-7.0.53.jar:/root/.m2/repository/org/eclipse/jdt/core/compiler/ecj/3.7.2/ecj-3.7.2.jar:/root/.m2/repository/org/apache/tomcat/tomcat-catalina-ant/7.0.53/tomcat-catalina-ant-7.0.53.jar:/home/jbondia/Diputació-AST/idea_workspace/ocelot/ocelot-bpm-project/Blank_app/target/work/plugins/tomcat-7.0.54/grails-plugin-tomcat-7.0.54.jar:/root/.m2/repository/org/apache/tomcat/embed/tomcat-embed-jasper/7.0.53/tomcat-embed-jasper-7.0.53.jar:/root/.m2/repository/org/apache/tomcat/embed/tomc
Launcher Type: SUN_STANDARD

Environment Variables:
JAVA_HOME=/usr/lib/jvm/java-8-oracle
CLASSPATH=./../lib/bootstrap.jar:./../lib/extensions.jar:./../lib/util.jar:./../lib/jdom.jar:./../lib/log4j.jar:./../lib/trove4j.jar:./../lib/jna.jar:/usr/lib/jvm/java-8-oracle/lib/tools.jar
PATH=/usr/local/sbin:/usr/local/bin:/usr/sbin:/usr/bin:/sbin:/bin
USERNAME=root
LD_LIBRARY_PATH=.:
SHELL=/bin/bash
DISPLAY=:0

Signal Handlers:
SIGSEGV: [libjvm.so+0xa2fc90], sa_mask[0]=0x7ffbfeff, sa_flags=0x10000004
SIGBUS: [libjvm.so+0xa2fc90], sa_mask[0]=0x7ffbfeff, sa_flags=0x10000004
SIGFPE: [libjvm.so+0x89b4b0], sa_mask[0]=0x7ffbfeff, sa_flags=0x10000004
SIGPIPE: [libjvm.so+0x89b4b0], sa_mask[0]=0x7ffbfeff, sa_flags=0x10000004
SIGXFSZ: [libjvm.so+0x89b4b0], sa_mask[0]=0x7ffbfeff, sa_flags=0x10000004
SIGILL: [libjvm.so+0x89b4b0], sa_mask[0]=0x7ffbfeff, sa_flags=0x10000004
SIGUSR1: SIG_DFL, sa_mask[0]=0x00000000, sa_flags=0x00000000
SIGUSR2: [libjvm.so+0x89cc50], sa_mask[0]=0x00000004, sa_flags=0x10000004
SIGHUP: [libjvm.so+0x89df00], sa_mask[0]=0x7ffbfeff, sa_flags=0x10000004
SIGINT: [libjvm.so+0x89df00], sa_mask[0]=0x7ffbfeff, sa_flags=0x10000004
SIGTERM: [libjvm.so+0x89df00], sa_mask[0]=0x7ffbfeff, sa_flags=0x10000004
SIGQUIT: [libjvm.so+0x89df00], sa_mask[0]=0x7ffbfeff, sa_flags=0x10000004


---------------  S Y S T E M  ---------------

OS:DISTRIB_ID=Ubuntu
DISTRIB_RELEASE=12.04
DISTRIB_CODENAME=precise
DISTRIB_DESCRIPTION="Ubuntu 12.04.4 LTS"

uname:Linux 3.2.0-65-generic #99-Ubuntu SMP Fri Jul 4 21:03:29 UTC 2014 x86_64
libc:glibc 2.15 NPTL 2.15 
rlimit: STACK 8192k, CORE 0k, NPROC 30326, NOFILE 4096, AS infinity
load average:3.78 2.90 2.86

/proc/meminfo:
MemTotal:        3899392 kB
MemFree:          388888 kB
Buffers:           12664 kB
Cached:           445880 kB
SwapCached:       203908 kB
Active:          2461388 kB
Inactive:         845664 kB
Active(anon):    2290012 kB
Inactive(anon):   732720 kB
Active(file):     171376 kB
Inactive(file):   112944 kB
Unevictable:          16 kB
Mlocked:              16 kB
SwapTotal:       1951740 kB
SwapFree:        1247620 kB
Dirty:              2188 kB
Writeback:             0 kB
AnonPages:       2785396 kB
Mapped:           101300 kB
Shmem:            174224 kB
Slab:              83912 kB
SReclaimable:      45004 kB
SUnreclaim:        38908 kB
KernelStack:        5416 kB
PageTables:        42664 kB
NFS_Unstable:          0 kB
Bounce:                0 kB
WritebackTmp:          0 kB
CommitLimit:     3901436 kB
Committed_AS:    7148032 kB
VmallocTotal:   34359738367 kB
VmallocUsed:      600572 kB
VmallocChunk:   34359132636 kB
HardwareCorrupted:     0 kB
AnonHugePages:         0 kB
HugePages_Total:       0
HugePages_Free:        0
HugePages_Rsvd:        0
HugePages_Surp:        0
Hugepagesize:       2048 kB
DirectMap4k:       59392 kB
DirectMap2M:     3985408 kB


CPU:total 4 (2 cores per cpu, 2 threads per core) family 6 model 42 stepping 7, cmov, cx8, fxsr, mmx, sse, sse2, sse3, ssse3, sse4.1, sse4.2, popcnt, avx, clmul, ht, tsc, tscinvbit

/proc/cpuinfo:
processor	: 0
vendor_id	: GenuineIntel
cpu family	: 6
model		: 42
model name	: Intel(R) Core(TM) i5-2410M CPU @ 2.30GHz
stepping	: 7
microcode	: 0x14
cpu MHz		: 1400.000
cache size	: 3072 KB
physical id	: 0
siblings	: 4
core id		: 0
cpu cores	: 2
apicid		: 0
initial apicid	: 0
fpu		: yes
fpu_exception	: yes
cpuid level	: 13
wp		: yes
flags		: fpu vme de pse tsc msr pae mce cx8 apic sep mtrr pge mca cmov pat pse36 clflush dts acpi mmx fxsr sse sse2 ss ht tm pbe syscall nx rdtscp lm constant_tsc arch_perfmon pebs bts rep_good nopl xtopology nonstop_tsc aperfmperf pni pclmulqdq dtes64 monitor ds_cpl vmx est tm2 ssse3 cx16 xtpr pdcm pcid sse4_1 sse4_2 x2apic popcnt tsc_deadline_timer xsave avx lahf_lm ida arat epb xsaveopt pln pts dtherm tpr_shadow vnmi flexpriority ept vpid
bogomips	: 4589.71
clflush size	: 64
cache_alignment	: 64
address sizes	: 36 bits physical, 48 bits virtual
power management:

processor	: 1
vendor_id	: GenuineIntel
cpu family	: 6
model		: 42
model name	: Intel(R) Core(TM) i5-2410M CPU @ 2.30GHz
stepping	: 7
microcode	: 0x14
cpu MHz		: 1400.000
cache size	: 3072 KB
physical id	: 0
siblings	: 4
core id		: 0
cpu cores	: 2
apicid		: 1
initial apicid	: 1
fpu		: yes
fpu_exception	: yes
cpuid level	: 13
wp		: yes
flags		: fpu vme de pse tsc msr pae mce cx8 apic sep mtrr pge mca cmov pat pse36 clflush dts acpi mmx fxsr sse sse2 ss ht tm pbe syscall nx rdtscp lm constant_tsc arch_perfmon pebs bts rep_good nopl xtopology nonstop_tsc aperfmperf pni pclmulqdq dtes64 monitor ds_cpl vmx est tm2 ssse3 cx16 xtpr pdcm pcid sse4_1 sse4_2 x2apic popcnt tsc_deadline_timer xsave avx lahf_lm ida arat epb xsaveopt pln pts dtherm tpr_shadow vnmi flexpriority ept vpid
bogomips	: 4589.36
clflush size	: 64
cache_alignment	: 64
address sizes	: 36 bits physical, 48 bits virtual
power management:

processor	: 2
vendor_id	: GenuineIntel
cpu family	: 6
model		: 42
model name	: Intel(R) Core(TM) i5-2410M CPU @ 2.30GHz
stepping	: 7
microcode	: 0x14
cpu MHz		: 1400.000
cache size	: 3072 KB
physical id	: 0
siblings	: 4
core id		: 1
cpu cores	: 2
apicid		: 2
initial apicid	: 2
fpu		: yes
fpu_exception	: yes
cpuid level	: 13
wp		: yes
flags		: fpu vme de pse tsc msr pae mce cx8 apic sep mtrr pge mca cmov pat pse36 clflush dts acpi mmx fxsr sse sse2 ss ht tm pbe syscall nx rdtscp lm constant_tsc arch_perfmon pebs bts rep_good nopl xtopology nonstop_tsc aperfmperf pni pclmulqdq dtes64 monitor ds_cpl vmx est tm2 ssse3 cx16 xtpr pdcm pcid sse4_1 sse4_2 x2apic popcnt tsc_deadline_timer xsave avx lahf_lm ida arat epb xsaveopt pln pts dtherm tpr_shadow vnmi flexpriority ept vpid
bogomips	: 4589.37
clflush size	: 64
cache_alignment	: 64
address sizes	: 36 bits physical, 48 bits virtual
power management:

processor	: 3
vendor_id	: GenuineIntel
cpu family	: 6
model		: 42
model name	: Intel(R) Core(TM) i5-2410M CPU @ 2.30GHz
stepping	: 7
microcode	: 0x14
cpu MHz		: 1400.000
cache size	: 3072 KB
physical id	: 0
siblings	: 4
core id		: 1
cpu cores	: 2
apicid		: 3
initial apicid	: 3
fpu		: yes
fpu_exception	: yes
cpuid level	: 13
wp		: yes
flags		: fpu vme de pse tsc msr pae mce cx8 apic sep mtrr pge mca cmov pat pse36 clflush dts acpi mmx fxsr sse sse2 ss ht tm pbe syscall nx rdtscp lm constant_tsc arch_perfmon pebs bts rep_good nopl xtopology nonstop_tsc aperfmperf pni pclmulqdq dtes64 monitor ds_cpl vmx est tm2 ssse3 cx16 xtpr pdcm pcid sse4_1 sse4_2 x2apic popcnt tsc_deadline_timer xsave avx lahf_lm ida arat epb xsaveopt pln pts dtherm tpr_shadow vnmi flexpriority ept vpid
bogomips	: 4589.37
clflush size	: 64
cache_alignment	: 64
address sizes	: 36 bits physical, 48 bits virtual
power management:



Memory: 4k page, physical 3899392k(388888k free), swap 1951740k(1247620k free)

vm_info: Java HotSpot(TM) 64-Bit Server VM (25.5-b02) for linux-amd64 JRE (1.8.0_05-b13), built on Mar 18 2014 00:29:27 by "java_re" with gcc 4.3.0 20080428 (Red Hat 4.3.0-8)

time: Wed Jul  9 12:44:04 2014
elapsed time: 35 seconds

