#
# A fatal error has been detected by the Java Runtime Environment:
#
#  SIGSEGV (0xb) at pc=0x00007f11f650eb2c, pid=4093, tid=139714775394048
#
# JRE version: Java(TM) SE Runtime Environment (8.0_05-b13) (build 1.8.0_05-b13)
# Java VM: Java HotSpot(TM) 64-Bit Server VM (25.5-b02 mixed mode linux-amd64 compressed oops)
# Problematic frame:
# V  [libjvm.so+0x304b2c]  OopFlow::build_oop_map(Node*, int, PhaseRegAlloc*, int*)+0x14c
#
# Failed to write core dump. Core dumps have been disabled. To enable core dumping, try "ulimit -c unlimited" before starting Java again
#
# If you would like to submit a bug report, please visit:
#   http://bugreport.sun.com/bugreport/crash.jsp
#

---------------  T H R E A D  ---------------

Current thread (0x0000000000d5b800):  JavaThread "C2 CompilerThread0" daemon [_thread_in_native, id=4105, stack(0x00007f11e17ea000,0x00007f11e18eb000)]

siginfo:si_signo=SIGSEGV: si_errno=0, si_code=1 (SEGV_MAPERR), si_addr=0x0000000000000000

Registers:
RAX=0x0000000000fa7998, RBX=0x0000000000000000, RCX=0x0000000000000008, RDX=0x0000000000fa8070
RSP=0x00007f11e18e64e0, RBP=0x00007f11e18e6560, RSI=0x00000000000000db, RDI=0x0000000000fa80a0
R8 =0x00007f11dc99c730, R9 =0x0000000000000013, R10=0x0000000000000000, R11=0x0000000000000000
R12=0x00000000000000c0, R13=0x0000000000000180, R14=0x00000000000000b8, R15=0x00007f11dc7e7d98
RIP=0x00007f11f650eb2c, EFLAGS=0x0000000000010246, CSGSFS=0x0000000000000033, ERR=0x0000000000000004
  TRAPNO=0x000000000000000e

Top of Stack: (sp=0x00007f11e18e64e0)
0x00007f11e18e64e0:   00007f11dc99bdd0 0000000000000400
0x00007f11e18e64f0:   00007f11dc99c730 00007f11e18e7d90
0x00007f11e18e6500:   000000dadc997fd0 00007f11dc7e7d98
0x00007f11e18e6510:   0000000000fa8070 0000001cf6717a56
0x00007f11e18e6520:   0000000000fa80a0 00007f11dc076b20
0x00007f11e18e6530:   0000000800000040 00007f11dc7e7d98
0x00007f11e18e6540:   0000000000fa8070 0000000000000012
0x00007f11e18e6550:   0000000000000013 0000000000000013
0x00007f11e18e6560:   00007f11e18e65d0 00007f11f650f10a
0x00007f11e18e6570:   00007f11e18e65d0 00007f110000ffff
0x00007f11e18e6580:   00007f1100000004 00007f11dc997fd0
0x00007f11e18e6590:   000000dae18e65d0 00007f11e18e7d90
0x00007f11e18e65a0:   00000009dc7e7830 0000000000000000
0x00007f11e18e65b0:   00000000025eafe0 0000000000000000
0x00007f11e18e65c0:   0000000000fa4af0 00000000025ea9b0
0x00007f11e18e65d0:   00007f11e18e6710 00007f11f651029d
0x00007f11e18e65e0:   00007f11e18e6620 00007f11dd9099b0
0x00007f11e18e65f0:   00007f11e18e66b0 0000000000000018
0x00007f11e18e6600:   000000000000001c 000000070f000000
0x00007f11e18e6610:   0000000100000004 00007f11e18e66d8
0x00007f11e18e6620:   00007f11e18e66d0 00007f11e18e66b0
0x00007f11e18e6630:   00007f11e18e66b0 00007f11e18e66b0
0x00007f11e18e6640:   00007f11e18e8c00 0000000000000007
0x00007f11e18e6650:   00007f11e18e7ec0 00000007000000da
0x00007f11e18e6660:   00007f11dc997fd0 0000000000d5bc70
0x00007f11e18e6670:   00000000000000da ffffffffdc994b50
0x00007f11e18e6680:   00000000025ea860 00007f11dc7e7830
0x00007f11e18e6690:   00007f11dc998100 0000000000000020
0x00007f11e18e66a0:   ffffffffffffffdf 00007f11e18e7d90
0x00007f11e18e66b0:   00007f1100000080 0000000000d5bc70
0x00007f11e18e66c0:   00007f11dc99a690 00007f1100000004
0x00007f11e18e66d0:   0000000000000014 0000000000000000 

Instructions: (pc=0x00007f11f650eb2c)
0x00007f11f650eb0c:   44 39 e2 0f 8e bb 00 00 00 48 8b 05 fc 90 ba 00
0x00007f11f650eb1c:   4e 8b 34 a8 48 8b 55 b0 48 8b 42 08 4a 8b 1c a8
0x00007f11f650eb2c:   48 8b 03 48 89 df ff 50 28 8b 48 10 48 89 c6 48
0x00007f11f650eb3c:   8b 15 de a9 ba 00 48 63 c1 48 8d 44 00 01 48 c1 

Register to memory mapping:

RAX=0x0000000000fa7998 is an unknown value
RBX=0x0000000000000000 is an unknown value
RCX=0x0000000000000008 is an unknown value
RDX=0x0000000000fa8070 is an unknown value
RSP=0x00007f11e18e64e0 is pointing into the stack for thread: 0x0000000000d5b800
RBP=0x00007f11e18e6560 is pointing into the stack for thread: 0x0000000000d5b800
RSI=0x00000000000000db is an unknown value
RDI=0x0000000000fa80a0 is an unknown value
R8 =0x00007f11dc99c730 is an unknown value
R9 =0x0000000000000013 is an unknown value
R10=0x0000000000000000 is an unknown value
R11=0x0000000000000000 is an unknown value
R12=0x00000000000000c0 is an unknown value
R13=0x0000000000000180 is an unknown value
R14=0x00000000000000b8 is an unknown value
R15=0x00007f11dc7e7d98 is an unknown value


Stack: [0x00007f11e17ea000,0x00007f11e18eb000],  sp=0x00007f11e18e64e0,  free space=1009k
Native frames: (J=compiled Java code, j=interpreted, Vv=VM code, C=native code)
V  [libjvm.so+0x304b2c]  OopFlow::build_oop_map(Node*, int, PhaseRegAlloc*, int*)+0x14c
V  [libjvm.so+0x30510a]  OopFlow::compute_reach(PhaseRegAlloc*, int, Dict*)+0x22a
V  [libjvm.so+0x30629d]  Compile::BuildOopMaps()+0xffd
V  [libjvm.so+0x8b4b8d]  Compile::Output()+0x6dd
V  [libjvm.so+0x45e05a]  Compile::Code_Gen()+0x30a
V  [libjvm.so+0x4612c5]  Compile::Compile(ciEnv*, C2Compiler*, ciMethod*, int, bool, bool, bool)+0x1435
V  [libjvm.so+0x3b5008]  C2Compiler::compile_method(ciEnv*, ciMethod*, int)+0x198
V  [libjvm.so+0x46982a]  CompileBroker::invoke_compiler_on_method(CompileTask*)+0xc8a
V  [libjvm.so+0x46c230]  CompileBroker::compiler_thread_loop()+0x620
V  [libjvm.so+0x9e303f]  JavaThread::thread_main_inner()+0xdf
V  [libjvm.so+0x9e3205]  JavaThread::run()+0x1b5
V  [libjvm.so+0x8a00c8]  java_start(Thread*)+0x108


Current CompileTask:
C2:  12735 6038       4       groovy.lang.MetaClassImpl::findPropertyMethod (356 bytes)


---------------  P R O C E S S  ---------------

Java Threads: ( => current thread )
  0x00007f11ddde0000 JavaThread "net.sf.ehcache.CacheManager@628781c" daemon [_thread_blocked, id=4130, stack(0x00007f11d98c9000,0x00007f11d99ca000)]
  0x0000000001f8b800 JavaThread "PoolCleaner[772867874:1405065756218]" daemon [_thread_blocked, id=4129, stack(0x00007f11d9fca000,0x00007f11da0cb000)]
  0x00007f11dcf1b800 JavaThread "FileSystemWatcher: files=#192 cl=groovy.lang.GroovyClassLoader@2e110722" daemon [_thread_blocked, id=4128, stack(0x00007f11db0cb000,0x00007f11db1cc000)]
  0x00007f11dd463800 JavaThread "Thread-4" daemon [_thread_in_native, id=4127, stack(0x00007f11db1cc000,0x00007f11db2cd000)]
  0x0000000001a48000 JavaThread "localhost-startStop-1" daemon [_thread_in_Java, id=4126, stack(0x00007f11db4cd000,0x00007f11db5ce000)]
  0x0000000001a43000 JavaThread "Tomcat-startStop-1" daemon [_thread_blocked, id=4125, stack(0x00007f11db5ce000,0x00007f11db6cf000)]
  0x00000000013da000 JavaThread "Thread-3" [_thread_in_native, id=4124, stack(0x00007f11e00d8000,0x00007f11e01d9000)]
  0x0000000001088800 JavaThread "Thread-2" [_thread_blocked, id=4123, stack(0x00007f11e0673000,0x00007f11e0774000)]
  0x00007f11dc47b800 JavaThread "NonBlockingInputStreamThread" daemon [_thread_blocked, id=4117, stack(0x00007f11e0d74000,0x00007f11e0e75000)]
  0x0000000001243800 JavaThread "process reaper" daemon [_thread_blocked, id=4111, stack(0x00007f11e14a9000,0x00007f11e14e2000)]
  0x00007f11dc0ea000 JavaThread "Service Thread" daemon [_thread_blocked, id=4108, stack(0x00007f11e15e8000,0x00007f11e16e9000)]
  0x0000000000d64800 JavaThread "C1 CompilerThread2" daemon [_thread_blocked, id=4107, stack(0x00007f11e16e9000,0x00007f11e17ea000)]
  0x0000000000d54000 JavaThread "C2 CompilerThread1" daemon [_thread_in_native, id=4106, stack(0x00007f11dbeff000,0x00007f11dc000000)]
=>0x0000000000d5b800 JavaThread "C2 CompilerThread0" daemon [_thread_in_native, id=4105, stack(0x00007f11e17ea000,0x00007f11e18eb000)]
  0x0000000000c66800 JavaThread "Signal Dispatcher" daemon [_thread_blocked, id=4104, stack(0x00007f11e19f3000,0x00007f11e1af4000)]
  0x0000000000c37000 JavaThread "Finalizer" daemon [_thread_blocked, id=4103, stack(0x00007f11e1c6b000,0x00007f11e1d6c000)]
  0x0000000000c2d000 JavaThread "Reference Handler" daemon [_thread_blocked, id=4102, stack(0x00007f11e1d6c000,0x00007f11e1e6d000)]
  0x0000000000af7800 JavaThread "main" [_thread_blocked, id=4096, stack(0x00007f11f7bf5000,0x00007f11f7cf6000)]

Other Threads:
  0x0000000000c28000 VMThread [stack: 0x00007f11e1e6d000,0x00007f11e1f6e000] [id=4101]
  0x00007f11dc0ee000 WatcherThread [stack: 0x00007f11e14e7000,0x00007f11e15e8000] [id=4109]

VM state:not at safepoint (normal execution)

VM Mutex/Monitor currently owned by a thread: None

Heap:
 PSYoungGen      total 197632K, used 70807K [0x00000000f0000000, 0x0000000100000000, 0x0000000100000000)
  eden space 162816K, 25% used [0x00000000f0000000,0x00000000f2808538,0x00000000f9f00000)
  from space 34816K, 85% used [0x00000000fde00000,0x00000000ffb1d850,0x0000000100000000)
  to   space 49664K, 0% used [0x00000000f9f00000,0x00000000f9f00000,0x00000000fcf80000)
 ParOldGen       total 92672K, used 76249K [0x00000000d0000000, 0x00000000d5a80000, 0x00000000f0000000)
  object space 92672K, 82% used [0x00000000d0000000,0x00000000d4a76438,0x00000000d5a80000)
 Metaspace       used 64622K, capacity 66690K, committed 66816K, reserved 1107968K
  class space    used 7403K, capacity 8097K, committed 8192K, reserved 1048576K

Card table byte_map: [0x00007f11e57a7000,0x00007f11e5928000] byte_map_base: 0x00007f11e5127000

Marking Bits: (ParMarkBitMap*) 0x00007f11f7102cc0
 Begin Bits: [0x00007f11e3aa3000, 0x00007f11e46a3000)
 End Bits:   [0x00007f11e46a3000, 0x00007f11e52a3000)

Polling page: 0x00007f11f7d0b000

CodeCache: size=245760Kb used=19851Kb max_used=19851Kb free=225908Kb
 bounds [0x00007f11e5ce8000, 0x00007f11e7068000, 0x00007f11f4ce8000]
 total_blobs=6339 nmethods=5586 adapters=664
 compilation: enabled

Compilation events (10 events):
Event: 12,712 Thread 0x0000000000d5b800 nmethod 6036 0x00007f11e7053910 code [0x00007f11e7053e40, 0x00007f11e7056d98]
Event: 12,712 Thread 0x0000000000d5b800 6038       4       groovy.lang.MetaClassImpl::findPropertyMethod (356 bytes)
Event: 12,714 Thread 0x0000000000d64800 6063       2       groovy.lang.MetaBeanProperty::setGetter (6 bytes)
Event: 12,714 Thread 0x0000000000d64800 nmethod 6063 0x00007f11e704c250 code [0x00007f11e704c3a0, 0x00007f11e704c510]
Event: 12,714 Thread 0x0000000000d64800 6064 %     2       groovy.lang.MetaClassImpl::applyStrayPropertyMethods @ 57 (232 bytes)
Event: 12,715 Thread 0x0000000000d64800 nmethod 6064% 0x00007f11e704aa10 code [0x00007f11e704ac60, 0x00007f11e704b688]
Event: 12,721 Thread 0x0000000000d64800 6065       2       groovy.lang.MetaClassImpl::applyStrayPropertyMethods (232 bytes)
Event: 12,722 Thread 0x0000000000d64800 nmethod 6065 0x00007f11e7049410 code [0x00007f11e7049660, 0x00007f11e7049eb8]
Event: 12,725 Thread 0x0000000000d64800 6066 %     2       groovy.lang.MetaClassImpl::applyStrayPropertyMethods @ 57 (232 bytes)
Event: 12,726 Thread 0x0000000000d64800 nmethod 6066% 0x00007f11e7047bd0 code [0x00007f11e7047e20, 0x00007f11e7048848]

GC Heap History (10 events):
Event: 10,103 GC heap before
{Heap before GC invocations=66 (full 5):
 PSYoungGen      total 227328K, used 210559K [0x00000000f0000000, 0x00000000ffd00000, 0x0000000100000000)
  eden space 197120K, 100% used [0x00000000f0000000,0x00000000fc080000,0x00000000fc080000)
  from space 30208K, 44% used [0x00000000fdd80000,0x00000000fea9fd28,0x00000000ffb00000)
  to   space 29696K, 0% used [0x00000000fc080000,0x00000000fc080000,0x00000000fdd80000)
 ParOldGen       total 76288K, used 62024K [0x00000000d0000000, 0x00000000d4a80000, 0x00000000f0000000)
  object space 76288K, 81% used [0x00000000d0000000,0x00000000d3c92120,0x00000000d4a80000)
 Metaspace       used 57854K, capacity 59216K, committed 59648K, reserved 1101824K
  class space    used 6626K, capacity 7069K, committed 7168K, reserved 1048576K
Event: 10,132 GC heap after
Heap after GC invocations=66 (full 5):
 PSYoungGen      total 226816K, used 18456K [0x00000000f0000000, 0x0000000100000000, 0x0000000100000000)
  eden space 197120K, 0% used [0x00000000f0000000,0x00000000f0000000,0x00000000fc080000)
  from space 29696K, 62% used [0x00000000fc080000,0x00000000fd2860f8,0x00000000fdd80000)
  to   space 30720K, 0% used [0x00000000fe200000,0x00000000fe200000,0x0000000100000000)
 ParOldGen       total 76288K, used 62032K [0x00000000d0000000, 0x00000000d4a80000, 0x00000000f0000000)
  object space 76288K, 81% used [0x00000000d0000000,0x00000000d3c94120,0x00000000d4a80000)
 Metaspace       used 57854K, capacity 59216K, committed 59648K, reserved 1101824K
  class space    used 6626K, capacity 7069K, committed 7168K, reserved 1048576K
}
Event: 10,733 GC heap before
{Heap before GC invocations=67 (full 5):
 PSYoungGen      total 226816K, used 215576K [0x00000000f0000000, 0x0000000100000000, 0x0000000100000000)
  eden space 197120K, 100% used [0x00000000f0000000,0x00000000fc080000,0x00000000fc080000)
  from space 29696K, 62% used [0x00000000fc080000,0x00000000fd2860f8,0x00000000fdd80000)
  to   space 30720K, 0% used [0x00000000fe200000,0x00000000fe200000,0x0000000100000000)
 ParOldGen       total 76288K, used 62032K [0x00000000d0000000, 0x00000000d4a80000, 0x00000000f0000000)
  object space 76288K, 81% used [0x00000000d0000000,0x00000000d3c94120,0x00000000d4a80000)
 Metaspace       used 59527K, capacity 60904K, committed 61312K, reserved 1103872K
  class space    used 6765K, capacity 7202K, committed 7296K, reserved 1048576K
Event: 10,762 GC heap after
Heap after GC invocations=67 (full 5):
 PSYoungGen      total 223232K, used 27716K [0x00000000f0000000, 0x0000000100000000, 0x0000000100000000)
  eden space 192512K, 0% used [0x00000000f0000000,0x00000000f0000000,0x00000000fbc00000)
  from space 30720K, 90% used [0x00000000fe200000,0x00000000ffd112d0,0x0000000100000000)
  to   space 34816K, 0% used [0x00000000fbc00000,0x00000000fbc00000,0x00000000fde00000)
 ParOldGen       total 76288K, used 62040K [0x00000000d0000000, 0x00000000d4a80000, 0x00000000f0000000)
  object space 76288K, 81% used [0x00000000d0000000,0x00000000d3c96120,0x00000000d4a80000)
 Metaspace       used 59527K, capacity 60904K, committed 61312K, reserved 1103872K
  class space    used 6765K, capacity 7202K, committed 7296K, reserved 1048576K
}
Event: 11,311 GC heap before
{Heap before GC invocations=68 (full 5):
 PSYoungGen      total 223232K, used 217950K [0x00000000f0000000, 0x0000000100000000, 0x0000000100000000)
  eden space 192512K, 98% used [0x00000000f0000000,0x00000000fb9c68d8,0x00000000fbc00000)
  from space 30720K, 90% used [0x00000000fe200000,0x00000000ffd112d0,0x0000000100000000)
  to   space 34816K, 0% used [0x00000000fbc00000,0x00000000fbc00000,0x00000000fde00000)
 ParOldGen       total 76288K, used 62040K [0x00000000d0000000, 0x00000000d4a80000, 0x00000000f0000000)
  object space 76288K, 81% used [0x00000000d0000000,0x00000000d3c96120,0x00000000d4a80000)
 Metaspace       used 61940K, capacity 63308K, committed 63616K, reserved 1105920K
  class space    used 7052K, capacity 7494K, committed 7552K, reserved 1048576K
Event: 11,341 GC heap after
Heap after GC invocations=68 (full 5):
 PSYoungGen      total 227328K, used 34815K [0x00000000f0000000, 0x0000000100000000, 0x0000000100000000)
  eden space 192512K, 0% used [0x00000000f0000000,0x00000000f0000000,0x00000000fbc00000)
  from space 34816K, 99% used [0x00000000fbc00000,0x00000000fddffc40,0x00000000fde00000)
  to   space 34816K, 0% used [0x00000000fde00000,0x00000000fde00000,0x0000000100000000)
 ParOldGen       total 76288K, used 64821K [0x00000000d0000000, 0x00000000d4a80000, 0x00000000f0000000)
  object space 76288K, 84% used [0x00000000d0000000,0x00000000d3f4d698,0x00000000d4a80000)
 Metaspace       used 61940K, capacity 63308K, committed 63616K, reserved 1105920K
  class space    used 7052K, capacity 7494K, committed 7552K, reserved 1048576K
}
Event: 12,040 GC heap before
{Heap before GC invocations=69 (full 5):
 PSYoungGen      total 227328K, used 227327K [0x00000000f0000000, 0x0000000100000000, 0x0000000100000000)
  eden space 192512K, 100% used [0x00000000f0000000,0x00000000fbc00000,0x00000000fbc00000)
  from space 34816K, 99% used [0x00000000fbc00000,0x00000000fddffc40,0x00000000fde00000)
  to   space 34816K, 0% used [0x00000000fde00000,0x00000000fde00000,0x0000000100000000)
 ParOldGen       total 76288K, used 64821K [0x00000000d0000000, 0x00000000d4a80000, 0x00000000f0000000)
  object space 76288K, 84% used [0x00000000d0000000,0x00000000d3f4d698,0x00000000d4a80000)
 Metaspace       used 64439K, capacity 66536K, committed 66688K, reserved 1107968K
  class space    used 7361K, capacity 8039K, committed 8064K, reserved 1048576K
Event: 12,073 GC heap after
Heap after GC invocations=69 (full 5):
 PSYoungGen      total 197632K, used 34788K [0x00000000f0000000, 0x0000000100000000, 0x0000000100000000)
  eden space 162816K, 0% used [0x00000000f0000000,0x00000000f0000000,0x00000000f9f00000)
  from space 34816K, 99% used [0x00000000fde00000,0x00000000ffff90e0,0x0000000100000000)
  to   space 49664K, 0% used [0x00000000f9f00000,0x00000000f9f00000,0x00000000fcf80000)
 ParOldGen       total 76288K, used 73813K [0x00000000d0000000, 0x00000000d4a80000, 0x00000000f0000000)
  object space 76288K, 96% used [0x00000000d0000000,0x00000000d4815778,0x00000000d4a80000)
 Metaspace       used 64439K, capacity 66536K, committed 66688K, reserved 1107968K
  class space    used 7361K, capacity 8039K, committed 8064K, reserved 1048576K
}
Event: 12,073 GC heap before
{Heap before GC invocations=70 (full 6):
 PSYoungGen      total 197632K, used 34788K [0x00000000f0000000, 0x0000000100000000, 0x0000000100000000)
  eden space 162816K, 0% used [0x00000000f0000000,0x00000000f0000000,0x00000000f9f00000)
  from space 34816K, 99% used [0x00000000fde00000,0x00000000ffff90e0,0x0000000100000000)
  to   space 49664K, 0% used [0x00000000f9f00000,0x00000000f9f00000,0x00000000fcf80000)
 ParOldGen       total 76288K, used 73813K [0x00000000d0000000, 0x00000000d4a80000, 0x00000000f0000000)
  object space 76288K, 96% used [0x00000000d0000000,0x00000000d4815778,0x00000000d4a80000)
 Metaspace       used 64439K, capacity 66536K, committed 66688K, reserved 1107968K
  class space    used 7361K, capacity 8039K, committed 8064K, reserved 1048576K
Event: 12,627 GC heap after
Heap after GC invocations=70 (full 6):
 PSYoungGen      total 197632K, used 29814K [0x00000000f0000000, 0x0000000100000000, 0x0000000100000000)
  eden space 162816K, 0% used [0x00000000f0000000,0x00000000f0000000,0x00000000f9f00000)
  from space 34816K, 85% used [0x00000000fde00000,0x00000000ffb1d850,0x0000000100000000)
  to   space 49664K, 0% used [0x00000000f9f00000,0x00000000f9f00000,0x00000000fcf80000)
 ParOldGen       total 92672K, used 76249K [0x00000000d0000000, 0x00000000d5a80000, 0x00000000f0000000)
  object space 92672K, 82% used [0x00000000d0000000,0x00000000d4a76438,0x00000000d5a80000)
 Metaspace       used 64439K, capacity 66536K, committed 66688K, reserved 1107968K
  class space    used 7361K, capacity 8039K, committed 8064K, reserved 1048576K
}

Deoptimization events (10 events):
Event: 11,060 Thread 0x0000000001a48000 Uncommon trap: reason=array_check action=maybe_recompile pc=0x00007f11e6ea7ab8 method=java.util.AbstractCollection.toArray([Ljava/lang/Object;)[Ljava/lang/Object; @ 119
Event: 11,060 Thread 0x0000000001a48000 Uncommon trap: reason=array_check action=maybe_recompile pc=0x00007f11e6ea7ab8 method=java.util.AbstractCollection.toArray([Ljava/lang/Object;)[Ljava/lang/Object; @ 119
Event: 11,423 Thread 0x0000000001a48000 Uncommon trap: reason=bimorphic action=maybe_recompile pc=0x00007f11e6987100 method=java.util.regex.Pattern$Branch.match(Ljava/util/regex/Matcher;ILjava/lang/CharSequence;)Z @ 32
Event: 11,464 Thread 0x0000000001a48000 Uncommon trap: reason=bimorphic action=maybe_recompile pc=0x00007f11e6987100 method=java.util.regex.Pattern$Branch.match(Ljava/util/regex/Matcher;ILjava/lang/CharSequence;)Z @ 32
Event: 11,464 Thread 0x0000000001a48000 Uncommon trap: reason=bimorphic action=maybe_recompile pc=0x00007f11e6987100 method=java.util.regex.Pattern$Branch.match(Ljava/util/regex/Matcher;ILjava/lang/CharSequence;)Z @ 32
Event: 11,464 Thread 0x0000000001a48000 Uncommon trap: reason=bimorphic action=maybe_recompile pc=0x00007f11e6987100 method=java.util.regex.Pattern$Branch.match(Ljava/util/regex/Matcher;ILjava/lang/CharSequence;)Z @ 32
Event: 11,679 Thread 0x0000000001a48000 Uncommon trap: reason=bimorphic action=maybe_recompile pc=0x00007f11e6c33d88 method=java.util.regex.Pattern$Curly.match0(Ljava/util/regex/Matcher;IILjava/lang/CharSequence;)Z @ 170
Event: 11,679 Thread 0x0000000001a48000 Uncommon trap: reason=bimorphic action=maybe_recompile pc=0x00007f11e6c33d88 method=java.util.regex.Pattern$Curly.match0(Ljava/util/regex/Matcher;IILjava/lang/CharSequence;)Z @ 170
Event: 11,679 Thread 0x0000000001a48000 Uncommon trap: reason=bimorphic action=maybe_recompile pc=0x00007f11e6c33d88 method=java.util.regex.Pattern$Curly.match0(Ljava/util/regex/Matcher;IILjava/lang/CharSequence;)Z @ 170
Event: 11,679 Thread 0x0000000001a48000 Uncommon trap: reason=bimorphic action=maybe_recompile pc=0x00007f11e6c33d88 method=java.util.regex.Pattern$Curly.match0(Ljava/util/regex/Matcher;IILjava/lang/CharSequence;)Z @ 170

Internal exceptions (10 events):
Event: 12,730 Thread 0x0000000001a48000 Exception <a 'java/security/PrivilegedActionException'> (0x00000000f24fb848) thrown at [/HUDSON/workspace/8-2-build-linux-amd64/jdk8u5/2488/hotspot/src/share/vm/prims/jvm.cpp, line 1248]
Event: 12,730 Thread 0x0000000001a48000 Exception <a 'java/lang/ClassNotFoundException': org/springframework/beans/factory/config/AutowireCapableBeanFactoryBeanInfo> (0x00000000f24fc790) thrown at [/HUDSON/workspace/8-2-build-linux-amd64/jdk8u5/2488/hotspot/src/share/vm/classfile/systemDictiona
Event: 12,730 Thread 0x0000000001a48000 Exception <a 'java/security/PrivilegedActionException'> (0x00000000f24fdab0) thrown at [/HUDSON/workspace/8-2-build-linux-amd64/jdk8u5/2488/hotspot/src/share/vm/prims/jvm.cpp, line 1248]
Event: 12,730 Thread 0x0000000001a48000 Exception <a 'java/security/PrivilegedActionException'> (0x00000000f2502a30) thrown at [/HUDSON/workspace/8-2-build-linux-amd64/jdk8u5/2488/hotspot/src/share/vm/prims/jvm.cpp, line 1248]
Event: 12,730 Thread 0x0000000001a48000 Exception <a 'java/security/PrivilegedActionException'> (0x00000000f2516ad0) thrown at [/HUDSON/workspace/8-2-build-linux-amd64/jdk8u5/2488/hotspot/src/share/vm/prims/jvm.cpp, line 1248]
Event: 12,730 Thread 0x0000000001a48000 Exception <a 'java/security/PrivilegedActionException'> (0x00000000f252f8f0) thrown at [/HUDSON/workspace/8-2-build-linux-amd64/jdk8u5/2488/hotspot/src/share/vm/prims/jvm.cpp, line 1248]
Event: 12,730 Thread 0x0000000001a48000 Exception <a 'java/security/PrivilegedActionException'> (0x00000000f2534870) thrown at [/HUDSON/workspace/8-2-build-linux-amd64/jdk8u5/2488/hotspot/src/share/vm/prims/jvm.cpp, line 1248]
Event: 12,731 Thread 0x0000000001a48000 Exception <a 'java/security/PrivilegedActionException'> (0x00000000f2548910) thrown at [/HUDSON/workspace/8-2-build-linux-amd64/jdk8u5/2488/hotspot/src/share/vm/prims/jvm.cpp, line 1248]
Event: 12,731 Thread 0x0000000001a48000 Exception <a 'java/security/PrivilegedActionException'> (0x00000000f25747b8) thrown at [/HUDSON/workspace/8-2-build-linux-amd64/jdk8u5/2488/hotspot/src/share/vm/prims/jvm.cpp, line 1248]
Event: 12,731 Thread 0x0000000001a48000 Exception <a 'java/lang/ClassNotFoundException': org/springframework/beans/factory/config/AutowireCapableBeanFactoryCustomizer> (0x00000000f2575708) thrown at [/HUDSON/workspace/8-2-build-linux-amd64/jdk8u5/2488/hotspot/src/share/vm/classfile/systemDictio

Events (10 events):
Event: 12,730 loading class org/springframework/beans/factory/config/AutowireCapableBeanFactoryBeanInfo
Event: 12,730 loading class org/springframework/beans/factory/config/AutowireCapableBeanFactoryBeanInfo done
Event: 12,730 loading class org/springframework/beans/factory/config/AutowireCapableBeanFactoryBeanInfo
Event: 12,730 loading class org/springframework/beans/factory/config/AutowireCapableBeanFactoryBeanInfo done
Event: 12,730 loading class org/springframework/beans/factory/config/AutowireCapableBeanFactoryCustomizer
Event: 12,730 loading class org/springframework/beans/factory/config/AutowireCapableBeanFactoryCustomizer done
Event: 12,730 loading class org/springframework/beans/factory/config/AutowireCapableBeanFactoryCustomizer
Event: 12,730 loading class org/springframework/beans/factory/config/AutowireCapableBeanFactoryCustomizer done
Event: 12,731 loading class org/springframework/beans/factory/config/AutowireCapableBeanFactoryCustomizer
Event: 12,731 loading class org/springframework/beans/factory/config/AutowireCapableBeanFactoryCustomizer done


Dynamic libraries:
00400000-00401000 r-xp 00000000 08:02 2228742                            /usr/lib/jvm/java-8-oracle/bin/java
00600000-00601000 rw-p 00000000 08:02 2228742                            /usr/lib/jvm/java-8-oracle/bin/java
00ae9000-035da000 rw-p 00000000 00:00 0                                  [heap]
d0000000-d5a80000 rw-p 00000000 00:00 0 
d5a80000-f0000000 ---p 00000000 00:00 0 
f0000000-100000000 rw-p 00000000 00:00 0 
100000000-100800000 rw-p 00000000 00:00 0 
100800000-140000000 ---p 00000000 00:00 0 
7f11d89c8000-7f11d8b48000 rw-p 00000000 00:00 0 
7f11d8b48000-7f11d8bc8000 ---p 00000000 00:00 0 
7f11d8bc8000-7f11d8dc8000 rw-p 00000000 00:00 0 
7f11d8dc8000-7f11d8fc8000 rw-p 00000000 00:00 0 
7f11d8fc8000-7f11d91c8000 rw-p 00000000 00:00 0 
7f11d91c8000-7f11d93c8000 rw-p 00000000 00:00 0 
7f11d93c8000-7f11d95c8000 rw-p 00000000 00:00 0 
7f11d95c8000-7f11d95cb000 ---p 00000000 00:00 0 
7f11d95cb000-7f11d98c9000 rw-p 00000000 00:00 0 
7f11d98c9000-7f11d98cc000 ---p 00000000 00:00 0 
7f11d98cc000-7f11d9bca000 rw-p 00000000 00:00 0 
7f11d9bca000-7f11d9dca000 rw-p 00000000 00:00 0 
7f11d9dca000-7f11d9fca000 rw-p 00000000 00:00 0 
7f11d9fca000-7f11d9fcd000 ---p 00000000 00:00 0 
7f11d9fcd000-7f11da2cb000 rw-p 00000000 00:00 0 
7f11da2cb000-7f11da4cb000 rw-p 00000000 00:00 0 
7f11da4cb000-7f11da6cb000 rw-p 00000000 00:00 0 
7f11da6cb000-7f11da8cb000 rw-p 00000000 00:00 0 
7f11da8cb000-7f11daacb000 rw-p 00000000 00:00 0 
7f11daacb000-7f11daccb000 rw-p 00000000 00:00 0 
7f11daccb000-7f11daecb000 rw-p 00000000 00:00 0 
7f11daecb000-7f11db0cb000 rw-p 00000000 00:00 0 
7f11db0cb000-7f11db0ce000 ---p 00000000 00:00 0 
7f11db0ce000-7f11db1cc000 rw-p 00000000 00:00 0 
7f11db1cc000-7f11db1cf000 ---p 00000000 00:00 0 
7f11db1cf000-7f11db4cd000 rw-p 00000000 00:00 0 
7f11db4cd000-7f11db4d0000 ---p 00000000 00:00 0 
7f11db4d0000-7f11db5ce000 rw-p 00000000 00:00 0 
7f11db5ce000-7f11db5d1000 ---p 00000000 00:00 0 
7f11db5d1000-7f11db6cf000 rw-p 00000000 00:00 0 
7f11db6cf000-7f11db6df000 r-xp 00000000 08:02 2228502                    /usr/lib/jvm/java-8-oracle/jre/lib/amd64/libnio.so
7f11db6df000-7f11db8df000 ---p 00010000 08:02 2228502                    /usr/lib/jvm/java-8-oracle/jre/lib/amd64/libnio.so
7f11db8df000-7f11db8e0000 rw-p 00010000 08:02 2228502                    /usr/lib/jvm/java-8-oracle/jre/lib/amd64/libnio.so
7f11db8e0000-7f11dbae0000 rw-p 00000000 00:00 0 
7f11dbae0000-7f11dbae8000 r-xp 00000000 08:02 2228513                    /usr/lib/jvm/java-8-oracle/jre/lib/amd64/libmanagement.so
7f11dbae8000-7f11dbce8000 ---p 00008000 08:02 2228513                    /usr/lib/jvm/java-8-oracle/jre/lib/amd64/libmanagement.so
7f11dbce8000-7f11dbce9000 rw-p 00008000 08:02 2228513                    /usr/lib/jvm/java-8-oracle/jre/lib/amd64/libmanagement.so
7f11dbce9000-7f11dbcff000 r-xp 00000000 08:02 2228479                    /usr/lib/jvm/java-8-oracle/jre/lib/amd64/libnet.so
7f11dbcff000-7f11dbefe000 ---p 00016000 08:02 2228479                    /usr/lib/jvm/java-8-oracle/jre/lib/amd64/libnet.so
7f11dbefe000-7f11dbeff000 rw-p 00015000 08:02 2228479                    /usr/lib/jvm/java-8-oracle/jre/lib/amd64/libnet.so
7f11dbeff000-7f11dbf02000 ---p 00000000 00:00 0 
7f11dbf02000-7f11dc000000 rw-p 00000000 00:00 0 
7f11dc000000-7f11def35000 rw-p 00000000 00:00 0 
7f11def35000-7f11e0000000 ---p 00000000 00:00 0 
7f11e008d000-7f11e0093000 r--s 002f7000 08:02 2228554                    /usr/lib/jvm/java-8-oracle/jre/lib/charsets.jar
7f11e0093000-7f11e00a9000 r--s 0016c000 08:02 2228449                    /usr/lib/jvm/java-8-oracle/jre/lib/ext/nashorn.jar
7f11e00a9000-7f11e00bc000 r--s 00345000 08:02 2228592                    /usr/lib/jvm/java-8-oracle/jre/lib/resources.jar
7f11e00bc000-7f11e00d8000 r--s 00393000 08:02 2228454                    /usr/lib/jvm/java-8-oracle/jre/lib/ext/cldrdata.jar
7f11e00d8000-7f11e00db000 ---p 00000000 00:00 0 
7f11e00db000-7f11e01d9000 rw-p 00000000 00:00 0 
7f11e01d9000-7f11e01dc000 r--s 00012000 08:02 32637081                   /home/luis/.gvm/grails/2.4.2/lib/javax.servlet/javax.servlet-api/jars/javax.servlet-api-3.0.1.jar
7f11e01dc000-7f11e01e1000 r--s 00040000 08:02 33687671                   /home/luis/.gvm/grails/2.4.2/dist/grails-project-api-2.4.2.jar
7f11e01e1000-7f11e01f2000 r--s 000d2000 08:02 33162674                   /home/luis/.m2/repository/org/liquibase/liquibase-core/2.0.5/liquibase-core-2.0.5.jar
7f11e01f2000-7f11e01f6000 r--s 0000c000 08:02 33162673                   /home/luis/.m2/repository/javax/validation/validation-api/1.1.0.Final/validation-api-1.1.0.Final.jar
7f11e01f6000-7f11e01fc000 r--s 0004c000 08:02 32637378                   /home/luis/.gvm/grails/2.4.2/lib/org.grails/grails-datastore-simple/jars/grails-datastore-simple-3.1.1.RELEASE.jar
7f11e01fc000-7f11e0204000 r--s 00052000 08:02 33162618                   /home/luis/.m2/repository/org/springframework/spring-orm/4.0.5.RELEASE/spring-orm-4.0.5.RELEASE.jar
7f11e0204000-7f11e0206000 r--s 0000a000 08:02 33685665                   /home/luis/.m2/repository/org/grails/grails-datastore-gorm-plugin-support/3.1.1.RELEASE/grails-datastore-gorm-plugin-support-3.1.1.RELEASE.jar
7f11e0206000-7f11e020c000 r--s 00041000 08:02 33685664                   /home/luis/.m2/repository/org/grails/grails-datastore-gorm-hibernate-core/3.1.1.RELEASE/grails-datastore-gorm-hibernate-core-3.1.1.RELEASE.jar
7f11e020c000-7f11e0211000 r--s 00048000 08:02 33162669                   /home/luis/.m2/repository/dom4j/dom4j/1.6.1/dom4j-1.6.1.jar
7f11e0211000-7f11e0212000 r--s 00002000 08:02 33162635                   /home/luis/.m2/repository/org/jboss/logging/jboss-logging-annotations/1.2.0.Beta1/jboss-logging-annotations-1.2.0.Beta1.jar
7f11e0212000-7f11e0215000 r--s 00010000 08:02 33162662                   /home/luis/.m2/repository/org/hibernate/common/hibernate-commons-annotations/4.0.4.Final/hibernate-commons-annotations-4.0.4.Final.jar
7f11e0215000-7f11e021d000 r--s 00062000 08:02 33685658                   /home/luis/.m2/repository/org/grails/grails-datastore-gorm-hibernate4/3.1.1.RELEASE/grails-datastore-gorm-hibernate4-3.1.1.RELEASE.jar
7f11e021d000-7f11e0226000 r--s 00081000 08:02 32637375                   /home/luis/.gvm/grails/2.4.2/lib/org.grails/grails-datastore-gorm/jars/grails-datastore-gorm-3.1.1.RELEASE.jar
7f11e0226000-7f11e0231000 r--s 00052000 08:02 32637372                   /home/luis/.gvm/grails/2.4.2/lib/org.grails/grails-datastore-core/jars/grails-datastore-core-3.1.1.RELEASE.jar
7f11e0231000-7f11e0233000 r--s 0000d000 08:02 33162650                   /home/luis/.m2/repository/org/jboss/logging/jboss-logging/3.1.0.GA/jboss-logging-3.1.0.GA.jar
7f11e0233000-7f11e0249000 r--s 000e6000 08:02 33162648                   /home/luis/.m2/repository/net/sf/ehcache/ehcache-core/2.4.8/ehcache-core-2.4.8.jar
7f11e0249000-7f11e024b000 r--s 00011000 08:02 33162642                   /home/luis/.m2/repository/org/jboss/jandex/1.1.0.Final/jandex-1.1.0.Final.jar
7f11e024b000-7f11e0250000 r--s 00068000 08:02 33162640                   /home/luis/.m2/repository/antlr/antlr/2.7.7/antlr-2.7.7.jar
7f11e0250000-7f11e0251000 r--s 00006000 08:02 33162638                   /home/luis/.m2/repository/org/jboss/spec/javax/transaction/jboss-transaction-api_1.2_spec/1.0.0.Final/jboss-transaction-api_1.2_spec-1.0.0.Final.jar
7f11e0251000-7f11e02ae000 r--s 004a0000 08:02 33162636                   /home/luis/.m2/repository/org/hibernate/hibernate-core/4.3.5.Final/hibernate-core-4.3.5.Final.jar
7f11e02ae000-7f11e02b2000 r--s 0001e000 08:02 33162633                   /home/luis/.m2/repository/org/hibernate/hibernate-ehcache/4.3.5.Final/hibernate-ehcache-4.3.5.Final.jar
7f11e02b2000-7f11e02b4000 r--s 0000d000 08:02 33162646                   /home/luis/.m2/repository/com/fasterxml/classmate/1.0.0/classmate-1.0.0.jar
7f11e02b4000-7f11e02c1000 r--s 00080000 08:02 33162644                   /home/luis/.m2/repository/org/hibernate/hibernate-validator/5.0.3.Final/hibernate-validator-5.0.3.Final.jar
7f11e02c1000-7f11e02d1000 r--s 0007c000 08:02 32638262                   /home/luis/.m2/repository/joda-time/joda-time/2.1/joda-time-2.1.jar
7f11e02d1000-7f11e02de000 r--s 00093000 08:02 33556572                   /home/luis/.m2/repository/org/mybatis/mybatis/3.1.1/mybatis-3.1.1.jar
7f11e02de000-7f11e02e0000 r--s 0000e000 08:02 33556568                   /home/luis/.m2/repository/javax/activation/activation/1.1/activation-1.1.jar
7f11e02e0000-7f11e02e7000 r--s 00067000 08:02 33556566                   /home/luis/.m2/repository/javax/mail/mail/1.4.1/mail-1.4.1.jar
7f11e02e7000-7f11e02e8000 r--s 00007000 08:02 33556570                   /home/luis/.m2/repository/org/apache/commons/commons-email/1.2/commons-email-1.2.jar
7f11e02e8000-7f11e030c000 r--s 0016b000 08:02 33556576                   /home/luis/.m2/repository/org/camunda/bpm/camunda-engine/7.0.0-Final/camunda-engine-7.0.0-Final.jar
7f11e030c000-7f11e030f000 r--s 00015000 08:02 32638260                   /home/luis/.m2/repository/commons-pool/commons-pool/1.5.4/commons-pool-1.5.4.jar
7f11e030f000-7f11e0312000 r--s 00025000 08:02 32638258                   /home/luis/.m2/repository/commons-dbcp/commons-dbcp/1.4/commons-dbcp-1.4.jar
7f11e0312000-7f11e0315000 r--s 0000e000 08:02 33556574                   /home/luis/.m2/repository/org/camunda/bpm/camunda-engine-spring/7.0.0-Final/camunda-engine-spring-7.0.0-Final.jar
7f11e0315000-7f11e031e000 r--s 000a5000 08:02 33162655                   /home/luis/.m2/repository/org/javassist/javassist/3.17.1-GA/javassist-3.17.1-GA.jar
7f11e031e000-7f11e0321000 r--s 00083000 08:02 33687692                   /home/luis/.gvm/grails/2.4.2/dist/grails-resources-2.4.2.jar
7f11e0321000-7f11e032e000 r--s 00189000 08:02 32506388                   /home/luis/.gvm/grails/2.4.2/lib/com.h2database/h2/jars/h2-1.3.176.jar
7f11e032e000-7f11e0332000 r--s 00021000 08:02 33687356                   /home/luis/.gvm/grails/2.4.2/dist/grails-plugin-converters-2.4.2.jar
7f11e0332000-7f11e0335000 r--s 00018000 08:02 33687419                   /home/luis/.gvm/grails/2.4.2/dist/grails-plugin-domain-class-2.4.2.jar
7f11e0335000-7f11e0337000 r--s 0000e000 08:02 33687524                   /home/luis/.gvm/grails/2.4.2/dist/grails-plugin-mimetypes-2.4.2.jar
7f11e0337000-7f11e0338000 r--s 0000e000 08:02 32637270                   /home/luis/.gvm/grails/2.4.2/lib/org.codehaus.jsr166-mirror/jsr166y/jars/jsr166y-1.7.0.jar
7f11e0338000-7f11e0354000 r--s 00136000 08:02 32637255                   /home/luis/.gvm/grails/2.4.2/lib/org.codehaus.gpars/gpars/jars/gpars-1.2.1.jar
7f11e0354000-7f11e0356000 r--s 00011000 08:02 33687146                   /home/luis/.gvm/grails/2.4.2/dist/grails-async-2.4.2.jar
7f11e0356000-7f11e0358000 r--s 0000e000 08:02 33687293                   /home/luis/.gvm/grails/2.4.2/dist/grails-plugin-async-2.4.2.jar
7f11e0358000-7f11e035c000 r--s 00028000 08:02 32506439                   /home/luis/.gvm/grails/2.4.2/lib/commons-validator/commons-validator/jars/commons-validator-1.4.0.jar
7f11e035c000-7f11e035f000 r--s 00012000 08:02 33687776                   /home/luis/.gvm/grails/2.4.2/dist/grails-validation-2.4.2.jar
7f11e035f000-7f11e0363000 r--s 00019000 08:02 32506373                   /home/luis/.gvm/grails/2.4.2/lib/com.googlecode.concurrentlinkedhashmap/concurrentlinkedhashmap-lru/jars/concurrentlinkedhashmap-lru-1.4.jar
7f11e0363000-7f11e0365000 r--s 0000e000 08:02 33687629                   /home/luis/.gvm/grails/2.4.2/dist/grails-plugin-url-mappings-2.4.2.jar
7f11e0365000-7f11e0366000 r--s 00006000 08:02 33687587                   /home/luis/.gvm/grails/2.4.2/dist/grails-plugin-servlets-2.4.2.jar
7f11e0366000-7f11e036d000 r--s 00036000 08:02 32637528                   /home/luis/.gvm/grails/2.4.2/lib/org.springframework/spring-tx/jars/spring-tx-4.0.5.RELEASE.jar
7f11e036d000-7f11e036f000 r--s 00009000 08:02 33687566                   /home/luis/.gvm/grails/2.4.2/dist/grails-plugin-services-2.4.2.jar
7f11e036f000-7f11e0370000 r--s 00001000 08:02 32637428                   /home/luis/.gvm/grails/2.4.2/lib/org.slf4j/jul-to-slf4j/jars/jul-to-slf4j-1.7.5.jar
7f11e0370000-7f11e0371000 r--s 00000000 08:02 33687272                   /home/luis/.gvm/grails/2.4.2/dist/grails-logging-2.4.2.jar
7f11e0371000-7f11e0380000 r--s 00096000 08:02 32637534                   /home/luis/.gvm/grails/2.4.2/lib/org.springframework/spring-web/jars/spring-web-4.0.5.RELEASE.jar
7f11e0380000-7f11e0385000 r--s 0002e000 08:02 33687251                   /home/luis/.gvm/grails/2.4.2/dist/grails-encoder-2.4.2.jar
7f11e0385000-7f11e038b000 r--s 00033000 08:02 32506409                   /home/luis/.gvm/grails/2.4.2/lib/commons-codec/commons-codec/jars/commons-codec-1.6.jar
7f11e038b000-7f11e038d000 r--s 00012000 08:02 33687314                   /home/luis/.gvm/grails/2.4.2/dist/grails-plugin-codecs-2.4.2.jar
7f11e038d000-7f11e038f000 r--s 0000c000 08:02 33687923                   /home/luis/.gvm/grails/2.4.2/dist/grails-web-gsp-taglib-2.4.2.jar
7f11e038f000-7f11e0395000 r--s 00058000 08:02 33687461                   /home/luis/.gvm/grails/2.4.2/dist/grails-plugin-gsp-2.4.2.jar
7f11e0395000-7f11e0397000 r--s 0000b000 08:02 33687440                   /home/luis/.gvm/grails/2.4.2/dist/grails-plugin-filters-2.4.2.jar
7f11e0397000-7f11e039c000 r--s 00041000 08:02 32506435                   /home/luis/.gvm/grails/2.4.2/lib/commons-lang/commons-lang/jars/commons-lang-2.6.jar
7f11e039c000-7f11e039d000 r--s 00005000 08:02 33687482                   /home/luis/.gvm/grails/2.4.2/dist/grails-plugin-i18n-2.4.2.jar
7f11e039d000-7f11e03a2000 r--s 00017000 08:02 32637401                   /home/luis/.gvm/grails/2.4.2/lib/org.hibernate.javax.persistence/hibernate-jpa-2.1-api/jars/hibernate-jpa-2.1-api-1.0.0.Final.jar
7f11e03a2000-7f11e03a4000 r--s 00000000 08:02 32506329                   /home/luis/.gvm/grails/2.4.2/lib/aopalliance/aopalliance/jars/aopalliance-1.0.jar
7f11e03a4000-7f11e03a6000 r--s 00009000 08:02 33687734                   /home/luis/.gvm/grails/2.4.2/dist/grails-spring-2.4.2.jar
7f11e03a6000-7f11e03a9000 r--s 00041000 08:02 32637571                   /home/luis/.gvm/grails/2.4.2/lib/xalan/serializer/jars/serializer-2.7.1.jar
7f11e03a9000-7f11e03b5000 r--s 00098000 08:02 32637489                   /home/luis/.gvm/grails/2.4.2/lib/org.springframework/spring-beans/jars/spring-beans-4.0.5.RELEASE.jar
7f11e03b5000-7f11e03c9000 r--s 000db000 08:02 32637504                   /home/luis/.gvm/grails/2.4.2/lib/org.springframework/spring-core/jars/spring-core-4.0.5.RELEASE.jar
7f11e03c9000-7f11e03d6000 r--s 000a7000 08:02 33687188                   /home/luis/.gvm/grails/2.4.2/dist/grails-core-2.4.2.jar
7f11e03d6000-7f11e03d7000 r--s 00005000 08:02 33687377                   /home/luis/.gvm/grails/2.4.2/dist/grails-plugin-databinding-2.4.2.jar
7f11e03d7000-7f11e03dc000 r--s 0002e000 08:02 32637510                   /home/luis/.gvm/grails/2.4.2/lib/org.springframework/spring-expression/jars/spring-expression-4.0.5.RELEASE.jar
7f11e03dc000-7f11e03e5000 r--s 0004e000 08:02 32637480                   /home/luis/.gvm/grails/2.4.2/lib/org.springframework/spring-aop/jars/spring-aop-4.0.5.RELEASE.jar
7f11e03e5000-7f11e03fc000 r--s 000d8000 08:02 32637495                   /home/luis/.gvm/grails/2.4.2/lib/org.springframework/spring-context/jars/spring-context-4.0.5.RELEASE.jar
7f11e03fc000-7f11e03fe000 r--s 00008000 08:02 32637213                   /home/luis/.gvm/grails/2.4.2/lib/org.apache.tomcat/tomcat-juli/jars/tomcat-juli-7.0.50.jar
7f11e03fe000-7f11e0400000 r--s 0001d000 08:02 32637207                   /home/luis/.gvm/grails/2.4.2/lib/org.apache.tomcat/tomcat-jdbc/jars/tomcat-jdbc-7.0.50.jar
7f11e0400000-7f11e040a000 r--s 0005e000 08:02 32637516                   /home/luis/.gvm/grails/2.4.2/lib/org.springframework/spring-jdbc/jars/spring-jdbc-4.0.5.RELEASE.jar
7f11e040a000-7f11e040c000 r--s 0000d000 08:02 33687398                   /home/luis/.gvm/grails/2.4.2/dist/grails-plugin-datasource-2.4.2.jar
7f11e040c000-7f11e040e000 r--s 00008000 08:02 33687650                   /home/luis/.gvm/grails/2.4.2/dist/grails-plugin-validation-2.4.2.jar
7f11e040e000-7f11e0412000 r--s 00020000 08:02 33687335                   /home/luis/.gvm/grails/2.4.2/dist/grails-plugin-controllers-2.4.2.jar
7f11e0412000-7f11e0416000 r--s 00019000 08:02 32637227                   /home/luis/.gvm/grails/2.4.2/lib/org.aspectj/aspectjrt/jars/aspectjrt-1.8.0.jar
7f11e0416000-7f11e042e000 r--s 001aa000 08:02 32637230                   /home/luis/.gvm/grails/2.4.2/lib/org.aspectj/aspectjweaver/jars/aspectjweaver-1.8.0.jar
7f11e042e000-7f11e0432000 r--s 00024000 08:02 33687944                   /home/luis/.gvm/grails/2.4.2/dist/grails-web-jsp-2.4.2.jar
7f11e0432000-7f11e0434000 r--s 0001d000 08:02 33687839                   /home/luis/.gvm/grails/2.4.2/dist/grails-web-databinding-2.4.2.jar
7f11e0434000-7f11e043a000 r--s 00027000 08:02 32637128                   /home/luis/.gvm/grails/2.4.2/lib/opensymphony/sitemesh/jars/sitemesh-2.4.jar
7f11e043a000-7f11e043c000 r--s 0000b000 08:02 33687986                   /home/luis/.gvm/grails/2.4.2/dist/grails-web-sitemesh-2.4.2.jar
7f11e043c000-7f11e043e000 r--s 00009000 08:02 33687965                   /home/luis/.gvm/grails/2.4.2/dist/grails-web-mvc-2.4.2.jar
7f11e043e000-7f11e0440000 r--s 0000b000 08:02 32637483                   /home/luis/.gvm/grails/2.4.2/lib/org.springframework/spring-aspects/jars/spring-aspects-4.0.5.RELEASE.jar
7f11e0440000-7f11e0447000 r--s 0004f000 08:02 33687902                   /home/luis/.gvm/grails/2.4.2/dist/grails-web-gsp-2.4.2.jar
7f11e0447000-7f11e044b000 r--s 00027000 08:02 32506427                   /home/luis/.gvm/grails/2.4.2/lib/commons-io/commons-io/jars/commons-io-2.2.jar
7f11e044b000-7f11e044d000 r--s 0000f000 08:02 32506422                   /home/luis/.gvm/grails/2.4.2/lib/commons-fileupload/commons-fileupload/jars/commons-fileupload-1.3.1.jar
7f11e044d000-7f11e044e000 r--s 00000000 08:02 33687881                   /home/luis/.gvm/grails/2.4.2/dist/grails-web-fileupload-2.4.2.jar
7f11e044e000-7f11e0452000 r--s 00023000 08:02 33688007                   /home/luis/.gvm/grails/2.4.2/dist/grails-web-url-mappings-2.4.2.jar
7f11e0452000-7f11e0454000 r--s 00013000 08:02 33687209                   /home/luis/.gvm/grails/2.4.2/dist/grails-databinding-2.4.2.jar
7f11e0454000-7f11e0458000 r--s 0001e000 08:02 32637498                   /home/luis/.gvm/grails/2.4.2/lib/org.springframework/spring-context-support/jars/spring-context-support-4.0.5.RELEASE.jar
7f11e0458000-7f11e0464000 r--s 00096000 08:02 32637537                   /home/luis/.gvm/grails/2.4.2/lib/org.springframework/spring-webmvc/jars/spring-webmvc-4.0.5.RELEASE.jar
7f11e0464000-7f11e0469000 r--s 00030000 08:02 33687818                   /home/luis/.gvm/grails/2.4.2/dist/grails-web-common-2.4.2.jar
7f11e0469000-7f11e046b000 r--s 00009000 08:02 33687797                   /home/luis/.gvm/grails/2.4.2/dist/grails-web-2.4.2.jar
7f11e046b000-7f11e0470000 r--s 0002a000 08:02 32506351                   /home/luis/.gvm/grails/2.4.2/lib/com.google.code.gson/gson/jars/gson-2.2.4.jar
7f11e0470000-7f11e0473000 r--s 00038000 08:02 33687545                   /home/luis/.gvm/grails/2.4.2/dist/grails-plugin-rest-2.4.2.jar
7f11e0473000-7f11e0673000 rw-p 00000000 00:00 0 
7f11e0673000-7f11e0676000 ---p 00000000 00:00 0 
7f11e0676000-7f11e0974000 rw-p 00000000 00:00 0 
7f11e0974000-7f11e0b74000 rw-p 00000000 00:00 0 
7f11e0b74000-7f11e0d74000 rw-p 00000000 00:00 0 
7f11e0d74000-7f11e0d77000 ---p 00000000 00:00 0 
7f11e0d77000-7f11e0e75000 rw-p 00000000 00:00 0 
7f11e0e75000-7f11e0e80000 r--s 0021a000 08:02 2228450                    /usr/lib/jvm/java-8-oracle/jre/lib/ext/localedata.jar
7f11e0e80000-7f11e0e82000 r-xp 00000000 08:02 60295251                   /usr/lib/x86_64-linux-gnu/gconv/ISO8859-1.so
7f11e0e82000-7f11e1081000 ---p 00002000 08:02 60295251                   /usr/lib/x86_64-linux-gnu/gconv/ISO8859-1.so
7f11e1081000-7f11e1082000 r--p 00001000 08:02 60295251                   /usr/lib/x86_64-linux-gnu/gconv/ISO8859-1.so
7f11e1082000-7f11e1083000 rw-p 00002000 08:02 60295251                   /usr/lib/x86_64-linux-gnu/gconv/ISO8859-1.so
7f11e1083000-7f11e108a000 r--s 00000000 08:02 60295290                   /usr/lib/x86_64-linux-gnu/gconv/gconv-modules.cache
7f11e108a000-7f11e10a8000 r--p 00000000 08:02 60296415                   /usr/share/locale/es/LC_MESSAGES/libc.mo
7f11e10a8000-7f11e12a8000 rw-p 00000000 00:00 0 
7f11e12a8000-7f11e12a9000 r-xp 00000000 08:02 49807411                   /tmp/libjansi-64-1742444312099950274.so
7f11e12a9000-7f11e14a8000 ---p 00001000 08:02 49807411                   /tmp/libjansi-64-1742444312099950274.so
7f11e14a8000-7f11e14a9000 rw-p 00000000 08:02 49807411                   /tmp/libjansi-64-1742444312099950274.so
7f11e14a9000-7f11e14ac000 ---p 00000000 00:00 0 
7f11e14ac000-7f11e14e2000 rw-p 00000000 00:00 0 
7f11e14e2000-7f11e14e7000 r--s 00092000 08:02 2228557                    /usr/lib/jvm/java-8-oracle/jre/lib/jsse.jar
7f11e14e7000-7f11e14e8000 ---p 00000000 00:00 0 
7f11e14e8000-7f11e15e8000 rw-p 00000000 00:00 0 
7f11e15e8000-7f11e15eb000 ---p 00000000 00:00 0 
7f11e15eb000-7f11e16e9000 rw-p 00000000 00:00 0 
7f11e16e9000-7f11e16ec000 ---p 00000000 00:00 0 
7f11e16ec000-7f11e17ea000 rw-p 00000000 00:00 0 
7f11e17ea000-7f11e17ed000 ---p 00000000 00:00 0 
7f11e17ed000-7f11e18eb000 rw-p 00000000 00:00 0 
7f11e18eb000-7f11e18f1000 r--s 0005f000 08:02 32637544                   /home/luis/.gvm/grails/2.4.2/lib/org.springframework/springloaded/jars/springloaded-1.2.0.RELEASE.jar
7f11e18f1000-7f11e18f3000 r--s 0000e000 08:02 33950518                   /home/luis/IdeaProjects/ocelot-bpm-project/Blank_app/target/work/plugins/tomcat-7.0.54/grails-plugin-tomcat-7.0.54.jar
7f11e18f3000-7f11e1903000 r--s 0019c000 08:02 33161699                   /home/luis/.m2/repository/org/eclipse/jdt/core/compiler/ecj/3.7.2/ecj-3.7.2.jar
7f11e1903000-7f11e1908000 r--s 0002f000 08:02 33161697                   /home/luis/.m2/repository/org/apache/tomcat/embed/tomcat-embed-websocket/7.0.53/tomcat-embed-websocket-7.0.53.jar
7f11e1908000-7f11e190a000 r--s 0000c000 08:02 33161689                   /home/luis/.m2/repository/org/apache/tomcat/tomcat-catalina-ant/7.0.53/tomcat-catalina-ant-7.0.53.jar
7f11e190a000-7f11e192b000 r--s 00267000 08:02 33161702                   /home/luis/.m2/repository/org/apache/tomcat/embed/tomcat-embed-core/7.0.53/tomcat-embed-core-7.0.53.jar
7f11e192b000-7f11e1934000 r--s 0009f000 08:02 33161691                   /home/luis/.m2/repository/org/apache/tomcat/embed/tomcat-embed-jasper/7.0.53/tomcat-embed-jasper-7.0.53.jar
7f11e1934000-7f11e1938000 r--s 00027000 08:02 33161693                   /home/luis/.m2/repository/org/apache/tomcat/embed/tomcat-embed-el/7.0.53/tomcat-embed-el-7.0.53.jar
7f11e1938000-7f11e193a000 r--s 00013000 08:02 33161696                   /home/luis/.m2/repository/org/apache/tomcat/embed/tomcat-embed-logging-log4j/7.0.53/tomcat-embed-logging-log4j-7.0.53.jar
7f11e193a000-7f11e193c000 r--s 0001a000 08:02 32637368                   /home/luis/.gvm/grails/2.4.2/lib/org.fusesource.jansi/jansi/jars/jansi-1.11.jar
7f11e193c000-7f11e1951000 r--s 00116000 08:02 32637163                   /home/luis/.gvm/grails/2.4.2/lib/org.apache.ivy/ivy/jars/ivy-2.3.0.jar
7f11e1951000-7f11e1954000 r--s 00018000 08:02 32637137                   /home/luis/.gvm/grails/2.4.2/lib/org.apache.ant/ant-junit/jars/ant-junit-1.8.4.jar
7f11e1954000-7f11e1955000 r--s 00001000 08:02 32637145                   /home/luis/.gvm/grails/2.4.2/lib/org.apache.ant/ant-trax/jars/ant-trax-1.7.1.jar
7f11e1955000-7f11e1956000 r--s 00004000 08:02 32637141                   /home/luis/.gvm/grails/2.4.2/lib/org.apache.ant/ant-launcher/jars/ant-launcher-1.8.4.jar
7f11e1956000-7f11e1974000 r--s 001bd000 08:02 32637133                   /home/luis/.gvm/grails/2.4.2/lib/org.apache.ant/ant/jars/ant-1.8.4.jar
7f11e1974000-7f11e1978000 r--s 00031000 08:02 32637102                   /home/luis/.gvm/grails/2.4.2/lib/jline/jline/jars/jline-2.12.jar
7f11e1978000-7f11e197a000 r--s 00005000 08:02 32637435                   /home/luis/.gvm/grails/2.4.2/lib/org.slf4j/slf4j-api/jars/slf4j-api-1.7.5.jar
7f11e197a000-7f11e1988000 r--s 000db000 08:02 33687167                   /home/luis/.gvm/grails/2.4.2/dist/grails-bootstrap-2.4.2.jar
7f11e1988000-7f11e19f3000 r--s 00683000 08:02 32637262                   /home/luis/.gvm/grails/2.4.2/lib/org.codehaus.groovy/groovy-all/jars/groovy-all-2.3.3.jar
7f11e19f3000-7f11e19f6000 ---p 00000000 00:00 0 
7f11e19f6000-7f11e1af4000 rw-p 00000000 00:00 0 
7f11e1af4000-7f11e1c6b000 r--p 00000000 08:02 60296451                   /usr/lib/locale/locale-archive
7f11e1c6b000-7f11e1c6e000 ---p 00000000 00:00 0 
7f11e1c6e000-7f11e1d6c000 rw-p 00000000 00:00 0 
7f11e1d6c000-7f11e1d6f000 ---p 00000000 00:00 0 
7f11e1d6f000-7f11e1e6d000 rw-p 00000000 00:00 0 
7f11e1e6d000-7f11e1e6e000 ---p 00000000 00:00 0 
7f11e1e6e000-7f11e2e7d000 rw-p 00000000 00:00 0 
7f11e2e7d000-7f11e3052000 r--s 03c4d000 08:02 2228591                    /usr/lib/jvm/java-8-oracle/jre/lib/rt.jar
7f11e3052000-7f11e52a3000 rw-p 00000000 00:00 0 
7f11e52a3000-7f11e52a4000 ---p 00000000 00:00 0 
7f11e52a4000-7f11e53a4000 rw-p 00000000 00:00 0 
7f11e53a4000-7f11e53a5000 ---p 00000000 00:00 0 
7f11e53a5000-7f11e54a5000 rw-p 00000000 00:00 0 
7f11e54a5000-7f11e54a6000 ---p 00000000 00:00 0 
7f11e54a6000-7f11e55a6000 rw-p 00000000 00:00 0 
7f11e55a6000-7f11e55a7000 ---p 00000000 00:00 0 
7f11e55a7000-7f11e56d5000 rw-p 00000000 00:00 0 
7f11e56d5000-7f11e57a7000 ---p 00000000 00:00 0 
7f11e57a7000-7f11e57d5000 rw-p 00000000 00:00 0 
7f11e57d5000-7f11e58a7000 ---p 00000000 00:00 0 
7f11e58a7000-7f11e5927000 rw-p 00000000 00:00 0 
7f11e5927000-7f11e5976000 rw-p 00000000 00:00 0 
7f11e5976000-7f11e5ce8000 ---p 00000000 00:00 0 
7f11e5ce8000-7f11e7068000 rwxp 00000000 00:00 0 
7f11e7068000-7f11f4ce8000 ---p 00000000 00:00 0 
7f11f4ce8000-7f11f4d04000 r-xp 00000000 08:02 2228473                    /usr/lib/jvm/java-8-oracle/jre/lib/amd64/libzip.so
7f11f4d04000-7f11f4f03000 ---p 0001c000 08:02 2228473                    /usr/lib/jvm/java-8-oracle/jre/lib/amd64/libzip.so
7f11f4f03000-7f11f4f04000 rw-p 0001b000 08:02 2228473                    /usr/lib/jvm/java-8-oracle/jre/lib/amd64/libzip.so
7f11f4f04000-7f11f4f0f000 r-xp 00000000 08:02 4984053                    /lib/x86_64-linux-gnu/libnss_files-2.13.so
7f11f4f0f000-7f11f510e000 ---p 0000b000 08:02 4984053                    /lib/x86_64-linux-gnu/libnss_files-2.13.so
7f11f510e000-7f11f510f000 r--p 0000a000 08:02 4984053                    /lib/x86_64-linux-gnu/libnss_files-2.13.so
7f11f510f000-7f11f5110000 rw-p 0000b000 08:02 4984053                    /lib/x86_64-linux-gnu/libnss_files-2.13.so
7f11f5110000-7f11f511a000 r-xp 00000000 08:02 4984049                    /lib/x86_64-linux-gnu/libnss_nis-2.13.so
7f11f511a000-7f11f5319000 ---p 0000a000 08:02 4984049                    /lib/x86_64-linux-gnu/libnss_nis-2.13.so
7f11f5319000-7f11f531a000 r--p 00009000 08:02 4984049                    /lib/x86_64-linux-gnu/libnss_nis-2.13.so
7f11f531a000-7f11f531b000 rw-p 0000a000 08:02 4984049                    /lib/x86_64-linux-gnu/libnss_nis-2.13.so
7f11f531b000-7f11f5330000 r-xp 00000000 08:02 4984047                    /lib/x86_64-linux-gnu/libnsl-2.13.so
7f11f5330000-7f11f552f000 ---p 00015000 08:02 4984047                    /lib/x86_64-linux-gnu/libnsl-2.13.so
7f11f552f000-7f11f5530000 r--p 00014000 08:02 4984047                    /lib/x86_64-linux-gnu/libnsl-2.13.so
7f11f5530000-7f11f5531000 rw-p 00015000 08:02 4984047                    /lib/x86_64-linux-gnu/libnsl-2.13.so
7f11f5531000-7f11f5533000 rw-p 00000000 00:00 0 
7f11f5533000-7f11f553a000 r-xp 00000000 08:02 4984042                    /lib/x86_64-linux-gnu/libnss_compat-2.13.so
7f11f553a000-7f11f5739000 ---p 00007000 08:02 4984042                    /lib/x86_64-linux-gnu/libnss_compat-2.13.so
7f11f5739000-7f11f573a000 r--p 00006000 08:02 4984042                    /lib/x86_64-linux-gnu/libnss_compat-2.13.so
7f11f573a000-7f11f573b000 rw-p 00007000 08:02 4984042                    /lib/x86_64-linux-gnu/libnss_compat-2.13.so
7f11f573b000-7f11f5745000 r-xp 00000000 08:02 2228499                    /usr/lib/jvm/java-8-oracle/jre/lib/amd64/libinstrument.so
7f11f5745000-7f11f5944000 ---p 0000a000 08:02 2228499                    /usr/lib/jvm/java-8-oracle/jre/lib/amd64/libinstrument.so
7f11f5944000-7f11f5945000 rw-p 00009000 08:02 2228499                    /usr/lib/jvm/java-8-oracle/jre/lib/amd64/libinstrument.so
7f11f5945000-7f11f596f000 r-xp 00000000 08:02 2228492                    /usr/lib/jvm/java-8-oracle/jre/lib/amd64/libjava.so
7f11f596f000-7f11f5b6f000 ---p 0002a000 08:02 2228492                    /usr/lib/jvm/java-8-oracle/jre/lib/amd64/libjava.so
7f11f5b6f000-7f11f5b71000 rw-p 0002a000 08:02 2228492                    /usr/lib/jvm/java-8-oracle/jre/lib/amd64/libjava.so
7f11f5b71000-7f11f5b7e000 r-xp 00000000 08:02 2228478                    /usr/lib/jvm/java-8-oracle/jre/lib/amd64/libverify.so
7f11f5b7e000-7f11f5d7e000 ---p 0000d000 08:02 2228478                    /usr/lib/jvm/java-8-oracle/jre/lib/amd64/libverify.so
7f11f5d7e000-7f11f5d80000 rw-p 0000d000 08:02 2228478                    /usr/lib/jvm/java-8-oracle/jre/lib/amd64/libverify.so
7f11f5d80000-7f11f5d87000 r-xp 00000000 08:02 4984057                    /lib/x86_64-linux-gnu/librt-2.13.so
7f11f5d87000-7f11f5f86000 ---p 00007000 08:02 4984057                    /lib/x86_64-linux-gnu/librt-2.13.so
7f11f5f86000-7f11f5f87000 r--p 00006000 08:02 4984057                    /lib/x86_64-linux-gnu/librt-2.13.so
7f11f5f87000-7f11f5f88000 rw-p 00007000 08:02 4984057                    /lib/x86_64-linux-gnu/librt-2.13.so
7f11f5f88000-7f11f6009000 r-xp 00000000 08:02 4984044                    /lib/x86_64-linux-gnu/libm-2.13.so
7f11f6009000-7f11f6208000 ---p 00081000 08:02 4984044                    /lib/x86_64-linux-gnu/libm-2.13.so
7f11f6208000-7f11f6209000 r--p 00080000 08:02 4984044                    /lib/x86_64-linux-gnu/libm-2.13.so
7f11f6209000-7f11f620a000 rw-p 00081000 08:02 4984044                    /lib/x86_64-linux-gnu/libm-2.13.so
7f11f620a000-7f11f6e24000 r-xp 00000000 08:02 2228460                    /usr/lib/jvm/java-8-oracle/jre/lib/amd64/server/libjvm.so
7f11f6e24000-7f11f7023000 ---p 00c1a000 08:02 2228460                    /usr/lib/jvm/java-8-oracle/jre/lib/amd64/server/libjvm.so
7f11f7023000-7f11f70ec000 rw-p 00c19000 08:02 2228460                    /usr/lib/jvm/java-8-oracle/jre/lib/amd64/server/libjvm.so
7f11f70ec000-7f11f712d000 rw-p 00000000 00:00 0 
7f11f712d000-7f11f72af000 r-xp 00000000 08:02 4984037                    /lib/x86_64-linux-gnu/libc-2.13.so
7f11f72af000-7f11f74ae000 ---p 00182000 08:02 4984037                    /lib/x86_64-linux-gnu/libc-2.13.so
7f11f74ae000-7f11f74b2000 r--p 00181000 08:02 4984037                    /lib/x86_64-linux-gnu/libc-2.13.so
7f11f74b2000-7f11f74b3000 rw-p 00185000 08:02 4984037                    /lib/x86_64-linux-gnu/libc-2.13.so
7f11f74b3000-7f11f74b8000 rw-p 00000000 00:00 0 
7f11f74b8000-7f11f74ba000 r-xp 00000000 08:02 4984051                    /lib/x86_64-linux-gnu/libdl-2.13.so
7f11f74ba000-7f11f76ba000 ---p 00002000 08:02 4984051                    /lib/x86_64-linux-gnu/libdl-2.13.so
7f11f76ba000-7f11f76bb000 r--p 00002000 08:02 4984051                    /lib/x86_64-linux-gnu/libdl-2.13.so
7f11f76bb000-7f11f76bc000 rw-p 00003000 08:02 4984051                    /lib/x86_64-linux-gnu/libdl-2.13.so
7f11f76bc000-7f11f76d3000 r-xp 00000000 08:02 2228773                    /usr/lib/jvm/java-8-oracle/lib/amd64/jli/libjli.so
7f11f76d3000-7f11f78d2000 ---p 00017000 08:02 2228773                    /usr/lib/jvm/java-8-oracle/lib/amd64/jli/libjli.so
7f11f78d2000-7f11f78d3000 rw-p 00016000 08:02 2228773                    /usr/lib/jvm/java-8-oracle/lib/amd64/jli/libjli.so
7f11f78d3000-7f11f78ea000 r-xp 00000000 08:02 4984055                    /lib/x86_64-linux-gnu/libpthread-2.13.so
7f11f78ea000-7f11f7ae9000 ---p 00017000 08:02 4984055                    /lib/x86_64-linux-gnu/libpthread-2.13.so
7f11f7ae9000-7f11f7aea000 r--p 00016000 08:02 4984055                    /lib/x86_64-linux-gnu/libpthread-2.13.so
7f11f7aea000-7f11f7aeb000 rw-p 00017000 08:02 4984055                    /lib/x86_64-linux-gnu/libpthread-2.13.so
7f11f7aeb000-7f11f7aef000 rw-p 00000000 00:00 0 
7f11f7aef000-7f11f7b0f000 r-xp 00000000 08:02 4984059                    /lib/x86_64-linux-gnu/ld-2.13.so
7f11f7b0f000-7f11f7b11000 r--s 00001000 08:02 2228452                    /usr/lib/jvm/java-8-oracle/jre/lib/ext/dnsns.jar
7f11f7b11000-7f11f7b1a000 r--s 0006f000 08:02 32637118                   /home/luis/.gvm/grails/2.4.2/lib/log4j/log4j/jars/log4j-1.2.17.jar
7f11f7b1a000-7f11f7b1d000 r--s 0000d000 08:02 33687503                   /home/luis/.gvm/grails/2.4.2/dist/grails-plugin-log4j-2.4.2.jar
7f11f7b1d000-7f11f7b1f000 r--s 00013000 08:02 32637220                   /home/luis/.gvm/grails/2.4.2/lib/org.apache.tomcat.embed/tomcat-embed-logging-log4j/jars/tomcat-embed-logging-log4j-7.0.50.jar
7f11f7b1f000-7f11f7b97000 r--s 010c6000 08:02 2229889                    /usr/lib/jvm/java-8-oracle/lib/tools.jar
7f11f7b97000-7f11f7bf5000 rw-p 00000000 00:00 0 
7f11f7bf5000-7f11f7bf8000 ---p 00000000 00:00 0 
7f11f7bf8000-7f11f7cfb000 rw-p 00000000 00:00 0 
7f11f7cfb000-7f11f7d00000 r--s 00050000 08:02 32637248                   /home/luis/.gvm/grails/2.4.2/lib/org.codehaus.gant/gant_groovy1.8/jars/gant_groovy1.8-1.9.6.jar
7f11f7d00000-7f11f7d02000 r--s 00003000 08:02 32637421                   /home/luis/.gvm/grails/2.4.2/lib/org.slf4j/jcl-over-slf4j/jars/jcl-over-slf4j-1.7.5.jar
7f11f7d02000-7f11f7d0a000 rw-s 00000000 08:02 49807410                   /tmp/hsperfdata_luis/4093
7f11f7d0a000-7f11f7d0b000 rw-p 00000000 00:00 0 
7f11f7d0b000-7f11f7d0c000 r--p 00000000 00:00 0 
7f11f7d0c000-7f11f7d0e000 rw-p 00000000 00:00 0 
7f11f7d0e000-7f11f7d0f000 r--p 0001f000 08:02 4984059                    /lib/x86_64-linux-gnu/ld-2.13.so
7f11f7d0f000-7f11f7d10000 rw-p 00020000 08:02 4984059                    /lib/x86_64-linux-gnu/ld-2.13.so
7f11f7d10000-7f11f7d11000 rw-p 00000000 00:00 0 
7ffffa191000-7ffffa1b3000 rw-p 00000000 00:00 0                          [stack]
7ffffa1f4000-7ffffa1f5000 r-xp 00000000 00:00 0                          [vdso]
ffffffffff600000-ffffffffff601000 r-xp 00000000 00:00 0                  [vsyscall]

VM Arguments:
jvm_args: -Dfile.encoding=UTF-8 -Xmx768M -Xms64M -Dgrails.fork.parent.process.port=33348 -Dgrails.fork.active=true -Dgrails.build.execution.context=/tmp/Blank_app7194020994106526885grails-execution-context -Dgrails.home=/home/luis/.gvm/grails/2.4.2 -javaagent:/home/luis/.gvm/grails/2.4.2/lib/org.springframework/springloaded/jars/springloaded-1.2.0.RELEASE.jar -Xverify:none -Dspringloaded.synchronize=true -Djdk.reflect.allowGetCallerClass=true -Dspringloaded=profile=grails;cacheDir=/home/luis/.grails/2.4.2 
java_command: org.grails.plugins.tomcat.fork.ForkedTomcatServer
java_class_path (initial): /usr/lib/jvm/java-8-oracle/lib/tools.jar:/home/luis/.gvm/grails/2.4.2/lib/org.codehaus.groovy/groovy-all/jars/groovy-all-2.3.3.jar:/home/luis/.gvm/grails/2.4.2/lib/org.slf4j/jcl-over-slf4j/jars/jcl-over-slf4j-1.7.5.jar:/home/luis/.gvm/grails/2.4.2/lib/org.codehaus.gant/gant_groovy1.8/jars/gant_groovy1.8-1.9.6.jar:/home/luis/.gvm/grails/2.4.2/lib/org.apache.tomcat.embed/tomcat-embed-logging-log4j/jars/tomcat-embed-logging-log4j-7.0.50.jar:/home/luis/.gvm/grails/2.4.2/dist/grails-plugin-log4j-2.4.2.jar:/home/luis/.gvm/grails/2.4.2/lib/log4j/log4j/jars/log4j-1.2.17.jar:/home/luis/.gvm/grails/2.4.2/dist/grails-bootstrap-2.4.2.jar:/home/luis/.gvm/grails/2.4.2/lib/org.slf4j/slf4j-api/jars/slf4j-api-1.7.5.jar:/home/luis/.gvm/grails/2.4.2/lib/jline/jline/jars/jline-2.12.jar:/home/luis/.gvm/grails/2.4.2/lib/org.apache.ant/ant/jars/ant-1.8.4.jar:/home/luis/.gvm/grails/2.4.2/lib/org.apache.ant/ant-launcher/jars/ant-launcher-1.8.4.jar:/home/luis/.gvm/grails/2.4.2/lib/org.apache.ant/ant-trax/jars/ant-trax-1.7.1.jar:/home/luis/.gvm/grails/2.4.2/lib/org.apache.ant/ant-junit/jars/ant-junit-1.8.4.jar:/home/luis/.gvm/grails/2.4.2/lib/org.apache.ivy/ivy/jars/ivy-2.3.0.jar:/home/luis/.gvm/grails/2.4.2/lib/org.fusesource.jansi/jansi/jars/jansi-1.11.jar:/home/luis/.m2/repository/org/apache/tomcat/embed/tomcat-embed-logging-log4j/7.0.53/tomcat-embed-logging-log4j-7.0.53.jar:/home/luis/.m2/repository/org/apache/tomcat/embed/tomcat-embed-el/7.0.53/tomcat-embed-el-7.0.53.jar:/home/luis/.m2/repository/org/apache/tomcat/embed/tomcat-embed-jasper/7.0.53/tomcat-embed-jasper-7.0.53.jar:/home/luis/.m2/repository/org/apache/tomcat/embed/tomcat-embed-core/7.0.53/tomcat-embed-core-7.0.53.jar:/home/luis/.m2/repository/org/apache/tomcat/tomcat-catalina-ant/7.0.53/tomcat-catalina-ant-7.0.53.jar:/home/luis/.m2/repository/org/apache/tomcat/embed/tomcat-embed-websocket/7.0.53/tomcat-embed-websocket-7.0.53.jar:/home/luis/.m2/repository/org/eclipse/jdt/core/compiler/ecj/3.7.2/ecj
Launcher Type: SUN_STANDARD

Environment Variables:
JAVA_HOME=/usr/lib/jvm/java-8-oracle
CLASSPATH=/home/luis/Programas/idea-IU-135.909/bin/../lib/bootstrap.jar:/home/luis/Programas/idea-IU-135.909/bin/../lib/extensions.jar:/home/luis/Programas/idea-IU-135.909/bin/../lib/util.jar:/home/luis/Programas/idea-IU-135.909/bin/../lib/jdom.jar:/home/luis/Programas/idea-IU-135.909/bin/../lib/log4j.jar:/home/luis/Programas/idea-IU-135.909/bin/../lib/trove4j.jar:/home/luis/Programas/idea-IU-135.909/bin/../lib/jna.jar:/usr/lib/jvm/java-8-oracle/lib/tools.jar
PATH=/usr/local/bin:/usr/bin:/bin:/usr/local/games:/usr/games
USERNAME=luis
LD_LIBRARY_PATH=/home/luis/Programas/idea-IU-135.909/bin:
SHELL=/bin/bash
DISPLAY=:0.0

Signal Handlers:
SIGSEGV: [libjvm.so+0xa2fc90], sa_mask[0]=0x7ffbfeff, sa_flags=0x10000004
SIGBUS: [libjvm.so+0xa2fc90], sa_mask[0]=0x7ffbfeff, sa_flags=0x10000004
SIGFPE: [libjvm.so+0x89b4b0], sa_mask[0]=0x7ffbfeff, sa_flags=0x10000004
SIGPIPE: [libjvm.so+0x89b4b0], sa_mask[0]=0x7ffbfeff, sa_flags=0x10000004
SIGXFSZ: [libjvm.so+0x89b4b0], sa_mask[0]=0x7ffbfeff, sa_flags=0x10000004
SIGILL: [libjvm.so+0x89b4b0], sa_mask[0]=0x7ffbfeff, sa_flags=0x10000004
SIGUSR1: SIG_DFL, sa_mask[0]=0x00000000, sa_flags=0x00000000
SIGUSR2: [libjvm.so+0x89cc50], sa_mask[0]=0x00000004, sa_flags=0x10000004
SIGHUP: [libjvm.so+0x89df00], sa_mask[0]=0x7ffbfeff, sa_flags=0x10000004
SIGINT: [libjvm.so+0x89df00], sa_mask[0]=0x7ffbfeff, sa_flags=0x10000004
SIGTERM: [libjvm.so+0x89df00], sa_mask[0]=0x7ffbfeff, sa_flags=0x10000004
SIGQUIT: [libjvm.so+0x89df00], sa_mask[0]=0x7ffbfeff, sa_flags=0x10000004


---------------  S Y S T E M  ---------------

OS:PRETTY_NAME="Debian GNU/Linux 7 (wheezy)"
NAME="Debian GNU/Linux"
VERSION_ID="7"
VERSION="7 (wheezy)"
ID=debian
ANSI_COLOR="1;31"
HOME_URL="http://www.debian.org/"
SUPPORT_URL="http://www.debian.org/support/"
BUG_REPORT_URL="http://bugs.debian.org/"

uname:Linux 3.2.0-4-amd64 #1 SMP Debian 3.2.57-3+deb7u2 x86_64
libc:glibc 2.13 NPTL 2.13 
rlimit: STACK 8192k, CORE 0k, NPROC 62956, NOFILE 4096, AS infinity
load average:3,02 1,53 0,61

/proc/meminfo:
MemTotal:        8070604 kB
MemFree:         4791328 kB
Buffers:           44616 kB
Cached:           911948 kB
SwapCached:            0 kB
Active:          2449152 kB
Inactive:         695796 kB
Active(anon):    2188928 kB
Inactive(anon):    89080 kB
Active(file):     260224 kB
Inactive(file):   606716 kB
Unevictable:           0 kB
Mlocked:               0 kB
SwapTotal:       8260604 kB
SwapFree:        8260604 kB
Dirty:             18280 kB
Writeback:             0 kB
AnonPages:       2188580 kB
Mapped:           178888 kB
Shmem:             89576 kB
Slab:              63204 kB
SReclaimable:      39580 kB
SUnreclaim:        23624 kB
KernelStack:        3848 kB
PageTables:        25836 kB
NFS_Unstable:          0 kB
Bounce:                0 kB
WritebackTmp:          0 kB
CommitLimit:    12295904 kB
Committed_AS:    4470816 kB
VmallocTotal:   34359738367 kB
VmallocUsed:      450992 kB
VmallocChunk:   34359281228 kB
HardwareCorrupted:     0 kB
AnonHugePages:         0 kB
HugePages_Total:       0
HugePages_Free:        0
HugePages_Rsvd:        0
HugePages_Surp:        0
Hugepagesize:       2048 kB
DirectMap4k:       77824 kB
DirectMap2M:     8261632 kB


CPU:total 4 (4 cores per cpu, 1 threads per core) family 6 model 58 stepping 9, cmov, cx8, fxsr, mmx, sse, sse2, sse3, ssse3, sse4.1, sse4.2, popcnt, avx, aes, clmul, erms, tsc, tscinvbit

/proc/cpuinfo:
processor	: 0
vendor_id	: GenuineIntel
cpu family	: 6
model		: 58
model name	: Intel(R) Core(TM) i5-3470 CPU @ 3.20GHz
stepping	: 9
microcode	: 0x12
cpu MHz		: 3201.000
cache size	: 6144 KB
physical id	: 0
siblings	: 4
core id		: 0
cpu cores	: 4
apicid		: 0
initial apicid	: 0
fpu		: yes
fpu_exception	: yes
cpuid level	: 13
wp		: yes
flags		: fpu vme de pse tsc msr pae mce cx8 apic sep mtrr pge mca cmov pat pse36 clflush dts acpi mmx fxsr sse sse2 ss ht tm pbe syscall nx rdtscp lm constant_tsc arch_perfmon pebs bts rep_good nopl xtopology nonstop_tsc aperfmperf pni pclmulqdq dtes64 monitor ds_cpl vmx smx est tm2 ssse3 cx16 xtpr pdcm pcid sse4_1 sse4_2 x2apic popcnt tsc_deadline_timer aes xsave avx f16c rdrand lahf_lm ida arat epb xsaveopt pln pts dtherm tpr_shadow vnmi flexpriority ept vpid fsgsbase smep erms
bogomips	: 6385.97
clflush size	: 64
cache_alignment	: 64
address sizes	: 36 bits physical, 48 bits virtual
power management:

processor	: 1
vendor_id	: GenuineIntel
cpu family	: 6
model		: 58
model name	: Intel(R) Core(TM) i5-3470 CPU @ 3.20GHz
stepping	: 9
microcode	: 0x12
cpu MHz		: 3201.000
cache size	: 6144 KB
physical id	: 0
siblings	: 4
core id		: 1
cpu cores	: 4
apicid		: 2
initial apicid	: 2
fpu		: yes
fpu_exception	: yes
cpuid level	: 13
wp		: yes
flags		: fpu vme de pse tsc msr pae mce cx8 apic sep mtrr pge mca cmov pat pse36 clflush dts acpi mmx fxsr sse sse2 ss ht tm pbe syscall nx rdtscp lm constant_tsc arch_perfmon pebs bts rep_good nopl xtopology nonstop_tsc aperfmperf pni pclmulqdq dtes64 monitor ds_cpl vmx smx est tm2 ssse3 cx16 xtpr pdcm pcid sse4_1 sse4_2 x2apic popcnt tsc_deadline_timer aes xsave avx f16c rdrand lahf_lm ida arat epb xsaveopt pln pts dtherm tpr_shadow vnmi flexpriority ept vpid fsgsbase smep erms
bogomips	: 6385.45
clflush size	: 64
cache_alignment	: 64
address sizes	: 36 bits physical, 48 bits virtual
power management:

processor	: 2
vendor_id	: GenuineIntel
cpu family	: 6
model		: 58
model name	: Intel(R) Core(TM) i5-3470 CPU @ 3.20GHz
stepping	: 9
microcode	: 0x12
cpu MHz		: 1600.000
cache size	: 6144 KB
physical id	: 0
siblings	: 4
core id		: 2
cpu cores	: 4
apicid		: 4
initial apicid	: 4
fpu		: yes
fpu_exception	: yes
cpuid level	: 13
wp		: yes
flags		: fpu vme de pse tsc msr pae mce cx8 apic sep mtrr pge mca cmov pat pse36 clflush dts acpi mmx fxsr sse sse2 ss ht tm pbe syscall nx rdtscp lm constant_tsc arch_perfmon pebs bts rep_good nopl xtopology nonstop_tsc aperfmperf pni pclmulqdq dtes64 monitor ds_cpl vmx smx est tm2 ssse3 cx16 xtpr pdcm pcid sse4_1 sse4_2 x2apic popcnt tsc_deadline_timer aes xsave avx f16c rdrand lahf_lm ida arat epb xsaveopt pln pts dtherm tpr_shadow vnmi flexpriority ept vpid fsgsbase smep erms
bogomips	: 6385.45
clflush size	: 64
cache_alignment	: 64
address sizes	: 36 bits physical, 48 bits virtual
power management:

processor	: 3
vendor_id	: GenuineIntel
cpu family	: 6
model		: 58
model name	: Intel(R) Core(TM) i5-3470 CPU @ 3.20GHz
stepping	: 9
microcode	: 0x12
cpu MHz		: 3201.000
cache size	: 6144 KB
physical id	: 0
siblings	: 4
core id		: 3
cpu cores	: 4
apicid		: 6
initial apicid	: 6
fpu		: yes
fpu_exception	: yes
cpuid level	: 13
wp		: yes
flags		: fpu vme de pse tsc msr pae mce cx8 apic sep mtrr pge mca cmov pat pse36 clflush dts acpi mmx fxsr sse sse2 ss ht tm pbe syscall nx rdtscp lm constant_tsc arch_perfmon pebs bts rep_good nopl xtopology nonstop_tsc aperfmperf pni pclmulqdq dtes64 monitor ds_cpl vmx smx est tm2 ssse3 cx16 xtpr pdcm pcid sse4_1 sse4_2 x2apic popcnt tsc_deadline_timer aes xsave avx f16c rdrand lahf_lm ida arat epb xsaveopt pln pts dtherm tpr_shadow vnmi flexpriority ept vpid fsgsbase smep erms
bogomips	: 6385.45
clflush size	: 64
cache_alignment	: 64
address sizes	: 36 bits physical, 48 bits virtual
power management:



Memory: 4k page, physical 8070604k(4791328k free), swap 8260604k(8260604k free)

vm_info: Java HotSpot(TM) 64-Bit Server VM (25.5-b02) for linux-amd64 JRE (1.8.0_05-b13), built on Mar 18 2014 00:29:27 by "java_re" with gcc 4.3.0 20080428 (Red Hat 4.3.0-8)

time: Fri Jul 11 10:02:42 2014
elapsed time: 12 seconds

