#
# A fatal error has been detected by the Java Runtime Environment:
#
#  SIGSEGV (0xb) at pc=0x00007f9ec4f7cb2c, pid=26981, tid=140319471453952
#
# JRE version: Java(TM) SE Runtime Environment (8.0_05-b13) (build 1.8.0_05-b13)
# Java VM: Java HotSpot(TM) 64-Bit Server VM (25.5-b02 mixed mode linux-amd64 compressed oops)
# Problematic frame:
# V  [libjvm.so+0x304b2c]  OopFlow::build_oop_map(Node*, int, PhaseRegAlloc*, int*)+0x14c
#
# Failed to write core dump. Core dumps have been disabled. To enable core dumping, try "ulimit -c unlimited" before starting Java again
#
# If you would like to submit a bug report, please visit:
#   http://bugreport.sun.com/bugreport/crash.jsp
#

---------------  T H R E A D  ---------------

Current thread (0x00007f9ec026b800):  JavaThread "C2 CompilerThread0" daemon [_thread_in_native, id=26993, stack(0x00007f9eac304000,0x00007f9eac405000)]

siginfo:si_signo=SIGSEGV: si_errno=0, si_code=1 (SEGV_MAPERR), si_addr=0x0000000000000000

Registers:
RAX=0x00007f9e706b21b8, RBX=0x0000000000000000, RCX=0x0000000000000008, RDX=0x00007f9e706b2890
RSP=0x00007f9eac4004a0, RBP=0x00007f9eac400520, RSI=0x00000000000000db, RDI=0x00007f9e706b28c0
R8 =0x00007f9e784564c0, R9 =0x0000000000000013, R10=0x00007f9eac401e80, R11=0x00007f9ec5d29320
R12=0x00000000000000c0, R13=0x0000000000000180, R14=0x00000000000000b8, R15=0x00007f9e793c0ce8
RIP=0x00007f9ec4f7cb2c, EFLAGS=0x0000000000010246, CSGSFS=0x0000000000000033, ERR=0x0000000000000004
  TRAPNO=0x000000000000000e

Top of Stack: (sp=0x00007f9eac4004a0)
0x00007f9eac4004a0:   00007f9e78455ce0 0000000000000400
0x00007f9eac4004b0:   00007f9e784564c0 00007f9eac401d50
0x00007f9eac4004c0:   000000da78451f70 00007f9e793c0ce8
0x00007f9eac4004d0:   00007f9e706b2890 0000001cc5185a56
0x00007f9eac4004e0:   00007f9e706b28c0 00007f9e79397670
0x00007f9eac4004f0:   0000000800000040 00007f9e793c0ce8
0x00007f9eac400500:   00007f9e706b2890 0000000000000012
0x00007f9eac400510:   0000000000000013 0000000000000013
0x00007f9eac400520:   00007f9eac400590 00007f9ec4f7d10a
0x00007f9eac400530:   00007f9eac400590 00007f9e0000ffff
0x00007f9eac400540:   00007f9e00000004 00007f9e78451f70
0x00007f9eac400550:   000000daac400590 00007f9eac401d50
0x00007f9eac400560:   00000009793c0780 0000000000000000
0x00007f9eac400570:   00007f9e7805cb90 0000000000000000
0x00007f9eac400580:   00007f9e706af360 00007f9e7805c560
0x00007f9eac400590:   00007f9eac4006d0 00007f9ec4f7e29d
0x00007f9eac4005a0:   00007f9eac4005e0 00007f9e704eb390
0x00007f9eac4005b0:   00007f9eac400670 0000000000000018
0x00007f9eac4005c0:   000000000000001c 000000070f000000
0x00007f9eac4005d0:   0000000100000004 00007f9eac400698
0x00007f9eac4005e0:   00007f9eac400690 00007f9eac400670
0x00007f9eac4005f0:   00007f9eac400670 00007f9eac400670
0x00007f9eac400600:   00007f9eac402bc0 0000000000000007
0x00007f9eac400610:   00007f9eac401e80 00000007000000da
0x00007f9eac400620:   00007f9e78451f70 00007f9ec02726c0
0x00007f9eac400630:   00000000000000da ffffffff7844ec80
0x00007f9eac400640:   00007f9e7805c410 00007f9e793c0780
0x00007f9eac400650:   00007f9e784520a0 0000000000000020
0x00007f9eac400660:   ffffffffffffffdf 00007f9eac401d50
0x00007f9eac400670:   00007f9e00000080 00007f9ec02726c0
0x00007f9eac400680:   00007f9e78454520 00007f9e00000004
0x00007f9eac400690:   0000000000000014 0000000000000000 

Instructions: (pc=0x00007f9ec4f7cb2c)
0x00007f9ec4f7cb0c:   44 39 e2 0f 8e bb 00 00 00 48 8b 05 fc 90 ba 00
0x00007f9ec4f7cb1c:   4e 8b 34 a8 48 8b 55 b0 48 8b 42 08 4a 8b 1c a8
0x00007f9ec4f7cb2c:   48 8b 03 48 89 df ff 50 28 8b 48 10 48 89 c6 48
0x00007f9ec4f7cb3c:   8b 15 de a9 ba 00 48 63 c1 48 8d 44 00 01 48 c1 

Register to memory mapping:

RAX=0x00007f9e706b21b8 is an unknown value
RBX=0x0000000000000000 is an unknown value
RCX=0x0000000000000008 is an unknown value
RDX=0x00007f9e706b2890 is an unknown value
RSP=0x00007f9eac4004a0 is pointing into the stack for thread: 0x00007f9ec026b800
RBP=0x00007f9eac400520 is pointing into the stack for thread: 0x00007f9ec026b800
RSI=0x00000000000000db is an unknown value
RDI=0x00007f9e706b28c0 is an unknown value
R8 =0x00007f9e784564c0 is an unknown value
R9 =0x0000000000000013 is an unknown value
R10=0x00007f9eac401e80 is pointing into the stack for thread: 0x00007f9ec026b800
R11=0x00007f9ec5d29320: <offset 0x18e320> in /lib/x86_64-linux-gnu/libc.so.6 at 0x00007f9ec5b9b000
R12=0x00000000000000c0 is an unknown value
R13=0x0000000000000180 is an unknown value
R14=0x00000000000000b8 is an unknown value
R15=0x00007f9e793c0ce8 is an unknown value


Stack: [0x00007f9eac304000,0x00007f9eac405000],  sp=0x00007f9eac4004a0,  free space=1009k
Native frames: (J=compiled Java code, j=interpreted, Vv=VM code, C=native code)
V  [libjvm.so+0x304b2c]  OopFlow::build_oop_map(Node*, int, PhaseRegAlloc*, int*)+0x14c
V  [libjvm.so+0x30510a]  OopFlow::compute_reach(PhaseRegAlloc*, int, Dict*)+0x22a
V  [libjvm.so+0x30629d]  Compile::BuildOopMaps()+0xffd
V  [libjvm.so+0x8b4b8d]  Compile::Output()+0x6dd
V  [libjvm.so+0x45e05a]  Compile::Code_Gen()+0x30a
V  [libjvm.so+0x4612c5]  Compile::Compile(ciEnv*, C2Compiler*, ciMethod*, int, bool, bool, bool)+0x1435
V  [libjvm.so+0x3b5008]  C2Compiler::compile_method(ciEnv*, ciMethod*, int)+0x198
V  [libjvm.so+0x46982a]  CompileBroker::invoke_compiler_on_method(CompileTask*)+0xc8a
V  [libjvm.so+0x46c230]  CompileBroker::compiler_thread_loop()+0x620
V  [libjvm.so+0x9e303f]  JavaThread::thread_main_inner()+0xdf
V  [libjvm.so+0x9e3205]  JavaThread::run()+0x1b5
V  [libjvm.so+0x8a00c8]  java_start(Thread*)+0x108


Current CompileTask:
C2:  16125 6930       4       groovy.lang.MetaClassImpl::findPropertyMethod (356 bytes)


---------------  P R O C E S S  ---------------

Java Threads: ( => current thread )
  0x00007f9ec177f800 JavaThread "net.sf.ehcache.CacheManager@6d294ddc" daemon [_thread_blocked, id=27036, stack(0x00007f9ea5ce8000,0x00007f9ea5de9000)]
  0x00007f9ec1571800 JavaThread "PoolCleaner[1885922916:1404917401193]" daemon [_thread_blocked, id=27035, stack(0x00007f9ea60ec000,0x00007f9ea61ed000)]
  0x00007f9ec0cf6000 JavaThread "FileSystemWatcher: files=#184 cl=groovy.lang.GroovyClassLoader@7068e664" daemon [_thread_blocked, id=27022, stack(0x00007f9ea61ed000,0x00007f9ea62ee000)]
  0x00007f9ec08c4800 JavaThread "Thread-2" [_thread_blocked, id=27021, stack(0x00007f9ea6bb4000,0x00007f9ea6cb5000)]
  0x00007f9ec08b0000 JavaThread "NonBlockingInputStreamThread" daemon [_thread_blocked, id=27010, stack(0x00007f9ea6cb5000,0x00007f9ea6db6000)]
  0x00007f9ec08a5800 JavaThread "process reaper" daemon [_thread_blocked, id=26999, stack(0x00007f9ea71b7000,0x00007f9ea71f0000)]
  0x00007f9ec0288000 JavaThread "Service Thread" daemon [_thread_blocked, id=26996, stack(0x00007f9eac001000,0x00007f9eac102000)]
  0x00007f9ec027c800 JavaThread "C1 CompilerThread2" daemon [_thread_blocked, id=26995, stack(0x00007f9eac102000,0x00007f9eac203000)]
  0x00007f9ec026c800 JavaThread "C2 CompilerThread1" daemon [_thread_in_native, id=26994, stack(0x00007f9eac203000,0x00007f9eac304000)]
=>0x00007f9ec026b800 JavaThread "C2 CompilerThread0" daemon [_thread_in_native, id=26993, stack(0x00007f9eac304000,0x00007f9eac405000)]
  0x00007f9ec0175800 JavaThread "Signal Dispatcher" daemon [_thread_blocked, id=26992, stack(0x00007f9eac5ac000,0x00007f9eac6ad000)]
  0x00007f9ec0146000 JavaThread "Finalizer" daemon [_thread_blocked, id=26991, stack(0x00007f9eac6ad000,0x00007f9eac7ae000)]
  0x00007f9ec0142000 JavaThread "Reference Handler" daemon [_thread_blocked, id=26990, stack(0x00007f9eac7ae000,0x00007f9eac8af000)]
  0x00007f9ec000d000 JavaThread "main" [_thread_in_Java, id=26983, stack(0x00007f9ec669d000,0x00007f9ec679e000)]

Other Threads:
  0x00007f9ec013d000 VMThread [stack: 0x00007f9eac8af000,0x00007f9eac9b0000] [id=26989]
  0x00007f9ec028a800 WatcherThread [stack: 0x00007f9ea781e000,0x00007f9ea791f000] [id=26997]

VM state:not at safepoint (normal execution)

VM Mutex/Monitor currently owned by a thread: None

Heap:
 PSYoungGen      total 211456K, used 77197K [0x00000000f0000000, 0x00000000ff400000, 0x0000000100000000)
  eden space 178688K, 28% used [0x00000000f0000000,0x00000000f328aae0,0x00000000fae80000)
  from space 32768K, 77% used [0x00000000fd100000,0x00000000fe9d8978,0x00000000ff100000)
  to   space 35328K, 0% used [0x00000000fae80000,0x00000000fae80000,0x00000000fd100000)
 ParOldGen       total 101376K, used 87835K [0x00000000d0000000, 0x00000000d6300000, 0x00000000f0000000)
  object space 101376K, 86% used [0x00000000d0000000,0x00000000d55c6c08,0x00000000d6300000)
 Metaspace       used 67072K, capacity 69594K, committed 69632K, reserved 1110016K
  class space    used 7659K, capacity 8433K, committed 8448K, reserved 1048576K

Card table byte_map: [0x00007f9eb0067000,0x00007f9eb01e8000] byte_map_base: 0x00007f9eaf9e7000

Marking Bits: (ParMarkBitMap*) 0x00007f9ec5b70cc0
 Begin Bits: [0x00007f9eae463000, 0x00007f9eaf063000)
 End Bits:   [0x00007f9eaf063000, 0x00007f9eafc63000)

Polling page: 0x00007f9ec67bb000

CodeCache: size=245760Kb used=20633Kb max_used=21939Kb free=225126Kb
 bounds [0x00007f9eb05a8000, 0x00007f9eb1b28000, 0x00007f9ebf5a8000]
 total_blobs=6918 nmethods=6153 adapters=675
 compilation: enabled

Compilation events (10 events):
Event: 16,075 Thread 0x00007f9ec027c800 7046       2       org.codehaus.groovy.runtime.MetaClassHelper::chooseEmptyMethodParams (82 bytes)
Event: 16,075 Thread 0x00007f9ec027c800 nmethod 7046 0x00007f9eb088d150 code [0x00007f9eb088d2e0, 0x00007f9eb088d5b8]
Event: 16,075 Thread 0x00007f9ec027c800 7045       2       org.codehaus.groovy.grails.web.util.TagLibraryMetaUtils$_registerMethodMissingForTags_closure4::<init> (48 bytes)
Event: 16,075 Thread 0x00007f9ec027c800 nmethod 7045 0x00007f9eb0e7f2d0 code [0x00007f9eb0e7f440, 0x00007f9eb0e7f628]
Event: 16,083 Thread 0x00007f9ec027c800 7047       1       groovy.lang.ExpandoMetaClass::getMetaClass (5 bytes)
Event: 16,084 Thread 0x00007f9ec027c800 nmethod 7047 0x00007f9eb1737c90 code [0x00007f9eb1737de0, 0x00007f9eb1737ef0]
Event: 16,092 Thread 0x00007f9ec026b800 nmethod 7034% 0x00007f9eb0d26f50 code [0x00007f9eb0d272a0, 0x00007f9eb0d29000]
Event: 16,092 Thread 0x00007f9ec026b800 6930       4       groovy.lang.MetaClassImpl::findPropertyMethod (356 bytes)
Event: 16,110 Thread 0x00007f9ec027c800 7048       2       groovy.lang.MetaClassImpl::hasProperty (6 bytes)
Event: 16,110 Thread 0x00007f9ec027c800 nmethod 7048 0x00007f9eb11b0390 code [0x00007f9eb11b0500, 0x00007f9eb11b0688]

GC Heap History (10 events):
Event: 12,843 GC heap before
{Heap before GC invocations=41 (full 4):
 PSYoungGen      total 188416K, used 17224K [0x00000000f0000000, 0x00000000fd900000, 0x0000000100000000)
  eden space 166400K, 0% used [0x00000000f0000000,0x00000000f0000000,0x00000000fa280000)
  from space 22016K, 78% used [0x00000000fa280000,0x00000000fb352108,0x00000000fb800000)
  to   space 23552K, 0% used [0x00000000fc200000,0x00000000fc200000,0x00000000fd900000)
 ParOldGen       total 72704K, used 70428K [0x00000000d0000000, 0x00000000d4700000, 0x00000000f0000000)
  object space 72704K, 96% used [0x00000000d0000000,0x00000000d44c7380,0x00000000d4700000)
 Metaspace       used 59861K, capacity 61802K, committed 62080K, reserved 1103872K
  class space    used 6815K, capacity 7484K, committed 7552K, reserved 1048576K
Event: 13,538 GC heap after
Heap after GC invocations=41 (full 4):
 PSYoungGen      total 188416K, used 11427K [0x00000000f0000000, 0x00000000fd900000, 0x0000000100000000)
  eden space 166400K, 0% used [0x00000000f0000000,0x00000000f0000000,0x00000000fa280000)
  from space 22016K, 51% used [0x00000000fa280000,0x00000000fada8ef8,0x00000000fb800000)
  to   space 23552K, 0% used [0x00000000fc200000,0x00000000fc200000,0x00000000fd900000)
 ParOldGen       total 86016K, used 72288K [0x00000000d0000000, 0x00000000d5400000, 0x00000000f0000000)
  object space 86016K, 84% used [0x00000000d0000000,0x00000000d46983b8,0x00000000d5400000)
 Metaspace       used 59861K, capacity 61802K, committed 62080K, reserved 1103872K
  class space    used 6815K, capacity 7484K, committed 7552K, reserved 1048576K
}
Event: 14,110 GC heap before
{Heap before GC invocations=42 (full 4):
 PSYoungGen      total 188416K, used 177827K [0x00000000f0000000, 0x00000000fd900000, 0x0000000100000000)
  eden space 166400K, 100% used [0x00000000f0000000,0x00000000fa280000,0x00000000fa280000)
  from space 22016K, 51% used [0x00000000fa280000,0x00000000fada8ef8,0x00000000fb800000)
  to   space 23552K, 0% used [0x00000000fc200000,0x00000000fc200000,0x00000000fd900000)
 ParOldGen       total 86016K, used 72288K [0x00000000d0000000, 0x00000000d5400000, 0x00000000f0000000)
  object space 86016K, 84% used [0x00000000d0000000,0x00000000d46983b8,0x00000000d5400000)
 Metaspace       used 61651K, capacity 63548K, committed 64000K, reserved 1105920K
  class space    used 6962K, capacity 7616K, committed 7680K, reserved 1048576K
Event: 14,145 GC heap after
Heap after GC invocations=42 (full 4):
 PSYoungGen      total 195584K, used 21378K [0x00000000f0000000, 0x00000000fde80000, 0x0000000100000000)
  eden space 172032K, 0% used [0x00000000f0000000,0x00000000f0000000,0x00000000fa800000)
  from space 23552K, 90% used [0x00000000fc200000,0x00000000fd6e0930,0x00000000fd900000)
  to   space 26624K, 0% used [0x00000000fa800000,0x00000000fa800000,0x00000000fc200000)
 ParOldGen       total 86016K, used 72296K [0x00000000d0000000, 0x00000000d5400000, 0x00000000f0000000)
  object space 86016K, 84% used [0x00000000d0000000,0x00000000d469a3b8,0x00000000d5400000)
 Metaspace       used 61651K, capacity 63548K, committed 64000K, reserved 1105920K
  class space    used 6962K, capacity 7616K, committed 7680K, reserved 1048576K
}
Event: 14,683 GC heap before
{Heap before GC invocations=43 (full 4):
 PSYoungGen      total 195584K, used 189960K [0x00000000f0000000, 0x00000000fde80000, 0x0000000100000000)
  eden space 172032K, 97% used [0x00000000f0000000,0x00000000fa4a1a90,0x00000000fa800000)
  from space 23552K, 90% used [0x00000000fc200000,0x00000000fd6e0930,0x00000000fd900000)
  to   space 26624K, 0% used [0x00000000fa800000,0x00000000fa800000,0x00000000fc200000)
 ParOldGen       total 86016K, used 72296K [0x00000000d0000000, 0x00000000d5400000, 0x00000000f0000000)
  object space 86016K, 84% used [0x00000000d0000000,0x00000000d469a3b8,0x00000000d5400000)
 Metaspace       used 64118K, capacity 66066K, committed 66304K, reserved 1107968K
  class space    used 7261K, capacity 7903K, committed 7936K, reserved 1048576K
Event: 14,706 GC heap after
Heap after GC invocations=43 (full 4):
 PSYoungGen      total 198656K, used 26622K [0x00000000f0000000, 0x00000000ff100000, 0x0000000100000000)
  eden space 172032K, 0% used [0x00000000f0000000,0x00000000f0000000,0x00000000fa800000)
  from space 26624K, 99% used [0x00000000fa800000,0x00000000fc1ffa50,0x00000000fc200000)
  to   space 32768K, 0% used [0x00000000fd100000,0x00000000fd100000,0x00000000ff100000)
 ParOldGen       total 86016K, used 77439K [0x00000000d0000000, 0x00000000d5400000, 0x00000000f0000000)
  object space 86016K, 90% used [0x00000000d0000000,0x00000000d4b9fc18,0x00000000d5400000)
 Metaspace       used 64118K, capacity 66066K, committed 66304K, reserved 1107968K
  class space    used 7261K, capacity 7903K, committed 7936K, reserved 1048576K
}
Event: 14,706 GC heap before
{Heap before GC invocations=44 (full 5):
 PSYoungGen      total 198656K, used 26622K [0x00000000f0000000, 0x00000000ff100000, 0x0000000100000000)
  eden space 172032K, 0% used [0x00000000f0000000,0x00000000f0000000,0x00000000fa800000)
  from space 26624K, 99% used [0x00000000fa800000,0x00000000fc1ffa50,0x00000000fc200000)
  to   space 32768K, 0% used [0x00000000fd100000,0x00000000fd100000,0x00000000ff100000)
 ParOldGen       total 86016K, used 77439K [0x00000000d0000000, 0x00000000d5400000, 0x00000000f0000000)
  object space 86016K, 90% used [0x00000000d0000000,0x00000000d4b9fc18,0x00000000d5400000)
 Metaspace       used 64118K, capacity 66066K, committed 66304K, reserved 1107968K
  class space    used 7261K, capacity 7903K, committed 7936K, reserved 1048576K
Event: 15,210 GC heap after
Heap after GC invocations=44 (full 5):
 PSYoungGen      total 198656K, used 17778K [0x00000000f0000000, 0x00000000ff100000, 0x0000000100000000)
  eden space 172032K, 0% used [0x00000000f0000000,0x00000000f0000000,0x00000000fa800000)
  from space 26624K, 66% used [0x00000000fa800000,0x00000000fb95cb80,0x00000000fc200000)
  to   space 32768K, 0% used [0x00000000fd100000,0x00000000fd100000,0x00000000ff100000)
 ParOldGen       total 101376K, used 85786K [0x00000000d0000000, 0x00000000d6300000, 0x00000000f0000000)
  object space 101376K, 84% used [0x00000000d0000000,0x00000000d53c6be8,0x00000000d6300000)
 Metaspace       used 64118K, capacity 66066K, committed 66304K, reserved 1107968K
  class space    used 7261K, capacity 7903K, committed 7936K, reserved 1048576K
}
Event: 15,844 GC heap before
{Heap before GC invocations=45 (full 5):
 PSYoungGen      total 198656K, used 189810K [0x00000000f0000000, 0x00000000ff100000, 0x0000000100000000)
  eden space 172032K, 100% used [0x00000000f0000000,0x00000000fa800000,0x00000000fa800000)
  from space 26624K, 66% used [0x00000000fa800000,0x00000000fb95cb80,0x00000000fc200000)
  to   space 32768K, 0% used [0x00000000fd100000,0x00000000fd100000,0x00000000ff100000)
 ParOldGen       total 101376K, used 85786K [0x00000000d0000000, 0x00000000d6300000, 0x00000000f0000000)
  object space 101376K, 84% used [0x00000000d0000000,0x00000000d53c6be8,0x00000000d6300000)
 Metaspace       used 66611K, capacity 69142K, committed 69376K, reserved 1110016K
  class space    used 7593K, capacity 8360K, committed 8448K, reserved 1048576K
Event: 15,885 GC heap after
Heap after GC invocations=45 (full 5):
 PSYoungGen      total 211456K, used 25442K [0x00000000f0000000, 0x00000000ff400000, 0x0000000100000000)
  eden space 178688K, 0% used [0x00000000f0000000,0x00000000f0000000,0x00000000fae80000)
  from space 32768K, 77% used [0x00000000fd100000,0x00000000fe9d8978,0x00000000ff100000)
  to   space 35328K, 0% used [0x00000000fae80000,0x00000000fae80000,0x00000000fd100000)
 ParOldGen       total 101376K, used 87835K [0x00000000d0000000, 0x00000000d6300000, 0x00000000f0000000)
  object space 101376K, 86% used [0x00000000d0000000,0x00000000d55c6c08,0x00000000d6300000)
 Metaspace       used 66611K, capacity 69142K, committed 69376K, reserved 1110016K
  class space    used 7593K, capacity 8360K, committed 8448K, reserved 1048576K
}

Deoptimization events (10 events):
Event: 13,874 Thread 0x00007f9ec000d000 Uncommon trap: reason=unreached action=reinterpret pc=0x00007f9eb0c99db0 method=org.codehaus.groovy.runtime.metaclass.MetaMethodIndex.getMethods(Ljava/lang/Class;Ljava/lang/String;)Lorg/codehaus/groovy/runtime/metaclass/MetaMethodIndex$Entry; @ 61
Event: 14,469 Thread 0x00007f9ec000d000 Uncommon trap: reason=unloaded action=reinterpret pc=0x00007f9eb14d5f3c method=org.springframework.core.BridgeMethodResolver.findBridgedMethod(Ljava/lang/reflect/Method;)Ljava/lang/reflect/Method; @ 13
Event: 14,547 Thread 0x00007f9ec000d000 Uncommon trap: reason=unreached action=reinterpret pc=0x00007f9eb1a97408 method=org.springframework.beans.factory.support.AbstractAutowireCapableBeanFactory.predictBeanType(Ljava/lang/String;Lorg/springframework/beans/factory/support/RootBeanDefinition;[L
Event: 15,439 Thread 0x00007f9ec000d000 Uncommon trap: reason=class_check action=maybe_recompile pc=0x00007f9eb0dd4edc method=java.beans.PropertyDescriptor.getPropertyType()Ljava/lang/Class; @ 11
Event: 15,439 Thread 0x00007f9ec000d000 Uncommon trap: reason=class_check action=maybe_recompile pc=0x00007f9eb0dd4edc method=java.beans.PropertyDescriptor.getPropertyType()Ljava/lang/Class; @ 11
Event: 15,441 Thread 0x00007f9ec000d000 Uncommon trap: reason=class_check action=maybe_recompile pc=0x00007f9eb0dd4edc method=java.beans.PropertyDescriptor.getPropertyType()Ljava/lang/Class; @ 11
Event: 15,441 Thread 0x00007f9ec000d000 Uncommon trap: reason=class_check action=maybe_recompile pc=0x00007f9eb0dd4edc method=java.beans.PropertyDescriptor.getPropertyType()Ljava/lang/Class; @ 11
Event: 15,446 Thread 0x00007f9ec000d000 Uncommon trap: reason=unreached action=reinterpret pc=0x00007f9eb16a003c method=sun.util.calendar.ZoneInfo.getOffsets(J[II)I @ 4
Event: 15,450 Thread 0x00007f9ec000d000 Uncommon trap: reason=null_check action=make_not_entrant pc=0x00007f9eb1b21e04 method=org.springsource.loaded.TypeRegistry.getDescriptorForReloadableType(Ljava/lang/String;)Lorg/springsource/loaded/TypeDescriptor; @ 10
Event: 15,719 Thread 0x00007f9ec000d000 Uncommon trap: reason=unreached action=reinterpret pc=0x00007f9eb16a0fa8 method=org.codehaus.groovy.runtime.metaclass.MetaMethodIndex.isNonRealMethod(Lgroovy/lang/MetaMethod;)Z @ 32

Internal exceptions (10 events):
Event: 16,067 Thread 0x00007f9ec000d000 Exception <a 'java/security/PrivilegedActionException'> (0x00000000f2c9e270) thrown at [/HUDSON/workspace/8-2-build-linux-amd64/jdk8u5/2488/hotspot/src/share/vm/prims/jvm.cpp, line 1248]
Event: 16,067 Thread 0x00007f9ec000d000 Exception <a 'java/security/PrivilegedActionException'> (0x00000000f2cb94f0) thrown at [/HUDSON/workspace/8-2-build-linux-amd64/jdk8u5/2488/hotspot/src/share/vm/prims/jvm.cpp, line 1248]
Event: 16,068 Thread 0x00007f9ec000d000 Exception <a 'java/lang/ClassNotFoundException': org/codehaus/groovy/grails/web/util/TagLibraryMetaUtils$_registerPropertyMissingForTag_closure6BeanInfo> (0x00000000f2cdb938) thrown at [/HUDSON/workspace/8-2-build-linux-amd64/jdk8u5/2488/hotspot/src/share
Event: 16,068 Thread 0x00007f9ec000d000 Exception <a 'java/security/PrivilegedActionException'> (0x00000000f2cdd260) thrown at [/HUDSON/workspace/8-2-build-linux-amd64/jdk8u5/2488/hotspot/src/share/vm/prims/jvm.cpp, line 1248]
Event: 16,068 Thread 0x00007f9ec000d000 Exception <a 'java/security/PrivilegedActionException'> (0x00000000f2ce51a0) thrown at [/HUDSON/workspace/8-2-build-linux-amd64/jdk8u5/2488/hotspot/src/share/vm/prims/jvm.cpp, line 1248]
Event: 16,068 Thread 0x00007f9ec000d000 Exception <a 'java/security/PrivilegedActionException'> (0x00000000f2d00850) thrown at [/HUDSON/workspace/8-2-build-linux-amd64/jdk8u5/2488/hotspot/src/share/vm/prims/jvm.cpp, line 1248]
Event: 16,068 Thread 0x00007f9ec000d000 Exception <a 'java/security/PrivilegedActionException'> (0x00000000f2d23a28) thrown at [/HUDSON/workspace/8-2-build-linux-amd64/jdk8u5/2488/hotspot/src/share/vm/prims/jvm.cpp, line 1248]
Event: 16,068 Thread 0x00007f9ec000d000 Exception <a 'java/security/PrivilegedActionException'> (0x00000000f2d2b968) thrown at [/HUDSON/workspace/8-2-build-linux-amd64/jdk8u5/2488/hotspot/src/share/vm/prims/jvm.cpp, line 1248]
Event: 16,068 Thread 0x00007f9ec000d000 Exception <a 'java/security/PrivilegedActionException'> (0x00000000f2d47018) thrown at [/HUDSON/workspace/8-2-build-linux-amd64/jdk8u5/2488/hotspot/src/share/vm/prims/jvm.cpp, line 1248]
Event: 16,068 Thread 0x00007f9ec000d000 Exception <a 'java/lang/ClassNotFoundException': org/codehaus/groovy/grails/web/util/TagLibraryMetaUtils$_registerPropertyMissingForTag_closure6Customizer> (0x00000000f2d69548) thrown at [/HUDSON/workspace/8-2-build-linux-amd64/jdk8u5/2488/hotspot/src/sha

Events (10 events):
Event: 16,067 loading class org/codehaus/groovy/grails/web/util/TagLibraryMetaUtils$_registerPropertyMissingForTag_closure6BeanInfo
Event: 16,067 loading class org/codehaus/groovy/grails/web/util/TagLibraryMetaUtils$_registerPropertyMissingForTag_closure6BeanInfo done
Event: 16,068 loading class org/codehaus/groovy/grails/web/util/TagLibraryMetaUtils$_registerPropertyMissingForTag_closure6BeanInfo
Event: 16,068 loading class org/codehaus/groovy/grails/web/util/TagLibraryMetaUtils$_registerPropertyMissingForTag_closure6BeanInfo done
Event: 16,068 loading class org/codehaus/groovy/grails/web/util/TagLibraryMetaUtils$_registerPropertyMissingForTag_closure6Customizer
Event: 16,068 loading class org/codehaus/groovy/grails/web/util/TagLibraryMetaUtils$_registerPropertyMissingForTag_closure6Customizer done
Event: 16,068 loading class org/codehaus/groovy/grails/web/util/TagLibraryMetaUtils$_registerPropertyMissingForTag_closure6Customizer
Event: 16,068 loading class org/codehaus/groovy/grails/web/util/TagLibraryMetaUtils$_registerPropertyMissingForTag_closure6Customizer done
Event: 16,068 loading class org/codehaus/groovy/grails/web/util/TagLibraryMetaUtils$_registerPropertyMissingForTag_closure6Customizer
Event: 16,068 loading class org/codehaus/groovy/grails/web/util/TagLibraryMetaUtils$_registerPropertyMissingForTag_closure6Customizer done


Dynamic libraries:
00400000-00401000 r-xp 00000000 08:02 45745696                           /usr/lib/jvm/java-8-oracle/bin/java
00600000-00601000 rw-p 00000000 08:02 45745696                           /usr/lib/jvm/java-8-oracle/bin/java
01be6000-01c07000 rw-p 00000000 00:00 0                                  [heap]
d0000000-d6300000 rw-p 00000000 00:00 0 
d6300000-f0000000 ---p 00000000 00:00 0 
f0000000-ff400000 rw-p 00000000 00:00 0 
ff400000-100000000 ---p 00000000 00:00 0 
100000000-100840000 rw-p 00000000 00:00 0 
100840000-140000000 ---p 00000000 00:00 0 
7f9e48000000-7f9e48021000 rw-p 00000000 00:00 0 
7f9e48021000-7f9e4c000000 ---p 00000000 00:00 0 
7f9e4c000000-7f9e4c02d000 rw-p 00000000 00:00 0 
7f9e4c02d000-7f9e50000000 ---p 00000000 00:00 0 
7f9e50000000-7f9e50021000 rw-p 00000000 00:00 0 
7f9e50021000-7f9e54000000 ---p 00000000 00:00 0 
7f9e54000000-7f9e54021000 rw-p 00000000 00:00 0 
7f9e54021000-7f9e58000000 ---p 00000000 00:00 0 
7f9e58000000-7f9e58021000 rw-p 00000000 00:00 0 
7f9e58021000-7f9e5c000000 ---p 00000000 00:00 0 
7f9e5c000000-7f9e5c021000 rw-p 00000000 00:00 0 
7f9e5c021000-7f9e60000000 ---p 00000000 00:00 0 
7f9e60000000-7f9e60021000 rw-p 00000000 00:00 0 
7f9e60021000-7f9e64000000 ---p 00000000 00:00 0 
7f9e64000000-7f9e64021000 rw-p 00000000 00:00 0 
7f9e64021000-7f9e68000000 ---p 00000000 00:00 0 
7f9e68000000-7f9e68021000 rw-p 00000000 00:00 0 
7f9e68021000-7f9e6c000000 ---p 00000000 00:00 0 
7f9e6c000000-7f9e6c021000 rw-p 00000000 00:00 0 
7f9e6c021000-7f9e70000000 ---p 00000000 00:00 0 
7f9e70000000-7f9e70abe000 rw-p 00000000 00:00 0 
7f9e70abe000-7f9e74000000 ---p 00000000 00:00 0 
7f9e74000000-7f9e74021000 rw-p 00000000 00:00 0 
7f9e74021000-7f9e78000000 ---p 00000000 00:00 0 
7f9e78000000-7f9e79b96000 rw-p 00000000 00:00 0 
7f9e79b96000-7f9e7c000000 ---p 00000000 00:00 0 
7f9e7c000000-7f9e7d5de000 rw-p 00000000 00:00 0 
7f9e7d5de000-7f9e80000000 ---p 00000000 00:00 0 
7f9e80000000-7f9e80021000 rw-p 00000000 00:00 0 
7f9e80021000-7f9e84000000 ---p 00000000 00:00 0 
7f9e84000000-7f9e84021000 rw-p 00000000 00:00 0 
7f9e84021000-7f9e88000000 ---p 00000000 00:00 0 
7f9e88000000-7f9e881fc000 rw-p 00000000 00:00 0 
7f9e881fc000-7f9e8c000000 ---p 00000000 00:00 0 
7f9e8c000000-7f9e8c021000 rw-p 00000000 00:00 0 
7f9e8c021000-7f9e90000000 ---p 00000000 00:00 0 
7f9e90000000-7f9e90029000 rw-p 00000000 00:00 0 
7f9e90029000-7f9e94000000 ---p 00000000 00:00 0 
7f9e98000000-7f9e98021000 rw-p 00000000 00:00 0 
7f9e98021000-7f9e9c000000 ---p 00000000 00:00 0 
7f9e9e9dc000-7f9e9eb9c000 rw-p 00000000 00:00 0 
7f9e9eb9c000-7f9e9ebdc000 ---p 00000000 00:00 0 
7f9e9ebdc000-7f9e9eddc000 rw-p 00000000 00:00 0 
7f9e9eddc000-7f9e9efdc000 rw-p 00000000 00:00 0 
7f9e9efdc000-7f9e9f1dc000 rw-p 00000000 00:00 0 
7f9e9f1dc000-7f9e9f3dc000 rw-p 00000000 00:00 0 
7f9e9f3dc000-7f9e9f5dc000 rw-p 00000000 00:00 0 
7f9e9f5dc000-7f9e9f5f2000 r-xp 00000000 08:02 21892972                   /lib/x86_64-linux-gnu/libresolv-2.17.so
7f9e9f5f2000-7f9e9f7f2000 ---p 00016000 08:02 21892972                   /lib/x86_64-linux-gnu/libresolv-2.17.so
7f9e9f7f2000-7f9e9f7f3000 r--p 00016000 08:02 21892972                   /lib/x86_64-linux-gnu/libresolv-2.17.so
7f9e9f7f3000-7f9e9f7f4000 rw-p 00017000 08:02 21892972                   /lib/x86_64-linux-gnu/libresolv-2.17.so
7f9e9f7f4000-7f9e9f7f6000 rw-p 00000000 00:00 0 
7f9e9f7f6000-7f9e9f7fc000 r-xp 00000000 08:02 21892981                   /lib/x86_64-linux-gnu/libnss_dns-2.17.so
7f9e9f7fc000-7f9e9f9fb000 ---p 00006000 08:02 21892981                   /lib/x86_64-linux-gnu/libnss_dns-2.17.so
7f9e9f9fb000-7f9e9f9fc000 r--p 00005000 08:02 21892981                   /lib/x86_64-linux-gnu/libnss_dns-2.17.so
7f9e9f9fc000-7f9e9f9fd000 rw-p 00006000 08:02 21892981                   /lib/x86_64-linux-gnu/libnss_dns-2.17.so
7f9e9f9fd000-7f9e9f9ff000 r-xp 00000000 08:02 21889063                   /lib/libnss_mdns4_minimal.so.2
7f9e9f9ff000-7f9e9fbfe000 ---p 00002000 08:02 21889063                   /lib/libnss_mdns4_minimal.so.2
7f9e9fbfe000-7f9e9fbff000 r--p 00001000 08:02 21889063                   /lib/libnss_mdns4_minimal.so.2
7f9e9fbff000-7f9e9fc00000 rw-p 00002000 08:02 21889063                   /lib/libnss_mdns4_minimal.so.2
7f9e9fc00000-7f9e9fe00000 rw-p 00000000 00:00 0 
7f9e9fe00000-7f9ea0000000 rw-p 00000000 00:00 0 
7f9ea0000000-7f9ea0021000 rw-p 00000000 00:00 0 
7f9ea0021000-7f9ea4000000 ---p 00000000 00:00 0 
7f9ea409b000-7f9ea409c000 rw-p 00000000 00:00 0 
7f9ea409c000-7f9ea40a2000 r--s 002f7000 08:02 45484046                   /usr/lib/jvm/java-8-oracle/jre/lib/charsets.jar
7f9ea40a2000-7f9ea40b8000 r--s 0016c000 08:02 45744470                   /usr/lib/jvm/java-8-oracle/jre/lib/ext/nashorn.jar
7f9ea40b8000-7f9ea42b8000 rw-p 00000000 00:00 0 
7f9ea42b8000-7f9ea44b8000 rw-p 00000000 00:00 0 
7f9ea44b8000-7f9ea46b8000 rw-p 00000000 00:00 0 
7f9ea46b8000-7f9ea48b8000 rw-p 00000000 00:00 0 
7f9ea48b8000-7f9ea4ab8000 rw-p 00000000 00:00 0 
7f9ea4ab8000-7f9ea4ac0000 r-xp 00000000 08:02 45744318                   /usr/lib/jvm/java-8-oracle/jre/lib/amd64/libmanagement.so
7f9ea4ac0000-7f9ea4cc0000 ---p 00008000 08:02 45744318                   /usr/lib/jvm/java-8-oracle/jre/lib/amd64/libmanagement.so
7f9ea4cc0000-7f9ea4cc1000 rw-p 00008000 08:02 45744318                   /usr/lib/jvm/java-8-oracle/jre/lib/amd64/libmanagement.so
7f9ea4cc1000-7f9ea4ec1000 rw-p 00000000 00:00 0 
7f9ea4ec1000-7f9ea50c1000 rw-p 00000000 00:00 0 
7f9ea50c1000-7f9ea52c1000 rw-p 00000000 00:00 0 
7f9ea52c1000-7f9ea54c1000 rw-p 00000000 00:00 0 
7f9ea54c1000-7f9ea56c1000 rw-p 00000000 00:00 0 
7f9ea56c1000-7f9ea56d1000 r-xp 00000000 08:02 45744360                   /usr/lib/jvm/java-8-oracle/jre/lib/amd64/libnio.so
7f9ea56d1000-7f9ea58d1000 ---p 00010000 08:02 45744360                   /usr/lib/jvm/java-8-oracle/jre/lib/amd64/libnio.so
7f9ea58d1000-7f9ea58d2000 rw-p 00010000 08:02 45744360                   /usr/lib/jvm/java-8-oracle/jre/lib/amd64/libnio.so
7f9ea58d2000-7f9ea58e8000 r-xp 00000000 08:02 45744342                   /usr/lib/jvm/java-8-oracle/jre/lib/amd64/libnet.so
7f9ea58e8000-7f9ea5ae7000 ---p 00016000 08:02 45744342                   /usr/lib/jvm/java-8-oracle/jre/lib/amd64/libnet.so
7f9ea5ae7000-7f9ea5ae8000 rw-p 00015000 08:02 45744342                   /usr/lib/jvm/java-8-oracle/jre/lib/amd64/libnet.so
7f9ea5ae8000-7f9ea5ce8000 rw-p 00000000 00:00 0 
7f9ea5ce8000-7f9ea5ceb000 ---p 00000000 00:00 0 
7f9ea5ceb000-7f9ea5de9000 rw-p 00000000 00:00 0                          [stack:27036]
7f9ea5de9000-7f9ea5dec000 ---p 00000000 00:00 0 
7f9ea5dec000-7f9ea5eea000 rw-p 00000000 00:00 0 
7f9ea5eea000-7f9ea5eed000 ---p 00000000 00:00 0 
7f9ea5eed000-7f9ea5feb000 rw-p 00000000 00:00 0 
7f9ea5feb000-7f9ea5fee000 ---p 00000000 00:00 0 
7f9ea5fee000-7f9ea60ec000 rw-p 00000000 00:00 0 
7f9ea60ec000-7f9ea60ef000 ---p 00000000 00:00 0 
7f9ea60ef000-7f9ea61ed000 rw-p 00000000 00:00 0                          [stack:27035]
7f9ea61ed000-7f9ea61f0000 ---p 00000000 00:00 0 
7f9ea61f0000-7f9ea64ee000 rw-p 00000000 00:00 0                          [stack:27022]
7f9ea64ee000-7f9ea66ee000 rw-p 00000000 00:00 0 
7f9ea66ee000-7f9ea68ee000 rw-p 00000000 00:00 0 
7f9ea68ee000-7f9ea6901000 r--s 00345000 08:02 45483981                   /usr/lib/jvm/java-8-oracle/jre/lib/resources.jar
7f9ea6901000-7f9ea6912000 r--s 000d2000 08:02 18743713                   /home/edgar/.m2/repository/org/liquibase/liquibase-core/2.0.5/liquibase-core-2.0.5.jar
7f9ea6912000-7f9ea6916000 r--s 0000c000 08:02 18743711                   /home/edgar/.m2/repository/javax/validation/validation-api/1.1.0.Final/validation-api-1.1.0.Final.jar
7f9ea6916000-7f9ea691c000 r--s 0004c000 08:02 19270390                   /home/edgar/.gvm/grails/2.4.2/lib/org.grails/grails-datastore-simple/jars/grails-datastore-simple-3.1.1.RELEASE.jar
7f9ea691c000-7f9ea6924000 r--s 00052000 08:02 18743675                   /home/edgar/.m2/repository/org/springframework/spring-orm/4.0.5.RELEASE/spring-orm-4.0.5.RELEASE.jar
7f9ea6924000-7f9ea6926000 r--s 0000a000 08:02 19400597                   /home/edgar/.m2/repository/org/grails/grails-datastore-gorm-plugin-support/3.1.1.RELEASE/grails-datastore-gorm-plugin-support-3.1.1.RELEASE.jar
7f9ea6926000-7f9ea692c000 r--s 00041000 08:02 19269627                   /home/edgar/.m2/repository/org/grails/grails-datastore-gorm-hibernate-core/3.1.1.RELEASE/grails-datastore-gorm-hibernate-core-3.1.1.RELEASE.jar
7f9ea692c000-7f9ea6931000 r--s 00048000 08:02 18743709                   /home/edgar/.m2/repository/dom4j/dom4j/1.6.1/dom4j-1.6.1.jar
7f9ea6931000-7f9ea6932000 r--s 00002000 08:02 18743683                   /home/edgar/.m2/repository/org/jboss/logging/jboss-logging-annotations/1.2.0.Beta1/jboss-logging-annotations-1.2.0.Beta1.jar
7f9ea6932000-7f9ea6935000 r--s 00010000 08:02 18743703                   /home/edgar/.m2/repository/org/hibernate/common/hibernate-commons-annotations/4.0.4.Final/hibernate-commons-annotations-4.0.4.Final.jar
7f9ea6935000-7f9ea693d000 r--s 00062000 08:02 19138659                   /home/edgar/.m2/repository/org/grails/grails-datastore-gorm-hibernate4/3.1.1.RELEASE/grails-datastore-gorm-hibernate4-3.1.1.RELEASE.jar
7f9ea693d000-7f9ea6946000 r--s 00081000 08:02 19270387                   /home/edgar/.gvm/grails/2.4.2/lib/org.grails/grails-datastore-gorm/jars/grails-datastore-gorm-3.1.1.RELEASE.jar
7f9ea6946000-7f9ea6951000 r--s 00052000 08:02 19270384                   /home/edgar/.gvm/grails/2.4.2/lib/org.grails/grails-datastore-core/jars/grails-datastore-core-3.1.1.RELEASE.jar
7f9ea6951000-7f9ea6953000 r--s 0000d000 08:02 18743697                   /home/edgar/.m2/repository/org/jboss/logging/jboss-logging/3.1.0.GA/jboss-logging-3.1.0.GA.jar
7f9ea6953000-7f9ea6969000 r--s 000e6000 08:02 17041777                   /home/edgar/.m2/repository/net/sf/ehcache/ehcache-core/2.4.8/ehcache-core-2.4.8.jar
7f9ea6969000-7f9ea696b000 r--s 00011000 08:02 18743691                   /home/edgar/.m2/repository/org/jboss/jandex/1.1.0.Final/jandex-1.1.0.Final.jar
7f9ea696b000-7f9ea6970000 r--s 00068000 08:02 18743689                   /home/edgar/.m2/repository/antlr/antlr/2.7.7/antlr-2.7.7.jar
7f9ea6970000-7f9ea6971000 r--s 00006000 08:02 18743687                   /home/edgar/.m2/repository/org/jboss/spec/javax/transaction/jboss-transaction-api_1.2_spec/1.0.0.Final/jboss-transaction-api_1.2_spec-1.0.0.Final.jar
7f9ea6971000-7f9ea69ce000 r--s 004a0000 08:02 18743685                   /home/edgar/.m2/repository/org/hibernate/hibernate-core/4.3.5.Final/hibernate-core-4.3.5.Final.jar
7f9ea69ce000-7f9ea69d2000 r--s 0001e000 08:02 18743681                   /home/edgar/.m2/repository/org/hibernate/hibernate-ehcache/4.3.5.Final/hibernate-ehcache-4.3.5.Final.jar
7f9ea69d2000-7f9ea69d4000 r--s 0000d000 08:02 18743695                   /home/edgar/.m2/repository/com/fasterxml/classmate/1.0.0/classmate-1.0.0.jar
7f9ea69d4000-7f9ea69e1000 r--s 00080000 08:02 18743693                   /home/edgar/.m2/repository/org/hibernate/hibernate-validator/5.0.3.Final/hibernate-validator-5.0.3.Final.jar
7f9ea69e1000-7f9ea69f1000 r--s 0007c000 08:02 16516084                   /home/edgar/.m2/repository/joda-time/joda-time/2.1/joda-time-2.1.jar
7f9ea69f1000-7f9ea69fe000 r--s 00093000 08:02 16516083                   /home/edgar/.m2/repository/org/mybatis/mybatis/3.1.1/mybatis-3.1.1.jar
7f9ea69fe000-7f9ea6a00000 r--s 0000e000 08:02 16516081                   /home/edgar/.m2/repository/javax/activation/activation/1.1/activation-1.1.jar
7f9ea6a00000-7f9ea6a07000 r--s 00067000 08:02 16516079                   /home/edgar/.m2/repository/javax/mail/mail/1.4.1/mail-1.4.1.jar
7f9ea6a07000-7f9ea6a08000 r--s 00007000 08:02 16516077                   /home/edgar/.m2/repository/org/apache/commons/commons-email/1.2/commons-email-1.2.jar
7f9ea6a08000-7f9ea6a2c000 r--s 0016b000 08:02 15994393                   /home/edgar/.m2/repository/org/camunda/bpm/camunda-engine/7.0.0-Final/camunda-engine-7.0.0-Final.jar
7f9ea6a2c000-7f9ea6a2f000 r--s 00015000 08:02 16777360                   /home/edgar/.m2/repository/commons-pool/commons-pool/1.5.4/commons-pool-1.5.4.jar
7f9ea6a2f000-7f9ea6a32000 r--s 00025000 08:02 16777366                   /home/edgar/.m2/repository/commons-dbcp/commons-dbcp/1.4/commons-dbcp-1.4.jar
7f9ea6a32000-7f9ea6a35000 r--s 0000e000 08:02 15862885                   /home/edgar/.m2/repository/org/camunda/bpm/camunda-engine-spring/7.0.0-Final/camunda-engine-spring-7.0.0-Final.jar
7f9ea6a35000-7f9ea6a3e000 r--s 000a5000 08:02 18743699                   /home/edgar/.m2/repository/org/javassist/javassist/3.17.1-GA/javassist-3.17.1-GA.jar
7f9ea6a3e000-7f9ea6a3f000 r--s 00005000 08:02 18613701                   /home/edgar/.m2/repository/org/grails/grails-datastore-test-support/1.0-grails-2.4/grails-datastore-test-support-1.0-grails-2.4.jar
7f9ea6a3f000-7f9ea6a42000 r--s 00083000 08:02 19401963                   /home/edgar/.gvm/grails/2.4.2/dist/grails-resources-2.4.2.jar
7f9ea6a42000-7f9ea6a4f000 r--s 00189000 08:02 19270002                   /home/edgar/.gvm/grails/2.4.2/lib/com.h2database/h2/jars/h2-1.3.176.jar
7f9ea6a4f000-7f9ea6a53000 r--s 00021000 08:02 19401627                   /home/edgar/.gvm/grails/2.4.2/dist/grails-plugin-converters-2.4.2.jar
7f9ea6a53000-7f9ea6a5e000 r--s 00063000 08:02 19398789                   /home/edgar/.gvm/grails/2.4.2/lib/org.springframework/spring-test/jars/spring-test-4.0.5.RELEASE.jar
7f9ea6a5e000-7f9ea6a61000 r--s 00018000 08:02 19401690                   /home/edgar/.gvm/grails/2.4.2/dist/grails-plugin-domain-class-2.4.2.jar
7f9ea6a61000-7f9ea6a66000 r--s 00040000 08:02 19401942                   /home/edgar/.gvm/grails/2.4.2/dist/grails-project-api-2.4.2.jar
7f9ea6a66000-7f9ea6a6b000 r--s 0004a000 08:02 19402026                   /home/edgar/.gvm/grails/2.4.2/dist/grails-test-2.4.2.jar
7f9ea6a6b000-7f9ea6a6d000 r--s 0000e000 08:02 19401795                   /home/edgar/.gvm/grails/2.4.2/dist/grails-plugin-mimetypes-2.4.2.jar
7f9ea6a6d000-7f9ea6a76000 r--s 00088000 08:02 19401879                   /home/edgar/.gvm/grails/2.4.2/dist/grails-plugin-testing-2.4.2.jar
7f9ea6a76000-7f9ea6a77000 r--s 0000e000 08:02 19270282                   /home/edgar/.gvm/grails/2.4.2/lib/org.codehaus.jsr166-mirror/jsr166y/jars/jsr166y-1.7.0.jar
7f9ea6a77000-7f9ea6a93000 r--s 00136000 08:02 19270267                   /home/edgar/.gvm/grails/2.4.2/lib/org.codehaus.gpars/gpars/jars/gpars-1.2.1.jar
7f9ea6a93000-7f9ea6a95000 r--s 00011000 08:02 19401417                   /home/edgar/.gvm/grails/2.4.2/dist/grails-async-2.4.2.jar
7f9ea6a95000-7f9ea6a97000 r--s 0000e000 08:02 19401564                   /home/edgar/.gvm/grails/2.4.2/dist/grails-plugin-async-2.4.2.jar
7f9ea6a97000-7f9ea6a9b000 r--s 00028000 08:02 19270053                   /home/edgar/.gvm/grails/2.4.2/lib/commons-validator/commons-validator/jars/commons-validator-1.4.0.jar
7f9ea6a9b000-7f9ea6a9e000 r--s 00012000 08:02 19402047                   /home/edgar/.gvm/grails/2.4.2/dist/grails-validation-2.4.2.jar
7f9ea6a9e000-7f9ea6aa2000 r--s 00019000 08:02 19269988                   /home/edgar/.gvm/grails/2.4.2/lib/com.googlecode.concurrentlinkedhashmap/concurrentlinkedhashmap-lru/jars/concurrentlinkedhashmap-lru-1.4.jar
7f9ea6aa2000-7f9ea6aa4000 r--s 0000e000 08:02 19401900                   /home/edgar/.gvm/grails/2.4.2/dist/grails-plugin-url-mappings-2.4.2.jar
7f9ea6aa4000-7f9ea6aa5000 r--s 00006000 08:02 19401858                   /home/edgar/.gvm/grails/2.4.2/dist/grails-plugin-servlets-2.4.2.jar
7f9ea6aa5000-7f9ea6aac000 r--s 00036000 08:02 19398795                   /home/edgar/.gvm/grails/2.4.2/lib/org.springframework/spring-tx/jars/spring-tx-4.0.5.RELEASE.jar
7f9ea6aac000-7f9ea6aae000 r--s 00009000 08:02 19401837                   /home/edgar/.gvm/grails/2.4.2/dist/grails-plugin-services-2.4.2.jar
7f9ea6aae000-7f9ea6aaf000 r--s 00001000 08:02 19398695                   /home/edgar/.gvm/grails/2.4.2/lib/org.slf4j/jul-to-slf4j/jars/jul-to-slf4j-1.7.5.jar
7f9ea6aaf000-7f9ea6ab0000 r--s 00000000 08:02 19401543                   /home/edgar/.gvm/grails/2.4.2/dist/grails-logging-2.4.2.jar
7f9ea6ab0000-7f9ea6abf000 r--s 00096000 08:02 19398801                   /home/edgar/.gvm/grails/2.4.2/lib/org.springframework/spring-web/jars/spring-web-4.0.5.RELEASE.jar
7f9ea6abf000-7f9ea6ac4000 r--s 0002e000 08:02 19401522                   /home/edgar/.gvm/grails/2.4.2/dist/grails-encoder-2.4.2.jar
7f9ea6ac4000-7f9ea6aca000 r--s 00033000 08:02 19270023                   /home/edgar/.gvm/grails/2.4.2/lib/commons-codec/commons-codec/jars/commons-codec-1.6.jar
7f9ea6aca000-7f9ea6acc000 r--s 00012000 08:02 19401585                   /home/edgar/.gvm/grails/2.4.2/dist/grails-plugin-codecs-2.4.2.jar
7f9ea6acc000-7f9ea6ace000 r--s 0000c000 08:02 19402194                   /home/edgar/.gvm/grails/2.4.2/dist/grails-web-gsp-taglib-2.4.2.jar
7f9ea6ace000-7f9ea6ad4000 r--s 00058000 08:02 19401732                   /home/edgar/.gvm/grails/2.4.2/dist/grails-plugin-gsp-2.4.2.jar
7f9ea6ad4000-7f9ea6ad6000 r--s 0000b000 08:02 19401711                   /home/edgar/.gvm/grails/2.4.2/dist/grails-plugin-filters-2.4.2.jar
7f9ea6ad6000-7f9ea6adb000 r--s 00041000 08:02 19270049                   /home/edgar/.gvm/grails/2.4.2/lib/commons-lang/commons-lang/jars/commons-lang-2.6.jar
7f9ea6adb000-7f9ea6adc000 r--s 00005000 08:02 19401753                   /home/edgar/.gvm/grails/2.4.2/dist/grails-plugin-i18n-2.4.2.jar
7f9ea6adc000-7f9ea6ae1000 r--s 00017000 08:02 19398668                   /home/edgar/.gvm/grails/2.4.2/lib/org.hibernate.javax.persistence/hibernate-jpa-2.1-api/jars/hibernate-jpa-2.1-api-1.0.0.Final.jar
7f9ea6ae1000-7f9ea6ae3000 r--s 00000000 08:02 19269944                   /home/edgar/.gvm/grails/2.4.2/lib/aopalliance/aopalliance/jars/aopalliance-1.0.jar
7f9ea6ae3000-7f9ea6ae5000 r--s 00009000 08:02 19402005                   /home/edgar/.gvm/grails/2.4.2/dist/grails-spring-2.4.2.jar
7f9ea6ae5000-7f9ea6ae8000 r--s 00041000 08:02 19398838                   /home/edgar/.gvm/grails/2.4.2/lib/xalan/serializer/jars/serializer-2.7.1.jar
7f9ea6ae8000-7f9ea6af4000 r--s 00098000 08:02 19398756                   /home/edgar/.gvm/grails/2.4.2/lib/org.springframework/spring-beans/jars/spring-beans-4.0.5.RELEASE.jar
7f9ea6af4000-7f9ea6b08000 r--s 000db000 08:02 19398771                   /home/edgar/.gvm/grails/2.4.2/lib/org.springframework/spring-core/jars/spring-core-4.0.5.RELEASE.jar
7f9ea6b08000-7f9ea6b15000 r--s 000a7000 08:02 19401459                   /home/edgar/.gvm/grails/2.4.2/dist/grails-core-2.4.2.jar
7f9ea6b15000-7f9ea6b16000 r--s 00005000 08:02 19401648                   /home/edgar/.gvm/grails/2.4.2/dist/grails-plugin-databinding-2.4.2.jar
7f9ea6b16000-7f9ea6b1b000 r--s 0002e000 08:02 19398777                   /home/edgar/.gvm/grails/2.4.2/lib/org.springframework/spring-expression/jars/spring-expression-4.0.5.RELEASE.jar
7f9ea6b1b000-7f9ea6b24000 r--s 0004e000 08:02 19398747                   /home/edgar/.gvm/grails/2.4.2/lib/org.springframework/spring-aop/jars/spring-aop-4.0.5.RELEASE.jar
7f9ea6b24000-7f9ea6b3b000 r--s 000d8000 08:02 19398762                   /home/edgar/.gvm/grails/2.4.2/lib/org.springframework/spring-context/jars/spring-context-4.0.5.RELEASE.jar
7f9ea6b3b000-7f9ea6b3d000 r--s 00008000 08:02 19270225                   /home/edgar/.gvm/grails/2.4.2/lib/org.apache.tomcat/tomcat-juli/jars/tomcat-juli-7.0.50.jar
7f9ea6b3d000-7f9ea6b3f000 r--s 0001d000 08:02 19270219                   /home/edgar/.gvm/grails/2.4.2/lib/org.apache.tomcat/tomcat-jdbc/jars/tomcat-jdbc-7.0.50.jar
7f9ea6b3f000-7f9ea6b49000 r--s 0005e000 08:02 19398783                   /home/edgar/.gvm/grails/2.4.2/lib/org.springframework/spring-jdbc/jars/spring-jdbc-4.0.5.RELEASE.jar
7f9ea6b49000-7f9ea6b4b000 r--s 0000d000 08:02 19401669                   /home/edgar/.gvm/grails/2.4.2/dist/grails-plugin-datasource-2.4.2.jar
7f9ea6b4b000-7f9ea6b4d000 r--s 00008000 08:02 19401921                   /home/edgar/.gvm/grails/2.4.2/dist/grails-plugin-validation-2.4.2.jar
7f9ea6b4d000-7f9ea6b51000 r--s 00020000 08:02 19401606                   /home/edgar/.gvm/grails/2.4.2/dist/grails-plugin-controllers-2.4.2.jar
7f9ea6b51000-7f9ea6b55000 r--s 00019000 08:02 19270239                   /home/edgar/.gvm/grails/2.4.2/lib/org.aspectj/aspectjrt/jars/aspectjrt-1.8.0.jar
7f9ea6b55000-7f9ea6b6d000 r--s 001aa000 08:02 19270242                   /home/edgar/.gvm/grails/2.4.2/lib/org.aspectj/aspectjweaver/jars/aspectjweaver-1.8.0.jar
7f9ea6b6d000-7f9ea6b71000 r--s 00024000 08:02 19402215                   /home/edgar/.gvm/grails/2.4.2/dist/grails-web-jsp-2.4.2.jar
7f9ea6b71000-7f9ea6b73000 r--s 0001d000 08:02 19402110                   /home/edgar/.gvm/grails/2.4.2/dist/grails-web-databinding-2.4.2.jar
7f9ea6b73000-7f9ea6b79000 r--s 00027000 08:02 19270140                   /home/edgar/.gvm/grails/2.4.2/lib/opensymphony/sitemesh/jars/sitemesh-2.4.jar
7f9ea6b79000-7f9ea6b7b000 r--s 0000b000 08:02 19402257                   /home/edgar/.gvm/grails/2.4.2/dist/grails-web-sitemesh-2.4.2.jar
7f9ea6b7b000-7f9ea6b7d000 r--s 00009000 08:02 19402236                   /home/edgar/.gvm/grails/2.4.2/dist/grails-web-mvc-2.4.2.jar
7f9ea6b7d000-7f9ea6b7f000 r--s 0000b000 08:02 19398750                   /home/edgar/.gvm/grails/2.4.2/lib/org.springframework/spring-aspects/jars/spring-aspects-4.0.5.RELEASE.jar
7f9ea6b7f000-7f9ea6b86000 r--s 0004f000 08:02 19402173                   /home/edgar/.gvm/grails/2.4.2/dist/grails-web-gsp-2.4.2.jar
7f9ea6b86000-7f9ea6b8a000 r--s 00027000 08:02 19270041                   /home/edgar/.gvm/grails/2.4.2/lib/commons-io/commons-io/jars/commons-io-2.2.jar
7f9ea6b8a000-7f9ea6b8c000 r--s 0000f000 08:02 19270036                   /home/edgar/.gvm/grails/2.4.2/lib/commons-fileupload/commons-fileupload/jars/commons-fileupload-1.3.1.jar
7f9ea6b8c000-7f9ea6b90000 r--s 00023000 08:02 19402278                   /home/edgar/.gvm/grails/2.4.2/dist/grails-web-url-mappings-2.4.2.jar
7f9ea6b90000-7f9ea6b92000 r--s 00013000 08:02 19401480                   /home/edgar/.gvm/grails/2.4.2/dist/grails-databinding-2.4.2.jar
7f9ea6b92000-7f9ea6b96000 r--s 0001e000 08:02 19398765                   /home/edgar/.gvm/grails/2.4.2/lib/org.springframework/spring-context-support/jars/spring-context-support-4.0.5.RELEASE.jar
7f9ea6b96000-7f9ea6ba2000 r--s 00096000 08:02 19398804                   /home/edgar/.gvm/grails/2.4.2/lib/org.springframework/spring-webmvc/jars/spring-webmvc-4.0.5.RELEASE.jar
7f9ea6ba2000-7f9ea6ba7000 r--s 00030000 08:02 19402089                   /home/edgar/.gvm/grails/2.4.2/dist/grails-web-common-2.4.2.jar
7f9ea6ba7000-7f9ea6ba9000 r--s 00009000 08:02 19402068                   /home/edgar/.gvm/grails/2.4.2/dist/grails-web-2.4.2.jar
7f9ea6ba9000-7f9ea6bae000 r--s 0002a000 08:02 19269966                   /home/edgar/.gvm/grails/2.4.2/lib/com.google.code.gson/gson/jars/gson-2.2.4.jar
7f9ea6bae000-7f9ea6bb1000 r--s 00038000 08:02 19401816                   /home/edgar/.gvm/grails/2.4.2/dist/grails-plugin-rest-2.4.2.jar
7f9ea6bb1000-7f9ea6bb4000 r--s 00012000 08:02 19270093                   /home/edgar/.gvm/grails/2.4.2/lib/javax.servlet/javax.servlet-api/jars/javax.servlet-api-3.0.1.jar
7f9ea6bb4000-7f9ea6bb7000 ---p 00000000 00:00 0 
7f9ea6bb7000-7f9ea6cb5000 rw-p 00000000 00:00 0                          [stack:27021]
7f9ea6cb5000-7f9ea6cb8000 ---p 00000000 00:00 0 
7f9ea6cb8000-7f9ea6fb6000 rw-p 00000000 00:00 0                          [stack:27010]
7f9ea6fb6000-7f9ea6fb7000 r-xp 00000000 08:02 18352180                   /tmp/libjansi-64-515225054159067646.so
7f9ea6fb7000-7f9ea71b6000 ---p 00001000 08:02 18352180                   /tmp/libjansi-64-515225054159067646.so
7f9ea71b6000-7f9ea71b7000 rw-p 00000000 08:02 18352180                   /tmp/libjansi-64-515225054159067646.so
7f9ea71b7000-7f9ea71ba000 ---p 00000000 00:00 0 
7f9ea71ba000-7f9ea71f0000 rw-p 00000000 00:00 0                          [stack:26999]
7f9ea71f0000-7f9ea71f5000 r--s 00092000 08:02 45484051                   /usr/lib/jvm/java-8-oracle/jre/lib/jsse.jar
7f9ea71f5000-7f9ea7200000 r--s 0021a000 08:02 45744472                   /usr/lib/jvm/java-8-oracle/jre/lib/ext/localedata.jar
7f9ea7200000-7f9ea721c000 r--s 00393000 08:02 45744468                   /usr/lib/jvm/java-8-oracle/jre/lib/ext/cldrdata.jar
7f9ea721c000-7f9ea741c000 rw-p 00000000 00:00 0 
7f9ea741c000-7f9ea761c000 rw-p 00000000 00:00 0 
7f9ea761c000-7f9ea761e000 r--s 00001000 08:02 45744469                   /usr/lib/jvm/java-8-oracle/jre/lib/ext/dnsns.jar
7f9ea761e000-7f9ea781e000 rw-p 00000000 00:00 0 
7f9ea781e000-7f9ea781f000 ---p 00000000 00:00 0 
7f9ea781f000-7f9ea791f000 rw-p 00000000 00:00 0                          [stack:26997]
7f9ea791f000-7f9ea8000000 r--p 00000000 08:02 39327376                   /usr/lib/locale/locale-archive
7f9ea8000000-7f9ea8021000 rw-p 00000000 00:00 0 
7f9ea8021000-7f9eac000000 ---p 00000000 00:00 0 
7f9eac000000-7f9eac001000 r--s 00000000 08:02 19402152                   /home/edgar/.gvm/grails/2.4.2/dist/grails-web-fileupload-2.4.2.jar
7f9eac001000-7f9eac004000 ---p 00000000 00:00 0 
7f9eac004000-7f9eac102000 rw-p 00000000 00:00 0                          [stack:26996]
7f9eac102000-7f9eac105000 ---p 00000000 00:00 0 
7f9eac105000-7f9eac203000 rw-p 00000000 00:00 0                          [stack:26995]
7f9eac203000-7f9eac206000 ---p 00000000 00:00 0 
7f9eac206000-7f9eac304000 rw-p 00000000 00:00 0                          [stack:26994]
7f9eac304000-7f9eac307000 ---p 00000000 00:00 0 
7f9eac307000-7f9eac405000 rw-p 00000000 00:00 0                          [stack:26993]
7f9eac405000-7f9eac40b000 r--s 0005f000 08:02 19398811                   /home/edgar/.gvm/grails/2.4.2/lib/org.springframework/springloaded/jars/springloaded-1.2.0.RELEASE.jar
7f9eac40b000-7f9eac40f000 r--s 0028a000 08:02 16387164                   /home/edgar/Documentos/idea-IU-135.909/lib/jna.jar
7f9eac40f000-7f9eac416000 r--s 000bb000 08:02 16387206                   /home/edgar/Documentos/idea-IU-135.909/lib/trove4j.jar
7f9eac416000-7f9eac41f000 r--s 000ea000 08:02 16387180                   /home/edgar/Documentos/idea-IU-135.909/lib/log4j.jar
7f9eac41f000-7f9eac422000 r--s 0004d000 08:02 16387156                   /home/edgar/Documentos/idea-IU-135.909/lib/jdom.jar
7f9eac422000-7f9eac448000 r--s 00428000 08:02 16387208                   /home/edgar/Documentos/idea-IU-135.909/lib/util.jar
7f9eac448000-7f9eac44b000 r--s 00025000 08:02 16387131                   /home/edgar/Documentos/idea-IU-135.909/lib/extensions.jar
7f9eac44b000-7f9eac46c000 r--s 00267000 08:02 18614805                   /home/edgar/.m2/repository/org/apache/tomcat/embed/tomcat-embed-core/7.0.53/tomcat-embed-core-7.0.53.jar
7f9eac46c000-7f9eac471000 r--s 0002f000 08:02 18614801                   /home/edgar/.m2/repository/org/apache/tomcat/embed/tomcat-embed-websocket/7.0.53/tomcat-embed-websocket-7.0.53.jar
7f9eac471000-7f9eac473000 r--s 00013000 08:02 18614799                   /home/edgar/.m2/repository/org/apache/tomcat/embed/tomcat-embed-logging-log4j/7.0.53/tomcat-embed-logging-log4j-7.0.53.jar
7f9eac473000-7f9eac477000 r--s 00027000 08:02 18614798                   /home/edgar/.m2/repository/org/apache/tomcat/embed/tomcat-embed-el/7.0.53/tomcat-embed-el-7.0.53.jar
7f9eac477000-7f9eac480000 r--s 0009f000 08:02 18614795                   /home/edgar/.m2/repository/org/apache/tomcat/embed/tomcat-embed-jasper/7.0.53/tomcat-embed-jasper-7.0.53.jar
7f9eac480000-7f9eac482000 r--s 0000c000 08:02 18614793                   /home/edgar/.m2/repository/org/apache/tomcat/tomcat-catalina-ant/7.0.53/tomcat-catalina-ant-7.0.53.jar
7f9eac482000-7f9eac488000 r--s 00036000 08:02 19270122                   /home/edgar/.gvm/grails/2.4.2/lib/junit/junit/jars/junit-4.11.jar
7f9eac488000-7f9eac48a000 r--s 00009000 08:02 19398660                   /home/edgar/.gvm/grails/2.4.2/lib/org.hamcrest/hamcrest-core/jars/hamcrest-core-1.3.jar
7f9eac48a000-7f9eac496000 r--s 00070000 08:02 19398740                   /home/edgar/.gvm/grails/2.4.2/lib/org.spockframework/spock-core/jars/spock-core-0.7-groovy-2.0.jar
7f9eac496000-7f9eac4ab000 r--s 00116000 08:02 19270175                   /home/edgar/.gvm/grails/2.4.2/lib/org.apache.ivy/ivy/jars/ivy-2.3.0.jar
7f9eac4ab000-7f9eac4c9000 r--s 001bd000 08:02 19270145                   /home/edgar/.gvm/grails/2.4.2/lib/org.apache.ant/ant/jars/ant-1.8.4.jar
7f9eac4c9000-7f9eac534000 r--s 00683000 08:02 19270274                   /home/edgar/.gvm/grails/2.4.2/lib/org.codehaus.groovy/groovy-all/jars/groovy-all-2.3.3.jar
7f9eac534000-7f9eac5ac000 r--s 010c6000 08:02 45745114                   /usr/lib/jvm/java-8-oracle/lib/tools.jar
7f9eac5ac000-7f9eac5af000 ---p 00000000 00:00 0 
7f9eac5af000-7f9eac6ad000 rw-p 00000000 00:00 0                          [stack:26992]
7f9eac6ad000-7f9eac6b0000 ---p 00000000 00:00 0 
7f9eac6b0000-7f9eac7ae000 rw-p 00000000 00:00 0                          [stack:26991]
7f9eac7ae000-7f9eac7b1000 ---p 00000000 00:00 0 
7f9eac7b1000-7f9eac8af000 rw-p 00000000 00:00 0                          [stack:26990]
7f9eac8af000-7f9eac8b0000 ---p 00000000 00:00 0 
7f9eac8b0000-7f9ead90e000 rw-p 00000000 00:00 0                          [stack:26989]
7f9ead90e000-7f9eadae3000 r--s 03c4d000 08:02 45484048                   /usr/lib/jvm/java-8-oracle/jre/lib/rt.jar
7f9eadae3000-7f9eafc63000 rw-p 00000000 00:00 0 
7f9eafc63000-7f9eafc64000 ---p 00000000 00:00 0 
7f9eafc64000-7f9eafd64000 rw-p 00000000 00:00 0                          [stack:26988]
7f9eafd64000-7f9eafd65000 ---p 00000000 00:00 0 
7f9eafd65000-7f9eafe65000 rw-p 00000000 00:00 0                          [stack:26987]
7f9eafe65000-7f9eafe66000 ---p 00000000 00:00 0 
7f9eafe66000-7f9eaff66000 rw-p 00000000 00:00 0                          [stack:26986]
7f9eaff66000-7f9eaff67000 ---p 00000000 00:00 0 
7f9eaff67000-7f9eb0099000 rw-p 00000000 00:00 0                          [stack:26985]
7f9eb0099000-7f9eb0167000 ---p 00000000 00:00 0 
7f9eb0167000-7f9eb01e1000 rw-p 00000000 00:00 0 
7f9eb01e1000-7f9eb01e7000 ---p 00000000 00:00 0 
7f9eb01e7000-7f9eb023e000 rw-p 00000000 00:00 0 
7f9eb023e000-7f9eb05a8000 ---p 00000000 00:00 0 
7f9eb05a8000-7f9eb1b28000 rwxp 00000000 00:00 0 
7f9eb1b28000-7f9ebf5a8000 ---p 00000000 00:00 0 
7f9ebf5a8000-7f9ebf5c4000 r-xp 00000000 08:02 45744369                   /usr/lib/jvm/java-8-oracle/jre/lib/amd64/libzip.so
7f9ebf5c4000-7f9ebf7c3000 ---p 0001c000 08:02 45744369                   /usr/lib/jvm/java-8-oracle/jre/lib/amd64/libzip.so
7f9ebf7c3000-7f9ebf7c4000 rw-p 0001b000 08:02 45744369                   /usr/lib/jvm/java-8-oracle/jre/lib/amd64/libzip.so
7f9ebf7c4000-7f9ebf7d0000 r-xp 00000000 08:02 21892980                   /lib/x86_64-linux-gnu/libnss_files-2.17.so
7f9ebf7d0000-7f9ebf9cf000 ---p 0000c000 08:02 21892980                   /lib/x86_64-linux-gnu/libnss_files-2.17.so
7f9ebf9cf000-7f9ebf9d0000 r--p 0000b000 08:02 21892980                   /lib/x86_64-linux-gnu/libnss_files-2.17.so
7f9ebf9d0000-7f9ebf9d1000 rw-p 0000c000 08:02 21892980                   /lib/x86_64-linux-gnu/libnss_files-2.17.so
7f9ebf9d1000-7f9ebf9dc000 r-xp 00000000 08:02 21892987                   /lib/x86_64-linux-gnu/libnss_nis-2.17.so
7f9ebf9dc000-7f9ebfbdb000 ---p 0000b000 08:02 21892987                   /lib/x86_64-linux-gnu/libnss_nis-2.17.so
7f9ebfbdb000-7f9ebfbdc000 r--p 0000a000 08:02 21892987                   /lib/x86_64-linux-gnu/libnss_nis-2.17.so
7f9ebfbdc000-7f9ebfbdd000 rw-p 0000b000 08:02 21892987                   /lib/x86_64-linux-gnu/libnss_nis-2.17.so
7f9ebfbdd000-7f9ebfbf4000 r-xp 00000000 08:02 21892976                   /lib/x86_64-linux-gnu/libnsl-2.17.so
7f9ebfbf4000-7f9ebfdf3000 ---p 00017000 08:02 21892976                   /lib/x86_64-linux-gnu/libnsl-2.17.so
7f9ebfdf3000-7f9ebfdf4000 r--p 00016000 08:02 21892976                   /lib/x86_64-linux-gnu/libnsl-2.17.so
7f9ebfdf4000-7f9ebfdf5000 rw-p 00017000 08:02 21892976                   /lib/x86_64-linux-gnu/libnsl-2.17.so
7f9ebfdf5000-7f9ebfdf7000 rw-p 00000000 00:00 0 
7f9ebfdf7000-7f9ebfdff000 r-xp 00000000 08:02 21892989                   /lib/x86_64-linux-gnu/libnss_compat-2.17.so
7f9ebfdff000-7f9ebfffe000 ---p 00008000 08:02 21892989                   /lib/x86_64-linux-gnu/libnss_compat-2.17.so
7f9ebfffe000-7f9ebffff000 r--p 00007000 08:02 21892989                   /lib/x86_64-linux-gnu/libnss_compat-2.17.so
7f9ebffff000-7f9ec0000000 rw-p 00008000 08:02 21892989                   /lib/x86_64-linux-gnu/libnss_compat-2.17.so
7f9ec0000000-7f9ec1bff000 rw-p 00000000 00:00 0 
7f9ec1bff000-7f9ec4000000 ---p 00000000 00:00 0 
7f9ec4000000-7f9ec4001000 r--s 00009000 08:02 16387123                   /home/edgar/Documentos/idea-IU-135.909/lib/bootstrap.jar
7f9ec4001000-7f9ec4004000 r--s 00009000 08:02 19398680                   /home/edgar/.gvm/grails/2.4.2/lib/org.objenesis/objenesis/jars/objenesis-1.4.jar
7f9ec4004000-7f9ec4006000 r--s 0001a000 08:02 19270380                   /home/edgar/.gvm/grails/2.4.2/lib/org.fusesource.jansi/jansi/jars/jansi-1.11.jar
7f9ec4006000-7f9ec4009000 r--s 00018000 08:02 19270149                   /home/edgar/.gvm/grails/2.4.2/lib/org.apache.ant/ant-junit/jars/ant-junit-1.8.4.jar
7f9ec4009000-7f9ec400d000 r--s 00031000 08:02 19270114                   /home/edgar/.gvm/grails/2.4.2/lib/jline/jline/jars/jline-2.12.jar
7f9ec400d000-7f9ec400f000 r--s 00005000 08:02 19398702                   /home/edgar/.gvm/grails/2.4.2/lib/org.slf4j/slf4j-api/jars/slf4j-api-1.7.5.jar
7f9ec400f000-7f9ec401d000 r--s 000db000 08:02 19401438                   /home/edgar/.gvm/grails/2.4.2/dist/grails-bootstrap-2.4.2.jar
7f9ec401d000-7f9ec4026000 r--s 0006f000 08:02 19270130                   /home/edgar/.gvm/grails/2.4.2/lib/log4j/log4j/jars/log4j-1.2.17.jar
7f9ec4026000-7f9ec4058000 rw-p 00000000 00:00 0 
7f9ec4058000-7f9ec4126000 ---p 00000000 00:00 0 
7f9ec4126000-7f9ec4130000 r-xp 00000000 08:02 45744376                   /usr/lib/jvm/java-8-oracle/jre/lib/amd64/libinstrument.so
7f9ec4130000-7f9ec432f000 ---p 0000a000 08:02 45744376                   /usr/lib/jvm/java-8-oracle/jre/lib/amd64/libinstrument.so
7f9ec432f000-7f9ec4330000 rw-p 00009000 08:02 45744376                   /usr/lib/jvm/java-8-oracle/jre/lib/amd64/libinstrument.so
7f9ec4330000-7f9ec435a000 r-xp 00000000 08:02 45744364                   /usr/lib/jvm/java-8-oracle/jre/lib/amd64/libjava.so
7f9ec435a000-7f9ec455a000 ---p 0002a000 08:02 45744364                   /usr/lib/jvm/java-8-oracle/jre/lib/amd64/libjava.so
7f9ec455a000-7f9ec455c000 rw-p 0002a000 08:02 45744364                   /usr/lib/jvm/java-8-oracle/jre/lib/amd64/libjava.so
7f9ec455c000-7f9ec4569000 r-xp 00000000 08:02 45744338                   /usr/lib/jvm/java-8-oracle/jre/lib/amd64/libverify.so
7f9ec4569000-7f9ec4769000 ---p 0000d000 08:02 45744338                   /usr/lib/jvm/java-8-oracle/jre/lib/amd64/libverify.so
7f9ec4769000-7f9ec476b000 rw-p 0000d000 08:02 45744338                   /usr/lib/jvm/java-8-oracle/jre/lib/amd64/libverify.so
7f9ec476b000-7f9ec4772000 r-xp 00000000 08:02 21892983                   /lib/x86_64-linux-gnu/librt-2.17.so
7f9ec4772000-7f9ec4971000 ---p 00007000 08:02 21892983                   /lib/x86_64-linux-gnu/librt-2.17.so
7f9ec4971000-7f9ec4972000 r--p 00006000 08:02 21892983                   /lib/x86_64-linux-gnu/librt-2.17.so
7f9ec4972000-7f9ec4973000 rw-p 00007000 08:02 21892983                   /lib/x86_64-linux-gnu/librt-2.17.so
7f9ec4973000-7f9ec4a76000 r-xp 00000000 08:02 21892988                   /lib/x86_64-linux-gnu/libm-2.17.so
7f9ec4a76000-7f9ec4c76000 ---p 00103000 08:02 21892988                   /lib/x86_64-linux-gnu/libm-2.17.so
7f9ec4c76000-7f9ec4c77000 r--p 00103000 08:02 21892988                   /lib/x86_64-linux-gnu/libm-2.17.so
7f9ec4c77000-7f9ec4c78000 rw-p 00104000 08:02 21892988                   /lib/x86_64-linux-gnu/libm-2.17.so
7f9ec4c78000-7f9ec5892000 r-xp 00000000 08:02 45744322                   /usr/lib/jvm/java-8-oracle/jre/lib/amd64/server/libjvm.so
7f9ec5892000-7f9ec5a91000 ---p 00c1a000 08:02 45744322                   /usr/lib/jvm/java-8-oracle/jre/lib/amd64/server/libjvm.so
7f9ec5a91000-7f9ec5b5a000 rw-p 00c19000 08:02 45744322                   /usr/lib/jvm/java-8-oracle/jre/lib/amd64/server/libjvm.so
7f9ec5b5a000-7f9ec5b9b000 rw-p 00000000 00:00 0 
7f9ec5b9b000-7f9ec5d5a000 r-xp 00000000 08:02 21892991                   /lib/x86_64-linux-gnu/libc-2.17.so
7f9ec5d5a000-7f9ec5f59000 ---p 001bf000 08:02 21892991                   /lib/x86_64-linux-gnu/libc-2.17.so
7f9ec5f59000-7f9ec5f5d000 r--p 001be000 08:02 21892991                   /lib/x86_64-linux-gnu/libc-2.17.so
7f9ec5f5d000-7f9ec5f5f000 rw-p 001c2000 08:02 21892991                   /lib/x86_64-linux-gnu/libc-2.17.so
7f9ec5f5f000-7f9ec5f64000 rw-p 00000000 00:00 0 
7f9ec5f64000-7f9ec5f67000 r-xp 00000000 08:02 21892979                   /lib/x86_64-linux-gnu/libdl-2.17.so
7f9ec5f67000-7f9ec6166000 ---p 00003000 08:02 21892979                   /lib/x86_64-linux-gnu/libdl-2.17.so
7f9ec6166000-7f9ec6167000 r--p 00002000 08:02 21892979                   /lib/x86_64-linux-gnu/libdl-2.17.so
7f9ec6167000-7f9ec6168000 rw-p 00003000 08:02 21892979                   /lib/x86_64-linux-gnu/libdl-2.17.so
7f9ec6168000-7f9ec617f000 r-xp 00000000 08:02 45745120                   /usr/lib/jvm/java-8-oracle/lib/amd64/jli/libjli.so
7f9ec617f000-7f9ec637e000 ---p 00017000 08:02 45745120                   /usr/lib/jvm/java-8-oracle/lib/amd64/jli/libjli.so
7f9ec637e000-7f9ec637f000 rw-p 00016000 08:02 45745120                   /usr/lib/jvm/java-8-oracle/lib/amd64/jli/libjli.so
7f9ec637f000-7f9ec6397000 r-xp 00000000 08:02 21892977                   /lib/x86_64-linux-gnu/libpthread-2.17.so
7f9ec6397000-7f9ec6596000 ---p 00018000 08:02 21892977                   /lib/x86_64-linux-gnu/libpthread-2.17.so
7f9ec6596000-7f9ec6597000 r--p 00017000 08:02 21892977                   /lib/x86_64-linux-gnu/libpthread-2.17.so
7f9ec6597000-7f9ec6598000 rw-p 00018000 08:02 21892977                   /lib/x86_64-linux-gnu/libpthread-2.17.so
7f9ec6598000-7f9ec659c000 rw-p 00000000 00:00 0 
7f9ec659c000-7f9ec65bf000 r-xp 00000000 08:02 21892970                   /lib/x86_64-linux-gnu/ld-2.17.so
7f9ec65bf000-7f9ec65c0000 r--s 00001000 08:02 19270157                   /home/edgar/.gvm/grails/2.4.2/lib/org.apache.ant/ant-trax/jars/ant-trax-1.7.1.jar
7f9ec65c0000-7f9ec65c3000 r--s 0000d000 08:02 19401774                   /home/edgar/.gvm/grails/2.4.2/dist/grails-plugin-log4j-2.4.2.jar
7f9ec65c3000-7f9ec65c5000 r--s 00013000 08:02 19270232                   /home/edgar/.gvm/grails/2.4.2/lib/org.apache.tomcat.embed/tomcat-embed-logging-log4j/jars/tomcat-embed-logging-log4j-7.0.50.jar
7f9ec65c5000-7f9ec65ca000 r--s 00050000 08:02 19270260                   /home/edgar/.gvm/grails/2.4.2/lib/org.codehaus.gant/gant_groovy1.8/jars/gant_groovy1.8-1.9.6.jar
7f9ec65ca000-7f9ec65cc000 r--s 00003000 08:02 19398688                   /home/edgar/.gvm/grails/2.4.2/lib/org.slf4j/jcl-over-slf4j/jars/jcl-over-slf4j-1.7.5.jar
7f9ec65cc000-7f9ec669d000 rw-p 00000000 00:00 0 
7f9ec669d000-7f9ec66a0000 ---p 00000000 00:00 0 
7f9ec66a0000-7f9ec67a2000 rw-p 00000000 00:00 0                          [stack:26983]
7f9ec67a2000-7f9ec67a3000 r--s 00004000 08:02 19270153                   /home/edgar/.gvm/grails/2.4.2/lib/org.apache.ant/ant-launcher/jars/ant-launcher-1.8.4.jar
7f9ec67a3000-7f9ec67b2000 rw-p 00000000 00:00 0 
7f9ec67b2000-7f9ec67ba000 rw-s 00000000 08:02 22937730                   /tmp/hsperfdata_edgar/26981
7f9ec67ba000-7f9ec67bb000 rw-p 00000000 00:00 0 
7f9ec67bb000-7f9ec67bc000 r--p 00000000 00:00 0 
7f9ec67bc000-7f9ec67be000 rw-p 00000000 00:00 0 
7f9ec67be000-7f9ec67bf000 r--p 00022000 08:02 21892970                   /lib/x86_64-linux-gnu/ld-2.17.so
7f9ec67bf000-7f9ec67c1000 rw-p 00023000 08:02 21892970                   /lib/x86_64-linux-gnu/ld-2.17.so
7fffd9a0d000-7fffd9a2f000 rw-p 00000000 00:00 0                          [stack]
7fffd9ace000-7fffd9ad0000 r-xp 00000000 00:00 0                          [vdso]
ffffffffff600000-ffffffffff601000 r-xp 00000000 00:00 0                  [vsyscall]

VM Arguments:
jvm_args: -Dfile.encoding=UTF-8 -Xmx768M -Xms64M -Dgrails.fork.parent.process.port=39644 -Dgrails.fork.active=true -Dgrails.build.execution.context=/tmp/Blank_app9012550328965844641grails-execution-context -Dgrails.home=/home/edgar/.gvm/grails/2.4.2 -javaagent:/home/edgar/.gvm/grails/2.4.2/lib/org.springframework/springloaded/jars/springloaded-1.2.0.RELEASE.jar -Xverify:none -Dspringloaded.synchronize=true -Djdk.reflect.allowGetCallerClass=true -Dspringloaded=profile=grails;cacheDir=/home/edgar/.grails/2.4.2 
java_command: org.codehaus.groovy.grails.cli.fork.testing.ForkedGrailsTestRunner
java_class_path (initial): /usr/lib/jvm/java-8-oracle/lib/tools.jar:/home/edgar/.gvm/grails/2.4.2/lib/org.codehaus.groovy/groovy-all/jars/groovy-all-2.3.3.jar:/home/edgar/.gvm/grails/2.4.2/lib/org.slf4j/jcl-over-slf4j/jars/jcl-over-slf4j-1.7.5.jar:/home/edgar/.gvm/grails/current/lib/org.codehaus.gant/gant_groovy1.8/jars/gant_groovy1.8-1.9.6.jar:/home/edgar/.gvm/grails/2.4.2/lib/org.apache.tomcat.embed/tomcat-embed-logging-log4j/jars/tomcat-embed-logging-log4j-7.0.50.jar:/home/edgar/.gvm/grails/2.4.2/dist/grails-plugin-log4j-2.4.2.jar:/home/edgar/.gvm/grails/2.4.2/lib/log4j/log4j/jars/log4j-1.2.17.jar:/home/edgar/.gvm/grails/2.4.2/dist/grails-bootstrap-2.4.2.jar:/home/edgar/.gvm/grails/2.4.2/lib/org.slf4j/slf4j-api/jars/slf4j-api-1.7.5.jar:/home/edgar/.gvm/grails/2.4.2/lib/jline/jline/jars/jline-2.12.jar:/home/edgar/.gvm/grails/2.4.2/lib/org.apache.ant/ant/jars/ant-1.8.4.jar:/home/edgar/.gvm/grails/2.4.2/lib/org.apache.ant/ant-launcher/jars/ant-launcher-1.8.4.jar:/home/edgar/.gvm/grails/2.4.2/lib/org.apache.ant/ant-trax/jars/ant-trax-1.7.1.jar:/home/edgar/.gvm/grails/2.4.2/lib/org.apache.ant/ant-junit/jars/ant-junit-1.8.4.jar:/home/edgar/.gvm/grails/2.4.2/lib/org.apache.ivy/ivy/jars/ivy-2.3.0.jar:/home/edgar/.gvm/grails/2.4.2/lib/org.fusesource.jansi/jansi/jars/jansi-1.11.jar:/home/edgar/.gvm/grails/2.4.2/lib/org.objenesis/objenesis/jars/objenesis-1.4.jar:/home/edgar/.gvm/grails/2.4.2/lib/org.spockframework/spock-core/jars/spock-core-0.7-groovy-2.0.jar:/home/edgar/.gvm/grails/2.4.2/lib/org.hamcrest/hamcrest-core/jars/hamcrest-core-1.3.jar:/home/edgar/.gvm/grails/2.4.2/lib/junit/junit/jars/junit-4.11.jar:/home/edgar/.m2/repository/org/apache/tomcat/tomcat-catalina-ant/7.0.53/tomcat-catalina-ant-7.0.53.jar:/home/edgar/.m2/repository/org/apache/tomcat/embed/tomcat-embed-jasper/7.0.53/tomcat-embed-jasper-7.0.53.jar:/home/edgar/.m2/repository/org/apache/tomcat/embed/tomcat-embed-el/7.0.53/tomcat-embed-el-7.0.53.jar:/home/edgar/.m2/repository/org/apache/tomcat/embed/tomc
Launcher Type: SUN_STANDARD

Environment Variables:
JAVA_HOME=/usr/lib/jvm/java-8-oracle
CLASSPATH=/home/edgar/Documentos/idea-IU-135.909/bin/../lib/bootstrap.jar:/home/edgar/Documentos/idea-IU-135.909/bin/../lib/extensions.jar:/home/edgar/Documentos/idea-IU-135.909/bin/../lib/util.jar:/home/edgar/Documentos/idea-IU-135.909/bin/../lib/jdom.jar:/home/edgar/Documentos/idea-IU-135.909/bin/../lib/log4j.jar:/home/edgar/Documentos/idea-IU-135.909/bin/../lib/trove4j.jar:/home/edgar/Documentos/idea-IU-135.909/bin/../lib/jna.jar:/usr/lib/jvm/java-8-oracle/lib/tools.jar
PATH=/home/edgar/.gvm/vertx/current/bin:/home/edgar/.gvm/springboot/current/bin:/home/edgar/.gvm/lazybones/current/bin:/home/edgar/.gvm/groovyserv/current/bin:/home/edgar/.gvm/groovy/current/bin:/home/edgar/.gvm/griffon/current/bin:/home/edgar/.gvm/grails/current/bin:/home/edgar/.gvm/gradle/current/bin:/home/edgar/.gvm/glide/current/bin:/home/edgar/.gvm/gaiden/current/bin:/home/edgar/.gvm/crash/current/bin:/usr/local/sbin:/usr/local/bin:/usr/sbin:/usr/bin:/sbin:/bin:/usr/games:/usr/local/games
USERNAME=edgar
LD_LIBRARY_PATH=/home/edgar/Documentos/idea-IU-135.909/bin:
SHELL=/bin/bash
DISPLAY=:0

Signal Handlers:
SIGSEGV: [libjvm.so+0xa2fc90], sa_mask[0]=0x7ffbfeff, sa_flags=0x10000004
SIGBUS: [libjvm.so+0xa2fc90], sa_mask[0]=0x7ffbfeff, sa_flags=0x10000004
SIGFPE: [libjvm.so+0x89b4b0], sa_mask[0]=0x7ffbfeff, sa_flags=0x10000004
SIGPIPE: [libjvm.so+0x89b4b0], sa_mask[0]=0x7ffbfeff, sa_flags=0x10000004
SIGXFSZ: [libjvm.so+0x89b4b0], sa_mask[0]=0x7ffbfeff, sa_flags=0x10000004
SIGILL: [libjvm.so+0x89b4b0], sa_mask[0]=0x7ffbfeff, sa_flags=0x10000004
SIGUSR1: SIG_DFL, sa_mask[0]=0x00000000, sa_flags=0x00000000
SIGUSR2: [libjvm.so+0x89cc50], sa_mask[0]=0x00000004, sa_flags=0x10000004
SIGHUP: [libjvm.so+0x89df00], sa_mask[0]=0x7ffbfeff, sa_flags=0x10000004
SIGINT: [libjvm.so+0x89df00], sa_mask[0]=0x7ffbfeff, sa_flags=0x10000004
SIGTERM: [libjvm.so+0x89df00], sa_mask[0]=0x7ffbfeff, sa_flags=0x10000004
SIGQUIT: [libjvm.so+0x89df00], sa_mask[0]=0x7ffbfeff, sa_flags=0x10000004


---------------  S Y S T E M  ---------------

OS:DISTRIB_ID=LinuxMint
DISTRIB_RELEASE=15
DISTRIB_CODENAME=olivia
DISTRIB_DESCRIPTION="Linux Mint 15 Olivia"

uname:Linux 3.8.0-19-generic #29-Ubuntu SMP Wed Apr 17 18:16:28 UTC 2013 x86_64
libc:glibc 2.17 NPTL 2.17 
rlimit: STACK 8192k, CORE 0k, NPROC 61048, NOFILE 4096, AS infinity
load average:1,50 1,16 1,02

/proc/meminfo:
MemTotal:        8050324 kB
MemFree:          764224 kB
Buffers:          147132 kB
Cached:          1733616 kB
SwapCached:        23412 kB
Active:          4046044 kB
Inactive:        1814552 kB
Active(anon):    3477880 kB
Inactive(anon):  1277972 kB
Active(file):     568164 kB
Inactive(file):   536580 kB
Unevictable:          16 kB
Mlocked:              16 kB
SwapTotal:       8260604 kB
SwapFree:        8116584 kB
Dirty:              6952 kB
Writeback:             0 kB
AnonPages:       3960724 kB
Mapped:          1315372 kB
Shmem:            775936 kB
Slab:             222852 kB
SReclaimable:     175244 kB
SUnreclaim:        47608 kB
KernelStack:        5360 kB
PageTables:        59556 kB
NFS_Unstable:          0 kB
Bounce:                0 kB
WritebackTmp:          0 kB
CommitLimit:    12285764 kB
Committed_AS:   10272436 kB
VmallocTotal:   34359738367 kB
VmallocUsed:      443856 kB
VmallocChunk:   34359289964 kB
HardwareCorrupted:     0 kB
AnonHugePages:         0 kB
HugePages_Total:       0
HugePages_Free:        0
HugePages_Rsvd:        0
HugePages_Surp:        0
Hugepagesize:       2048 kB
DirectMap4k:       96256 kB
DirectMap2M:     8243200 kB


CPU:total 4 (4 cores per cpu, 1 threads per core) family 6 model 58 stepping 9, cmov, cx8, fxsr, mmx, sse, sse2, sse3, ssse3, sse4.1, sse4.2, popcnt, avx, aes, clmul, erms, tsc, tscinvbit

/proc/cpuinfo:
processor	: 0
vendor_id	: GenuineIntel
cpu family	: 6
model		: 58
model name	: Intel(R) Core(TM) i5-3470 CPU @ 3.20GHz
stepping	: 9
microcode	: 0x12
cpu MHz		: 3201.000
cache size	: 6144 KB
physical id	: 0
siblings	: 4
core id		: 0
cpu cores	: 4
apicid		: 0
initial apicid	: 0
fpu		: yes
fpu_exception	: yes
cpuid level	: 13
wp		: yes
flags		: fpu vme de pse tsc msr pae mce cx8 apic sep mtrr pge mca cmov pat pse36 clflush dts acpi mmx fxsr sse sse2 ss ht tm pbe syscall nx rdtscp lm constant_tsc arch_perfmon pebs bts rep_good nopl xtopology nonstop_tsc aperfmperf eagerfpu pni pclmulqdq dtes64 monitor ds_cpl vmx smx est tm2 ssse3 cx16 xtpr pdcm pcid sse4_1 sse4_2 x2apic popcnt tsc_deadline_timer aes xsave avx f16c rdrand lahf_lm ida arat epb xsaveopt pln pts dtherm tpr_shadow vnmi flexpriority ept vpid fsgsbase smep erms
bogomips	: 6385.13
clflush size	: 64
cache_alignment	: 64
address sizes	: 36 bits physical, 48 bits virtual
power management:

processor	: 1
vendor_id	: GenuineIntel
cpu family	: 6
model		: 58
model name	: Intel(R) Core(TM) i5-3470 CPU @ 3.20GHz
stepping	: 9
microcode	: 0x12
cpu MHz		: 3201.000
cache size	: 6144 KB
physical id	: 0
siblings	: 4
core id		: 1
cpu cores	: 4
apicid		: 2
initial apicid	: 2
fpu		: yes
fpu_exception	: yes
cpuid level	: 13
wp		: yes
flags		: fpu vme de pse tsc msr pae mce cx8 apic sep mtrr pge mca cmov pat pse36 clflush dts acpi mmx fxsr sse sse2 ss ht tm pbe syscall nx rdtscp lm constant_tsc arch_perfmon pebs bts rep_good nopl xtopology nonstop_tsc aperfmperf eagerfpu pni pclmulqdq dtes64 monitor ds_cpl vmx smx est tm2 ssse3 cx16 xtpr pdcm pcid sse4_1 sse4_2 x2apic popcnt tsc_deadline_timer aes xsave avx f16c rdrand lahf_lm ida arat epb xsaveopt pln pts dtherm tpr_shadow vnmi flexpriority ept vpid fsgsbase smep erms
bogomips	: 6385.13
clflush size	: 64
cache_alignment	: 64
address sizes	: 36 bits physical, 48 bits virtual
power management:

processor	: 2
vendor_id	: GenuineIntel
cpu family	: 6
model		: 58
model name	: Intel(R) Core(TM) i5-3470 CPU @ 3.20GHz
stepping	: 9
microcode	: 0x12
cpu MHz		: 3201.000
cache size	: 6144 KB
physical id	: 0
siblings	: 4
core id		: 2
cpu cores	: 4
apicid		: 4
initial apicid	: 4
fpu		: yes
fpu_exception	: yes
cpuid level	: 13
wp		: yes
flags		: fpu vme de pse tsc msr pae mce cx8 apic sep mtrr pge mca cmov pat pse36 clflush dts acpi mmx fxsr sse sse2 ss ht tm pbe syscall nx rdtscp lm constant_tsc arch_perfmon pebs bts rep_good nopl xtopology nonstop_tsc aperfmperf eagerfpu pni pclmulqdq dtes64 monitor ds_cpl vmx smx est tm2 ssse3 cx16 xtpr pdcm pcid sse4_1 sse4_2 x2apic popcnt tsc_deadline_timer aes xsave avx f16c rdrand lahf_lm ida arat epb xsaveopt pln pts dtherm tpr_shadow vnmi flexpriority ept vpid fsgsbase smep erms
bogomips	: 6385.13
clflush size	: 64
cache_alignment	: 64
address sizes	: 36 bits physical, 48 bits virtual
power management:

processor	: 3
vendor_id	: GenuineIntel
cpu family	: 6
model		: 58
model name	: Intel(R) Core(TM) i5-3470 CPU @ 3.20GHz
stepping	: 9
microcode	: 0x12
cpu MHz		: 3201.000
cache size	: 6144 KB
physical id	: 0
siblings	: 4
core id		: 3
cpu cores	: 4
apicid		: 6
initial apicid	: 6
fpu		: yes
fpu_exception	: yes
cpuid level	: 13
wp		: yes
flags		: fpu vme de pse tsc msr pae mce cx8 apic sep mtrr pge mca cmov pat pse36 clflush dts acpi mmx fxsr sse sse2 ss ht tm pbe syscall nx rdtscp lm constant_tsc arch_perfmon pebs bts rep_good nopl xtopology nonstop_tsc aperfmperf eagerfpu pni pclmulqdq dtes64 monitor ds_cpl vmx smx est tm2 ssse3 cx16 xtpr pdcm pcid sse4_1 sse4_2 x2apic popcnt tsc_deadline_timer aes xsave avx f16c rdrand lahf_lm ida arat epb xsaveopt pln pts dtherm tpr_shadow vnmi flexpriority ept vpid fsgsbase smep erms
bogomips	: 6385.13
clflush size	: 64
cache_alignment	: 64
address sizes	: 36 bits physical, 48 bits virtual
power management:



Memory: 4k page, physical 8050324k(764224k free), swap 8260604k(8116584k free)

vm_info: Java HotSpot(TM) 64-Bit Server VM (25.5-b02) for linux-amd64 JRE (1.8.0_05-b13), built on Mar 18 2014 00:29:27 by "java_re" with gcc 4.3.0 20080428 (Red Hat 4.3.0-8)

time: Wed Jul  9 16:50:07 2014
elapsed time: 16 seconds

