#
# A fatal error has been detected by the Java Runtime Environment:
#
#  SIGSEGV (0xb) at pc=0x00007fbd2ab6eb2c, pid=5399, tid=140450092852992
#
# JRE version: Java(TM) SE Runtime Environment (8.0_05-b13) (build 1.8.0_05-b13)
# Java VM: Java HotSpot(TM) 64-Bit Server VM (25.5-b02 mixed mode linux-amd64 compressed oops)
# Problematic frame:
# V  [libjvm.so+0x304b2c]  OopFlow::build_oop_map(Node*, int, PhaseRegAlloc*, int*)+0x14c
#
# Failed to write core dump. Core dumps have been disabled. To enable core dumping, try "ulimit -c unlimited" before starting Java again
#
# If you would like to submit a bug report, please visit:
#   http://bugreport.sun.com/bugreport/crash.jsp
#

---------------  T H R E A D  ---------------

Current thread (0x0000000000f2e800):  JavaThread "C2 CompilerThread1" daemon [_thread_in_native, id=5412, stack(0x00007fbd15d4a000,0x00007fbd15e4b000)]

siginfo:si_signo=SIGSEGV: si_errno=0, si_code=1 (SEGV_MAPERR), si_addr=0x0000000000000000

Registers:
RAX=0x00007fbd10c37278, RBX=0x0000000000000000, RCX=0x0000000000000008, RDX=0x00007fbd10c37950
RSP=0x00007fbd15e46460, RBP=0x00007fbd15e464e0, RSI=0x00000000000000db, RDI=0x00007fbd10c37980
R8 =0x00007fbd10c22ce0, R9 =0x0000000000000013, R10=0x00007fbd08babcc0, R11=0x00007fbd08babcc0
R12=0x00000000000000c0, R13=0x0000000000000180, R14=0x00000000000000b8, R15=0x00007fbd08bac2f8
RIP=0x00007fbd2ab6eb2c, EFLAGS=0x0000000000010246, CSGSFS=0x0000000000000033, ERR=0x0000000000000004
  TRAPNO=0x000000000000000e

Top of Stack: (sp=0x00007fbd15e46460)
0x00007fbd15e46460:   00007fbd10c222c0 0000000000000400
0x00007fbd15e46470:   00007fbd10c22ce0 00007fbd15e47d10
0x00007fbd15e46480:   000000da10c1e550 00007fbd08bac2f8
0x00007fbd15e46490:   00007fbd10c37950 0000001c2ad77a56
0x00007fbd15e464a0:   00007fbd10c37980 00000000025a1d00
0x00007fbd15e464b0:   0000000815e46500 00007fbd08bac2f8
0x00007fbd15e464c0:   00007fbd10c37950 0000000000000012
0x00007fbd15e464d0:   0000000000000013 0000000000000013
0x00007fbd15e464e0:   00007fbd15e46550 00007fbd2ab6f10a
0x00007fbd15e464f0:   00007fbd15e46550 00007fbd0000ffff
0x00007fbd15e46500:   00007fbd00000004 00007fbd10c1e550
0x00007fbd15e46510:   000000da15e46550 00007fbd15e47d10
0x00007fbd15e46520:   0000000908babe38 0000000000000000
0x00007fbd15e46530:   0000000001c5e480 0000000000000000
0x00007fbd15e46540:   00007fbd10c34420 0000000001c5de50
0x00007fbd15e46550:   00007fbd15e46690 00007fbd2ab7029d
0x00007fbd15e46560:   00007fbd15e465a0 0000000001d8d4c8
0x00007fbd15e46570:   00007fbd15e46630 0000000000000018
0x00007fbd15e46580:   000000000000001c 000000070f000000
0x00007fbd15e46590:   0000000100000004 00007fbd15e46658
0x00007fbd15e465a0:   00007fbd15e46650 00007fbd15e46630
0x00007fbd15e465b0:   00007fbd15e46630 00007fbd15e46630
0x00007fbd15e465c0:   00007fbd15e48b80 0000000000000007
0x00007fbd15e465d0:   00007fbd15e47e40 00000007000000da
0x00007fbd15e465e0:   00007fbd10c1e550 0000000000f2f3f0
0x00007fbd15e465f0:   00000000000000da ffffffff10c1b270
0x00007fbd15e46600:   0000000001c5ed00 00007fbd08babe38
0x00007fbd15e46610:   00007fbd10c1e680 0000000000000020
0x00007fbd15e46620:   ffffffffffffffdf 00007fbd15e47d10
0x00007fbd15e46630:   00007fbd00000080 0000000000f2f3f0
0x00007fbd15e46640:   00007fbd10c20b00 00007fbd00000004
0x00007fbd15e46650:   0000000000000014 0000000000000000 

Instructions: (pc=0x00007fbd2ab6eb2c)
0x00007fbd2ab6eb0c:   44 39 e2 0f 8e bb 00 00 00 48 8b 05 fc 90 ba 00
0x00007fbd2ab6eb1c:   4e 8b 34 a8 48 8b 55 b0 48 8b 42 08 4a 8b 1c a8
0x00007fbd2ab6eb2c:   48 8b 03 48 89 df ff 50 28 8b 48 10 48 89 c6 48
0x00007fbd2ab6eb3c:   8b 15 de a9 ba 00 48 63 c1 48 8d 44 00 01 48 c1 

Register to memory mapping:

RAX=0x00007fbd10c37278 is an unknown value
RBX=0x0000000000000000 is an unknown value
RCX=0x0000000000000008 is an unknown value
RDX=0x00007fbd10c37950 is an unknown value
RSP=0x00007fbd15e46460 is pointing into the stack for thread: 0x0000000000f2e800
RBP=0x00007fbd15e464e0 is pointing into the stack for thread: 0x0000000000f2e800
RSI=0x00000000000000db is an unknown value
RDI=0x00007fbd10c37980 is an unknown value
R8 =0x00007fbd10c22ce0 is an unknown value
R9 =0x0000000000000013 is an unknown value
R10=0x00007fbd08babcc0 is an unknown value
R11=0x00007fbd08babcc0 is an unknown value
R12=0x00000000000000c0 is an unknown value
R13=0x0000000000000180 is an unknown value
R14=0x00000000000000b8 is an unknown value
R15=0x00007fbd08bac2f8 is an unknown value


Stack: [0x00007fbd15d4a000,0x00007fbd15e4b000],  sp=0x00007fbd15e46460,  free space=1009k
Native frames: (J=compiled Java code, j=interpreted, Vv=VM code, C=native code)
V  [libjvm.so+0x304b2c]  OopFlow::build_oop_map(Node*, int, PhaseRegAlloc*, int*)+0x14c
V  [libjvm.so+0x30510a]  OopFlow::compute_reach(PhaseRegAlloc*, int, Dict*)+0x22a
V  [libjvm.so+0x30629d]  Compile::BuildOopMaps()+0xffd
V  [libjvm.so+0x8b4b8d]  Compile::Output()+0x6dd
V  [libjvm.so+0x45e05a]  Compile::Code_Gen()+0x30a
V  [libjvm.so+0x4612c5]  Compile::Compile(ciEnv*, C2Compiler*, ciMethod*, int, bool, bool, bool)+0x1435
V  [libjvm.so+0x3b5008]  C2Compiler::compile_method(ciEnv*, ciMethod*, int)+0x198
V  [libjvm.so+0x46982a]  CompileBroker::invoke_compiler_on_method(CompileTask*)+0xc8a
V  [libjvm.so+0x46c230]  CompileBroker::compiler_thread_loop()+0x620
V  [libjvm.so+0x9e303f]  JavaThread::thread_main_inner()+0xdf
V  [libjvm.so+0x9e3205]  JavaThread::run()+0x1b5
V  [libjvm.so+0x8a00c8]  java_start(Thread*)+0x108


Current CompileTask:
C2:  11819 4961       4       groovy.lang.MetaClassImpl::findPropertyMethod (356 bytes)


---------------  P R O C E S S  ---------------

Java Threads: ( => current thread )
  0x00007fbd0cccb800 JavaThread "Generate Seed" daemon [_thread_in_native, id=5437, stack(0x00007fbd05ce8000,0x00007fbd05de9000)]
  0x00007fbd0cbc1000 JavaThread "net.sf.ehcache.CacheManager@62f47b7c" daemon [_thread_blocked, id=5436, stack(0x00007fbd061e9000,0x00007fbd062ea000)]
  0x00007fbd0c963000 JavaThread "PoolCleaner[1667714839:1404463195723]" daemon [_thread_blocked, id=5435, stack(0x00007fbd066ea000,0x00007fbd067eb000)]
  0x00007fbd0c323800 JavaThread "FileSystemWatcher: files=#155 cl=groovy.lang.GroovyClassLoader@63674f17" daemon [_thread_blocked, id=5434, stack(0x00007fbd077eb000,0x00007fbd078ec000)]
  0x0000000001ea7000 JavaThread "Thread-4" daemon [_thread_in_native, id=5433, stack(0x00007fbd078ec000,0x00007fbd079ed000)]
  0x0000000001042800 JavaThread "localhost-startStop-1" daemon [_thread_in_Java, id=5432, stack(0x00007fbd07bed000,0x00007fbd07cee000)]
  0x00007fbd0c27c000 JavaThread "Tomcat-startStop-1" daemon [_thread_blocked, id=5431, stack(0x00007fbd07cee000,0x00007fbd07def000)]
  0x00007fbd0c2be000 JavaThread "Thread-3" [_thread_in_native, id=5430, stack(0x00007fbd14683000,0x00007fbd14784000)]
  0x0000000001709800 JavaThread "Thread-2" [_thread_blocked, id=5429, stack(0x00007fbd149e7000,0x00007fbd14ae8000)]
  0x0000000001498000 JavaThread "NonBlockingInputStreamThread" daemon [_thread_blocked, id=5423, stack(0x00007fbd152d4000,0x00007fbd153d5000)]
  0x0000000001443800 JavaThread "process reaper" daemon [_thread_blocked, id=5417, stack(0x00007fbd15a09000,0x00007fbd15a42000)]
  0x0000000000fa1800 JavaThread "Service Thread" daemon [_thread_blocked, id=5414, stack(0x00007fbd15b48000,0x00007fbd15c49000)]
  0x0000000000f3f800 JavaThread "C1 CompilerThread2" daemon [_thread_blocked, id=5413, stack(0x00007fbd15c49000,0x00007fbd15d4a000)]
=>0x0000000000f2e800 JavaThread "C2 CompilerThread1" daemon [_thread_in_native, id=5412, stack(0x00007fbd15d4a000,0x00007fbd15e4b000)]
  0x0000000000f36000 JavaThread "C2 CompilerThread0" daemon [_thread_in_native, id=5411, stack(0x00007fbd15e4b000,0x00007fbd15f4c000)]
  0x0000000000e43800 JavaThread "Signal Dispatcher" daemon [_thread_blocked, id=5410, stack(0x00007fbd16053000,0x00007fbd16154000)]
  0x0000000000e0e000 JavaThread "Finalizer" daemon [_thread_blocked, id=5409, stack(0x00007fbd162cb000,0x00007fbd163cc000)]
  0x0000000000e0a000 JavaThread "Reference Handler" daemon [_thread_blocked, id=5408, stack(0x00007fbd163cc000,0x00007fbd164cd000)]
  0x0000000000cd4800 JavaThread "main" [_thread_blocked, id=5401, stack(0x00007fbd2c255000,0x00007fbd2c356000)]

Other Threads:
  0x0000000000e05000 VMThread [stack: 0x00007fbd164cd000,0x00007fbd165ce000] [id=5407]
  0x0000000000fa4000 WatcherThread [stack: 0x00007fbd15a47000,0x00007fbd15b48000] [id=5415]

VM state:not at safepoint (normal execution)

VM Mutex/Monitor currently owned by a thread:  ([mutex/lock_event])
[0x0000000000ccc270] SystemDictionary_lock - owner thread: 0x0000000000000000

Heap:
 PSYoungGen      total 228864K, used 227120K [0x00000000f0000000, 0x0000000100000000, 0x0000000100000000)
  eden space 206848K, 99% used [0x00000000f0000000,0x00000000fc84d518,0x00000000fca00000)
  from space 22016K, 99% used [0x00000000fea80000,0x00000000ffffee00,0x0000000100000000)
  to   space 27648K, 0% used [0x00000000fca00000,0x00000000fca00000,0x00000000fe500000)
 ParOldGen       total 74240K, used 65831K [0x00000000d0000000, 0x00000000d4880000, 0x00000000f0000000)
  object space 74240K, 88% used [0x00000000d0000000,0x00000000d4049fb0,0x00000000d4880000)
 Metaspace       used 57593K, capacity 59014K, committed 59264K, reserved 1101824K
  class space    used 6499K, capacity 6966K, committed 7040K, reserved 1048576K

Card table byte_map: [0x00007fbd19e07000,0x00007fbd19f88000] byte_map_base: 0x00007fbd19787000

Marking Bits: (ParMarkBitMap*) 0x00007fbd2b762cc0
 Begin Bits: [0x00007fbd18103000, 0x00007fbd18d03000)
 End Bits:   [0x00007fbd18d03000, 0x00007fbd19903000)

Polling page: 0x00007fbd2c36b000

CodeCache: size=245760Kb used=16151Kb max_used=16151Kb free=229608Kb
 bounds [0x00007fbd1a348000, 0x00007fbd1b328000, 0x00007fbd29348000]
 total_blobs=5244 nmethods=4502 adapters=653
 compilation: enabled

Compilation events (10 events):
Event: 11,805 Thread 0x0000000000f3f800 4994 %     2       sun.nio.cs.UTF_8$Decoder::decode @ 20 (759 bytes)
Event: 11,808 Thread 0x0000000000f3f800 nmethod 4994% 0x00007fbd1b2efbd0 code [0x00007fbd1b2f0000, 0x00007fbd1b2f1fc8]
Event: 11,808 Thread 0x0000000000f3f800 4995   !   2       sun.net.www.ParseUtil::decode (316 bytes)
Event: 11,809 Thread 0x0000000000f3f800 nmethod 4995 0x00007fbd1b2ed2d0 code [0x00007fbd1b2ed5e0, 0x00007fbd1b2ee6c8]
Event: 11,810 Thread 0x0000000000f3f800 4996       2       groovyjarjarasm.asm.ClassWriter::visitField (16 bytes)
Event: 11,811 Thread 0x0000000000f3f800 nmethod 4996 0x00007fbd1b2ece90 code [0x00007fbd1b2ed000, 0x00007fbd1b2ed208]
Event: 11,811 Thread 0x0000000000f3f800 4998   !   2       org.springsource.loaded.MethodInvokerRewriter::rewrite (293 bytes)
Event: 11,812 Thread 0x0000000000f3f800 nmethod 4998 0x00007fbd1b313190 code [0x00007fbd1b313440, 0x00007fbd1b313f18]
Event: 11,812 Thread 0x0000000000f3f800 4997       2       groovyjarjarasm.asm.FieldWriter::<init> (97 bytes)
Event: 11,812 Thread 0x0000000000f3f800 nmethod 4997 0x00007fbd1b2ec7d0 code [0x00007fbd1b2ec960, 0x00007fbd1b2ecc68]

GC Heap History (10 events):
Event: 9,177 GC heap before
{Heap before GC invocations=57 (full 5):
 PSYoungGen      total 227840K, used 200756K [0x00000000f0000000, 0x0000000100000000, 0x0000000100000000)
  eden space 204800K, 97% used [0x00000000f0000000,0x00000000fc2a9af0,0x00000000fc800000)
  from space 23040K, 6% used [0x00000000fc800000,0x00000000fc9635a0,0x00000000fde80000)
  to   space 23040K, 0% used [0x00000000fe980000,0x00000000fe980000,0x0000000100000000)
 ParOldGen       total 74240K, used 60452K [0x00000000d0000000, 0x00000000d4880000, 0x00000000f0000000)
  object space 74240K, 81% used [0x00000000d0000000,0x00000000d3b09268,0x00000000d4880000)
 Metaspace       used 49010K, capacity 50220K, committed 50560K, reserved 1093632K
  class space    used 5478K, capacity 5899K, committed 6016K, reserved 1048576K
Event: 9,180 GC heap after
Heap after GC invocations=57 (full 5):
 PSYoungGen      total 239104K, used 1952K [0x00000000f0000000, 0x0000000100000000, 0x0000000100000000)
  eden space 216064K, 0% used [0x00000000f0000000,0x00000000f0000000,0x00000000fd300000)
  from space 23040K, 8% used [0x00000000fe980000,0x00000000feb680e0,0x0000000100000000)
  to   space 23040K, 0% used [0x00000000fd300000,0x00000000fd300000,0x00000000fe980000)
 ParOldGen       total 74240K, used 60460K [0x00000000d0000000, 0x00000000d4880000, 0x00000000f0000000)
  object space 74240K, 81% used [0x00000000d0000000,0x00000000d3b0b268,0x00000000d4880000)
 Metaspace       used 49010K, capacity 50220K, committed 50560K, reserved 1093632K
  class space    used 5478K, capacity 5899K, committed 6016K, reserved 1048576K
}
Event: 9,880 GC heap before
{Heap before GC invocations=58 (full 5):
 PSYoungGen      total 239104K, used 212126K [0x00000000f0000000, 0x0000000100000000, 0x0000000100000000)
  eden space 216064K, 97% used [0x00000000f0000000,0x00000000fcd3f9b0,0x00000000fd300000)
  from space 23040K, 8% used [0x00000000fe980000,0x00000000feb680e0,0x0000000100000000)
  to   space 23040K, 0% used [0x00000000fd300000,0x00000000fd300000,0x00000000fe980000)
 ParOldGen       total 74240K, used 60460K [0x00000000d0000000, 0x00000000d4880000, 0x00000000f0000000)
  object space 74240K, 81% used [0x00000000d0000000,0x00000000d3b0b268,0x00000000d4880000)
 Metaspace       used 50929K, capacity 52202K, committed 52480K, reserved 1095680K
  class space    used 5743K, capacity 6140K, committed 6144K, reserved 1048576K
Event: 9,885 GC heap after
Heap after GC invocations=58 (full 5):
 PSYoungGen      total 220160K, used 3935K [0x00000000f0000000, 0x00000000fff00000, 0x0000000100000000)
  eden space 216064K, 0% used [0x00000000f0000000,0x00000000f0000000,0x00000000fd300000)
  from space 4096K, 96% used [0x00000000fd300000,0x00000000fd6d7f28,0x00000000fd700000)
  to   space 22528K, 0% used [0x00000000fe900000,0x00000000fe900000,0x00000000fff00000)
 ParOldGen       total 74240K, used 60468K [0x00000000d0000000, 0x00000000d4880000, 0x00000000f0000000)
  object space 74240K, 81% used [0x00000000d0000000,0x00000000d3b0d268,0x00000000d4880000)
 Metaspace       used 50929K, capacity 52202K, committed 52480K, reserved 1095680K
  class space    used 5743K, capacity 6140K, committed 6144K, reserved 1048576K
}
Event: 10,199 GC heap before
{Heap before GC invocations=59 (full 5):
 PSYoungGen      total 220160K, used 219999K [0x00000000f0000000, 0x00000000fff00000, 0x0000000100000000)
  eden space 216064K, 100% used [0x00000000f0000000,0x00000000fd300000,0x00000000fd300000)
  from space 4096K, 96% used [0x00000000fd300000,0x00000000fd6d7f28,0x00000000fd700000)
  to   space 22528K, 0% used [0x00000000fe900000,0x00000000fe900000,0x00000000fff00000)
 ParOldGen       total 74240K, used 60468K [0x00000000d0000000, 0x00000000d4880000, 0x00000000f0000000)
  object space 74240K, 81% used [0x00000000d0000000,0x00000000d3b0d268,0x00000000d4880000)
 Metaspace       used 51945K, capacity 53168K, committed 53376K, reserved 1095680K
  class space    used 5884K, capacity 6269K, committed 6272K, reserved 1048576K
Event: 10,205 GC heap after
Heap after GC invocations=59 (full 5):
 PSYoungGen      total 240128K, used 6703K [0x00000000f0000000, 0x0000000100000000, 0x0000000100000000)
  eden space 217600K, 0% used [0x00000000f0000000,0x00000000f0000000,0x00000000fd480000)
  from space 22528K, 29% used [0x00000000fe900000,0x00000000fef8bf10,0x00000000fff00000)
  to   space 20992K, 0% used [0x00000000fd480000,0x00000000fd480000,0x00000000fe900000)
 ParOldGen       total 74240K, used 60476K [0x00000000d0000000, 0x00000000d4880000, 0x00000000f0000000)
  object space 74240K, 81% used [0x00000000d0000000,0x00000000d3b0f268,0x00000000d4880000)
 Metaspace       used 51945K, capacity 53168K, committed 53376K, reserved 1095680K
  class space    used 5884K, capacity 6269K, committed 6272K, reserved 1048576K
}
Event: 10,740 GC heap before
{Heap before GC invocations=60 (full 5):
 PSYoungGen      total 240128K, used 224303K [0x00000000f0000000, 0x0000000100000000, 0x0000000100000000)
  eden space 217600K, 100% used [0x00000000f0000000,0x00000000fd480000,0x00000000fd480000)
  from space 22528K, 29% used [0x00000000fe900000,0x00000000fef8bf10,0x00000000fff00000)
  to   space 20992K, 0% used [0x00000000fd480000,0x00000000fd480000,0x00000000fe900000)
 ParOldGen       total 74240K, used 60476K [0x00000000d0000000, 0x00000000d4880000, 0x00000000f0000000)
  object space 74240K, 81% used [0x00000000d0000000,0x00000000d3b0f268,0x00000000d4880000)
 Metaspace       used 52994K, capacity 54316K, committed 54656K, reserved 1097728K
  class space    used 6018K, capacity 6448K, committed 6528K, reserved 1048576K
Event: 10,754 GC heap after
Heap after GC invocations=60 (full 5):
 PSYoungGen      total 238592K, used 14138K [0x00000000f0000000, 0x0000000100000000, 0x0000000100000000)
  eden space 217600K, 0% used [0x00000000f0000000,0x00000000f0000000,0x00000000fd480000)
  from space 20992K, 67% used [0x00000000fd480000,0x00000000fe24eac0,0x00000000fe900000)
  to   space 22016K, 0% used [0x00000000fea80000,0x00000000fea80000,0x0000000100000000)
 ParOldGen       total 74240K, used 60484K [0x00000000d0000000, 0x00000000d4880000, 0x00000000f0000000)
  object space 74240K, 81% used [0x00000000d0000000,0x00000000d3b11268,0x00000000d4880000)
 Metaspace       used 52994K, capacity 54316K, committed 54656K, reserved 1097728K
  class space    used 6018K, capacity 6448K, committed 6528K, reserved 1048576K
}
Event: 11,386 GC heap before
{Heap before GC invocations=61 (full 5):
 PSYoungGen      total 238592K, used 228928K [0x00000000f0000000, 0x0000000100000000, 0x0000000100000000)
  eden space 217600K, 98% used [0x00000000f0000000,0x00000000fd1c16c0,0x00000000fd480000)
  from space 20992K, 67% used [0x00000000fd480000,0x00000000fe24eac0,0x00000000fe900000)
  to   space 22016K, 0% used [0x00000000fea80000,0x00000000fea80000,0x0000000100000000)
 ParOldGen       total 74240K, used 60484K [0x00000000d0000000, 0x00000000d4880000, 0x00000000f0000000)
  object space 74240K, 81% used [0x00000000d0000000,0x00000000d3b11268,0x00000000d4880000)
 Metaspace       used 55621K, capacity 56996K, committed 57216K, reserved 1099776K
  class space    used 6306K, capacity 6741K, committed 6784K, reserved 1048576K
Event: 11,407 GC heap after
Heap after GC invocations=61 (full 5):
 PSYoungGen      total 228864K, used 22011K [0x00000000f0000000, 0x0000000100000000, 0x0000000100000000)
  eden space 206848K, 0% used [0x00000000f0000000,0x00000000f0000000,0x00000000fca00000)
  from space 22016K, 99% used [0x00000000fea80000,0x00000000ffffee00,0x0000000100000000)
  to   space 27648K, 0% used [0x00000000fca00000,0x00000000fca00000,0x00000000fe500000)
 ParOldGen       total 74240K, used 65831K [0x00000000d0000000, 0x00000000d4880000, 0x00000000f0000000)
  object space 74240K, 88% used [0x00000000d0000000,0x00000000d4049fb0,0x00000000d4880000)
 Metaspace       used 55621K, capacity 56996K, committed 57216K, reserved 1099776K
  class space    used 6306K, capacity 6741K, committed 6784K, reserved 1048576K
}

Deoptimization events (10 events):
Event: 9,989 Thread 0x0000000001042800 Uncommon trap: reason=null_assert action=make_not_entrant pc=0x00007fbd1af14f48 method=java.util.concurrent.ConcurrentHashMap.putVal(Ljava/lang/Object;Ljava/lang/Object;Z)Ljava/lang/Object; @ 264
Event: 10,228 Thread 0x0000000001042800 Uncommon trap: reason=unloaded action=reinterpret pc=0x00007fbd1b02ffb4 method=com.sun.beans.TypeResolver.resolve(Ljava/lang/reflect/Type;Ljava/lang/reflect/Type;)Ljava/lang/reflect/Type; @ 175
Event: 10,305 Thread 0x0000000001042800 Uncommon trap: reason=unloaded action=reinterpret pc=0x00007fbd1b08f22c method=com.sun.beans.TypeResolver.resolve(Ljava/lang/reflect/Type;Ljava/lang/reflect/Type;)Ljava/lang/reflect/Type; @ 175
Event: 10,311 Thread 0x0000000001042800 Uncommon trap: reason=unreached action=reinterpret pc=0x00007fbd1b132810 method=org.codehaus.groovy.runtime.metaclass.MetaMethodIndex.isNonRealMethod(Lgroovy/lang/MetaMethod;)Z @ 4
Event: 10,357 Thread 0x0000000001042800 Uncommon trap: reason=bimorphic action=maybe_recompile pc=0x00007fbd1b118f70 method=groovy.lang.MetaClassImpl$1MOPIter.methodNameAction(Ljava/lang/Class;Lorg/codehaus/groovy/runtime/metaclass/MetaMethodIndex$Entry;)V @ 62
Event: 10,357 Thread 0x0000000001042800 Uncommon trap: reason=bimorphic action=maybe_recompile pc=0x00007fbd1b118f70 method=groovy.lang.MetaClassImpl$1MOPIter.methodNameAction(Ljava/lang/Class;Lorg/codehaus/groovy/runtime/metaclass/MetaMethodIndex$Entry;)V @ 62
Event: 10,357 Thread 0x0000000001042800 Uncommon trap: reason=bimorphic action=maybe_recompile pc=0x00007fbd1b118f70 method=groovy.lang.MetaClassImpl$1MOPIter.methodNameAction(Ljava/lang/Class;Lorg/codehaus/groovy/runtime/metaclass/MetaMethodIndex$Entry;)V @ 62
Event: 10,357 Thread 0x0000000001042800 Uncommon trap: reason=bimorphic action=maybe_recompile pc=0x00007fbd1b118f70 method=groovy.lang.MetaClassImpl$1MOPIter.methodNameAction(Ljava/lang/Class;Lorg/codehaus/groovy/runtime/metaclass/MetaMethodIndex$Entry;)V @ 62
Event: 10,381 Thread 0x0000000001042800 Uncommon trap: reason=unreached action=reinterpret pc=0x00007fbd1b10980c method=java.lang.reflect.Method.equals(Ljava/lang/Object;)Z @ 1
Event: 11,575 Thread 0x0000000001042800 Uncommon trap: reason=unreached action=reinterpret pc=0x00007fbd1a45a4ac method=java.lang.ThreadLocal$ThreadLocalMap.getEntry(Ljava/lang/ThreadLocal;)Ljava/lang/ThreadLocal$ThreadLocalMap$Entry; @ 29

Internal exceptions (10 events):
Event: 11,813 Thread 0x0000000001042800 Exception <a 'java/security/PrivilegedActionException'> (0x00000000fc46a6e0) thrown at [/HUDSON/workspace/8-2-build-linux-amd64/jdk8u5/2488/hotspot/src/share/vm/prims/jvm.cpp, line 1248]
Event: 11,814 Thread 0x0000000001042800 Exception <a 'java/security/PrivilegedActionException'> (0x00000000fc46e8c0) thrown at [/HUDSON/workspace/8-2-build-linux-amd64/jdk8u5/2488/hotspot/src/share/vm/prims/jvm.cpp, line 1248]
Event: 11,814 Thread 0x0000000001042800 Exception <a 'java/security/PrivilegedActionException'> (0x00000000fc47d838) thrown at [/HUDSON/workspace/8-2-build-linux-amd64/jdk8u5/2488/hotspot/src/share/vm/prims/jvm.cpp, line 1248]
Event: 11,814 Thread 0x0000000001042800 Exception <a 'java/security/PrivilegedActionException'> (0x00000000fc49f368) thrown at [/HUDSON/workspace/8-2-build-linux-amd64/jdk8u5/2488/hotspot/src/share/vm/prims/jvm.cpp, line 1248]
Event: 11,814 Thread 0x0000000001042800 Exception <a 'java/lang/ClassNotFoundException': java/util/Collections$UnmodifiableCollectionBeanInfo> (0x00000000fc4a0730) thrown at [/HUDSON/workspace/8-2-build-linux-amd64/jdk8u5/2488/hotspot/src/share/vm/classfile/systemDictionary.cpp, line 202]
Event: 11,814 Thread 0x0000000001042800 Exception <a 'java/security/PrivilegedActionException'> (0x00000000fc4a1c50) thrown at [/HUDSON/workspace/8-2-build-linux-amd64/jdk8u5/2488/hotspot/src/share/vm/prims/jvm.cpp, line 1248]
Event: 11,814 Thread 0x0000000001042800 Exception <a 'java/security/PrivilegedActionException'> (0x00000000fc4a5f38) thrown at [/HUDSON/workspace/8-2-build-linux-amd64/jdk8u5/2488/hotspot/src/share/vm/prims/jvm.cpp, line 1248]
Event: 11,814 Thread 0x0000000001042800 Exception <a 'java/security/PrivilegedActionException'> (0x00000000fc4b5240) thrown at [/HUDSON/workspace/8-2-build-linux-amd64/jdk8u5/2488/hotspot/src/share/vm/prims/jvm.cpp, line 1248]
Event: 11,814 Thread 0x0000000001042800 Exception <a 'java/security/PrivilegedActionException'> (0x00000000fc4d75e8) thrown at [/HUDSON/workspace/8-2-build-linux-amd64/jdk8u5/2488/hotspot/src/share/vm/prims/jvm.cpp, line 1248]
Event: 11,814 Thread 0x0000000001042800 Exception <a 'java/lang/ClassNotFoundException': java/util/Collections$UnmodifiableCollectionCustomizer> (0x00000000fc4d89b8) thrown at [/HUDSON/workspace/8-2-build-linux-amd64/jdk8u5/2488/hotspot/src/share/vm/classfile/systemDictionary.cpp, line 202]

Events (10 events):
Event: 11,813 loading class java/util/Collections$UnmodifiableListBeanInfo
Event: 11,813 loading class java/util/Collections$UnmodifiableListBeanInfo done
Event: 11,813 loading class java/util/Collections$UnmodifiableCollectionBeanInfo
Event: 11,813 loading class java/util/Collections$UnmodifiableCollectionBeanInfo done
Event: 11,814 loading class java/util/Collections$UnmodifiableCollectionBeanInfo
Event: 11,814 loading class java/util/Collections$UnmodifiableCollectionBeanInfo done
Event: 11,814 loading class java/util/Collections$UnmodifiableCollectionCustomizer
Event: 11,814 loading class java/util/Collections$UnmodifiableCollectionCustomizer done
Event: 11,814 loading class java/util/Collections$UnmodifiableCollectionCustomizer
Event: 11,814 loading class java/util/Collections$UnmodifiableCollectionCustomizer done


Dynamic libraries:
00400000-00401000 r-xp 00000000 08:02 2228742                            /usr/lib/jvm/java-8-oracle/bin/java
00600000-00601000 rw-p 00000000 08:02 2228742                            /usr/lib/jvm/java-8-oracle/bin/java
00cc6000-02641000 rw-p 00000000 00:00 0                                  [heap]
d0000000-d4880000 rw-p 00000000 00:00 0 
d4880000-f0000000 ---p 00000000 00:00 0 
f0000000-100000000 rw-p 00000000 00:00 0 
100000000-1006e0000 rw-p 00000000 00:00 0 
1006e0000-140000000 ---p 00000000 00:00 0 
7fbd056e8000-7fbd057e8000 rw-p 00000000 00:00 0 
7fbd057e8000-7fbd058e8000 ---p 00000000 00:00 0 
7fbd058e8000-7fbd05ae8000 rw-p 00000000 00:00 0 
7fbd05ae8000-7fbd05ce8000 rw-p 00000000 00:00 0 
7fbd05ce8000-7fbd05ceb000 ---p 00000000 00:00 0 
7fbd05ceb000-7fbd05fe9000 rw-p 00000000 00:00 0 
7fbd05fe9000-7fbd061e9000 rw-p 00000000 00:00 0 
7fbd061e9000-7fbd061ec000 ---p 00000000 00:00 0 
7fbd061ec000-7fbd064ea000 rw-p 00000000 00:00 0 
7fbd064ea000-7fbd066ea000 rw-p 00000000 00:00 0 
7fbd066ea000-7fbd066ed000 ---p 00000000 00:00 0 
7fbd066ed000-7fbd069eb000 rw-p 00000000 00:00 0 
7fbd069eb000-7fbd06beb000 rw-p 00000000 00:00 0 
7fbd06beb000-7fbd06deb000 rw-p 00000000 00:00 0 
7fbd06deb000-7fbd06feb000 rw-p 00000000 00:00 0 
7fbd06feb000-7fbd071eb000 rw-p 00000000 00:00 0 
7fbd071eb000-7fbd073eb000 rw-p 00000000 00:00 0 
7fbd073eb000-7fbd075eb000 rw-p 00000000 00:00 0 
7fbd075eb000-7fbd077eb000 rw-p 00000000 00:00 0 
7fbd077eb000-7fbd077ee000 ---p 00000000 00:00 0 
7fbd077ee000-7fbd078ec000 rw-p 00000000 00:00 0 
7fbd078ec000-7fbd078ef000 ---p 00000000 00:00 0 
7fbd078ef000-7fbd07bed000 rw-p 00000000 00:00 0 
7fbd07bed000-7fbd07bf0000 ---p 00000000 00:00 0 
7fbd07bf0000-7fbd07cee000 rw-p 00000000 00:00 0 
7fbd07cee000-7fbd07cf1000 ---p 00000000 00:00 0 
7fbd07cf1000-7fbd07def000 rw-p 00000000 00:00 0 
7fbd07def000-7fbd07dff000 r-xp 00000000 08:02 2228502                    /usr/lib/jvm/java-8-oracle/jre/lib/amd64/libnio.so
7fbd07dff000-7fbd07fff000 ---p 00010000 08:02 2228502                    /usr/lib/jvm/java-8-oracle/jre/lib/amd64/libnio.so
7fbd07fff000-7fbd08000000 rw-p 00010000 08:02 2228502                    /usr/lib/jvm/java-8-oracle/jre/lib/amd64/libnio.so
7fbd08000000-7fbd08eb3000 rw-p 00000000 00:00 0 
7fbd08eb3000-7fbd0c000000 ---p 00000000 00:00 0 
7fbd0c000000-7fbd0cf42000 rw-p 00000000 00:00 0 
7fbd0cf42000-7fbd10000000 ---p 00000000 00:00 0 
7fbd10000000-7fbd11845000 rw-p 00000000 00:00 0 
7fbd11845000-7fbd14000000 ---p 00000000 00:00 0 
7fbd14035000-7fbd14048000 r--s 00345000 08:02 2228592                    /usr/lib/jvm/java-8-oracle/jre/lib/resources.jar
7fbd14048000-7fbd14064000 r--s 00393000 08:02 2228454                    /usr/lib/jvm/java-8-oracle/jre/lib/ext/cldrdata.jar
7fbd14064000-7fbd14264000 rw-p 00000000 00:00 0 
7fbd14264000-7fbd1426c000 r-xp 00000000 08:02 2228513                    /usr/lib/jvm/java-8-oracle/jre/lib/amd64/libmanagement.so
7fbd1426c000-7fbd1446c000 ---p 00008000 08:02 2228513                    /usr/lib/jvm/java-8-oracle/jre/lib/amd64/libmanagement.so
7fbd1446c000-7fbd1446d000 rw-p 00008000 08:02 2228513                    /usr/lib/jvm/java-8-oracle/jre/lib/amd64/libmanagement.so
7fbd1446d000-7fbd14483000 r-xp 00000000 08:02 2228479                    /usr/lib/jvm/java-8-oracle/jre/lib/amd64/libnet.so
7fbd14483000-7fbd14682000 ---p 00016000 08:02 2228479                    /usr/lib/jvm/java-8-oracle/jre/lib/amd64/libnet.so
7fbd14682000-7fbd14683000 rw-p 00015000 08:02 2228479                    /usr/lib/jvm/java-8-oracle/jre/lib/amd64/libnet.so
7fbd14683000-7fbd14686000 ---p 00000000 00:00 0 
7fbd14686000-7fbd14784000 rw-p 00000000 00:00 0 
7fbd14784000-7fbd14787000 r--s 00012000 08:02 32637081                   /home/luis/.gvm/grails/2.4.2/lib/javax.servlet/javax.servlet-api/jars/javax.servlet-api-3.0.1.jar
7fbd14787000-7fbd1478c000 r--s 00040000 08:02 33687671                   /home/luis/.gvm/grails/2.4.2/dist/grails-project-api-2.4.2.jar
7fbd1478c000-7fbd1479d000 r--s 000d2000 08:02 33162674                   /home/luis/.m2/repository/org/liquibase/liquibase-core/2.0.5/liquibase-core-2.0.5.jar
7fbd1479d000-7fbd147a1000 r--s 0000c000 08:02 33162673                   /home/luis/.m2/repository/javax/validation/validation-api/1.1.0.Final/validation-api-1.1.0.Final.jar
7fbd147a1000-7fbd147a7000 r--s 0004c000 08:02 32637378                   /home/luis/.gvm/grails/2.4.2/lib/org.grails/grails-datastore-simple/jars/grails-datastore-simple-3.1.1.RELEASE.jar
7fbd147a7000-7fbd147af000 r--s 00052000 08:02 33162618                   /home/luis/.m2/repository/org/springframework/spring-orm/4.0.5.RELEASE/spring-orm-4.0.5.RELEASE.jar
7fbd147af000-7fbd147b1000 r--s 0000a000 08:02 33685665                   /home/luis/.m2/repository/org/grails/grails-datastore-gorm-plugin-support/3.1.1.RELEASE/grails-datastore-gorm-plugin-support-3.1.1.RELEASE.jar
7fbd147b1000-7fbd147b7000 r--s 00041000 08:02 33685664                   /home/luis/.m2/repository/org/grails/grails-datastore-gorm-hibernate-core/3.1.1.RELEASE/grails-datastore-gorm-hibernate-core-3.1.1.RELEASE.jar
7fbd147b7000-7fbd147bc000 r--s 00048000 08:02 33162669                   /home/luis/.m2/repository/dom4j/dom4j/1.6.1/dom4j-1.6.1.jar
7fbd147bc000-7fbd147bd000 r--s 00002000 08:02 33162635                   /home/luis/.m2/repository/org/jboss/logging/jboss-logging-annotations/1.2.0.Beta1/jboss-logging-annotations-1.2.0.Beta1.jar
7fbd147bd000-7fbd147c0000 r--s 00010000 08:02 33162662                   /home/luis/.m2/repository/org/hibernate/common/hibernate-commons-annotations/4.0.4.Final/hibernate-commons-annotations-4.0.4.Final.jar
7fbd147c0000-7fbd147c8000 r--s 00062000 08:02 33685658                   /home/luis/.m2/repository/org/grails/grails-datastore-gorm-hibernate4/3.1.1.RELEASE/grails-datastore-gorm-hibernate4-3.1.1.RELEASE.jar
7fbd147c8000-7fbd147d1000 r--s 00081000 08:02 32637375                   /home/luis/.gvm/grails/2.4.2/lib/org.grails/grails-datastore-gorm/jars/grails-datastore-gorm-3.1.1.RELEASE.jar
7fbd147d1000-7fbd147e7000 r--s 000e6000 08:02 33162648                   /home/luis/.m2/repository/net/sf/ehcache/ehcache-core/2.4.8/ehcache-core-2.4.8.jar
7fbd147e7000-7fbd149e7000 rw-p 00000000 00:00 0 
7fbd149e7000-7fbd149ea000 ---p 00000000 00:00 0 
7fbd149ea000-7fbd14ae8000 rw-p 00000000 00:00 0 
7fbd14ae9000-7fbd14aef000 r--s 002f7000 08:02 2228554                    /usr/lib/jvm/java-8-oracle/jre/lib/charsets.jar
7fbd14aef000-7fbd14afa000 r--s 00052000 08:02 32637372                   /home/luis/.gvm/grails/2.4.2/lib/org.grails/grails-datastore-core/jars/grails-datastore-core-3.1.1.RELEASE.jar
7fbd14afa000-7fbd14afc000 r--s 0000d000 08:02 33162650                   /home/luis/.m2/repository/org/jboss/logging/jboss-logging/3.1.0.GA/jboss-logging-3.1.0.GA.jar
7fbd14afc000-7fbd14afe000 r--s 00011000 08:02 33162642                   /home/luis/.m2/repository/org/jboss/jandex/1.1.0.Final/jandex-1.1.0.Final.jar
7fbd14afe000-7fbd14b03000 r--s 00068000 08:02 33162640                   /home/luis/.m2/repository/antlr/antlr/2.7.7/antlr-2.7.7.jar
7fbd14b03000-7fbd14b04000 r--s 00006000 08:02 33162638                   /home/luis/.m2/repository/org/jboss/spec/javax/transaction/jboss-transaction-api_1.2_spec/1.0.0.Final/jboss-transaction-api_1.2_spec-1.0.0.Final.jar
7fbd14b04000-7fbd14b61000 r--s 004a0000 08:02 33162636                   /home/luis/.m2/repository/org/hibernate/hibernate-core/4.3.5.Final/hibernate-core-4.3.5.Final.jar
7fbd14b61000-7fbd14b65000 r--s 0001e000 08:02 33162633                   /home/luis/.m2/repository/org/hibernate/hibernate-ehcache/4.3.5.Final/hibernate-ehcache-4.3.5.Final.jar
7fbd14b65000-7fbd14b67000 r--s 0000d000 08:02 33162646                   /home/luis/.m2/repository/com/fasterxml/classmate/1.0.0/classmate-1.0.0.jar
7fbd14b67000-7fbd14b74000 r--s 00080000 08:02 33162644                   /home/luis/.m2/repository/org/hibernate/hibernate-validator/5.0.3.Final/hibernate-validator-5.0.3.Final.jar
7fbd14b74000-7fbd14b7d000 r--s 000a5000 08:02 33162655                   /home/luis/.m2/repository/org/javassist/javassist/3.17.1-GA/javassist-3.17.1-GA.jar
7fbd14b7d000-7fbd14b80000 r--s 00083000 08:02 33687692                   /home/luis/.gvm/grails/2.4.2/dist/grails-resources-2.4.2.jar
7fbd14b80000-7fbd14b8d000 r--s 00189000 08:02 32506388                   /home/luis/.gvm/grails/2.4.2/lib/com.h2database/h2/jars/h2-1.3.176.jar
7fbd14b8d000-7fbd14b91000 r--s 00021000 08:02 33687356                   /home/luis/.gvm/grails/2.4.2/dist/grails-plugin-converters-2.4.2.jar
7fbd14b91000-7fbd14b94000 r--s 00018000 08:02 33687419                   /home/luis/.gvm/grails/2.4.2/dist/grails-plugin-domain-class-2.4.2.jar
7fbd14b94000-7fbd14b96000 r--s 0000e000 08:02 33687524                   /home/luis/.gvm/grails/2.4.2/dist/grails-plugin-mimetypes-2.4.2.jar
7fbd14b96000-7fbd14b97000 r--s 0000e000 08:02 32637270                   /home/luis/.gvm/grails/2.4.2/lib/org.codehaus.jsr166-mirror/jsr166y/jars/jsr166y-1.7.0.jar
7fbd14b97000-7fbd14bb3000 r--s 00136000 08:02 32637255                   /home/luis/.gvm/grails/2.4.2/lib/org.codehaus.gpars/gpars/jars/gpars-1.2.1.jar
7fbd14bb3000-7fbd14bb5000 r--s 00011000 08:02 33687146                   /home/luis/.gvm/grails/2.4.2/dist/grails-async-2.4.2.jar
7fbd14bb5000-7fbd14bb7000 r--s 0000e000 08:02 33687293                   /home/luis/.gvm/grails/2.4.2/dist/grails-plugin-async-2.4.2.jar
7fbd14bb7000-7fbd14bbb000 r--s 00028000 08:02 32506439                   /home/luis/.gvm/grails/2.4.2/lib/commons-validator/commons-validator/jars/commons-validator-1.4.0.jar
7fbd14bbb000-7fbd14bbe000 r--s 00012000 08:02 33687776                   /home/luis/.gvm/grails/2.4.2/dist/grails-validation-2.4.2.jar
7fbd14bbe000-7fbd14bc2000 r--s 00019000 08:02 32506373                   /home/luis/.gvm/grails/2.4.2/lib/com.googlecode.concurrentlinkedhashmap/concurrentlinkedhashmap-lru/jars/concurrentlinkedhashmap-lru-1.4.jar
7fbd14bc2000-7fbd14bc4000 r--s 0000e000 08:02 33687629                   /home/luis/.gvm/grails/2.4.2/dist/grails-plugin-url-mappings-2.4.2.jar
7fbd14bc4000-7fbd14bc5000 r--s 00006000 08:02 33687587                   /home/luis/.gvm/grails/2.4.2/dist/grails-plugin-servlets-2.4.2.jar
7fbd14bc5000-7fbd14bcc000 r--s 00036000 08:02 32637528                   /home/luis/.gvm/grails/2.4.2/lib/org.springframework/spring-tx/jars/spring-tx-4.0.5.RELEASE.jar
7fbd14bcc000-7fbd14bce000 r--s 00009000 08:02 33687566                   /home/luis/.gvm/grails/2.4.2/dist/grails-plugin-services-2.4.2.jar
7fbd14bce000-7fbd14bcf000 r--s 00001000 08:02 32637428                   /home/luis/.gvm/grails/2.4.2/lib/org.slf4j/jul-to-slf4j/jars/jul-to-slf4j-1.7.5.jar
7fbd14bcf000-7fbd14bd0000 r--s 00000000 08:02 33687272                   /home/luis/.gvm/grails/2.4.2/dist/grails-logging-2.4.2.jar
7fbd14bd0000-7fbd14bdf000 r--s 00096000 08:02 32637534                   /home/luis/.gvm/grails/2.4.2/lib/org.springframework/spring-web/jars/spring-web-4.0.5.RELEASE.jar
7fbd14bdf000-7fbd14be4000 r--s 0002e000 08:02 33687251                   /home/luis/.gvm/grails/2.4.2/dist/grails-encoder-2.4.2.jar
7fbd14be4000-7fbd14bea000 r--s 00033000 08:02 32506409                   /home/luis/.gvm/grails/2.4.2/lib/commons-codec/commons-codec/jars/commons-codec-1.6.jar
7fbd14bea000-7fbd14bec000 r--s 00012000 08:02 33687314                   /home/luis/.gvm/grails/2.4.2/dist/grails-plugin-codecs-2.4.2.jar
7fbd14bec000-7fbd14bee000 r--s 0000c000 08:02 33687923                   /home/luis/.gvm/grails/2.4.2/dist/grails-web-gsp-taglib-2.4.2.jar
7fbd14bee000-7fbd14bf4000 r--s 00058000 08:02 33687461                   /home/luis/.gvm/grails/2.4.2/dist/grails-plugin-gsp-2.4.2.jar
7fbd14bf4000-7fbd14bf6000 r--s 0000b000 08:02 33687440                   /home/luis/.gvm/grails/2.4.2/dist/grails-plugin-filters-2.4.2.jar
7fbd14bf6000-7fbd14bfb000 r--s 00041000 08:02 32506435                   /home/luis/.gvm/grails/2.4.2/lib/commons-lang/commons-lang/jars/commons-lang-2.6.jar
7fbd14bfb000-7fbd14bfc000 r--s 00005000 08:02 33687482                   /home/luis/.gvm/grails/2.4.2/dist/grails-plugin-i18n-2.4.2.jar
7fbd14bfc000-7fbd14c01000 r--s 00017000 08:02 32637401                   /home/luis/.gvm/grails/2.4.2/lib/org.hibernate.javax.persistence/hibernate-jpa-2.1-api/jars/hibernate-jpa-2.1-api-1.0.0.Final.jar
7fbd14c01000-7fbd14c03000 r--s 00000000 08:02 32506329                   /home/luis/.gvm/grails/2.4.2/lib/aopalliance/aopalliance/jars/aopalliance-1.0.jar
7fbd14c03000-7fbd14c05000 r--s 00009000 08:02 33687734                   /home/luis/.gvm/grails/2.4.2/dist/grails-spring-2.4.2.jar
7fbd14c05000-7fbd14c08000 r--s 00041000 08:02 32637571                   /home/luis/.gvm/grails/2.4.2/lib/xalan/serializer/jars/serializer-2.7.1.jar
7fbd14c08000-7fbd14c14000 r--s 00098000 08:02 32637489                   /home/luis/.gvm/grails/2.4.2/lib/org.springframework/spring-beans/jars/spring-beans-4.0.5.RELEASE.jar
7fbd14c14000-7fbd14c28000 r--s 000db000 08:02 32637504                   /home/luis/.gvm/grails/2.4.2/lib/org.springframework/spring-core/jars/spring-core-4.0.5.RELEASE.jar
7fbd14c28000-7fbd14c35000 r--s 000a7000 08:02 33687188                   /home/luis/.gvm/grails/2.4.2/dist/grails-core-2.4.2.jar
7fbd14c35000-7fbd14c36000 r--s 00005000 08:02 33687377                   /home/luis/.gvm/grails/2.4.2/dist/grails-plugin-databinding-2.4.2.jar
7fbd14c36000-7fbd14c3b000 r--s 0002e000 08:02 32637510                   /home/luis/.gvm/grails/2.4.2/lib/org.springframework/spring-expression/jars/spring-expression-4.0.5.RELEASE.jar
7fbd14c3b000-7fbd14c44000 r--s 0004e000 08:02 32637480                   /home/luis/.gvm/grails/2.4.2/lib/org.springframework/spring-aop/jars/spring-aop-4.0.5.RELEASE.jar
7fbd14c44000-7fbd14c5b000 r--s 000d8000 08:02 32637495                   /home/luis/.gvm/grails/2.4.2/lib/org.springframework/spring-context/jars/spring-context-4.0.5.RELEASE.jar
7fbd14c5b000-7fbd14c5d000 r--s 00008000 08:02 32637213                   /home/luis/.gvm/grails/2.4.2/lib/org.apache.tomcat/tomcat-juli/jars/tomcat-juli-7.0.50.jar
7fbd14c5d000-7fbd14c5f000 r--s 0001d000 08:02 32637207                   /home/luis/.gvm/grails/2.4.2/lib/org.apache.tomcat/tomcat-jdbc/jars/tomcat-jdbc-7.0.50.jar
7fbd14c5f000-7fbd14c69000 r--s 0005e000 08:02 32637516                   /home/luis/.gvm/grails/2.4.2/lib/org.springframework/spring-jdbc/jars/spring-jdbc-4.0.5.RELEASE.jar
7fbd14c69000-7fbd14c6b000 r--s 0000d000 08:02 33687398                   /home/luis/.gvm/grails/2.4.2/dist/grails-plugin-datasource-2.4.2.jar
7fbd14c6b000-7fbd14c6d000 r--s 00008000 08:02 33687650                   /home/luis/.gvm/grails/2.4.2/dist/grails-plugin-validation-2.4.2.jar
7fbd14c6d000-7fbd14c71000 r--s 00020000 08:02 33687335                   /home/luis/.gvm/grails/2.4.2/dist/grails-plugin-controllers-2.4.2.jar
7fbd14c71000-7fbd14c75000 r--s 00019000 08:02 32637227                   /home/luis/.gvm/grails/2.4.2/lib/org.aspectj/aspectjrt/jars/aspectjrt-1.8.0.jar
7fbd14c75000-7fbd14c8d000 r--s 001aa000 08:02 32637230                   /home/luis/.gvm/grails/2.4.2/lib/org.aspectj/aspectjweaver/jars/aspectjweaver-1.8.0.jar
7fbd14c8d000-7fbd14c91000 r--s 00024000 08:02 33687944                   /home/luis/.gvm/grails/2.4.2/dist/grails-web-jsp-2.4.2.jar
7fbd14c91000-7fbd14c93000 r--s 0001d000 08:02 33687839                   /home/luis/.gvm/grails/2.4.2/dist/grails-web-databinding-2.4.2.jar
7fbd14c93000-7fbd14c99000 r--s 00027000 08:02 32637128                   /home/luis/.gvm/grails/2.4.2/lib/opensymphony/sitemesh/jars/sitemesh-2.4.jar
7fbd14c99000-7fbd14c9b000 r--s 0000b000 08:02 33687986                   /home/luis/.gvm/grails/2.4.2/dist/grails-web-sitemesh-2.4.2.jar
7fbd14c9b000-7fbd14c9d000 r--s 00009000 08:02 33687965                   /home/luis/.gvm/grails/2.4.2/dist/grails-web-mvc-2.4.2.jar
7fbd14c9d000-7fbd14c9f000 r--s 0000b000 08:02 32637483                   /home/luis/.gvm/grails/2.4.2/lib/org.springframework/spring-aspects/jars/spring-aspects-4.0.5.RELEASE.jar
7fbd14c9f000-7fbd14ca6000 r--s 0004f000 08:02 33687902                   /home/luis/.gvm/grails/2.4.2/dist/grails-web-gsp-2.4.2.jar
7fbd14ca6000-7fbd14caa000 r--s 00027000 08:02 32506427                   /home/luis/.gvm/grails/2.4.2/lib/commons-io/commons-io/jars/commons-io-2.2.jar
7fbd14caa000-7fbd14cac000 r--s 0000f000 08:02 32506422                   /home/luis/.gvm/grails/2.4.2/lib/commons-fileupload/commons-fileupload/jars/commons-fileupload-1.3.1.jar
7fbd14cac000-7fbd14cad000 r--s 00000000 08:02 33687881                   /home/luis/.gvm/grails/2.4.2/dist/grails-web-fileupload-2.4.2.jar
7fbd14cad000-7fbd14cb1000 r--s 00023000 08:02 33688007                   /home/luis/.gvm/grails/2.4.2/dist/grails-web-url-mappings-2.4.2.jar
7fbd14cb1000-7fbd14cb3000 r--s 00013000 08:02 33687209                   /home/luis/.gvm/grails/2.4.2/dist/grails-databinding-2.4.2.jar
7fbd14cb3000-7fbd14cb7000 r--s 0001e000 08:02 32637498                   /home/luis/.gvm/grails/2.4.2/lib/org.springframework/spring-context-support/jars/spring-context-support-4.0.5.RELEASE.jar
7fbd14cb7000-7fbd14cc3000 r--s 00096000 08:02 32637537                   /home/luis/.gvm/grails/2.4.2/lib/org.springframework/spring-webmvc/jars/spring-webmvc-4.0.5.RELEASE.jar
7fbd14cc3000-7fbd14cc8000 r--s 00030000 08:02 33687818                   /home/luis/.gvm/grails/2.4.2/dist/grails-web-common-2.4.2.jar
7fbd14cc8000-7fbd14cca000 r--s 00009000 08:02 33687797                   /home/luis/.gvm/grails/2.4.2/dist/grails-web-2.4.2.jar
7fbd14cca000-7fbd14ccf000 r--s 0002a000 08:02 32506351                   /home/luis/.gvm/grails/2.4.2/lib/com.google.code.gson/gson/jars/gson-2.2.4.jar
7fbd14ccf000-7fbd14cd2000 r--s 00038000 08:02 33687545                   /home/luis/.gvm/grails/2.4.2/dist/grails-plugin-rest-2.4.2.jar
7fbd14cd2000-7fbd14ed2000 rw-p 00000000 00:00 0 
7fbd14ed2000-7fbd150d2000 rw-p 00000000 00:00 0 
7fbd150d2000-7fbd150d4000 r--s 00001000 08:02 2228452                    /usr/lib/jvm/java-8-oracle/jre/lib/ext/dnsns.jar
7fbd150d4000-7fbd152d4000 rw-p 00000000 00:00 0 
7fbd152d4000-7fbd152d7000 ---p 00000000 00:00 0 
7fbd152d7000-7fbd153d5000 rw-p 00000000 00:00 0 
7fbd153d5000-7fbd153e0000 r--s 0021a000 08:02 2228450                    /usr/lib/jvm/java-8-oracle/jre/lib/ext/localedata.jar
7fbd153e0000-7fbd153e2000 r-xp 00000000 08:02 60295251                   /usr/lib/x86_64-linux-gnu/gconv/ISO8859-1.so
7fbd153e2000-7fbd155e1000 ---p 00002000 08:02 60295251                   /usr/lib/x86_64-linux-gnu/gconv/ISO8859-1.so
7fbd155e1000-7fbd155e2000 r--p 00001000 08:02 60295251                   /usr/lib/x86_64-linux-gnu/gconv/ISO8859-1.so
7fbd155e2000-7fbd155e3000 rw-p 00002000 08:02 60295251                   /usr/lib/x86_64-linux-gnu/gconv/ISO8859-1.so
7fbd155e3000-7fbd155ea000 r--s 00000000 08:02 60295290                   /usr/lib/x86_64-linux-gnu/gconv/gconv-modules.cache
7fbd155ea000-7fbd15608000 r--p 00000000 08:02 60296415                   /usr/share/locale/es/LC_MESSAGES/libc.mo
7fbd15608000-7fbd15808000 rw-p 00000000 00:00 0 
7fbd15808000-7fbd15809000 r-xp 00000000 08:02 49807431                   /tmp/libjansi-64-6701707122109913673.so
7fbd15809000-7fbd15a08000 ---p 00001000 08:02 49807431                   /tmp/libjansi-64-6701707122109913673.so
7fbd15a08000-7fbd15a09000 rw-p 00000000 08:02 49807431                   /tmp/libjansi-64-6701707122109913673.so
7fbd15a09000-7fbd15a0c000 ---p 00000000 00:00 0 
7fbd15a0c000-7fbd15a42000 rw-p 00000000 00:00 0 
7fbd15a42000-7fbd15a47000 r--s 00092000 08:02 2228557                    /usr/lib/jvm/java-8-oracle/jre/lib/jsse.jar
7fbd15a47000-7fbd15a48000 ---p 00000000 00:00 0 
7fbd15a48000-7fbd15b48000 rw-p 00000000 00:00 0 
7fbd15b48000-7fbd15b4b000 ---p 00000000 00:00 0 
7fbd15b4b000-7fbd15c49000 rw-p 00000000 00:00 0 
7fbd15c49000-7fbd15c4c000 ---p 00000000 00:00 0 
7fbd15c4c000-7fbd15d4a000 rw-p 00000000 00:00 0 
7fbd15d4a000-7fbd15d4d000 ---p 00000000 00:00 0 
7fbd15d4d000-7fbd15e4b000 rw-p 00000000 00:00 0 
7fbd15e4b000-7fbd15e4e000 ---p 00000000 00:00 0 
7fbd15e4e000-7fbd15f4c000 rw-p 00000000 00:00 0 
7fbd15f4c000-7fbd15f52000 r--s 0005f000 08:02 32637544                   /home/luis/.gvm/grails/2.4.2/lib/org.springframework/springloaded/jars/springloaded-1.2.0.RELEASE.jar
7fbd15f52000-7fbd15f54000 r--s 0000e000 08:02 33950518                   /home/luis/IdeaProjects/ocelot-bpm-project/Blank_app/target/work/plugins/tomcat-7.0.54/grails-plugin-tomcat-7.0.54.jar
7fbd15f54000-7fbd15f64000 r--s 0019c000 08:02 33161699                   /home/luis/.m2/repository/org/eclipse/jdt/core/compiler/ecj/3.7.2/ecj-3.7.2.jar
7fbd15f64000-7fbd15f69000 r--s 0002f000 08:02 33161697                   /home/luis/.m2/repository/org/apache/tomcat/embed/tomcat-embed-websocket/7.0.53/tomcat-embed-websocket-7.0.53.jar
7fbd15f69000-7fbd15f6b000 r--s 0000c000 08:02 33161689                   /home/luis/.m2/repository/org/apache/tomcat/tomcat-catalina-ant/7.0.53/tomcat-catalina-ant-7.0.53.jar
7fbd15f6b000-7fbd15f8c000 r--s 00267000 08:02 33161702                   /home/luis/.m2/repository/org/apache/tomcat/embed/tomcat-embed-core/7.0.53/tomcat-embed-core-7.0.53.jar
7fbd15f8c000-7fbd15f95000 r--s 0009f000 08:02 33161691                   /home/luis/.m2/repository/org/apache/tomcat/embed/tomcat-embed-jasper/7.0.53/tomcat-embed-jasper-7.0.53.jar
7fbd15f95000-7fbd15f99000 r--s 00027000 08:02 33161693                   /home/luis/.m2/repository/org/apache/tomcat/embed/tomcat-embed-el/7.0.53/tomcat-embed-el-7.0.53.jar
7fbd15f99000-7fbd15f9b000 r--s 00013000 08:02 33161696                   /home/luis/.m2/repository/org/apache/tomcat/embed/tomcat-embed-logging-log4j/7.0.53/tomcat-embed-logging-log4j-7.0.53.jar
7fbd15f9b000-7fbd15f9d000 r--s 0001a000 08:02 32637368                   /home/luis/.gvm/grails/2.4.2/lib/org.fusesource.jansi/jansi/jars/jansi-1.11.jar
7fbd15f9d000-7fbd15fb2000 r--s 00116000 08:02 32637163                   /home/luis/.gvm/grails/2.4.2/lib/org.apache.ivy/ivy/jars/ivy-2.3.0.jar
7fbd15fb2000-7fbd15fb5000 r--s 00018000 08:02 32637137                   /home/luis/.gvm/grails/2.4.2/lib/org.apache.ant/ant-junit/jars/ant-junit-1.8.4.jar
7fbd15fb5000-7fbd15fb6000 r--s 00001000 08:02 32637145                   /home/luis/.gvm/grails/2.4.2/lib/org.apache.ant/ant-trax/jars/ant-trax-1.7.1.jar
7fbd15fb6000-7fbd15fb7000 r--s 00004000 08:02 32637141                   /home/luis/.gvm/grails/2.4.2/lib/org.apache.ant/ant-launcher/jars/ant-launcher-1.8.4.jar
7fbd15fb7000-7fbd15fd5000 r--s 001bd000 08:02 32637133                   /home/luis/.gvm/grails/2.4.2/lib/org.apache.ant/ant/jars/ant-1.8.4.jar
7fbd15fd5000-7fbd15fd9000 r--s 00031000 08:02 32637102                   /home/luis/.gvm/grails/2.4.2/lib/jline/jline/jars/jline-2.12.jar
7fbd15fd9000-7fbd15fdb000 r--s 00005000 08:02 32637435                   /home/luis/.gvm/grails/2.4.2/lib/org.slf4j/slf4j-api/jars/slf4j-api-1.7.5.jar
7fbd15fdb000-7fbd16053000 r--s 010c6000 08:02 2229889                    /usr/lib/jvm/java-8-oracle/lib/tools.jar
7fbd16053000-7fbd16056000 ---p 00000000 00:00 0 
7fbd16056000-7fbd16154000 rw-p 00000000 00:00 0 
7fbd16154000-7fbd162cb000 r--p 00000000 08:02 60296451                   /usr/lib/locale/locale-archive
7fbd162cb000-7fbd162ce000 ---p 00000000 00:00 0 
7fbd162ce000-7fbd163cc000 rw-p 00000000 00:00 0 
7fbd163cc000-7fbd163cf000 ---p 00000000 00:00 0 
7fbd163cf000-7fbd164cd000 rw-p 00000000 00:00 0 
7fbd164cd000-7fbd164ce000 ---p 00000000 00:00 0 
7fbd164ce000-7fbd174dd000 rw-p 00000000 00:00 0 
7fbd174dd000-7fbd176b2000 r--s 03c4d000 08:02 2228591                    /usr/lib/jvm/java-8-oracle/jre/lib/rt.jar
7fbd176b2000-7fbd19903000 rw-p 00000000 00:00 0 
7fbd19903000-7fbd19904000 ---p 00000000 00:00 0 
7fbd19904000-7fbd19a04000 rw-p 00000000 00:00 0 
7fbd19a04000-7fbd19a05000 ---p 00000000 00:00 0 
7fbd19a05000-7fbd19b05000 rw-p 00000000 00:00 0 
7fbd19b05000-7fbd19b06000 ---p 00000000 00:00 0 
7fbd19b06000-7fbd19c06000 rw-p 00000000 00:00 0 
7fbd19c06000-7fbd19c07000 ---p 00000000 00:00 0 
7fbd19c07000-7fbd19d2c000 rw-p 00000000 00:00 0 
7fbd19d2c000-7fbd19e07000 ---p 00000000 00:00 0 
7fbd19e07000-7fbd19e2c000 rw-p 00000000 00:00 0 
7fbd19e2c000-7fbd19f07000 ---p 00000000 00:00 0 
7fbd19f07000-7fbd19f87000 rw-p 00000000 00:00 0 
7fbd19f87000-7fbd19fc8000 rw-p 00000000 00:00 0 
7fbd19fc8000-7fbd1a348000 ---p 00000000 00:00 0 
7fbd1a348000-7fbd1b328000 rwxp 00000000 00:00 0 
7fbd1b328000-7fbd29348000 ---p 00000000 00:00 0 
7fbd29348000-7fbd29364000 r-xp 00000000 08:02 2228473                    /usr/lib/jvm/java-8-oracle/jre/lib/amd64/libzip.so
7fbd29364000-7fbd29563000 ---p 0001c000 08:02 2228473                    /usr/lib/jvm/java-8-oracle/jre/lib/amd64/libzip.so
7fbd29563000-7fbd29564000 rw-p 0001b000 08:02 2228473                    /usr/lib/jvm/java-8-oracle/jre/lib/amd64/libzip.so
7fbd29564000-7fbd2956f000 r-xp 00000000 08:02 4984053                    /lib/x86_64-linux-gnu/libnss_files-2.13.so
7fbd2956f000-7fbd2976e000 ---p 0000b000 08:02 4984053                    /lib/x86_64-linux-gnu/libnss_files-2.13.so
7fbd2976e000-7fbd2976f000 r--p 0000a000 08:02 4984053                    /lib/x86_64-linux-gnu/libnss_files-2.13.so
7fbd2976f000-7fbd29770000 rw-p 0000b000 08:02 4984053                    /lib/x86_64-linux-gnu/libnss_files-2.13.so
7fbd29770000-7fbd2977a000 r-xp 00000000 08:02 4984049                    /lib/x86_64-linux-gnu/libnss_nis-2.13.so
7fbd2977a000-7fbd29979000 ---p 0000a000 08:02 4984049                    /lib/x86_64-linux-gnu/libnss_nis-2.13.so
7fbd29979000-7fbd2997a000 r--p 00009000 08:02 4984049                    /lib/x86_64-linux-gnu/libnss_nis-2.13.so
7fbd2997a000-7fbd2997b000 rw-p 0000a000 08:02 4984049                    /lib/x86_64-linux-gnu/libnss_nis-2.13.so
7fbd2997b000-7fbd29990000 r-xp 00000000 08:02 4984047                    /lib/x86_64-linux-gnu/libnsl-2.13.so
7fbd29990000-7fbd29b8f000 ---p 00015000 08:02 4984047                    /lib/x86_64-linux-gnu/libnsl-2.13.so
7fbd29b8f000-7fbd29b90000 r--p 00014000 08:02 4984047                    /lib/x86_64-linux-gnu/libnsl-2.13.so
7fbd29b90000-7fbd29b91000 rw-p 00015000 08:02 4984047                    /lib/x86_64-linux-gnu/libnsl-2.13.so
7fbd29b91000-7fbd29b93000 rw-p 00000000 00:00 0 
7fbd29b93000-7fbd29b9a000 r-xp 00000000 08:02 4984042                    /lib/x86_64-linux-gnu/libnss_compat-2.13.so
7fbd29b9a000-7fbd29d99000 ---p 00007000 08:02 4984042                    /lib/x86_64-linux-gnu/libnss_compat-2.13.so
7fbd29d99000-7fbd29d9a000 r--p 00006000 08:02 4984042                    /lib/x86_64-linux-gnu/libnss_compat-2.13.so
7fbd29d9a000-7fbd29d9b000 rw-p 00007000 08:02 4984042                    /lib/x86_64-linux-gnu/libnss_compat-2.13.so
7fbd29d9b000-7fbd29da5000 r-xp 00000000 08:02 2228499                    /usr/lib/jvm/java-8-oracle/jre/lib/amd64/libinstrument.so
7fbd29da5000-7fbd29fa4000 ---p 0000a000 08:02 2228499                    /usr/lib/jvm/java-8-oracle/jre/lib/amd64/libinstrument.so
7fbd29fa4000-7fbd29fa5000 rw-p 00009000 08:02 2228499                    /usr/lib/jvm/java-8-oracle/jre/lib/amd64/libinstrument.so
7fbd29fa5000-7fbd29fcf000 r-xp 00000000 08:02 2228492                    /usr/lib/jvm/java-8-oracle/jre/lib/amd64/libjava.so
7fbd29fcf000-7fbd2a1cf000 ---p 0002a000 08:02 2228492                    /usr/lib/jvm/java-8-oracle/jre/lib/amd64/libjava.so
7fbd2a1cf000-7fbd2a1d1000 rw-p 0002a000 08:02 2228492                    /usr/lib/jvm/java-8-oracle/jre/lib/amd64/libjava.so
7fbd2a1d1000-7fbd2a1de000 r-xp 00000000 08:02 2228478                    /usr/lib/jvm/java-8-oracle/jre/lib/amd64/libverify.so
7fbd2a1de000-7fbd2a3de000 ---p 0000d000 08:02 2228478                    /usr/lib/jvm/java-8-oracle/jre/lib/amd64/libverify.so
7fbd2a3de000-7fbd2a3e0000 rw-p 0000d000 08:02 2228478                    /usr/lib/jvm/java-8-oracle/jre/lib/amd64/libverify.so
7fbd2a3e0000-7fbd2a3e7000 r-xp 00000000 08:02 4984057                    /lib/x86_64-linux-gnu/librt-2.13.so
7fbd2a3e7000-7fbd2a5e6000 ---p 00007000 08:02 4984057                    /lib/x86_64-linux-gnu/librt-2.13.so
7fbd2a5e6000-7fbd2a5e7000 r--p 00006000 08:02 4984057                    /lib/x86_64-linux-gnu/librt-2.13.so
7fbd2a5e7000-7fbd2a5e8000 rw-p 00007000 08:02 4984057                    /lib/x86_64-linux-gnu/librt-2.13.so
7fbd2a5e8000-7fbd2a669000 r-xp 00000000 08:02 4984044                    /lib/x86_64-linux-gnu/libm-2.13.so
7fbd2a669000-7fbd2a868000 ---p 00081000 08:02 4984044                    /lib/x86_64-linux-gnu/libm-2.13.so
7fbd2a868000-7fbd2a869000 r--p 00080000 08:02 4984044                    /lib/x86_64-linux-gnu/libm-2.13.so
7fbd2a869000-7fbd2a86a000 rw-p 00081000 08:02 4984044                    /lib/x86_64-linux-gnu/libm-2.13.so
7fbd2a86a000-7fbd2b484000 r-xp 00000000 08:02 2228460                    /usr/lib/jvm/java-8-oracle/jre/lib/amd64/server/libjvm.so
7fbd2b484000-7fbd2b683000 ---p 00c1a000 08:02 2228460                    /usr/lib/jvm/java-8-oracle/jre/lib/amd64/server/libjvm.so
7fbd2b683000-7fbd2b74c000 rw-p 00c19000 08:02 2228460                    /usr/lib/jvm/java-8-oracle/jre/lib/amd64/server/libjvm.so
7fbd2b74c000-7fbd2b78d000 rw-p 00000000 00:00 0 
7fbd2b78d000-7fbd2b90f000 r-xp 00000000 08:02 4984037                    /lib/x86_64-linux-gnu/libc-2.13.so
7fbd2b90f000-7fbd2bb0e000 ---p 00182000 08:02 4984037                    /lib/x86_64-linux-gnu/libc-2.13.so
7fbd2bb0e000-7fbd2bb12000 r--p 00181000 08:02 4984037                    /lib/x86_64-linux-gnu/libc-2.13.so
7fbd2bb12000-7fbd2bb13000 rw-p 00185000 08:02 4984037                    /lib/x86_64-linux-gnu/libc-2.13.so
7fbd2bb13000-7fbd2bb18000 rw-p 00000000 00:00 0 
7fbd2bb18000-7fbd2bb1a000 r-xp 00000000 08:02 4984051                    /lib/x86_64-linux-gnu/libdl-2.13.so
7fbd2bb1a000-7fbd2bd1a000 ---p 00002000 08:02 4984051                    /lib/x86_64-linux-gnu/libdl-2.13.so
7fbd2bd1a000-7fbd2bd1b000 r--p 00002000 08:02 4984051                    /lib/x86_64-linux-gnu/libdl-2.13.so
7fbd2bd1b000-7fbd2bd1c000 rw-p 00003000 08:02 4984051                    /lib/x86_64-linux-gnu/libdl-2.13.so
7fbd2bd1c000-7fbd2bd33000 r-xp 00000000 08:02 2228773                    /usr/lib/jvm/java-8-oracle/lib/amd64/jli/libjli.so
7fbd2bd33000-7fbd2bf32000 ---p 00017000 08:02 2228773                    /usr/lib/jvm/java-8-oracle/lib/amd64/jli/libjli.so
7fbd2bf32000-7fbd2bf33000 rw-p 00016000 08:02 2228773                    /usr/lib/jvm/java-8-oracle/lib/amd64/jli/libjli.so
7fbd2bf33000-7fbd2bf4a000 r-xp 00000000 08:02 4984055                    /lib/x86_64-linux-gnu/libpthread-2.13.so
7fbd2bf4a000-7fbd2c149000 ---p 00017000 08:02 4984055                    /lib/x86_64-linux-gnu/libpthread-2.13.so
7fbd2c149000-7fbd2c14a000 r--p 00016000 08:02 4984055                    /lib/x86_64-linux-gnu/libpthread-2.13.so
7fbd2c14a000-7fbd2c14b000 rw-p 00017000 08:02 4984055                    /lib/x86_64-linux-gnu/libpthread-2.13.so
7fbd2c14b000-7fbd2c14f000 rw-p 00000000 00:00 0 
7fbd2c14f000-7fbd2c16f000 r-xp 00000000 08:02 4984059                    /lib/x86_64-linux-gnu/ld-2.13.so
7fbd2c170000-7fbd2c17e000 r--s 000db000 08:02 33687167                   /home/luis/.gvm/grails/2.4.2/dist/grails-bootstrap-2.4.2.jar
7fbd2c17e000-7fbd2c187000 r--s 0006f000 08:02 32637118                   /home/luis/.gvm/grails/2.4.2/lib/log4j/log4j/jars/log4j-1.2.17.jar
7fbd2c187000-7fbd2c18a000 r--s 0000d000 08:02 33687503                   /home/luis/.gvm/grails/2.4.2/dist/grails-plugin-log4j-2.4.2.jar
7fbd2c18a000-7fbd2c18c000 r--s 00013000 08:02 32637220                   /home/luis/.gvm/grails/2.4.2/lib/org.apache.tomcat.embed/tomcat-embed-logging-log4j/jars/tomcat-embed-logging-log4j-7.0.50.jar
7fbd2c18c000-7fbd2c1f7000 r--s 00683000 08:02 32637262                   /home/luis/.gvm/grails/2.4.2/lib/org.codehaus.groovy/groovy-all/jars/groovy-all-2.3.3.jar
7fbd2c1f7000-7fbd2c255000 rw-p 00000000 00:00 0 
7fbd2c255000-7fbd2c258000 ---p 00000000 00:00 0 
7fbd2c258000-7fbd2c35b000 rw-p 00000000 00:00 0 
7fbd2c35b000-7fbd2c360000 r--s 00050000 08:02 32637248                   /home/luis/.gvm/grails/2.4.2/lib/org.codehaus.gant/gant_groovy1.8/jars/gant_groovy1.8-1.9.6.jar
7fbd2c360000-7fbd2c362000 r--s 00003000 08:02 32637421                   /home/luis/.gvm/grails/2.4.2/lib/org.slf4j/jcl-over-slf4j/jars/jcl-over-slf4j-1.7.5.jar
7fbd2c362000-7fbd2c36a000 rw-s 00000000 08:02 49807430                   /tmp/hsperfdata_luis/5399
7fbd2c36a000-7fbd2c36b000 rw-p 00000000 00:00 0 
7fbd2c36b000-7fbd2c36c000 r--p 00000000 00:00 0 
7fbd2c36c000-7fbd2c36e000 rw-p 00000000 00:00 0 
7fbd2c36e000-7fbd2c36f000 r--p 0001f000 08:02 4984059                    /lib/x86_64-linux-gnu/ld-2.13.so
7fbd2c36f000-7fbd2c370000 rw-p 00020000 08:02 4984059                    /lib/x86_64-linux-gnu/ld-2.13.so
7fbd2c370000-7fbd2c371000 rw-p 00000000 00:00 0 
7fffd8cfe000-7fffd8d20000 rw-p 00000000 00:00 0                          [stack]
7fffd8ded000-7fffd8dee000 r-xp 00000000 00:00 0                          [vdso]
ffffffffff600000-ffffffffff601000 r-xp 00000000 00:00 0                  [vsyscall]

VM Arguments:
jvm_args: -Dfile.encoding=UTF-8 -Xmx768M -Xms64M -Dgrails.fork.parent.process.port=50551 -Dgrails.fork.active=true -Dgrails.build.execution.context=/tmp/Blank_app4196006329833483563grails-execution-context -Dgrails.home=/home/luis/.gvm/grails/2.4.2 -javaagent:/home/luis/.gvm/grails/2.4.2/lib/org.springframework/springloaded/jars/springloaded-1.2.0.RELEASE.jar -Xverify:none -Dspringloaded.synchronize=true -Djdk.reflect.allowGetCallerClass=true -Dspringloaded=profile=grails;cacheDir=/home/luis/.grails/2.4.2 
java_command: org.grails.plugins.tomcat.fork.ForkedTomcatServer
java_class_path (initial): /usr/lib/jvm/java-8-oracle/lib/tools.jar:/home/luis/.gvm/grails/2.4.2/lib/org.codehaus.groovy/groovy-all/jars/groovy-all-2.3.3.jar:/home/luis/.gvm/grails/2.4.2/lib/org.slf4j/jcl-over-slf4j/jars/jcl-over-slf4j-1.7.5.jar:/home/luis/.gvm/grails/2.4.2/lib/org.codehaus.gant/gant_groovy1.8/jars/gant_groovy1.8-1.9.6.jar:/home/luis/.gvm/grails/2.4.2/lib/org.apache.tomcat.embed/tomcat-embed-logging-log4j/jars/tomcat-embed-logging-log4j-7.0.50.jar:/home/luis/.gvm/grails/2.4.2/dist/grails-plugin-log4j-2.4.2.jar:/home/luis/.gvm/grails/2.4.2/lib/log4j/log4j/jars/log4j-1.2.17.jar:/home/luis/.gvm/grails/2.4.2/dist/grails-bootstrap-2.4.2.jar:/home/luis/.gvm/grails/2.4.2/lib/org.slf4j/slf4j-api/jars/slf4j-api-1.7.5.jar:/home/luis/.gvm/grails/2.4.2/lib/jline/jline/jars/jline-2.12.jar:/home/luis/.gvm/grails/2.4.2/lib/org.apache.ant/ant/jars/ant-1.8.4.jar:/home/luis/.gvm/grails/2.4.2/lib/org.apache.ant/ant-launcher/jars/ant-launcher-1.8.4.jar:/home/luis/.gvm/grails/2.4.2/lib/org.apache.ant/ant-trax/jars/ant-trax-1.7.1.jar:/home/luis/.gvm/grails/2.4.2/lib/org.apache.ant/ant-junit/jars/ant-junit-1.8.4.jar:/home/luis/.gvm/grails/2.4.2/lib/org.apache.ivy/ivy/jars/ivy-2.3.0.jar:/home/luis/.gvm/grails/2.4.2/lib/org.fusesource.jansi/jansi/jars/jansi-1.11.jar:/home/luis/.m2/repository/org/apache/tomcat/embed/tomcat-embed-logging-log4j/7.0.53/tomcat-embed-logging-log4j-7.0.53.jar:/home/luis/.m2/repository/org/apache/tomcat/embed/tomcat-embed-el/7.0.53/tomcat-embed-el-7.0.53.jar:/home/luis/.m2/repository/org/apache/tomcat/embed/tomcat-embed-jasper/7.0.53/tomcat-embed-jasper-7.0.53.jar:/home/luis/.m2/repository/org/apache/tomcat/embed/tomcat-embed-core/7.0.53/tomcat-embed-core-7.0.53.jar:/home/luis/.m2/repository/org/apache/tomcat/tomcat-catalina-ant/7.0.53/tomcat-catalina-ant-7.0.53.jar:/home/luis/.m2/repository/org/apache/tomcat/embed/tomcat-embed-websocket/7.0.53/tomcat-embed-websocket-7.0.53.jar:/home/luis/.m2/repository/org/eclipse/jdt/core/compiler/ecj/3.7.2/ecj
Launcher Type: SUN_STANDARD

Environment Variables:
JAVA_HOME=/usr/lib/jvm/java-8-oracle
CLASSPATH=/home/luis/Programas/idea-IU-135.909/bin/../lib/bootstrap.jar:/home/luis/Programas/idea-IU-135.909/bin/../lib/extensions.jar:/home/luis/Programas/idea-IU-135.909/bin/../lib/util.jar:/home/luis/Programas/idea-IU-135.909/bin/../lib/jdom.jar:/home/luis/Programas/idea-IU-135.909/bin/../lib/log4j.jar:/home/luis/Programas/idea-IU-135.909/bin/../lib/trove4j.jar:/home/luis/Programas/idea-IU-135.909/bin/../lib/jna.jar:/usr/lib/jvm/java-8-oracle/lib/tools.jar
PATH=/usr/local/bin:/usr/bin:/bin:/usr/local/games:/usr/games
USERNAME=luis
LD_LIBRARY_PATH=/home/luis/Programas/idea-IU-135.909/bin:
SHELL=/bin/bash
DISPLAY=:0.0

Signal Handlers:
SIGSEGV: [libjvm.so+0xa2fc90], sa_mask[0]=0x7ffbfeff, sa_flags=0x10000004
SIGBUS: [libjvm.so+0xa2fc90], sa_mask[0]=0x7ffbfeff, sa_flags=0x10000004
SIGFPE: [libjvm.so+0x89b4b0], sa_mask[0]=0x7ffbfeff, sa_flags=0x10000004
SIGPIPE: [libjvm.so+0x89b4b0], sa_mask[0]=0x7ffbfeff, sa_flags=0x10000004
SIGXFSZ: [libjvm.so+0x89b4b0], sa_mask[0]=0x7ffbfeff, sa_flags=0x10000004
SIGILL: [libjvm.so+0x89b4b0], sa_mask[0]=0x7ffbfeff, sa_flags=0x10000004
SIGUSR1: SIG_DFL, sa_mask[0]=0x00000000, sa_flags=0x00000000
SIGUSR2: [libjvm.so+0x89cc50], sa_mask[0]=0x00000004, sa_flags=0x10000004
SIGHUP: [libjvm.so+0x89df00], sa_mask[0]=0x7ffbfeff, sa_flags=0x10000004
SIGINT: [libjvm.so+0x89df00], sa_mask[0]=0x7ffbfeff, sa_flags=0x10000004
SIGTERM: [libjvm.so+0x89df00], sa_mask[0]=0x7ffbfeff, sa_flags=0x10000004
SIGQUIT: [libjvm.so+0x89df00], sa_mask[0]=0x7ffbfeff, sa_flags=0x10000004


---------------  S Y S T E M  ---------------

OS:PRETTY_NAME="Debian GNU/Linux 7 (wheezy)"
NAME="Debian GNU/Linux"
VERSION_ID="7"
VERSION="7 (wheezy)"
ID=debian
ANSI_COLOR="1;31"
HOME_URL="http://www.debian.org/"
SUPPORT_URL="http://www.debian.org/support/"
BUG_REPORT_URL="http://bugs.debian.org/"

uname:Linux 3.2.0-4-amd64 #1 SMP Debian 3.2.57-3+deb7u2 x86_64
libc:glibc 2.13 NPTL 2.13 
rlimit: STACK 8192k, CORE 0k, NPROC 62956, NOFILE 4096, AS infinity
load average:2,57 1,42 0,91

/proc/meminfo:
MemTotal:        8070604 kB
MemFree:         4126292 kB
Buffers:           90468 kB
Cached:          1305352 kB
SwapCached:            0 kB
Active:          2942640 kB
Inactive:         819624 kB
Active(anon):    2367172 kB
Inactive(anon):    93696 kB
Active(file):     575468 kB
Inactive(file):   725928 kB
Unevictable:           0 kB
Mlocked:               0 kB
SwapTotal:       8260604 kB
SwapFree:        8260604 kB
Dirty:             15948 kB
Writeback:             0 kB
AnonPages:       2366700 kB
Mapped:           165836 kB
Shmem:             94420 kB
Slab:             114112 kB
SReclaimable:      87372 kB
SUnreclaim:        26740 kB
KernelStack:        3664 kB
PageTables:        23940 kB
NFS_Unstable:          0 kB
Bounce:                0 kB
WritebackTmp:          0 kB
CommitLimit:    12295904 kB
Committed_AS:    4331520 kB
VmallocTotal:   34359738367 kB
VmallocUsed:      450992 kB
VmallocChunk:   34359279692 kB
HardwareCorrupted:     0 kB
AnonHugePages:         0 kB
HugePages_Total:       0
HugePages_Free:        0
HugePages_Rsvd:        0
HugePages_Surp:        0
Hugepagesize:       2048 kB
DirectMap4k:       77824 kB
DirectMap2M:     8261632 kB


CPU:total 4 (4 cores per cpu, 1 threads per core) family 6 model 58 stepping 9, cmov, cx8, fxsr, mmx, sse, sse2, sse3, ssse3, sse4.1, sse4.2, popcnt, avx, aes, clmul, erms, tsc, tscinvbit

/proc/cpuinfo:
processor	: 0
vendor_id	: GenuineIntel
cpu family	: 6
model		: 58
model name	: Intel(R) Core(TM) i5-3470 CPU @ 3.20GHz
stepping	: 9
microcode	: 0x12
cpu MHz		: 3201.000
cache size	: 6144 KB
physical id	: 0
siblings	: 4
core id		: 0
cpu cores	: 4
apicid		: 0
initial apicid	: 0
fpu		: yes
fpu_exception	: yes
cpuid level	: 13
wp		: yes
flags		: fpu vme de pse tsc msr pae mce cx8 apic sep mtrr pge mca cmov pat pse36 clflush dts acpi mmx fxsr sse sse2 ss ht tm pbe syscall nx rdtscp lm constant_tsc arch_perfmon pebs bts rep_good nopl xtopology nonstop_tsc aperfmperf pni pclmulqdq dtes64 monitor ds_cpl vmx smx est tm2 ssse3 cx16 xtpr pdcm pcid sse4_1 sse4_2 x2apic popcnt tsc_deadline_timer aes xsave avx f16c rdrand lahf_lm ida arat epb xsaveopt pln pts dtherm tpr_shadow vnmi flexpriority ept vpid fsgsbase smep erms
bogomips	: 6386.04
clflush size	: 64
cache_alignment	: 64
address sizes	: 36 bits physical, 48 bits virtual
power management:

processor	: 1
vendor_id	: GenuineIntel
cpu family	: 6
model		: 58
model name	: Intel(R) Core(TM) i5-3470 CPU @ 3.20GHz
stepping	: 9
microcode	: 0x12
cpu MHz		: 3201.000
cache size	: 6144 KB
physical id	: 0
siblings	: 4
core id		: 1
cpu cores	: 4
apicid		: 2
initial apicid	: 2
fpu		: yes
fpu_exception	: yes
cpuid level	: 13
wp		: yes
flags		: fpu vme de pse tsc msr pae mce cx8 apic sep mtrr pge mca cmov pat pse36 clflush dts acpi mmx fxsr sse sse2 ss ht tm pbe syscall nx rdtscp lm constant_tsc arch_perfmon pebs bts rep_good nopl xtopology nonstop_tsc aperfmperf pni pclmulqdq dtes64 monitor ds_cpl vmx smx est tm2 ssse3 cx16 xtpr pdcm pcid sse4_1 sse4_2 x2apic popcnt tsc_deadline_timer aes xsave avx f16c rdrand lahf_lm ida arat epb xsaveopt pln pts dtherm tpr_shadow vnmi flexpriority ept vpid fsgsbase smep erms
bogomips	: 6385.44
clflush size	: 64
cache_alignment	: 64
address sizes	: 36 bits physical, 48 bits virtual
power management:

processor	: 2
vendor_id	: GenuineIntel
cpu family	: 6
model		: 58
model name	: Intel(R) Core(TM) i5-3470 CPU @ 3.20GHz
stepping	: 9
microcode	: 0x12
cpu MHz		: 1600.000
cache size	: 6144 KB
physical id	: 0
siblings	: 4
core id		: 2
cpu cores	: 4
apicid		: 4
initial apicid	: 4
fpu		: yes
fpu_exception	: yes
cpuid level	: 13
wp		: yes
flags		: fpu vme de pse tsc msr pae mce cx8 apic sep mtrr pge mca cmov pat pse36 clflush dts acpi mmx fxsr sse sse2 ss ht tm pbe syscall nx rdtscp lm constant_tsc arch_perfmon pebs bts rep_good nopl xtopology nonstop_tsc aperfmperf pni pclmulqdq dtes64 monitor ds_cpl vmx smx est tm2 ssse3 cx16 xtpr pdcm pcid sse4_1 sse4_2 x2apic popcnt tsc_deadline_timer aes xsave avx f16c rdrand lahf_lm ida arat epb xsaveopt pln pts dtherm tpr_shadow vnmi flexpriority ept vpid fsgsbase smep erms
bogomips	: 6385.45
clflush size	: 64
cache_alignment	: 64
address sizes	: 36 bits physical, 48 bits virtual
power management:

processor	: 3
vendor_id	: GenuineIntel
cpu family	: 6
model		: 58
model name	: Intel(R) Core(TM) i5-3470 CPU @ 3.20GHz
stepping	: 9
microcode	: 0x12
cpu MHz		: 3201.000
cache size	: 6144 KB
physical id	: 0
siblings	: 4
core id		: 3
cpu cores	: 4
apicid		: 6
initial apicid	: 6
fpu		: yes
fpu_exception	: yes
cpuid level	: 13
wp		: yes
flags		: fpu vme de pse tsc msr pae mce cx8 apic sep mtrr pge mca cmov pat pse36 clflush dts acpi mmx fxsr sse sse2 ss ht tm pbe syscall nx rdtscp lm constant_tsc arch_perfmon pebs bts rep_good nopl xtopology nonstop_tsc aperfmperf pni pclmulqdq dtes64 monitor ds_cpl vmx smx est tm2 ssse3 cx16 xtpr pdcm pcid sse4_1 sse4_2 x2apic popcnt tsc_deadline_timer aes xsave avx f16c rdrand lahf_lm ida arat epb xsaveopt pln pts dtherm tpr_shadow vnmi flexpriority ept vpid fsgsbase smep erms
bogomips	: 6385.45
clflush size	: 64
cache_alignment	: 64
address sizes	: 36 bits physical, 48 bits virtual
power management:



Memory: 4k page, physical 8070604k(4126292k free), swap 8260604k(8260604k free)

vm_info: Java HotSpot(TM) 64-Bit Server VM (25.5-b02) for linux-amd64 JRE (1.8.0_05-b13), built on Mar 18 2014 00:29:27 by "java_re" with gcc 4.3.0 20080428 (Red Hat 4.3.0-8)

time: Fri Jul  4 10:39:59 2014
elapsed time: 11 seconds

