#
# A fatal error has been detected by the Java Runtime Environment:
#
#  SIGSEGV (0xb) at pc=0x00007fd57372fb2c, pid=5493, tid=140554393413376
#
# JRE version: Java(TM) SE Runtime Environment (8.0_05-b13) (build 1.8.0_05-b13)
# Java VM: Java HotSpot(TM) 64-Bit Server VM (25.5-b02 mixed mode linux-amd64 compressed oops)
# Problematic frame:
# V  [libjvm.so+0x304b2c]  OopFlow::build_oop_map(Node*, int, PhaseRegAlloc*, int*)+0x14c
#
# Failed to write core dump. Core dumps have been disabled. To enable core dumping, try "ulimit -c unlimited" before starting Java again
#
# If you would like to submit a bug report, please visit:
#   http://bugreport.sun.com/bugreport/crash.jsp
#

---------------  T H R E A D  ---------------

Current thread (0x000000000204f800):  JavaThread "C2 CompilerThread0" daemon [_thread_in_native, id=5505, stack(0x00007fd55ea0e000,0x00007fd55eb0f000)]

siginfo:si_signo=SIGSEGV: si_errno=0, si_code=1 (SEGV_MAPERR), si_addr=0x0000000000000000

Registers:
RAX=0x00000000048c92e8, RBX=0x0000000000000000, RCX=0x0000000000000008, RDX=0x00000000048c99c0
RSP=0x00007fd55eb0a4e0, RBP=0x00007fd55eb0a560, RSI=0x00000000000000db, RDI=0x00000000048c99f0
R8 =0x0000000003162400, R9 =0x0000000000000013, R10=0x0000000000000000, R11=0x0000000000000000
R12=0x00000000000000c0, R13=0x0000000000000180, R14=0x00000000000000b8, R15=0x0000000002bac1d8
RIP=0x00007fd57372fb2c, EFLAGS=0x0000000000010246, CSGSFS=0x0000000000000033, ERR=0x0000000000000004
  TRAPNO=0x000000000000000e

Top of Stack: (sp=0x00007fd55eb0a4e0)
0x00007fd55eb0a4e0:   0000000003161a20 0000000000000400
0x00007fd55eb0a4f0:   0000000003162400 00007fd55eb0bd90
0x00007fd55eb0a500:   000000da0315db90 0000000002bac1d8
0x00007fd55eb0a510:   00000000048c99c0 0000001c73938a56
0x00007fd55eb0a520:   00000000048c99f0 00000000035f6320
0x00007fd55eb0a530:   0000000800000040 0000000002bac1d8
0x00007fd55eb0a540:   00000000048c99c0 0000000000000012
0x00007fd55eb0a550:   0000000000000013 0000000000000013
0x00007fd55eb0a560:   00007fd55eb0a5d0 00007fd57373010a
0x00007fd55eb0a570:   00007fd55eb0a5d0 00007fd50000ffff
0x00007fd55eb0a580:   00007fd500000004 000000000315db90
0x00007fd55eb0a590:   000000da5eb0a5d0 00007fd55eb0bd90
0x00007fd55eb0a5a0:   0000000902babd18 0000000000000000
0x00007fd55eb0a5b0:   0000000002a00ff8 0000000000000000
0x00007fd55eb0a5c0:   00000000048c6460 0000000002a009c8
0x00007fd55eb0a5d0:   00007fd55eb0a710 00007fd57373129d
0x00007fd55eb0a5e0:   00007fd55eb0a620 00007fd559725090
0x00007fd55eb0a5f0:   00007fd55eb0a6b0 0000000000000018
0x00007fd55eb0a600:   000000000000001c 000000070f000000
0x00007fd55eb0a610:   0000000100000004 00007fd55eb0a6d8
0x00007fd55eb0a620:   00007fd55eb0a6d0 00007fd55eb0a6b0
0x00007fd55eb0a630:   00007fd55eb0a6b0 00007fd55eb0a6b0
0x00007fd55eb0a640:   00007fd55eb0cc00 0000000000000007
0x00007fd55eb0a650:   00007fd55eb0bec0 00000007000000da
0x00007fd55eb0a660:   000000000315db90 0000000002050390
0x00007fd55eb0a670:   00000000000000da ffffffff0315a900
0x00007fd55eb0a680:   0000000002a01878 0000000002babd18
0x00007fd55eb0a690:   000000000315dcc0 0000000000000020
0x00007fd55eb0a6a0:   ffffffffffffffdf 00007fd55eb0bd90
0x00007fd55eb0a6b0:   00007fd500000080 0000000002050390
0x00007fd55eb0a6c0:   00000000031602a0 00007fd500000004
0x00007fd55eb0a6d0:   0000000000000014 0000000000000000 

Instructions: (pc=0x00007fd57372fb2c)
0x00007fd57372fb0c:   44 39 e2 0f 8e bb 00 00 00 48 8b 05 fc 90 ba 00
0x00007fd57372fb1c:   4e 8b 34 a8 48 8b 55 b0 48 8b 42 08 4a 8b 1c a8
0x00007fd57372fb2c:   48 8b 03 48 89 df ff 50 28 8b 48 10 48 89 c6 48
0x00007fd57372fb3c:   8b 15 de a9 ba 00 48 63 c1 48 8d 44 00 01 48 c1 

Register to memory mapping:

RAX=0x00000000048c92e8 is an unknown value
RBX=0x0000000000000000 is an unknown value
RCX=0x0000000000000008 is an unknown value
RDX=0x00000000048c99c0 is an unknown value
RSP=0x00007fd55eb0a4e0 is pointing into the stack for thread: 0x000000000204f800
RBP=0x00007fd55eb0a560 is pointing into the stack for thread: 0x000000000204f800
RSI=0x00000000000000db is an unknown value
RDI=0x00000000048c99f0 is an unknown value
R8 =0x0000000003162400 is an unknown value
R9 =0x0000000000000013 is an unknown value
R10=0x0000000000000000 is an unknown value
R11=0x0000000000000000 is an unknown value
R12=0x00000000000000c0 is an unknown value
R13=0x0000000000000180 is an unknown value
R14=0x00000000000000b8 is an unknown value
R15=0x0000000002bac1d8 is an unknown value


Stack: [0x00007fd55ea0e000,0x00007fd55eb0f000],  sp=0x00007fd55eb0a4e0,  free space=1009k
Native frames: (J=compiled Java code, j=interpreted, Vv=VM code, C=native code)
V  [libjvm.so+0x304b2c]  OopFlow::build_oop_map(Node*, int, PhaseRegAlloc*, int*)+0x14c
V  [libjvm.so+0x30510a]  OopFlow::compute_reach(PhaseRegAlloc*, int, Dict*)+0x22a
V  [libjvm.so+0x30629d]  Compile::BuildOopMaps()+0xffd
V  [libjvm.so+0x8b4b8d]  Compile::Output()+0x6dd
V  [libjvm.so+0x45e05a]  Compile::Code_Gen()+0x30a
V  [libjvm.so+0x4612c5]  Compile::Compile(ciEnv*, C2Compiler*, ciMethod*, int, bool, bool, bool)+0x1435
V  [libjvm.so+0x3b5008]  C2Compiler::compile_method(ciEnv*, ciMethod*, int)+0x198
V  [libjvm.so+0x46982a]  CompileBroker::invoke_compiler_on_method(CompileTask*)+0xc8a
V  [libjvm.so+0x46c230]  CompileBroker::compiler_thread_loop()+0x620
V  [libjvm.so+0x9e303f]  JavaThread::thread_main_inner()+0xdf
V  [libjvm.so+0x9e3205]  JavaThread::run()+0x1b5
V  [libjvm.so+0x8a00c8]  java_start(Thread*)+0x108


Current CompileTask:
C2:   9009 4758       4       groovy.lang.MetaClassImpl::findPropertyMethod (356 bytes)


---------------  P R O C E S S  ---------------

Java Threads: ( => current thread )
  0x0000000003626800 JavaThread "net.sf.ehcache.CacheManager@b545369" daemon [_thread_blocked, id=5525, stack(0x00007fd556dfe000,0x00007fd556eff000)]
  0x00007fd5585e9800 JavaThread "PoolCleaner[1613191256:1403079675672]" daemon [_thread_blocked, id=5524, stack(0x00007fd5574ff000,0x00007fd557600000)]
  0x00007fd558ec2000 JavaThread "FileSystemWatcher: files=#90 cl=groovy.lang.GroovyClassLoader@60275858" daemon [_thread_blocked, id=5523, stack(0x00007fd55c4d8000,0x00007fd55c5d9000)]
  0x00007fd558e7b000 JavaThread "Thread-3" daemon [_thread_in_native, id=5522, stack(0x00007fd55c5ec000,0x00007fd55c6ed000)]
  0x000000000336d800 JavaThread "localhost-startStop-1" daemon [_thread_in_vm, id=5521, stack(0x00007fd55c909000,0x00007fd55ca0a000)]
  0x00007fd558d80800 JavaThread "Tomcat-startStop-1" daemon [_thread_blocked, id=5520, stack(0x00007fd55ca0a000,0x00007fd55cb0b000)]
  0x00000000032f9000 JavaThread "Thread-2" [_thread_in_native, id=5519, stack(0x00007fd55d33b000,0x00007fd55d43c000)]
  0x000000000244a000 JavaThread "NonBlockingInputStreamThread" daemon [_thread_blocked, id=5515, stack(0x00007fd55de97000,0x00007fd55df98000)]
  0x00000000023f5000 JavaThread "process reaper" daemon [_thread_blocked, id=5511, stack(0x00007fd55e5cc000,0x00007fd55e605000)]
  0x00007fd558021000 JavaThread "Service Thread" daemon [_thread_blocked, id=5508, stack(0x00007fd55e70b000,0x00007fd55e80c000)]
  0x000000000209d800 JavaThread "C1 CompilerThread2" daemon [_thread_in_vm, id=5507, stack(0x00007fd55e80c000,0x00007fd55e90d000)]
  0x0000000002048800 JavaThread "C2 CompilerThread1" daemon [_thread_in_native, id=5506, stack(0x00007fd55e90d000,0x00007fd55ea0e000)]
=>0x000000000204f800 JavaThread "C2 CompilerThread0" daemon [_thread_in_native, id=5505, stack(0x00007fd55ea0e000,0x00007fd55eb0f000)]
  0x0000000001f5b800 JavaThread "Signal Dispatcher" daemon [_thread_blocked, id=5504, stack(0x00007fd55ec14000,0x00007fd55ed15000)]
  0x0000000001f2b800 JavaThread "Finalizer" daemon [_thread_blocked, id=5503, stack(0x00007fd55ee8c000,0x00007fd55ef8d000)]
  0x0000000001f22000 JavaThread "Reference Handler" daemon [_thread_blocked, id=5502, stack(0x00007fd55ef8d000,0x00007fd55f08e000)]
  0x0000000001dec800 JavaThread "main" [_thread_blocked, id=5496, stack(0x00007fd574e16000,0x00007fd574f17000)]

Other Threads:
  0x0000000001f1d000 VMThread [stack: 0x00007fd55f08e000,0x00007fd55f18f000] [id=5501]
  0x00007fd558023800 WatcherThread [stack: 0x00007fd55e60a000,0x00007fd55e70b000] [id=5509]

VM state:not at safepoint (normal execution)

VM Mutex/Monitor currently owned by a thread:  ([mutex/lock_event])
[0x0000000001de5cb0] CodeCache_lock - owner thread: 0x0000000000000000

Heap:
 PSYoungGen      total 230400K, used 32045K [0x00000000f0000000, 0x0000000100000000, 0x0000000100000000)
  eden space 200704K, 1% used [0x00000000f0000000,0x00000000f0264a10,0x00000000fc400000)
  from space 29696K, 99% used [0x00000000fc400000,0x00000000fe0e6a58,0x00000000fe100000)
  to   space 31744K, 0% used [0x00000000fe100000,0x00000000fe100000,0x0000000100000000)
 ParOldGen       total 71168K, used 57969K [0x00000000d0000000, 0x00000000d4580000, 0x00000000f0000000)
  object space 71168K, 81% used [0x00000000d0000000,0x00000000d389c7c8,0x00000000d4580000)
 Metaspace       used 54738K, capacity 56120K, committed 56444K, reserved 1099776K
  class space    used 6303K, capacity 6699K, committed 6784K, reserved 1048576K

Card table byte_map: [0x00007fd5629c8000,0x00007fd562b49000] byte_map_base: 0x00007fd562348000

Marking Bits: (ParMarkBitMap*) 0x00007fd574323cc0
 Begin Bits: [0x00007fd560cc4000, 0x00007fd5618c4000)
 End Bits:   [0x00007fd5618c4000, 0x00007fd5624c4000)

Polling page: 0x00007fd574f2c000

CodeCache: size=245760Kb used=15752Kb max_used=15825Kb free=230007Kb
 bounds [0x00007fd562f09000, 0x00007fd563e89000, 0x00007fd571f09000]
 total_blobs=5201 nmethods=4462 adapters=650
 compilation: enabled

Compilation events (10 events):
Event: 8,984 Thread 0x000000000209d800 4799 %     3       org.codehaus.groovy.runtime.MetaClassHelper::unwrap @ 2 (36 bytes)
Event: 8,984 Thread 0x000000000209d800 nmethod 4799% 0x00007fd563e72fd0 code [0x00007fd563e73160, 0x00007fd563e737c8]
Event: 8,984 Thread 0x000000000209d800 4800       3       org.codehaus.groovy.runtime.MetaClassHelper::unwrap (36 bytes)
Event: 8,985 Thread 0x000000000209d800 nmethod 4800 0x00007fd563e72650 code [0x00007fd563e727e0, 0x00007fd563e72e08]
Event: 8,986 Thread 0x000000000204f800 nmethod 4767 0x00007fd563e80b10 code [0x00007fd563e81020, 0x00007fd563e83b90]
Event: 8,987 Thread 0x000000000204f800 4758       4       groovy.lang.MetaClassImpl::findPropertyMethod (356 bytes)
Event: 8,989 Thread 0x000000000209d800 4802 %     3       org.codehaus.groovy.runtime.MetaClassHelper::sameClasses @ 14 (48 bytes)
Event: 8,989 Thread 0x000000000209d800 nmethod 4802% 0x00007fd5631bf3d0 code [0x00007fd5631bf580, 0x00007fd5631bfc10]
Event: 8,998 Thread 0x000000000209d800 4803       3       org.codehaus.groovy.runtime.MetaClassHelper::sameClasses (48 bytes)
Event: 8,998 Thread 0x000000000209d800 nmethod 4803 0x00007fd563396bd0 code [0x00007fd563396d60, 0x00007fd563397370]

GC Heap History (10 events):
Event: 7,128 GC heap before
{Heap before GC invocations=62 (full 5):
 PSYoungGen      total 229376K, used 198656K [0x00000000f0000000, 0x00000000fff00000, 0x0000000100000000)
  eden space 198656K, 100% used [0x00000000f0000000,0x00000000fc200000,0x00000000fc200000)
  from space 30720K, 0% used [0x00000000fe100000,0x00000000fe100000,0x00000000fff00000)
  to   space 31232K, 0% used [0x00000000fc200000,0x00000000fc200000,0x00000000fe080000)
 ParOldGen       total 71168K, used 57929K [0x00000000d0000000, 0x00000000d4580000, 0x00000000f0000000)
  object space 71168K, 81% used [0x00000000d0000000,0x00000000d38927c8,0x00000000d4580000)
 Metaspace       used 48665K, capacity 49924K, committed 50300K, reserved 1093632K
  class space    used 5514K, capacity 5931K, committed 6016K, reserved 1048576K
Event: 7,132 GC heap after
Heap after GC invocations=62 (full 5):
 PSYoungGen      total 229888K, used 2262K [0x00000000f0000000, 0x0000000100000000, 0x0000000100000000)
  eden space 198656K, 0% used [0x00000000f0000000,0x00000000f0000000,0x00000000fc200000)
  from space 31232K, 7% used [0x00000000fc200000,0x00000000fc435a68,0x00000000fe080000)
  to   space 31232K, 0% used [0x00000000fe180000,0x00000000fe180000,0x0000000100000000)
 ParOldGen       total 71168K, used 57937K [0x00000000d0000000, 0x00000000d4580000, 0x00000000f0000000)
  object space 71168K, 81% used [0x00000000d0000000,0x00000000d38947c8,0x00000000d4580000)
 Metaspace       used 48665K, capacity 49924K, committed 50300K, reserved 1093632K
  class space    used 5514K, capacity 5931K, committed 6016K, reserved 1048576K
}
Event: 7,450 GC heap before
{Heap before GC invocations=63 (full 5):
 PSYoungGen      total 229888K, used 200918K [0x00000000f0000000, 0x0000000100000000, 0x0000000100000000)
  eden space 198656K, 100% used [0x00000000f0000000,0x00000000fc200000,0x00000000fc200000)
  from space 31232K, 7% used [0x00000000fc200000,0x00000000fc435a68,0x00000000fe080000)
  to   space 31232K, 0% used [0x00000000fe180000,0x00000000fe180000,0x0000000100000000)
 ParOldGen       total 71168K, used 57937K [0x00000000d0000000, 0x00000000d4580000, 0x00000000f0000000)
  object space 71168K, 81% used [0x00000000d0000000,0x00000000d38947c8,0x00000000d4580000)
 Metaspace       used 50187K, capacity 51402K, committed 51708K, reserved 1095680K
  class space    used 5734K, capacity 6124K, committed 6144K, reserved 1048576K
Event: 7,458 GC heap after
Heap after GC invocations=63 (full 5):
 PSYoungGen      total 228864K, used 5208K [0x00000000f0000000, 0x00000000ffe00000, 0x0000000100000000)
  eden space 199680K, 0% used [0x00000000f0000000,0x00000000f0000000,0x00000000fc300000)
  from space 29184K, 17% used [0x00000000fe180000,0x00000000fe6961e0,0x00000000ffe00000)
  to   space 30208K, 0% used [0x00000000fc300000,0x00000000fc300000,0x00000000fe080000)
 ParOldGen       total 71168K, used 57945K [0x00000000d0000000, 0x00000000d4580000, 0x00000000f0000000)
  object space 71168K, 81% used [0x00000000d0000000,0x00000000d38967c8,0x00000000d4580000)
 Metaspace       used 50187K, capacity 51402K, committed 51708K, reserved 1095680K
  class space    used 5734K, capacity 6124K, committed 6144K, reserved 1048576K
}
Event: 7,909 GC heap before
{Heap before GC invocations=64 (full 5):
 PSYoungGen      total 228864K, used 204888K [0x00000000f0000000, 0x00000000ffe00000, 0x0000000100000000)
  eden space 199680K, 100% used [0x00000000f0000000,0x00000000fc300000,0x00000000fc300000)
  from space 29184K, 17% used [0x00000000fe180000,0x00000000fe6961e0,0x00000000ffe00000)
  to   space 30208K, 0% used [0x00000000fc300000,0x00000000fc300000,0x00000000fe080000)
 ParOldGen       total 71168K, used 57945K [0x00000000d0000000, 0x00000000d4580000, 0x00000000f0000000)
  object space 71168K, 81% used [0x00000000d0000000,0x00000000d38967c8,0x00000000d4580000)
 Metaspace       used 51142K, capacity 52396K, committed 52604K, reserved 1095680K
  class space    used 5848K, capacity 6232K, committed 6272K, reserved 1048576K
Event: 7,920 GC heap after
Heap after GC invocations=64 (full 5):
 PSYoungGen      total 229888K, used 10688K [0x00000000f0000000, 0x00000000ffd00000, 0x0000000100000000)
  eden space 199680K, 0% used [0x00000000f0000000,0x00000000f0000000,0x00000000fc300000)
  from space 30208K, 35% used [0x00000000fc300000,0x00000000fcd70390,0x00000000fe080000)
  to   space 28160K, 0% used [0x00000000fe180000,0x00000000fe180000,0x00000000ffd00000)
 ParOldGen       total 71168K, used 57953K [0x00000000d0000000, 0x00000000d4580000, 0x00000000f0000000)
  object space 71168K, 81% used [0x00000000d0000000,0x00000000d38987c8,0x00000000d4580000)
 Metaspace       used 51142K, capacity 52396K, committed 52604K, reserved 1095680K
  class space    used 5848K, capacity 6232K, committed 6272K, reserved 1048576K
}
Event: 8,478 GC heap before
{Heap before GC invocations=65 (full 5):
 PSYoungGen      total 229888K, used 210368K [0x00000000f0000000, 0x00000000ffd00000, 0x0000000100000000)
  eden space 199680K, 100% used [0x00000000f0000000,0x00000000fc300000,0x00000000fc300000)
  from space 30208K, 35% used [0x00000000fc300000,0x00000000fcd70390,0x00000000fe080000)
  to   space 28160K, 0% used [0x00000000fe180000,0x00000000fe180000,0x00000000ffd00000)
 ParOldGen       total 71168K, used 57953K [0x00000000d0000000, 0x00000000d4580000, 0x00000000f0000000)
  object space 71168K, 81% used [0x00000000d0000000,0x00000000d38987c8,0x00000000d4580000)
 Metaspace       used 52840K, capacity 54214K, committed 54652K, reserved 1097728K
  class space    used 6001K, capacity 6406K, committed 6528K, reserved 1048576K
Event: 8,494 GC heap after
Heap after GC invocations=65 (full 5):
 PSYoungGen      total 228864K, used 20618K [0x00000000f0000000, 0x0000000100000000, 0x0000000100000000)
  eden space 200704K, 0% used [0x00000000f0000000,0x00000000f0000000,0x00000000fc400000)
  from space 28160K, 73% used [0x00000000fe180000,0x00000000ff5a2a60,0x00000000ffd00000)
  to   space 30208K, 0% used [0x00000000fc400000,0x00000000fc400000,0x00000000fe180000)
 ParOldGen       total 71168K, used 57961K [0x00000000d0000000, 0x00000000d4580000, 0x00000000f0000000)
  object space 71168K, 81% used [0x00000000d0000000,0x00000000d389a7c8,0x00000000d4580000)
 Metaspace       used 52840K, capacity 54214K, committed 54652K, reserved 1097728K
  class space    used 6001K, capacity 6406K, committed 6528K, reserved 1048576K
}
Event: 8,961 GC heap before
{Heap before GC invocations=66 (full 5):
 PSYoungGen      total 228864K, used 221322K [0x00000000f0000000, 0x0000000100000000, 0x0000000100000000)
  eden space 200704K, 100% used [0x00000000f0000000,0x00000000fc400000,0x00000000fc400000)
  from space 28160K, 73% used [0x00000000fe180000,0x00000000ff5a2a60,0x00000000ffd00000)
  to   space 30208K, 0% used [0x00000000fc400000,0x00000000fc400000,0x00000000fe180000)
 ParOldGen       total 71168K, used 57961K [0x00000000d0000000, 0x00000000d4580000, 0x00000000f0000000)
  object space 71168K, 81% used [0x00000000d0000000,0x00000000d389a7c8,0x00000000d4580000)
 Metaspace       used 54738K, capacity 56120K, committed 56444K, reserved 1099776K
  class space    used 6303K, capacity 6699K, committed 6784K, reserved 1048576K
Event: 8,983 GC heap after
Heap after GC invocations=66 (full 5):
 PSYoungGen      total 230400K, used 29594K [0x00000000f0000000, 0x0000000100000000, 0x0000000100000000)
  eden space 200704K, 0% used [0x00000000f0000000,0x00000000f0000000,0x00000000fc400000)
  from space 29696K, 99% used [0x00000000fc400000,0x00000000fe0e6a58,0x00000000fe100000)
  to   space 31744K, 0% used [0x00000000fe100000,0x00000000fe100000,0x0000000100000000)
 ParOldGen       total 71168K, used 57969K [0x00000000d0000000, 0x00000000d4580000, 0x00000000f0000000)
  object space 71168K, 81% used [0x00000000d0000000,0x00000000d389c7c8,0x00000000d4580000)
 Metaspace       used 54738K, capacity 56120K, committed 56444K, reserved 1099776K
  class space    used 6303K, capacity 6699K, committed 6784K, reserved 1048576K
}

Deoptimization events (10 events):
Event: 7,747 Thread 0x000000000336d800 Uncommon trap: reason=bimorphic action=maybe_recompile pc=0x00007fd563c6ca58 method=groovy.lang.MetaClassImpl$1MOPIter.methodNameAction(Ljava/lang/Class;Lorg/codehaus/groovy/runtime/metaclass/MetaMethodIndex$Entry;)V @ 62
Event: 7,747 Thread 0x000000000336d800 Uncommon trap: reason=bimorphic action=maybe_recompile pc=0x00007fd563c6ca58 method=groovy.lang.MetaClassImpl$1MOPIter.methodNameAction(Ljava/lang/Class;Lorg/codehaus/groovy/runtime/metaclass/MetaMethodIndex$Entry;)V @ 62
Event: 7,964 Thread 0x000000000336d800 Uncommon trap: reason=array_check action=maybe_recompile pc=0x00007fd563ce88f8 method=java.util.AbstractCollection.toArray([Ljava/lang/Object;)[Ljava/lang/Object; @ 119
Event: 7,964 Thread 0x000000000336d800 Uncommon trap: reason=array_check action=maybe_recompile pc=0x00007fd563ce88f8 method=java.util.AbstractCollection.toArray([Ljava/lang/Object;)[Ljava/lang/Object; @ 119
Event: 7,967 Thread 0x000000000336d800 Uncommon trap: reason=array_check action=maybe_recompile pc=0x00007fd563ce88f8 method=java.util.AbstractCollection.toArray([Ljava/lang/Object;)[Ljava/lang/Object; @ 119
Event: 7,967 Thread 0x000000000336d800 Uncommon trap: reason=array_check action=maybe_recompile pc=0x00007fd563ce88f8 method=java.util.AbstractCollection.toArray([Ljava/lang/Object;)[Ljava/lang/Object; @ 119
Event: 7,984 Thread 0x000000000336d800 Uncommon trap: reason=class_check action=maybe_recompile pc=0x00007fd5632e315c method=java.lang.reflect.Executable.getAnnotation(Ljava/lang/Class;)Ljava/lang/annotation/Annotation; @ 19
Event: 8,425 Thread 0x000000000336d800 Uncommon trap: reason=class_check action=maybe_recompile pc=0x00007fd5632e315c method=java.lang.reflect.Executable.getAnnotation(Ljava/lang/Class;)Ljava/lang/annotation/Annotation; @ 19
Event: 8,640 Thread 0x000000000336d800 Uncommon trap: reason=class_check action=maybe_recompile pc=0x00007fd5632e315c method=java.lang.reflect.Executable.getAnnotation(Ljava/lang/Class;)Ljava/lang/annotation/Annotation; @ 19
Event: 8,868 Thread 0x000000000336d800 Uncommon trap: reason=class_check action=maybe_recompile pc=0x00007fd5632e315c method=java.lang.reflect.Executable.getAnnotation(Ljava/lang/Class;)Ljava/lang/annotation/Annotation; @ 19

Internal exceptions (10 events):
Event: 8,945 Thread 0x000000000336d800 Exception <a 'java/security/PrivilegedActionException'> (0x00000000fc24b358) thrown at [/HUDSON/workspace/8-2-build-linux-amd64/jdk8u5/2488/hotspot/src/share/vm/prims/jvm.cpp, line 1248]
Event: 8,945 Thread 0x000000000336d800 Exception <a 'java/lang/ClassNotFoundException': org/codehaus/groovy/grails/web/util/TagLibraryMetaUtils$_registerPropertyMissingForTag_closure6BeanInfo> (0x00000000fc24c2d8) thrown at [/HUDSON/workspace/8-2-build-linux-amd64/jdk8u5/2488/hotspot/src/share
Event: 8,945 Thread 0x000000000336d800 Exception <a 'java/security/PrivilegedActionException'> (0x00000000fc24d8e0) thrown at [/HUDSON/workspace/8-2-build-linux-amd64/jdk8u5/2488/hotspot/src/share/vm/prims/jvm.cpp, line 1248]
Event: 8,945 Thread 0x000000000336d800 Exception <a 'java/security/PrivilegedActionException'> (0x00000000fc253858) thrown at [/HUDSON/workspace/8-2-build-linux-amd64/jdk8u5/2488/hotspot/src/share/vm/prims/jvm.cpp, line 1248]
Event: 8,945 Thread 0x000000000336d800 Exception <a 'java/security/PrivilegedActionException'> (0x00000000fc26abd0) thrown at [/HUDSON/workspace/8-2-build-linux-amd64/jdk8u5/2488/hotspot/src/share/vm/prims/jvm.cpp, line 1248]
Event: 8,945 Thread 0x000000000336d800 Exception <a 'java/security/PrivilegedActionException'> (0x00000000fc287ec0) thrown at [/HUDSON/workspace/8-2-build-linux-amd64/jdk8u5/2488/hotspot/src/share/vm/prims/jvm.cpp, line 1248]
Event: 8,945 Thread 0x000000000336d800 Exception <a 'java/security/PrivilegedActionException'> (0x00000000fc28de38) thrown at [/HUDSON/workspace/8-2-build-linux-amd64/jdk8u5/2488/hotspot/src/share/vm/prims/jvm.cpp, line 1248]
Event: 8,945 Thread 0x000000000336d800 Exception <a 'java/security/PrivilegedActionException'> (0x00000000fc2a51b0) thrown at [/HUDSON/workspace/8-2-build-linux-amd64/jdk8u5/2488/hotspot/src/share/vm/prims/jvm.cpp, line 1248]
Event: 8,946 Thread 0x000000000336d800 Exception <a 'java/security/PrivilegedActionException'> (0x00000000fc2d8640) thrown at [/HUDSON/workspace/8-2-build-linux-amd64/jdk8u5/2488/hotspot/src/share/vm/prims/jvm.cpp, line 1248]
Event: 8,946 Thread 0x000000000336d800 Exception <a 'java/lang/ClassNotFoundException': org/codehaus/groovy/grails/web/util/TagLibraryMetaUtils$_registerPropertyMissingForTag_closure6Customizer> (0x00000000fc2d95c8) thrown at [/HUDSON/workspace/8-2-build-linux-amd64/jdk8u5/2488/hotspot/src/sha

Events (10 events):
Event: 8,986 Thread 0x000000000204f800 flushing nmethod 0x00007fd5631aac50
Event: 8,986 Thread 0x000000000204f800 flushing nmethod 0x00007fd5631beb90
Event: 8,986 Thread 0x000000000204f800 flushing nmethod 0x00007fd5632cd650
Event: 8,989 Thread 0x000000000209d800 flushing nmethod 0x00007fd563396390
Event: 8,989 Thread 0x000000000209d800 flushing nmethod 0x00007fd56339c950
Event: 8,997 Thread 0x000000000336d800 DEOPT PACKING pc=0x00007fd56319b11b sp=0x00007fd55ca05870
Event: 8,997 Thread 0x000000000336d800 DEOPT UNPACKING pc=0x00007fd562f5041a sp=0x00007fd55ca055f8 mode 0
Event: 8,998 Thread 0x000000000209d800 flushing nmethod 0x00007fd5633df9d0
Event: 8,998 Thread 0x000000000209d800 flushing nmethod 0x00007fd56340d010
Event: 8,998 Thread 0x000000000209d800 flushing nmethod 0x00007fd563435490


Dynamic libraries:
00400000-00401000 r-xp 00000000 08:02 2228742                            /usr/lib/jvm/java-8-oracle/bin/java
00600000-00601000 rw-p 00000000 08:02 2228742                            /usr/lib/jvm/java-8-oracle/bin/java
01dde000-04cce000 rw-p 00000000 00:00 0                                  [heap]
d0000000-d4580000 rw-p 00000000 00:00 0 
d4580000-f0000000 ---p 00000000 00:00 0 
f0000000-100000000 rw-p 00000000 00:00 0 
100000000-1006a0000 rw-p 00000000 00:00 0 
1006a0000-140000000 ---p 00000000 00:00 0 
7fd5564fd000-7fd55657d000 rw-p 00000000 00:00 0 
7fd55657d000-7fd5566fd000 ---p 00000000 00:00 0 
7fd5566fd000-7fd5568fd000 rw-p 00000000 00:00 0 
7fd5568fd000-7fd556afd000 rw-p 00000000 00:00 0 
7fd556afd000-7fd556b00000 ---p 00000000 00:00 0 
7fd556b00000-7fd556dfe000 rw-p 00000000 00:00 0 
7fd556dfe000-7fd556e01000 ---p 00000000 00:00 0 
7fd556e01000-7fd5570ff000 rw-p 00000000 00:00 0 
7fd5570ff000-7fd5572ff000 rw-p 00000000 00:00 0 
7fd5572ff000-7fd5574ff000 rw-p 00000000 00:00 0 
7fd5574ff000-7fd557502000 ---p 00000000 00:00 0 
7fd557502000-7fd557800000 rw-p 00000000 00:00 0 
7fd557800000-7fd557a00000 rw-p 00000000 00:00 0 
7fd557a00000-7fd557c00000 rw-p 00000000 00:00 0 
7fd557c00000-7fd557e00000 rw-p 00000000 00:00 0 
7fd557e00000-7fd557fff000 rw-p 00000000 00:00 0 
7fd557fff000-7fd558000000 ---p 00000000 00:00 0 
7fd558000000-7fd55a332000 rw-p 00000000 00:00 0 
7fd55a332000-7fd55c000000 ---p 00000000 00:00 0 
7fd55c0d2000-7fd55c0d8000 r--s 002f7000 08:02 2228554                    /usr/lib/jvm/java-8-oracle/jre/lib/charsets.jar
7fd55c0d8000-7fd55c2d8000 rw-p 00000000 00:00 0 
7fd55c2d8000-7fd55c4d8000 rw-p 00000000 00:00 0 
7fd55c4d8000-7fd55c4db000 ---p 00000000 00:00 0 
7fd55c4db000-7fd55c5d9000 rw-p 00000000 00:00 0 
7fd55c5d9000-7fd55c5ec000 r--s 00345000 08:02 2228592                    /usr/lib/jvm/java-8-oracle/jre/lib/resources.jar
7fd55c5ec000-7fd55c5ef000 ---p 00000000 00:00 0 
7fd55c5ef000-7fd55c8ed000 rw-p 00000000 00:00 0 
7fd55c8ed000-7fd55c909000 r--s 00393000 08:02 2228454                    /usr/lib/jvm/java-8-oracle/jre/lib/ext/cldrdata.jar
7fd55c909000-7fd55c90c000 ---p 00000000 00:00 0 
7fd55c90c000-7fd55ca0a000 rw-p 00000000 00:00 0 
7fd55ca0a000-7fd55ca0d000 ---p 00000000 00:00 0 
7fd55ca0d000-7fd55cb0b000 rw-p 00000000 00:00 0 
7fd55cb0b000-7fd55cb1b000 r-xp 00000000 08:02 2228502                    /usr/lib/jvm/java-8-oracle/jre/lib/amd64/libnio.so
7fd55cb1b000-7fd55cd1b000 ---p 00010000 08:02 2228502                    /usr/lib/jvm/java-8-oracle/jre/lib/amd64/libnio.so
7fd55cd1b000-7fd55cd1c000 rw-p 00010000 08:02 2228502                    /usr/lib/jvm/java-8-oracle/jre/lib/amd64/libnio.so
7fd55cd1c000-7fd55cf1c000 rw-p 00000000 00:00 0 
7fd55cf1c000-7fd55cf24000 r-xp 00000000 08:02 2228513                    /usr/lib/jvm/java-8-oracle/jre/lib/amd64/libmanagement.so
7fd55cf24000-7fd55d124000 ---p 00008000 08:02 2228513                    /usr/lib/jvm/java-8-oracle/jre/lib/amd64/libmanagement.so
7fd55d124000-7fd55d125000 rw-p 00008000 08:02 2228513                    /usr/lib/jvm/java-8-oracle/jre/lib/amd64/libmanagement.so
7fd55d125000-7fd55d13b000 r-xp 00000000 08:02 2228479                    /usr/lib/jvm/java-8-oracle/jre/lib/amd64/libnet.so
7fd55d13b000-7fd55d33a000 ---p 00016000 08:02 2228479                    /usr/lib/jvm/java-8-oracle/jre/lib/amd64/libnet.so
7fd55d33a000-7fd55d33b000 rw-p 00015000 08:02 2228479                    /usr/lib/jvm/java-8-oracle/jre/lib/amd64/libnet.so
7fd55d33b000-7fd55d33e000 ---p 00000000 00:00 0 
7fd55d33e000-7fd55d43c000 rw-p 00000000 00:00 0 
7fd55d43c000-7fd55d43f000 r--s 00012000 08:02 33162464                   /home/luis/.m2/repository/javax/servlet/javax.servlet-api/3.0.1/javax.servlet-api-3.0.1.jar
7fd55d43f000-7fd55d444000 r--s 00040000 08:02 33161667                   /home/luis/.m2/repository/org/grails/grails-project-api/2.4.0/grails-project-api-2.4.0.jar
7fd55d444000-7fd55d455000 r--s 000d2000 08:02 33162674                   /home/luis/.m2/repository/org/liquibase/liquibase-core/2.0.5/liquibase-core-2.0.5.jar
7fd55d455000-7fd55d459000 r--s 0000c000 08:02 33162673                   /home/luis/.m2/repository/javax/validation/validation-api/1.1.0.Final/validation-api-1.1.0.Final.jar
7fd55d459000-7fd55d45f000 r--s 0004c000 08:02 33162670                   /home/luis/.m2/repository/org/grails/grails-datastore-simple/3.1.0.RELEASE/grails-datastore-simple-3.1.0.RELEASE.jar
7fd55d45f000-7fd55d464000 r--s 00048000 08:02 33162669                   /home/luis/.m2/repository/dom4j/dom4j/1.6.1/dom4j-1.6.1.jar
7fd55d464000-7fd55d466000 r--s 0000a000 08:02 33162666                   /home/luis/.m2/repository/org/grails/grails-datastore-gorm-plugin-support/3.1.0.RELEASE/grails-datastore-gorm-plugin-support-3.1.0.RELEASE.jar
7fd55d466000-7fd55d46c000 r--s 00041000 08:02 33162664                   /home/luis/.m2/repository/org/grails/grails-datastore-gorm-hibernate-core/3.1.0.RELEASE/grails-datastore-gorm-hibernate-core-3.1.0.RELEASE.jar
7fd55d46c000-7fd55d46f000 r--s 00010000 08:02 33162662                   /home/luis/.m2/repository/org/hibernate/common/hibernate-commons-annotations/4.0.4.Final/hibernate-commons-annotations-4.0.4.Final.jar
7fd55d46f000-7fd55d477000 r--s 00064000 08:02 33162660                   /home/luis/.m2/repository/org/grails/grails-datastore-gorm-hibernate4/3.1.0.RELEASE/grails-datastore-gorm-hibernate4-3.1.0.RELEASE.jar
7fd55d477000-7fd55d480000 r--s 00081000 08:02 33162658                   /home/luis/.m2/repository/org/grails/grails-datastore-gorm/3.1.0.RELEASE/grails-datastore-gorm-3.1.0.RELEASE.jar
7fd55d480000-7fd55d481000 r--s 00003000 08:02 33162656                   /home/luis/.m2/repository/javax/transaction/jta/1.1/jta-1.1.jar
7fd55d481000-7fd55d48a000 r--s 000a5000 08:02 33162655                   /home/luis/.m2/repository/org/javassist/javassist/3.17.1-GA/javassist-3.17.1-GA.jar
7fd55d48a000-7fd55d495000 r--s 00052000 08:02 33162652                   /home/luis/.m2/repository/org/grails/grails-datastore-core/3.1.0.RELEASE/grails-datastore-core-3.1.0.RELEASE.jar
7fd55d495000-7fd55d497000 r--s 0000d000 08:02 33162650                   /home/luis/.m2/repository/org/jboss/logging/jboss-logging/3.1.0.GA/jboss-logging-3.1.0.GA.jar
7fd55d497000-7fd55d4ad000 r--s 000e6000 08:02 33162648                   /home/luis/.m2/repository/net/sf/ehcache/ehcache-core/2.4.8/ehcache-core-2.4.8.jar
7fd55d4ad000-7fd55d4af000 r--s 0000d000 08:02 33162646                   /home/luis/.m2/repository/com/fasterxml/classmate/1.0.0/classmate-1.0.0.jar
7fd55d4af000-7fd55d4bc000 r--s 00080000 08:02 33162644                   /home/luis/.m2/repository/org/hibernate/hibernate-validator/5.0.3.Final/hibernate-validator-5.0.3.Final.jar
7fd55d4bc000-7fd55d4be000 r--s 00011000 08:02 33162642                   /home/luis/.m2/repository/org/jboss/jandex/1.1.0.Final/jandex-1.1.0.Final.jar
7fd55d4be000-7fd55d4c3000 r--s 00068000 08:02 33162640                   /home/luis/.m2/repository/antlr/antlr/2.7.7/antlr-2.7.7.jar
7fd55d4c3000-7fd55d4c4000 r--s 00006000 08:02 33162638                   /home/luis/.m2/repository/org/jboss/spec/javax/transaction/jboss-transaction-api_1.2_spec/1.0.0.Final/jboss-transaction-api_1.2_spec-1.0.0.Final.jar
7fd55d4c4000-7fd55d521000 r--s 004a0000 08:02 33162636                   /home/luis/.m2/repository/org/hibernate/hibernate-core/4.3.5.Final/hibernate-core-4.3.5.Final.jar
7fd55d521000-7fd55d522000 r--s 00002000 08:02 33162635                   /home/luis/.m2/repository/org/jboss/logging/jboss-logging-annotations/1.2.0.Beta1/jboss-logging-annotations-1.2.0.Beta1.jar
7fd55d522000-7fd55d526000 r--s 0001e000 08:02 33162633                   /home/luis/.m2/repository/org/hibernate/hibernate-ehcache/4.3.5.Final/hibernate-ehcache-4.3.5.Final.jar
7fd55d526000-7fd55d533000 r--s 00109000 08:02 33162632                   /home/luis/.m2/repository/org/mozilla/rhino/1.7R4/rhino-1.7R4.jar
7fd55d533000-7fd55d539000 r--s 0004a000 08:02 33162628                   /home/luis/.m2/repository/cglib/cglib-nodep/2.2.2/cglib-nodep-2.2.2.jar
7fd55d539000-7fd55d543000 r--s 0005e000 08:02 33162626                   /home/luis/.m2/repository/org/springframework/spring-jdbc/4.0.5.RELEASE/spring-jdbc-4.0.5.RELEASE.jar
7fd55d543000-7fd55d545000 r--s 0000e000 08:02 33162624                   /home/luis/.m2/repository/commons-logging/commons-logging/1.1.3/commons-logging-1.1.3.jar
7fd55d545000-7fd55d559000 r--s 000db000 08:02 33162623                   /home/luis/.m2/repository/org/springframework/spring-core/4.0.5.RELEASE/spring-core-4.0.5.RELEASE.jar
7fd55d559000-7fd55d565000 r--s 00098000 08:02 33162620                   /home/luis/.m2/repository/org/springframework/spring-beans/4.0.5.RELEASE/spring-beans-4.0.5.RELEASE.jar
7fd55d565000-7fd55d56d000 r--s 00052000 08:02 33162618                   /home/luis/.m2/repository/org/springframework/spring-orm/4.0.5.RELEASE/spring-orm-4.0.5.RELEASE.jar
7fd55d56d000-7fd55d570000 r--s 00083000 08:02 33162616                   /home/luis/.m2/repository/org/grails/grails-resources/2.4.0/grails-resources-2.4.0.jar
7fd55d570000-7fd55d57d000 r--s 00174000 08:02 33162612                   /home/luis/.m2/repository/com/h2database/h2/1.3.173/h2-1.3.173.jar
7fd55d57d000-7fd55d581000 r--s 00021000 08:02 33162604                   /home/luis/.m2/repository/org/grails/grails-plugin-converters/2.4.0/grails-plugin-converters-2.4.0.jar
7fd55d581000-7fd55d583000 r--s 0000e000 08:02 33162602                   /home/luis/.m2/repository/org/grails/grails-plugin-mimetypes/2.4.0/grails-plugin-mimetypes-2.4.0.jar
7fd55d583000-7fd55d586000 r--s 00018000 08:02 33162598                   /home/luis/.m2/repository/org/grails/grails-plugin-domain-class/2.4.0/grails-plugin-domain-class-2.4.0.jar
7fd55d586000-7fd55d587000 r--s 0000e000 08:02 33162591                   /home/luis/.m2/repository/org/codehaus/jsr166-mirror/jsr166y/1.7.0/jsr166y-1.7.0.jar
7fd55d587000-7fd55d5a3000 r--s 00136000 08:02 33162589                   /home/luis/.m2/repository/org/codehaus/gpars/gpars/1.2.0/gpars-1.2.0.jar
7fd55d5a3000-7fd55d5a5000 r--s 00011000 08:02 33162586                   /home/luis/.m2/repository/org/grails/grails-async/2.4.0/grails-async-2.4.0.jar
7fd55d5a5000-7fd55d5a7000 r--s 0000e000 08:02 33162585                   /home/luis/.m2/repository/org/grails/grails-plugin-async/2.4.0/grails-plugin-async-2.4.0.jar
7fd55d5a7000-7fd55d5ab000 r--s 00028000 08:02 33162584                   /home/luis/.m2/repository/commons-validator/commons-validator/1.4.0/commons-validator-1.4.0.jar
7fd55d5ab000-7fd55d5ae000 r--s 00012000 08:02 33162580                   /home/luis/.m2/repository/org/grails/grails-validation/2.4.0/grails-validation-2.4.0.jar
7fd55d5ae000-7fd55d5b2000 r--s 00019000 08:02 33162578                   /home/luis/.m2/repository/com/googlecode/concurrentlinkedhashmap/concurrentlinkedhashmap-lru/1.4/concurrentlinkedhashmap-lru-1.4.jar
7fd55d5b2000-7fd55d5b4000 r--s 0000e000 08:02 33162576                   /home/luis/.m2/repository/org/grails/grails-plugin-url-mappings/2.4.0/grails-plugin-url-mappings-2.4.0.jar
7fd55d5b4000-7fd55d5b5000 r--s 00006000 08:02 33162575                   /home/luis/.m2/repository/org/grails/grails-plugin-servlets/2.4.0/grails-plugin-servlets-2.4.0.jar
7fd55d5b5000-7fd55d5bc000 r--s 00036000 08:02 33162572                   /home/luis/.m2/repository/org/springframework/spring-tx/4.0.5.RELEASE/spring-tx-4.0.5.RELEASE.jar
7fd55d5bc000-7fd55d5be000 r--s 00009000 08:02 33162570                   /home/luis/.m2/repository/org/grails/grails-plugin-services/2.4.0/grails-plugin-services-2.4.0.jar
7fd55d5be000-7fd55d5bf000 r--s 00001000 08:02 33162568                   /home/luis/.m2/repository/org/slf4j/jul-to-slf4j/1.7.5/jul-to-slf4j-1.7.5.jar
7fd55d5bf000-7fd55d5ce000 r--s 00096000 08:02 33162564                   /home/luis/.m2/repository/org/springframework/spring-web/4.0.5.RELEASE/spring-web-4.0.5.RELEASE.jar
7fd55d5ce000-7fd55d5d3000 r--s 0002a000 08:02 33162562                   /home/luis/.m2/repository/org/grails/grails-encoder/2.4.0/grails-encoder-2.4.0.jar
7fd55d5d3000-7fd55d5d9000 r--s 00033000 08:02 33162561                   /home/luis/.m2/repository/commons-codec/commons-codec/1.6/commons-codec-1.6.jar
7fd55d5d9000-7fd55d5db000 r--s 00012000 08:02 33162558                   /home/luis/.m2/repository/org/grails/grails-plugin-codecs/2.4.0/grails-plugin-codecs-2.4.0.jar
7fd55d5db000-7fd55d5dc000 r--s 00000000 08:02 33162556                   /home/luis/.m2/repository/org/grails/grails-logging/2.4.0/grails-logging-2.4.0.jar
7fd55d5dc000-7fd55d5e2000 r--s 00057000 08:02 33162554                   /home/luis/.m2/repository/org/grails/grails-plugin-gsp/2.4.0/grails-plugin-gsp-2.4.0.jar
7fd55d5e2000-7fd55d5e4000 r--s 0000b000 08:02 33162552                   /home/luis/.m2/repository/org/grails/grails-plugin-filters/2.4.0/grails-plugin-filters-2.4.0.jar
7fd55d5e4000-7fd55d5e9000 r--s 00041000 08:02 33161688                   /home/luis/.m2/repository/commons-lang/commons-lang/2.6/commons-lang-2.6.jar
7fd55d5e9000-7fd55d5ea000 r--s 00005000 08:02 33162550                   /home/luis/.m2/repository/org/grails/grails-plugin-i18n/2.4.0/grails-plugin-i18n-2.4.0.jar
7fd55d5ea000-7fd55d5ef000 r--s 00017000 08:02 33162548                   /home/luis/.m2/repository/org/hibernate/javax/persistence/hibernate-jpa-2.1-api/1.0.0.Final/hibernate-jpa-2.1-api-1.0.0.Final.jar
7fd55d5ef000-7fd55d5f1000 r--s 00000000 08:02 33162546                   /home/luis/.m2/repository/aopalliance/aopalliance/1.0/aopalliance-1.0.jar
7fd55d5f1000-7fd55d5f3000 r--s 00009000 08:02 33162544                   /home/luis/.m2/repository/org/grails/grails-spring/2.4.0/grails-spring-2.4.0.jar
7fd55d5f3000-7fd55d5f6000 r--s 00041000 08:02 33161640                   /home/luis/.m2/repository/xalan/serializer/2.7.1/serializer-2.7.1.jar
7fd55d5f6000-7fd55d603000 r--s 000a7000 08:02 33162542                   /home/luis/.m2/repository/org/grails/grails-core/2.4.0/grails-core-2.4.0.jar
7fd55d603000-7fd55d604000 r--s 00005000 08:02 33162540                   /home/luis/.m2/repository/org/grails/grails-plugin-databinding/2.4.0/grails-plugin-databinding-2.4.0.jar
7fd55d604000-7fd55d609000 r--s 0002a000 08:02 33162539                   /home/luis/.m2/repository/com/google/code/gson/gson/2.2.4/gson-2.2.4.jar
7fd55d609000-7fd55d60d000 r--s 00027000 08:02 33162536                   /home/luis/.m2/repository/commons-io/commons-io/2.2/commons-io-2.2.jar
7fd55d60d000-7fd55d60f000 r--s 0000f000 08:02 33162534                   /home/luis/.m2/repository/commons-fileupload/commons-fileupload/1.3.1/commons-fileupload-1.3.1.jar
7fd55d60f000-7fd55d610000 r--s 00000000 08:02 33162532                   /home/luis/.m2/repository/org/grails/grails-web-fileupload/2.4.0/grails-web-fileupload-2.4.0.jar
7fd55d610000-7fd55d613000 r--s 00023000 08:02 33162530                   /home/luis/.m2/repository/org/grails/grails-web-url-mappings/2.4.0/grails-web-url-mappings-2.4.0.jar
7fd55d613000-7fd55d617000 r--s 00019000 08:02 33162528                   /home/luis/.m2/repository/org/aspectj/aspectjrt/1.8.0/aspectjrt-1.8.0.jar
7fd55d617000-7fd55d61b000 r--s 0001e000 08:02 33162526                   /home/luis/.m2/repository/org/springframework/spring-context-support/4.0.5.RELEASE/spring-context-support-4.0.5.RELEASE.jar
7fd55d61b000-7fd55d627000 r--s 00096000 08:02 33162524                   /home/luis/.m2/repository/org/springframework/spring-webmvc/4.0.5.RELEASE/spring-webmvc-4.0.5.RELEASE.jar
7fd55d627000-7fd55d62c000 r--s 00030000 08:02 33162522                   /home/luis/.m2/repository/org/grails/grails-web-common/2.4.0/grails-web-common-2.4.0.jar
7fd55d62c000-7fd55d644000 r--s 001aa000 08:02 33162521                   /home/luis/.m2/repository/org/aspectj/aspectjweaver/1.8.0/aspectjweaver-1.8.0.jar
7fd55d644000-7fd55d648000 r--s 00024000 08:02 33162518                   /home/luis/.m2/repository/org/grails/grails-web-jsp/2.4.0/grails-web-jsp-2.4.0.jar
7fd55d648000-7fd55d64a000 r--s 0000b000 08:02 33162516                   /home/luis/.m2/repository/org/springframework/spring-aspects/4.0.5.RELEASE/spring-aspects-4.0.5.RELEASE.jar
7fd55d64a000-7fd55d64c000 r--s 00009000 08:02 33162515                   /home/luis/.m2/repository/org/grails/grails-web-mvc/2.4.0/grails-web-mvc-2.4.0.jar
7fd55d64c000-7fd55d652000 r--s 00027000 08:02 33162512                   /home/luis/.m2/repository/opensymphony/sitemesh/2.4/sitemesh-2.4.jar
7fd55d652000-7fd55d654000 r--s 0000b000 08:02 33162510                   /home/luis/.m2/repository/org/grails/grails-web-sitemesh/2.4.0/grails-web-sitemesh-2.4.0.jar
7fd55d654000-7fd55d656000 r--s 00012000 08:02 33162509                   /home/luis/.m2/repository/org/grails/grails-databinding/2.4.0/grails-databinding-2.4.0.jar
7fd55d656000-7fd55d659000 r--s 0001c000 08:02 33162506                   /home/luis/.m2/repository/org/grails/grails-web-databinding/2.4.0/grails-web-databinding-2.4.0.jar
7fd55d659000-7fd55d661000 r--s 0005b000 08:02 33162505                   /home/luis/.m2/repository/org/grails/grails-web-gsp/2.4.0/grails-web-gsp-2.4.0.jar
7fd55d661000-7fd55d663000 r--s 00009000 08:02 33162502                   /home/luis/.m2/repository/org/grails/grails-web/2.4.0/grails-web-2.4.0.jar
7fd55d663000-7fd55d668000 r--s 0002e000 08:02 33162500                   /home/luis/.m2/repository/org/springframework/spring-expression/4.0.5.RELEASE/spring-expression-4.0.5.RELEASE.jar
7fd55d668000-7fd55d671000 r--s 0004e000 08:02 33162498                   /home/luis/.m2/repository/org/springframework/spring-aop/4.0.5.RELEASE/spring-aop-4.0.5.RELEASE.jar
7fd55d671000-7fd55d688000 r--s 000d8000 08:02 33162496                   /home/luis/.m2/repository/org/springframework/spring-context/4.0.5.RELEASE/spring-context-4.0.5.RELEASE.jar
7fd55d688000-7fd55d68a000 r--s 00008000 08:02 33162494                   /home/luis/.m2/repository/org/apache/tomcat/tomcat-juli/7.0.50/tomcat-juli-7.0.50.jar
7fd55d68a000-7fd55d68c000 r--s 0001d000 08:02 33162493                   /home/luis/.m2/repository/org/apache/tomcat/tomcat-jdbc/7.0.50/tomcat-jdbc-7.0.50.jar
7fd55d68c000-7fd55d68e000 r--s 0000d000 08:02 33162488                   /home/luis/.m2/repository/org/grails/grails-plugin-datasource/2.4.0/grails-plugin-datasource-2.4.0.jar
7fd55d68e000-7fd55d690000 r--s 00008000 08:02 33162486                   /home/luis/.m2/repository/org/grails/grails-plugin-validation/2.4.0/grails-plugin-validation-2.4.0.jar
7fd55d690000-7fd55d693000 r--s 00020000 08:02 33162484                   /home/luis/.m2/repository/org/grails/grails-plugin-controllers/2.4.0/grails-plugin-controllers-2.4.0.jar
7fd55d693000-7fd55d697000 r--s 00036000 08:02 33162479                   /home/luis/.m2/repository/org/grails/grails-plugin-rest/2.4.0/grails-plugin-rest-2.4.0.jar
7fd55d697000-7fd55d897000 rw-p 00000000 00:00 0 
7fd55d897000-7fd55da97000 rw-p 00000000 00:00 0 
7fd55da97000-7fd55dc97000 rw-p 00000000 00:00 0 
7fd55dc97000-7fd55de97000 rw-p 00000000 00:00 0 
7fd55de97000-7fd55de9a000 ---p 00000000 00:00 0 
7fd55de9a000-7fd55df98000 rw-p 00000000 00:00 0 
7fd55df98000-7fd55dfa3000 r--s 0021a000 08:02 2228450                    /usr/lib/jvm/java-8-oracle/jre/lib/ext/localedata.jar
7fd55dfa3000-7fd55dfa5000 r-xp 00000000 08:02 60295251                   /usr/lib/x86_64-linux-gnu/gconv/ISO8859-1.so
7fd55dfa5000-7fd55e1a4000 ---p 00002000 08:02 60295251                   /usr/lib/x86_64-linux-gnu/gconv/ISO8859-1.so
7fd55e1a4000-7fd55e1a5000 r--p 00001000 08:02 60295251                   /usr/lib/x86_64-linux-gnu/gconv/ISO8859-1.so
7fd55e1a5000-7fd55e1a6000 rw-p 00002000 08:02 60295251                   /usr/lib/x86_64-linux-gnu/gconv/ISO8859-1.so
7fd55e1a6000-7fd55e1ad000 r--s 00000000 08:02 60295290                   /usr/lib/x86_64-linux-gnu/gconv/gconv-modules.cache
7fd55e1ad000-7fd55e1cb000 r--p 00000000 08:02 60296415                   /usr/share/locale/es/LC_MESSAGES/libc.mo
7fd55e1cb000-7fd55e3cb000 rw-p 00000000 00:00 0 
7fd55e3cb000-7fd55e3cc000 r-xp 00000000 08:02 49807398                   /tmp/libjansi-64-8348516451900685351.so
7fd55e3cc000-7fd55e5cb000 ---p 00001000 08:02 49807398                   /tmp/libjansi-64-8348516451900685351.so
7fd55e5cb000-7fd55e5cc000 rw-p 00000000 08:02 49807398                   /tmp/libjansi-64-8348516451900685351.so
7fd55e5cc000-7fd55e5cf000 ---p 00000000 00:00 0 
7fd55e5cf000-7fd55e605000 rw-p 00000000 00:00 0 
7fd55e605000-7fd55e60a000 r--s 00092000 08:02 2228557                    /usr/lib/jvm/java-8-oracle/jre/lib/jsse.jar
7fd55e60a000-7fd55e60b000 ---p 00000000 00:00 0 
7fd55e60b000-7fd55e70b000 rw-p 00000000 00:00 0 
7fd55e70b000-7fd55e70e000 ---p 00000000 00:00 0 
7fd55e70e000-7fd55e80c000 rw-p 00000000 00:00 0 
7fd55e80c000-7fd55e80f000 ---p 00000000 00:00 0 
7fd55e80f000-7fd55e90d000 rw-p 00000000 00:00 0 
7fd55e90d000-7fd55e910000 ---p 00000000 00:00 0 
7fd55e910000-7fd55ea0e000 rw-p 00000000 00:00 0 
7fd55ea0e000-7fd55ea11000 ---p 00000000 00:00 0 
7fd55ea11000-7fd55eb0f000 rw-p 00000000 00:00 0 
7fd55eb0f000-7fd55eb15000 r--s 0005f000 08:02 32768118                   /home/luis/.gvm/grails/2.4.0/lib/org.springframework/springloaded/jars/springloaded-1.2.0.RELEASE.jar
7fd55eb15000-7fd55eb25000 r--s 0019c000 08:02 33161699                   /home/luis/.m2/repository/org/eclipse/jdt/core/compiler/ecj/3.7.2/ecj-3.7.2.jar
7fd55eb25000-7fd55eb2a000 r--s 0002f000 08:02 33161697                   /home/luis/.m2/repository/org/apache/tomcat/embed/tomcat-embed-websocket/7.0.53/tomcat-embed-websocket-7.0.53.jar
7fd55eb2a000-7fd55eb2c000 r--s 0000c000 08:02 33161689                   /home/luis/.m2/repository/org/apache/tomcat/tomcat-catalina-ant/7.0.53/tomcat-catalina-ant-7.0.53.jar
7fd55eb2c000-7fd55eb4d000 r--s 00267000 08:02 33161702                   /home/luis/.m2/repository/org/apache/tomcat/embed/tomcat-embed-core/7.0.53/tomcat-embed-core-7.0.53.jar
7fd55eb4d000-7fd55eb56000 r--s 0009f000 08:02 33161691                   /home/luis/.m2/repository/org/apache/tomcat/embed/tomcat-embed-jasper/7.0.53/tomcat-embed-jasper-7.0.53.jar
7fd55eb56000-7fd55eb58000 r--s 0000e000 08:02 33423825                   /home/luis/IdeaProjects/Modeller/target/work/plugins/tomcat-7.0.53/grails-plugin-tomcat-7.0.53.jar
7fd55eb58000-7fd55eb5c000 r--s 00027000 08:02 33161693                   /home/luis/.m2/repository/org/apache/tomcat/embed/tomcat-embed-el/7.0.53/tomcat-embed-el-7.0.53.jar
7fd55eb5c000-7fd55eb5e000 r--s 00013000 08:02 33161696                   /home/luis/.m2/repository/org/apache/tomcat/embed/tomcat-embed-logging-log4j/7.0.53/tomcat-embed-logging-log4j-7.0.53.jar
7fd55eb5e000-7fd55eb60000 r--s 0001a000 08:02 33161665                   /home/luis/.m2/repository/org/fusesource/jansi/jansi/1.11/jansi-1.11.jar
7fd55eb60000-7fd55eb75000 r--s 00116000 08:02 33161664                   /home/luis/.m2/repository/org/apache/ivy/ivy/2.3.0/ivy-2.3.0.jar
7fd55eb75000-7fd55eb78000 r--s 00018000 08:02 33161659                   /home/luis/.m2/repository/org/apache/ant/ant-junit/1.8.4/ant-junit-1.8.4.jar
7fd55eb78000-7fd55eb79000 r--s 00001000 08:02 33161655                   /home/luis/.m2/repository/org/apache/ant/ant-trax/1.7.1/ant-trax-1.7.1.jar
7fd55eb79000-7fd55eb7a000 r--s 00004000 08:02 33161653                   /home/luis/.m2/repository/org/apache/ant/ant-launcher/1.8.4/ant-launcher-1.8.4.jar
7fd55eb7a000-7fd55eb7d000 r--s 00030000 08:02 33161652                   /home/luis/.m2/repository/jline/jline/2.11/jline-2.11.jar
7fd55eb7d000-7fd55eb9b000 r--s 001bd000 08:02 33161647                   /home/luis/.m2/repository/org/apache/ant/ant/1.8.4/ant-1.8.4.jar
7fd55eb9b000-7fd55eb9d000 r--s 00005000 08:02 33161649                   /home/luis/.m2/repository/org/slf4j/slf4j-api/1.7.5/slf4j-api-1.7.5.jar
7fd55eb9d000-7fd55eba9000 r--s 000cc000 08:02 33161642                   /home/luis/.m2/repository/org/grails/grails-bootstrap/2.4.0/grails-bootstrap-2.4.0.jar
7fd55eba9000-7fd55ec14000 r--s 0067e000 08:02 33162468                   /home/luis/.m2/repository/org/codehaus/groovy/groovy-all/2.3.1/groovy-all-2.3.1.jar
7fd55ec14000-7fd55ec17000 ---p 00000000 00:00 0 
7fd55ec17000-7fd55ed15000 rw-p 00000000 00:00 0 
7fd55ed15000-7fd55ee8c000 r--p 00000000 08:02 60296451                   /usr/lib/locale/locale-archive
7fd55ee8c000-7fd55ee8f000 ---p 00000000 00:00 0 
7fd55ee8f000-7fd55ef8d000 rw-p 00000000 00:00 0 
7fd55ef8d000-7fd55ef90000 ---p 00000000 00:00 0 
7fd55ef90000-7fd55f08e000 rw-p 00000000 00:00 0 
7fd55f08e000-7fd55f08f000 ---p 00000000 00:00 0 
7fd55f08f000-7fd56009e000 rw-p 00000000 00:00 0 
7fd56009e000-7fd560273000 r--s 03c4d000 08:02 2228591                    /usr/lib/jvm/java-8-oracle/jre/lib/rt.jar
7fd560273000-7fd5624c4000 rw-p 00000000 00:00 0 
7fd5624c4000-7fd5624c5000 ---p 00000000 00:00 0 
7fd5624c5000-7fd5625c5000 rw-p 00000000 00:00 0 
7fd5625c5000-7fd5625c6000 ---p 00000000 00:00 0 
7fd5625c6000-7fd5626c6000 rw-p 00000000 00:00 0 
7fd5626c6000-7fd5626c7000 ---p 00000000 00:00 0 
7fd5626c7000-7fd5627c7000 rw-p 00000000 00:00 0 
7fd5627c7000-7fd5627c8000 ---p 00000000 00:00 0 
7fd5627c8000-7fd5628eb000 rw-p 00000000 00:00 0 
7fd5628eb000-7fd5629c8000 ---p 00000000 00:00 0 
7fd5629c8000-7fd5629eb000 rw-p 00000000 00:00 0 
7fd5629eb000-7fd562ac8000 ---p 00000000 00:00 0 
7fd562ac8000-7fd562b48000 rw-p 00000000 00:00 0 
7fd562b48000-7fd562b87000 rw-p 00000000 00:00 0 
7fd562b87000-7fd562f09000 ---p 00000000 00:00 0 
7fd562f09000-7fd563e89000 rwxp 00000000 00:00 0 
7fd563e89000-7fd571f09000 ---p 00000000 00:00 0 
7fd571f09000-7fd571f25000 r-xp 00000000 08:02 2228473                    /usr/lib/jvm/java-8-oracle/jre/lib/amd64/libzip.so
7fd571f25000-7fd572124000 ---p 0001c000 08:02 2228473                    /usr/lib/jvm/java-8-oracle/jre/lib/amd64/libzip.so
7fd572124000-7fd572125000 rw-p 0001b000 08:02 2228473                    /usr/lib/jvm/java-8-oracle/jre/lib/amd64/libzip.so
7fd572125000-7fd572130000 r-xp 00000000 08:02 4984053                    /lib/x86_64-linux-gnu/libnss_files-2.13.so
7fd572130000-7fd57232f000 ---p 0000b000 08:02 4984053                    /lib/x86_64-linux-gnu/libnss_files-2.13.so
7fd57232f000-7fd572330000 r--p 0000a000 08:02 4984053                    /lib/x86_64-linux-gnu/libnss_files-2.13.so
7fd572330000-7fd572331000 rw-p 0000b000 08:02 4984053                    /lib/x86_64-linux-gnu/libnss_files-2.13.so
7fd572331000-7fd57233b000 r-xp 00000000 08:02 4984049                    /lib/x86_64-linux-gnu/libnss_nis-2.13.so
7fd57233b000-7fd57253a000 ---p 0000a000 08:02 4984049                    /lib/x86_64-linux-gnu/libnss_nis-2.13.so
7fd57253a000-7fd57253b000 r--p 00009000 08:02 4984049                    /lib/x86_64-linux-gnu/libnss_nis-2.13.so
7fd57253b000-7fd57253c000 rw-p 0000a000 08:02 4984049                    /lib/x86_64-linux-gnu/libnss_nis-2.13.so
7fd57253c000-7fd572551000 r-xp 00000000 08:02 4984047                    /lib/x86_64-linux-gnu/libnsl-2.13.so
7fd572551000-7fd572750000 ---p 00015000 08:02 4984047                    /lib/x86_64-linux-gnu/libnsl-2.13.so
7fd572750000-7fd572751000 r--p 00014000 08:02 4984047                    /lib/x86_64-linux-gnu/libnsl-2.13.so
7fd572751000-7fd572752000 rw-p 00015000 08:02 4984047                    /lib/x86_64-linux-gnu/libnsl-2.13.so
7fd572752000-7fd572754000 rw-p 00000000 00:00 0 
7fd572754000-7fd57275b000 r-xp 00000000 08:02 4984042                    /lib/x86_64-linux-gnu/libnss_compat-2.13.so
7fd57275b000-7fd57295a000 ---p 00007000 08:02 4984042                    /lib/x86_64-linux-gnu/libnss_compat-2.13.so
7fd57295a000-7fd57295b000 r--p 00006000 08:02 4984042                    /lib/x86_64-linux-gnu/libnss_compat-2.13.so
7fd57295b000-7fd57295c000 rw-p 00007000 08:02 4984042                    /lib/x86_64-linux-gnu/libnss_compat-2.13.so
7fd57295c000-7fd572966000 r-xp 00000000 08:02 2228499                    /usr/lib/jvm/java-8-oracle/jre/lib/amd64/libinstrument.so
7fd572966000-7fd572b65000 ---p 0000a000 08:02 2228499                    /usr/lib/jvm/java-8-oracle/jre/lib/amd64/libinstrument.so
7fd572b65000-7fd572b66000 rw-p 00009000 08:02 2228499                    /usr/lib/jvm/java-8-oracle/jre/lib/amd64/libinstrument.so
7fd572b66000-7fd572b90000 r-xp 00000000 08:02 2228492                    /usr/lib/jvm/java-8-oracle/jre/lib/amd64/libjava.so
7fd572b90000-7fd572d90000 ---p 0002a000 08:02 2228492                    /usr/lib/jvm/java-8-oracle/jre/lib/amd64/libjava.so
7fd572d90000-7fd572d92000 rw-p 0002a000 08:02 2228492                    /usr/lib/jvm/java-8-oracle/jre/lib/amd64/libjava.so
7fd572d92000-7fd572d9f000 r-xp 00000000 08:02 2228478                    /usr/lib/jvm/java-8-oracle/jre/lib/amd64/libverify.so
7fd572d9f000-7fd572f9f000 ---p 0000d000 08:02 2228478                    /usr/lib/jvm/java-8-oracle/jre/lib/amd64/libverify.so
7fd572f9f000-7fd572fa1000 rw-p 0000d000 08:02 2228478                    /usr/lib/jvm/java-8-oracle/jre/lib/amd64/libverify.so
7fd572fa1000-7fd572fa8000 r-xp 00000000 08:02 4984057                    /lib/x86_64-linux-gnu/librt-2.13.so
7fd572fa8000-7fd5731a7000 ---p 00007000 08:02 4984057                    /lib/x86_64-linux-gnu/librt-2.13.so
7fd5731a7000-7fd5731a8000 r--p 00006000 08:02 4984057                    /lib/x86_64-linux-gnu/librt-2.13.so
7fd5731a8000-7fd5731a9000 rw-p 00007000 08:02 4984057                    /lib/x86_64-linux-gnu/librt-2.13.so
7fd5731a9000-7fd57322a000 r-xp 00000000 08:02 4984044                    /lib/x86_64-linux-gnu/libm-2.13.so
7fd57322a000-7fd573429000 ---p 00081000 08:02 4984044                    /lib/x86_64-linux-gnu/libm-2.13.so
7fd573429000-7fd57342a000 r--p 00080000 08:02 4984044                    /lib/x86_64-linux-gnu/libm-2.13.so
7fd57342a000-7fd57342b000 rw-p 00081000 08:02 4984044                    /lib/x86_64-linux-gnu/libm-2.13.so
7fd57342b000-7fd574045000 r-xp 00000000 08:02 2228460                    /usr/lib/jvm/java-8-oracle/jre/lib/amd64/server/libjvm.so
7fd574045000-7fd574244000 ---p 00c1a000 08:02 2228460                    /usr/lib/jvm/java-8-oracle/jre/lib/amd64/server/libjvm.so
7fd574244000-7fd57430d000 rw-p 00c19000 08:02 2228460                    /usr/lib/jvm/java-8-oracle/jre/lib/amd64/server/libjvm.so
7fd57430d000-7fd57434e000 rw-p 00000000 00:00 0 
7fd57434e000-7fd5744d0000 r-xp 00000000 08:02 4984037                    /lib/x86_64-linux-gnu/libc-2.13.so
7fd5744d0000-7fd5746cf000 ---p 00182000 08:02 4984037                    /lib/x86_64-linux-gnu/libc-2.13.so
7fd5746cf000-7fd5746d3000 r--p 00181000 08:02 4984037                    /lib/x86_64-linux-gnu/libc-2.13.so
7fd5746d3000-7fd5746d4000 rw-p 00185000 08:02 4984037                    /lib/x86_64-linux-gnu/libc-2.13.so
7fd5746d4000-7fd5746d9000 rw-p 00000000 00:00 0 
7fd5746d9000-7fd5746db000 r-xp 00000000 08:02 4984051                    /lib/x86_64-linux-gnu/libdl-2.13.so
7fd5746db000-7fd5748db000 ---p 00002000 08:02 4984051                    /lib/x86_64-linux-gnu/libdl-2.13.so
7fd5748db000-7fd5748dc000 r--p 00002000 08:02 4984051                    /lib/x86_64-linux-gnu/libdl-2.13.so
7fd5748dc000-7fd5748dd000 rw-p 00003000 08:02 4984051                    /lib/x86_64-linux-gnu/libdl-2.13.so
7fd5748dd000-7fd5748f4000 r-xp 00000000 08:02 2228773                    /usr/lib/jvm/java-8-oracle/lib/amd64/jli/libjli.so
7fd5748f4000-7fd574af3000 ---p 00017000 08:02 2228773                    /usr/lib/jvm/java-8-oracle/lib/amd64/jli/libjli.so
7fd574af3000-7fd574af4000 rw-p 00016000 08:02 2228773                    /usr/lib/jvm/java-8-oracle/lib/amd64/jli/libjli.so
7fd574af4000-7fd574b0b000 r-xp 00000000 08:02 4984055                    /lib/x86_64-linux-gnu/libpthread-2.13.so
7fd574b0b000-7fd574d0a000 ---p 00017000 08:02 4984055                    /lib/x86_64-linux-gnu/libpthread-2.13.so
7fd574d0a000-7fd574d0b000 r--p 00016000 08:02 4984055                    /lib/x86_64-linux-gnu/libpthread-2.13.so
7fd574d0b000-7fd574d0c000 rw-p 00017000 08:02 4984055                    /lib/x86_64-linux-gnu/libpthread-2.13.so
7fd574d0c000-7fd574d10000 rw-p 00000000 00:00 0 
7fd574d10000-7fd574d30000 r-xp 00000000 08:02 4984059                    /lib/x86_64-linux-gnu/ld-2.13.so
7fd574d30000-7fd574d32000 r--s 00001000 08:02 2228452                    /usr/lib/jvm/java-8-oracle/jre/lib/ext/dnsns.jar
7fd574d32000-7fd574d3b000 r--s 0006f000 08:02 33162615                   /home/luis/.m2/repository/log4j/log4j/1.2.17/log4j-1.2.17.jar
7fd574d3b000-7fd574d3e000 r--s 0000d000 08:02 33162567                   /home/luis/.m2/repository/org/grails/grails-plugin-log4j/2.4.0/grails-plugin-log4j-2.4.0.jar
7fd574d3e000-7fd574d40000 r--s 00013000 08:02 33162491                   /home/luis/.m2/repository/org/apache/tomcat/embed/tomcat-embed-logging-log4j/7.0.50/tomcat-embed-logging-log4j-7.0.50.jar
7fd574d40000-7fd574db8000 r--s 010c6000 08:02 2229889                    /usr/lib/jvm/java-8-oracle/lib/tools.jar
7fd574db8000-7fd574e16000 rw-p 00000000 00:00 0 
7fd574e16000-7fd574e19000 ---p 00000000 00:00 0 
7fd574e19000-7fd574f1c000 rw-p 00000000 00:00 0 
7fd574f1c000-7fd574f21000 r--s 00050000 08:02 32638401                   /home/luis/.gvm/grails/2.4.0/lib/org.codehaus.gant/gant_groovy1.8/jars/gant_groovy1.8-1.9.6.jar
7fd574f21000-7fd574f23000 r--s 00003000 08:02 33161644                   /home/luis/.m2/repository/org/slf4j/jcl-over-slf4j/1.7.5/jcl-over-slf4j-1.7.5.jar
7fd574f23000-7fd574f2b000 rw-s 00000000 08:02 49807397                   /tmp/hsperfdata_luis/5493
7fd574f2b000-7fd574f2c000 rw-p 00000000 00:00 0 
7fd574f2c000-7fd574f2d000 r--p 00000000 00:00 0 
7fd574f2d000-7fd574f2f000 rw-p 00000000 00:00 0 
7fd574f2f000-7fd574f30000 r--p 0001f000 08:02 4984059                    /lib/x86_64-linux-gnu/ld-2.13.so
7fd574f30000-7fd574f31000 rw-p 00020000 08:02 4984059                    /lib/x86_64-linux-gnu/ld-2.13.so
7fd574f31000-7fd574f32000 rw-p 00000000 00:00 0 
7fffa6177000-7fffa6199000 rw-p 00000000 00:00 0                          [stack]
7fffa61ff000-7fffa6200000 r-xp 00000000 00:00 0                          [vdso]
ffffffffff600000-ffffffffff601000 r-xp 00000000 00:00 0                  [vsyscall]

VM Arguments:
jvm_args: -Dfile.encoding=UTF-8 -Xmx768M -Xms64M -Dgrails.fork.active=true -Dgrails.build.execution.context=/tmp/Modeller3730293978990437981grails-execution-context -Dgrails.home=/home/luis/.gvm/grails/2.4.0 -javaagent:/home/luis/.gvm/grails/2.4.0/lib/org.springframework/springloaded/jars/springloaded-1.2.0.RELEASE.jar -Xverify:none -Dspringloaded.synchronize=true -Djdk.reflect.allowGetCallerClass=true -Dspringloaded=profile=grails;cacheDir=/home/luis/.grails/2.4.0 
java_command: org.grails.plugins.tomcat.fork.ForkedTomcatServer
java_class_path (initial): /usr/lib/jvm/java-8-oracle/lib/tools.jar:/home/luis/.m2/repository/org/codehaus/groovy/groovy-all/2.3.1/groovy-all-2.3.1.jar:/home/luis/.m2/repository/org/slf4j/jcl-over-slf4j/1.7.5/jcl-over-slf4j-1.7.5.jar:/home/luis/.gvm/grails/current/lib/org.codehaus.gant/gant_groovy1.8/jars/gant_groovy1.8-1.9.6.jar:/home/luis/.m2/repository/org/apache/tomcat/embed/tomcat-embed-logging-log4j/7.0.50/tomcat-embed-logging-log4j-7.0.50.jar:/home/luis/.m2/repository/org/grails/grails-plugin-log4j/2.4.0/grails-plugin-log4j-2.4.0.jar:/home/luis/.m2/repository/log4j/log4j/1.2.17/log4j-1.2.17.jar:/home/luis/.m2/repository/org/grails/grails-bootstrap/2.4.0/grails-bootstrap-2.4.0.jar:/home/luis/.m2/repository/org/slf4j/slf4j-api/1.7.5/slf4j-api-1.7.5.jar:/home/luis/.m2/repository/org/apache/ant/ant/1.8.4/ant-1.8.4.jar:/home/luis/.m2/repository/jline/jline/2.11/jline-2.11.jar:/home/luis/.m2/repository/org/apache/ant/ant-launcher/1.8.4/ant-launcher-1.8.4.jar:/home/luis/.m2/repository/org/apache/ant/ant-trax/1.7.1/ant-trax-1.7.1.jar:/home/luis/.m2/repository/org/apache/ant/ant-junit/1.8.4/ant-junit-1.8.4.jar:/home/luis/.m2/repository/org/apache/ivy/ivy/2.3.0/ivy-2.3.0.jar:/home/luis/.m2/repository/org/fusesource/jansi/jansi/1.11/jansi-1.11.jar:/home/luis/.m2/repository/org/apache/tomcat/embed/tomcat-embed-logging-log4j/7.0.53/tomcat-embed-logging-log4j-7.0.53.jar:/home/luis/.m2/repository/org/apache/tomcat/embed/tomcat-embed-el/7.0.53/tomcat-embed-el-7.0.53.jar:/home/luis/IdeaProjects/Modeller/target/work/plugins/tomcat-7.0.53/grails-plugin-tomcat-7.0.53.jar:/home/luis/.m2/repository/org/apache/tomcat/embed/tomcat-embed-jasper/7.0.53/tomcat-embed-jasper-7.0.53.jar:/home/luis/.m2/repository/org/apache/tomcat/embed/tomcat-embed-core/7.0.53/tomcat-embed-core-7.0.53.jar:/home/luis/.m2/repository/org/apache/tomcat/tomcat-catalina-ant/7.0.53/tomcat-catalina-ant-7.0.53.jar:/home/luis/.m2/repository/org/apache/tomcat/embed/tomcat-embed-websocket/7.0.53/tomcat-embed-websoc
Launcher Type: SUN_STANDARD

Environment Variables:
JAVA_HOME=/usr/lib/jvm/java-8-oracle
CLASSPATH=/home/luis/Programas/idea-IU-135.909/bin/../lib/bootstrap.jar:/home/luis/Programas/idea-IU-135.909/bin/../lib/extensions.jar:/home/luis/Programas/idea-IU-135.909/bin/../lib/util.jar:/home/luis/Programas/idea-IU-135.909/bin/../lib/jdom.jar:/home/luis/Programas/idea-IU-135.909/bin/../lib/log4j.jar:/home/luis/Programas/idea-IU-135.909/bin/../lib/trove4j.jar:/home/luis/Programas/idea-IU-135.909/bin/../lib/jna.jar:/usr/lib/jvm/java-8-oracle/lib/tools.jar
PATH=/usr/local/bin:/usr/bin:/bin:/usr/local/games:/usr/games
USERNAME=luis
LD_LIBRARY_PATH=/home/luis/Programas/idea-IU-135.909/bin:
SHELL=/bin/bash
DISPLAY=:0.0

Signal Handlers:
SIGSEGV: [libjvm.so+0xa2fc90], sa_mask[0]=0x7ffbfeff, sa_flags=0x10000004
SIGBUS: [libjvm.so+0xa2fc90], sa_mask[0]=0x7ffbfeff, sa_flags=0x10000004
SIGFPE: [libjvm.so+0x89b4b0], sa_mask[0]=0x7ffbfeff, sa_flags=0x10000004
SIGPIPE: [libjvm.so+0x89b4b0], sa_mask[0]=0x7ffbfeff, sa_flags=0x10000004
SIGXFSZ: [libjvm.so+0x89b4b0], sa_mask[0]=0x7ffbfeff, sa_flags=0x10000004
SIGILL: [libjvm.so+0x89b4b0], sa_mask[0]=0x7ffbfeff, sa_flags=0x10000004
SIGUSR1: SIG_DFL, sa_mask[0]=0x00000000, sa_flags=0x00000000
SIGUSR2: [libjvm.so+0x89cc50], sa_mask[0]=0x00000004, sa_flags=0x10000004
SIGHUP: [libjvm.so+0x89df00], sa_mask[0]=0x7ffbfeff, sa_flags=0x10000004
SIGINT: [libjvm.so+0x89df00], sa_mask[0]=0x7ffbfeff, sa_flags=0x10000004
SIGTERM: [libjvm.so+0x89df00], sa_mask[0]=0x7ffbfeff, sa_flags=0x10000004
SIGQUIT: [libjvm.so+0x89df00], sa_mask[0]=0x7ffbfeff, sa_flags=0x10000004


---------------  S Y S T E M  ---------------

OS:PRETTY_NAME="Debian GNU/Linux 7 (wheezy)"
NAME="Debian GNU/Linux"
VERSION_ID="7"
VERSION="7 (wheezy)"
ID=debian
ANSI_COLOR="1;31"
HOME_URL="http://www.debian.org/"
SUPPORT_URL="http://www.debian.org/support/"
BUG_REPORT_URL="http://bugs.debian.org/"

uname:Linux 3.2.0-4-amd64 #1 SMP Debian 3.2.57-3+deb7u2 x86_64
libc:glibc 2.13 NPTL 2.13 
rlimit: STACK 8192k, CORE 0k, NPROC 62956, NOFILE 4096, AS infinity
load average:1,67 1,08 0,72

/proc/meminfo:
MemTotal:        8070604 kB
MemFree:         4264136 kB
Buffers:           83120 kB
Cached:          1119704 kB
SwapCached:            0 kB
Active:          2851164 kB
Inactive:         790844 kB
Active(anon):    2439772 kB
Inactive(anon):   101236 kB
Active(file):     411392 kB
Inactive(file):   689608 kB
Unevictable:           0 kB
Mlocked:               0 kB
SwapTotal:       8260604 kB
SwapFree:        8260604 kB
Dirty:             14396 kB
Writeback:             0 kB
AnonPages:       2439404 kB
Mapped:           168796 kB
Shmem:            101828 kB
Slab:              91116 kB
SReclaimable:      66048 kB
SUnreclaim:        25068 kB
KernelStack:        3840 kB
PageTables:        27176 kB
NFS_Unstable:          0 kB
Bounce:                0 kB
WritebackTmp:          0 kB
CommitLimit:    12295904 kB
Committed_AS:    4684776 kB
VmallocTotal:   34359738367 kB
VmallocUsed:      450992 kB
VmallocChunk:   34359281212 kB
HardwareCorrupted:     0 kB
AnonHugePages:         0 kB
HugePages_Total:       0
HugePages_Free:        0
HugePages_Rsvd:        0
HugePages_Surp:        0
Hugepagesize:       2048 kB
DirectMap4k:       77824 kB
DirectMap2M:     8261632 kB


CPU:total 4 (4 cores per cpu, 1 threads per core) family 6 model 58 stepping 9, cmov, cx8, fxsr, mmx, sse, sse2, sse3, ssse3, sse4.1, sse4.2, popcnt, avx, aes, clmul, erms, tsc, tscinvbit

/proc/cpuinfo:
processor	: 0
vendor_id	: GenuineIntel
cpu family	: 6
model		: 58
model name	: Intel(R) Core(TM) i5-3470 CPU @ 3.20GHz
stepping	: 9
microcode	: 0x12
cpu MHz		: 3201.000
cache size	: 6144 KB
physical id	: 0
siblings	: 4
core id		: 0
cpu cores	: 4
apicid		: 0
initial apicid	: 0
fpu		: yes
fpu_exception	: yes
cpuid level	: 13
wp		: yes
flags		: fpu vme de pse tsc msr pae mce cx8 apic sep mtrr pge mca cmov pat pse36 clflush dts acpi mmx fxsr sse sse2 ss ht tm pbe syscall nx rdtscp lm constant_tsc arch_perfmon pebs bts rep_good nopl xtopology nonstop_tsc aperfmperf pni pclmulqdq dtes64 monitor ds_cpl vmx smx est tm2 ssse3 cx16 xtpr pdcm pcid sse4_1 sse4_2 x2apic popcnt tsc_deadline_timer aes xsave avx f16c rdrand lahf_lm ida arat epb xsaveopt pln pts dtherm tpr_shadow vnmi flexpriority ept vpid fsgsbase smep erms
bogomips	: 6385.87
clflush size	: 64
cache_alignment	: 64
address sizes	: 36 bits physical, 48 bits virtual
power management:

processor	: 1
vendor_id	: GenuineIntel
cpu family	: 6
model		: 58
model name	: Intel(R) Core(TM) i5-3470 CPU @ 3.20GHz
stepping	: 9
microcode	: 0x12
cpu MHz		: 3201.000
cache size	: 6144 KB
physical id	: 0
siblings	: 4
core id		: 1
cpu cores	: 4
apicid		: 2
initial apicid	: 2
fpu		: yes
fpu_exception	: yes
cpuid level	: 13
wp		: yes
flags		: fpu vme de pse tsc msr pae mce cx8 apic sep mtrr pge mca cmov pat pse36 clflush dts acpi mmx fxsr sse sse2 ss ht tm pbe syscall nx rdtscp lm constant_tsc arch_perfmon pebs bts rep_good nopl xtopology nonstop_tsc aperfmperf pni pclmulqdq dtes64 monitor ds_cpl vmx smx est tm2 ssse3 cx16 xtpr pdcm pcid sse4_1 sse4_2 x2apic popcnt tsc_deadline_timer aes xsave avx f16c rdrand lahf_lm ida arat epb xsaveopt pln pts dtherm tpr_shadow vnmi flexpriority ept vpid fsgsbase smep erms
bogomips	: 6385.45
clflush size	: 64
cache_alignment	: 64
address sizes	: 36 bits physical, 48 bits virtual
power management:

processor	: 2
vendor_id	: GenuineIntel
cpu family	: 6
model		: 58
model name	: Intel(R) Core(TM) i5-3470 CPU @ 3.20GHz
stepping	: 9
microcode	: 0x12
cpu MHz		: 3201.000
cache size	: 6144 KB
physical id	: 0
siblings	: 4
core id		: 2
cpu cores	: 4
apicid		: 4
initial apicid	: 4
fpu		: yes
fpu_exception	: yes
cpuid level	: 13
wp		: yes
flags		: fpu vme de pse tsc msr pae mce cx8 apic sep mtrr pge mca cmov pat pse36 clflush dts acpi mmx fxsr sse sse2 ss ht tm pbe syscall nx rdtscp lm constant_tsc arch_perfmon pebs bts rep_good nopl xtopology nonstop_tsc aperfmperf pni pclmulqdq dtes64 monitor ds_cpl vmx smx est tm2 ssse3 cx16 xtpr pdcm pcid sse4_1 sse4_2 x2apic popcnt tsc_deadline_timer aes xsave avx f16c rdrand lahf_lm ida arat epb xsaveopt pln pts dtherm tpr_shadow vnmi flexpriority ept vpid fsgsbase smep erms
bogomips	: 6385.45
clflush size	: 64
cache_alignment	: 64
address sizes	: 36 bits physical, 48 bits virtual
power management:

processor	: 3
vendor_id	: GenuineIntel
cpu family	: 6
model		: 58
model name	: Intel(R) Core(TM) i5-3470 CPU @ 3.20GHz
stepping	: 9
microcode	: 0x12
cpu MHz		: 3201.000
cache size	: 6144 KB
physical id	: 0
siblings	: 4
core id		: 3
cpu cores	: 4
apicid		: 6
initial apicid	: 6
fpu		: yes
fpu_exception	: yes
cpuid level	: 13
wp		: yes
flags		: fpu vme de pse tsc msr pae mce cx8 apic sep mtrr pge mca cmov pat pse36 clflush dts acpi mmx fxsr sse sse2 ss ht tm pbe syscall nx rdtscp lm constant_tsc arch_perfmon pebs bts rep_good nopl xtopology nonstop_tsc aperfmperf pni pclmulqdq dtes64 monitor ds_cpl vmx smx est tm2 ssse3 cx16 xtpr pdcm pcid sse4_1 sse4_2 x2apic popcnt tsc_deadline_timer aes xsave avx f16c rdrand lahf_lm ida arat epb xsaveopt pln pts dtherm tpr_shadow vnmi flexpriority ept vpid fsgsbase smep erms
bogomips	: 6385.45
clflush size	: 64
cache_alignment	: 64
address sizes	: 36 bits physical, 48 bits virtual
power management:



Memory: 4k page, physical 8070604k(4264136k free), swap 8260604k(8260604k free)

vm_info: Java HotSpot(TM) 64-Bit Server VM (25.5-b02) for linux-amd64 JRE (1.8.0_05-b13), built on Mar 18 2014 00:29:27 by "java_re" with gcc 4.3.0 20080428 (Red Hat 4.3.0-8)

time: Wed Jun 18 10:21:18 2014
elapsed time: 9 seconds

