#
# A fatal error has been detected by the Java Runtime Environment:
#
#  SIGSEGV (0xb) at pc=0x00007f1596f35b2c, pid=5410, tid=139730355308288
#
# JRE version: Java(TM) SE Runtime Environment (8.0_05-b13) (build 1.8.0_05-b13)
# Java VM: Java HotSpot(TM) 64-Bit Server VM (25.5-b02 mixed mode linux-amd64 compressed oops)
# Problematic frame:
# V  [libjvm.so+0x304b2c]  OopFlow::build_oop_map(Node*, int, PhaseRegAlloc*, int*)+0x14c
#
# Failed to write core dump. Core dumps have been disabled. To enable core dumping, try "ulimit -c unlimited" before starting Java again
#
# If you would like to submit a bug report, please visit:
#   http://bugreport.sun.com/bugreport/crash.jsp
#

---------------  T H R E A D  ---------------

Current thread (0x00007f157c114800):  JavaThread "C2 CompilerThread0" daemon [_thread_in_native, id=5422, stack(0x00007f1582214000,0x00007f1582315000)]

siginfo:si_signo=SIGSEGV: si_errno=0, si_code=1 (SEGV_MAPERR), si_addr=0x0000000000000000

Registers:
RAX=0x00000000015ee788, RBX=0x0000000000000000, RCX=0x0000000000000008, RDX=0x00000000015eee60
RSP=0x00007f1582310660, RBP=0x00007f15823106e0, RSI=0x00000000000000db, RDI=0x00000000015eee90
R8 =0x00007f157d7e0da0, R9 =0x0000000000000013, R10=0x0000000000000000, R11=0x0000000000000000
R12=0x00000000000000c0, R13=0x0000000000000180, R14=0x00000000000000b8, R15=0x00007f157c6f8068
RIP=0x00007f1596f35b2c, EFLAGS=0x0000000000010246, CSGSFS=0x0000000000000033, ERR=0x0000000000000004
  TRAPNO=0x000000000000000e

Top of Stack: (sp=0x00007f1582310660)
0x00007f1582310660:   00007f157d7e04c0 0000000000000400
0x00007f1582310670:   00007f157d7e0da0 00007f1582311f10
0x00007f1582310680:   000000da7d7dc6e0 00007f157c6f8068
0x00007f1582310690:   00000000015eee60 0000001c9713ea56
0x00007f15823106a0:   00000000015eee90 00007f157d175c30
0x00007f15823106b0:   0000000800000040 00007f157c6f8068
0x00007f15823106c0:   00000000015eee60 0000000000000012
0x00007f15823106d0:   0000000000000013 0000000000000013
0x00007f15823106e0:   00007f1582310750 00007f1596f3610a
0x00007f15823106f0:   00007f1582310750 00007f150000ffff
0x00007f1582310700:   00007f1500000004 00007f157d7dc6e0
0x00007f1582310710:   000000da82310750 00007f1582311f10
0x00007f1582310720:   000000097c6f7b00 0000000000000000
0x00007f1582310730:   00007f157c995938 0000000000000000
0x00007f1582310740:   00000000015eb910 00007f157c995308
0x00007f1582310750:   00007f1582310890 00007f1596f3729d
0x00007f1582310760:   00007f15823107a0 00000000013dc050
0x00007f1582310770:   00007f1582310830 0000000000000018
0x00007f1582310780:   000000000000001c 000000070f000000
0x00007f1582310790:   0000000100000004 00007f1582310858
0x00007f15823107a0:   00007f1582310850 00007f1582310830
0x00007f15823107b0:   00007f1582310830 00007f1582310830
0x00007f15823107c0:   00007f1582312d80 0000000000000007
0x00007f15823107d0:   00007f1582312040 00000007000000da
0x00007f15823107e0:   00007f157d7dc6e0 00007f157c122a60
0x00007f15823107f0:   00000000000000da ffffffff7d7d9390
0x00007f1582310800:   00007f157c9951b8 00007f157c6f7b00
0x00007f1582310810:   00007f157d7dc810 0000000000000020
0x00007f1582310820:   ffffffffffffffdf 00007f1582311f10
0x00007f1582310830:   00007f1500000080 00007f157c122a60
0x00007f1582310840:   00007f157d7ded00 00007f1500000004
0x00007f1582310850:   0000000000000014 0000000000000000 

Instructions: (pc=0x00007f1596f35b2c)
0x00007f1596f35b0c:   44 39 e2 0f 8e bb 00 00 00 48 8b 05 fc 90 ba 00
0x00007f1596f35b1c:   4e 8b 34 a8 48 8b 55 b0 48 8b 42 08 4a 8b 1c a8
0x00007f1596f35b2c:   48 8b 03 48 89 df ff 50 28 8b 48 10 48 89 c6 48
0x00007f1596f35b3c:   8b 15 de a9 ba 00 48 63 c1 48 8d 44 00 01 48 c1 

Register to memory mapping:

RAX=0x00000000015ee788 is an unknown value
RBX=0x0000000000000000 is an unknown value
RCX=0x0000000000000008 is an unknown value
RDX=0x00000000015eee60 is an unknown value
RSP=0x00007f1582310660 is pointing into the stack for thread: 0x00007f157c114800
RBP=0x00007f15823106e0 is pointing into the stack for thread: 0x00007f157c114800
RSI=0x00000000000000db is an unknown value
RDI=0x00000000015eee90 is an unknown value
R8 =0x00007f157d7e0da0 is an unknown value
R9 =0x0000000000000013 is an unknown value
R10=0x0000000000000000 is an unknown value
R11=0x0000000000000000 is an unknown value
R12=0x00000000000000c0 is an unknown value
R13=0x0000000000000180 is an unknown value
R14=0x00000000000000b8 is an unknown value
R15=0x00007f157c6f8068 is an unknown value


Stack: [0x00007f1582214000,0x00007f1582315000],  sp=0x00007f1582310660,  free space=1009k
Native frames: (J=compiled Java code, j=interpreted, Vv=VM code, C=native code)
V  [libjvm.so+0x304b2c]  OopFlow::build_oop_map(Node*, int, PhaseRegAlloc*, int*)+0x14c
V  [libjvm.so+0x30510a]  OopFlow::compute_reach(PhaseRegAlloc*, int, Dict*)+0x22a
V  [libjvm.so+0x30629d]  Compile::BuildOopMaps()+0xffd
V  [libjvm.so+0x8b4b8d]  Compile::Output()+0x6dd
V  [libjvm.so+0x45e05a]  Compile::Code_Gen()+0x30a
V  [libjvm.so+0x4612c5]  Compile::Compile(ciEnv*, C2Compiler*, ciMethod*, int, bool, bool, bool)+0x1435
V  [libjvm.so+0x3b5008]  C2Compiler::compile_method(ciEnv*, ciMethod*, int)+0x198
V  [libjvm.so+0x46982a]  CompileBroker::invoke_compiler_on_method(CompileTask*)+0xc8a
V  [libjvm.so+0x46c230]  CompileBroker::compiler_thread_loop()+0x620
V  [libjvm.so+0x9e303f]  JavaThread::thread_main_inner()+0xdf
V  [libjvm.so+0x9e3205]  JavaThread::run()+0x1b5
V  [libjvm.so+0x8a00c8]  java_start(Thread*)+0x108


Current CompileTask:
C2:   9350 4907       4       groovy.lang.MetaClassImpl::findPropertyMethod (356 bytes)


---------------  P R O C E S S  ---------------

Java Threads: ( => current thread )
  0x00007f1574a33800 JavaThread "net.sf.ehcache.CacheManager@b545369" daemon [_thread_blocked, id=5442, stack(0x00007f157a5fc000,0x00007f157a6fd000)]
  0x00007f1574775000 JavaThread "PoolCleaner[1613191256:1403079628012]" daemon [_thread_blocked, id=5441, stack(0x00007f157acfd000,0x00007f157adfe000)]
  0x0000000001ae3800 JavaThread "FileSystemWatcher: files=#90 cl=groovy.lang.GroovyClassLoader@60275858" daemon [_thread_blocked, id=5440, stack(0x00007f157bbfe000,0x00007f157bcff000)]
  0x0000000001a97000 JavaThread "Thread-3" daemon [_thread_in_native, id=5439, stack(0x00007f157bcff000,0x00007f157be00000)]
  0x0000000001677800 JavaThread "localhost-startStop-1" daemon [_thread_in_Java, id=5438, stack(0x00007f158010f000,0x00007f1580210000)]
  0x00007f1574506000 JavaThread "Tomcat-startStop-1" daemon [_thread_blocked, id=5437, stack(0x00007f1580210000,0x00007f1580311000)]
  0x00007f15744bf800 JavaThread "Thread-2" [_thread_in_native, id=5436, stack(0x00007f1580b41000,0x00007f1580c42000)]
  0x0000000000fc4000 JavaThread "NonBlockingInputStreamThread" daemon [_thread_blocked, id=5432, stack(0x00007f158169d000,0x00007f158179e000)]
  0x0000000000f84800 JavaThread "process reaper" daemon [_thread_blocked, id=5428, stack(0x00007f1581dd2000,0x00007f1581e0b000)]
  0x00007f157c140800 JavaThread "Service Thread" daemon [_thread_blocked, id=5425, stack(0x00007f1581f11000,0x00007f1582012000)]
  0x00007f157c126800 JavaThread "C1 CompilerThread2" daemon [_thread_blocked, id=5424, stack(0x00007f1582012000,0x00007f1582113000)]
  0x00007f157c124800 JavaThread "C2 CompilerThread1" daemon [_thread_in_native, id=5423, stack(0x00007f1582113000,0x00007f1582214000)]
=>0x00007f157c114800 JavaThread "C2 CompilerThread0" daemon [_thread_in_native, id=5422, stack(0x00007f1582214000,0x00007f1582315000)]
  0x00007f157c030800 JavaThread "Signal Dispatcher" daemon [_thread_blocked, id=5421, stack(0x00007f158241a000,0x00007f158251b000)]
  0x00007f157c001000 JavaThread "Finalizer" daemon [_thread_blocked, id=5420, stack(0x00007f1582692000,0x00007f1582793000)]
  0x0000000000bad000 JavaThread "Reference Handler" daemon [_thread_blocked, id=5419, stack(0x00007f1582793000,0x00007f1582894000)]
  0x0000000000a77800 JavaThread "main" [_thread_blocked, id=5413, stack(0x00007f159861c000,0x00007f159871d000)]

Other Threads:
  0x0000000000ba8000 VMThread [stack: 0x00007f1582894000,0x00007f1582995000] [id=5418]
  0x00007f157c143000 WatcherThread [stack: 0x00007f1581e10000,0x00007f1581f11000] [id=5426]

VM state:not at safepoint (normal execution)

VM Mutex/Monitor currently owned by a thread: None

Heap:
 PSYoungGen      total 234496K, used 52321K [0x00000000f0000000, 0x0000000100000000, 0x0000000100000000)
  eden space 206848K, 11% used [0x00000000f0000000,0x00000000f181d0b8,0x00000000fca00000)
  from space 27648K, 99% used [0x00000000fca00000,0x00000000fe4fb450,0x00000000fe500000)
  to   space 27648K, 0% used [0x00000000fe500000,0x00000000fe500000,0x0000000100000000)
 ParOldGen       total 77312K, used 61506K [0x00000000d0000000, 0x00000000d4b80000, 0x00000000f0000000)
  object space 77312K, 79% used [0x00000000d0000000,0x00000000d3c10b20,0x00000000d4b80000)
 Metaspace       used 55088K, capacity 56426K, committed 56704K, reserved 1099776K
  class space    used 6357K, capacity 6741K, committed 6784K, reserved 1048576K

Card table byte_map: [0x00007f15861ce000,0x00007f158634f000] byte_map_base: 0x00007f1585b4e000

Marking Bits: (ParMarkBitMap*) 0x00007f1597b29cc0
 Begin Bits: [0x00007f15844ca000, 0x00007f15850ca000)
 End Bits:   [0x00007f15850ca000, 0x00007f1585cca000)

Polling page: 0x00007f1598732000

CodeCache: size=245760Kb used=16412Kb max_used=16412Kb free=229347Kb
 bounds [0x00007f158670f000, 0x00007f158772f000, 0x00007f159570f000]
 total_blobs=5421 nmethods=4682 adapters=650
 compilation: enabled

Compilation events (10 events):
Event: 9,341 Thread 0x00007f157c126800 5018   !   2       org.springframework.beans.BeanWrapperImpl::isWritableProperty (33 bytes)
Event: 9,342 Thread 0x00007f157c126800 nmethod 5018 0x00007f1587718a90 code [0x00007f1587718c80, 0x00007f15877190f8]
Event: 9,342 Thread 0x00007f157c126800 5019       2       org.springframework.beans.GenericTypeAwarePropertyDescriptor::getWriteMethodForActualAccess (72 bytes)
Event: 9,343 Thread 0x00007f157c126800 nmethod 5019 0x00007f1587719790 code [0x00007f15877199a0, 0x00007f1587719f38]
Event: 9,343 Thread 0x00007f157c126800 5020       1       org.springframework.beans.AbstractPropertyAccessor::isExtractOldValueForEditor (5 bytes)
Event: 9,343 Thread 0x00007f157c126800 nmethod 5020 0x00007f158771a410 code [0x00007f158771a560, 0x00007f158771a670]
Event: 9,343 Thread 0x00007f157c126800 5021       2       org.hibernate.service.internal.ConcurrentServiceBinding$Node::get (72 bytes)
Event: 9,343 Thread 0x00007f157c126800 nmethod 5021 0x00007f158771a6d0 code [0x00007f158771a840, 0x00007f158771aa58]
Event: 9,344 Thread 0x00007f157c126800 5022       2       java.util.regex.Pattern::accept (43 bytes)
Event: 9,344 Thread 0x00007f157c126800 nmethod 5022 0x00007f158771abd0 code [0x00007f158771ad40, 0x00007f158771afb8]

GC Heap History (10 events):
Event: 7,521 GC heap before
{Heap before GC invocations=67 (full 8):
 PSYoungGen      total 206848K, used 174062K [0x00000000f0000000, 0x00000000fe580000, 0x0000000100000000)
  eden space 181760K, 95% used [0x00000000f0000000,0x00000000fa9fb8a0,0x00000000fb180000)
  from space 25088K, 0% used [0x00000000fcd00000,0x00000000fcd00000,0x00000000fe580000)
  to   space 26624K, 0% used [0x00000000fb180000,0x00000000fb180000,0x00000000fcb80000)
 ParOldGen       total 77312K, used 57652K [0x00000000d0000000, 0x00000000d4b80000, 0x00000000f0000000)
  object space 77312K, 74% used [0x00000000d0000000,0x00000000d384d148,0x00000000d4b80000)
 Metaspace       used 49678K, capacity 50886K, committed 51200K, reserved 1093632K
  class space    used 5651K, capacity 6060K, committed 6144K, reserved 1048576K
Event: 7,525 GC heap after
Heap after GC invocations=67 (full 8):
 PSYoungGen      total 208384K, used 3374K [0x00000000f0000000, 0x00000000ff600000, 0x0000000100000000)
  eden space 181760K, 0% used [0x00000000f0000000,0x00000000f0000000,0x00000000fb180000)
  from space 26624K, 12% used [0x00000000fb180000,0x00000000fb4cb990,0x00000000fcb80000)
  to   space 26624K, 0% used [0x00000000fdc00000,0x00000000fdc00000,0x00000000ff600000)
 ParOldGen       total 77312K, used 57660K [0x00000000d0000000, 0x00000000d4b80000, 0x00000000f0000000)
  object space 77312K, 74% used [0x00000000d0000000,0x00000000d384f148,0x00000000d4b80000)
 Metaspace       used 49678K, capacity 50886K, committed 51200K, reserved 1093632K
  class space    used 5651K, capacity 6060K, committed 6144K, reserved 1048576K
}
Event: 7,798 GC heap before
{Heap before GC invocations=68 (full 8):
 PSYoungGen      total 208384K, used 177125K [0x00000000f0000000, 0x00000000ff600000, 0x0000000100000000)
  eden space 181760K, 95% used [0x00000000f0000000,0x00000000fa9add48,0x00000000fb180000)
  from space 26624K, 12% used [0x00000000fb180000,0x00000000fb4cb990,0x00000000fcb80000)
  to   space 26624K, 0% used [0x00000000fdc00000,0x00000000fdc00000,0x00000000ff600000)
 ParOldGen       total 77312K, used 57660K [0x00000000d0000000, 0x00000000d4b80000, 0x00000000f0000000)
  object space 77312K, 74% used [0x00000000d0000000,0x00000000d384f148,0x00000000d4b80000)
 Metaspace       used 50636K, capacity 51910K, committed 52096K, reserved 1095680K
  class space    used 5788K, capacity 6188K, committed 6272K, reserved 1048576K
Event: 7,806 GC heap after
Heap after GC invocations=68 (full 8):
 PSYoungGen      total 220160K, used 5835K [0x00000000f0000000, 0x00000000ff280000, 0x0000000100000000)
  eden space 197120K, 0% used [0x00000000f0000000,0x00000000f0000000,0x00000000fc080000)
  from space 23040K, 25% used [0x00000000fdc00000,0x00000000fe1b2f98,0x00000000ff280000)
  to   space 25600K, 0% used [0x00000000fc080000,0x00000000fc080000,0x00000000fd980000)
 ParOldGen       total 77312K, used 57668K [0x00000000d0000000, 0x00000000d4b80000, 0x00000000f0000000)
  object space 77312K, 74% used [0x00000000d0000000,0x00000000d3851148,0x00000000d4b80000)
 Metaspace       used 50636K, capacity 51910K, committed 52096K, reserved 1095680K
  class space    used 5788K, capacity 6188K, committed 6272K, reserved 1048576K
}
Event: 8,240 GC heap before
{Heap before GC invocations=69 (full 8):
 PSYoungGen      total 220160K, used 202955K [0x00000000f0000000, 0x00000000ff280000, 0x0000000100000000)
  eden space 197120K, 100% used [0x00000000f0000000,0x00000000fc080000,0x00000000fc080000)
  from space 23040K, 25% used [0x00000000fdc00000,0x00000000fe1b2f98,0x00000000ff280000)
  to   space 25600K, 0% used [0x00000000fc080000,0x00000000fc080000,0x00000000fd980000)
 ParOldGen       total 77312K, used 57668K [0x00000000d0000000, 0x00000000d4b80000, 0x00000000f0000000)
  object space 77312K, 74% used [0x00000000d0000000,0x00000000d3851148,0x00000000d4b80000)
 Metaspace       used 51441K, capacity 52702K, committed 52864K, reserved 1095680K
  class space    used 5883K, capacity 6272K, committed 6272K, reserved 1048576K
Event: 8,264 GC heap after
Heap after GC invocations=69 (full 8):
 PSYoungGen      total 222720K, used 11762K [0x00000000f0000000, 0x0000000100000000, 0x0000000100000000)
  eden space 197120K, 0% used [0x00000000f0000000,0x00000000f0000000,0x00000000fc080000)
  from space 25600K, 45% used [0x00000000fc080000,0x00000000fcbfc958,0x00000000fd980000)
  to   space 24576K, 0% used [0x00000000fe800000,0x00000000fe800000,0x0000000100000000)
 ParOldGen       total 77312K, used 57676K [0x00000000d0000000, 0x00000000d4b80000, 0x00000000f0000000)
  object space 77312K, 74% used [0x00000000d0000000,0x00000000d3853148,0x00000000d4b80000)
 Metaspace       used 51441K, capacity 52702K, committed 52864K, reserved 1095680K
  class space    used 5883K, capacity 6272K, committed 6272K, reserved 1048576K
}
Event: 8,787 GC heap before
{Heap before GC invocations=70 (full 8):
 PSYoungGen      total 222720K, used 208882K [0x00000000f0000000, 0x0000000100000000, 0x0000000100000000)
  eden space 197120K, 100% used [0x00000000f0000000,0x00000000fc080000,0x00000000fc080000)
  from space 25600K, 45% used [0x00000000fc080000,0x00000000fcbfc958,0x00000000fd980000)
  to   space 24576K, 0% used [0x00000000fe800000,0x00000000fe800000,0x0000000100000000)
 ParOldGen       total 77312K, used 57676K [0x00000000d0000000, 0x00000000d4b80000, 0x00000000f0000000)
  object space 77312K, 74% used [0x00000000d0000000,0x00000000d3853148,0x00000000d4b80000)
 Metaspace       used 52970K, capacity 54274K, committed 54656K, reserved 1097728K
  class space    used 6019K, capacity 6406K, committed 6528K, reserved 1048576K
Event: 8,804 GC heap after
Heap after GC invocations=70 (full 8):
 PSYoungGen      total 231424K, used 21074K [0x00000000f0000000, 0x0000000100000000, 0x0000000100000000)
  eden space 206848K, 0% used [0x00000000f0000000,0x00000000f0000000,0x00000000fca00000)
  from space 24576K, 85% used [0x00000000fe800000,0x00000000ffc94b30,0x0000000100000000)
  to   space 27648K, 0% used [0x00000000fca00000,0x00000000fca00000,0x00000000fe500000)
 ParOldGen       total 77312K, used 57684K [0x00000000d0000000, 0x00000000d4b80000, 0x00000000f0000000)
  object space 77312K, 74% used [0x00000000d0000000,0x00000000d3855148,0x00000000d4b80000)
 Metaspace       used 52970K, capacity 54274K, committed 54656K, reserved 1097728K
  class space    used 6019K, capacity 6406K, committed 6528K, reserved 1048576K
}
Event: 9,310 GC heap before
{Heap before GC invocations=71 (full 8):
 PSYoungGen      total 231424K, used 226240K [0x00000000f0000000, 0x0000000100000000, 0x0000000100000000)
  eden space 206848K, 99% used [0x00000000f0000000,0x00000000fc85b530,0x00000000fca00000)
  from space 24576K, 85% used [0x00000000fe800000,0x00000000ffc94b30,0x0000000100000000)
  to   space 27648K, 0% used [0x00000000fca00000,0x00000000fca00000,0x00000000fe500000)
 ParOldGen       total 77312K, used 57684K [0x00000000d0000000, 0x00000000d4b80000, 0x00000000f0000000)
  object space 77312K, 74% used [0x00000000d0000000,0x00000000d3855148,0x00000000d4b80000)
 Metaspace       used 55030K, capacity 56360K, committed 56704K, reserved 1099776K
  class space    used 6346K, capacity 6739K, committed 6784K, reserved 1048576K
Event: 9,332 GC heap after
Heap after GC invocations=71 (full 8):
 PSYoungGen      total 234496K, used 27629K [0x00000000f0000000, 0x0000000100000000, 0x0000000100000000)
  eden space 206848K, 0% used [0x00000000f0000000,0x00000000f0000000,0x00000000fca00000)
  from space 27648K, 99% used [0x00000000fca00000,0x00000000fe4fb450,0x00000000fe500000)
  to   space 27648K, 0% used [0x00000000fe500000,0x00000000fe500000,0x0000000100000000)
 ParOldGen       total 77312K, used 61506K [0x00000000d0000000, 0x00000000d4b80000, 0x00000000f0000000)
  object space 77312K, 79% used [0x00000000d0000000,0x00000000d3c10b20,0x00000000d4b80000)
 Metaspace       used 55030K, capacity 56360K, committed 56704K, reserved 1099776K
  class space    used 6346K, capacity 6739K, committed 6784K, reserved 1048576K
}

Deoptimization events (10 events):
Event: 7,849 Thread 0x0000000001677800 Uncommon trap: reason=unreached action=reinterpret pc=0x00007f158730eab0 method=java.lang.reflect.Method.equals(Ljava/lang/Object;)Z @ 1
Event: 7,887 Thread 0x0000000001677800 Uncommon trap: reason=unloaded action=reinterpret pc=0x00007f15872ca270 method=com.sun.beans.TypeResolver.resolve(Ljava/lang/reflect/Type;Ljava/lang/reflect/Type;)Ljava/lang/reflect/Type; @ 175
Event: 7,956 Thread 0x0000000001677800 Uncommon trap: reason=unloaded action=reinterpret pc=0x00007f158731a348 method=com.sun.beans.TypeResolver.resolve(Ljava/lang/reflect/Type;Ljava/lang/reflect/Type;)Ljava/lang/reflect/Type; @ 175
Event: 7,962 Thread 0x0000000001677800 Uncommon trap: reason=unreached action=reinterpret pc=0x00007f158741c83c method=org.codehaus.groovy.runtime.metaclass.MetaMethodIndex.isNonRealMethod(Lgroovy/lang/MetaMethod;)Z @ 4
Event: 8,005 Thread 0x0000000001677800 Uncommon trap: reason=bimorphic action=maybe_recompile pc=0x00007f1586e08dd4 method=groovy.lang.MetaMethod.getMopName()Ljava/lang/String; @ 8
Event: 8,005 Thread 0x0000000001677800 Uncommon trap: reason=bimorphic action=maybe_recompile pc=0x00007f158751bc40 method=groovy.lang.MetaClassImpl$1MOPIter.methodNameAction(Ljava/lang/Class;Lorg/codehaus/groovy/runtime/metaclass/MetaMethodIndex$Entry;)V @ 62
Event: 8,005 Thread 0x0000000001677800 Uncommon trap: reason=bimorphic action=maybe_recompile pc=0x00007f158751bc40 method=groovy.lang.MetaClassImpl$1MOPIter.methodNameAction(Ljava/lang/Class;Lorg/codehaus/groovy/runtime/metaclass/MetaMethodIndex$Entry;)V @ 62
Event: 8,005 Thread 0x0000000001677800 Uncommon trap: reason=bimorphic action=maybe_recompile pc=0x00007f158751bc40 method=groovy.lang.MetaClassImpl$1MOPIter.methodNameAction(Ljava/lang/Class;Lorg/codehaus/groovy/runtime/metaclass/MetaMethodIndex$Entry;)V @ 62
Event: 8,005 Thread 0x0000000001677800 Uncommon trap: reason=bimorphic action=maybe_recompile pc=0x00007f158751bc40 method=groovy.lang.MetaClassImpl$1MOPIter.methodNameAction(Ljava/lang/Class;Lorg/codehaus/groovy/runtime/metaclass/MetaMethodIndex$Entry;)V @ 62
Event: 8,539 Thread 0x0000000001677800 Uncommon trap: reason=unreached action=reinterpret pc=0x00007f15875c69a4 method=java.lang.reflect.AnnotatedElement.isAnnotationPresent(Ljava/lang/Class;)Z @ 7

Internal exceptions (10 events):
Event: 9,343 Thread 0x0000000001677800 Exception <a 'java/security/PrivilegedActionException'> (0x00000000f0b50458) thrown at [/HUDSON/workspace/8-2-build-linux-amd64/jdk8u5/2488/hotspot/src/share/vm/prims/jvm.cpp, line 1248]
Event: 9,343 Thread 0x0000000001677800 Exception <a 'java/security/PrivilegedActionException'> (0x00000000f0b555a0) thrown at [/HUDSON/workspace/8-2-build-linux-amd64/jdk8u5/2488/hotspot/src/share/vm/prims/jvm.cpp, line 1248]
Event: 9,343 Thread 0x0000000001677800 Exception <a 'java/security/PrivilegedActionException'> (0x00000000f0b68058) thrown at [/HUDSON/workspace/8-2-build-linux-amd64/jdk8u5/2488/hotspot/src/share/vm/prims/jvm.cpp, line 1248]
Event: 9,343 Thread 0x0000000001677800 Exception <a 'java/security/PrivilegedActionException'> (0x00000000f0b6c700) thrown at [/HUDSON/workspace/8-2-build-linux-amd64/jdk8u5/2488/hotspot/src/share/vm/prims/jvm.cpp, line 1248]
Event: 9,343 Thread 0x0000000001677800 Exception <a 'java/security/PrivilegedActionException'> (0x00000000f0b80250) thrown at [/HUDSON/workspace/8-2-build-linux-amd64/jdk8u5/2488/hotspot/src/share/vm/prims/jvm.cpp, line 1248]
Event: 9,343 Thread 0x0000000001677800 Exception <a 'java/security/PrivilegedActionException'> (0x00000000f0b84c70) thrown at [/HUDSON/workspace/8-2-build-linux-amd64/jdk8u5/2488/hotspot/src/share/vm/prims/jvm.cpp, line 1248]
Event: 9,344 Thread 0x0000000001677800 Exception <a 'java/security/PrivilegedActionException'> (0x00000000f0ba4b30) thrown at [/HUDSON/workspace/8-2-build-linux-amd64/jdk8u5/2488/hotspot/src/share/vm/prims/jvm.cpp, line 1248]
Event: 9,344 Thread 0x0000000001677800 Exception <a 'java/security/PrivilegedActionException'> (0x00000000f0ba9f38) thrown at [/HUDSON/workspace/8-2-build-linux-amd64/jdk8u5/2488/hotspot/src/share/vm/prims/jvm.cpp, line 1248]
Event: 9,346 Thread 0x0000000001677800 Exception <a 'java/security/PrivilegedActionException'> (0x00000000f0bc6010) thrown at [/HUDSON/workspace/8-2-build-linux-amd64/jdk8u5/2488/hotspot/src/share/vm/prims/jvm.cpp, line 1248]
Event: 9,346 Thread 0x0000000001677800 Exception <a 'java/security/PrivilegedActionException'> (0x00000000f0bcca90) thrown at [/HUDSON/workspace/8-2-build-linux-amd64/jdk8u5/2488/hotspot/src/share/vm/prims/jvm.cpp, line 1248]

Events (10 events):
Event: 9,343 loading class org/codehaus/groovy/grails/orm/hibernate/metaclass/FindByBooleanPropertyPersistentMethod
Event: 9,343 loading class org/codehaus/groovy/grails/orm/hibernate/metaclass/FindByBooleanPropertyPersistentMethod done
Event: 9,343 loading class org/codehaus/groovy/grails/orm/hibernate/metaclass/CountByPersistentMethod
Event: 9,343 loading class org/codehaus/groovy/grails/orm/hibernate/metaclass/CountByPersistentMethod done
Event: 9,343 loading class org/codehaus/groovy/grails/orm/hibernate/metaclass/ListOrderByPersistentMethod
Event: 9,343 loading class org/codehaus/groovy/grails/orm/hibernate/metaclass/ListOrderByPersistentMethod done
Event: 9,344 loading class org/codehaus/groovy/grails/orm/hibernate/cfg/HibernateUtils$_enhanceSessionFactory_closure3
Event: 9,344 loading class org/codehaus/groovy/grails/orm/hibernate/cfg/HibernateUtils$_enhanceSessionFactory_closure3 done
Event: 9,346 loading class groovy/runtime/metaclass/org/codehaus/groovy/grails/orm/hibernate/cfg/HibernateUtils$_enhanceSessionFactory_closure3MetaClass
Event: 9,346 loading class groovy/runtime/metaclass/org/codehaus/groovy/grails/orm/hibernate/cfg/HibernateUtils$_enhanceSessionFactory_closure3MetaClass done


Dynamic libraries:
00400000-00401000 r-xp 00000000 08:02 2228742                            /usr/lib/jvm/java-8-oracle/bin/java
00600000-00601000 rw-p 00000000 08:02 2228742                            /usr/lib/jvm/java-8-oracle/bin/java
00a69000-02cf0000 rw-p 00000000 00:00 0                                  [heap]
d0000000-d4b80000 rw-p 00000000 00:00 0 
d4b80000-f0000000 ---p 00000000 00:00 0 
f0000000-100000000 rw-p 00000000 00:00 0 
100000000-1006a0000 rw-p 00000000 00:00 0 
1006a0000-140000000 ---p 00000000 00:00 0 
7f1574000000-7f1574d45000 rw-p 00000000 00:00 0 
7f1574d45000-7f1578000000 ---p 00000000 00:00 0 
7f1579afa000-7f1579bba000 rw-p 00000000 00:00 0 
7f1579bba000-7f1579cfa000 ---p 00000000 00:00 0 
7f1579cfa000-7f1579efa000 rw-p 00000000 00:00 0 
7f1579efa000-7f157a2fb000 rw-p 00000000 00:00 0 
7f157a2fb000-7f157a2fe000 ---p 00000000 00:00 0 
7f157a2fe000-7f157a5fc000 rw-p 00000000 00:00 0 
7f157a5fc000-7f157a5ff000 ---p 00000000 00:00 0 
7f157a5ff000-7f157a8fd000 rw-p 00000000 00:00 0 
7f157a8fd000-7f157aafd000 rw-p 00000000 00:00 0 
7f157aafd000-7f157acfd000 rw-p 00000000 00:00 0 
7f157acfd000-7f157ad00000 ---p 00000000 00:00 0 
7f157ad00000-7f157affe000 rw-p 00000000 00:00 0 
7f157affe000-7f157b1fe000 rw-p 00000000 00:00 0 
7f157b1fe000-7f157b3fe000 rw-p 00000000 00:00 0 
7f157b3fe000-7f157b5fe000 rw-p 00000000 00:00 0 
7f157b5fe000-7f157b7fe000 rw-p 00000000 00:00 0 
7f157b7fe000-7f157b9fe000 rw-p 00000000 00:00 0 
7f157b9fe000-7f157bbfe000 rw-p 00000000 00:00 0 
7f157bbfe000-7f157bc01000 ---p 00000000 00:00 0 
7f157bc01000-7f157bcff000 rw-p 00000000 00:00 0 
7f157bcff000-7f157bd02000 ---p 00000000 00:00 0 
7f157bd02000-7f157c000000 rw-p 00000000 00:00 0 
7f157c000000-7f157dfad000 rw-p 00000000 00:00 0 
7f157dfad000-7f1580000000 ---p 00000000 00:00 0 
7f15800da000-7f15800e0000 r--s 002f7000 08:02 2228554                    /usr/lib/jvm/java-8-oracle/jre/lib/charsets.jar
7f15800e0000-7f15800f3000 r--s 00345000 08:02 2228592                    /usr/lib/jvm/java-8-oracle/jre/lib/resources.jar
7f15800f3000-7f158010f000 r--s 00393000 08:02 2228454                    /usr/lib/jvm/java-8-oracle/jre/lib/ext/cldrdata.jar
7f158010f000-7f1580112000 ---p 00000000 00:00 0 
7f1580112000-7f1580210000 rw-p 00000000 00:00 0 
7f1580210000-7f1580213000 ---p 00000000 00:00 0 
7f1580213000-7f1580311000 rw-p 00000000 00:00 0 
7f1580311000-7f1580321000 r-xp 00000000 08:02 2228502                    /usr/lib/jvm/java-8-oracle/jre/lib/amd64/libnio.so
7f1580321000-7f1580521000 ---p 00010000 08:02 2228502                    /usr/lib/jvm/java-8-oracle/jre/lib/amd64/libnio.so
7f1580521000-7f1580522000 rw-p 00010000 08:02 2228502                    /usr/lib/jvm/java-8-oracle/jre/lib/amd64/libnio.so
7f1580522000-7f1580722000 rw-p 00000000 00:00 0 
7f1580722000-7f158072a000 r-xp 00000000 08:02 2228513                    /usr/lib/jvm/java-8-oracle/jre/lib/amd64/libmanagement.so
7f158072a000-7f158092a000 ---p 00008000 08:02 2228513                    /usr/lib/jvm/java-8-oracle/jre/lib/amd64/libmanagement.so
7f158092a000-7f158092b000 rw-p 00008000 08:02 2228513                    /usr/lib/jvm/java-8-oracle/jre/lib/amd64/libmanagement.so
7f158092b000-7f1580941000 r-xp 00000000 08:02 2228479                    /usr/lib/jvm/java-8-oracle/jre/lib/amd64/libnet.so
7f1580941000-7f1580b40000 ---p 00016000 08:02 2228479                    /usr/lib/jvm/java-8-oracle/jre/lib/amd64/libnet.so
7f1580b40000-7f1580b41000 rw-p 00015000 08:02 2228479                    /usr/lib/jvm/java-8-oracle/jre/lib/amd64/libnet.so
7f1580b41000-7f1580b44000 ---p 00000000 00:00 0 
7f1580b44000-7f1580c42000 rw-p 00000000 00:00 0 
7f1580c42000-7f1580c45000 r--s 00012000 08:02 33162464                   /home/luis/.m2/repository/javax/servlet/javax.servlet-api/3.0.1/javax.servlet-api-3.0.1.jar
7f1580c45000-7f1580c4a000 r--s 00040000 08:02 33161667                   /home/luis/.m2/repository/org/grails/grails-project-api/2.4.0/grails-project-api-2.4.0.jar
7f1580c4a000-7f1580c5b000 r--s 000d2000 08:02 33162674                   /home/luis/.m2/repository/org/liquibase/liquibase-core/2.0.5/liquibase-core-2.0.5.jar
7f1580c5b000-7f1580c5f000 r--s 0000c000 08:02 33162673                   /home/luis/.m2/repository/javax/validation/validation-api/1.1.0.Final/validation-api-1.1.0.Final.jar
7f1580c5f000-7f1580c65000 r--s 0004c000 08:02 33162670                   /home/luis/.m2/repository/org/grails/grails-datastore-simple/3.1.0.RELEASE/grails-datastore-simple-3.1.0.RELEASE.jar
7f1580c65000-7f1580c6a000 r--s 00048000 08:02 33162669                   /home/luis/.m2/repository/dom4j/dom4j/1.6.1/dom4j-1.6.1.jar
7f1580c6a000-7f1580c6c000 r--s 0000a000 08:02 33162666                   /home/luis/.m2/repository/org/grails/grails-datastore-gorm-plugin-support/3.1.0.RELEASE/grails-datastore-gorm-plugin-support-3.1.0.RELEASE.jar
7f1580c6c000-7f1580c72000 r--s 00041000 08:02 33162664                   /home/luis/.m2/repository/org/grails/grails-datastore-gorm-hibernate-core/3.1.0.RELEASE/grails-datastore-gorm-hibernate-core-3.1.0.RELEASE.jar
7f1580c72000-7f1580c75000 r--s 00010000 08:02 33162662                   /home/luis/.m2/repository/org/hibernate/common/hibernate-commons-annotations/4.0.4.Final/hibernate-commons-annotations-4.0.4.Final.jar
7f1580c75000-7f1580c7d000 r--s 00064000 08:02 33162660                   /home/luis/.m2/repository/org/grails/grails-datastore-gorm-hibernate4/3.1.0.RELEASE/grails-datastore-gorm-hibernate4-3.1.0.RELEASE.jar
7f1580c7d000-7f1580c86000 r--s 00081000 08:02 33162658                   /home/luis/.m2/repository/org/grails/grails-datastore-gorm/3.1.0.RELEASE/grails-datastore-gorm-3.1.0.RELEASE.jar
7f1580c86000-7f1580c87000 r--s 00003000 08:02 33162656                   /home/luis/.m2/repository/javax/transaction/jta/1.1/jta-1.1.jar
7f1580c87000-7f1580c90000 r--s 000a5000 08:02 33162655                   /home/luis/.m2/repository/org/javassist/javassist/3.17.1-GA/javassist-3.17.1-GA.jar
7f1580c90000-7f1580c9b000 r--s 00052000 08:02 33162652                   /home/luis/.m2/repository/org/grails/grails-datastore-core/3.1.0.RELEASE/grails-datastore-core-3.1.0.RELEASE.jar
7f1580c9b000-7f1580c9d000 r--s 0000d000 08:02 33162650                   /home/luis/.m2/repository/org/jboss/logging/jboss-logging/3.1.0.GA/jboss-logging-3.1.0.GA.jar
7f1580c9d000-7f1580cb3000 r--s 000e6000 08:02 33162648                   /home/luis/.m2/repository/net/sf/ehcache/ehcache-core/2.4.8/ehcache-core-2.4.8.jar
7f1580cb3000-7f1580cb5000 r--s 0000d000 08:02 33162646                   /home/luis/.m2/repository/com/fasterxml/classmate/1.0.0/classmate-1.0.0.jar
7f1580cb5000-7f1580cc2000 r--s 00080000 08:02 33162644                   /home/luis/.m2/repository/org/hibernate/hibernate-validator/5.0.3.Final/hibernate-validator-5.0.3.Final.jar
7f1580cc2000-7f1580cc4000 r--s 00011000 08:02 33162642                   /home/luis/.m2/repository/org/jboss/jandex/1.1.0.Final/jandex-1.1.0.Final.jar
7f1580cc4000-7f1580cc9000 r--s 00068000 08:02 33162640                   /home/luis/.m2/repository/antlr/antlr/2.7.7/antlr-2.7.7.jar
7f1580cc9000-7f1580cca000 r--s 00006000 08:02 33162638                   /home/luis/.m2/repository/org/jboss/spec/javax/transaction/jboss-transaction-api_1.2_spec/1.0.0.Final/jboss-transaction-api_1.2_spec-1.0.0.Final.jar
7f1580cca000-7f1580d27000 r--s 004a0000 08:02 33162636                   /home/luis/.m2/repository/org/hibernate/hibernate-core/4.3.5.Final/hibernate-core-4.3.5.Final.jar
7f1580d27000-7f1580d28000 r--s 00002000 08:02 33162635                   /home/luis/.m2/repository/org/jboss/logging/jboss-logging-annotations/1.2.0.Beta1/jboss-logging-annotations-1.2.0.Beta1.jar
7f1580d28000-7f1580d2c000 r--s 0001e000 08:02 33162633                   /home/luis/.m2/repository/org/hibernate/hibernate-ehcache/4.3.5.Final/hibernate-ehcache-4.3.5.Final.jar
7f1580d2c000-7f1580d39000 r--s 00109000 08:02 33162632                   /home/luis/.m2/repository/org/mozilla/rhino/1.7R4/rhino-1.7R4.jar
7f1580d39000-7f1580d3f000 r--s 0004a000 08:02 33162628                   /home/luis/.m2/repository/cglib/cglib-nodep/2.2.2/cglib-nodep-2.2.2.jar
7f1580d3f000-7f1580d49000 r--s 0005e000 08:02 33162626                   /home/luis/.m2/repository/org/springframework/spring-jdbc/4.0.5.RELEASE/spring-jdbc-4.0.5.RELEASE.jar
7f1580d49000-7f1580d4b000 r--s 0000e000 08:02 33162624                   /home/luis/.m2/repository/commons-logging/commons-logging/1.1.3/commons-logging-1.1.3.jar
7f1580d4b000-7f1580d5f000 r--s 000db000 08:02 33162623                   /home/luis/.m2/repository/org/springframework/spring-core/4.0.5.RELEASE/spring-core-4.0.5.RELEASE.jar
7f1580d5f000-7f1580d6b000 r--s 00098000 08:02 33162620                   /home/luis/.m2/repository/org/springframework/spring-beans/4.0.5.RELEASE/spring-beans-4.0.5.RELEASE.jar
7f1580d6b000-7f1580d73000 r--s 00052000 08:02 33162618                   /home/luis/.m2/repository/org/springframework/spring-orm/4.0.5.RELEASE/spring-orm-4.0.5.RELEASE.jar
7f1580d73000-7f1580d76000 r--s 00083000 08:02 33162616                   /home/luis/.m2/repository/org/grails/grails-resources/2.4.0/grails-resources-2.4.0.jar
7f1580d76000-7f1580d83000 r--s 00174000 08:02 33162612                   /home/luis/.m2/repository/com/h2database/h2/1.3.173/h2-1.3.173.jar
7f1580d83000-7f1580d87000 r--s 00021000 08:02 33162604                   /home/luis/.m2/repository/org/grails/grails-plugin-converters/2.4.0/grails-plugin-converters-2.4.0.jar
7f1580d87000-7f1580d89000 r--s 0000e000 08:02 33162602                   /home/luis/.m2/repository/org/grails/grails-plugin-mimetypes/2.4.0/grails-plugin-mimetypes-2.4.0.jar
7f1580d89000-7f1580d8c000 r--s 00018000 08:02 33162598                   /home/luis/.m2/repository/org/grails/grails-plugin-domain-class/2.4.0/grails-plugin-domain-class-2.4.0.jar
7f1580d8c000-7f1580d8d000 r--s 0000e000 08:02 33162591                   /home/luis/.m2/repository/org/codehaus/jsr166-mirror/jsr166y/1.7.0/jsr166y-1.7.0.jar
7f1580d8d000-7f1580da9000 r--s 00136000 08:02 33162589                   /home/luis/.m2/repository/org/codehaus/gpars/gpars/1.2.0/gpars-1.2.0.jar
7f1580da9000-7f1580dab000 r--s 00011000 08:02 33162586                   /home/luis/.m2/repository/org/grails/grails-async/2.4.0/grails-async-2.4.0.jar
7f1580dab000-7f1580dad000 r--s 0000e000 08:02 33162585                   /home/luis/.m2/repository/org/grails/grails-plugin-async/2.4.0/grails-plugin-async-2.4.0.jar
7f1580dad000-7f1580db1000 r--s 00028000 08:02 33162584                   /home/luis/.m2/repository/commons-validator/commons-validator/1.4.0/commons-validator-1.4.0.jar
7f1580db1000-7f1580db4000 r--s 00012000 08:02 33162580                   /home/luis/.m2/repository/org/grails/grails-validation/2.4.0/grails-validation-2.4.0.jar
7f1580db4000-7f1580db8000 r--s 00019000 08:02 33162578                   /home/luis/.m2/repository/com/googlecode/concurrentlinkedhashmap/concurrentlinkedhashmap-lru/1.4/concurrentlinkedhashmap-lru-1.4.jar
7f1580db8000-7f1580dba000 r--s 0000e000 08:02 33162576                   /home/luis/.m2/repository/org/grails/grails-plugin-url-mappings/2.4.0/grails-plugin-url-mappings-2.4.0.jar
7f1580dba000-7f1580dbb000 r--s 00006000 08:02 33162575                   /home/luis/.m2/repository/org/grails/grails-plugin-servlets/2.4.0/grails-plugin-servlets-2.4.0.jar
7f1580dbb000-7f1580dc2000 r--s 00036000 08:02 33162572                   /home/luis/.m2/repository/org/springframework/spring-tx/4.0.5.RELEASE/spring-tx-4.0.5.RELEASE.jar
7f1580dc2000-7f1580dc4000 r--s 00009000 08:02 33162570                   /home/luis/.m2/repository/org/grails/grails-plugin-services/2.4.0/grails-plugin-services-2.4.0.jar
7f1580dc4000-7f1580dc5000 r--s 00001000 08:02 33162568                   /home/luis/.m2/repository/org/slf4j/jul-to-slf4j/1.7.5/jul-to-slf4j-1.7.5.jar
7f1580dc5000-7f1580dd4000 r--s 00096000 08:02 33162564                   /home/luis/.m2/repository/org/springframework/spring-web/4.0.5.RELEASE/spring-web-4.0.5.RELEASE.jar
7f1580dd4000-7f1580dd9000 r--s 0002a000 08:02 33162562                   /home/luis/.m2/repository/org/grails/grails-encoder/2.4.0/grails-encoder-2.4.0.jar
7f1580dd9000-7f1580ddf000 r--s 00033000 08:02 33162561                   /home/luis/.m2/repository/commons-codec/commons-codec/1.6/commons-codec-1.6.jar
7f1580ddf000-7f1580de1000 r--s 00012000 08:02 33162558                   /home/luis/.m2/repository/org/grails/grails-plugin-codecs/2.4.0/grails-plugin-codecs-2.4.0.jar
7f1580de1000-7f1580de2000 r--s 00000000 08:02 33162556                   /home/luis/.m2/repository/org/grails/grails-logging/2.4.0/grails-logging-2.4.0.jar
7f1580de2000-7f1580de8000 r--s 00057000 08:02 33162554                   /home/luis/.m2/repository/org/grails/grails-plugin-gsp/2.4.0/grails-plugin-gsp-2.4.0.jar
7f1580de8000-7f1580dea000 r--s 0000b000 08:02 33162552                   /home/luis/.m2/repository/org/grails/grails-plugin-filters/2.4.0/grails-plugin-filters-2.4.0.jar
7f1580dea000-7f1580def000 r--s 00041000 08:02 33161688                   /home/luis/.m2/repository/commons-lang/commons-lang/2.6/commons-lang-2.6.jar
7f1580def000-7f1580df0000 r--s 00005000 08:02 33162550                   /home/luis/.m2/repository/org/grails/grails-plugin-i18n/2.4.0/grails-plugin-i18n-2.4.0.jar
7f1580df0000-7f1580df5000 r--s 00017000 08:02 33162548                   /home/luis/.m2/repository/org/hibernate/javax/persistence/hibernate-jpa-2.1-api/1.0.0.Final/hibernate-jpa-2.1-api-1.0.0.Final.jar
7f1580df5000-7f1580df7000 r--s 00000000 08:02 33162546                   /home/luis/.m2/repository/aopalliance/aopalliance/1.0/aopalliance-1.0.jar
7f1580df7000-7f1580df9000 r--s 00009000 08:02 33162544                   /home/luis/.m2/repository/org/grails/grails-spring/2.4.0/grails-spring-2.4.0.jar
7f1580df9000-7f1580dfc000 r--s 00041000 08:02 33161640                   /home/luis/.m2/repository/xalan/serializer/2.7.1/serializer-2.7.1.jar
7f1580dfc000-7f1580e09000 r--s 000a7000 08:02 33162542                   /home/luis/.m2/repository/org/grails/grails-core/2.4.0/grails-core-2.4.0.jar
7f1580e09000-7f1580e0a000 r--s 00005000 08:02 33162540                   /home/luis/.m2/repository/org/grails/grails-plugin-databinding/2.4.0/grails-plugin-databinding-2.4.0.jar
7f1580e0a000-7f1580e0f000 r--s 0002a000 08:02 33162539                   /home/luis/.m2/repository/com/google/code/gson/gson/2.2.4/gson-2.2.4.jar
7f1580e0f000-7f1580e13000 r--s 00027000 08:02 33162536                   /home/luis/.m2/repository/commons-io/commons-io/2.2/commons-io-2.2.jar
7f1580e13000-7f1580e15000 r--s 0000f000 08:02 33162534                   /home/luis/.m2/repository/commons-fileupload/commons-fileupload/1.3.1/commons-fileupload-1.3.1.jar
7f1580e15000-7f1580e16000 r--s 00000000 08:02 33162532                   /home/luis/.m2/repository/org/grails/grails-web-fileupload/2.4.0/grails-web-fileupload-2.4.0.jar
7f1580e16000-7f1580e19000 r--s 00023000 08:02 33162530                   /home/luis/.m2/repository/org/grails/grails-web-url-mappings/2.4.0/grails-web-url-mappings-2.4.0.jar
7f1580e19000-7f1580e1d000 r--s 00019000 08:02 33162528                   /home/luis/.m2/repository/org/aspectj/aspectjrt/1.8.0/aspectjrt-1.8.0.jar
7f1580e1d000-7f1580e21000 r--s 0001e000 08:02 33162526                   /home/luis/.m2/repository/org/springframework/spring-context-support/4.0.5.RELEASE/spring-context-support-4.0.5.RELEASE.jar
7f1580e21000-7f1580e2d000 r--s 00096000 08:02 33162524                   /home/luis/.m2/repository/org/springframework/spring-webmvc/4.0.5.RELEASE/spring-webmvc-4.0.5.RELEASE.jar
7f1580e2d000-7f1580e32000 r--s 00030000 08:02 33162522                   /home/luis/.m2/repository/org/grails/grails-web-common/2.4.0/grails-web-common-2.4.0.jar
7f1580e32000-7f1580e4a000 r--s 001aa000 08:02 33162521                   /home/luis/.m2/repository/org/aspectj/aspectjweaver/1.8.0/aspectjweaver-1.8.0.jar
7f1580e4a000-7f1580e4e000 r--s 00024000 08:02 33162518                   /home/luis/.m2/repository/org/grails/grails-web-jsp/2.4.0/grails-web-jsp-2.4.0.jar
7f1580e4e000-7f1580e50000 r--s 0000b000 08:02 33162516                   /home/luis/.m2/repository/org/springframework/spring-aspects/4.0.5.RELEASE/spring-aspects-4.0.5.RELEASE.jar
7f1580e50000-7f1580e52000 r--s 00009000 08:02 33162515                   /home/luis/.m2/repository/org/grails/grails-web-mvc/2.4.0/grails-web-mvc-2.4.0.jar
7f1580e52000-7f1580e58000 r--s 00027000 08:02 33162512                   /home/luis/.m2/repository/opensymphony/sitemesh/2.4/sitemesh-2.4.jar
7f1580e58000-7f1580e5a000 r--s 0000b000 08:02 33162510                   /home/luis/.m2/repository/org/grails/grails-web-sitemesh/2.4.0/grails-web-sitemesh-2.4.0.jar
7f1580e5a000-7f1580e5c000 r--s 00012000 08:02 33162509                   /home/luis/.m2/repository/org/grails/grails-databinding/2.4.0/grails-databinding-2.4.0.jar
7f1580e5c000-7f1580e5f000 r--s 0001c000 08:02 33162506                   /home/luis/.m2/repository/org/grails/grails-web-databinding/2.4.0/grails-web-databinding-2.4.0.jar
7f1580e5f000-7f1580e67000 r--s 0005b000 08:02 33162505                   /home/luis/.m2/repository/org/grails/grails-web-gsp/2.4.0/grails-web-gsp-2.4.0.jar
7f1580e67000-7f1580e69000 r--s 00009000 08:02 33162502                   /home/luis/.m2/repository/org/grails/grails-web/2.4.0/grails-web-2.4.0.jar
7f1580e69000-7f1580e6e000 r--s 0002e000 08:02 33162500                   /home/luis/.m2/repository/org/springframework/spring-expression/4.0.5.RELEASE/spring-expression-4.0.5.RELEASE.jar
7f1580e6e000-7f1580e77000 r--s 0004e000 08:02 33162498                   /home/luis/.m2/repository/org/springframework/spring-aop/4.0.5.RELEASE/spring-aop-4.0.5.RELEASE.jar
7f1580e77000-7f1580e8e000 r--s 000d8000 08:02 33162496                   /home/luis/.m2/repository/org/springframework/spring-context/4.0.5.RELEASE/spring-context-4.0.5.RELEASE.jar
7f1580e8e000-7f1580e90000 r--s 00008000 08:02 33162494                   /home/luis/.m2/repository/org/apache/tomcat/tomcat-juli/7.0.50/tomcat-juli-7.0.50.jar
7f1580e90000-7f1580e92000 r--s 0001d000 08:02 33162493                   /home/luis/.m2/repository/org/apache/tomcat/tomcat-jdbc/7.0.50/tomcat-jdbc-7.0.50.jar
7f1580e92000-7f1580e94000 r--s 0000d000 08:02 33162488                   /home/luis/.m2/repository/org/grails/grails-plugin-datasource/2.4.0/grails-plugin-datasource-2.4.0.jar
7f1580e94000-7f1580e96000 r--s 00008000 08:02 33162486                   /home/luis/.m2/repository/org/grails/grails-plugin-validation/2.4.0/grails-plugin-validation-2.4.0.jar
7f1580e96000-7f1580e99000 r--s 00020000 08:02 33162484                   /home/luis/.m2/repository/org/grails/grails-plugin-controllers/2.4.0/grails-plugin-controllers-2.4.0.jar
7f1580e99000-7f1580e9d000 r--s 00036000 08:02 33162479                   /home/luis/.m2/repository/org/grails/grails-plugin-rest/2.4.0/grails-plugin-rest-2.4.0.jar
7f1580e9d000-7f158109d000 rw-p 00000000 00:00 0 
7f158109d000-7f158129d000 rw-p 00000000 00:00 0 
7f158129d000-7f158149d000 rw-p 00000000 00:00 0 
7f158149d000-7f158169d000 rw-p 00000000 00:00 0 
7f158169d000-7f15816a0000 ---p 00000000 00:00 0 
7f15816a0000-7f158179e000 rw-p 00000000 00:00 0 
7f158179e000-7f15817a9000 r--s 0021a000 08:02 2228450                    /usr/lib/jvm/java-8-oracle/jre/lib/ext/localedata.jar
7f15817a9000-7f15817ab000 r-xp 00000000 08:02 60295251                   /usr/lib/x86_64-linux-gnu/gconv/ISO8859-1.so
7f15817ab000-7f15819aa000 ---p 00002000 08:02 60295251                   /usr/lib/x86_64-linux-gnu/gconv/ISO8859-1.so
7f15819aa000-7f15819ab000 r--p 00001000 08:02 60295251                   /usr/lib/x86_64-linux-gnu/gconv/ISO8859-1.so
7f15819ab000-7f15819ac000 rw-p 00002000 08:02 60295251                   /usr/lib/x86_64-linux-gnu/gconv/ISO8859-1.so
7f15819ac000-7f15819b3000 r--s 00000000 08:02 60295290                   /usr/lib/x86_64-linux-gnu/gconv/gconv-modules.cache
7f15819b3000-7f15819d1000 r--p 00000000 08:02 60296415                   /usr/share/locale/es/LC_MESSAGES/libc.mo
7f15819d1000-7f1581bd1000 rw-p 00000000 00:00 0 
7f1581bd1000-7f1581bd2000 r-xp 00000000 08:02 49807395                   /tmp/libjansi-64-8666814774870243135.so
7f1581bd2000-7f1581dd1000 ---p 00001000 08:02 49807395                   /tmp/libjansi-64-8666814774870243135.so
7f1581dd1000-7f1581dd2000 rw-p 00000000 08:02 49807395                   /tmp/libjansi-64-8666814774870243135.so
7f1581dd2000-7f1581dd5000 ---p 00000000 00:00 0 
7f1581dd5000-7f1581e0b000 rw-p 00000000 00:00 0 
7f1581e0b000-7f1581e10000 r--s 00092000 08:02 2228557                    /usr/lib/jvm/java-8-oracle/jre/lib/jsse.jar
7f1581e10000-7f1581e11000 ---p 00000000 00:00 0 
7f1581e11000-7f1581f11000 rw-p 00000000 00:00 0 
7f1581f11000-7f1581f14000 ---p 00000000 00:00 0 
7f1581f14000-7f1582012000 rw-p 00000000 00:00 0 
7f1582012000-7f1582015000 ---p 00000000 00:00 0 
7f1582015000-7f1582113000 rw-p 00000000 00:00 0 
7f1582113000-7f1582116000 ---p 00000000 00:00 0 
7f1582116000-7f1582214000 rw-p 00000000 00:00 0 
7f1582214000-7f1582217000 ---p 00000000 00:00 0 
7f1582217000-7f1582315000 rw-p 00000000 00:00 0 
7f1582315000-7f158231b000 r--s 0005f000 08:02 32768118                   /home/luis/.gvm/grails/2.4.0/lib/org.springframework/springloaded/jars/springloaded-1.2.0.RELEASE.jar
7f158231b000-7f158232b000 r--s 0019c000 08:02 33161699                   /home/luis/.m2/repository/org/eclipse/jdt/core/compiler/ecj/3.7.2/ecj-3.7.2.jar
7f158232b000-7f1582330000 r--s 0002f000 08:02 33161697                   /home/luis/.m2/repository/org/apache/tomcat/embed/tomcat-embed-websocket/7.0.53/tomcat-embed-websocket-7.0.53.jar
7f1582330000-7f1582332000 r--s 0000c000 08:02 33161689                   /home/luis/.m2/repository/org/apache/tomcat/tomcat-catalina-ant/7.0.53/tomcat-catalina-ant-7.0.53.jar
7f1582332000-7f1582353000 r--s 00267000 08:02 33161702                   /home/luis/.m2/repository/org/apache/tomcat/embed/tomcat-embed-core/7.0.53/tomcat-embed-core-7.0.53.jar
7f1582353000-7f158235c000 r--s 0009f000 08:02 33161691                   /home/luis/.m2/repository/org/apache/tomcat/embed/tomcat-embed-jasper/7.0.53/tomcat-embed-jasper-7.0.53.jar
7f158235c000-7f158235e000 r--s 0000e000 08:02 33423825                   /home/luis/IdeaProjects/Modeller/target/work/plugins/tomcat-7.0.53/grails-plugin-tomcat-7.0.53.jar
7f158235e000-7f1582362000 r--s 00027000 08:02 33161693                   /home/luis/.m2/repository/org/apache/tomcat/embed/tomcat-embed-el/7.0.53/tomcat-embed-el-7.0.53.jar
7f1582362000-7f1582364000 r--s 00013000 08:02 33161696                   /home/luis/.m2/repository/org/apache/tomcat/embed/tomcat-embed-logging-log4j/7.0.53/tomcat-embed-logging-log4j-7.0.53.jar
7f1582364000-7f1582366000 r--s 0001a000 08:02 33161665                   /home/luis/.m2/repository/org/fusesource/jansi/jansi/1.11/jansi-1.11.jar
7f1582366000-7f158237b000 r--s 00116000 08:02 33161664                   /home/luis/.m2/repository/org/apache/ivy/ivy/2.3.0/ivy-2.3.0.jar
7f158237b000-7f158237e000 r--s 00018000 08:02 33161659                   /home/luis/.m2/repository/org/apache/ant/ant-junit/1.8.4/ant-junit-1.8.4.jar
7f158237e000-7f158237f000 r--s 00001000 08:02 33161655                   /home/luis/.m2/repository/org/apache/ant/ant-trax/1.7.1/ant-trax-1.7.1.jar
7f158237f000-7f1582380000 r--s 00004000 08:02 33161653                   /home/luis/.m2/repository/org/apache/ant/ant-launcher/1.8.4/ant-launcher-1.8.4.jar
7f1582380000-7f1582383000 r--s 00030000 08:02 33161652                   /home/luis/.m2/repository/jline/jline/2.11/jline-2.11.jar
7f1582383000-7f15823a1000 r--s 001bd000 08:02 33161647                   /home/luis/.m2/repository/org/apache/ant/ant/1.8.4/ant-1.8.4.jar
7f15823a1000-7f15823a3000 r--s 00005000 08:02 33161649                   /home/luis/.m2/repository/org/slf4j/slf4j-api/1.7.5/slf4j-api-1.7.5.jar
7f15823a3000-7f15823af000 r--s 000cc000 08:02 33161642                   /home/luis/.m2/repository/org/grails/grails-bootstrap/2.4.0/grails-bootstrap-2.4.0.jar
7f15823af000-7f158241a000 r--s 0067e000 08:02 33162468                   /home/luis/.m2/repository/org/codehaus/groovy/groovy-all/2.3.1/groovy-all-2.3.1.jar
7f158241a000-7f158241d000 ---p 00000000 00:00 0 
7f158241d000-7f158251b000 rw-p 00000000 00:00 0 
7f158251b000-7f1582692000 r--p 00000000 08:02 60296451                   /usr/lib/locale/locale-archive
7f1582692000-7f1582695000 ---p 00000000 00:00 0 
7f1582695000-7f1582793000 rw-p 00000000 00:00 0 
7f1582793000-7f1582796000 ---p 00000000 00:00 0 
7f1582796000-7f1582894000 rw-p 00000000 00:00 0 
7f1582894000-7f1582895000 ---p 00000000 00:00 0 
7f1582895000-7f15838a4000 rw-p 00000000 00:00 0 
7f15838a4000-7f1583a79000 r--s 03c4d000 08:02 2228591                    /usr/lib/jvm/java-8-oracle/jre/lib/rt.jar
7f1583a79000-7f158434a000 rw-p 00000000 00:00 0 
7f158434a000-7f1585cca000 rw-p 00000000 00:00 0 
7f1585cca000-7f1585ccb000 ---p 00000000 00:00 0 
7f1585ccb000-7f1585dcb000 rw-p 00000000 00:00 0 
7f1585dcb000-7f1585dcc000 ---p 00000000 00:00 0 
7f1585dcc000-7f1585ecc000 rw-p 00000000 00:00 0 
7f1585ecc000-7f1585ecd000 ---p 00000000 00:00 0 
7f1585ecd000-7f1585fcd000 rw-p 00000000 00:00 0 
7f1585fcd000-7f1585fce000 ---p 00000000 00:00 0 
7f1585fce000-7f15860f4000 rw-p 00000000 00:00 0 
7f15860f4000-7f15861ce000 ---p 00000000 00:00 0 
7f15861ce000-7f15861f4000 rw-p 00000000 00:00 0 
7f15861f4000-7f15862ce000 ---p 00000000 00:00 0 
7f15862ce000-7f158634e000 rw-p 00000000 00:00 0 
7f158634e000-7f1586390000 rw-p 00000000 00:00 0 
7f1586390000-7f158670f000 ---p 00000000 00:00 0 
7f158670f000-7f158772f000 rwxp 00000000 00:00 0 
7f158772f000-7f159570f000 ---p 00000000 00:00 0 
7f159570f000-7f159572b000 r-xp 00000000 08:02 2228473                    /usr/lib/jvm/java-8-oracle/jre/lib/amd64/libzip.so
7f159572b000-7f159592a000 ---p 0001c000 08:02 2228473                    /usr/lib/jvm/java-8-oracle/jre/lib/amd64/libzip.so
7f159592a000-7f159592b000 rw-p 0001b000 08:02 2228473                    /usr/lib/jvm/java-8-oracle/jre/lib/amd64/libzip.so
7f159592b000-7f1595936000 r-xp 00000000 08:02 4984053                    /lib/x86_64-linux-gnu/libnss_files-2.13.so
7f1595936000-7f1595b35000 ---p 0000b000 08:02 4984053                    /lib/x86_64-linux-gnu/libnss_files-2.13.so
7f1595b35000-7f1595b36000 r--p 0000a000 08:02 4984053                    /lib/x86_64-linux-gnu/libnss_files-2.13.so
7f1595b36000-7f1595b37000 rw-p 0000b000 08:02 4984053                    /lib/x86_64-linux-gnu/libnss_files-2.13.so
7f1595b37000-7f1595b41000 r-xp 00000000 08:02 4984049                    /lib/x86_64-linux-gnu/libnss_nis-2.13.so
7f1595b41000-7f1595d40000 ---p 0000a000 08:02 4984049                    /lib/x86_64-linux-gnu/libnss_nis-2.13.so
7f1595d40000-7f1595d41000 r--p 00009000 08:02 4984049                    /lib/x86_64-linux-gnu/libnss_nis-2.13.so
7f1595d41000-7f1595d42000 rw-p 0000a000 08:02 4984049                    /lib/x86_64-linux-gnu/libnss_nis-2.13.so
7f1595d42000-7f1595d57000 r-xp 00000000 08:02 4984047                    /lib/x86_64-linux-gnu/libnsl-2.13.so
7f1595d57000-7f1595f56000 ---p 00015000 08:02 4984047                    /lib/x86_64-linux-gnu/libnsl-2.13.so
7f1595f56000-7f1595f57000 r--p 00014000 08:02 4984047                    /lib/x86_64-linux-gnu/libnsl-2.13.so
7f1595f57000-7f1595f58000 rw-p 00015000 08:02 4984047                    /lib/x86_64-linux-gnu/libnsl-2.13.so
7f1595f58000-7f1595f5a000 rw-p 00000000 00:00 0 
7f1595f5a000-7f1595f61000 r-xp 00000000 08:02 4984042                    /lib/x86_64-linux-gnu/libnss_compat-2.13.so
7f1595f61000-7f1596160000 ---p 00007000 08:02 4984042                    /lib/x86_64-linux-gnu/libnss_compat-2.13.so
7f1596160000-7f1596161000 r--p 00006000 08:02 4984042                    /lib/x86_64-linux-gnu/libnss_compat-2.13.so
7f1596161000-7f1596162000 rw-p 00007000 08:02 4984042                    /lib/x86_64-linux-gnu/libnss_compat-2.13.so
7f1596162000-7f159616c000 r-xp 00000000 08:02 2228499                    /usr/lib/jvm/java-8-oracle/jre/lib/amd64/libinstrument.so
7f159616c000-7f159636b000 ---p 0000a000 08:02 2228499                    /usr/lib/jvm/java-8-oracle/jre/lib/amd64/libinstrument.so
7f159636b000-7f159636c000 rw-p 00009000 08:02 2228499                    /usr/lib/jvm/java-8-oracle/jre/lib/amd64/libinstrument.so
7f159636c000-7f1596396000 r-xp 00000000 08:02 2228492                    /usr/lib/jvm/java-8-oracle/jre/lib/amd64/libjava.so
7f1596396000-7f1596596000 ---p 0002a000 08:02 2228492                    /usr/lib/jvm/java-8-oracle/jre/lib/amd64/libjava.so
7f1596596000-7f1596598000 rw-p 0002a000 08:02 2228492                    /usr/lib/jvm/java-8-oracle/jre/lib/amd64/libjava.so
7f1596598000-7f15965a5000 r-xp 00000000 08:02 2228478                    /usr/lib/jvm/java-8-oracle/jre/lib/amd64/libverify.so
7f15965a5000-7f15967a5000 ---p 0000d000 08:02 2228478                    /usr/lib/jvm/java-8-oracle/jre/lib/amd64/libverify.so
7f15967a5000-7f15967a7000 rw-p 0000d000 08:02 2228478                    /usr/lib/jvm/java-8-oracle/jre/lib/amd64/libverify.so
7f15967a7000-7f15967ae000 r-xp 00000000 08:02 4984057                    /lib/x86_64-linux-gnu/librt-2.13.so
7f15967ae000-7f15969ad000 ---p 00007000 08:02 4984057                    /lib/x86_64-linux-gnu/librt-2.13.so
7f15969ad000-7f15969ae000 r--p 00006000 08:02 4984057                    /lib/x86_64-linux-gnu/librt-2.13.so
7f15969ae000-7f15969af000 rw-p 00007000 08:02 4984057                    /lib/x86_64-linux-gnu/librt-2.13.so
7f15969af000-7f1596a30000 r-xp 00000000 08:02 4984044                    /lib/x86_64-linux-gnu/libm-2.13.so
7f1596a30000-7f1596c2f000 ---p 00081000 08:02 4984044                    /lib/x86_64-linux-gnu/libm-2.13.so
7f1596c2f000-7f1596c30000 r--p 00080000 08:02 4984044                    /lib/x86_64-linux-gnu/libm-2.13.so
7f1596c30000-7f1596c31000 rw-p 00081000 08:02 4984044                    /lib/x86_64-linux-gnu/libm-2.13.so
7f1596c31000-7f159784b000 r-xp 00000000 08:02 2228460                    /usr/lib/jvm/java-8-oracle/jre/lib/amd64/server/libjvm.so
7f159784b000-7f1597a4a000 ---p 00c1a000 08:02 2228460                    /usr/lib/jvm/java-8-oracle/jre/lib/amd64/server/libjvm.so
7f1597a4a000-7f1597b13000 rw-p 00c19000 08:02 2228460                    /usr/lib/jvm/java-8-oracle/jre/lib/amd64/server/libjvm.so
7f1597b13000-7f1597b54000 rw-p 00000000 00:00 0 
7f1597b54000-7f1597cd6000 r-xp 00000000 08:02 4984037                    /lib/x86_64-linux-gnu/libc-2.13.so
7f1597cd6000-7f1597ed5000 ---p 00182000 08:02 4984037                    /lib/x86_64-linux-gnu/libc-2.13.so
7f1597ed5000-7f1597ed9000 r--p 00181000 08:02 4984037                    /lib/x86_64-linux-gnu/libc-2.13.so
7f1597ed9000-7f1597eda000 rw-p 00185000 08:02 4984037                    /lib/x86_64-linux-gnu/libc-2.13.so
7f1597eda000-7f1597edf000 rw-p 00000000 00:00 0 
7f1597edf000-7f1597ee1000 r-xp 00000000 08:02 4984051                    /lib/x86_64-linux-gnu/libdl-2.13.so
7f1597ee1000-7f15980e1000 ---p 00002000 08:02 4984051                    /lib/x86_64-linux-gnu/libdl-2.13.so
7f15980e1000-7f15980e2000 r--p 00002000 08:02 4984051                    /lib/x86_64-linux-gnu/libdl-2.13.so
7f15980e2000-7f15980e3000 rw-p 00003000 08:02 4984051                    /lib/x86_64-linux-gnu/libdl-2.13.so
7f15980e3000-7f15980fa000 r-xp 00000000 08:02 2228773                    /usr/lib/jvm/java-8-oracle/lib/amd64/jli/libjli.so
7f15980fa000-7f15982f9000 ---p 00017000 08:02 2228773                    /usr/lib/jvm/java-8-oracle/lib/amd64/jli/libjli.so
7f15982f9000-7f15982fa000 rw-p 00016000 08:02 2228773                    /usr/lib/jvm/java-8-oracle/lib/amd64/jli/libjli.so
7f15982fa000-7f1598311000 r-xp 00000000 08:02 4984055                    /lib/x86_64-linux-gnu/libpthread-2.13.so
7f1598311000-7f1598510000 ---p 00017000 08:02 4984055                    /lib/x86_64-linux-gnu/libpthread-2.13.so
7f1598510000-7f1598511000 r--p 00016000 08:02 4984055                    /lib/x86_64-linux-gnu/libpthread-2.13.so
7f1598511000-7f1598512000 rw-p 00017000 08:02 4984055                    /lib/x86_64-linux-gnu/libpthread-2.13.so
7f1598512000-7f1598516000 rw-p 00000000 00:00 0 
7f1598516000-7f1598536000 r-xp 00000000 08:02 4984059                    /lib/x86_64-linux-gnu/ld-2.13.so
7f1598536000-7f1598538000 r--s 00001000 08:02 2228452                    /usr/lib/jvm/java-8-oracle/jre/lib/ext/dnsns.jar
7f1598538000-7f1598541000 r--s 0006f000 08:02 33162615                   /home/luis/.m2/repository/log4j/log4j/1.2.17/log4j-1.2.17.jar
7f1598541000-7f1598544000 r--s 0000d000 08:02 33162567                   /home/luis/.m2/repository/org/grails/grails-plugin-log4j/2.4.0/grails-plugin-log4j-2.4.0.jar
7f1598544000-7f1598546000 r--s 00013000 08:02 33162491                   /home/luis/.m2/repository/org/apache/tomcat/embed/tomcat-embed-logging-log4j/7.0.50/tomcat-embed-logging-log4j-7.0.50.jar
7f1598546000-7f15985be000 r--s 010c6000 08:02 2229889                    /usr/lib/jvm/java-8-oracle/lib/tools.jar
7f15985be000-7f159861c000 rw-p 00000000 00:00 0 
7f159861c000-7f159861f000 ---p 00000000 00:00 0 
7f159861f000-7f1598722000 rw-p 00000000 00:00 0 
7f1598722000-7f1598727000 r--s 00050000 08:02 32638401                   /home/luis/.gvm/grails/2.4.0/lib/org.codehaus.gant/gant_groovy1.8/jars/gant_groovy1.8-1.9.6.jar
7f1598727000-7f1598729000 r--s 00003000 08:02 33161644                   /home/luis/.m2/repository/org/slf4j/jcl-over-slf4j/1.7.5/jcl-over-slf4j-1.7.5.jar
7f1598729000-7f1598731000 rw-s 00000000 08:02 49807394                   /tmp/hsperfdata_luis/5410
7f1598731000-7f1598732000 rw-p 00000000 00:00 0 
7f1598732000-7f1598733000 r--p 00000000 00:00 0 
7f1598733000-7f1598735000 rw-p 00000000 00:00 0 
7f1598735000-7f1598736000 r--p 0001f000 08:02 4984059                    /lib/x86_64-linux-gnu/ld-2.13.so
7f1598736000-7f1598737000 rw-p 00020000 08:02 4984059                    /lib/x86_64-linux-gnu/ld-2.13.so
7f1598737000-7f1598738000 rw-p 00000000 00:00 0 
7fffd3d9b000-7fffd3dbd000 rw-p 00000000 00:00 0                          [stack]
7fffd3dff000-7fffd3e00000 r-xp 00000000 00:00 0                          [vdso]
ffffffffff600000-ffffffffff601000 r-xp 00000000 00:00 0                  [vsyscall]

VM Arguments:
jvm_args: -Dfile.encoding=UTF-8 -Xmx768M -Xms64M -Dgrails.fork.active=true -Dgrails.build.execution.context=/tmp/Modeller4179759184573329825grails-execution-context -Dgrails.home=/home/luis/.gvm/grails/2.4.0 -javaagent:/home/luis/.gvm/grails/2.4.0/lib/org.springframework/springloaded/jars/springloaded-1.2.0.RELEASE.jar -Xverify:none -Dspringloaded.synchronize=true -Djdk.reflect.allowGetCallerClass=true -Dspringloaded=profile=grails;cacheDir=/home/luis/.grails/2.4.0 
java_command: org.grails.plugins.tomcat.fork.ForkedTomcatServer
java_class_path (initial): /usr/lib/jvm/java-8-oracle/lib/tools.jar:/home/luis/.m2/repository/org/codehaus/groovy/groovy-all/2.3.1/groovy-all-2.3.1.jar:/home/luis/.m2/repository/org/slf4j/jcl-over-slf4j/1.7.5/jcl-over-slf4j-1.7.5.jar:/home/luis/.gvm/grails/current/lib/org.codehaus.gant/gant_groovy1.8/jars/gant_groovy1.8-1.9.6.jar:/home/luis/.m2/repository/org/apache/tomcat/embed/tomcat-embed-logging-log4j/7.0.50/tomcat-embed-logging-log4j-7.0.50.jar:/home/luis/.m2/repository/org/grails/grails-plugin-log4j/2.4.0/grails-plugin-log4j-2.4.0.jar:/home/luis/.m2/repository/log4j/log4j/1.2.17/log4j-1.2.17.jar:/home/luis/.m2/repository/org/grails/grails-bootstrap/2.4.0/grails-bootstrap-2.4.0.jar:/home/luis/.m2/repository/org/slf4j/slf4j-api/1.7.5/slf4j-api-1.7.5.jar:/home/luis/.m2/repository/org/apache/ant/ant/1.8.4/ant-1.8.4.jar:/home/luis/.m2/repository/jline/jline/2.11/jline-2.11.jar:/home/luis/.m2/repository/org/apache/ant/ant-launcher/1.8.4/ant-launcher-1.8.4.jar:/home/luis/.m2/repository/org/apache/ant/ant-trax/1.7.1/ant-trax-1.7.1.jar:/home/luis/.m2/repository/org/apache/ant/ant-junit/1.8.4/ant-junit-1.8.4.jar:/home/luis/.m2/repository/org/apache/ivy/ivy/2.3.0/ivy-2.3.0.jar:/home/luis/.m2/repository/org/fusesource/jansi/jansi/1.11/jansi-1.11.jar:/home/luis/.m2/repository/org/apache/tomcat/embed/tomcat-embed-logging-log4j/7.0.53/tomcat-embed-logging-log4j-7.0.53.jar:/home/luis/.m2/repository/org/apache/tomcat/embed/tomcat-embed-el/7.0.53/tomcat-embed-el-7.0.53.jar:/home/luis/IdeaProjects/Modeller/target/work/plugins/tomcat-7.0.53/grails-plugin-tomcat-7.0.53.jar:/home/luis/.m2/repository/org/apache/tomcat/embed/tomcat-embed-jasper/7.0.53/tomcat-embed-jasper-7.0.53.jar:/home/luis/.m2/repository/org/apache/tomcat/embed/tomcat-embed-core/7.0.53/tomcat-embed-core-7.0.53.jar:/home/luis/.m2/repository/org/apache/tomcat/tomcat-catalina-ant/7.0.53/tomcat-catalina-ant-7.0.53.jar:/home/luis/.m2/repository/org/apache/tomcat/embed/tomcat-embed-websocket/7.0.53/tomcat-embed-websoc
Launcher Type: SUN_STANDARD

Environment Variables:
JAVA_HOME=/usr/lib/jvm/java-8-oracle
CLASSPATH=/home/luis/Programas/idea-IU-135.909/bin/../lib/bootstrap.jar:/home/luis/Programas/idea-IU-135.909/bin/../lib/extensions.jar:/home/luis/Programas/idea-IU-135.909/bin/../lib/util.jar:/home/luis/Programas/idea-IU-135.909/bin/../lib/jdom.jar:/home/luis/Programas/idea-IU-135.909/bin/../lib/log4j.jar:/home/luis/Programas/idea-IU-135.909/bin/../lib/trove4j.jar:/home/luis/Programas/idea-IU-135.909/bin/../lib/jna.jar:/usr/lib/jvm/java-8-oracle/lib/tools.jar
PATH=/usr/local/bin:/usr/bin:/bin:/usr/local/games:/usr/games
USERNAME=luis
LD_LIBRARY_PATH=/home/luis/Programas/idea-IU-135.909/bin:
SHELL=/bin/bash
DISPLAY=:0.0

Signal Handlers:
SIGSEGV: [libjvm.so+0xa2fc90], sa_mask[0]=0x7ffbfeff, sa_flags=0x10000004
SIGBUS: [libjvm.so+0xa2fc90], sa_mask[0]=0x7ffbfeff, sa_flags=0x10000004
SIGFPE: [libjvm.so+0x89b4b0], sa_mask[0]=0x7ffbfeff, sa_flags=0x10000004
SIGPIPE: [libjvm.so+0x89b4b0], sa_mask[0]=0x7ffbfeff, sa_flags=0x10000004
SIGXFSZ: [libjvm.so+0x89b4b0], sa_mask[0]=0x7ffbfeff, sa_flags=0x10000004
SIGILL: [libjvm.so+0x89b4b0], sa_mask[0]=0x7ffbfeff, sa_flags=0x10000004
SIGUSR1: SIG_DFL, sa_mask[0]=0x00000000, sa_flags=0x00000000
SIGUSR2: [libjvm.so+0x89cc50], sa_mask[0]=0x00000004, sa_flags=0x10000004
SIGHUP: [libjvm.so+0x89df00], sa_mask[0]=0x7ffbfeff, sa_flags=0x10000004
SIGINT: [libjvm.so+0x89df00], sa_mask[0]=0x7ffbfeff, sa_flags=0x10000004
SIGTERM: [libjvm.so+0x89df00], sa_mask[0]=0x7ffbfeff, sa_flags=0x10000004
SIGQUIT: [libjvm.so+0x89df00], sa_mask[0]=0x7ffbfeff, sa_flags=0x10000004


---------------  S Y S T E M  ---------------

OS:PRETTY_NAME="Debian GNU/Linux 7 (wheezy)"
NAME="Debian GNU/Linux"
VERSION_ID="7"
VERSION="7 (wheezy)"
ID=debian
ANSI_COLOR="1;31"
HOME_URL="http://www.debian.org/"
SUPPORT_URL="http://www.debian.org/support/"
BUG_REPORT_URL="http://bugs.debian.org/"

uname:Linux 3.2.0-4-amd64 #1 SMP Debian 3.2.57-3+deb7u2 x86_64
libc:glibc 2.13 NPTL 2.13 
rlimit: STACK 8192k, CORE 0k, NPROC 62956, NOFILE 4096, AS infinity
load average:1,31 0,94 0,66

/proc/meminfo:
MemTotal:        8070604 kB
MemFree:         4251704 kB
Buffers:           83016 kB
Cached:          1123048 kB
SwapCached:            0 kB
Active:          2858128 kB
Inactive:         795848 kB
Active(anon):    2448460 kB
Inactive(anon):   105480 kB
Active(file):     409668 kB
Inactive(file):   690368 kB
Unevictable:           0 kB
Mlocked:               0 kB
SwapTotal:       8260604 kB
SwapFree:        8260604 kB
Dirty:             14824 kB
Writeback:             0 kB
AnonPages:       2447976 kB
Mapped:           168596 kB
Shmem:            106032 kB
Slab:              91128 kB
SReclaimable:      65908 kB
SUnreclaim:        25220 kB
KernelStack:        3912 kB
PageTables:        27884 kB
NFS_Unstable:          0 kB
Bounce:                0 kB
WritebackTmp:          0 kB
CommitLimit:    12295904 kB
Committed_AS:    4771860 kB
VmallocTotal:   34359738367 kB
VmallocUsed:      450992 kB
VmallocChunk:   34359281228 kB
HardwareCorrupted:     0 kB
AnonHugePages:         0 kB
HugePages_Total:       0
HugePages_Free:        0
HugePages_Rsvd:        0
HugePages_Surp:        0
Hugepagesize:       2048 kB
DirectMap4k:       77824 kB
DirectMap2M:     8261632 kB


CPU:total 4 (4 cores per cpu, 1 threads per core) family 6 model 58 stepping 9, cmov, cx8, fxsr, mmx, sse, sse2, sse3, ssse3, sse4.1, sse4.2, popcnt, avx, aes, clmul, erms, tsc, tscinvbit

/proc/cpuinfo:
processor	: 0
vendor_id	: GenuineIntel
cpu family	: 6
model		: 58
model name	: Intel(R) Core(TM) i5-3470 CPU @ 3.20GHz
stepping	: 9
microcode	: 0x12
cpu MHz		: 1600.000
cache size	: 6144 KB
physical id	: 0
siblings	: 4
core id		: 0
cpu cores	: 4
apicid		: 0
initial apicid	: 0
fpu		: yes
fpu_exception	: yes
cpuid level	: 13
wp		: yes
flags		: fpu vme de pse tsc msr pae mce cx8 apic sep mtrr pge mca cmov pat pse36 clflush dts acpi mmx fxsr sse sse2 ss ht tm pbe syscall nx rdtscp lm constant_tsc arch_perfmon pebs bts rep_good nopl xtopology nonstop_tsc aperfmperf pni pclmulqdq dtes64 monitor ds_cpl vmx smx est tm2 ssse3 cx16 xtpr pdcm pcid sse4_1 sse4_2 x2apic popcnt tsc_deadline_timer aes xsave avx f16c rdrand lahf_lm ida arat epb xsaveopt pln pts dtherm tpr_shadow vnmi flexpriority ept vpid fsgsbase smep erms
bogomips	: 6385.87
clflush size	: 64
cache_alignment	: 64
address sizes	: 36 bits physical, 48 bits virtual
power management:

processor	: 1
vendor_id	: GenuineIntel
cpu family	: 6
model		: 58
model name	: Intel(R) Core(TM) i5-3470 CPU @ 3.20GHz
stepping	: 9
microcode	: 0x12
cpu MHz		: 3201.000
cache size	: 6144 KB
physical id	: 0
siblings	: 4
core id		: 1
cpu cores	: 4
apicid		: 2
initial apicid	: 2
fpu		: yes
fpu_exception	: yes
cpuid level	: 13
wp		: yes
flags		: fpu vme de pse tsc msr pae mce cx8 apic sep mtrr pge mca cmov pat pse36 clflush dts acpi mmx fxsr sse sse2 ss ht tm pbe syscall nx rdtscp lm constant_tsc arch_perfmon pebs bts rep_good nopl xtopology nonstop_tsc aperfmperf pni pclmulqdq dtes64 monitor ds_cpl vmx smx est tm2 ssse3 cx16 xtpr pdcm pcid sse4_1 sse4_2 x2apic popcnt tsc_deadline_timer aes xsave avx f16c rdrand lahf_lm ida arat epb xsaveopt pln pts dtherm tpr_shadow vnmi flexpriority ept vpid fsgsbase smep erms
bogomips	: 6385.45
clflush size	: 64
cache_alignment	: 64
address sizes	: 36 bits physical, 48 bits virtual
power management:

processor	: 2
vendor_id	: GenuineIntel
cpu family	: 6
model		: 58
model name	: Intel(R) Core(TM) i5-3470 CPU @ 3.20GHz
stepping	: 9
microcode	: 0x12
cpu MHz		: 3201.000
cache size	: 6144 KB
physical id	: 0
siblings	: 4
core id		: 2
cpu cores	: 4
apicid		: 4
initial apicid	: 4
fpu		: yes
fpu_exception	: yes
cpuid level	: 13
wp		: yes
flags		: fpu vme de pse tsc msr pae mce cx8 apic sep mtrr pge mca cmov pat pse36 clflush dts acpi mmx fxsr sse sse2 ss ht tm pbe syscall nx rdtscp lm constant_tsc arch_perfmon pebs bts rep_good nopl xtopology nonstop_tsc aperfmperf pni pclmulqdq dtes64 monitor ds_cpl vmx smx est tm2 ssse3 cx16 xtpr pdcm pcid sse4_1 sse4_2 x2apic popcnt tsc_deadline_timer aes xsave avx f16c rdrand lahf_lm ida arat epb xsaveopt pln pts dtherm tpr_shadow vnmi flexpriority ept vpid fsgsbase smep erms
bogomips	: 6385.45
clflush size	: 64
cache_alignment	: 64
address sizes	: 36 bits physical, 48 bits virtual
power management:

processor	: 3
vendor_id	: GenuineIntel
cpu family	: 6
model		: 58
model name	: Intel(R) Core(TM) i5-3470 CPU @ 3.20GHz
stepping	: 9
microcode	: 0x12
cpu MHz		: 3201.000
cache size	: 6144 KB
physical id	: 0
siblings	: 4
core id		: 3
cpu cores	: 4
apicid		: 6
initial apicid	: 6
fpu		: yes
fpu_exception	: yes
cpuid level	: 13
wp		: yes
flags		: fpu vme de pse tsc msr pae mce cx8 apic sep mtrr pge mca cmov pat pse36 clflush dts acpi mmx fxsr sse sse2 ss ht tm pbe syscall nx rdtscp lm constant_tsc arch_perfmon pebs bts rep_good nopl xtopology nonstop_tsc aperfmperf pni pclmulqdq dtes64 monitor ds_cpl vmx smx est tm2 ssse3 cx16 xtpr pdcm pcid sse4_1 sse4_2 x2apic popcnt tsc_deadline_timer aes xsave avx f16c rdrand lahf_lm ida arat epb xsaveopt pln pts dtherm tpr_shadow vnmi flexpriority ept vpid fsgsbase smep erms
bogomips	: 6385.45
clflush size	: 64
cache_alignment	: 64
address sizes	: 36 bits physical, 48 bits virtual
power management:



Memory: 4k page, physical 8070604k(4251704k free), swap 8260604k(8260604k free)

vm_info: Java HotSpot(TM) 64-Bit Server VM (25.5-b02) for linux-amd64 JRE (1.8.0_05-b13), built on Mar 18 2014 00:29:27 by "java_re" with gcc 4.3.0 20080428 (Red Hat 4.3.0-8)

time: Wed Jun 18 10:20:31 2014
elapsed time: 9 seconds

