#
# A fatal error has been detected by the Java Runtime Environment:
#
#  SIGSEGV (0xb) at pc=0x00007f24036e6b2c, pid=5795, tid=139792304846592
#
# JRE version: Java(TM) SE Runtime Environment (8.0_05-b13) (build 1.8.0_05-b13)
# Java VM: Java HotSpot(TM) 64-Bit Server VM (25.5-b02 mixed mode linux-amd64 compressed oops)
# Problematic frame:
# V  [libjvm.so+0x304b2c]  OopFlow::build_oop_map(Node*, int, PhaseRegAlloc*, int*)+0x14c
#
# Failed to write core dump. Core dumps have been disabled. To enable core dumping, try "ulimit -c unlimited" before starting Java again
#
# If you would like to submit a bug report, please visit:
#   http://bugreport.sun.com/bugreport/crash.jsp
#

---------------  T H R E A D  ---------------

Current thread (0x0000000002549000):  JavaThread "C2 CompilerThread0" daemon [_thread_in_native, id=5807, stack(0x00007f23ee9c3000,0x00007f23eeac4000)]

siginfo:si_signo=SIGSEGV: si_errno=0, si_code=1 (SEGV_MAPERR), si_addr=0x0000000000000000

Registers:
RAX=0x00007f23e07406a8, RBX=0x0000000000000000, RCX=0x0000000000000008, RDX=0x00007f23e0740d80
RSP=0x00007f23eeabf5e0, RBP=0x00007f23eeabf660, RSI=0x00000000000000db, RDI=0x00007f23e0740db0
R8 =0x00007f23e8570540, R9 =0x0000000000000013, R10=0x0000000000000000, R11=0x0000000000000000
R12=0x00000000000000c0, R13=0x0000000000000180, R14=0x00000000000000b8, R15=0x00007f23e81f2c28
RIP=0x00007f24036e6b2c, EFLAGS=0x0000000000010246, CSGSFS=0x0000000000000033, ERR=0x0000000000000004
  TRAPNO=0x000000000000000e

Top of Stack: (sp=0x00007f23eeabf5e0)
0x00007f23eeabf5e0:   00007f23e856fce0 0000000000000400
0x00007f23eeabf5f0:   00007f23e8570540 00007f23eeac0e90
0x00007f23eeabf600:   000000dae856be50 00007f23e81f2c28
0x00007f23eeabf610:   00007f23e0740d80 0000001c038efa56
0x00007f23eeabf620:   00007f23e0740db0 00007f23e03456d0
0x00007f23eeabf630:   0000000800000040 00007f23e81f2c28
0x00007f23eeabf640:   00007f23e0740d80 0000000000000012
0x00007f23eeabf650:   0000000000000013 0000000000000013
0x00007f23eeabf660:   00007f23eeabf6d0 00007f24036e710a
0x00007f23eeabf670:   00007f23eeabf6d0 00007f240000ffff
0x00007f23eeabf680:   00007f2300000004 00007f23e856be50
0x00007f23eeabf690:   000000daeeabf6d0 00007f23eeac0e90
0x00007f23eeabf6a0:   00000009e81f2768 0000000000000000
0x00007f23eeabf6b0:   00007f23e08657c8 0000000000000000
0x00007f23eeabf6c0:   00007f23e073d820 00007f23e0865198
0x00007f23eeabf6d0:   00007f23eeabf810 00007f24036e829d
0x00007f23eeabf6e0:   00007f23eeabf720 00007f23e02105a0
0x00007f23eeabf6f0:   00007f23eeabf7b0 0000000000000018
0x00007f23eeabf700:   000000000000001c 000000070f000000
0x00007f23eeabf710:   0000000100000004 00007f23eeabf7d8
0x00007f23eeabf720:   00007f23eeabf7d0 00007f23eeabf7b0
0x00007f23eeabf730:   00007f23eeabf7b0 00007f23eeabf7b0
0x00007f23eeabf740:   00007f23eeac1d00 0000000000000007
0x00007f23eeabf750:   00007f23eeac0fc0 00000007000000da
0x00007f23eeabf760:   00007f23e856be50 0000000002549a40
0x00007f23eeabf770:   00000000000000da ffffffffe8568bc0
0x00007f23eeabf780:   00007f23e0866048 00007f23e81f2768
0x00007f23eeabf790:   00007f23e856bf80 0000000000000020
0x00007f23eeabf7a0:   ffffffffffffffdf 00007f23eeac0e90
0x00007f23eeabf7b0:   00007f2300000080 0000000002549a40
0x00007f23eeabf7c0:   00007f23e856e560 00007f2400000004
0x00007f23eeabf7d0:   0000000000000014 0000000000000000 

Instructions: (pc=0x00007f24036e6b2c)
0x00007f24036e6b0c:   44 39 e2 0f 8e bb 00 00 00 48 8b 05 fc 90 ba 00
0x00007f24036e6b1c:   4e 8b 34 a8 48 8b 55 b0 48 8b 42 08 4a 8b 1c a8
0x00007f24036e6b2c:   48 8b 03 48 89 df ff 50 28 8b 48 10 48 89 c6 48
0x00007f24036e6b3c:   8b 15 de a9 ba 00 48 63 c1 48 8d 44 00 01 48 c1 

Register to memory mapping:

RAX=0x00007f23e07406a8 is an unknown value
RBX=0x0000000000000000 is an unknown value
RCX=0x0000000000000008 is an unknown value
RDX=0x00007f23e0740d80 is an unknown value
RSP=0x00007f23eeabf5e0 is pointing into the stack for thread: 0x0000000002549000
RBP=0x00007f23eeabf660 is pointing into the stack for thread: 0x0000000002549000
RSI=0x00000000000000db is an unknown value
RDI=0x00007f23e0740db0 is an unknown value
R8 =0x00007f23e8570540 is an unknown value
R9 =0x0000000000000013 is an unknown value
R10=0x0000000000000000 is an unknown value
R11=0x0000000000000000 is an unknown value
R12=0x00000000000000c0 is an unknown value
R13=0x0000000000000180 is an unknown value
R14=0x00000000000000b8 is an unknown value
R15=0x00007f23e81f2c28 is an unknown value


Stack: [0x00007f23ee9c3000,0x00007f23eeac4000],  sp=0x00007f23eeabf5e0,  free space=1009k
Native frames: (J=compiled Java code, j=interpreted, Vv=VM code, C=native code)
V  [libjvm.so+0x304b2c]  OopFlow::build_oop_map(Node*, int, PhaseRegAlloc*, int*)+0x14c
V  [libjvm.so+0x30510a]  OopFlow::compute_reach(PhaseRegAlloc*, int, Dict*)+0x22a
V  [libjvm.so+0x30629d]  Compile::BuildOopMaps()+0xffd
V  [libjvm.so+0x8b4b8d]  Compile::Output()+0x6dd
V  [libjvm.so+0x45e05a]  Compile::Code_Gen()+0x30a
V  [libjvm.so+0x4612c5]  Compile::Compile(ciEnv*, C2Compiler*, ciMethod*, int, bool, bool, bool)+0x1435
V  [libjvm.so+0x3b5008]  C2Compiler::compile_method(ciEnv*, ciMethod*, int)+0x198
V  [libjvm.so+0x46982a]  CompileBroker::invoke_compiler_on_method(CompileTask*)+0xc8a
V  [libjvm.so+0x46c230]  CompileBroker::compiler_thread_loop()+0x620
V  [libjvm.so+0x9e303f]  JavaThread::thread_main_inner()+0xdf
V  [libjvm.so+0x9e3205]  JavaThread::run()+0x1b5
V  [libjvm.so+0x8a00c8]  java_start(Thread*)+0x108


Current CompileTask:
C2:  10055 4910       4       groovy.lang.MetaClassImpl::findPropertyMethod (356 bytes)


---------------  P R O C E S S  ---------------

Java Threads: ( => current thread )
  0x00007f23e519b000 JavaThread "net.sf.ehcache.CacheManager@4cd29704" daemon [_thread_blocked, id=5833, stack(0x00007f23decff000,0x00007f23dee00000)]
  0x00007f23e4e8d800 JavaThread "PoolCleaner[222840202:1404203884162]" daemon [_thread_blocked, id=5832, stack(0x00007f23ec092000,0x00007f23ec193000)]
  0x00007f23e4924000 JavaThread "FileSystemWatcher: files=#99 cl=groovy.lang.GroovyClassLoader@d48458a" daemon [_thread_blocked, id=5831, stack(0x00007f23ec393000,0x00007f23ec494000)]
  0x00007f23e48dc800 JavaThread "Thread-4" daemon [_thread_in_native, id=5830, stack(0x00007f23ec4a7000,0x00007f23ec5a8000)]
  0x0000000002fc8000 JavaThread "localhost-startStop-1" daemon [_thread_in_vm, id=5829, stack(0x00007f23ec7c4000,0x00007f23ec8c5000)]
  0x00007f23e4869800 JavaThread "Tomcat-startStop-1" daemon [_thread_blocked, id=5828, stack(0x00007f23ec8c5000,0x00007f23ec9c6000)]
  0x00007f23e4826000 JavaThread "Thread-3" [_thread_in_native, id=5827, stack(0x00007f23ed1f6000,0x00007f23ed2f7000)]
  0x00007f23e459d800 JavaThread "Thread-2" [_thread_blocked, id=5826, stack(0x00007f23ed74b000,0x00007f23ed84c000)]
  0x00007f23e4235000 JavaThread "NonBlockingInputStreamThread" daemon [_thread_blocked, id=5820, stack(0x00007f23ede4c000,0x00007f23edf4d000)]
  0x00007f23e4205800 JavaThread "process reaper" daemon [_thread_blocked, id=5814, stack(0x00007f23ee381000,0x00007f23ee3ba000)]
  0x00007f23e8021000 JavaThread "Service Thread" daemon [_thread_blocked, id=5810, stack(0x00007f23ee6c0000,0x00007f23ee7c1000)]
  0x00007f23e8006800 JavaThread "C1 CompilerThread2" daemon [_thread_blocked, id=5809, stack(0x00007f23ee7c1000,0x00007f23ee8c2000)]
  0x0000000002542000 JavaThread "C2 CompilerThread1" daemon [_thread_in_native, id=5808, stack(0x00007f23ee8c2000,0x00007f23ee9c3000)]
=>0x0000000002549000 JavaThread "C2 CompilerThread0" daemon [_thread_in_native, id=5807, stack(0x00007f23ee9c3000,0x00007f23eeac4000)]
  0x0000000002455000 JavaThread "Signal Dispatcher" daemon [_thread_blocked, id=5806, stack(0x00007f23eebcb000,0x00007f23eeccc000)]
  0x0000000002425000 JavaThread "Finalizer" daemon [_thread_blocked, id=5805, stack(0x00007f23eee43000,0x00007f23eef44000)]
  0x0000000002421000 JavaThread "Reference Handler" daemon [_thread_blocked, id=5804, stack(0x00007f23eef44000,0x00007f23ef045000)]
  0x00000000022eb800 JavaThread "main" [_thread_blocked, id=5797, stack(0x00007f2404dcd000,0x00007f2404ece000)]

Other Threads:
  0x000000000241c000 VMThread [stack: 0x00007f23ef045000,0x00007f23ef146000] [id=5803]
  0x00007f23e8024000 WatcherThread [stack: 0x00007f23ee5bf000,0x00007f23ee6c0000] [id=5811]

VM state:not at safepoint (normal execution)

VM Mutex/Monitor currently owned by a thread: None

Heap:
 PSYoungGen      total 190464K, used 174804K [0x00000000f0000000, 0x00000000fed80000, 0x0000000100000000)
  eden space 164864K, 97% used [0x00000000f0000000,0x00000000f9ccb9e0,0x00000000fa100000)
  from space 25600K, 55% used [0x00000000fa100000,0x00000000faee98d8,0x00000000fba00000)
  to   space 29184K, 0% used [0x00000000fd100000,0x00000000fd100000,0x00000000fed80000)
 ParOldGen       total 76288K, used 63923K [0x00000000d0000000, 0x00000000d4a80000, 0x00000000f0000000)
  object space 76288K, 83% used [0x00000000d0000000,0x00000000d3e6ce20,0x00000000d4a80000)
 Metaspace       used 56036K, capacity 57424K, committed 57600K, reserved 1099776K
  class space    used 6462K, capacity 6900K, committed 6912K, reserved 1048576K

Card table byte_map: [0x00007f23f297f000,0x00007f23f2b00000] byte_map_base: 0x00007f23f22ff000

Marking Bits: (ParMarkBitMap*) 0x00007f24042dacc0
 Begin Bits: [0x00007f23f0c7b000, 0x00007f23f187b000)
 End Bits:   [0x00007f23f187b000, 0x00007f23f247b000)

Polling page: 0x00007f2404ee3000

CodeCache: size=245760Kb used=17183Kb max_used=17862Kb free=228576Kb
 bounds [0x00007f23f2ec0000, 0x00007f23f4040000, 0x00007f2401ec0000]
 total_blobs=5422 nmethods=4680 adapters=653
 compilation: enabled

Compilation events (10 events):
Event: 10,039 Thread 0x00007f23e8006800 5035       2       org.codehaus.groovy.util.ArrayIterator::next (19 bytes)
Event: 10,039 Thread 0x00007f23e8006800 nmethod 5035 0x00007f23f38b1d90 code [0x00007f23f38b1f00, 0x00007f23f38b2088]
Event: 10,041 Thread 0x00007f23e8006800 5036       2       org.codehaus.groovy.runtime.callsite.ClassMetaClassGetPropertySite::acceptGetProperty (30 bytes)
Event: 10,042 Thread 0x00007f23e8006800 nmethod 5036 0x00007f23f38b1990 code [0x00007f23f38b1b00, 0x00007f23f38b1ca8]
Event: 10,042 Thread 0x00007f23e8006800 5037       2       org.grails.datastore.gorm.AbstractGormApi$_initializeMethods_closure1::$getCallSiteArray (40 bytes)
Event: 10,042 Thread 0x00007f23e8006800 nmethod 5037 0x00007f23f38b1250 code [0x00007f23f38b13e0, 0x00007f23f38b17a8]
Event: 10,042 Thread 0x00007f23e8006800 5038       2       org.grails.datastore.gorm.AbstractGormApi$_initializeMethods_closure1::doCall (317 bytes)
Event: 10,043 Thread 0x00007f23e8006800 nmethod 5038 0x00007f23f3543650 code [0x00007f23f3543900, 0x00007f23f35440d8]
Event: 10,043 Thread 0x00007f23e8006800 5039       2       org.hibernate.service.internal.ConcurrentServiceBinding$Node::get (72 bytes)
Event: 10,043 Thread 0x00007f23e8006800 nmethod 5039 0x00007f23f3543150 code [0x00007f23f35432c0, 0x00007f23f35434d8]

GC Heap History (10 events):
Event: 7,203 GC heap before
{Heap before GC invocations=34 (full 2):
 PSYoungGen      total 151040K, used 148878K [0x00000000f0000000, 0x00000000fb880000, 0x0000000100000000)
  eden space 135168K, 100% used [0x00000000f0000000,0x00000000f8400000,0x00000000f8400000)
  from space 15872K, 86% used [0x00000000f8400000,0x00000000f9163ae0,0x00000000f9380000)
  to   space 17920K, 0% used [0x00000000fa700000,0x00000000fa700000,0x00000000fb880000)
 ParOldGen       total 64000K, used 48118K [0x00000000d0000000, 0x00000000d3e80000, 0x00000000f0000000)
  object space 64000K, 75% used [0x00000000d0000000,0x00000000d2efd8a8,0x00000000d3e80000)
 Metaspace       used 50147K, capacity 51408K, committed 51712K, reserved 1095680K
  class space    used 5700K, capacity 6105K, committed 6144K, reserved 1048576K
Event: 7,228 GC heap after
Heap after GC invocations=34 (full 2):
 PSYoungGen      total 169472K, used 14483K [0x00000000f0000000, 0x00000000fbc00000, 0x0000000100000000)
  eden space 151552K, 0% used [0x00000000f0000000,0x00000000f0000000,0x00000000f9400000)
  from space 17920K, 80% used [0x00000000fa700000,0x00000000fb524fb8,0x00000000fb880000)
  to   space 19456K, 0% used [0x00000000f9400000,0x00000000f9400000,0x00000000fa700000)
 ParOldGen       total 64000K, used 48126K [0x00000000d0000000, 0x00000000d3e80000, 0x00000000f0000000)
  object space 64000K, 75% used [0x00000000d0000000,0x00000000d2eff8a8,0x00000000d3e80000)
 Metaspace       used 50147K, capacity 51408K, committed 51712K, reserved 1095680K
  class space    used 5700K, capacity 6105K, committed 6144K, reserved 1048576K
}
Event: 7,764 GC heap before
{Heap before GC invocations=35 (full 2):
 PSYoungGen      total 169472K, used 166035K [0x00000000f0000000, 0x00000000fbc00000, 0x0000000100000000)
  eden space 151552K, 100% used [0x00000000f0000000,0x00000000f9400000,0x00000000f9400000)
  from space 17920K, 80% used [0x00000000fa700000,0x00000000fb524fb8,0x00000000fb880000)
  to   space 19456K, 0% used [0x00000000f9400000,0x00000000f9400000,0x00000000fa700000)
 ParOldGen       total 64000K, used 48126K [0x00000000d0000000, 0x00000000d3e80000, 0x00000000f0000000)
  object space 64000K, 75% used [0x00000000d0000000,0x00000000d2eff8a8,0x00000000d3e80000)
 Metaspace       used 51417K, capacity 52616K, committed 52864K, reserved 1095680K
  class space    used 5867K, capacity 6270K, committed 6272K, reserved 1048576K
Event: 7,785 GC heap after
Heap after GC invocations=35 (full 2):
 PSYoungGen      total 171008K, used 17682K [0x00000000f0000000, 0x00000000fcf80000, 0x0000000100000000)
  eden space 151552K, 0% used [0x00000000f0000000,0x00000000f0000000,0x00000000f9400000)
  from space 19456K, 90% used [0x00000000f9400000,0x00000000fa544870,0x00000000fa700000)
  to   space 22016K, 0% used [0x00000000fba00000,0x00000000fba00000,0x00000000fcf80000)
 ParOldGen       total 64000K, used 48134K [0x00000000d0000000, 0x00000000d3e80000, 0x00000000f0000000)
  object space 64000K, 75% used [0x00000000d0000000,0x00000000d2f018a8,0x00000000d3e80000)
 Metaspace       used 51417K, capacity 52616K, committed 52864K, reserved 1095680K
  class space    used 5867K, capacity 6270K, committed 6272K, reserved 1048576K
}
Event: 8,222 GC heap before
{Heap before GC invocations=36 (full 2):
 PSYoungGen      total 171008K, used 169234K [0x00000000f0000000, 0x00000000fcf80000, 0x0000000100000000)
  eden space 151552K, 100% used [0x00000000f0000000,0x00000000f9400000,0x00000000f9400000)
  from space 19456K, 90% used [0x00000000f9400000,0x00000000fa544870,0x00000000fa700000)
  to   space 22016K, 0% used [0x00000000fba00000,0x00000000fba00000,0x00000000fcf80000)
 ParOldGen       total 64000K, used 48134K [0x00000000d0000000, 0x00000000d3e80000, 0x00000000f0000000)
  object space 64000K, 75% used [0x00000000d0000000,0x00000000d2f018a8,0x00000000d3e80000)
 Metaspace       used 52239K, capacity 53592K, committed 53888K, reserved 1097728K
  class space    used 5973K, capacity 6414K, committed 6528K, reserved 1048576K
Event: 8,253 GC heap after
Heap after GC invocations=36 (full 2):
 PSYoungGen      total 186880K, used 21998K [0x00000000f0000000, 0x00000000fd800000, 0x0000000100000000)
  eden space 164864K, 0% used [0x00000000f0000000,0x00000000f0000000,0x00000000fa100000)
  from space 22016K, 99% used [0x00000000fba00000,0x00000000fcf7b968,0x00000000fcf80000)
  to   space 25600K, 0% used [0x00000000fa100000,0x00000000fa100000,0x00000000fba00000)
 ParOldGen       total 64000K, used 49124K [0x00000000d0000000, 0x00000000d3e80000, 0x00000000f0000000)
  object space 64000K, 76% used [0x00000000d0000000,0x00000000d2ff9078,0x00000000d3e80000)
 Metaspace       used 52239K, capacity 53592K, committed 53888K, reserved 1097728K
  class space    used 5973K, capacity 6414K, committed 6528K, reserved 1048576K
}
Event: 8,846 GC heap before
{Heap before GC invocations=37 (full 2):
 PSYoungGen      total 186880K, used 186862K [0x00000000f0000000, 0x00000000fd800000, 0x0000000100000000)
  eden space 164864K, 100% used [0x00000000f0000000,0x00000000fa100000,0x00000000fa100000)
  from space 22016K, 99% used [0x00000000fba00000,0x00000000fcf7b968,0x00000000fcf80000)
  to   space 25600K, 0% used [0x00000000fa100000,0x00000000fa100000,0x00000000fba00000)
 ParOldGen       total 64000K, used 49124K [0x00000000d0000000, 0x00000000d3e80000, 0x00000000f0000000)
  object space 64000K, 76% used [0x00000000d0000000,0x00000000d2ff9078,0x00000000d3e80000)
 Metaspace       used 53721K, capacity 55108K, committed 55168K, reserved 1097728K
  class space    used 6090K, capacity 6513K, committed 6528K, reserved 1048576K
Event: 8,877 GC heap after
Heap after GC invocations=37 (full 2):
 PSYoungGen      total 190464K, used 24144K [0x00000000f0000000, 0x00000000fed80000, 0x0000000100000000)
  eden space 164864K, 0% used [0x00000000f0000000,0x00000000f0000000,0x00000000fa100000)
  from space 25600K, 94% used [0x00000000fa100000,0x00000000fb8940f0,0x00000000fba00000)
  to   space 29184K, 0% used [0x00000000fd100000,0x00000000fd100000,0x00000000fed80000)
 ParOldGen       total 64000K, used 56402K [0x00000000d0000000, 0x00000000d3e80000, 0x00000000f0000000)
  object space 64000K, 88% used [0x00000000d0000000,0x00000000d37149d8,0x00000000d3e80000)
 Metaspace       used 53721K, capacity 55108K, committed 55168K, reserved 1097728K
  class space    used 6090K, capacity 6513K, committed 6528K, reserved 1048576K
}
Event: 8,877 GC heap before
{Heap before GC invocations=38 (full 3):
 PSYoungGen      total 190464K, used 24144K [0x00000000f0000000, 0x00000000fed80000, 0x0000000100000000)
  eden space 164864K, 0% used [0x00000000f0000000,0x00000000f0000000,0x00000000fa100000)
  from space 25600K, 94% used [0x00000000fa100000,0x00000000fb8940f0,0x00000000fba00000)
  to   space 29184K, 0% used [0x00000000fd100000,0x00000000fd100000,0x00000000fed80000)
 ParOldGen       total 64000K, used 56402K [0x00000000d0000000, 0x00000000d3e80000, 0x00000000f0000000)
  object space 64000K, 88% used [0x00000000d0000000,0x00000000d37149d8,0x00000000d3e80000)
 Metaspace       used 53721K, capacity 55108K, committed 55168K, reserved 1097728K
  class space    used 6090K, capacity 6513K, committed 6528K, reserved 1048576K
Event: 9,318 GC heap after
Heap after GC invocations=38 (full 3):
 PSYoungGen      total 190464K, used 14246K [0x00000000f0000000, 0x00000000fed80000, 0x0000000100000000)
  eden space 164864K, 0% used [0x00000000f0000000,0x00000000f0000000,0x00000000fa100000)
  from space 25600K, 55% used [0x00000000fa100000,0x00000000faee98d8,0x00000000fba00000)
  to   space 29184K, 0% used [0x00000000fd100000,0x00000000fd100000,0x00000000fed80000)
 ParOldGen       total 76288K, used 63923K [0x00000000d0000000, 0x00000000d4a80000, 0x00000000f0000000)
  object space 76288K, 83% used [0x00000000d0000000,0x00000000d3e6ce20,0x00000000d4a80000)
 Metaspace       used 53721K, capacity 55108K, committed 55168K, reserved 1097728K
  class space    used 6090K, capacity 6513K, committed 6528K, reserved 1048576K
}

Deoptimization events (10 events):
Event: 7,327 Thread 0x0000000002fc8000 Uncommon trap: reason=class_check action=maybe_recompile pc=0x00007f23f378f230 method=java.util.regex.Matcher.search(I)Z @ 86
Event: 7,377 Thread 0x0000000002fc8000 Uncommon trap: reason=null_assert action=make_not_entrant pc=0x00007f23f3976dcc method=java.util.concurrent.ConcurrentHashMap.putVal(Ljava/lang/Object;Ljava/lang/Object;Z)Ljava/lang/Object; @ 264
Event: 8,563 Thread 0x0000000002fc8000 Uncommon trap: reason=unloaded action=reinterpret pc=0x00007f23f3f6561c method=com.sun.beans.TypeResolver.resolve(Ljava/lang/reflect/Type;Ljava/lang/reflect/Type;)Ljava/lang/reflect/Type; @ 175
Event: 9,570 Thread 0x0000000002fc8000 Uncommon trap: reason=bimorphic action=maybe_recompile pc=0x00007f23f2fd30e0 method=org.codehaus.groovy.runtime.metaclass.MetaMethodIndex.addMethodToList(Ljava/lang/Object;Lgroovy/lang/MetaMethod;)Ljava/lang/Object; @ 97
Event: 9,570 Thread 0x0000000002fc8000 Uncommon trap: reason=bimorphic action=maybe_recompile pc=0x00007f23f2fd30e0 method=org.codehaus.groovy.runtime.metaclass.MetaMethodIndex.addMethodToList(Ljava/lang/Object;Lgroovy/lang/MetaMethod;)Ljava/lang/Object; @ 97
Event: 9,640 Thread 0x0000000002fc8000 Uncommon trap: reason=unloaded action=reinterpret pc=0x00007f23f322f8e0 method=com.sun.beans.TypeResolver.resolve(Ljava/lang/reflect/Type;Ljava/lang/reflect/Type;)Ljava/lang/reflect/Type; @ 175
Event: 9,650 Thread 0x0000000002fc8000 Uncommon trap: reason=array_check action=maybe_recompile pc=0x00007f23f354ddb8 method=java.util.AbstractCollection.toArray([Ljava/lang/Object;)[Ljava/lang/Object; @ 119
Event: 9,650 Thread 0x0000000002fc8000 Uncommon trap: reason=array_check action=maybe_recompile pc=0x00007f23f354ddb8 method=java.util.AbstractCollection.toArray([Ljava/lang/Object;)[Ljava/lang/Object; @ 119
Event: 9,653 Thread 0x0000000002fc8000 Uncommon trap: reason=array_check action=maybe_recompile pc=0x00007f23f354ddb8 method=java.util.AbstractCollection.toArray([Ljava/lang/Object;)[Ljava/lang/Object; @ 119
Event: 9,653 Thread 0x0000000002fc8000 Uncommon trap: reason=array_check action=maybe_recompile pc=0x00007f23f354ddb8 method=java.util.AbstractCollection.toArray([Ljava/lang/Object;)[Ljava/lang/Object; @ 119

Internal exceptions (10 events):
Event: 10,049 Thread 0x0000000002fc8000 Exception <a 'java/security/PrivilegedActionException'> (0x00000000f993f5a8) thrown at [/HUDSON/workspace/8-2-build-linux-amd64/jdk8u5/2488/hotspot/src/share/vm/prims/jvm.cpp, line 1248]
Event: 10,050 Thread 0x0000000002fc8000 Exception <a 'java/security/PrivilegedActionException'> (0x00000000f994ebf0) thrown at [/HUDSON/workspace/8-2-build-linux-amd64/jdk8u5/2488/hotspot/src/share/vm/prims/jvm.cpp, line 1248]
Event: 10,050 Thread 0x0000000002fc8000 Exception <a 'java/security/PrivilegedActionException'> (0x00000000f9970178) thrown at [/HUDSON/workspace/8-2-build-linux-amd64/jdk8u5/2488/hotspot/src/share/vm/prims/jvm.cpp, line 1248]
Event: 10,050 Thread 0x0000000002fc8000 Exception <a 'java/lang/ClassNotFoundException': org/grails/datastore/gorm/GormValidationApiCustomizer> (0x00000000f9971228) thrown at [/HUDSON/workspace/8-2-build-linux-amd64/jdk8u5/2488/hotspot/src/share/vm/classfile/systemDictionary.cpp, line 202]
Event: 10,050 Thread 0x0000000002fc8000 Exception <a 'java/security/PrivilegedActionException'> (0x00000000f9994a90) thrown at [/HUDSON/workspace/8-2-build-linux-amd64/jdk8u5/2488/hotspot/src/share/vm/prims/jvm.cpp, line 1248]
Event: 10,050 Thread 0x0000000002fc8000 Exception <a 'java/security/PrivilegedActionException'> (0x00000000f999a1a8) thrown at [/HUDSON/workspace/8-2-build-linux-amd64/jdk8u5/2488/hotspot/src/share/vm/prims/jvm.cpp, line 1248]
Event: 10,051 Thread 0x0000000002fc8000 Exception <a 'java/security/PrivilegedActionException'> (0x00000000f99ae890) thrown at [/HUDSON/workspace/8-2-build-linux-amd64/jdk8u5/2488/hotspot/src/share/vm/prims/jvm.cpp, line 1248]
Event: 10,051 Thread 0x0000000002fc8000 Exception <a 'java/security/PrivilegedActionException'> (0x00000000f99c8528) thrown at [/HUDSON/workspace/8-2-build-linux-amd64/jdk8u5/2488/hotspot/src/share/vm/prims/jvm.cpp, line 1248]
Event: 10,051 Thread 0x0000000002fc8000 Exception <a 'java/security/PrivilegedActionException'> (0x00000000f99cdc38) thrown at [/HUDSON/workspace/8-2-build-linux-amd64/jdk8u5/2488/hotspot/src/share/vm/prims/jvm.cpp, line 1248]
Event: 10,051 Thread 0x0000000002fc8000 Exception <a 'java/security/PrivilegedActionException'> (0x00000000f99e2320) thrown at [/HUDSON/workspace/8-2-build-linux-amd64/jdk8u5/2488/hotspot/src/share/vm/prims/jvm.cpp, line 1248]

Events (10 events):
Event: 10,049 loading class org/grails/datastore/gorm/GormValidationApiCustomizer
Event: 10,049 loading class org/grails/datastore/gorm/GormValidationApiCustomizer done
Event: 10,049 loading class org/grails/datastore/gorm/GormValidationApiCustomizer
Event: 10,049 loading class org/grails/datastore/gorm/GormValidationApiCustomizer done
Event: 10,050 loading class org/grails/datastore/gorm/GormValidationApiCustomizer
Event: 10,050 loading class org/grails/datastore/gorm/GormValidationApiCustomizer done
Event: 10,050 loading class org/codehaus/groovy/grails/orm/hibernate/AbstractHibernateGormValidationApiCustomizer
Event: 10,050 loading class org/codehaus/groovy/grails/orm/hibernate/AbstractHibernateGormValidationApiCustomizer done
Event: 10,051 loading class org/codehaus/groovy/grails/orm/hibernate/AbstractHibernateGormValidationApiCustomizer
Event: 10,051 loading class org/codehaus/groovy/grails/orm/hibernate/AbstractHibernateGormValidationApiCustomizer done


Dynamic libraries:
00400000-00401000 r-xp 00000000 08:02 2228742                            /usr/lib/jvm/java-8-oracle/bin/java
00600000-00601000 rw-p 00000000 08:02 2228742                            /usr/lib/jvm/java-8-oracle/bin/java
022dd000-039b8000 rw-p 00000000 00:00 0                                  [heap]
d0000000-d4a80000 rw-p 00000000 00:00 0 
d4a80000-f0000000 ---p 00000000 00:00 0 
f0000000-fed80000 rw-p 00000000 00:00 0 
fed80000-100000000 ---p 00000000 00:00 0 
100000000-1006c0000 rw-p 00000000 00:00 0 
1006c0000-140000000 ---p 00000000 00:00 0 
7f23de3fe000-7f23de57e000 rw-p 00000000 00:00 0 
7f23de57e000-7f23de5fe000 ---p 00000000 00:00 0 
7f23de5fe000-7f23de7fe000 rw-p 00000000 00:00 0 
7f23de7fe000-7f23de801000 ---p 00000000 00:00 0 
7f23de801000-7f23deaff000 rw-p 00000000 00:00 0 
7f23deaff000-7f23decff000 rw-p 00000000 00:00 0 
7f23decff000-7f23ded02000 ---p 00000000 00:00 0 
7f23ded02000-7f23df000000 rw-p 00000000 00:00 0 
7f23df000000-7f23df200000 rw-p 00000000 00:00 0 
7f23df200000-7f23df400000 rw-p 00000000 00:00 0 
7f23df400000-7f23df600000 rw-p 00000000 00:00 0 
7f23df600000-7f23df800000 rw-p 00000000 00:00 0 
7f23df800000-7f23dfa00000 rw-p 00000000 00:00 0 
7f23dfa00000-7f23dfc00000 rw-p 00000000 00:00 0 
7f23dfc00000-7f23dfe00000 rw-p 00000000 00:00 0 
7f23dfe00000-7f23e0000000 rw-p 00000000 00:00 0 
7f23e0000000-7f23e10c8000 rw-p 00000000 00:00 0 
7f23e10c8000-7f23e4000000 ---p 00000000 00:00 0 
7f23e4000000-7f23e557e000 rw-p 00000000 00:00 0 
7f23e557e000-7f23e8000000 ---p 00000000 00:00 0 
7f23e8000000-7f23e8eda000 rw-p 00000000 00:00 0 
7f23e8eda000-7f23ec000000 ---p 00000000 00:00 0 
7f23ec08c000-7f23ec092000 r--s 002f7000 08:02 2228554                    /usr/lib/jvm/java-8-oracle/jre/lib/charsets.jar
7f23ec092000-7f23ec095000 ---p 00000000 00:00 0 
7f23ec095000-7f23ec393000 rw-p 00000000 00:00 0 
7f23ec393000-7f23ec396000 ---p 00000000 00:00 0 
7f23ec396000-7f23ec494000 rw-p 00000000 00:00 0 
7f23ec494000-7f23ec4a7000 r--s 00345000 08:02 2228592                    /usr/lib/jvm/java-8-oracle/jre/lib/resources.jar
7f23ec4a7000-7f23ec4aa000 ---p 00000000 00:00 0 
7f23ec4aa000-7f23ec7a8000 rw-p 00000000 00:00 0 
7f23ec7a8000-7f23ec7c4000 r--s 00393000 08:02 2228454                    /usr/lib/jvm/java-8-oracle/jre/lib/ext/cldrdata.jar
7f23ec7c4000-7f23ec7c7000 ---p 00000000 00:00 0 
7f23ec7c7000-7f23ec8c5000 rw-p 00000000 00:00 0 
7f23ec8c5000-7f23ec8c8000 ---p 00000000 00:00 0 
7f23ec8c8000-7f23ec9c6000 rw-p 00000000 00:00 0 
7f23ec9c6000-7f23ec9d6000 r-xp 00000000 08:02 2228502                    /usr/lib/jvm/java-8-oracle/jre/lib/amd64/libnio.so
7f23ec9d6000-7f23ecbd6000 ---p 00010000 08:02 2228502                    /usr/lib/jvm/java-8-oracle/jre/lib/amd64/libnio.so
7f23ecbd6000-7f23ecbd7000 rw-p 00010000 08:02 2228502                    /usr/lib/jvm/java-8-oracle/jre/lib/amd64/libnio.so
7f23ecbd7000-7f23ecdd7000 rw-p 00000000 00:00 0 
7f23ecdd7000-7f23ecddf000 r-xp 00000000 08:02 2228513                    /usr/lib/jvm/java-8-oracle/jre/lib/amd64/libmanagement.so
7f23ecddf000-7f23ecfdf000 ---p 00008000 08:02 2228513                    /usr/lib/jvm/java-8-oracle/jre/lib/amd64/libmanagement.so
7f23ecfdf000-7f23ecfe0000 rw-p 00008000 08:02 2228513                    /usr/lib/jvm/java-8-oracle/jre/lib/amd64/libmanagement.so
7f23ecfe0000-7f23ecff6000 r-xp 00000000 08:02 2228479                    /usr/lib/jvm/java-8-oracle/jre/lib/amd64/libnet.so
7f23ecff6000-7f23ed1f5000 ---p 00016000 08:02 2228479                    /usr/lib/jvm/java-8-oracle/jre/lib/amd64/libnet.so
7f23ed1f5000-7f23ed1f6000 rw-p 00015000 08:02 2228479                    /usr/lib/jvm/java-8-oracle/jre/lib/amd64/libnet.so
7f23ed1f6000-7f23ed1f9000 ---p 00000000 00:00 0 
7f23ed1f9000-7f23ed2f7000 rw-p 00000000 00:00 0 
7f23ed2f7000-7f23ed2fa000 r--s 00012000 08:02 32506552                   /home/luis/.gvm/grails/2.4.1/lib/javax.servlet/javax.servlet-api/jars/javax.servlet-api-3.0.1.jar
7f23ed2fa000-7f23ed2ff000 r--s 00040000 08:02 32507915                   /home/luis/.gvm/grails/2.4.1/dist/grails-project-api-2.4.1.jar
7f23ed2ff000-7f23ed310000 r--s 000d2000 08:02 33162674                   /home/luis/.m2/repository/org/liquibase/liquibase-core/2.0.5/liquibase-core-2.0.5.jar
7f23ed310000-7f23ed314000 r--s 0000c000 08:02 33162673                   /home/luis/.m2/repository/javax/validation/validation-api/1.1.0.Final/validation-api-1.1.0.Final.jar
7f23ed314000-7f23ed31a000 r--s 0004c000 08:02 32506839                   /home/luis/.gvm/grails/2.4.1/lib/org.grails/grails-datastore-simple/jars/grails-datastore-simple-3.1.1.RELEASE.jar
7f23ed31a000-7f23ed31c000 r--s 0000a000 08:02 33685665                   /home/luis/.m2/repository/org/grails/grails-datastore-gorm-plugin-support/3.1.1.RELEASE/grails-datastore-gorm-plugin-support-3.1.1.RELEASE.jar
7f23ed31c000-7f23ed322000 r--s 00041000 08:02 33685664                   /home/luis/.m2/repository/org/grails/grails-datastore-gorm-hibernate-core/3.1.1.RELEASE/grails-datastore-gorm-hibernate-core-3.1.1.RELEASE.jar
7f23ed322000-7f23ed327000 r--s 00048000 08:02 33162669                   /home/luis/.m2/repository/dom4j/dom4j/1.6.1/dom4j-1.6.1.jar
7f23ed327000-7f23ed328000 r--s 00002000 08:02 33162635                   /home/luis/.m2/repository/org/jboss/logging/jboss-logging-annotations/1.2.0.Beta1/jboss-logging-annotations-1.2.0.Beta1.jar
7f23ed328000-7f23ed32b000 r--s 00010000 08:02 33162662                   /home/luis/.m2/repository/org/hibernate/common/hibernate-commons-annotations/4.0.4.Final/hibernate-commons-annotations-4.0.4.Final.jar
7f23ed32b000-7f23ed333000 r--s 00062000 08:02 33685658                   /home/luis/.m2/repository/org/grails/grails-datastore-gorm-hibernate4/3.1.1.RELEASE/grails-datastore-gorm-hibernate4-3.1.1.RELEASE.jar
7f23ed333000-7f23ed33c000 r--s 00081000 08:02 32506836                   /home/luis/.gvm/grails/2.4.1/lib/org.grails/grails-datastore-gorm/jars/grails-datastore-gorm-3.1.1.RELEASE.jar
7f23ed33c000-7f23ed347000 r--s 00052000 08:02 32506833                   /home/luis/.gvm/grails/2.4.1/lib/org.grails/grails-datastore-core/jars/grails-datastore-core-3.1.1.RELEASE.jar
7f23ed347000-7f23ed349000 r--s 0000d000 08:02 33162650                   /home/luis/.m2/repository/org/jboss/logging/jboss-logging/3.1.0.GA/jboss-logging-3.1.0.GA.jar
7f23ed349000-7f23ed35f000 r--s 000e6000 08:02 33162648                   /home/luis/.m2/repository/net/sf/ehcache/ehcache-core/2.4.8/ehcache-core-2.4.8.jar
7f23ed35f000-7f23ed361000 r--s 00011000 08:02 33162642                   /home/luis/.m2/repository/org/jboss/jandex/1.1.0.Final/jandex-1.1.0.Final.jar
7f23ed361000-7f23ed366000 r--s 00068000 08:02 33162640                   /home/luis/.m2/repository/antlr/antlr/2.7.7/antlr-2.7.7.jar
7f23ed366000-7f23ed367000 r--s 00006000 08:02 33162638                   /home/luis/.m2/repository/org/jboss/spec/javax/transaction/jboss-transaction-api_1.2_spec/1.0.0.Final/jboss-transaction-api_1.2_spec-1.0.0.Final.jar
7f23ed367000-7f23ed3c4000 r--s 004a0000 08:02 33162636                   /home/luis/.m2/repository/org/hibernate/hibernate-core/4.3.5.Final/hibernate-core-4.3.5.Final.jar
7f23ed3c4000-7f23ed3c8000 r--s 0001e000 08:02 33162633                   /home/luis/.m2/repository/org/hibernate/hibernate-ehcache/4.3.5.Final/hibernate-ehcache-4.3.5.Final.jar
7f23ed3c8000-7f23ed3ca000 r--s 0000d000 08:02 33162646                   /home/luis/.m2/repository/com/fasterxml/classmate/1.0.0/classmate-1.0.0.jar
7f23ed3ca000-7f23ed3d7000 r--s 00080000 08:02 33162644                   /home/luis/.m2/repository/org/hibernate/hibernate-validator/5.0.3.Final/hibernate-validator-5.0.3.Final.jar
7f23ed3d7000-7f23ed3e4000 r--s 00109000 08:02 33162632                   /home/luis/.m2/repository/org/mozilla/rhino/1.7R4/rhino-1.7R4.jar
7f23ed3e4000-7f23ed3ed000 r--s 000a5000 08:02 33162655                   /home/luis/.m2/repository/org/javassist/javassist/3.17.1-GA/javassist-3.17.1-GA.jar
7f23ed3ed000-7f23ed3f7000 r--s 0005e000 08:02 32506971                   /home/luis/.gvm/grails/2.4.1/lib/org.springframework/spring-jdbc/jars/spring-jdbc-4.0.5.RELEASE.jar
7f23ed3f7000-7f23ed3f9000 r--s 0000e000 08:02 33162624                   /home/luis/.m2/repository/commons-logging/commons-logging/1.1.3/commons-logging-1.1.3.jar
7f23ed3f9000-7f23ed40d000 r--s 000db000 08:02 32506959                   /home/luis/.gvm/grails/2.4.1/lib/org.springframework/spring-core/jars/spring-core-4.0.5.RELEASE.jar
7f23ed40d000-7f23ed419000 r--s 00098000 08:02 32506944                   /home/luis/.gvm/grails/2.4.1/lib/org.springframework/spring-beans/jars/spring-beans-4.0.5.RELEASE.jar
7f23ed419000-7f23ed421000 r--s 00052000 08:02 33162618                   /home/luis/.m2/repository/org/springframework/spring-orm/4.0.5.RELEASE/spring-orm-4.0.5.RELEASE.jar
7f23ed421000-7f23ed424000 r--s 00083000 08:02 32507936                   /home/luis/.gvm/grails/2.4.1/dist/grails-resources-2.4.1.jar
7f23ed424000-7f23ed431000 r--s 00189000 08:02 32506467                   /home/luis/.gvm/grails/2.4.1/lib/com.h2database/h2/jars/h2-1.3.176.jar
7f23ed431000-7f23ed434000 r--s 00018000 08:02 32507663                   /home/luis/.gvm/grails/2.4.1/dist/grails-plugin-domain-class-2.4.1.jar
7f23ed434000-7f23ed438000 r--s 00021000 08:02 32507600                   /home/luis/.gvm/grails/2.4.1/dist/grails-plugin-converters-2.4.1.jar
7f23ed438000-7f23ed43a000 r--s 0000e000 08:02 32507768                   /home/luis/.gvm/grails/2.4.1/dist/grails-plugin-mimetypes-2.4.1.jar
7f23ed43a000-7f23ed43b000 r--s 0000e000 08:02 32506737                   /home/luis/.gvm/grails/2.4.1/lib/org.codehaus.jsr166-mirror/jsr166y/jars/jsr166y-1.7.0.jar
7f23ed43b000-7f23ed457000 r--s 00136000 08:02 32506722                   /home/luis/.gvm/grails/2.4.1/lib/org.codehaus.gpars/gpars/jars/gpars-1.2.1.jar
7f23ed457000-7f23ed459000 r--s 00011000 08:02 32507390                   /home/luis/.gvm/grails/2.4.1/dist/grails-async-2.4.1.jar
7f23ed459000-7f23ed45b000 r--s 0000e000 08:02 32507537                   /home/luis/.gvm/grails/2.4.1/dist/grails-plugin-async-2.4.1.jar
7f23ed45b000-7f23ed45f000 r--s 00028000 08:02 32506516                   /home/luis/.gvm/grails/2.4.1/lib/commons-validator/commons-validator/jars/commons-validator-1.4.0.jar
7f23ed45f000-7f23ed462000 r--s 00012000 08:02 32508020                   /home/luis/.gvm/grails/2.4.1/dist/grails-validation-2.4.1.jar
7f23ed462000-7f23ed466000 r--s 00019000 08:02 32506310                   /home/luis/.gvm/grails/2.4.1/lib/com.googlecode.concurrentlinkedhashmap/concurrentlinkedhashmap-lru/jars/concurrentlinkedhashmap-lru-1.4.jar
7f23ed466000-7f23ed468000 r--s 0000e000 08:02 32507873                   /home/luis/.gvm/grails/2.4.1/dist/grails-plugin-url-mappings-2.4.1.jar
7f23ed468000-7f23ed469000 r--s 00006000 08:02 32507831                   /home/luis/.gvm/grails/2.4.1/dist/grails-plugin-servlets-2.4.1.jar
7f23ed469000-7f23ed470000 r--s 00036000 08:02 32506983                   /home/luis/.gvm/grails/2.4.1/lib/org.springframework/spring-tx/jars/spring-tx-4.0.5.RELEASE.jar
7f23ed470000-7f23ed472000 r--s 00009000 08:02 32507810                   /home/luis/.gvm/grails/2.4.1/dist/grails-plugin-services-2.4.1.jar
7f23ed472000-7f23ed473000 r--s 00001000 08:02 32506887                   /home/luis/.gvm/grails/2.4.1/lib/org.slf4j/jul-to-slf4j/jars/jul-to-slf4j-1.7.5.jar
7f23ed473000-7f23ed474000 r--s 00000000 08:02 32507516                   /home/luis/.gvm/grails/2.4.1/dist/grails-logging-2.4.1.jar
7f23ed474000-7f23ed483000 r--s 00096000 08:02 32506989                   /home/luis/.gvm/grails/2.4.1/lib/org.springframework/spring-web/jars/spring-web-4.0.5.RELEASE.jar
7f23ed483000-7f23ed488000 r--s 0002c000 08:02 32507495                   /home/luis/.gvm/grails/2.4.1/dist/grails-encoder-2.4.1.jar
7f23ed488000-7f23ed48e000 r--s 00033000 08:02 32506486                   /home/luis/.gvm/grails/2.4.1/lib/commons-codec/commons-codec/jars/commons-codec-1.6.jar
7f23ed48e000-7f23ed490000 r--s 00012000 08:02 32507558                   /home/luis/.gvm/grails/2.4.1/dist/grails-plugin-codecs-2.4.1.jar
7f23ed490000-7f23ed496000 r--s 00058000 08:02 32507705                   /home/luis/.gvm/grails/2.4.1/dist/grails-plugin-gsp-2.4.1.jar
7f23ed496000-7f23ed498000 r--s 0000b000 08:02 32507684                   /home/luis/.gvm/grails/2.4.1/dist/grails-plugin-filters-2.4.1.jar
7f23ed498000-7f23ed49d000 r--s 00041000 08:02 32506512                   /home/luis/.gvm/grails/2.4.1/lib/commons-lang/commons-lang/jars/commons-lang-2.6.jar
7f23ed49d000-7f23ed49e000 r--s 00005000 08:02 32507726                   /home/luis/.gvm/grails/2.4.1/dist/grails-plugin-i18n-2.4.1.jar
7f23ed49e000-7f23ed4a3000 r--s 00017000 08:02 32506861                   /home/luis/.gvm/grails/2.4.1/lib/org.hibernate.javax.persistence/hibernate-jpa-2.1-api/jars/hibernate-jpa-2.1-api-1.0.0.Final.jar
7f23ed4a3000-7f23ed4a5000 r--s 00009000 08:02 32507978                   /home/luis/.gvm/grails/2.4.1/dist/grails-spring-2.4.1.jar
7f23ed4a5000-7f23ed4a7000 r--s 00000000 08:02 32506269                   /home/luis/.gvm/grails/2.4.1/lib/aopalliance/aopalliance/jars/aopalliance-1.0.jar
7f23ed4a7000-7f23ed4aa000 r--s 00041000 08:02 32507023                   /home/luis/.gvm/grails/2.4.1/lib/xalan/serializer/jars/serializer-2.7.1.jar
7f23ed4aa000-7f23ed4b7000 r--s 000a7000 08:02 32507432                   /home/luis/.gvm/grails/2.4.1/dist/grails-core-2.4.1.jar
7f23ed4b7000-7f23ed4b8000 r--s 00005000 08:02 32507621                   /home/luis/.gvm/grails/2.4.1/dist/grails-plugin-databinding-2.4.1.jar
7f23ed4b8000-7f23ed4bd000 r--s 0002e000 08:02 32506965                   /home/luis/.gvm/grails/2.4.1/lib/org.springframework/spring-expression/jars/spring-expression-4.0.5.RELEASE.jar
7f23ed4bd000-7f23ed4c6000 r--s 0004e000 08:02 32506935                   /home/luis/.gvm/grails/2.4.1/lib/org.springframework/spring-aop/jars/spring-aop-4.0.5.RELEASE.jar
7f23ed4c6000-7f23ed4dd000 r--s 000d8000 08:02 32506950                   /home/luis/.gvm/grails/2.4.1/lib/org.springframework/spring-context/jars/spring-context-4.0.5.RELEASE.jar
7f23ed4dd000-7f23ed4df000 r--s 00008000 08:02 32506680                   /home/luis/.gvm/grails/2.4.1/lib/org.apache.tomcat/tomcat-juli/jars/tomcat-juli-7.0.50.jar
7f23ed4df000-7f23ed4e1000 r--s 0001d000 08:02 32506674                   /home/luis/.gvm/grails/2.4.1/lib/org.apache.tomcat/tomcat-jdbc/jars/tomcat-jdbc-7.0.50.jar
7f23ed4e1000-7f23ed4e3000 r--s 0000d000 08:02 32507642                   /home/luis/.gvm/grails/2.4.1/dist/grails-plugin-datasource-2.4.1.jar
7f23ed4e3000-7f23ed4e8000 r--s 0002a000 08:02 32506288                   /home/luis/.gvm/grails/2.4.1/lib/com.google.code.gson/gson/jars/gson-2.2.4.jar
7f23ed4e8000-7f23ed4ea000 r--s 00008000 08:02 32507894                   /home/luis/.gvm/grails/2.4.1/dist/grails-plugin-validation-2.4.1.jar
7f23ed4ea000-7f23ed4ee000 r--s 00020000 08:02 32507579                   /home/luis/.gvm/grails/2.4.1/dist/grails-plugin-controllers-2.4.1.jar
7f23ed4ee000-7f23ed4f2000 r--s 00019000 08:02 32506694                   /home/luis/.gvm/grails/2.4.1/lib/org.aspectj/aspectjrt/jars/aspectjrt-1.8.0.jar
7f23ed4f2000-7f23ed50a000 r--s 001aa000 08:02 32506697                   /home/luis/.gvm/grails/2.4.1/lib/org.aspectj/aspectjweaver/jars/aspectjweaver-1.8.0.jar
7f23ed50a000-7f23ed50e000 r--s 0001e000 08:02 32506953                   /home/luis/.gvm/grails/2.4.1/lib/org.springframework/spring-context-support/jars/spring-context-support-4.0.5.RELEASE.jar
7f23ed50e000-7f23ed51a000 r--s 00096000 08:02 32506992                   /home/luis/.gvm/grails/2.4.1/lib/org.springframework/spring-webmvc/jars/spring-webmvc-4.0.5.RELEASE.jar
7f23ed51a000-7f23ed51f000 r--s 00030000 08:02 32508062                   /home/luis/.gvm/grails/2.4.1/dist/grails-web-common-2.4.1.jar
7f23ed51f000-7f23ed525000 r--s 00027000 08:02 32506595                   /home/luis/.gvm/grails/2.4.1/lib/opensymphony/sitemesh/jars/sitemesh-2.4.jar
7f23ed525000-7f23ed527000 r--s 0000b000 08:02 32508209                   /home/luis/.gvm/grails/2.4.1/dist/grails-web-sitemesh-2.4.1.jar
7f23ed527000-7f23ed529000 r--s 00009000 08:02 32508188                   /home/luis/.gvm/grails/2.4.1/dist/grails-web-mvc-2.4.1.jar
7f23ed529000-7f23ed52b000 r--s 0000b000 08:02 32506938                   /home/luis/.gvm/grails/2.4.1/lib/org.springframework/spring-aspects/jars/spring-aspects-4.0.5.RELEASE.jar
7f23ed52b000-7f23ed52f000 r--s 00027000 08:02 32506504                   /home/luis/.gvm/grails/2.4.1/lib/commons-io/commons-io/jars/commons-io-2.2.jar
7f23ed52f000-7f23ed531000 r--s 0000f000 08:02 32506499                   /home/luis/.gvm/grails/2.4.1/lib/commons-fileupload/commons-fileupload/jars/commons-fileupload-1.3.1.jar
7f23ed531000-7f23ed532000 r--s 00000000 08:02 32508125                   /home/luis/.gvm/grails/2.4.1/dist/grails-web-fileupload-2.4.1.jar
7f23ed532000-7f23ed534000 r--s 00013000 08:02 32507453                   /home/luis/.gvm/grails/2.4.1/dist/grails-databinding-2.4.1.jar
7f23ed534000-7f23ed537000 r--s 0001c000 08:02 32508083                   /home/luis/.gvm/grails/2.4.1/dist/grails-web-databinding-2.4.1.jar
7f23ed537000-7f23ed53b000 r--s 00024000 08:02 32508167                   /home/luis/.gvm/grails/2.4.1/dist/grails-web-jsp-2.4.1.jar
7f23ed53b000-7f23ed53f000 r--s 00023000 08:02 32508231                   /home/luis/.gvm/grails/2.4.1/dist/grails-web-url-mappings-2.4.1.jar
7f23ed53f000-7f23ed546000 r--s 0005c000 08:02 32508146                   /home/luis/.gvm/grails/2.4.1/dist/grails-web-gsp-2.4.1.jar
7f23ed546000-7f23ed548000 r--s 00009000 08:02 32508041                   /home/luis/.gvm/grails/2.4.1/dist/grails-web-2.4.1.jar
7f23ed548000-7f23ed54b000 r--s 00038000 08:02 32507789                   /home/luis/.gvm/grails/2.4.1/dist/grails-plugin-rest-2.4.1.jar
7f23ed54b000-7f23ed74b000 rw-p 00000000 00:00 0 
7f23ed74b000-7f23ed74e000 ---p 00000000 00:00 0 
7f23ed74e000-7f23eda4c000 rw-p 00000000 00:00 0 
7f23eda4c000-7f23edc4c000 rw-p 00000000 00:00 0 
7f23edc4c000-7f23ede4c000 rw-p 00000000 00:00 0 
7f23ede4c000-7f23ede4f000 ---p 00000000 00:00 0 
7f23ede4f000-7f23edf4d000 rw-p 00000000 00:00 0 
7f23edf4d000-7f23edf58000 r--s 0021a000 08:02 2228450                    /usr/lib/jvm/java-8-oracle/jre/lib/ext/localedata.jar
7f23edf58000-7f23edf5a000 r-xp 00000000 08:02 60295251                   /usr/lib/x86_64-linux-gnu/gconv/ISO8859-1.so
7f23edf5a000-7f23ee159000 ---p 00002000 08:02 60295251                   /usr/lib/x86_64-linux-gnu/gconv/ISO8859-1.so
7f23ee159000-7f23ee15a000 r--p 00001000 08:02 60295251                   /usr/lib/x86_64-linux-gnu/gconv/ISO8859-1.so
7f23ee15a000-7f23ee15b000 rw-p 00002000 08:02 60295251                   /usr/lib/x86_64-linux-gnu/gconv/ISO8859-1.so
7f23ee15b000-7f23ee162000 r--s 00000000 08:02 60295290                   /usr/lib/x86_64-linux-gnu/gconv/gconv-modules.cache
7f23ee162000-7f23ee180000 r--p 00000000 08:02 60296415                   /usr/share/locale/es/LC_MESSAGES/libc.mo
7f23ee180000-7f23ee181000 r-xp 00000000 08:02 49807420                   /tmp/libjansi-64-3541774019790888891.so
7f23ee181000-7f23ee380000 ---p 00001000 08:02 49807420                   /tmp/libjansi-64-3541774019790888891.so
7f23ee380000-7f23ee381000 rw-p 00000000 08:02 49807420                   /tmp/libjansi-64-3541774019790888891.so
7f23ee381000-7f23ee384000 ---p 00000000 00:00 0 
7f23ee384000-7f23ee5ba000 rw-p 00000000 00:00 0 
7f23ee5ba000-7f23ee5bf000 r--s 00092000 08:02 2228557                    /usr/lib/jvm/java-8-oracle/jre/lib/jsse.jar
7f23ee5bf000-7f23ee5c0000 ---p 00000000 00:00 0 
7f23ee5c0000-7f23ee6c0000 rw-p 00000000 00:00 0 
7f23ee6c0000-7f23ee6c3000 ---p 00000000 00:00 0 
7f23ee6c3000-7f23ee7c1000 rw-p 00000000 00:00 0 
7f23ee7c1000-7f23ee7c4000 ---p 00000000 00:00 0 
7f23ee7c4000-7f23ee8c2000 rw-p 00000000 00:00 0 
7f23ee8c2000-7f23ee8c5000 ---p 00000000 00:00 0 
7f23ee8c5000-7f23ee9c3000 rw-p 00000000 00:00 0 
7f23ee9c3000-7f23ee9c6000 ---p 00000000 00:00 0 
7f23ee9c6000-7f23eeac4000 rw-p 00000000 00:00 0 
7f23eeac4000-7f23eeaca000 r--s 0005f000 08:02 32506998                   /home/luis/.gvm/grails/2.4.1/lib/org.springframework/springloaded/jars/springloaded-1.2.0.RELEASE.jar
7f23eeaca000-7f23eeada000 r--s 0019c000 08:02 33161699                   /home/luis/.m2/repository/org/eclipse/jdt/core/compiler/ecj/3.7.2/ecj-3.7.2.jar
7f23eeada000-7f23eeadf000 r--s 0002f000 08:02 33161697                   /home/luis/.m2/repository/org/apache/tomcat/embed/tomcat-embed-websocket/7.0.53/tomcat-embed-websocket-7.0.53.jar
7f23eeadf000-7f23eeae1000 r--s 0000c000 08:02 33161689                   /home/luis/.m2/repository/org/apache/tomcat/tomcat-catalina-ant/7.0.53/tomcat-catalina-ant-7.0.53.jar
7f23eeae1000-7f23eeb02000 r--s 00267000 08:02 33161702                   /home/luis/.m2/repository/org/apache/tomcat/embed/tomcat-embed-core/7.0.53/tomcat-embed-core-7.0.53.jar
7f23eeb02000-7f23eeb0b000 r--s 0009f000 08:02 33161691                   /home/luis/.m2/repository/org/apache/tomcat/embed/tomcat-embed-jasper/7.0.53/tomcat-embed-jasper-7.0.53.jar
7f23eeb0b000-7f23eeb0f000 r--s 00027000 08:02 33161693                   /home/luis/.m2/repository/org/apache/tomcat/embed/tomcat-embed-el/7.0.53/tomcat-embed-el-7.0.53.jar
7f23eeb0f000-7f23eeb11000 r--s 0000e000 08:02 33293366                   /home/luis/IdeaProjects/ocelot-bpm-project/Modeller_Luis/target/work/plugins/tomcat-7.0.54/grails-plugin-tomcat-7.0.54.jar
7f23eeb11000-7f23eeb13000 r--s 00013000 08:02 33161696                   /home/luis/.m2/repository/org/apache/tomcat/embed/tomcat-embed-logging-log4j/7.0.53/tomcat-embed-logging-log4j-7.0.53.jar
7f23eeb13000-7f23eeb15000 r--s 0001a000 08:02 32506829                   /home/luis/.gvm/grails/2.4.1/lib/org.fusesource.jansi/jansi/jars/jansi-1.11.jar
7f23eeb15000-7f23eeb2a000 r--s 00116000 08:02 32506630                   /home/luis/.gvm/grails/2.4.1/lib/org.apache.ivy/ivy/jars/ivy-2.3.0.jar
7f23eeb2a000-7f23eeb2d000 r--s 00018000 08:02 32506604                   /home/luis/.gvm/grails/2.4.1/lib/org.apache.ant/ant-junit/jars/ant-junit-1.8.4.jar
7f23eeb2d000-7f23eeb2e000 r--s 00001000 08:02 32506612                   /home/luis/.gvm/grails/2.4.1/lib/org.apache.ant/ant-trax/jars/ant-trax-1.7.1.jar
7f23eeb2e000-7f23eeb2f000 r--s 00004000 08:02 32506608                   /home/luis/.gvm/grails/2.4.1/lib/org.apache.ant/ant-launcher/jars/ant-launcher-1.8.4.jar
7f23eeb2f000-7f23eeb4d000 r--s 001bd000 08:02 32506600                   /home/luis/.gvm/grails/2.4.1/lib/org.apache.ant/ant/jars/ant-1.8.4.jar
7f23eeb4d000-7f23eeb51000 r--s 00031000 08:02 32506570                   /home/luis/.gvm/grails/2.4.1/lib/jline/jline/jars/jline-2.12.jar
7f23eeb51000-7f23eeb53000 r--s 00005000 08:02 32506894                   /home/luis/.gvm/grails/2.4.1/lib/org.slf4j/slf4j-api/jars/slf4j-api-1.7.5.jar
7f23eeb53000-7f23eeb60000 r--s 000db000 08:02 32507411                   /home/luis/.gvm/grails/2.4.1/dist/grails-bootstrap-2.4.1.jar
7f23eeb60000-7f23eebcb000 r--s 00683000 08:02 32506729                   /home/luis/.gvm/grails/2.4.1/lib/org.codehaus.groovy/groovy-all/jars/groovy-all-2.3.3.jar
7f23eebcb000-7f23eebce000 ---p 00000000 00:00 0 
7f23eebce000-7f23eeccc000 rw-p 00000000 00:00 0 
7f23eeccc000-7f23eee43000 r--p 00000000 08:02 60296451                   /usr/lib/locale/locale-archive
7f23eee43000-7f23eee46000 ---p 00000000 00:00 0 
7f23eee46000-7f23eef44000 rw-p 00000000 00:00 0 
7f23eef44000-7f23eef47000 ---p 00000000 00:00 0 
7f23eef47000-7f23ef045000 rw-p 00000000 00:00 0 
7f23ef045000-7f23ef046000 ---p 00000000 00:00 0 
7f23ef046000-7f23f0055000 rw-p 00000000 00:00 0 
7f23f0055000-7f23f022a000 r--s 03c4d000 08:02 2228591                    /usr/lib/jvm/java-8-oracle/jre/lib/rt.jar
7f23f022a000-7f23f247b000 rw-p 00000000 00:00 0 
7f23f247b000-7f23f247c000 ---p 00000000 00:00 0 
7f23f247c000-7f23f257c000 rw-p 00000000 00:00 0 
7f23f257c000-7f23f257d000 ---p 00000000 00:00 0 
7f23f257d000-7f23f267d000 rw-p 00000000 00:00 0 
7f23f267d000-7f23f267e000 ---p 00000000 00:00 0 
7f23f267e000-7f23f277e000 rw-p 00000000 00:00 0 
7f23f277e000-7f23f277f000 ---p 00000000 00:00 0 
7f23f277f000-7f23f28a5000 rw-p 00000000 00:00 0 
7f23f28a5000-7f23f297f000 ---p 00000000 00:00 0 
7f23f297f000-7f23f29a5000 rw-p 00000000 00:00 0 
7f23f29a5000-7f23f2a7f000 ---p 00000000 00:00 0 
7f23f2a7f000-7f23f2af6000 rw-p 00000000 00:00 0 
7f23f2af6000-7f23f2aff000 ---p 00000000 00:00 0 
7f23f2aff000-7f23f2b46000 rw-p 00000000 00:00 0 
7f23f2b46000-7f23f2ec0000 ---p 00000000 00:00 0 
7f23f2ec0000-7f23f4040000 rwxp 00000000 00:00 0 
7f23f4040000-7f2401ec0000 ---p 00000000 00:00 0 
7f2401ec0000-7f2401edc000 r-xp 00000000 08:02 2228473                    /usr/lib/jvm/java-8-oracle/jre/lib/amd64/libzip.so
7f2401edc000-7f24020db000 ---p 0001c000 08:02 2228473                    /usr/lib/jvm/java-8-oracle/jre/lib/amd64/libzip.so
7f24020db000-7f24020dc000 rw-p 0001b000 08:02 2228473                    /usr/lib/jvm/java-8-oracle/jre/lib/amd64/libzip.so
7f24020dc000-7f24020e7000 r-xp 00000000 08:02 4984053                    /lib/x86_64-linux-gnu/libnss_files-2.13.so
7f24020e7000-7f24022e6000 ---p 0000b000 08:02 4984053                    /lib/x86_64-linux-gnu/libnss_files-2.13.so
7f24022e6000-7f24022e7000 r--p 0000a000 08:02 4984053                    /lib/x86_64-linux-gnu/libnss_files-2.13.so
7f24022e7000-7f24022e8000 rw-p 0000b000 08:02 4984053                    /lib/x86_64-linux-gnu/libnss_files-2.13.so
7f24022e8000-7f24022f2000 r-xp 00000000 08:02 4984049                    /lib/x86_64-linux-gnu/libnss_nis-2.13.so
7f24022f2000-7f24024f1000 ---p 0000a000 08:02 4984049                    /lib/x86_64-linux-gnu/libnss_nis-2.13.so
7f24024f1000-7f24024f2000 r--p 00009000 08:02 4984049                    /lib/x86_64-linux-gnu/libnss_nis-2.13.so
7f24024f2000-7f24024f3000 rw-p 0000a000 08:02 4984049                    /lib/x86_64-linux-gnu/libnss_nis-2.13.so
7f24024f3000-7f2402508000 r-xp 00000000 08:02 4984047                    /lib/x86_64-linux-gnu/libnsl-2.13.so
7f2402508000-7f2402707000 ---p 00015000 08:02 4984047                    /lib/x86_64-linux-gnu/libnsl-2.13.so
7f2402707000-7f2402708000 r--p 00014000 08:02 4984047                    /lib/x86_64-linux-gnu/libnsl-2.13.so
7f2402708000-7f2402709000 rw-p 00015000 08:02 4984047                    /lib/x86_64-linux-gnu/libnsl-2.13.so
7f2402709000-7f240270b000 rw-p 00000000 00:00 0 
7f240270b000-7f2402712000 r-xp 00000000 08:02 4984042                    /lib/x86_64-linux-gnu/libnss_compat-2.13.so
7f2402712000-7f2402911000 ---p 00007000 08:02 4984042                    /lib/x86_64-linux-gnu/libnss_compat-2.13.so
7f2402911000-7f2402912000 r--p 00006000 08:02 4984042                    /lib/x86_64-linux-gnu/libnss_compat-2.13.so
7f2402912000-7f2402913000 rw-p 00007000 08:02 4984042                    /lib/x86_64-linux-gnu/libnss_compat-2.13.so
7f2402913000-7f240291d000 r-xp 00000000 08:02 2228499                    /usr/lib/jvm/java-8-oracle/jre/lib/amd64/libinstrument.so
7f240291d000-7f2402b1c000 ---p 0000a000 08:02 2228499                    /usr/lib/jvm/java-8-oracle/jre/lib/amd64/libinstrument.so
7f2402b1c000-7f2402b1d000 rw-p 00009000 08:02 2228499                    /usr/lib/jvm/java-8-oracle/jre/lib/amd64/libinstrument.so
7f2402b1d000-7f2402b47000 r-xp 00000000 08:02 2228492                    /usr/lib/jvm/java-8-oracle/jre/lib/amd64/libjava.so
7f2402b47000-7f2402d47000 ---p 0002a000 08:02 2228492                    /usr/lib/jvm/java-8-oracle/jre/lib/amd64/libjava.so
7f2402d47000-7f2402d49000 rw-p 0002a000 08:02 2228492                    /usr/lib/jvm/java-8-oracle/jre/lib/amd64/libjava.so
7f2402d49000-7f2402d56000 r-xp 00000000 08:02 2228478                    /usr/lib/jvm/java-8-oracle/jre/lib/amd64/libverify.so
7f2402d56000-7f2402f56000 ---p 0000d000 08:02 2228478                    /usr/lib/jvm/java-8-oracle/jre/lib/amd64/libverify.so
7f2402f56000-7f2402f58000 rw-p 0000d000 08:02 2228478                    /usr/lib/jvm/java-8-oracle/jre/lib/amd64/libverify.so
7f2402f58000-7f2402f5f000 r-xp 00000000 08:02 4984057                    /lib/x86_64-linux-gnu/librt-2.13.so
7f2402f5f000-7f240315e000 ---p 00007000 08:02 4984057                    /lib/x86_64-linux-gnu/librt-2.13.so
7f240315e000-7f240315f000 r--p 00006000 08:02 4984057                    /lib/x86_64-linux-gnu/librt-2.13.so
7f240315f000-7f2403160000 rw-p 00007000 08:02 4984057                    /lib/x86_64-linux-gnu/librt-2.13.so
7f2403160000-7f24031e1000 r-xp 00000000 08:02 4984044                    /lib/x86_64-linux-gnu/libm-2.13.so
7f24031e1000-7f24033e0000 ---p 00081000 08:02 4984044                    /lib/x86_64-linux-gnu/libm-2.13.so
7f24033e0000-7f24033e1000 r--p 00080000 08:02 4984044                    /lib/x86_64-linux-gnu/libm-2.13.so
7f24033e1000-7f24033e2000 rw-p 00081000 08:02 4984044                    /lib/x86_64-linux-gnu/libm-2.13.so
7f24033e2000-7f2403ffc000 r-xp 00000000 08:02 2228460                    /usr/lib/jvm/java-8-oracle/jre/lib/amd64/server/libjvm.so
7f2403ffc000-7f24041fb000 ---p 00c1a000 08:02 2228460                    /usr/lib/jvm/java-8-oracle/jre/lib/amd64/server/libjvm.so
7f24041fb000-7f24042c4000 rw-p 00c19000 08:02 2228460                    /usr/lib/jvm/java-8-oracle/jre/lib/amd64/server/libjvm.so
7f24042c4000-7f2404305000 rw-p 00000000 00:00 0 
7f2404305000-7f2404487000 r-xp 00000000 08:02 4984037                    /lib/x86_64-linux-gnu/libc-2.13.so
7f2404487000-7f2404686000 ---p 00182000 08:02 4984037                    /lib/x86_64-linux-gnu/libc-2.13.so
7f2404686000-7f240468a000 r--p 00181000 08:02 4984037                    /lib/x86_64-linux-gnu/libc-2.13.so
7f240468a000-7f240468b000 rw-p 00185000 08:02 4984037                    /lib/x86_64-linux-gnu/libc-2.13.so
7f240468b000-7f2404690000 rw-p 00000000 00:00 0 
7f2404690000-7f2404692000 r-xp 00000000 08:02 4984051                    /lib/x86_64-linux-gnu/libdl-2.13.so
7f2404692000-7f2404892000 ---p 00002000 08:02 4984051                    /lib/x86_64-linux-gnu/libdl-2.13.so
7f2404892000-7f2404893000 r--p 00002000 08:02 4984051                    /lib/x86_64-linux-gnu/libdl-2.13.so
7f2404893000-7f2404894000 rw-p 00003000 08:02 4984051                    /lib/x86_64-linux-gnu/libdl-2.13.so
7f2404894000-7f24048ab000 r-xp 00000000 08:02 2228773                    /usr/lib/jvm/java-8-oracle/lib/amd64/jli/libjli.so
7f24048ab000-7f2404aaa000 ---p 00017000 08:02 2228773                    /usr/lib/jvm/java-8-oracle/lib/amd64/jli/libjli.so
7f2404aaa000-7f2404aab000 rw-p 00016000 08:02 2228773                    /usr/lib/jvm/java-8-oracle/lib/amd64/jli/libjli.so
7f2404aab000-7f2404ac2000 r-xp 00000000 08:02 4984055                    /lib/x86_64-linux-gnu/libpthread-2.13.so
7f2404ac2000-7f2404cc1000 ---p 00017000 08:02 4984055                    /lib/x86_64-linux-gnu/libpthread-2.13.so
7f2404cc1000-7f2404cc2000 r--p 00016000 08:02 4984055                    /lib/x86_64-linux-gnu/libpthread-2.13.so
7f2404cc2000-7f2404cc3000 rw-p 00017000 08:02 4984055                    /lib/x86_64-linux-gnu/libpthread-2.13.so
7f2404cc3000-7f2404cc7000 rw-p 00000000 00:00 0 
7f2404cc7000-7f2404ce7000 r-xp 00000000 08:02 4984059                    /lib/x86_64-linux-gnu/ld-2.13.so
7f2404ce7000-7f2404ce9000 r--s 00001000 08:02 2228452                    /usr/lib/jvm/java-8-oracle/jre/lib/ext/dnsns.jar
7f2404ce9000-7f2404cf2000 r--s 0006f000 08:02 32506585                   /home/luis/.gvm/grails/2.4.1/lib/log4j/log4j/jars/log4j-1.2.17.jar
7f2404cf2000-7f2404cf5000 r--s 0000d000 08:02 32507747                   /home/luis/.gvm/grails/2.4.1/dist/grails-plugin-log4j-2.4.1.jar
7f2404cf5000-7f2404cf7000 r--s 00013000 08:02 32506687                   /home/luis/.gvm/grails/2.4.1/lib/org.apache.tomcat.embed/tomcat-embed-logging-log4j/jars/tomcat-embed-logging-log4j-7.0.50.jar
7f2404cf7000-7f2404d6f000 r--s 010c6000 08:02 2229889                    /usr/lib/jvm/java-8-oracle/lib/tools.jar
7f2404d6f000-7f2404dcd000 rw-p 00000000 00:00 0 
7f2404dcd000-7f2404dd0000 ---p 00000000 00:00 0 
7f2404dd0000-7f2404ed3000 rw-p 00000000 00:00 0 
7f2404ed3000-7f2404ed8000 r--s 00050000 08:02 32506715                   /home/luis/.gvm/grails/2.4.1/lib/org.codehaus.gant/gant_groovy1.8/jars/gant_groovy1.8-1.9.6.jar
7f2404ed8000-7f2404eda000 r--s 00003000 08:02 32506881                   /home/luis/.gvm/grails/2.4.1/lib/org.slf4j/jcl-over-slf4j/jars/jcl-over-slf4j-1.7.5.jar
7f2404eda000-7f2404ee2000 rw-s 00000000 08:02 49807419                   /tmp/hsperfdata_luis/5795
7f2404ee2000-7f2404ee3000 rw-p 00000000 00:00 0 
7f2404ee3000-7f2404ee4000 r--p 00000000 00:00 0 
7f2404ee4000-7f2404ee6000 rw-p 00000000 00:00 0 
7f2404ee6000-7f2404ee7000 r--p 0001f000 08:02 4984059                    /lib/x86_64-linux-gnu/ld-2.13.so
7f2404ee7000-7f2404ee8000 rw-p 00020000 08:02 4984059                    /lib/x86_64-linux-gnu/ld-2.13.so
7f2404ee8000-7f2404ee9000 rw-p 00000000 00:00 0 
7fff30402000-7fff30424000 rw-p 00000000 00:00 0                          [stack]
7fff304d6000-7fff304d7000 r-xp 00000000 00:00 0                          [vdso]
ffffffffff600000-ffffffffff601000 r-xp 00000000 00:00 0                  [vsyscall]

VM Arguments:
jvm_args: -Dfile.encoding=UTF-8 -Xmx768M -Xms64M -Dgrails.fork.parent.process.port=53797 -Dgrails.fork.active=true -Dgrails.build.execution.context=/tmp/Modeller_Luis1504265590572648808grails-execution-context -Dgrails.home=/home/luis/.gvm/grails/2.4.1 -javaagent:/home/luis/.gvm/grails/2.4.1/lib/org.springframework/springloaded/jars/springloaded-1.2.0.RELEASE.jar -Xverify:none -Dspringloaded.synchronize=true -Djdk.reflect.allowGetCallerClass=true -Dspringloaded=profile=grails;cacheDir=/home/luis/.grails/2.4.1 
java_command: org.grails.plugins.tomcat.fork.ForkedTomcatServer
java_class_path (initial): /usr/lib/jvm/java-8-oracle/lib/tools.jar:/home/luis/.gvm/grails/2.4.1/lib/org.codehaus.groovy/groovy-all/jars/groovy-all-2.3.3.jar:/home/luis/.gvm/grails/2.4.1/lib/org.slf4j/jcl-over-slf4j/jars/jcl-over-slf4j-1.7.5.jar:/home/luis/.gvm/grails/2.4.1/lib/org.codehaus.gant/gant_groovy1.8/jars/gant_groovy1.8-1.9.6.jar:/home/luis/.gvm/grails/2.4.1/lib/org.apache.tomcat.embed/tomcat-embed-logging-log4j/jars/tomcat-embed-logging-log4j-7.0.50.jar:/home/luis/.gvm/grails/2.4.1/dist/grails-plugin-log4j-2.4.1.jar:/home/luis/.gvm/grails/2.4.1/lib/log4j/log4j/jars/log4j-1.2.17.jar:/home/luis/.gvm/grails/2.4.1/dist/grails-bootstrap-2.4.1.jar:/home/luis/.gvm/grails/2.4.1/lib/org.slf4j/slf4j-api/jars/slf4j-api-1.7.5.jar:/home/luis/.gvm/grails/2.4.1/lib/jline/jline/jars/jline-2.12.jar:/home/luis/.gvm/grails/2.4.1/lib/org.apache.ant/ant/jars/ant-1.8.4.jar:/home/luis/.gvm/grails/2.4.1/lib/org.apache.ant/ant-launcher/jars/ant-launcher-1.8.4.jar:/home/luis/.gvm/grails/2.4.1/lib/org.apache.ant/ant-trax/jars/ant-trax-1.7.1.jar:/home/luis/.gvm/grails/2.4.1/lib/org.apache.ant/ant-junit/jars/ant-junit-1.8.4.jar:/home/luis/.gvm/grails/2.4.1/lib/org.apache.ivy/ivy/jars/ivy-2.3.0.jar:/home/luis/.gvm/grails/2.4.1/lib/org.fusesource.jansi/jansi/jars/jansi-1.11.jar:/home/luis/.m2/repository/org/apache/tomcat/embed/tomcat-embed-logging-log4j/7.0.53/tomcat-embed-logging-log4j-7.0.53.jar:/home/luis/IdeaProjects/ocelot-bpm-project/Modeller_Luis/target/work/plugins/tomcat-7.0.54/grails-plugin-tomcat-7.0.54.jar:/home/luis/.m2/repository/org/apache/tomcat/embed/tomcat-embed-el/7.0.53/tomcat-embed-el-7.0.53.jar:/home/luis/.m2/repository/org/apache/tomcat/embed/tomcat-embed-jasper/7.0.53/tomcat-embed-jasper-7.0.53.jar:/home/luis/.m2/repository/org/apache/tomcat/embed/tomcat-embed-core/7.0.53/tomcat-embed-core-7.0.53.jar:/home/luis/.m2/repository/org/apache/tomcat/tomcat-catalina-ant/7.0.53/tomcat-catalina-ant-7.0.53.jar:/home/luis/.m2/repository/org/apache/tomcat/embed/tomcat-emb
Launcher Type: SUN_STANDARD

Environment Variables:
JAVA_HOME=/usr/lib/jvm/java-8-oracle
CLASSPATH=/home/luis/Programas/idea-IU-135.909/bin/../lib/bootstrap.jar:/home/luis/Programas/idea-IU-135.909/bin/../lib/extensions.jar:/home/luis/Programas/idea-IU-135.909/bin/../lib/util.jar:/home/luis/Programas/idea-IU-135.909/bin/../lib/jdom.jar:/home/luis/Programas/idea-IU-135.909/bin/../lib/log4j.jar:/home/luis/Programas/idea-IU-135.909/bin/../lib/trove4j.jar:/home/luis/Programas/idea-IU-135.909/bin/../lib/jna.jar:/usr/lib/jvm/java-8-oracle/lib/tools.jar
PATH=/usr/local/bin:/usr/bin:/bin:/usr/local/games:/usr/games
USERNAME=luis
LD_LIBRARY_PATH=/home/luis/Programas/idea-IU-135.909/bin:
SHELL=/bin/bash
DISPLAY=:0.0

Signal Handlers:
SIGSEGV: [libjvm.so+0xa2fc90], sa_mask[0]=0x7ffbfeff, sa_flags=0x10000004
SIGBUS: [libjvm.so+0xa2fc90], sa_mask[0]=0x7ffbfeff, sa_flags=0x10000004
SIGFPE: [libjvm.so+0x89b4b0], sa_mask[0]=0x7ffbfeff, sa_flags=0x10000004
SIGPIPE: [libjvm.so+0x89b4b0], sa_mask[0]=0x7ffbfeff, sa_flags=0x10000004
SIGXFSZ: [libjvm.so+0x89b4b0], sa_mask[0]=0x7ffbfeff, sa_flags=0x10000004
SIGILL: [libjvm.so+0x89b4b0], sa_mask[0]=0x7ffbfeff, sa_flags=0x10000004
SIGUSR1: SIG_DFL, sa_mask[0]=0x00000000, sa_flags=0x00000000
SIGUSR2: [libjvm.so+0x89cc50], sa_mask[0]=0x00000004, sa_flags=0x10000004
SIGHUP: [libjvm.so+0x89df00], sa_mask[0]=0x7ffbfeff, sa_flags=0x10000004
SIGINT: [libjvm.so+0x89df00], sa_mask[0]=0x7ffbfeff, sa_flags=0x10000004
SIGTERM: [libjvm.so+0x89df00], sa_mask[0]=0x7ffbfeff, sa_flags=0x10000004
SIGQUIT: [libjvm.so+0x89df00], sa_mask[0]=0x7ffbfeff, sa_flags=0x10000004


---------------  S Y S T E M  ---------------

OS:PRETTY_NAME="Debian GNU/Linux 7 (wheezy)"
NAME="Debian GNU/Linux"
VERSION_ID="7"
VERSION="7 (wheezy)"
ID=debian
ANSI_COLOR="1;31"
HOME_URL="http://www.debian.org/"
SUPPORT_URL="http://www.debian.org/support/"
BUG_REPORT_URL="http://bugs.debian.org/"

uname:Linux 3.2.0-4-amd64 #1 SMP Debian 3.2.57-3+deb7u2 x86_64
libc:glibc 2.13 NPTL 2.13 
rlimit: STACK 8192k, CORE 0k, NPROC 62956, NOFILE 4096, AS infinity
load average:2,42 1,19 0,72

/proc/meminfo:
MemTotal:        8070604 kB
MemFree:         3972576 kB
Buffers:           84128 kB
Cached:          1372852 kB
SwapCached:            0 kB
Active:          3112564 kB
Inactive:         814376 kB
Active(anon):    2470712 kB
Inactive(anon):   104900 kB
Active(file):     641852 kB
Inactive(file):   709476 kB
Unevictable:           0 kB
Mlocked:               0 kB
SwapTotal:       8260604 kB
SwapFree:        8260604 kB
Dirty:             17620 kB
Writeback:             0 kB
AnonPages:       2470056 kB
Mapped:           187480 kB
Shmem:            105476 kB
Slab:             100072 kB
SReclaimable:      75592 kB
SUnreclaim:        24480 kB
KernelStack:        3824 kB
PageTables:        26092 kB
NFS_Unstable:          0 kB
Bounce:                0 kB
WritebackTmp:          0 kB
CommitLimit:    12295904 kB
Committed_AS:    5180076 kB
VmallocTotal:   34359738367 kB
VmallocUsed:      450976 kB
VmallocChunk:   34359281228 kB
HardwareCorrupted:     0 kB
AnonHugePages:         0 kB
HugePages_Total:       0
HugePages_Free:        0
HugePages_Rsvd:        0
HugePages_Surp:        0
Hugepagesize:       2048 kB
DirectMap4k:       75776 kB
DirectMap2M:     8263680 kB


CPU:total 4 (4 cores per cpu, 1 threads per core) family 6 model 58 stepping 9, cmov, cx8, fxsr, mmx, sse, sse2, sse3, ssse3, sse4.1, sse4.2, popcnt, avx, aes, clmul, erms, tsc, tscinvbit

/proc/cpuinfo:
processor	: 0
vendor_id	: GenuineIntel
cpu family	: 6
model		: 58
model name	: Intel(R) Core(TM) i5-3470 CPU @ 3.20GHz
stepping	: 9
microcode	: 0x12
cpu MHz		: 3100.000
cache size	: 6144 KB
physical id	: 0
siblings	: 4
core id		: 0
cpu cores	: 4
apicid		: 0
initial apicid	: 0
fpu		: yes
fpu_exception	: yes
cpuid level	: 13
wp		: yes
flags		: fpu vme de pse tsc msr pae mce cx8 apic sep mtrr pge mca cmov pat pse36 clflush dts acpi mmx fxsr sse sse2 ss ht tm pbe syscall nx rdtscp lm constant_tsc arch_perfmon pebs bts rep_good nopl xtopology nonstop_tsc aperfmperf pni pclmulqdq dtes64 monitor ds_cpl vmx smx est tm2 ssse3 cx16 xtpr pdcm pcid sse4_1 sse4_2 x2apic popcnt tsc_deadline_timer aes xsave avx f16c rdrand lahf_lm ida arat epb xsaveopt pln pts dtherm tpr_shadow vnmi flexpriority ept vpid fsgsbase smep erms
bogomips	: 6384.49
clflush size	: 64
cache_alignment	: 64
address sizes	: 36 bits physical, 48 bits virtual
power management:

processor	: 1
vendor_id	: GenuineIntel
cpu family	: 6
model		: 58
model name	: Intel(R) Core(TM) i5-3470 CPU @ 3.20GHz
stepping	: 9
microcode	: 0x12
cpu MHz		: 3201.000
cache size	: 6144 KB
physical id	: 0
siblings	: 4
core id		: 1
cpu cores	: 4
apicid		: 2
initial apicid	: 2
fpu		: yes
fpu_exception	: yes
cpuid level	: 13
wp		: yes
flags		: fpu vme de pse tsc msr pae mce cx8 apic sep mtrr pge mca cmov pat pse36 clflush dts acpi mmx fxsr sse sse2 ss ht tm pbe syscall nx rdtscp lm constant_tsc arch_perfmon pebs bts rep_good nopl xtopology nonstop_tsc aperfmperf pni pclmulqdq dtes64 monitor ds_cpl vmx smx est tm2 ssse3 cx16 xtpr pdcm pcid sse4_1 sse4_2 x2apic popcnt tsc_deadline_timer aes xsave avx f16c rdrand lahf_lm ida arat epb xsaveopt pln pts dtherm tpr_shadow vnmi flexpriority ept vpid fsgsbase smep erms
bogomips	: 6385.19
clflush size	: 64
cache_alignment	: 64
address sizes	: 36 bits physical, 48 bits virtual
power management:

processor	: 2
vendor_id	: GenuineIntel
cpu family	: 6
model		: 58
model name	: Intel(R) Core(TM) i5-3470 CPU @ 3.20GHz
stepping	: 9
microcode	: 0x12
cpu MHz		: 3201.000
cache size	: 6144 KB
physical id	: 0
siblings	: 4
core id		: 2
cpu cores	: 4
apicid		: 4
initial apicid	: 4
fpu		: yes
fpu_exception	: yes
cpuid level	: 13
wp		: yes
flags		: fpu vme de pse tsc msr pae mce cx8 apic sep mtrr pge mca cmov pat pse36 clflush dts acpi mmx fxsr sse sse2 ss ht tm pbe syscall nx rdtscp lm constant_tsc arch_perfmon pebs bts rep_good nopl xtopology nonstop_tsc aperfmperf pni pclmulqdq dtes64 monitor ds_cpl vmx smx est tm2 ssse3 cx16 xtpr pdcm pcid sse4_1 sse4_2 x2apic popcnt tsc_deadline_timer aes xsave avx f16c rdrand lahf_lm ida arat epb xsaveopt pln pts dtherm tpr_shadow vnmi flexpriority ept vpid fsgsbase smep erms
bogomips	: 6385.19
clflush size	: 64
cache_alignment	: 64
address sizes	: 36 bits physical, 48 bits virtual
power management:

processor	: 3
vendor_id	: GenuineIntel
cpu family	: 6
model		: 58
model name	: Intel(R) Core(TM) i5-3470 CPU @ 3.20GHz
stepping	: 9
microcode	: 0x12
cpu MHz		: 3201.000
cache size	: 6144 KB
physical id	: 0
siblings	: 4
core id		: 3
cpu cores	: 4
apicid		: 6
initial apicid	: 6
fpu		: yes
fpu_exception	: yes
cpuid level	: 13
wp		: yes
flags		: fpu vme de pse tsc msr pae mce cx8 apic sep mtrr pge mca cmov pat pse36 clflush dts acpi mmx fxsr sse sse2 ss ht tm pbe syscall nx rdtscp lm constant_tsc arch_perfmon pebs bts rep_good nopl xtopology nonstop_tsc aperfmperf pni pclmulqdq dtes64 monitor ds_cpl vmx smx est tm2 ssse3 cx16 xtpr pdcm pcid sse4_1 sse4_2 x2apic popcnt tsc_deadline_timer aes xsave avx f16c rdrand lahf_lm ida arat epb xsaveopt pln pts dtherm tpr_shadow vnmi flexpriority ept vpid fsgsbase smep erms
bogomips	: 6385.20
clflush size	: 64
cache_alignment	: 64
address sizes	: 36 bits physical, 48 bits virtual
power management:



Memory: 4k page, physical 8070604k(3972576k free), swap 8260604k(8260604k free)

vm_info: Java HotSpot(TM) 64-Bit Server VM (25.5-b02) for linux-amd64 JRE (1.8.0_05-b13), built on Mar 18 2014 00:29:27 by "java_re" with gcc 4.3.0 20080428 (Red Hat 4.3.0-8)

time: Tue Jul  1 10:38:08 2014
elapsed time: 10 seconds

